2022-04-01T00:25:21+00:00 CRITICAL Maximum execution time of 55 seconds exceeded, em /home/p000001a/public_html/sekiama/wp-content/plugins/php-compatibility-checker/vendor/squizlabs/php_codesniffer/CodeSniffer/File.php, na linha 3318

2022-04-01T00:42:50+00:00 CRITICAL Maximum execution time of 55 seconds exceeded, em /home/p000001a/public_html/sekiama/wp-content/plugins/php-compatibility-checker/vendor/squizlabs/php_codesniffer/CodeSniffer.php, na linha 2364

2022-04-01T00:43:58+00:00 CRITICAL Maximum execution time of 55 seconds exceeded, em /home/p000001a/public_html/sekiama/wp-content/plugins/php-compatibility-checker/vendor/squizlabs/php_codesniffer/CodeSniffer.php, na linha 298

2022-04-01T00:45:05+00:00 CRITICAL Maximum execution time of 55 seconds exceeded, em /home/p000001a/public_html/sekiama/wp-content/plugins/php-compatibility-checker/vendor/phpcompatibility/php-compatibility/PHPCompatibility/PHPCSHelper.php, na linha 95

2022-04-01T00:46:07+00:00 CRITICAL Maximum execution time of 55 seconds exceeded, em /home/p000001a/public_html/sekiama/wp-content/plugins/php-compatibility-checker/vendor/phpcompatibility/php-compatibility/PHPCompatibility/PHPCSHelper.php, na linha 95

2022-04-01T00:47:14+00:00 CRITICAL Maximum execution time of 55 seconds exceeded, em /home/p000001a/public_html/sekiama/wp-content/plugins/php-compatibility-checker/vendor/phpcompatibility/php-compatibility/PHPCompatibility/PHPCSHelper.php, na linha 95

2022-04-01T00:48:10+00:00 CRITICAL Maximum execution time of 55 seconds exceeded, em /home/p000001a/public_html/sekiama/wp-content/plugins/mailpoet/vendor/composer/ClassLoader.php, na linha 192

2022-04-01T00:49:30+00:00 CRITICAL Maximum execution time of 55 seconds exceeded, em /home/p000001a/public_html/sekiama/wp-content/plugins/php-compatibility-checker/vendor/phpcompatibility/php-compatibility/PHPCompatibility/PHPCSHelper.php, na linha 95

2022-04-01T01:25:14+00:00 CRITICAL Maximum execution time of 55 seconds exceeded, em /home/p000001a/public_html/sekiama/wp-content/plugins/php-compatibility-checker/vendor/phpcompatibility/php-compatibility/PHPCompatibility/PHPCSHelper.php, na linha 95

2022-04-01T01:39:22+00:00 CRITICAL Maximum execution time of 55 seconds exceeded, em /home/p000001a/public_html/sekiama/wp-content/plugins/php-compatibility-checker/vendor/squizlabs/php_codesniffer/CodeSniffer.php, na linha 298

2022-04-01T01:40:36+00:00 CRITICAL Maximum execution time of 55 seconds exceeded, em /home/p000001a/public_html/sekiama/wp-content/plugins/php-compatibility-checker/vendor/phpcompatibility/php-compatibility/PHPCompatibility/PHPCSHelper.php, na linha 95

2022-04-01T04:07:50+00:00 CRITICAL Maximum execution time of 55 seconds exceeded, em /home/p000001a/public_html/sekiama/wp-content/plugins/php-compatibility-checker/vendor/phpcompatibility/php-compatibility/PHPCompatibility/PHPCSHelper.php, na linha 95

2022-04-01T05:22:19+00:00 CRITICAL Maximum execution time of 55 seconds exceeded, em /home/p000001a/public_html/sekiama/wp-content/plugins/php-compatibility-checker/vendor/phpcompatibility/php-compatibility/PHPCompatibility/PHPCSHelper.php, na linha 95

2022-04-01T05:35:54+00:00 CRITICAL Maximum execution time of 55 seconds exceeded, em /home/p000001a/public_html/sekiama/wp-content/plugins/php-compatibility-checker/vendor/phpcompatibility/php-compatibility/PHPCompatibility/Sniff.php, na linha 131

2022-04-01T05:57:49+00:00 CRITICAL Maximum execution time of 55 seconds exceeded, em /home/p000001a/public_html/sekiama/wp-content/plugins/php-compatibility-checker/vendor/squizlabs/php_codesniffer/CodeSniffer/File.php, na linha 2436

2022-04-01T06:01:44+00:00 CRITICAL Maximum execution time of 55 seconds exceeded, em /home/p000001a/public_html/sekiama/wp-content/plugins/php-compatibility-checker/vendor/squizlabs/php_codesniffer/CodeSniffer/File.php, na linha 3334

2022-04-01T06:22:33+00:00 CRITICAL Maximum execution time of 55 seconds exceeded, em /home/p000001a/public_html/sekiama/wp-content/plugins/woocommerce/vendor/jetpack-autoloader/class-version-loader.php, na linha 135

2022-04-01T06:24:30+00:00 CRITICAL Maximum execution time of 55 seconds exceeded, em /home/p000001a/public_html/sekiama/wp-content/plugins/php-compatibility-checker/vendor/phpcompatibility/php-compatibility/PHPCompatibility/PHPCSHelper.php, na linha 95

2022-04-01T08:02:13+00:00 CRITICAL Maximum execution time of 55 seconds exceeded, em /home/p000001a/public_html/sekiama/wp-content/plugins/php-compatibility-checker/vendor/phpcompatibility/php-compatibility/PHPCompatibility/PHPCSHelper.php, na linha 95

2022-04-01T08:40:26+00:00 CRITICAL Maximum execution time of 55 seconds exceeded, em /home/p000001a/public_html/sekiama/wp-content/plugins/php-compatibility-checker/vendor/squizlabs/php_codesniffer/CodeSniffer.php, na linha 2461

2022-04-01T09:12:08+00:00 CRITICAL Maximum execution time of 55 seconds exceeded, em /home/p000001a/public_html/sekiama/wp-content/plugins/php-compatibility-checker/vendor/phpcompatibility/php-compatibility/PHPCompatibility/PHPCSHelper.php, na linha 95

2022-04-01T10:59:32+00:00 CRITICAL Maximum execution time of 55 seconds exceeded, em /home/p000001a/public_html/sekiama/wp-content/plugins/php-compatibility-checker/vendor/phpcompatibility/php-compatibility/PHPCompatibility/PHPCSHelper.php, na linha 95

2022-04-01T11:00:51+00:00 CRITICAL Maximum execution time of 55 seconds exceeded, em /home/p000001a/public_html/sekiama/wp-content/plugins/php-compatibility-checker/vendor/phpcompatibility/php-compatibility/PHPCompatibility/PHPCSHelper.php, na linha 95

2022-04-01T11:01:56+00:00 CRITICAL Maximum execution time of 55 seconds exceeded, em /home/p000001a/public_html/sekiama/wp-content/plugins/mailpoet/vendor/composer/ClassLoader.php, na linha 192

2022-04-01T11:03:13+00:00 CRITICAL Maximum execution time of 55 seconds exceeded, em /home/p000001a/public_html/sekiama/wp-content/plugins/php-compatibility-checker/vendor/squizlabs/php_codesniffer/CodeSniffer/File.php, na linha 3334

2022-04-01T11:04:17+00:00 CRITICAL Maximum execution time of 55 seconds exceeded, em /home/p000001a/public_html/sekiama/wp-content/plugins/php-compatibility-checker/vendor/squizlabs/php_codesniffer/CodeSniffer.php, na linha 298

2022-04-01T11:06:35+00:00 CRITICAL Maximum execution time of 55 seconds exceeded, em /home/p000001a/public_html/sekiama/wp-content/plugins/woocommerce/includes/class-wc-autoloader.php, na linha 66

2022-04-01T11:32:03+00:00 CRITICAL Maximum execution time of 55 seconds exceeded, em /home/p000001a/public_html/sekiama/wp-content/plugins/woocommerce/vendor/jetpack-autoloader/class-version-loader.php, na linha 135

2022-04-01T11:33:51+00:00 CRITICAL Maximum execution time of 55 seconds exceeded, em /home/p000001a/public_html/sekiama/wp-content/plugins/popup-maker/popup-maker.php, na linha 55

2022-04-01T12:45:29+00:00 CRITICAL Maximum execution time of 55 seconds exceeded, em /home/p000001a/public_html/sekiama/wp-content/plugins/php-compatibility-checker/vendor/squizlabs/php_codesniffer/CodeSniffer.php, na linha 306

2022-04-01T12:49:33+00:00 CRITICAL Maximum execution time of 55 seconds exceeded, em /home/p000001a/public_html/sekiama/wp-includes/plugin.php, na linha 164

2022-04-01T13:08:48+00:00 CRITICAL Maximum execution time of 55 seconds exceeded, em /home/p000001a/public_html/sekiama/wp-content/plugins/php-compatibility-checker/vendor/phpcompatibility/php-compatibility/PHPCompatibility/PHPCSHelper.php, na linha 95

2022-04-01T13:12:40+00:00 CRITICAL Maximum execution time of 55 seconds exceeded, em /home/p000001a/public_html/sekiama/wp-content/plugins/php-compatibility-checker/vendor/squizlabs/php_codesniffer/CodeSniffer/File.php, na linha 3334

2022-04-01T13:13:49+00:00 CRITICAL Maximum execution time of 55 seconds exceeded, em /home/p000001a/public_html/sekiama/wp-content/plugins/woocommerce/vendor/jetpack-autoloader/class-version-loader.php, na linha 135

2022-04-01T13:58:32+00:00 CRITICAL Maximum execution time of 55 seconds exceeded, em /home/p000001a/public_html/sekiama/wp-content/plugins/php-compatibility-checker/vendor/squizlabs/php_codesniffer/CodeSniffer.php, na linha 2203

2022-04-01T14:00:29+00:00 CRITICAL Maximum execution time of 55 seconds exceeded, em /home/p000001a/public_html/sekiama/wp-content/plugins/php-compatibility-checker/vendor/phpcompatibility/php-compatibility/PHPCompatibility/PHPCSHelper.php, na linha 95

2022-04-01T14:01:23+00:00 CRITICAL Maximum execution time of 55 seconds exceeded, em /home/p000001a/public_html/sekiama/wp-content/plugins/php-compatibility-checker/vendor/squizlabs/php_codesniffer/CodeSniffer/File.php, na linha 1812

2022-04-01T14:28:34+00:00 CRITICAL Maximum execution time of 55 seconds exceeded, em /home/p000001a/public_html/sekiama/wp-content/plugins/php-compatibility-checker/vendor/phpcompatibility/php-compatibility/PHPCompatibility/PHPCSHelper.php, na linha 95

2022-04-01T16:51:36+00:00 CRITICAL Maximum execution time of 55 seconds exceeded, em /home/p000001a/public_html/sekiama/wp-content/plugins/php-compatibility-checker/vendor/squizlabs/php_codesniffer/CodeSniffer/Tokenizers/PHP.php, na linha 1390

2022-04-01T17:05:15+00:00 CRITICAL Maximum execution time of 55 seconds exceeded, em /home/p000001a/public_html/sekiama/wp-content/plugins/php-compatibility-checker/vendor/phpcompatibility/php-compatibility/PHPCompatibility/PHPCSHelper.php, na linha 95

2022-04-01T17:07:17+00:00 CRITICAL Maximum execution time of 55 seconds exceeded, em /home/p000001a/public_html/sekiama/wp-content/plugins/php-compatibility-checker/vendor/phpcompatibility/php-compatibility/PHPCompatibility/PHPCSHelper.php, na linha 95

2022-04-01T17:08:46+00:00 CRITICAL Maximum execution time of 55 seconds exceeded, em /home/p000001a/public_html/sekiama/wp-content/plugins/php-compatibility-checker/vendor/phpcompatibility/php-compatibility/PHPCompatibility/PHPCSHelper.php, na linha 47

2022-04-01T17:10:26+00:00 CRITICAL Maximum execution time of 55 seconds exceeded, em /home/p000001a/public_html/sekiama/wp-content/plugins/php-compatibility-checker/vendor/phpcompatibility/php-compatibility/PHPCompatibility/PHPCSHelper.php, na linha 95

2022-04-01T17:12:36+00:00 CRITICAL Maximum execution time of 55 seconds exceeded, em /home/p000001a/public_html/sekiama/wp-content/plugins/php-compatibility-checker/vendor/phpcompatibility/php-compatibility/PHPCompatibility/PHPCSHelper.php, na linha 95

2022-04-01T17:14:43+00:00 CRITICAL Maximum execution time of 55 seconds exceeded, em /home/p000001a/public_html/sekiama/wp-content/plugins/php-compatibility-checker/vendor/phpcompatibility/php-compatibility/PHPCompatibility/PHPCSHelper.php, na linha 95

2022-04-01T17:15:46+00:00 CRITICAL Maximum execution time of 55 seconds exceeded, em /home/p000001a/public_html/sekiama/wp-content/plugins/php-compatibility-checker/vendor/phpcompatibility/php-compatibility/PHPCompatibility/PHPCSHelper.php, na linha 95

2022-04-01T17:17:45+00:00 CRITICAL Maximum execution time of 55 seconds exceeded, em /home/p000001a/public_html/sekiama/wp-content/plugins/php-compatibility-checker/vendor/phpcompatibility/php-compatibility/PHPCompatibility/PHPCSHelper.php, na linha 95

2022-04-01T17:18:51+00:00 CRITICAL Maximum execution time of 55 seconds exceeded, em /home/p000001a/public_html/sekiama/wp-content/plugins/php-compatibility-checker/vendor/phpcompatibility/php-compatibility/PHPCompatibility/PHPCSHelper.php, na linha 95

2022-04-01T17:20:56+00:00 CRITICAL Maximum execution time of 55 seconds exceeded, em /home/p000001a/public_html/sekiama/wp-content/plugins/php-compatibility-checker/vendor/squizlabs/php_codesniffer/CodeSniffer/File.php, na linha 3334

2022-04-01T17:22:04+00:00 CRITICAL Maximum execution time of 55 seconds exceeded, em /home/p000001a/public_html/sekiama/wp-content/plugins/php-compatibility-checker/vendor/phpcompatibility/php-compatibility/PHPCompatibility/PHPCSHelper.php, na linha 95

2022-04-01T17:23:20+00:00 CRITICAL Maximum execution time of 55 seconds exceeded, em /home/p000001a/public_html/sekiama/wp-content/plugins/php-compatibility-checker/vendor/squizlabs/php_codesniffer/CodeSniffer.php, na linha 290

2022-04-01T17:24:04+00:00 CRITICAL Maximum execution time of 55 seconds exceeded, em /home/p000001a/public_html/sekiama/wp-content/plugins/php-compatibility-checker/vendor/phpcompatibility/php-compatibility/PHPCompatibility/PHPCSHelper.php, na linha 95

2022-04-01T17:25:00+00:00 CRITICAL Maximum execution time of 55 seconds exceeded, em /home/p000001a/public_html/sekiama/wp-content/plugins/php-compatibility-checker/vendor/squizlabs/php_codesniffer/CodeSniffer.php, na linha 298

2022-04-01T17:26:53+00:00 CRITICAL Maximum execution time of 55 seconds exceeded, em /home/p000001a/public_html/sekiama/wp-content/plugins/php-compatibility-checker/vendor/phpcompatibility/php-compatibility/PHPCompatibility/PHPCSHelper.php, na linha 95

2022-04-01T17:29:08+00:00 CRITICAL Maximum execution time of 55 seconds exceeded, em /home/p000001a/public_html/sekiama/wp-content/plugins/php-compatibility-checker/vendor/phpcompatibility/php-compatibility/PHPCompatibility/PHPCSHelper.php, na linha 95

2022-04-01T17:31:39+00:00 CRITICAL Maximum execution time of 55 seconds exceeded, em /home/p000001a/public_html/sekiama/wp-content/plugins/php-compatibility-checker/vendor/phpcompatibility/php-compatibility/PHPCompatibility/PHPCSHelper.php, na linha 95

2022-04-01T17:33:03+00:00 CRITICAL Maximum execution time of 55 seconds exceeded, em /home/p000001a/public_html/sekiama/wp-content/plugins/php-compatibility-checker/vendor/squizlabs/php_codesniffer/CodeSniffer.php, na linha 1813

2022-04-01T17:34:07+00:00 CRITICAL Maximum execution time of 55 seconds exceeded, em /home/p000001a/public_html/sekiama/wp-content/plugins/php-compatibility-checker/vendor/squizlabs/php_codesniffer/CodeSniffer.php, na linha 290

2022-04-01T17:36:14+00:00 CRITICAL Maximum execution time of 55 seconds exceeded, em /home/p000001a/public_html/sekiama/wp-content/plugins/php-compatibility-checker/vendor/phpcompatibility/php-compatibility/PHPCompatibility/PHPCSHelper.php, na linha 95

2022-04-01T17:37:34+00:00 CRITICAL Maximum execution time of 55 seconds exceeded, em /home/p000001a/public_html/sekiama/wp-content/plugins/php-compatibility-checker/vendor/phpcompatibility/php-compatibility/PHPCompatibility/Sniffs/FunctionDeclarations/NewReturnTypeDeclarationsSniff.php, na linha 157

2022-04-01T17:38:23+00:00 CRITICAL Maximum execution time of 55 seconds exceeded, em /home/p000001a/public_html/sekiama/wp-content/plugins/php-compatibility-checker/vendor/phpcompatibility/php-compatibility/PHPCompatibility/PHPCSHelper.php, na linha 95

2022-04-01T17:39:22+00:00 CRITICAL Maximum execution time of 55 seconds exceeded, em /home/p000001a/public_html/sekiama/wp-content/plugins/php-compatibility-checker/vendor/phpcompatibility/php-compatibility/PHPCompatibility/PHPCSHelper.php, na linha 95

2022-04-01T17:40:29+00:00 CRITICAL Maximum execution time of 55 seconds exceeded, em /home/p000001a/public_html/sekiama/wp-content/plugins/php-compatibility-checker/vendor/phpcompatibility/php-compatibility/PHPCompatibility/PHPCSHelper.php, na linha 95

2022-04-01T17:41:58+00:00 CRITICAL Maximum execution time of 55 seconds exceeded, em /home/p000001a/public_html/sekiama/wp-content/plugins/php-compatibility-checker/vendor/phpcompatibility/php-compatibility/PHPCompatibility/PHPCSHelper.php, na linha 95

2022-04-01T17:42:44+00:00 CRITICAL Maximum execution time of 55 seconds exceeded, em /home/p000001a/public_html/sekiama/wp-content/plugins/php-compatibility-checker/vendor/phpcompatibility/php-compatibility/PHPCompatibility/PHPCSHelper.php, na linha 95

2022-04-01T17:44:32+00:00 CRITICAL Maximum execution time of 55 seconds exceeded, em /home/p000001a/public_html/sekiama/wp-content/plugins/php-compatibility-checker/vendor/phpcompatibility/php-compatibility/PHPCompatibility/PHPCSHelper.php, na linha 95

2022-04-01T17:47:43+00:00 CRITICAL Maximum execution time of 55 seconds exceeded, em /home/p000001a/public_html/sekiama/wp-content/plugins/php-compatibility-checker/vendor/phpcompatibility/php-compatibility/PHPCompatibility/PHPCSHelper.php, na linha 95

2022-04-01T17:49:01+00:00 CRITICAL Maximum execution time of 55 seconds exceeded, em /home/p000001a/public_html/sekiama/wp-content/plugins/php-compatibility-checker/vendor/phpcompatibility/php-compatibility/PHPCompatibility/PHPCSHelper.php, na linha 47

2022-04-01T17:51:01+00:00 CRITICAL Maximum execution time of 55 seconds exceeded, em /home/p000001a/public_html/sekiama/wp-content/plugins/php-compatibility-checker/vendor/squizlabs/php_codesniffer/CodeSniffer.php, na linha 2374

2022-04-01T17:52:08+00:00 CRITICAL Maximum execution time of 55 seconds exceeded, em /home/p000001a/public_html/sekiama/wp-content/plugins/mailpoet/vendor/composer/ClassLoader.php, na linha 192

2022-04-01T17:53:43+00:00 CRITICAL Maximum execution time of 55 seconds exceeded, em /home/p000001a/public_html/sekiama/wp-content/plugins/php-compatibility-checker/vendor/phpcompatibility/php-compatibility/PHPCompatibility/PHPCSHelper.php, na linha 95

2022-04-01T17:55:51+00:00 CRITICAL Maximum execution time of 55 seconds exceeded, em /home/p000001a/public_html/sekiama/wp-content/plugins/php-compatibility-checker/vendor/squizlabs/php_codesniffer/CodeSniffer/File.php, na linha 492

2022-04-01T17:56:58+00:00 CRITICAL Maximum execution time of 55 seconds exceeded, em /home/p000001a/public_html/sekiama/wp-content/plugins/php-compatibility-checker/vendor/phpcompatibility/php-compatibility/PHPCompatibility/PHPCSHelper.php, na linha 95

2022-04-01T17:57:48+00:00 CRITICAL Maximum execution time of 55 seconds exceeded, em /home/p000001a/public_html/sekiama/wp-content/plugins/php-compatibility-checker/vendor/phpcompatibility/php-compatibility/PHPCompatibility/Sniffs/FunctionUse/ArgumentFunctionsReportCurrentValueSniff.php, na linha 165

2022-04-01T17:59:31+00:00 CRITICAL Maximum execution time of 55 seconds exceeded, em /home/p000001a/public_html/sekiama/wp-content/plugins/php-compatibility-checker/vendor/phpcompatibility/php-compatibility/PHPCompatibility/PHPCSHelper.php, na linha 95

2022-04-01T18:02:45+00:00 CRITICAL Maximum execution time of 55 seconds exceeded, em /home/p000001a/public_html/sekiama/wp-content/plugins/php-compatibility-checker/vendor/squizlabs/php_codesniffer/CodeSniffer/File.php, na linha 554

2022-04-01T18:03:45+00:00 CRITICAL Maximum execution time of 55 seconds exceeded, em /home/p000001a/public_html/sekiama/wp-content/plugins/php-compatibility-checker/vendor/phpcompatibility/php-compatibility/PHPCompatibility/PHPCSHelper.php, na linha 95

2022-04-01T18:05:22+00:00 CRITICAL Maximum execution time of 55 seconds exceeded, em /home/p000001a/public_html/sekiama/wp-content/plugins/php-compatibility-checker/vendor/squizlabs/php_codesniffer/CodeSniffer.php, na linha 298

2022-04-01T18:07:36+00:00 CRITICAL Maximum execution time of 55 seconds exceeded, em /home/p000001a/public_html/sekiama/wp-content/plugins/php-compatibility-checker/vendor/phpcompatibility/php-compatibility/PHPCompatibility/PHPCSHelper.php, na linha 95

2022-04-01T18:08:37+00:00 CRITICAL Maximum execution time of 55 seconds exceeded, em /home/p000001a/public_html/sekiama/wp-content/plugins/php-compatibility-checker/vendor/phpcompatibility/php-compatibility/PHPCompatibility/PHPCSHelper.php, na linha 95

2022-04-01T18:09:48+00:00 CRITICAL Maximum execution time of 55 seconds exceeded, em /home/p000001a/public_html/sekiama/wp-content/plugins/php-compatibility-checker/vendor/squizlabs/php_codesniffer/CodeSniffer/File.php, na linha 3334

2022-04-01T18:11:41+00:00 CRITICAL Maximum execution time of 55 seconds exceeded, em /home/p000001a/public_html/sekiama/wp-content/plugins/php-compatibility-checker/vendor/squizlabs/php_codesniffer/CodeSniffer/File.php, na linha 3334

2022-04-01T18:12:58+00:00 CRITICAL Maximum execution time of 55 seconds exceeded, em /home/p000001a/public_html/sekiama/wp-content/plugins/php-compatibility-checker/vendor/phpcompatibility/php-compatibility/PHPCompatibility/PHPCSHelper.php, na linha 95

2022-04-01T18:15:01+00:00 CRITICAL Maximum execution time of 55 seconds exceeded, em /home/p000001a/public_html/sekiama/wp-content/plugins/php-compatibility-checker/vendor/phpcompatibility/php-compatibility/PHPCompatibility/Sniffs/InitialValue/NewConstantScalarExpressionsSniff.php, na linha 155

2022-04-01T18:16:02+00:00 CRITICAL Maximum execution time of 55 seconds exceeded, em /home/p000001a/public_html/sekiama/wp-content/plugins/php-compatibility-checker/vendor/phpcompatibility/php-compatibility/PHPCompatibility/PHPCSHelper.php, na linha 95

2022-04-01T18:17:55+00:00 CRITICAL Maximum execution time of 55 seconds exceeded, em /home/p000001a/public_html/sekiama/wp-content/plugins/wordfence/modules/login-security/wordfence-login-security.php, na linha 56

2022-04-01T18:19:55+00:00 CRITICAL Maximum execution time of 55 seconds exceeded, em /home/p000001a/public_html/sekiama/wp-content/plugins/php-compatibility-checker/vendor/squizlabs/php_codesniffer/CodeSniffer.php, na linha 298

2022-04-01T18:20:53+00:00 CRITICAL Maximum execution time of 55 seconds exceeded, em /home/p000001a/public_html/sekiama/wp-content/plugins/php-compatibility-checker/vendor/squizlabs/php_codesniffer/CodeSniffer.php, na linha 298

2022-04-01T18:23:40+00:00 CRITICAL Maximum execution time of 55 seconds exceeded, em /home/p000001a/public_html/sekiama/wp-content/plugins/php-compatibility-checker/vendor/phpcompatibility/php-compatibility/PHPCompatibility/PHPCSHelper.php, na linha 95

2022-04-01T18:24:31+00:00 CRITICAL Maximum execution time of 55 seconds exceeded, em /home/p000001a/public_html/sekiama/wp-content/plugins/php-compatibility-checker/vendor/phpcompatibility/php-compatibility/PHPCompatibility/AbstractFunctionCallParameterSniff.php, na linha 102

2022-04-01T18:26:37+00:00 CRITICAL Maximum execution time of 55 seconds exceeded, em /home/p000001a/public_html/sekiama/wp-content/plugins/php-compatibility-checker/vendor/phpcompatibility/php-compatibility/PHPCompatibility/PHPCSHelper.php, na linha 95

2022-04-01T18:27:45+00:00 CRITICAL Maximum execution time of 55 seconds exceeded, em /home/p000001a/public_html/sekiama/wp-content/plugins/php-compatibility-checker/vendor/phpcompatibility/php-compatibility/PHPCompatibility/PHPCSHelper.php, na linha 95

2022-04-01T18:28:49+00:00 CRITICAL Maximum execution time of 55 seconds exceeded, em /home/p000001a/public_html/sekiama/wp-content/plugins/php-compatibility-checker/vendor/squizlabs/php_codesniffer/CodeSniffer.php, na linha 298

2022-04-01T18:29:23+00:00 CRITICAL Maximum execution time of 55 seconds exceeded, em /home/p000001a/public_html/sekiama/wp-content/plugins/woocommerce/vendor/jetpack-autoloader/class-php-autoloader.php, na linha 82

2022-04-01T18:30:33+00:00 CRITICAL Maximum execution time of 55 seconds exceeded, em /home/p000001a/public_html/sekiama/wp-content/plugins/php-compatibility-checker/vendor/phpcompatibility/php-compatibility/PHPCompatibility/PHPCSHelper.php, na linha 95

2022-04-01T18:33:08+00:00 CRITICAL Maximum execution time of 55 seconds exceeded, em /home/p000001a/public_html/sekiama/wp-content/plugins/php-compatibility-checker/vendor/squizlabs/php_codesniffer/CodeSniffer/File.php, na linha 1608

2022-04-01T18:34:24+00:00 CRITICAL Maximum execution time of 55 seconds exceeded, em /home/p000001a/public_html/sekiama/wp-content/plugins/php-compatibility-checker/vendor/phpcompatibility/php-compatibility/PHPCompatibility/PHPCSHelper.php, na linha 95

2022-04-01T18:36:31+00:00 CRITICAL Maximum execution time of 55 seconds exceeded, em /home/p000001a/public_html/sekiama/wp-content/plugins/php-compatibility-checker/vendor/phpcompatibility/php-compatibility/PHPCompatibility/PHPCSHelper.php, na linha 95

2022-04-01T18:37:34+00:00 CRITICAL Maximum execution time of 55 seconds exceeded, em /home/p000001a/public_html/sekiama/wp-content/plugins/php-compatibility-checker/vendor/phpcompatibility/php-compatibility/PHPCompatibility/PHPCSHelper.php, na linha 95

2022-04-01T18:39:00+00:00 CRITICAL Maximum execution time of 55 seconds exceeded, em /home/p000001a/public_html/sekiama/wp-content/plugins/php-compatibility-checker/vendor/phpcompatibility/php-compatibility/PHPCompatibility/Sniff.php, na linha 131

2022-04-01T18:40:08+00:00 CRITICAL Maximum execution time of 55 seconds exceeded, em /home/p000001a/public_html/sekiama/wp-content/plugins/php-compatibility-checker/vendor/squizlabs/php_codesniffer/CodeSniffer.php, na linha 298

2022-04-01T18:40:53+00:00 CRITICAL Maximum execution time of 55 seconds exceeded, em /home/p000001a/public_html/sekiama/wp-content/plugins/php-compatibility-checker/vendor/squizlabs/php_codesniffer/CodeSniffer/File.php, na linha 3349

2022-04-01T18:42:28+00:00 CRITICAL Maximum execution time of 55 seconds exceeded, em /home/p000001a/public_html/sekiama/wp-content/plugins/php-compatibility-checker/vendor/phpcompatibility/php-compatibility/PHPCompatibility/PHPCSHelper.php, na linha 95

2022-04-01T18:43:30+00:00 CRITICAL Maximum execution time of 55 seconds exceeded, em /home/p000001a/public_html/sekiama/wp-content/plugins/mailpoet/vendor/composer/ClassLoader.php, na linha 192

2022-04-01T18:44:56+00:00 CRITICAL Maximum execution time of 55 seconds exceeded, em /home/p000001a/public_html/sekiama/wp-content/plugins/php-compatibility-checker/vendor/phpcompatibility/php-compatibility/PHPCompatibility/PHPCSHelper.php, na linha 95

2022-04-01T18:46:11+00:00 CRITICAL Maximum execution time of 55 seconds exceeded, em /home/p000001a/public_html/sekiama/wp-content/plugins/php-compatibility-checker/vendor/phpcompatibility/php-compatibility/PHPCompatibility/PHPCSHelper.php, na linha 95

2022-04-01T18:47:01+00:00 CRITICAL Maximum execution time of 55 seconds exceeded, em /home/p000001a/public_html/sekiama/wp-content/plugins/php-compatibility-checker/vendor/phpcompatibility/php-compatibility/PHPCompatibility/PHPCSHelper.php, na linha 95

2022-04-01T18:48:17+00:00 CRITICAL Maximum execution time of 55 seconds exceeded, em /home/p000001a/public_html/sekiama/wp-content/plugins/php-compatibility-checker/vendor/phpcompatibility/php-compatibility/PHPCompatibility/PHPCSHelper.php, na linha 95

2022-04-01T18:48:50+00:00 CRITICAL Maximum execution time of 55 seconds exceeded, em /home/p000001a/public_html/sekiama/wp-content/plugins/php-compatibility-checker/vendor/phpcompatibility/php-compatibility/PHPCompatibility/PHPCSHelper.php, na linha 95

2022-04-01T18:49:36+00:00 CRITICAL Maximum execution time of 55 seconds exceeded, em /home/p000001a/public_html/sekiama/wp-content/plugins/woocommerce/vendor/jetpack-autoloader/class-version-loader.php, na linha 68

2022-04-01T18:52:07+00:00 CRITICAL Maximum execution time of 55 seconds exceeded, em /home/p000001a/public_html/sekiama/wp-content/plugins/php-compatibility-checker/vendor/phpcompatibility/php-compatibility/PHPCompatibility/PHPCSHelper.php, na linha 95

2022-04-01T18:54:24+00:00 CRITICAL Maximum execution time of 55 seconds exceeded, em /home/p000001a/public_html/sekiama/wp-content/plugins/php-compatibility-checker/vendor/squizlabs/php_codesniffer/CodeSniffer.php, na linha 290

2022-04-01T18:56:26+00:00 CRITICAL Maximum execution time of 55 seconds exceeded, em /home/p000001a/public_html/sekiama/wp-content/plugins/php-compatibility-checker/vendor/squizlabs/php_codesniffer/CodeSniffer.php, na linha 2208

2022-04-01T18:58:21+00:00 CRITICAL Maximum execution time of 55 seconds exceeded, em /home/p000001a/public_html/sekiama/wp-content/plugins/php-compatibility-checker/vendor/squizlabs/php_codesniffer/CodeSniffer/File.php, na linha 3334

2022-04-01T18:59:48+00:00 CRITICAL Maximum execution time of 55 seconds exceeded, em /home/p000001a/public_html/sekiama/wp-includes/functions.php, na linha 4740

2022-04-01T19:02:13+00:00 CRITICAL Maximum execution time of 55 seconds exceeded, em /home/p000001a/public_html/sekiama/wp-content/plugins/php-compatibility-checker/vendor/phpcompatibility/php-compatibility/PHPCompatibility/PHPCSHelper.php, na linha 95

2022-04-01T19:13:48+00:00 CRITICAL Maximum execution time of 55 seconds exceeded, em /home/p000001a/public_html/sekiama/wp-content/plugins/php-compatibility-checker/vendor/phpcompatibility/php-compatibility/PHPCompatibility/PHPCSHelper.php, na linha 95

2022-04-01T19:32:19+00:00 CRITICAL Maximum execution time of 55 seconds exceeded, em /home/p000001a/public_html/sekiama/wp-content/plugins/php-compatibility-checker/vendor/phpcompatibility/php-compatibility/PHPCompatibility/PHPCSHelper.php, na linha 95

2022-04-01T20:55:12+00:00 CRITICAL Maximum execution time of 55 seconds exceeded, em /home/p000001a/public_html/sekiama/wp-content/plugins/php-compatibility-checker/vendor/phpcompatibility/php-compatibility/PHPCompatibility/PHPCSHelper.php, na linha 95

2022-04-01T22:02:52+00:00 CRITICAL Maximum execution time of 55 seconds exceeded, em /home/p000001a/public_html/sekiama/wp-content/plugins/php-compatibility-checker/vendor/phpcompatibility/php-compatibility/PHPCompatibility/PHPCSHelper.php, na linha 95

2022-04-01T23:53:04+00:00 CRITICAL Maximum execution time of 55 seconds exceeded, em /home/p000001a/public_html/sekiama/wp-content/plugins/php-compatibility-checker/vendor/phpcompatibility/php-compatibility/PHPCompatibility/PHPCSHelper.php, na linha 95

2022-04-01T23:59:06+00:00 CRITICAL Maximum execution time of 55 seconds exceeded, em /home/p000001a/public_html/sekiama/wp-content/plugins/php-compatibility-checker/vendor/phpcompatibility/php-compatibility/PHPCompatibility/PHPCSHelper.php, na linha 95

