2022-04-04T00:15:05+00:00 CRITICAL Maximum execution time of 55 seconds exceeded, em /home/p000001a/public_html/sekiama/wp-content/plugins/wordfence/modules/login-security/wordfence-login-security.php, na linha 58

2022-04-04T00:31:47+00:00 CRITICAL Maximum execution time of 55 seconds exceeded, em /home/p000001a/public_html/sekiama/wp-content/plugins/php-compatibility-checker/vendor/phpcompatibility/php-compatibility/PHPCompatibility/PHPCSHelper.php, na linha 95

2022-04-04T00:35:00+00:00 CRITICAL Maximum execution time of 55 seconds exceeded, em /home/p000001a/public_html/sekiama/wp-content/plugins/php-compatibility-checker/vendor/phpcompatibility/php-compatibility/PHPCompatibility/PHPCSHelper.php, na linha 95

2022-04-04T00:36:53+00:00 CRITICAL Maximum execution time of 55 seconds exceeded, em /home/p000001a/public_html/sekiama/wp-content/plugins/php-compatibility-checker/vendor/phpcompatibility/php-compatibility/PHPCompatibility/PHPCSHelper.php, na linha 95

2022-04-04T00:39:05+00:00 CRITICAL Maximum execution time of 55 seconds exceeded, em /home/p000001a/public_html/sekiama/wp-content/plugins/php-compatibility-checker/vendor/phpcompatibility/php-compatibility/PHPCompatibility/PHPCSHelper.php, na linha 95

2022-04-04T00:41:24+00:00 CRITICAL Maximum execution time of 55 seconds exceeded, em /home/p000001a/public_html/sekiama/wp-content/plugins/php-compatibility-checker/vendor/phpcompatibility/php-compatibility/PHPCompatibility/PHPCSHelper.php, na linha 95

2022-04-04T00:43:50+00:00 CRITICAL Maximum execution time of 55 seconds exceeded, em /home/p000001a/public_html/sekiama/wp-content/plugins/php-compatibility-checker/vendor/squizlabs/php_codesniffer/CodeSniffer/File.php, na linha 545

2022-04-04T00:46:02+00:00 CRITICAL Maximum execution time of 55 seconds exceeded, em /home/p000001a/public_html/sekiama/wp-content/plugins/php-compatibility-checker/vendor/squizlabs/php_codesniffer/CodeSniffer/File.php, na linha 3334

2022-04-04T00:53:38+00:00 CRITICAL Maximum execution time of 55 seconds exceeded, em /home/p000001a/public_html/sekiama/wp-content/plugins/php-compatibility-checker/vendor/phpcompatibility/php-compatibility/PHPCompatibility/PHPCSHelper.php, na linha 95

2022-04-04T00:55:42+00:00 CRITICAL Maximum execution time of 55 seconds exceeded, em /home/p000001a/public_html/sekiama/wp-content/plugins/php-compatibility-checker/vendor/phpcompatibility/php-compatibility/PHPCompatibility/PHPCSHelper.php, na linha 47

2022-04-04T00:59:59+00:00 CRITICAL Maximum execution time of 55 seconds exceeded, em /home/p000001a/public_html/sekiama/wp-content/plugins/php-compatibility-checker/vendor/phpcompatibility/php-compatibility/PHPCompatibility/Sniff.php, na linha 1435

2022-04-04T01:02:02+00:00 CRITICAL Maximum execution time of 55 seconds exceeded, em /home/p000001a/public_html/sekiama/wp-includes/functions.php, na linha 4749

2022-04-04T01:04:04+00:00 CRITICAL Maximum execution time of 55 seconds exceeded, em /home/p000001a/public_html/sekiama/wp-content/plugins/wordfence/modules/login-security/wordfence-login-security.php, na linha 57

2022-04-04T01:06:07+00:00 CRITICAL Maximum execution time of 55 seconds exceeded, em /home/p000001a/public_html/sekiama/wp-content/plugins/php-compatibility-checker/vendor/phpcompatibility/php-compatibility/PHPCompatibility/PHPCSHelper.php, na linha 95

2022-04-04T01:08:12+00:00 CRITICAL Maximum execution time of 55 seconds exceeded, em /home/p000001a/public_html/sekiama/wp-content/plugins/mailpoet/vendor/composer/ClassLoader.php, na linha 192

2022-04-04T01:10:19+00:00 CRITICAL Maximum execution time of 55 seconds exceeded, em /home/p000001a/public_html/sekiama/wp-content/plugins/php-compatibility-checker/vendor/squizlabs/php_codesniffer/CodeSniffer/Tokenizers/PHP.php, na linha 326

2022-04-04T01:12:32+00:00 CRITICAL Maximum execution time of 55 seconds exceeded, em /home/p000001a/public_html/sekiama/wp-content/plugins/mailpoet/vendor/composer/ClassLoader.php, na linha 192

2022-04-04T01:14:38+00:00 CRITICAL Maximum execution time of 55 seconds exceeded, em /home/p000001a/public_html/sekiama/wp-content/plugins/mailpoet/vendor/composer/ClassLoader.php, na linha 192

2022-04-04T01:15:41+00:00 CRITICAL Maximum execution time of 55 seconds exceeded, em /home/p000001a/public_html/sekiama/wp-content/plugins/php-compatibility-checker/vendor/squizlabs/php_codesniffer/CodeSniffer.php, na linha 306

2022-04-04T01:18:04+00:00 CRITICAL Maximum execution time of 55 seconds exceeded, em /home/p000001a/public_html/sekiama/wp-content/plugins/php-compatibility-checker/vendor/phpcompatibility/php-compatibility/PHPCompatibility/PHPCSHelper.php, na linha 95

2022-04-04T01:19:19+00:00 CRITICAL Maximum execution time of 55 seconds exceeded, em /home/p000001a/public_html/sekiama/wp-content/plugins/php-compatibility-checker/vendor/phpcompatibility/php-compatibility/PHPCompatibility/Sniff.php, na linha 1242

2022-04-04T01:20:34+00:00 CRITICAL Maximum execution time of 55 seconds exceeded, em /home/p000001a/public_html/sekiama/wp-content/plugins/php-compatibility-checker/vendor/phpcompatibility/php-compatibility/PHPCompatibility/PHPCSHelper.php, na linha 95

2022-04-04T01:21:50+00:00 CRITICAL Maximum execution time of 55 seconds exceeded, em /home/p000001a/public_html/sekiama/wp-content/plugins/php-compatibility-checker/vendor/phpcompatibility/php-compatibility/PHPCompatibility/PHPCSHelper.php, na linha 95

2022-04-04T01:22:53+00:00 CRITICAL Maximum execution time of 55 seconds exceeded, em /home/p000001a/public_html/sekiama/wp-content/plugins/wordfence/modules/login-security/wordfence-login-security.php, na linha 56

2022-04-04T01:24:04+00:00 CRITICAL Maximum execution time of 55 seconds exceeded, em /home/p000001a/public_html/sekiama/wp-content/plugins/php-compatibility-checker/vendor/phpcompatibility/php-compatibility/PHPCompatibility/PHPCSHelper.php, na linha 95

2022-04-04T01:25:20+00:00 CRITICAL Maximum execution time of 55 seconds exceeded, em /home/p000001a/public_html/sekiama/wp-content/plugins/php-compatibility-checker/vendor/phpcompatibility/php-compatibility/PHPCompatibility/PHPCSHelper.php, na linha 95

2022-04-04T01:26:19+00:00 CRITICAL Maximum execution time of 55 seconds exceeded, em /home/p000001a/public_html/sekiama/wp-content/plugins/php-compatibility-checker/vendor/phpcompatibility/php-compatibility/PHPCompatibility/PHPCSHelper.php, na linha 95

2022-04-04T01:27:34+00:00 CRITICAL Maximum execution time of 55 seconds exceeded, em /home/p000001a/public_html/sekiama/wp-content/plugins/php-compatibility-checker/vendor/squizlabs/php_codesniffer/CodeSniffer/File.php, na linha 3334

2022-04-04T01:28:49+00:00 CRITICAL Maximum execution time of 55 seconds exceeded, em /home/p000001a/public_html/sekiama/wp-content/plugins/php-compatibility-checker/vendor/phpcompatibility/php-compatibility/PHPCompatibility/PHPCSHelper.php, na linha 95

2022-04-04T01:31:05+00:00 CRITICAL Maximum execution time of 55 seconds exceeded, em /home/p000001a/public_html/sekiama/wp-content/plugins/php-compatibility-checker/vendor/squizlabs/php_codesniffer/CodeSniffer.php, na linha 306

2022-04-04T01:32:19+00:00 CRITICAL Maximum execution time of 55 seconds exceeded, em /home/p000001a/public_html/sekiama/wp-content/plugins/php-compatibility-checker/vendor/phpcompatibility/php-compatibility/PHPCompatibility/PHPCSHelper.php, na linha 95

2022-04-04T01:33:34+00:00 CRITICAL Maximum execution time of 55 seconds exceeded, em /home/p000001a/public_html/sekiama/wp-content/plugins/php-compatibility-checker/vendor/phpcompatibility/php-compatibility/PHPCompatibility/PHPCSHelper.php, na linha 95

2022-04-04T01:34:49+00:00 CRITICAL Maximum execution time of 55 seconds exceeded, em /home/p000001a/public_html/sekiama/wp-content/plugins/php-compatibility-checker/vendor/phpcompatibility/php-compatibility/PHPCompatibility/PHPCSHelper.php, na linha 95

2022-04-04T01:36:04+00:00 CRITICAL Maximum execution time of 55 seconds exceeded, em /home/p000001a/public_html/sekiama/wp-content/plugins/php-compatibility-checker/vendor/phpcompatibility/php-compatibility/PHPCompatibility/PHPCSHelper.php, na linha 95

2022-04-04T01:37:19+00:00 CRITICAL Maximum execution time of 55 seconds exceeded, em /home/p000001a/public_html/sekiama/wp-content/plugins/php-compatibility-checker/vendor/phpcompatibility/php-compatibility/PHPCompatibility/PHPCSHelper.php, na linha 95

2022-04-04T01:38:34+00:00 CRITICAL Maximum execution time of 55 seconds exceeded, em /home/p000001a/public_html/sekiama/wp-content/plugins/php-compatibility-checker/vendor/squizlabs/php_codesniffer/CodeSniffer/File.php, na linha 545

2022-04-04T01:39:49+00:00 CRITICAL Maximum execution time of 55 seconds exceeded, em /home/p000001a/public_html/sekiama/wp-content/plugins/php-compatibility-checker/vendor/squizlabs/php_codesniffer/CodeSniffer/File.php, na linha 3334

2022-04-04T01:41:04+00:00 CRITICAL Maximum execution time of 55 seconds exceeded, em /home/p000001a/public_html/sekiama/wp-content/plugins/php-compatibility-checker/vendor/phpcompatibility/php-compatibility/PHPCompatibility/PHPCSHelper.php, na linha 95

2022-04-04T01:42:19+00:00 CRITICAL Maximum execution time of 55 seconds exceeded, em /home/p000001a/public_html/sekiama/wp-content/plugins/php-compatibility-checker/vendor/squizlabs/php_codesniffer/CodeSniffer.php, na linha 306

2022-04-04T01:44:20+00:00 CRITICAL Maximum execution time of 55 seconds exceeded, em /home/p000001a/public_html/sekiama/wp-content/plugins/php-compatibility-checker/vendor/phpcompatibility/php-compatibility/PHPCompatibility/PHPCSHelper.php, na linha 95

2022-04-04T01:45:35+00:00 CRITICAL Maximum execution time of 55 seconds exceeded, em /home/p000001a/public_html/sekiama/wp-content/plugins/mailpoet/vendor-prefixed/swiftmailer/swiftmailer/lib/classes/Swift.php, na linha 16

2022-04-04T01:46:35+00:00 CRITICAL Maximum execution time of 55 seconds exceeded, em /home/p000001a/public_html/sekiama/wp-content/plugins/php-compatibility-checker/vendor/phpcompatibility/php-compatibility/PHPCompatibility/PHPCSHelper.php, na linha 95

2022-04-04T01:49:12+00:00 CRITICAL Maximum execution time of 55 seconds exceeded, em /home/p000001a/public_html/sekiama/wp-includes/functions.php, na linha 4749

2022-04-04T01:51:15+00:00 CRITICAL Maximum execution time of 55 seconds exceeded, em /home/p000001a/public_html/sekiama/wp-content/plugins/php-compatibility-checker/vendor/phpcompatibility/php-compatibility/PHPCompatibility/PHPCSHelper.php, na linha 95

2022-04-04T01:53:28+00:00 CRITICAL Maximum execution time of 55 seconds exceeded, em /home/p000001a/public_html/sekiama/wp-content/plugins/popup-maker/popup-maker.php, na linha 38

2022-04-04T01:57:11+00:00 CRITICAL Maximum execution time of 55 seconds exceeded, em /home/p000001a/public_html/sekiama/wp-content/plugins/php-compatibility-checker/vendor/squizlabs/php_codesniffer/CodeSniffer/File.php, na linha 3334

2022-04-04T01:59:25+00:00 CRITICAL Maximum execution time of 55 seconds exceeded, em /home/p000001a/public_html/sekiama/wp-content/plugins/php-compatibility-checker/vendor/phpcompatibility/php-compatibility/PHPCompatibility/PHPCSHelper.php, na linha 95

2022-04-04T02:00:40+00:00 CRITICAL Maximum execution time of 55 seconds exceeded, em /home/p000001a/public_html/sekiama/wp-content/plugins/php-compatibility-checker/vendor/phpcompatibility/php-compatibility/PHPCompatibility/PHPCSHelper.php, na linha 95

2022-04-04T02:03:09+00:00 CRITICAL Maximum execution time of 55 seconds exceeded, em /home/p000001a/public_html/sekiama/wp-content/plugins/php-compatibility-checker/vendor/phpcompatibility/php-compatibility/PHPCompatibility/PHPCSHelper.php, na linha 95

2022-04-04T02:04:23+00:00 CRITICAL Maximum execution time of 55 seconds exceeded, em /home/p000001a/public_html/sekiama/wp-content/plugins/php-compatibility-checker/vendor/squizlabs/php_codesniffer/CodeSniffer.php, na linha 298

2022-04-04T02:05:24+00:00 CRITICAL Maximum execution time of 55 seconds exceeded, em /home/p000001a/public_html/sekiama/wp-content/plugins/php-compatibility-checker/vendor/phpcompatibility/php-compatibility/PHPCompatibility/PHPCSHelper.php, na linha 95

2022-04-04T02:06:23+00:00 CRITICAL Maximum execution time of 55 seconds exceeded, em /home/p000001a/public_html/sekiama/wp-content/plugins/php-compatibility-checker/vendor/phpcompatibility/php-compatibility/PHPCompatibility/PHPCSHelper.php, na linha 95

2022-04-04T02:07:24+00:00 CRITICAL Maximum execution time of 55 seconds exceeded, em /home/p000001a/public_html/sekiama/wp-content/plugins/php-compatibility-checker/vendor/phpcompatibility/php-compatibility/PHPCompatibility/PHPCSHelper.php, na linha 95

2022-04-04T02:08:24+00:00 CRITICAL Maximum execution time of 55 seconds exceeded, em /home/p000001a/public_html/sekiama/wp-content/plugins/php-compatibility-checker/vendor/squizlabs/php_codesniffer/CodeSniffer.php, na linha 298

2022-04-04T02:09:38+00:00 CRITICAL Maximum execution time of 55 seconds exceeded, em /home/p000001a/public_html/sekiama/wp-content/plugins/php-compatibility-checker/vendor/phpcompatibility/php-compatibility/PHPCompatibility/Sniff.php, na linha 131

2022-04-04T02:12:01+00:00 CRITICAL Maximum execution time of 55 seconds exceeded, em /home/p000001a/public_html/sekiama/wp-content/plugins/php-compatibility-checker/vendor/phpcompatibility/php-compatibility/PHPCompatibility/PHPCSHelper.php, na linha 95

2022-04-04T02:14:01+00:00 CRITICAL Maximum execution time of 55 seconds exceeded, em /home/p000001a/public_html/sekiama/wp-content/plugins/php-compatibility-checker/vendor/phpcompatibility/php-compatibility/PHPCompatibility/PHPCSHelper.php, na linha 95

2022-04-04T04:12:43+00:00 CRITICAL Maximum execution time of 55 seconds exceeded, em /home/p000001a/public_html/sekiama/wp-content/plugins/php-compatibility-checker/vendor/squizlabs/php_codesniffer/CodeSniffer.php, na linha 283

2022-04-04T04:44:05+00:00 CRITICAL Maximum execution time of 55 seconds exceeded, em /home/p000001a/public_html/sekiama/wp-content/plugins/php-compatibility-checker/vendor/phpcompatibility/php-compatibility/PHPCompatibility/PHPCSHelper.php, na linha 95

2022-04-04T07:10:59+00:00 CRITICAL Maximum execution time of 55 seconds exceeded, em /home/p000001a/public_html/sekiama/wp-content/plugins/php-compatibility-checker/vendor/phpcompatibility/php-compatibility/PHPCompatibility/PHPCSHelper.php, na linha 95

2022-04-04T07:26:57+00:00 CRITICAL Maximum execution time of 55 seconds exceeded, em /home/p000001a/public_html/sekiama/wp-content/plugins/php-compatibility-checker/vendor/squizlabs/php_codesniffer/CodeSniffer.php, na linha 298

2022-04-04T07:59:56+00:00 CRITICAL Maximum execution time of 55 seconds exceeded, em /home/p000001a/public_html/sekiama/wp-content/plugins/php-compatibility-checker/vendor/squizlabs/php_codesniffer/CodeSniffer/File.php, na linha 1617

2022-04-04T08:17:03+00:00 CRITICAL Maximum execution time of 55 seconds exceeded, em /home/p000001a/public_html/sekiama/wp-content/plugins/php-compatibility-checker/vendor/phpcompatibility/php-compatibility/PHPCompatibility/PHPCSHelper.php, na linha 95

2022-04-04T08:19:18+00:00 CRITICAL Maximum execution time of 55 seconds exceeded, em /home/p000001a/public_html/sekiama/wp-content/plugins/php-compatibility-checker/vendor/phpcompatibility/php-compatibility/PHPCompatibility/PHPCSHelper.php, na linha 95

2022-04-04T08:21:20+00:00 CRITICAL Maximum execution time of 55 seconds exceeded, em /home/p000001a/public_html/sekiama/wp-content/plugins/php-compatibility-checker/vendor/phpcompatibility/php-compatibility/PHPCompatibility/PHPCSHelper.php, na linha 95

2022-04-04T08:23:22+00:00 CRITICAL Maximum execution time of 55 seconds exceeded, em /home/p000001a/public_html/sekiama/wp-content/plugins/php-compatibility-checker/vendor/phpcompatibility/php-compatibility/PHPCompatibility/PHPCSHelper.php, na linha 95

2022-04-04T08:25:25+00:00 CRITICAL Maximum execution time of 55 seconds exceeded, em /home/p000001a/public_html/sekiama/wp-content/plugins/php-compatibility-checker/vendor/phpcompatibility/php-compatibility/PHPCompatibility/PHPCSHelper.php, na linha 95

2022-04-04T08:27:30+00:00 CRITICAL Maximum execution time of 55 seconds exceeded, em /home/p000001a/public_html/sekiama/wp-content/plugins/php-compatibility-checker/vendor/phpcompatibility/php-compatibility/PHPCompatibility/PHPCSHelper.php, na linha 241

2022-04-04T09:26:27+00:00 CRITICAL Maximum execution time of 55 seconds exceeded, em /home/p000001a/public_html/sekiama/wp-content/plugins/php-compatibility-checker/vendor/phpcompatibility/php-compatibility/PHPCompatibility/Sniffs/Syntax/RemovedCurlyBraceArrayAccessSniff.php, na linha 153

2022-04-04T11:18:35+00:00 CRITICAL Maximum execution time of 55 seconds exceeded, em /home/p000001a/public_html/sekiama/wp-content/plugins/php-compatibility-checker/vendor/phpcompatibility/php-compatibility/PHPCompatibility/PHPCSHelper.php, na linha 95

2022-04-04T12:02:58+00:00 CRITICAL Maximum execution time of 55 seconds exceeded, em /home/p000001a/public_html/sekiama/wp-content/plugins/php-compatibility-checker/vendor/phpcompatibility/php-compatibility/PHPCompatibility/PHPCSHelper.php, na linha 95

2022-04-04T12:03:57+00:00 CRITICAL Maximum execution time of 55 seconds exceeded, em /home/p000001a/public_html/sekiama/wp-includes/class-requests.php, na linha 140

2022-04-04T12:08:09+00:00 CRITICAL Maximum execution time of 55 seconds exceeded, em /home/p000001a/public_html/sekiama/wp-content/plugins/php-compatibility-checker/vendor/phpcompatibility/php-compatibility/PHPCompatibility/Sniffs/Syntax/ForbiddenCallTimePassByReferenceSniff.php, na linha 98

2022-04-04T12:09:59+00:00 CRITICAL Maximum execution time of 55 seconds exceeded, em /home/p000001a/public_html/sekiama/wp-content/plugins/php-compatibility-checker/vendor/phpcompatibility/php-compatibility/PHPCompatibility/PHPCSHelper.php, na linha 95

2022-04-04T12:11:43+00:00 CRITICAL Maximum execution time of 55 seconds exceeded, em /home/p000001a/public_html/sekiama/wp-content/plugins/php-compatibility-checker/vendor/phpcompatibility/php-compatibility/PHPCompatibility/PHPCSHelper.php, na linha 95

2022-04-04T12:14:10+00:00 CRITICAL Maximum execution time of 55 seconds exceeded, em /home/p000001a/public_html/sekiama/wp-content/plugins/php-compatibility-checker/vendor/squizlabs/php_codesniffer/CodeSniffer.php, na linha 298

2022-04-04T12:16:59+00:00 CRITICAL Maximum execution time of 55 seconds exceeded, em /home/p000001a/public_html/sekiama/wp-content/plugins/php-compatibility-checker/vendor/squizlabs/php_codesniffer/CodeSniffer.php, na linha 2209

2022-04-04T12:39:00+00:00 CRITICAL Maximum execution time of 55 seconds exceeded, em /home/p000001a/public_html/sekiama/wp-content/plugins/woocommerce/packages/action-scheduler/classes/abstracts/ActionScheduler.php, na linha 72

2022-04-04T12:40:38+00:00 CRITICAL Maximum execution time of 55 seconds exceeded, em /home/p000001a/public_html/sekiama/wp-content/plugins/mailpoet/vendor/composer/ClassLoader.php, na linha 204

2022-04-04T12:41:47+00:00 CRITICAL Maximum execution time of 55 seconds exceeded, em /home/p000001a/public_html/sekiama/wp-content/plugins/php-compatibility-checker/vendor/phpcompatibility/php-compatibility/PHPCompatibility/PHPCSHelper.php, na linha 95

2022-04-04T12:43:02+00:00 CRITICAL Maximum execution time of 55 seconds exceeded, em /home/p000001a/public_html/sekiama/wp-content/plugins/php-compatibility-checker/vendor/squizlabs/php_codesniffer/CodeSniffer.php, na linha 298

2022-04-04T12:44:21+00:00 CRITICAL Maximum execution time of 55 seconds exceeded, em /home/p000001a/public_html/sekiama/wp-content/plugins/php-compatibility-checker/vendor/phpcompatibility/php-compatibility/PHPCompatibility/PHPCSHelper.php, na linha 95

2022-04-04T12:45:59+00:00 CRITICAL Maximum execution time of 55 seconds exceeded, em /home/p000001a/public_html/sekiama/wp-content/plugins/php-compatibility-checker/vendor/phpcompatibility/php-compatibility/PHPCompatibility/PHPCSHelper.php, na linha 95

2022-04-04T12:46:58+00:00 CRITICAL Maximum execution time of 55 seconds exceeded, em /home/p000001a/public_html/sekiama/wp-content/plugins/wordfence/modules/login-security/wordfence-login-security.php, na linha 58

2022-04-04T12:47:41+00:00 CRITICAL Maximum execution time of 55 seconds exceeded, em /home/p000001a/public_html/sekiama/wp-content/plugins/php-compatibility-checker/vendor/squizlabs/php_codesniffer/CodeSniffer.php, na linha 290

2022-04-04T12:48:37+00:00 CRITICAL Maximum execution time of 55 seconds exceeded, em /home/p000001a/public_html/sekiama/wp-includes/plugin.php, na linha 164

2022-04-04T12:49:41+00:00 CRITICAL Maximum execution time of 55 seconds exceeded, em /home/p000001a/public_html/sekiama/wp-content/plugins/php-compatibility-checker/vendor/phpcompatibility/php-compatibility/PHPCompatibility/PHPCSHelper.php, na linha 95

2022-04-04T12:51:01+00:00 CRITICAL Maximum execution time of 55 seconds exceeded, em /home/p000001a/public_html/sekiama/wp-content/plugins/php-compatibility-checker/vendor/phpcompatibility/php-compatibility/PHPCompatibility/PHPCSHelper.php, na linha 95

2022-04-04T12:51:56+00:00 CRITICAL Maximum execution time of 55 seconds exceeded, em /home/p000001a/public_html/sekiama/wp-content/plugins/php-compatibility-checker/vendor/squizlabs/php_codesniffer/CodeSniffer.php, na linha 290

2022-04-04T12:53:57+00:00 CRITICAL Maximum execution time of 55 seconds exceeded, em /home/p000001a/public_html/sekiama/wp-content/plugins/php-compatibility-checker/vendor/phpcompatibility/php-compatibility/PHPCompatibility/PHPCSHelper.php, na linha 95

2022-04-04T12:55:22+00:00 CRITICAL Maximum execution time of 55 seconds exceeded, em /home/p000001a/public_html/sekiama/wp-content/plugins/php-compatibility-checker/vendor/phpcompatibility/php-compatibility/PHPCompatibility/PHPCSHelper.php, na linha 95

2022-04-04T12:56:23+00:00 CRITICAL Maximum execution time of 55 seconds exceeded, em /home/p000001a/public_html/sekiama/wp-content/plugins/php-compatibility-checker/vendor/squizlabs/php_codesniffer/CodeSniffer.php, na linha 288

2022-04-04T12:57:49+00:00 CRITICAL Maximum execution time of 55 seconds exceeded, em /home/p000001a/public_html/sekiama/wp-content/plugins/php-compatibility-checker/vendor/phpcompatibility/php-compatibility/PHPCompatibility/PHPCSHelper.php, na linha 95

2022-04-04T12:59:05+00:00 CRITICAL Maximum execution time of 55 seconds exceeded, em /home/p000001a/public_html/sekiama/wp-content/plugins/php-compatibility-checker/vendor/squizlabs/php_codesniffer/CodeSniffer.php, na linha 2364

2022-04-04T13:00:09+00:00 CRITICAL Maximum execution time of 55 seconds exceeded, em /home/p000001a/public_html/sekiama/wp-content/plugins/php-compatibility-checker/vendor/squizlabs/php_codesniffer/CodeSniffer/File.php, na linha 1617

2022-04-04T13:01:20+00:00 CRITICAL Maximum execution time of 55 seconds exceeded, em /home/p000001a/public_html/sekiama/wp-content/plugins/php-compatibility-checker/vendor/squizlabs/php_codesniffer/CodeSniffer.php, na linha 290

2022-04-04T13:02:28+00:00 CRITICAL Maximum execution time of 55 seconds exceeded, em /home/p000001a/public_html/sekiama/wp-content/plugins/php-compatibility-checker/vendor/phpcompatibility/php-compatibility/PHPCompatibility/PHPCSHelper.php, na linha 95

2022-04-04T13:03:30+00:00 CRITICAL Maximum execution time of 55 seconds exceeded, em /home/p000001a/public_html/sekiama/wp-content/plugins/php-compatibility-checker/vendor/phpcompatibility/php-compatibility/PHPCompatibility/PHPCSHelper.php, na linha 95

2022-04-04T13:04:47+00:00 CRITICAL Maximum execution time of 55 seconds exceeded, em /home/p000001a/public_html/sekiama/wp-content/plugins/php-compatibility-checker/vendor/squizlabs/php_codesniffer/CodeSniffer/File.php, na linha 3334

2022-04-04T13:05:57+00:00 CRITICAL Maximum execution time of 55 seconds exceeded, em /home/p000001a/public_html/sekiama/wp-content/plugins/php-compatibility-checker/vendor/phpcompatibility/php-compatibility/PHPCompatibility/PHPCSHelper.php, na linha 95

2022-04-04T13:06:54+00:00 CRITICAL Maximum execution time of 55 seconds exceeded, em /home/p000001a/public_html/sekiama/wp-content/plugins/php-compatibility-checker/vendor/phpcompatibility/php-compatibility/PHPCompatibility/PHPCSHelper.php, na linha 95

2022-04-04T13:07:40+00:00 CRITICAL Maximum execution time of 55 seconds exceeded, em /home/p000001a/public_html/sekiama/wp-content/plugins/php-compatibility-checker/vendor/phpcompatibility/php-compatibility/PHPCompatibility/PHPCSHelper.php, na linha 95

2022-04-04T13:10:16+00:00 CRITICAL Maximum execution time of 55 seconds exceeded, em /home/p000001a/public_html/sekiama/wp-content/plugins/php-compatibility-checker/vendor/phpcompatibility/php-compatibility/PHPCompatibility/PHPCSHelper.php, na linha 95

2022-04-04T13:12:09+00:00 CRITICAL Maximum execution time of 55 seconds exceeded, em /home/p000001a/public_html/sekiama/wp-includes/formatting.php, na linha 2761

2022-04-04T13:13:38+00:00 CRITICAL Maximum execution time of 55 seconds exceeded, em /home/p000001a/public_html/sekiama/wp-content/plugins/php-compatibility-checker/vendor/phpcompatibility/php-compatibility/PHPCompatibility/PHPCSHelper.php, na linha 95

2022-04-04T13:14:43+00:00 CRITICAL Maximum execution time of 55 seconds exceeded, em /home/p000001a/public_html/sekiama/wp-content/plugins/php-compatibility-checker/vendor/squizlabs/php_codesniffer/CodeSniffer.php, na linha 1712

2022-04-04T13:15:58+00:00 CRITICAL Maximum execution time of 55 seconds exceeded, em /home/p000001a/public_html/sekiama/wp-content/plugins/php-compatibility-checker/vendor/phpcompatibility/php-compatibility/PHPCompatibility/PHPCSHelper.php, na linha 95

2022-04-04T13:17:00+00:00 CRITICAL Maximum execution time of 55 seconds exceeded, em /home/p000001a/public_html/sekiama/wp-content/plugins/php-compatibility-checker/vendor/phpcompatibility/php-compatibility/PHPCompatibility/PHPCSHelper.php, na linha 95

2022-04-04T13:18:10+00:00 CRITICAL Maximum execution time of 55 seconds exceeded, em /home/p000001a/public_html/sekiama/wp-content/plugins/php-compatibility-checker/vendor/phpcompatibility/php-compatibility/PHPCompatibility/PHPCSHelper.php, na linha 95

2022-04-04T13:19:07+00:00 CRITICAL Maximum execution time of 55 seconds exceeded, em /home/p000001a/public_html/sekiama/wp-content/plugins/php-compatibility-checker/vendor/phpcompatibility/php-compatibility/PHPCompatibility/PHPCSHelper.php, na linha 95

2022-04-04T13:19:49+00:00 CRITICAL Maximum execution time of 55 seconds exceeded, em /home/p000001a/public_html/sekiama/wp-content/plugins/php-compatibility-checker/vendor/phpcompatibility/php-compatibility/PHPCompatibility/Sniffs/Variables/ForbiddenThisUseContextsSniff.php, na linha 395

2022-04-04T13:20:50+00:00 CRITICAL Maximum execution time of 55 seconds exceeded, em /home/p000001a/public_html/sekiama/wp-content/plugins/php-compatibility-checker/vendor/phpcompatibility/php-compatibility/PHPCompatibility/PHPCSHelper.php, na linha 95

2022-04-04T13:21:46+00:00 CRITICAL Maximum execution time of 55 seconds exceeded, em /home/p000001a/public_html/sekiama/wp-content/plugins/ti-woocommerce-wishlist/ti-woocommerce-wishlist.php, na linha 182

2022-04-04T13:22:35+00:00 CRITICAL Maximum execution time of 55 seconds exceeded, em /home/p000001a/public_html/sekiama/wp-content/plugins/php-compatibility-checker/vendor/squizlabs/php_codesniffer/CodeSniffer/File.php, na linha 545

2022-04-04T13:23:50+00:00 CRITICAL Maximum execution time of 55 seconds exceeded, em /home/p000001a/public_html/sekiama/wp-content/plugins/php-compatibility-checker/vendor/phpcompatibility/php-compatibility/PHPCompatibility/PHPCSHelper.php, na linha 95

2022-04-04T13:25:32+00:00 CRITICAL Maximum execution time of 55 seconds exceeded, em /home/p000001a/public_html/sekiama/wp-content/plugins/php-compatibility-checker/vendor/squizlabs/php_codesniffer/CodeSniffer.php, na linha 283

2022-04-04T13:27:15+00:00 CRITICAL Maximum execution time of 55 seconds exceeded, em /home/p000001a/public_html/sekiama/wp-includes/functions.php, na linha 4742

2022-04-04T13:28:03+00:00 CRITICAL Maximum execution time of 55 seconds exceeded, em /home/p000001a/public_html/sekiama/wp-content/plugins/php-compatibility-checker/vendor/phpcompatibility/php-compatibility/PHPCompatibility/PHPCSHelper.php, na linha 95

2022-04-04T13:29:27+00:00 CRITICAL Maximum execution time of 55 seconds exceeded, em /home/p000001a/public_html/sekiama/wp-content/plugins/php-compatibility-checker/vendor/phpcompatibility/php-compatibility/PHPCompatibility/PHPCSHelper.php, na linha 95

2022-04-04T13:30:39+00:00 CRITICAL Maximum execution time of 55 seconds exceeded, em /home/p000001a/public_html/sekiama/wp-content/plugins/php-compatibility-checker/vendor/squizlabs/php_codesniffer/CodeSniffer.php, na linha 298

2022-04-04T13:31:57+00:00 CRITICAL Maximum execution time of 55 seconds exceeded, em /home/p000001a/public_html/sekiama/wp-content/plugins/woocommerce/vendor/jetpack-autoloader/class-version-loader.php, na linha 135

2022-04-04T13:33:30+00:00 CRITICAL Maximum execution time of 55 seconds exceeded, em /home/p000001a/public_html/sekiama/wp-content/plugins/php-compatibility-checker/vendor/squizlabs/php_codesniffer/CodeSniffer.php, na linha 298

2022-04-04T13:34:13+00:00 CRITICAL Maximum execution time of 55 seconds exceeded, em /home/p000001a/public_html/sekiama/wp-content/plugins/php-compatibility-checker/vendor/phpcompatibility/php-compatibility/PHPCompatibility/PHPCSHelper.php, na linha 95

2022-04-04T13:35:40+00:00 CRITICAL Maximum execution time of 55 seconds exceeded, em /home/p000001a/public_html/sekiama/wp-content/plugins/php-compatibility-checker/vendor/phpcompatibility/php-compatibility/PHPCompatibility/PHPCSHelper.php, na linha 95

2022-04-04T13:39:28+00:00 CRITICAL Maximum execution time of 55 seconds exceeded, em /home/p000001a/public_html/sekiama/wp-content/plugins/php-compatibility-checker/vendor/phpcompatibility/php-compatibility/PHPCompatibility/Sniffs/Keywords/ForbiddenNamesSniff.php, na linha 378

2022-04-04T13:41:45+00:00 CRITICAL Maximum execution time of 55 seconds exceeded, em /home/p000001a/public_html/sekiama/wp-content/plugins/php-compatibility-checker/vendor/phpcompatibility/php-compatibility/PHPCompatibility/PHPCSHelper.php, na linha 95

2022-04-04T13:42:40+00:00 CRITICAL Maximum execution time of 55 seconds exceeded, em /home/p000001a/public_html/sekiama/wp-content/plugins/php-compatibility-checker/vendor/squizlabs/php_codesniffer/CodeSniffer.php, na linha 290

2022-04-04T17:12:33+00:00 CRITICAL Maximum execution time of 55 seconds exceeded, em /home/p000001a/public_html/sekiama/wp-content/plugins/php-compatibility-checker/vendor/phpcompatibility/php-compatibility/PHPCompatibility/PHPCSHelper.php, na linha 95

2022-04-04T17:15:59+00:00 CRITICAL Maximum execution time of 55 seconds exceeded, em /home/p000001a/public_html/sekiama/wp-content/plugins/php-compatibility-checker/vendor/squizlabs/php_codesniffer/CodeSniffer.php, na linha 298

2022-04-04T17:20:41+00:00 CRITICAL Maximum execution time of 55 seconds exceeded, em /home/p000001a/public_html/sekiama/wp-content/plugins/php-compatibility-checker/vendor/phpcompatibility/php-compatibility/PHPCompatibility/PHPCSHelper.php, na linha 95

2022-04-04T17:23:35+00:00 CRITICAL Maximum execution time of 55 seconds exceeded, em /home/p000001a/public_html/sekiama/wp-content/plugins/php-compatibility-checker/vendor/squizlabs/php_codesniffer/CodeSniffer/File.php, na linha 3334

2022-04-04T17:24:38+00:00 CRITICAL Maximum execution time of 55 seconds exceeded, em /home/p000001a/public_html/sekiama/wp-content/plugins/php-compatibility-checker/vendor/phpcompatibility/php-compatibility/PHPCompatibility/PHPCSHelper.php, na linha 95

2022-04-04T17:25:44+00:00 CRITICAL Maximum execution time of 55 seconds exceeded, em /home/p000001a/public_html/sekiama/wp-content/plugins/php-compatibility-checker/vendor/squizlabs/php_codesniffer/CodeSniffer.php, na linha 298

2022-04-04T17:28:12+00:00 CRITICAL Maximum execution time of 55 seconds exceeded, em /home/p000001a/public_html/sekiama/wp-content/plugins/php-compatibility-checker/vendor/squizlabs/php_codesniffer/CodeSniffer/Tokenizers/PHP.php, na linha 373

2022-04-04T17:30:49+00:00 CRITICAL Maximum execution time of 55 seconds exceeded, em /home/p000001a/public_html/sekiama/wp-content/plugins/php-compatibility-checker/vendor/phpcompatibility/php-compatibility/PHPCompatibility/PHPCSHelper.php, na linha 95

2022-04-04T17:32:15+00:00 CRITICAL Maximum execution time of 55 seconds exceeded, em /home/p000001a/public_html/sekiama/wp-content/plugins/php-compatibility-checker/vendor/phpcompatibility/php-compatibility/PHPCompatibility/PHPCSHelper.php, na linha 95

2022-04-04T17:33:42+00:00 CRITICAL Maximum execution time of 55 seconds exceeded, em /home/p000001a/public_html/sekiama/wp-content/plugins/php-compatibility-checker/vendor/phpcompatibility/php-compatibility/PHPCompatibility/PHPCSHelper.php, na linha 95

2022-04-04T17:36:05+00:00 CRITICAL Maximum execution time of 55 seconds exceeded, em /home/p000001a/public_html/sekiama/wp-content/plugins/php-compatibility-checker/vendor/squizlabs/php_codesniffer/CodeSniffer.php, na linha 288

2022-04-04T17:38:06+00:00 CRITICAL Maximum execution time of 55 seconds exceeded, em /home/p000001a/public_html/sekiama/wp-content/plugins/woocommerce/vendor/jetpack-autoloader/class-version-loader.php, na linha 135

2022-04-04T17:39:02+00:00 CRITICAL Maximum execution time of 55 seconds exceeded, em /home/p000001a/public_html/sekiama/wp-content/plugins/popup-maker/popup-maker.php, na linha 31

2022-04-04T17:41:19+00:00 CRITICAL Maximum execution time of 55 seconds exceeded, em /home/p000001a/public_html/sekiama/wp-content/plugins/php-compatibility-checker/vendor/squizlabs/php_codesniffer/CodeSniffer.php, na linha 298

2022-04-04T17:42:16+00:00 CRITICAL Maximum execution time of 55 seconds exceeded, em /home/p000001a/public_html/sekiama/wp-content/plugins/php-compatibility-checker/vendor/phpcompatibility/php-compatibility/PHPCompatibility/PHPCSHelper.php, na linha 95

2022-04-04T17:45:26+00:00 CRITICAL Maximum execution time of 55 seconds exceeded, em /home/p000001a/public_html/sekiama/wp-content/plugins/wordfence/modules/login-security/wordfence-login-security.php, na linha 56

2022-04-04T17:47:19+00:00 CRITICAL Maximum execution time of 55 seconds exceeded, em /home/p000001a/public_html/sekiama/wp-content/plugins/php-compatibility-checker/vendor/phpcompatibility/php-compatibility/PHPCompatibility/PHPCSHelper.php, na linha 95

2022-04-04T17:49:19+00:00 CRITICAL Maximum execution time of 55 seconds exceeded, em /home/p000001a/public_html/sekiama/wp-content/plugins/php-compatibility-checker/vendor/squizlabs/php_codesniffer/CodeSniffer.php, na linha 2207

2022-04-04T17:51:53+00:00 CRITICAL Maximum execution time of 55 seconds exceeded, em /home/p000001a/public_html/sekiama/wp-content/plugins/php-compatibility-checker/vendor/phpcompatibility/php-compatibility/PHPCompatibility/PHPCSHelper.php, na linha 95

2022-04-04T17:54:07+00:00 CRITICAL Maximum execution time of 55 seconds exceeded, em /home/p000001a/public_html/sekiama/wp-content/plugins/php-compatibility-checker/vendor/phpcompatibility/php-compatibility/PHPCompatibility/PHPCSHelper.php, na linha 95

2022-04-04T17:56:04+00:00 CRITICAL Maximum execution time of 55 seconds exceeded, em /home/p000001a/public_html/sekiama/wp-content/plugins/mailpoet/vendor/composer/ClassLoader.php, na linha 192

2022-04-04T17:57:22+00:00 CRITICAL Maximum execution time of 55 seconds exceeded, em /home/p000001a/public_html/sekiama/wp-content/plugins/php-compatibility-checker/vendor/phpcompatibility/php-compatibility/PHPCompatibility/PHPCSHelper.php, na linha 95

2022-04-04T17:59:55+00:00 CRITICAL Maximum execution time of 55 seconds exceeded, em /home/p000001a/public_html/sekiama/wp-content/plugins/php-compatibility-checker/vendor/squizlabs/php_codesniffer/CodeSniffer.php, na linha 298

2022-04-04T18:01:35+00:00 CRITICAL Maximum execution time of 55 seconds exceeded, em /home/p000001a/public_html/sekiama/wp-content/plugins/popup-maker/popup-maker.php, na linha 31

2022-04-04T18:02:49+00:00 CRITICAL Maximum execution time of 55 seconds exceeded, em /home/p000001a/public_html/sekiama/wp-content/plugins/php-compatibility-checker/vendor/phpcompatibility/php-compatibility/PHPCompatibility/PHPCSHelper.php, na linha 95

2022-04-04T18:06:58+00:00 CRITICAL Maximum execution time of 55 seconds exceeded, em /home/p000001a/public_html/sekiama/wp-content/plugins/php-compatibility-checker/vendor/phpcompatibility/php-compatibility/PHPCompatibility/PHPCSHelper.php, na linha 95

2022-04-04T18:08:42+00:00 CRITICAL Maximum execution time of 55 seconds exceeded, em /home/p000001a/public_html/sekiama/wp-content/plugins/php-compatibility-checker/vendor/phpcompatibility/php-compatibility/PHPCompatibility/PHPCSHelper.php, na linha 95

2022-04-04T18:10:50+00:00 CRITICAL Maximum execution time of 55 seconds exceeded, em /home/p000001a/public_html/sekiama/wp-content/plugins/php-compatibility-checker/vendor/squizlabs/php_codesniffer/CodeSniffer.php, na linha 306

2022-04-04T18:12:33+00:00 CRITICAL Maximum execution time of 55 seconds exceeded, em /home/p000001a/public_html/sekiama/wp-content/plugins/php-compatibility-checker/vendor/phpcompatibility/php-compatibility/PHPCompatibility/PHPCSHelper.php, na linha 95

2022-04-04T18:13:40+00:00 CRITICAL Maximum execution time of 55 seconds exceeded, em /home/p000001a/public_html/sekiama/wp-content/plugins/php-compatibility-checker/vendor/phpcompatibility/php-compatibility/PHPCompatibility/PHPCSHelper.php, na linha 95

2022-04-04T18:15:52+00:00 CRITICAL Maximum execution time of 55 seconds exceeded, em /home/p000001a/public_html/sekiama/wp-content/plugins/php-compatibility-checker/vendor/squizlabs/php_codesniffer/CodeSniffer.php, na linha 298

2022-04-04T18:17:05+00:00 CRITICAL Maximum execution time of 55 seconds exceeded, em /home/p000001a/public_html/sekiama/wp-content/plugins/mailpoet/vendor/composer/ClassLoader.php, na linha 204

2022-04-04T18:18:32+00:00 CRITICAL Maximum execution time of 55 seconds exceeded, em /home/p000001a/public_html/sekiama/wp-content/plugins/php-compatibility-checker/vendor/squizlabs/php_codesniffer/CodeSniffer.php, na linha 2364

2022-04-04T18:21:03+00:00 CRITICAL Maximum execution time of 55 seconds exceeded, em /home/p000001a/public_html/sekiama/wp-content/plugins/php-compatibility-checker/vendor/phpcompatibility/php-compatibility/PHPCompatibility/PHPCSHelper.php, na linha 95

2022-04-04T18:24:32+00:00 CRITICAL Maximum execution time of 55 seconds exceeded, em /home/p000001a/public_html/sekiama/wp-content/plugins/php-compatibility-checker/vendor/phpcompatibility/php-compatibility/PHPCompatibility/PHPCSHelper.php, na linha 95

2022-04-04T18:26:36+00:00 CRITICAL Maximum execution time of 55 seconds exceeded, em /home/p000001a/public_html/sekiama/wp-content/plugins/php-compatibility-checker/vendor/phpcompatibility/php-compatibility/PHPCompatibility/PHPCSHelper.php, na linha 95

2022-04-04T18:29:45+00:00 CRITICAL Maximum execution time of 55 seconds exceeded, em /home/p000001a/public_html/sekiama/wp-content/plugins/php-compatibility-checker/vendor/squizlabs/php_codesniffer/CodeSniffer/File.php, na linha 3415

2022-04-04T18:32:01+00:00 CRITICAL Maximum execution time of 55 seconds exceeded, em /home/p000001a/public_html/sekiama/wp-content/plugins/php-compatibility-checker/vendor/squizlabs/php_codesniffer/CodeSniffer/File.php, na linha 2436

2022-04-04T18:33:51+00:00 CRITICAL Maximum execution time of 55 seconds exceeded, em /home/p000001a/public_html/sekiama/wp-content/plugins/php-compatibility-checker/vendor/phpcompatibility/php-compatibility/PHPCompatibility/PHPCSHelper.php, na linha 95

2022-04-04T18:35:45+00:00 CRITICAL Maximum execution time of 55 seconds exceeded, em /home/p000001a/public_html/sekiama/wp-content/plugins/php-compatibility-checker/vendor/squizlabs/php_codesniffer/CodeSniffer/Tokenizers/PHP.php, na linha 326

2022-04-04T18:37:16+00:00 CRITICAL Maximum execution time of 55 seconds exceeded, em /home/p000001a/public_html/sekiama/wp-content/plugins/php-compatibility-checker/vendor/phpcompatibility/php-compatibility/PHPCompatibility/PHPCSHelper.php, na linha 95

2022-04-04T19:10:59+00:00 CRITICAL Maximum execution time of 55 seconds exceeded, em /home/p000001a/public_html/sekiama/wp-content/plugins/php-compatibility-checker/vendor/squizlabs/php_codesniffer/CodeSniffer.php, na linha 298

2022-04-04T19:13:50+00:00 CRITICAL Maximum execution time of 55 seconds exceeded, em /home/p000001a/public_html/sekiama/wp-content/plugins/php-compatibility-checker/vendor/squizlabs/php_codesniffer/CodeSniffer/File.php, na linha 3332

2022-04-04T19:17:53+00:00 CRITICAL Maximum execution time of 55 seconds exceeded, em /home/p000001a/public_html/sekiama/wp-content/plugins/woocommerce/vendor/jetpack-autoloader/class-version-loader.php, na linha 68

2022-04-04T19:19:52+00:00 CRITICAL Maximum execution time of 55 seconds exceeded, em /home/p000001a/public_html/sekiama/wp-content/plugins/php-compatibility-checker/vendor/phpcompatibility/php-compatibility/PHPCompatibility/PHPCSHelper.php, na linha 95

2022-04-04T19:21:56+00:00 CRITICAL Maximum execution time of 55 seconds exceeded, em /home/p000001a/public_html/sekiama/wp-content/plugins/php-compatibility-checker/vendor/phpcompatibility/php-compatibility/PHPCompatibility/PHPCSHelper.php, na linha 95

2022-04-04T19:24:15+00:00 CRITICAL Maximum execution time of 55 seconds exceeded, em /home/p000001a/public_html/sekiama/wp-content/plugins/woocommerce/includes/class-wc-autoloader.php, na linha 66

2022-04-04T19:26:18+00:00 CRITICAL Maximum execution time of 55 seconds exceeded, em /home/p000001a/public_html/sekiama/wp-content/plugins/php-compatibility-checker/vendor/phpcompatibility/php-compatibility/PHPCompatibility/PHPCSHelper.php, na linha 95

2022-04-04T19:28:11+00:00 CRITICAL Maximum execution time of 55 seconds exceeded, em /home/p000001a/public_html/sekiama/wp-content/plugins/php-compatibility-checker/vendor/phpcompatibility/php-compatibility/PHPCompatibility/PHPCSHelper.php, na linha 95

2022-04-04T19:29:39+00:00 CRITICAL Maximum execution time of 55 seconds exceeded, em /home/p000001a/public_html/sekiama/wp-content/plugins/php-compatibility-checker/vendor/phpcompatibility/php-compatibility/PHPCompatibility/PHPCSHelper.php, na linha 95

2022-04-04T19:31:12+00:00 CRITICAL Maximum execution time of 55 seconds exceeded, em /home/p000001a/public_html/sekiama/wp-content/plugins/php-compatibility-checker/vendor/phpcompatibility/php-compatibility/PHPCompatibility/PHPCSHelper.php, na linha 95

2022-04-04T19:32:32+00:00 CRITICAL Maximum execution time of 55 seconds exceeded, em /home/p000001a/public_html/sekiama/wp-content/plugins/php-compatibility-checker/vendor/squizlabs/php_codesniffer/CodeSniffer.php, na linha 306

2022-04-04T19:36:03+00:00 CRITICAL Maximum execution time of 55 seconds exceeded, em /home/p000001a/public_html/sekiama/wp-content/plugins/php-compatibility-checker/vendor/phpcompatibility/php-compatibility/PHPCompatibility/PHPCSHelper.php, na linha 95

2022-04-04T19:37:00+00:00 CRITICAL Maximum execution time of 55 seconds exceeded, em /home/p000001a/public_html/sekiama/wp-content/plugins/php-compatibility-checker/vendor/phpcompatibility/php-compatibility/PHPCompatibility/Sniff.php, na linha 1230

2022-04-04T19:41:25+00:00 CRITICAL Maximum execution time of 55 seconds exceeded, em /home/p000001a/public_html/sekiama/wp-content/plugins/php-compatibility-checker/vendor/phpcompatibility/php-compatibility/PHPCompatibility/PHPCSHelper.php, na linha 95

2022-04-04T19:43:50+00:00 CRITICAL Maximum execution time of 55 seconds exceeded, em /home/p000001a/public_html/sekiama/wp-content/plugins/php-compatibility-checker/vendor/phpcompatibility/php-compatibility/PHPCompatibility/PHPCSHelper.php, na linha 95

2022-04-04T20:37:41+00:00 CRITICAL Maximum execution time of 55 seconds exceeded, em /home/p000001a/public_html/sekiama/wp-content/plugins/php-compatibility-checker/vendor/phpcompatibility/php-compatibility/PHPCompatibility/PHPCSHelper.php, na linha 95

