2022-04-03T00:37:42+00:00 CRITICAL Maximum execution time of 55 seconds exceeded, em /home/p000001a/public_html/sekiama/wp-content/plugins/woocommerce/packages/action-scheduler/classes/abstracts/ActionScheduler.php, na linha 72

2022-04-03T00:49:45+00:00 CRITICAL Maximum execution time of 55 seconds exceeded, em /home/p000001a/public_html/sekiama/wp-content/plugins/php-compatibility-checker/vendor/phpcompatibility/php-compatibility/PHPCompatibility/PHPCSHelper.php, na linha 95

2022-04-03T00:50:58+00:00 CRITICAL Maximum execution time of 55 seconds exceeded, em /home/p000001a/public_html/sekiama/wp-content/plugins/php-compatibility-checker/vendor/phpcompatibility/php-compatibility/PHPCompatibility/PHPCSHelper.php, na linha 95

2022-04-03T01:44:05+00:00 CRITICAL Maximum execution time of 55 seconds exceeded, em /home/p000001a/public_html/sekiama/wp-content/plugins/woocommerce/vendor/jetpack-autoloader/class-version-loader.php, na linha 105

2022-04-03T01:51:19+00:00 CRITICAL Maximum execution time of 55 seconds exceeded, em /home/p000001a/public_html/sekiama/wp-content/plugins/wordfence/modules/login-security/wordfence-login-security.php, na linha 58

2022-04-03T04:02:51+00:00 CRITICAL Maximum execution time of 55 seconds exceeded, em /home/p000001a/public_html/sekiama/wp-content/plugins/php-compatibility-checker/vendor/phpcompatibility/php-compatibility/PHPCompatibility/Sniff.php, na linha 198

2022-04-03T04:24:36+00:00 CRITICAL Maximum execution time of 55 seconds exceeded, em /home/p000001a/public_html/sekiama/wp-content/plugins/php-compatibility-checker/vendor/squizlabs/php_codesniffer/CodeSniffer.php, na linha 2364

2022-04-03T04:28:12+00:00 CRITICAL Maximum execution time of 55 seconds exceeded, em /home/p000001a/public_html/sekiama/wp-content/plugins/php-compatibility-checker/vendor/phpcompatibility/php-compatibility/PHPCompatibility/PHPCSHelper.php, na linha 95

2022-04-03T07:27:16+00:00 CRITICAL Maximum execution time of 55 seconds exceeded, em /home/p000001a/public_html/sekiama/wp-content/plugins/php-compatibility-checker/vendor/phpcompatibility/php-compatibility/PHPCompatibility/PHPCSHelper.php, na linha 95

2022-04-03T10:22:06+00:00 CRITICAL Maximum execution time of 55 seconds exceeded, em /home/p000001a/public_html/sekiama/wp-content/plugins/mailpoet/vendor/composer/ClassLoader.php, na linha 192

2022-04-03T10:33:45+00:00 CRITICAL Maximum execution time of 55 seconds exceeded, em /home/p000001a/public_html/sekiama/wp-content/plugins/php-compatibility-checker/vendor/phpcompatibility/php-compatibility/PHPCompatibility/PHPCSHelper.php, na linha 95

2022-04-03T11:56:28+00:00 CRITICAL Maximum execution time of 55 seconds exceeded, em /home/p000001a/public_html/sekiama/wp-content/plugins/php-compatibility-checker/vendor/squizlabs/php_codesniffer/CodeSniffer.php, na linha 298

2022-04-03T13:06:03+00:00 CRITICAL Maximum execution time of 55 seconds exceeded, em /home/p000001a/public_html/sekiama/wp-content/plugins/woocommerce/vendor/jetpack-autoloader/class-version-loader.php, na linha 143

2022-04-03T13:45:41+00:00 CRITICAL Maximum execution time of 55 seconds exceeded, em /home/p000001a/public_html/sekiama/wp-content/plugins/php-compatibility-checker/vendor/squizlabs/php_codesniffer/CodeSniffer.php, na linha 290

2022-04-03T13:49:33+00:00 CRITICAL Maximum execution time of 55 seconds exceeded, em /home/p000001a/public_html/sekiama/wp-content/plugins/php-compatibility-checker/vendor/squizlabs/php_codesniffer/CodeSniffer/File.php, na linha 3334

2022-04-03T13:51:28+00:00 CRITICAL Maximum execution time of 55 seconds exceeded, em /home/p000001a/public_html/sekiama/wp-content/plugins/php-compatibility-checker/vendor/phpcompatibility/php-compatibility/PHPCompatibility/PHPCSHelper.php, na linha 95

2022-04-03T13:54:19+00:00 CRITICAL Maximum execution time of 55 seconds exceeded, em /home/p000001a/public_html/sekiama/wp-content/plugins/php-compatibility-checker/vendor/squizlabs/php_codesniffer/CodeSniffer.php, na linha 296

2022-04-03T13:58:08+00:00 CRITICAL Maximum execution time of 55 seconds exceeded, em /home/p000001a/public_html/sekiama/wp-content/plugins/php-compatibility-checker/vendor/phpcompatibility/php-compatibility/PHPCompatibility/PHPCSHelper.php, na linha 95

2022-04-03T14:01:08+00:00 CRITICAL Maximum execution time of 55 seconds exceeded, em /home/p000001a/public_html/sekiama/wp-content/plugins/php-compatibility-checker/vendor/phpcompatibility/php-compatibility/PHPCompatibility/PHPCSHelper.php, na linha 95

2022-04-03T14:03:08+00:00 CRITICAL Maximum execution time of 55 seconds exceeded, em /home/p000001a/public_html/sekiama/wp-content/plugins/php-compatibility-checker/vendor/phpcompatibility/php-compatibility/PHPCompatibility/PHPCSHelper.php, na linha 95

2022-04-03T14:05:08+00:00 CRITICAL Maximum execution time of 55 seconds exceeded, em /home/p000001a/public_html/sekiama/wp-content/plugins/php-compatibility-checker/vendor/phpcompatibility/php-compatibility/PHPCompatibility/PHPCSHelper.php, na linha 95

2022-04-03T14:07:12+00:00 CRITICAL Maximum execution time of 55 seconds exceeded, em /home/p000001a/public_html/sekiama/wp-content/plugins/php-compatibility-checker/vendor/phpcompatibility/php-compatibility/PHPCompatibility/PHPCSHelper.php, na linha 95

2022-04-03T14:09:08+00:00 CRITICAL Maximum execution time of 55 seconds exceeded, em /home/p000001a/public_html/sekiama/wp-content/plugins/php-compatibility-checker/vendor/phpcompatibility/php-compatibility/PHPCompatibility/PHPCSHelper.php, na linha 95

2022-04-03T14:53:00+00:00 CRITICAL Maximum execution time of 55 seconds exceeded, em /home/p000001a/public_html/sekiama/wp-content/plugins/php-compatibility-checker/vendor/squizlabs/php_codesniffer/CodeSniffer/File.php, na linha 3334

2022-04-03T14:56:46+00:00 CRITICAL Maximum execution time of 55 seconds exceeded, em /home/p000001a/public_html/sekiama/wp-content/plugins/php-compatibility-checker/vendor/squizlabs/php_codesniffer/CodeSniffer.php, na linha 306

2022-04-03T17:52:41+00:00 CRITICAL Maximum execution time of 55 seconds exceeded, em /home/p000001a/public_html/sekiama/wp-content/plugins/mailpoet/vendor/composer/ClassLoader.php, na linha 196

2022-04-03T21:01:55+00:00 CRITICAL Maximum execution time of 55 seconds exceeded, em /home/p000001a/public_html/sekiama/wp-content/plugins/php-compatibility-checker/vendor/squizlabs/php_codesniffer/CodeSniffer.php, na linha 298

2022-04-03T21:03:55+00:00 CRITICAL Maximum execution time of 55 seconds exceeded, em /home/p000001a/public_html/sekiama/wp-content/plugins/php-compatibility-checker/vendor/phpcompatibility/php-compatibility/PHPCompatibility/PHPCSHelper.php, na linha 95

2022-04-03T21:06:06+00:00 CRITICAL Maximum execution time of 55 seconds exceeded, em /home/p000001a/public_html/sekiama/wp-content/plugins/php-compatibility-checker/vendor/squizlabs/php_codesniffer/CodeSniffer.php, na linha 298

2022-04-03T21:08:08+00:00 CRITICAL Maximum execution time of 55 seconds exceeded, em /home/p000001a/public_html/sekiama/wp-content/plugins/php-compatibility-checker/vendor/phpcompatibility/php-compatibility/PHPCompatibility/PHPCSHelper.php, na linha 95

2022-04-03T21:25:15+00:00 CRITICAL Maximum execution time of 55 seconds exceeded, em /home/p000001a/public_html/sekiama/wp-content/plugins/php-compatibility-checker/vendor/squizlabs/php_codesniffer/CodeSniffer.php, na linha 2364

2022-04-03T21:27:15+00:00 CRITICAL Maximum execution time of 55 seconds exceeded, em /home/p000001a/public_html/sekiama/wp-content/plugins/php-compatibility-checker/vendor/phpcompatibility/php-compatibility/PHPCompatibility/PHPCSHelper.php, na linha 95

2022-04-03T21:29:18+00:00 CRITICAL Maximum execution time of 55 seconds exceeded, em /home/p000001a/public_html/sekiama/wp-content/plugins/php-compatibility-checker/vendor/phpcompatibility/php-compatibility/PHPCompatibility/PHPCSHelper.php, na linha 95

2022-04-03T21:31:29+00:00 CRITICAL Maximum execution time of 55 seconds exceeded, em /home/p000001a/public_html/sekiama/wp-content/plugins/php-compatibility-checker/vendor/squizlabs/php_codesniffer/CodeSniffer.php, na linha 298

2022-04-03T21:44:15+00:00 CRITICAL Maximum execution time of 55 seconds exceeded, em /home/p000001a/public_html/sekiama/wp-content/plugins/php-compatibility-checker/vendor/phpcompatibility/php-compatibility/PHPCompatibility/PHPCSHelper.php, na linha 95

2022-04-03T22:15:44+00:00 CRITICAL Maximum execution time of 55 seconds exceeded, em /home/p000001a/public_html/sekiama/wp-content/plugins/php-compatibility-checker/vendor/phpcompatibility/php-compatibility/PHPCompatibility/PHPCSHelper.php, na linha 95

2022-04-03T22:19:32+00:00 CRITICAL Maximum execution time of 55 seconds exceeded, em /home/p000001a/public_html/sekiama/wp-content/plugins/php-compatibility-checker/vendor/squizlabs/php_codesniffer/CodeSniffer.php, na linha 298

2022-04-03T22:24:33+00:00 CRITICAL Maximum execution time of 55 seconds exceeded, em /home/p000001a/public_html/sekiama/wp-content/plugins/php-compatibility-checker/vendor/squizlabs/php_codesniffer/CodeSniffer.php, na linha 2212

2022-04-03T22:36:00+00:00 CRITICAL Maximum execution time of 55 seconds exceeded, em /home/p000001a/public_html/sekiama/wp-content/plugins/php-compatibility-checker/vendor/phpcompatibility/php-compatibility/PHPCompatibility/PHPCSHelper.php, na linha 95

2022-04-03T22:52:42+00:00 CRITICAL Maximum execution time of 55 seconds exceeded, em /home/p000001a/public_html/sekiama/wp-content/plugins/php-compatibility-checker/vendor/squizlabs/php_codesniffer/CodeSniffer/File.php, na linha 1642

2022-04-03T23:08:54+00:00 CRITICAL Maximum execution time of 55 seconds exceeded, em /home/p000001a/public_html/sekiama/wp-content/plugins/php-compatibility-checker/vendor/phpcompatibility/php-compatibility/PHPCompatibility/Sniff.php, na linha 131

2022-04-03T23:20:35+00:00 CRITICAL Maximum execution time of 55 seconds exceeded, em /home/p000001a/public_html/sekiama/wp-content/plugins/php-compatibility-checker/vendor/phpcompatibility/php-compatibility/PHPCompatibility/PHPCSHelper.php, na linha 95

2022-04-03T23:26:03+00:00 CRITICAL Maximum execution time of 55 seconds exceeded, em /home/p000001a/public_html/sekiama/wp-content/plugins/php-compatibility-checker/vendor/phpcompatibility/php-compatibility/PHPCompatibility/PHPCSHelper.php, na linha 95

2022-04-03T23:42:32+00:00 CRITICAL Maximum execution time of 55 seconds exceeded, em /home/p000001a/public_html/sekiama/wp-content/plugins/php-compatibility-checker/vendor/squizlabs/php_codesniffer/CodeSniffer.php, na linha 298

