2022-03-30T01:49:58+00:00 CRITICAL Maximum execution time of 55 seconds exceeded, em /home/p000001a/public_html/sekiama/wp-content/plugins/mailpoet/vendor/composer/ClassLoader.php, na linha 192

2022-03-30T01:52:41+00:00 CRITICAL Maximum execution time of 55 seconds exceeded, em /home/p000001a/public_html/sekiama/wp-content/plugins/php-compatibility-checker/vendor/phpcompatibility/php-compatibility/PHPCompatibility/PHPCSHelper.php, na linha 95

2022-03-30T01:56:22+00:00 CRITICAL Maximum execution time of 55 seconds exceeded, em /home/p000001a/public_html/sekiama/wp-content/plugins/php-compatibility-checker/vendor/phpcompatibility/php-compatibility/PHPCompatibility/PHPCSHelper.php, na linha 95

2022-03-30T01:59:55+00:00 CRITICAL Maximum execution time of 55 seconds exceeded, em /home/p000001a/public_html/sekiama/wp-content/plugins/php-compatibility-checker/vendor/squizlabs/php_codesniffer/CodeSniffer/File.php, na linha 3334

2022-03-30T02:01:13+00:00 CRITICAL Maximum execution time of 55 seconds exceeded, em /home/p000001a/public_html/sekiama/wp-content/plugins/php-compatibility-checker/vendor/squizlabs/php_codesniffer/CodeSniffer.php, na linha 306

2022-03-30T02:02:12+00:00 CRITICAL Maximum execution time of 55 seconds exceeded, em /home/p000001a/public_html/sekiama/wp-content/plugins/wordfence/modules/login-security/wordfence-login-security.php, na linha 58

2022-03-30T02:03:44+00:00 CRITICAL Maximum execution time of 55 seconds exceeded, em /home/p000001a/public_html/sekiama/wp-content/plugins/php-compatibility-checker/vendor/phpcompatibility/php-compatibility/PHPCompatibility/PHPCSHelper.php, na linha 95

2022-03-30T02:05:39+00:00 CRITICAL Maximum execution time of 55 seconds exceeded, em /home/p000001a/public_html/sekiama/wp-includes/class-requests.php, na linha 140

2022-03-30T02:06:37+00:00 CRITICAL Maximum execution time of 55 seconds exceeded, em /home/p000001a/public_html/sekiama/wp-content/plugins/php-compatibility-checker/vendor/squizlabs/php_codesniffer/CodeSniffer.php, na linha 306

2022-03-30T02:07:40+00:00 CRITICAL Maximum execution time of 55 seconds exceeded, em /home/p000001a/public_html/sekiama/wp-content/plugins/php-compatibility-checker/vendor/phpcompatibility/php-compatibility/PHPCompatibility/PHPCSHelper.php, na linha 95

2022-03-30T02:10:01+00:00 CRITICAL Maximum execution time of 55 seconds exceeded, em /home/p000001a/public_html/sekiama/wp-content/plugins/woocommerce/vendor/jetpack-autoloader/class-version-loader.php, na linha 141

2022-03-30T06:05:11+00:00 CRITICAL Maximum execution time of 55 seconds exceeded, em /home/p000001a/public_html/sekiama/wp-content/plugins/php-compatibility-checker/vendor/squizlabs/php_codesniffer/CodeSniffer.php, na linha 2200

2022-03-30T06:50:54+00:00 CRITICAL Maximum execution time of 55 seconds exceeded, em /home/p000001a/public_html/sekiama/wp-content/plugins/php-compatibility-checker/vendor/phpcompatibility/php-compatibility/PHPCompatibility/PHPCSHelper.php, na linha 95

2022-03-30T10:17:07+00:00 CRITICAL Maximum execution time of 55 seconds exceeded, em /home/p000001a/public_html/sekiama/wp-content/plugins/php-compatibility-checker/vendor/phpcompatibility/php-compatibility/PHPCompatibility/PHPCSHelper.php, na linha 95

2022-03-30T13:41:34+00:00 CRITICAL Maximum execution time of 55 seconds exceeded, em /home/p000001a/public_html/sekiama/wp-content/plugins/php-compatibility-checker/vendor/phpcompatibility/php-compatibility/PHPCompatibility/PHPCSHelper.php, na linha 95

2022-03-30T13:42:21+00:00 CRITICAL Maximum execution time of 55 seconds exceeded, em /home/p000001a/public_html/sekiama/wp-content/plugins/wordfence/modules/login-security/wordfence-login-security.php, na linha 56

2022-03-30T13:43:58+00:00 CRITICAL Maximum execution time of 55 seconds exceeded, em /home/p000001a/public_html/sekiama/wp-content/plugins/php-compatibility-checker/vendor/phpcompatibility/php-compatibility/PHPCompatibility/PHPCSHelper.php, na linha 95

2022-03-30T13:45:57+00:00 CRITICAL Maximum execution time of 55 seconds exceeded, em /home/p000001a/public_html/sekiama/wp-content/plugins/php-compatibility-checker/vendor/squizlabs/php_codesniffer/CodeSniffer.php, na linha 298

2022-03-30T13:49:26+00:00 CRITICAL Maximum execution time of 55 seconds exceeded, em /home/p000001a/public_html/sekiama/wp-content/plugins/wordpress-seo/wp-seo-main.php, na linha 65

2022-03-30T13:50:50+00:00 CRITICAL Maximum execution time of 55 seconds exceeded, em /home/p000001a/public_html/sekiama/wp-content/plugins/php-compatibility-checker/vendor/phpcompatibility/php-compatibility/PHPCompatibility/PHPCSHelper.php, na linha 95

2022-03-30T13:51:33+00:00 CRITICAL Maximum execution time of 55 seconds exceeded, em /home/p000001a/public_html/sekiama/wp-content/plugins/php-compatibility-checker/vendor/phpcompatibility/php-compatibility/PHPCompatibility/Sniff.php, na linha 198

2022-03-30T13:54:23+00:00 CRITICAL Maximum execution time of 55 seconds exceeded, em /home/p000001a/public_html/sekiama/wp-content/plugins/php-compatibility-checker/vendor/phpcompatibility/php-compatibility/PHPCompatibility/PHPCSHelper.php, na linha 95

2022-03-30T13:56:38+00:00 CRITICAL Maximum execution time of 55 seconds exceeded, em /home/p000001a/public_html/sekiama/wp-content/plugins/mailpoet/vendor/composer/ClassLoader.php, na linha 192

2022-03-30T13:58:17+00:00 CRITICAL Maximum execution time of 55 seconds exceeded, em /home/p000001a/public_html/sekiama/wp-content/plugins/php-compatibility-checker/vendor/phpcompatibility/php-compatibility/PHPCompatibility/PHPCSHelper.php, na linha 95

2022-03-30T14:00:37+00:00 CRITICAL Maximum execution time of 55 seconds exceeded, em /home/p000001a/public_html/sekiama/wp-content/plugins/ti-woocommerce-wishlist/ti-woocommerce-wishlist.php, na linha 182

2022-03-30T14:06:57+00:00 CRITICAL Maximum execution time of 55 seconds exceeded, em /home/p000001a/public_html/sekiama/wp-content/plugins/php-compatibility-checker/vendor/phpcompatibility/php-compatibility/PHPCompatibility/Sniffs/Syntax/RemovedCurlyBraceArrayAccessSniff.php, na linha 161

2022-03-30T14:09:04+00:00 CRITICAL Maximum execution time of 55 seconds exceeded, em /home/p000001a/public_html/sekiama/wp-content/plugins/php-compatibility-checker/vendor/squizlabs/php_codesniffer/CodeSniffer.php, na linha 2208

2022-03-30T14:11:00+00:00 CRITICAL Maximum execution time of 55 seconds exceeded, em /home/p000001a/public_html/sekiama/wp-content/plugins/php-compatibility-checker/vendor/squizlabs/php_codesniffer/CodeSniffer/File.php, na linha 3334

2022-03-30T14:12:05+00:00 CRITICAL Maximum execution time of 55 seconds exceeded, em /home/p000001a/public_html/sekiama/wp-content/plugins/php-compatibility-checker/vendor/phpcompatibility/php-compatibility/PHPCompatibility/PHPCSHelper.php, na linha 95

2022-03-30T14:13:54+00:00 CRITICAL Maximum execution time of 55 seconds exceeded, em /home/p000001a/public_html/sekiama/wp-includes/formatting.php, na linha 2761

2022-03-30T14:16:01+00:00 CRITICAL Maximum execution time of 55 seconds exceeded, em /home/p000001a/public_html/sekiama/wp-content/plugins/php-compatibility-checker/vendor/phpcompatibility/php-compatibility/PHPCompatibility/PHPCSHelper.php, na linha 95

2022-03-30T14:18:01+00:00 CRITICAL Maximum execution time of 55 seconds exceeded, em /home/p000001a/public_html/sekiama/wp-content/plugins/php-compatibility-checker/vendor/phpcompatibility/php-compatibility/PHPCompatibility/PHPCSHelper.php, na linha 95

2022-03-30T14:19:34+00:00 CRITICAL Maximum execution time of 55 seconds exceeded, em /home/p000001a/public_html/sekiama/wp-content/plugins/php-compatibility-checker/vendor/phpcompatibility/php-compatibility/PHPCompatibility/PHPCSHelper.php, na linha 95

2022-03-30T14:20:17+00:00 CRITICAL Maximum execution time of 55 seconds exceeded, em /home/p000001a/public_html/sekiama/wp-content/plugins/php-compatibility-checker/vendor/phpcompatibility/php-compatibility/PHPCompatibility/PHPCSHelper.php, na linha 95

2022-03-30T14:21:57+00:00 CRITICAL Maximum execution time of 55 seconds exceeded, em /home/p000001a/public_html/sekiama/wp-content/plugins/php-compatibility-checker/vendor/phpcompatibility/php-compatibility/PHPCompatibility/PHPCSHelper.php, na linha 95

2022-03-30T14:23:59+00:00 CRITICAL Maximum execution time of 55 seconds exceeded, em /home/p000001a/public_html/sekiama/wp-content/plugins/php-compatibility-checker/vendor/squizlabs/php_codesniffer/CodeSniffer.php, na linha 290

2022-03-30T14:26:16+00:00 CRITICAL Maximum execution time of 55 seconds exceeded, em /home/p000001a/public_html/sekiama/wp-content/plugins/php-compatibility-checker/vendor/phpcompatibility/php-compatibility/PHPCompatibility/PHPCSHelper.php, na linha 95

2022-03-30T14:29:59+00:00 CRITICAL Maximum execution time of 55 seconds exceeded, em /home/p000001a/public_html/sekiama/wp-content/plugins/php-compatibility-checker/vendor/phpcompatibility/php-compatibility/PHPCompatibility/PHPCSHelper.php, na linha 95

2022-03-30T14:30:59+00:00 CRITICAL Maximum execution time of 55 seconds exceeded, em /home/p000001a/public_html/sekiama/wp-content/plugins/php-compatibility-checker/vendor/phpcompatibility/php-compatibility/PHPCompatibility/PHPCSHelper.php, na linha 95

2022-03-30T14:34:49+00:00 CRITICAL Maximum execution time of 55 seconds exceeded, em /home/p000001a/public_html/sekiama/wp-content/plugins/php-compatibility-checker/vendor/phpcompatibility/php-compatibility/PHPCompatibility/PHPCSHelper.php, na linha 95

2022-03-30T14:36:49+00:00 CRITICAL Maximum execution time of 55 seconds exceeded, em /home/p000001a/public_html/sekiama/wp-content/plugins/php-compatibility-checker/vendor/squizlabs/php_codesniffer/CodeSniffer.php, na linha 298

2022-03-30T14:39:15+00:00 CRITICAL Maximum execution time of 55 seconds exceeded, em /home/p000001a/public_html/sekiama/wp-content/plugins/woocommerce/vendor/jetpack-autoloader/class-version-loader.php, na linha 126

2022-03-30T17:05:48+00:00 CRITICAL Maximum execution time of 55 seconds exceeded, em /home/p000001a/public_html/sekiama/wp-content/plugins/php-compatibility-checker/vendor/phpcompatibility/php-compatibility/PHPCompatibility/PHPCSHelper.php, na linha 95

2022-03-30T17:08:10+00:00 CRITICAL Maximum execution time of 55 seconds exceeded, em /home/p000001a/public_html/sekiama/wp-content/plugins/php-compatibility-checker/vendor/squizlabs/php_codesniffer/CodeSniffer.php, na linha 290

2022-03-30T17:09:18+00:00 CRITICAL Maximum execution time of 55 seconds exceeded, em /home/p000001a/public_html/sekiama/wp-content/plugins/php-compatibility-checker/vendor/phpcompatibility/php-compatibility/PHPCompatibility/PHPCSHelper.php, na linha 95

2022-03-30T17:10:19+00:00 CRITICAL Maximum execution time of 55 seconds exceeded, em /home/p000001a/public_html/sekiama/wp-content/plugins/mailpoet/vendor/composer/ClassLoader.php, na linha 192

2022-03-30T17:11:32+00:00 CRITICAL Maximum execution time of 55 seconds exceeded, em /home/p000001a/public_html/sekiama/wp-content/plugins/php-compatibility-checker/vendor/squizlabs/php_codesniffer/CodeSniffer/File.php, na linha 3334

2022-03-30T17:12:27+00:00 CRITICAL Maximum execution time of 55 seconds exceeded, em /home/p000001a/public_html/sekiama/wp-content/plugins/php-compatibility-checker/vendor/phpcompatibility/php-compatibility/PHPCompatibility/PHPCSHelper.php, na linha 95

2022-03-30T17:13:19+00:00 CRITICAL Maximum execution time of 55 seconds exceeded, em /home/p000001a/public_html/sekiama/wp-content/plugins/php-compatibility-checker/vendor/squizlabs/php_codesniffer/CodeSniffer.php, na linha 290

2022-03-30T17:17:24+00:00 CRITICAL Maximum execution time of 55 seconds exceeded, em /home/p000001a/public_html/sekiama/wp-content/plugins/php-compatibility-checker/vendor/squizlabs/php_codesniffer/CodeSniffer.php, na linha 2203

2022-03-30T17:19:31+00:00 CRITICAL Maximum execution time of 55 seconds exceeded, em /home/p000001a/public_html/sekiama/wp-content/plugins/php-compatibility-checker/vendor/phpcompatibility/php-compatibility/PHPCompatibility/PHPCSHelper.php, na linha 95

2022-03-30T17:21:28+00:00 CRITICAL Maximum execution time of 55 seconds exceeded, em /home/p000001a/public_html/sekiama/wp-content/plugins/php-compatibility-checker/vendor/squizlabs/php_codesniffer/CodeSniffer.php, na linha 298

2022-03-30T17:51:54+00:00 CRITICAL Maximum execution time of 55 seconds exceeded, em /home/p000001a/public_html/sekiama/wp-content/plugins/php-compatibility-checker/vendor/phpcompatibility/php-compatibility/PHPCompatibility/PHPCSHelper.php, na linha 95

2022-03-30T17:52:48+00:00 CRITICAL Maximum execution time of 55 seconds exceeded, em /home/p000001a/public_html/sekiama/wp-content/plugins/php-compatibility-checker/vendor/squizlabs/php_codesniffer/CodeSniffer/File.php, na linha 3277

2022-03-30T17:54:04+00:00 CRITICAL Maximum execution time of 55 seconds exceeded, em /home/p000001a/public_html/sekiama/wp-content/plugins/php-compatibility-checker/vendor/squizlabs/php_codesniffer/CodeSniffer/File.php, na linha 526

2022-03-30T17:55:58+00:00 CRITICAL Maximum execution time of 55 seconds exceeded, em /home/p000001a/public_html/sekiama/wp-content/plugins/woocommerce/vendor/jetpack-autoloader/class-version-loader.php, na linha 131

2022-03-30T17:58:01+00:00 CRITICAL Maximum execution time of 55 seconds exceeded, em /home/p000001a/public_html/sekiama/wp-content/plugins/php-compatibility-checker/vendor/phpcompatibility/php-compatibility/PHPCompatibility/PHPCSHelper.php, na linha 95

2022-03-30T18:00:02+00:00 CRITICAL Maximum execution time of 55 seconds exceeded, em /home/p000001a/public_html/sekiama/wp-content/plugins/php-compatibility-checker/vendor/phpcompatibility/php-compatibility/PHPCompatibility/PHPCSHelper.php, na linha 95

2022-03-30T18:04:57+00:00 CRITICAL Maximum execution time of 55 seconds exceeded, em /home/p000001a/public_html/sekiama/wp-content/plugins/php-compatibility-checker/vendor/phpcompatibility/php-compatibility/PHPCompatibility/PHPCSHelper.php, na linha 95

2022-03-30T18:06:54+00:00 CRITICAL Maximum execution time of 55 seconds exceeded, em /home/p000001a/public_html/sekiama/wp-content/plugins/php-compatibility-checker/vendor/phpcompatibility/php-compatibility/PHPCompatibility/PHPCSHelper.php, na linha 95

2022-03-30T18:09:16+00:00 CRITICAL Maximum execution time of 55 seconds exceeded, em /home/p000001a/public_html/sekiama/wp-content/plugins/php-compatibility-checker/vendor/squizlabs/php_codesniffer/CodeSniffer/File.php, na linha 520

2022-03-30T18:11:08+00:00 CRITICAL Maximum execution time of 55 seconds exceeded, em /home/p000001a/public_html/sekiama/wp-content/plugins/php-compatibility-checker/vendor/phpcompatibility/php-compatibility/PHPCompatibility/PHPCSHelper.php, na linha 95

2022-03-30T18:13:11+00:00 CRITICAL Maximum execution time of 55 seconds exceeded, em /home/p000001a/public_html/sekiama/wp-content/plugins/php-compatibility-checker/vendor/phpcompatibility/php-compatibility/PHPCompatibility/PHPCSHelper.php, na linha 95

2022-03-30T18:50:43+00:00 CRITICAL Maximum execution time of 55 seconds exceeded, em /home/p000001a/public_html/sekiama/wp-content/plugins/php-compatibility-checker/vendor/squizlabs/php_codesniffer/CodeSniffer.php, na linha 288

2022-03-30T18:52:42+00:00 CRITICAL Maximum execution time of 55 seconds exceeded, em /home/p000001a/public_html/sekiama/wp-content/plugins/php-compatibility-checker/vendor/squizlabs/php_codesniffer/CodeSniffer/File.php, na linha 3334

2022-03-30T18:55:00+00:00 CRITICAL Maximum execution time of 55 seconds exceeded, em /home/p000001a/public_html/sekiama/wp-content/plugins/mailpoet/vendor/composer/ClassLoader.php, na linha 192

2022-03-30T18:56:58+00:00 CRITICAL Maximum execution time of 55 seconds exceeded, em /home/p000001a/public_html/sekiama/wp-content/plugins/php-compatibility-checker/vendor/phpcompatibility/php-compatibility/PHPCompatibility/PHPCSHelper.php, na linha 95

2022-03-30T19:01:22+00:00 CRITICAL Maximum execution time of 55 seconds exceeded, em /home/p000001a/public_html/sekiama/wp-content/plugins/php-compatibility-checker/vendor/phpcompatibility/php-compatibility/PHPCompatibility/PHPCSHelper.php, na linha 95

2022-03-30T19:04:38+00:00 CRITICAL Maximum execution time of 55 seconds exceeded, em /home/p000001a/public_html/sekiama/wp-content/plugins/php-compatibility-checker/vendor/phpcompatibility/php-compatibility/PHPCompatibility/PHPCSHelper.php, na linha 95

2022-03-30T21:44:34+00:00 CRITICAL Maximum execution time of 55 seconds exceeded, em /home/p000001a/public_html/sekiama/wp-content/plugins/php-compatibility-checker/vendor/phpcompatibility/php-compatibility/PHPCompatibility/Sniff.php, na linha 235

2022-03-30T21:46:11+00:00 CRITICAL Maximum execution time of 55 seconds exceeded, em /home/p000001a/public_html/sekiama/wp-content/plugins/php-compatibility-checker/vendor/phpcompatibility/php-compatibility/PHPCompatibility/Sniff.php, na linha 227

2022-03-30T21:47:10+00:00 CRITICAL Maximum execution time of 55 seconds exceeded, em /home/p000001a/public_html/sekiama/wp-content/plugins/php-compatibility-checker/vendor/phpcompatibility/php-compatibility/PHPCompatibility/PHPCSHelper.php, na linha 95

2022-03-30T21:48:23+00:00 CRITICAL Maximum execution time of 55 seconds exceeded, em /home/p000001a/public_html/sekiama/wp-content/plugins/php-compatibility-checker/vendor/phpcompatibility/php-compatibility/PHPCompatibility/PHPCSHelper.php, na linha 95

2022-03-30T21:49:30+00:00 CRITICAL Maximum execution time of 55 seconds exceeded, em /home/p000001a/public_html/sekiama/wp-content/plugins/php-compatibility-checker/vendor/squizlabs/php_codesniffer/CodeSniffer/File.php, na linha 3334

2022-03-30T21:50:36+00:00 CRITICAL Maximum execution time of 55 seconds exceeded, em /home/p000001a/public_html/sekiama/wp-content/plugins/php-compatibility-checker/vendor/phpcompatibility/php-compatibility/PHPCompatibility/PHPCSHelper.php, na linha 95

2022-03-30T21:51:45+00:00 CRITICAL Maximum execution time of 55 seconds exceeded, em /home/p000001a/public_html/sekiama/wp-content/plugins/php-compatibility-checker/vendor/squizlabs/php_codesniffer/CodeSniffer.php, na linha 298

