07-25-2022 @ 21:13:14 - ERRO: CEP destino não informado
07-25-2022 @ 21:13:44 - ERRO: CEP destino não informado
07-25-2022 @ 21:14:23 - ERRO: CEP destino não informado
07-25-2022 @ 21:15:06 - ERRO: CEP destino não informado
07-25-2022 @ 21:16:55 - ERRO: CEP destino não informado
07-25-2022 @ 21:17:09 - ERRO: CEP destino não informado
07-25-2022 @ 21:17:54 - ERRO: CEP destino não informado
07-25-2022 @ 21:18:33 - ERRO: CEP destino não informado
07-25-2022 @ 21:18:56 - ERRO: CEP destino não informado
07-25-2022 @ 23:54:22 - ERRO: CEP destino não informado
07-25-2022 @ 23:54:23 - ERRO: CEP destino não informado
07-25-2022 @ 23:54:24 - ERRO: CEP destino não informado
07-25-2022 @ 23:54:25 - ERRO: CEP destino não informado
07-25-2022 @ 23:54:27 - ERRO: CEP destino não informado
07-25-2022 @ 23:54:29 - ERRO: CEP destino não informado
07-25-2022 @ 23:54:30 - ERRO: CEP destino não informado
07-25-2022 @ 23:54:31 - ERRO: CEP destino não informado
07-26-2022 @ 09:37:27 - ERRO: CEP destino não informado
07-26-2022 @ 09:54:57 - ERRO: CEP destino não informado
07-26-2022 @ 14:10:35 - ERRO: CEP destino não informado
07-26-2022 @ 14:11:25 - Product: WC_Product_Simple Object
(
    [object_type:protected] => product
    [post_type:protected] => product
    [cache_group:protected] => products
    [data:protected] => Array
        (
            [name] => Kit Favoritas
            [slug] => kit-favoritas
            [date_created] => WC_DateTime Object
                (
                    [utc_offset:protected] => 0
                    [date] => 2021-11-26 11:44:48.000000
                    [timezone_type] => 3
                    [timezone] => America/Sao_Paulo
                )

            [date_modified] => WC_DateTime Object
                (
                    [utc_offset:protected] => 0
                    [date] => 2022-01-17 12:54:04.000000
                    [timezone_type] => 3
                    [timezone] => America/Sao_Paulo
                )

            [status] => publish
            [featured] => 
            [catalog_visibility] => visible
            [description] => O Kit perfeito para você experimentar as mais vendidas.

Contém as farofas <b>Doce, Com Muita Cebola e Com Muitas Sementes</b>
            [short_description] => 
            [sku] => 
            [price] => 50
            [regular_price] => 50
            [sale_price] => 
            [date_on_sale_from] => 
            [date_on_sale_to] => 
            [total_sales] => 0
            [tax_status] => taxable
            [tax_class] => 
            [manage_stock] => 
            [stock_quantity] => 
            [stock_status] => instock
            [backorders] => no
            [low_stock_amount] => 
            [sold_individually] => 
            [weight] => 
            [length] => 
            [width] => 
            [height] => 
            [upsell_ids] => Array
                (
                )

            [cross_sell_ids] => Array
                (
                )

            [parent_id] => 0
            [reviews_allowed] => 
            [purchase_note] => 
            [attributes] => Array
                (
                )

            [default_attributes] => Array
                (
                )

            [menu_order] => 0
            [post_password] => 
            [virtual] => 
            [downloadable] => 
            [category_ids] => Array
                (
                    [0] => 18
                )

            [tag_ids] => Array
                (
                )

            [shipping_class_id] => 0
            [downloads] => Array
                (
                )

            [image_id] => 415
            [gallery_image_ids] => Array
                (
                )

            [download_limit] => -1
            [download_expiry] => -1
            [rating_counts] => Array
                (
                )

            [average_rating] => 0
            [review_count] => 0
        )

    [supports:protected] => Array
        (
            [0] => ajax_add_to_cart
        )

    [id:protected] => 203
    [changes:protected] => Array
        (
        )

    [object_read:protected] => 1
    [extra_data:protected] => Array
        (
        )

    [default_data:protected] => Array
        (
            [name] => 
            [slug] => 
            [date_created] => 
            [date_modified] => 
            [status] => 
            [featured] => 
            [catalog_visibility] => visible
            [description] => 
            [short_description] => 
            [sku] => 
            [price] => 
            [regular_price] => 
            [sale_price] => 
            [date_on_sale_from] => 
            [date_on_sale_to] => 
            [total_sales] => 0
            [tax_status] => taxable
            [tax_class] => 
            [manage_stock] => 
            [stock_quantity] => 
            [stock_status] => instock
            [backorders] => no
            [low_stock_amount] => 
            [sold_individually] => 
            [weight] => 
            [length] => 
            [width] => 
            [height] => 
            [upsell_ids] => Array
                (
                )

            [cross_sell_ids] => Array
                (
                )

            [parent_id] => 0
            [reviews_allowed] => 1
            [purchase_note] => 
            [attributes] => Array
                (
                )

            [default_attributes] => Array
                (
                )

            [menu_order] => 0
            [post_password] => 
            [virtual] => 
            [downloadable] => 
            [category_ids] => Array
                (
                )

            [tag_ids] => Array
                (
                )

            [shipping_class_id] => 0
            [downloads] => Array
                (
                )

            [image_id] => 
            [gallery_image_ids] => Array
                (
                )

            [download_limit] => -1
            [download_expiry] => -1
            [rating_counts] => Array
                (
                )

            [average_rating] => 0
            [review_count] => 0
        )

    [data_store:protected] => WC_Data_Store Object
        (
            [instance:WC_Data_Store:private] => WC_Product_Data_Store_CPT Object
                (
                    [internal_meta_keys:protected] => Array
                        (
                            [0] => _visibility
                            [1] => _sku
                            [2] => _price
                            [3] => _regular_price
                            [4] => _sale_price
                            [5] => _sale_price_dates_from
                            [6] => _sale_price_dates_to
                            [7] => total_sales
                            [8] => _tax_status
                            [9] => _tax_class
                            [10] => _manage_stock
                            [11] => _stock
                            [12] => _stock_status
                            [13] => _backorders
                            [14] => _low_stock_amount
                            [15] => _sold_individually
                            [16] => _weight
                            [17] => _length
                            [18] => _width
                            [19] => _height
                            [20] => _upsell_ids
                            [21] => _crosssell_ids
                            [22] => _purchase_note
                            [23] => _default_attributes
                            [24] => _product_attributes
                            [25] => _virtual
                            [26] => _downloadable
                            [27] => _download_limit
                            [28] => _download_expiry
                            [29] => _featured
                            [30] => _downloadable_files
                            [31] => _wc_rating_count
                            [32] => _wc_average_rating
                            [33] => _wc_review_count
                            [34] => _variation_description
                            [35] => _thumbnail_id
                            [36] => _file_paths
                            [37] => _product_image_gallery
                            [38] => _product_version
                            [39] => _wp_old_slug
                            [40] => _edit_last
                            [41] => _edit_lock
                        )

                    [must_exist_meta_keys:protected] => Array
                        (
                            [0] => _tax_class
                        )

                    [extra_data_saved:protected] => 
                    [updated_props:protected] => Array
                        (
                        )

                    [meta_type:protected] => post
                    [object_id_field_for_meta:protected] => 
                )

            [stores:WC_Data_Store:private] => Array
                (
                    [coupon] => WC_Coupon_Data_Store_CPT
                    [customer] => WC_Customer_Data_Store
                    [customer-download] => WC_Customer_Download_Data_Store
                    [customer-download-log] => WC_Customer_Download_Log_Data_Store
                    [customer-session] => WC_Customer_Data_Store_Session
                    [order] => WC_Order_Data_Store_CPT
                    [order-refund] => WC_Order_Refund_Data_Store_CPT
                    [order-item] => WC_Order_Item_Data_Store
                    [order-item-coupon] => WC_Order_Item_Coupon_Data_Store
                    [order-item-fee] => WC_Order_Item_Fee_Data_Store
                    [order-item-product] => WC_Order_Item_Product_Data_Store
                    [order-item-shipping] => WC_Order_Item_Shipping_Data_Store
                    [order-item-tax] => WC_Order_Item_Tax_Data_Store
                    [payment-token] => WC_Payment_Token_Data_Store
                    [product] => WC_Product_Data_Store_CPT
                    [product-grouped] => WC_Product_Grouped_Data_Store_CPT
                    [product-variable] => WC_Product_Variable_Data_Store_CPT
                    [product-variation] => WC_Product_Variation_Data_Store_CPT
                    [shipping-zone] => WC_Shipping_Zone_Data_Store
                    [webhook] => WC_Webhook_Data_Store
                    [report-revenue-stats] => Automattic\WooCommerce\Admin\API\Reports\Orders\Stats\DataStore
                    [report-orders] => Automattic\WooCommerce\Admin\API\Reports\Orders\DataStore
                    [report-orders-stats] => Automattic\WooCommerce\Admin\API\Reports\Orders\Stats\DataStore
                    [report-products] => Automattic\WooCommerce\Admin\API\Reports\Products\DataStore
                    [report-variations] => Automattic\WooCommerce\Admin\API\Reports\Variations\DataStore
                    [report-products-stats] => Automattic\WooCommerce\Admin\API\Reports\Products\Stats\DataStore
                    [report-variations-stats] => Automattic\WooCommerce\Admin\API\Reports\Variations\Stats\DataStore
                    [report-categories] => Automattic\WooCommerce\Admin\API\Reports\Categories\DataStore
                    [report-taxes] => Automattic\WooCommerce\Admin\API\Reports\Taxes\DataStore
                    [report-taxes-stats] => Automattic\WooCommerce\Admin\API\Reports\Taxes\Stats\DataStore
                    [report-coupons] => Automattic\WooCommerce\Admin\API\Reports\Coupons\DataStore
                    [report-coupons-stats] => Automattic\WooCommerce\Admin\API\Reports\Coupons\Stats\DataStore
                    [report-downloads] => Automattic\WooCommerce\Admin\API\Reports\Downloads\DataStore
                    [report-downloads-stats] => Automattic\WooCommerce\Admin\API\Reports\Downloads\Stats\DataStore
                    [admin-note] => Automattic\WooCommerce\Admin\Notes\DataStore
                    [report-customers] => Automattic\WooCommerce\Admin\API\Reports\Customers\DataStore
                    [report-customers-stats] => Automattic\WooCommerce\Admin\API\Reports\Customers\Stats\DataStore
                    [report-stock-stats] => Automattic\WooCommerce\Admin\API\Reports\Stock\Stats\DataStore
                )

            [current_class_name:WC_Data_Store:private] => WC_Product_Data_Store_CPT
            [object_type:WC_Data_Store:private] => product-simple
        )

    [meta_data:protected] => 
)

07-26-2022 @ 14:11:25 - shippingItem: stdClass Object
(
    [Weight] => 1
    [Length] => 16
    [Height] => 2
    [Width] => 11
    [Diameter] => 0
    [SKU] => 
    [Category] => kits|
    [isFragile] => 
)

07-26-2022 @ 14:11:25 - CEP 11630-000
07-26-2022 @ 14:11:25 - Requesting the Frenet WebServices...
07-26-2022 @ 14:11:25 - Array
(
    [Token] => 3D2F795ER0734R4699RA595RC0EB30404754
    [Coupom] => 
    [PlatformName] => WOOCOMMERCE
    [PlatformVersion] => 6.7.0
    [SellerCEP] => 04004070
    [RecipientCEP] => 11630-000
    [RecipientDocument] => 
    [ShipmentInvoiceValue] => 50
    [ShippingItemArray] => Array
        (
            [0] => stdClass Object
                (
                    [Weight] => 1
                    [Length] => 16
                    [Height] => 2
                    [Width] => 11
                    [Diameter] => 0
                    [SKU] => 
                    [Category] => kits|
                    [isFragile] => 
                    [Quantity] => 1
                )

        )

    [RecipientCountry] => BR
)

07-26-2022 @ 14:11:25 - URL: http://api.frenet.com.br/shipping/quote
07-26-2022 @ 14:11:26 - Curl response: {"ShippingSevicesArray":[{"ServiceCode":"03298","ServiceDescription":"PAC","Carrier":"Correios","CarrierCode":"COR","ShippingPrice":"17.97","DeliveryTime":"5","Error":false,"OriginalDeliveryTime":"5","OriginalShippingPrice":"17.96640000000","ResponseTime":"87.7534","AllowBuyLabel":true},{"ServiceCode":"03220","ServiceDescription":"Sedex","Carrier":"Correios","CarrierCode":"COR","ShippingPrice":"21.44","DeliveryTime":"2","Error":false,"OriginalDeliveryTime":"2","OriginalShippingPrice":"21.44340000000","ResponseTime":"91.0419","AllowBuyLabel":true},{"ServiceCode":"F_3","ServiceDescription":"Jadlog Package","Carrier":"Jadlog","CarrierCode":"JAD","ShippingPrice":"64.52","DeliveryTime":"4","Error":false,"OriginalDeliveryTime":"4","OriginalShippingPrice":"64.5192000","ResponseTime":"4.8557","AllowBuyLabel":true},{"ServiceCode":"04227","ServiceDescription":"Mini Envios","Carrier":"Correios","CarrierCode":"COR","Msg":"Erro: Peso excedido.","Error":true,"ResponseTime":"0.0192","AllowBuyLabel":true}],"Timeout":0}
07-26-2022 @ 14:11:26 - Percorrendo os serviços retornados
07-26-2022 @ 14:11:26 - WebServices response [PAC]: stdClass Object
(
    [ServiceCode] => 03298
    [ServiceDescription] => PAC
    [Carrier] => Correios
    [CarrierCode] => COR
    [ShippingPrice] => 17.97
    [DeliveryTime] => 5
    [Error] => 
    [OriginalDeliveryTime] => 5
    [OriginalShippingPrice] => 17.96640000000
    [ResponseTime] => 87.7534
    [AllowBuyLabel] => 1
)

07-26-2022 @ 14:11:26 - Percorrendo os serviços retornados
07-26-2022 @ 14:11:26 - WebServices response [Sedex]: stdClass Object
(
    [ServiceCode] => 03220
    [ServiceDescription] => Sedex
    [Carrier] => Correios
    [CarrierCode] => COR
    [ShippingPrice] => 21.44
    [DeliveryTime] => 2
    [Error] => 
    [OriginalDeliveryTime] => 2
    [OriginalShippingPrice] => 21.44340000000
    [ResponseTime] => 91.0419
    [AllowBuyLabel] => 1
)

07-26-2022 @ 14:11:26 - Percorrendo os serviços retornados
07-26-2022 @ 14:11:26 - WebServices response [Jadlog Package]: stdClass Object
(
    [ServiceCode] => F_3
    [ServiceDescription] => Jadlog Package
    [Carrier] => Jadlog
    [CarrierCode] => JAD
    [ShippingPrice] => 64.52
    [DeliveryTime] => 4
    [Error] => 
    [OriginalDeliveryTime] => 4
    [OriginalShippingPrice] => 64.5192000
    [ResponseTime] => 4.8557
    [AllowBuyLabel] => 1
)

07-26-2022 @ 14:11:26 - Percorrendo os serviços retornados
07-26-2022 @ 14:11:26 - *continue*
07-26-2022 @ 14:14:50 - Product: WC_Product_Simple Object
(
    [object_type:protected] => product
    [post_type:protected] => product
    [cache_group:protected] => products
    [data:protected] => Array
        (
            [name] => Kit Favoritas
            [slug] => kit-favoritas
            [date_created] => WC_DateTime Object
                (
                    [utc_offset:protected] => 0
                    [date] => 2021-11-26 11:44:48.000000
                    [timezone_type] => 3
                    [timezone] => America/Sao_Paulo
                )

            [date_modified] => WC_DateTime Object
                (
                    [utc_offset:protected] => 0
                    [date] => 2022-01-17 12:54:04.000000
                    [timezone_type] => 3
                    [timezone] => America/Sao_Paulo
                )

            [status] => publish
            [featured] => 
            [catalog_visibility] => visible
            [description] => O Kit perfeito para você experimentar as mais vendidas.

Contém as farofas <b>Doce, Com Muita Cebola e Com Muitas Sementes</b>
            [short_description] => 
            [sku] => 
            [price] => 50
            [regular_price] => 50
            [sale_price] => 
            [date_on_sale_from] => 
            [date_on_sale_to] => 
            [total_sales] => 0
            [tax_status] => taxable
            [tax_class] => 
            [manage_stock] => 
            [stock_quantity] => 
            [stock_status] => instock
            [backorders] => no
            [low_stock_amount] => 
            [sold_individually] => 
            [weight] => 
            [length] => 
            [width] => 
            [height] => 
            [upsell_ids] => Array
                (
                )

            [cross_sell_ids] => Array
                (
                )

            [parent_id] => 0
            [reviews_allowed] => 
            [purchase_note] => 
            [attributes] => Array
                (
                )

            [default_attributes] => Array
                (
                )

            [menu_order] => 0
            [post_password] => 
            [virtual] => 
            [downloadable] => 
            [category_ids] => Array
                (
                    [0] => 18
                )

            [tag_ids] => Array
                (
                )

            [shipping_class_id] => 0
            [downloads] => Array
                (
                )

            [image_id] => 415
            [gallery_image_ids] => Array
                (
                )

            [download_limit] => -1
            [download_expiry] => -1
            [rating_counts] => Array
                (
                )

            [average_rating] => 0
            [review_count] => 0
        )

    [supports:protected] => Array
        (
            [0] => ajax_add_to_cart
        )

    [id:protected] => 203
    [changes:protected] => Array
        (
        )

    [object_read:protected] => 1
    [extra_data:protected] => Array
        (
        )

    [default_data:protected] => Array
        (
            [name] => 
            [slug] => 
            [date_created] => 
            [date_modified] => 
            [status] => 
            [featured] => 
            [catalog_visibility] => visible
            [description] => 
            [short_description] => 
            [sku] => 
            [price] => 
            [regular_price] => 
            [sale_price] => 
            [date_on_sale_from] => 
            [date_on_sale_to] => 
            [total_sales] => 0
            [tax_status] => taxable
            [tax_class] => 
            [manage_stock] => 
            [stock_quantity] => 
            [stock_status] => instock
            [backorders] => no
            [low_stock_amount] => 
            [sold_individually] => 
            [weight] => 
            [length] => 
            [width] => 
            [height] => 
            [upsell_ids] => Array
                (
                )

            [cross_sell_ids] => Array
                (
                )

            [parent_id] => 0
            [reviews_allowed] => 1
            [purchase_note] => 
            [attributes] => Array
                (
                )

            [default_attributes] => Array
                (
                )

            [menu_order] => 0
            [post_password] => 
            [virtual] => 
            [downloadable] => 
            [category_ids] => Array
                (
                )

            [tag_ids] => Array
                (
                )

            [shipping_class_id] => 0
            [downloads] => Array
                (
                )

            [image_id] => 
            [gallery_image_ids] => Array
                (
                )

            [download_limit] => -1
            [download_expiry] => -1
            [rating_counts] => Array
                (
                )

            [average_rating] => 0
            [review_count] => 0
        )

    [data_store:protected] => WC_Data_Store Object
        (
            [instance:WC_Data_Store:private] => WC_Product_Data_Store_CPT Object
                (
                    [internal_meta_keys:protected] => Array
                        (
                            [0] => _visibility
                            [1] => _sku
                            [2] => _price
                            [3] => _regular_price
                            [4] => _sale_price
                            [5] => _sale_price_dates_from
                            [6] => _sale_price_dates_to
                            [7] => total_sales
                            [8] => _tax_status
                            [9] => _tax_class
                            [10] => _manage_stock
                            [11] => _stock
                            [12] => _stock_status
                            [13] => _backorders
                            [14] => _low_stock_amount
                            [15] => _sold_individually
                            [16] => _weight
                            [17] => _length
                            [18] => _width
                            [19] => _height
                            [20] => _upsell_ids
                            [21] => _crosssell_ids
                            [22] => _purchase_note
                            [23] => _default_attributes
                            [24] => _product_attributes
                            [25] => _virtual
                            [26] => _downloadable
                            [27] => _download_limit
                            [28] => _download_expiry
                            [29] => _featured
                            [30] => _downloadable_files
                            [31] => _wc_rating_count
                            [32] => _wc_average_rating
                            [33] => _wc_review_count
                            [34] => _variation_description
                            [35] => _thumbnail_id
                            [36] => _file_paths
                            [37] => _product_image_gallery
                            [38] => _product_version
                            [39] => _wp_old_slug
                            [40] => _edit_last
                            [41] => _edit_lock
                        )

                    [must_exist_meta_keys:protected] => Array
                        (
                            [0] => _tax_class
                        )

                    [extra_data_saved:protected] => 
                    [updated_props:protected] => Array
                        (
                        )

                    [meta_type:protected] => post
                    [object_id_field_for_meta:protected] => 
                )

            [stores:WC_Data_Store:private] => Array
                (
                    [coupon] => WC_Coupon_Data_Store_CPT
                    [customer] => WC_Customer_Data_Store
                    [customer-download] => WC_Customer_Download_Data_Store
                    [customer-download-log] => WC_Customer_Download_Log_Data_Store
                    [customer-session] => WC_Customer_Data_Store_Session
                    [order] => WC_Order_Data_Store_CPT
                    [order-refund] => WC_Order_Refund_Data_Store_CPT
                    [order-item] => WC_Order_Item_Data_Store
                    [order-item-coupon] => WC_Order_Item_Coupon_Data_Store
                    [order-item-fee] => WC_Order_Item_Fee_Data_Store
                    [order-item-product] => WC_Order_Item_Product_Data_Store
                    [order-item-shipping] => WC_Order_Item_Shipping_Data_Store
                    [order-item-tax] => WC_Order_Item_Tax_Data_Store
                    [payment-token] => WC_Payment_Token_Data_Store
                    [product] => WC_Product_Data_Store_CPT
                    [product-grouped] => WC_Product_Grouped_Data_Store_CPT
                    [product-variable] => WC_Product_Variable_Data_Store_CPT
                    [product-variation] => WC_Product_Variation_Data_Store_CPT
                    [shipping-zone] => WC_Shipping_Zone_Data_Store
                    [webhook] => WC_Webhook_Data_Store
                    [report-revenue-stats] => Automattic\WooCommerce\Admin\API\Reports\Orders\Stats\DataStore
                    [report-orders] => Automattic\WooCommerce\Admin\API\Reports\Orders\DataStore
                    [report-orders-stats] => Automattic\WooCommerce\Admin\API\Reports\Orders\Stats\DataStore
                    [report-products] => Automattic\WooCommerce\Admin\API\Reports\Products\DataStore
                    [report-variations] => Automattic\WooCommerce\Admin\API\Reports\Variations\DataStore
                    [report-products-stats] => Automattic\WooCommerce\Admin\API\Reports\Products\Stats\DataStore
                    [report-variations-stats] => Automattic\WooCommerce\Admin\API\Reports\Variations\Stats\DataStore
                    [report-categories] => Automattic\WooCommerce\Admin\API\Reports\Categories\DataStore
                    [report-taxes] => Automattic\WooCommerce\Admin\API\Reports\Taxes\DataStore
                    [report-taxes-stats] => Automattic\WooCommerce\Admin\API\Reports\Taxes\Stats\DataStore
                    [report-coupons] => Automattic\WooCommerce\Admin\API\Reports\Coupons\DataStore
                    [report-coupons-stats] => Automattic\WooCommerce\Admin\API\Reports\Coupons\Stats\DataStore
                    [report-downloads] => Automattic\WooCommerce\Admin\API\Reports\Downloads\DataStore
                    [report-downloads-stats] => Automattic\WooCommerce\Admin\API\Reports\Downloads\Stats\DataStore
                    [admin-note] => Automattic\WooCommerce\Admin\Notes\DataStore
                    [report-customers] => Automattic\WooCommerce\Admin\API\Reports\Customers\DataStore
                    [report-customers-stats] => Automattic\WooCommerce\Admin\API\Reports\Customers\Stats\DataStore
                    [report-stock-stats] => Automattic\WooCommerce\Admin\API\Reports\Stock\Stats\DataStore
                )

            [current_class_name:WC_Data_Store:private] => WC_Product_Data_Store_CPT
            [object_type:WC_Data_Store:private] => product-simple
        )

    [meta_data:protected] => 
)

07-26-2022 @ 14:14:50 - shippingItem: stdClass Object
(
    [Weight] => 1
    [Length] => 16
    [Height] => 2
    [Width] => 11
    [Diameter] => 0
    [SKU] => 
    [Category] => kits|
    [isFragile] => 
)

07-26-2022 @ 14:14:50 - CEP 04084-006
07-26-2022 @ 14:14:50 - Requesting the Frenet WebServices...
07-26-2022 @ 14:14:50 - Array
(
    [Token] => 3D2F795ER0734R4699RA595RC0EB30404754
    [Coupom] => 
    [PlatformName] => WOOCOMMERCE
    [PlatformVersion] => 6.7.0
    [SellerCEP] => 04004070
    [RecipientCEP] => 04084-006
    [RecipientDocument] => 
    [ShipmentInvoiceValue] => 50
    [ShippingItemArray] => Array
        (
            [0] => stdClass Object
                (
                    [Weight] => 1
                    [Length] => 16
                    [Height] => 2
                    [Width] => 11
                    [Diameter] => 0
                    [SKU] => 
                    [Category] => kits|
                    [isFragile] => 
                    [Quantity] => 1
                )

        )

    [RecipientCountry] => BR
)

07-26-2022 @ 14:14:50 - URL: http://api.frenet.com.br/shipping/quote
07-26-2022 @ 14:14:50 - Curl response: {"ShippingSevicesArray":[{"ServiceCode":"03220","ServiceDescription":"Sedex","Carrier":"Correios","CarrierCode":"COR","ShippingPrice":"11.66","DeliveryTime":"1","Error":false,"OriginalDeliveryTime":"1","OriginalShippingPrice":"11.66220000000","ResponseTime":"21.0275","AllowBuyLabel":true},{"ServiceCode":"F_3","ServiceDescription":"Jadlog Package","Carrier":"Jadlog","CarrierCode":"JAD","ShippingPrice":"15.46","DeliveryTime":"2","Error":false,"OriginalDeliveryTime":"2","OriginalShippingPrice":"15.4628000","ResponseTime":"7.9493","AllowBuyLabel":true},{"ServiceCode":"03298","ServiceDescription":"PAC","Carrier":"Correios","CarrierCode":"COR","ShippingPrice":"17.97","DeliveryTime":"5","Msg":"","Error":false,"OriginalDeliveryTime":"5","OriginalShippingPrice":"17.9664000","ResponseTime":"248.813","AllowBuyLabel":true},{"ServiceCode":"04227","ServiceDescription":"Mini Envios","Carrier":"Correios","CarrierCode":"COR","Msg":"Erro: Peso excedido.","Error":true,"ResponseTime":"0.0197","AllowBuyLabel":true}],"Timeout":0}
07-26-2022 @ 14:14:50 - Percorrendo os serviços retornados
07-26-2022 @ 14:14:50 - WebServices response [Sedex]: stdClass Object
(
    [ServiceCode] => 03220
    [ServiceDescription] => Sedex
    [Carrier] => Correios
    [CarrierCode] => COR
    [ShippingPrice] => 11.66
    [DeliveryTime] => 1
    [Error] => 
    [OriginalDeliveryTime] => 1
    [OriginalShippingPrice] => 11.66220000000
    [ResponseTime] => 21.0275
    [AllowBuyLabel] => 1
)

07-26-2022 @ 14:14:50 - Percorrendo os serviços retornados
07-26-2022 @ 14:14:50 - WebServices response [Jadlog Package]: stdClass Object
(
    [ServiceCode] => F_3
    [ServiceDescription] => Jadlog Package
    [Carrier] => Jadlog
    [CarrierCode] => JAD
    [ShippingPrice] => 15.46
    [DeliveryTime] => 2
    [Error] => 
    [OriginalDeliveryTime] => 2
    [OriginalShippingPrice] => 15.4628000
    [ResponseTime] => 7.9493
    [AllowBuyLabel] => 1
)

07-26-2022 @ 14:14:50 - Percorrendo os serviços retornados
07-26-2022 @ 14:14:50 - WebServices response [PAC]: stdClass Object
(
    [ServiceCode] => 03298
    [ServiceDescription] => PAC
    [Carrier] => Correios
    [CarrierCode] => COR
    [ShippingPrice] => 17.97
    [DeliveryTime] => 5
    [Msg] => 
    [Error] => 
    [OriginalDeliveryTime] => 5
    [OriginalShippingPrice] => 17.9664000
    [ResponseTime] => 248.813
    [AllowBuyLabel] => 1
)

07-26-2022 @ 14:14:50 - Percorrendo os serviços retornados
07-26-2022 @ 14:14:50 - *continue*
07-26-2022 @ 14:49:04 - Product: WC_Product_Simple Object
(
    [object_type:protected] => product
    [post_type:protected] => product
    [cache_group:protected] => products
    [data:protected] => Array
        (
            [name] => Farofa Doce
            [slug] => farofa-doce
            [date_created] => WC_DateTime Object
                (
                    [utc_offset:protected] => 0
                    [date] => 2021-11-26 11:11:46.000000
                    [timezone_type] => 3
                    [timezone] => America/Sao_Paulo
                )

            [date_modified] => WC_DateTime Object
                (
                    [utc_offset:protected] => 0
                    [date] => 2022-05-18 21:20:52.000000
                    [timezone_type] => 3
                    [timezone] => America/Sao_Paulo
                )

            [status] => publish
            [featured] => 
            [catalog_visibility] => visible
            [description] => Ideal para você que deseja inovar no sabor das suas deliciosas sobremesas, finalizando com um toque extra crocante.

Você ainda pode experimentar em vitaminas, massas de tortas, cobertura de bolos e onde mais preferir. Surpreendente, não? Imagina quando você provar!

<span style="color: #a81414;"><strong>Ingredientes: </strong></span>Flocão de Arroz, Farinha de Mandioca, Castanha-do-Pará, Gordura de Palma, Açúcar Demerara, Leite Integral e Sal Rosa do Himalaia. Contém Lactose. Alérgicos contém derivados do Leite e Castanhas.

<span style="color: #a81414;"><strong>É perfeita para: </strong></span>sobremesas, frutas, cremes, mousses, iogurtes, sorvetes, açaí e muito mais<!--more-->
<table class="nutri_table" style="height: 718px;" width="418">
<tbody>
<tr>
<td colspan="4" width="324"><strong>INFORMAÇÃO NUTRICIONAL</strong></td>
</tr>
<tr>
<td colspan="4" width="324">Porções por embalagem: 8,5 porções

Porção: 35 g (duas colheres de sopa)</td>
</tr>
<tr>
<td width="151"></td>
<td width="59">100 g</td>
<td width="57">35 g</td>
<td width="57">%VD*</td>
</tr>
<tr>
<td width="151">Valor energético (kcal)</td>
<td width="59">500</td>
<td width="57">175</td>
<td width="57">9</td>
</tr>
<tr>
<td width="151">Carboidratos totais (g)</td>
<td width="59">54</td>
<td width="57">19</td>
<td width="57">6</td>
</tr>
<tr>
<td width="151">Açúcares totais (g)</td>
<td width="59">3</td>
<td width="57">1,2</td>
<td width="57">2</td>
</tr>
<tr>
<td width="151">Açúcares adicionados (g)</td>
<td width="59">0</td>
<td width="57">0</td>
<td width="57">0</td>
</tr>
<tr>
<td width="151">Proteínas (g)</td>
<td width="59">6</td>
<td width="57">2,1</td>
<td width="57">4</td>
</tr>
<tr>
<td width="151">Gorduras totais (g)</td>
<td width="59">29</td>
<td width="57">10</td>
<td width="57">15</td>
</tr>
<tr>
<td width="151">Gorduras saturadas (g)</td>
<td width="59">12</td>
<td width="57">4,1</td>
<td width="57">21</td>
</tr>
<tr>
<td width="151">Gorduras trans (g)</td>
<td width="59">0</td>
<td width="57">0</td>
<td width="57">0</td>
</tr>
<tr>
<td width="151">Fibra alimentar (g)</td>
<td width="59">3</td>
<td width="57">1</td>
<td width="57">4</td>
</tr>
<tr>
<td width="151">Cálcio (mg)</td>
<td width="59">114</td>
<td width="57">40</td>
<td width="57">4</td>
</tr>
<tr>
<td width="151">Zinco (mg)</td>
<td width="59">1</td>
<td width="57">0,3</td>
<td width="57">3</td>
</tr>
<tr>
<td width="151">Fósforo (mg)</td>
<td width="59">171</td>
<td width="57">60</td>
<td width="57">9</td>
</tr>
<tr>
<td width="151">Magnésio (mg)</td>
<td width="59">57</td>
<td width="57">20</td>
<td width="57">5</td>
</tr>
<tr>
<td width="151">Sódio (mg)</td>
<td width="59">131</td>
<td width="57">46</td>
<td width="57">2</td>
</tr>
<tr>
<td colspan="4" width="324">*Percentual de valores diários fornecidos pela porção</td>
</tr>
</tbody>
</table>
            [short_description] => 
            [sku] => 
            [price] => 19.80
            [regular_price] => 19.80
            [sale_price] => 
            [date_on_sale_from] => 
            [date_on_sale_to] => 
            [total_sales] => 12
            [tax_status] => taxable
            [tax_class] => 
            [manage_stock] => 
            [stock_quantity] => 
            [stock_status] => instock
            [backorders] => no
            [low_stock_amount] => 
            [sold_individually] => 
            [weight] => 
            [length] => 
            [width] => 
            [height] => 
            [upsell_ids] => Array
                (
                )

            [cross_sell_ids] => Array
                (
                )

            [parent_id] => 0
            [reviews_allowed] => 
            [purchase_note] => 
            [attributes] => Array
                (
                )

            [default_attributes] => Array
                (
                )

            [menu_order] => 0
            [post_password] => 
            [virtual] => 
            [downloadable] => 
            [category_ids] => Array
                (
                    [0] => 17
                )

            [tag_ids] => Array
                (
                )

            [shipping_class_id] => 0
            [downloads] => Array
                (
                )

            [image_id] => 7700
            [gallery_image_ids] => Array
                (
                    [0] => 7701
                )

            [download_limit] => -1
            [download_expiry] => -1
            [rating_counts] => Array
                (
                )

            [average_rating] => 0
            [review_count] => 0
        )

    [supports:protected] => Array
        (
            [0] => ajax_add_to_cart
        )

    [id:protected] => 199
    [changes:protected] => Array
        (
        )

    [object_read:protected] => 1
    [extra_data:protected] => Array
        (
        )

    [default_data:protected] => Array
        (
            [name] => 
            [slug] => 
            [date_created] => 
            [date_modified] => 
            [status] => 
            [featured] => 
            [catalog_visibility] => visible
            [description] => 
            [short_description] => 
            [sku] => 
            [price] => 
            [regular_price] => 
            [sale_price] => 
            [date_on_sale_from] => 
            [date_on_sale_to] => 
            [total_sales] => 0
            [tax_status] => taxable
            [tax_class] => 
            [manage_stock] => 
            [stock_quantity] => 
            [stock_status] => instock
            [backorders] => no
            [low_stock_amount] => 
            [sold_individually] => 
            [weight] => 
            [length] => 
            [width] => 
            [height] => 
            [upsell_ids] => Array
                (
                )

            [cross_sell_ids] => Array
                (
                )

            [parent_id] => 0
            [reviews_allowed] => 1
            [purchase_note] => 
            [attributes] => Array
                (
                )

            [default_attributes] => Array
                (
                )

            [menu_order] => 0
            [post_password] => 
            [virtual] => 
            [downloadable] => 
            [category_ids] => Array
                (
                )

            [tag_ids] => Array
                (
                )

            [shipping_class_id] => 0
            [downloads] => Array
                (
                )

            [image_id] => 
            [gallery_image_ids] => Array
                (
                )

            [download_limit] => -1
            [download_expiry] => -1
            [rating_counts] => Array
                (
                )

            [average_rating] => 0
            [review_count] => 0
        )

    [data_store:protected] => WC_Data_Store Object
        (
            [instance:WC_Data_Store:private] => WC_Product_Data_Store_CPT Object
                (
                    [internal_meta_keys:protected] => Array
                        (
                            [0] => _visibility
                            [1] => _sku
                            [2] => _price
                            [3] => _regular_price
                            [4] => _sale_price
                            [5] => _sale_price_dates_from
                            [6] => _sale_price_dates_to
                            [7] => total_sales
                            [8] => _tax_status
                            [9] => _tax_class
                            [10] => _manage_stock
                            [11] => _stock
                            [12] => _stock_status
                            [13] => _backorders
                            [14] => _low_stock_amount
                            [15] => _sold_individually
                            [16] => _weight
                            [17] => _length
                            [18] => _width
                            [19] => _height
                            [20] => _upsell_ids
                            [21] => _crosssell_ids
                            [22] => _purchase_note
                            [23] => _default_attributes
                            [24] => _product_attributes
                            [25] => _virtual
                            [26] => _downloadable
                            [27] => _download_limit
                            [28] => _download_expiry
                            [29] => _featured
                            [30] => _downloadable_files
                            [31] => _wc_rating_count
                            [32] => _wc_average_rating
                            [33] => _wc_review_count
                            [34] => _variation_description
                            [35] => _thumbnail_id
                            [36] => _file_paths
                            [37] => _product_image_gallery
                            [38] => _product_version
                            [39] => _wp_old_slug
                            [40] => _edit_last
                            [41] => _edit_lock
                        )

                    [must_exist_meta_keys:protected] => Array
                        (
                            [0] => _tax_class
                        )

                    [extra_data_saved:protected] => 
                    [updated_props:protected] => Array
                        (
                        )

                    [meta_type:protected] => post
                    [object_id_field_for_meta:protected] => 
                )

            [stores:WC_Data_Store:private] => Array
                (
                    [coupon] => WC_Coupon_Data_Store_CPT
                    [customer] => WC_Customer_Data_Store
                    [customer-download] => WC_Customer_Download_Data_Store
                    [customer-download-log] => WC_Customer_Download_Log_Data_Store
                    [customer-session] => WC_Customer_Data_Store_Session
                    [order] => WC_Order_Data_Store_CPT
                    [order-refund] => WC_Order_Refund_Data_Store_CPT
                    [order-item] => WC_Order_Item_Data_Store
                    [order-item-coupon] => WC_Order_Item_Coupon_Data_Store
                    [order-item-fee] => WC_Order_Item_Fee_Data_Store
                    [order-item-product] => WC_Order_Item_Product_Data_Store
                    [order-item-shipping] => WC_Order_Item_Shipping_Data_Store
                    [order-item-tax] => WC_Order_Item_Tax_Data_Store
                    [payment-token] => WC_Payment_Token_Data_Store
                    [product] => WC_Product_Data_Store_CPT
                    [product-grouped] => WC_Product_Grouped_Data_Store_CPT
                    [product-variable] => WC_Product_Variable_Data_Store_CPT
                    [product-variation] => WC_Product_Variation_Data_Store_CPT
                    [shipping-zone] => WC_Shipping_Zone_Data_Store
                    [webhook] => WC_Webhook_Data_Store
                    [report-revenue-stats] => Automattic\WooCommerce\Admin\API\Reports\Orders\Stats\DataStore
                    [report-orders] => Automattic\WooCommerce\Admin\API\Reports\Orders\DataStore
                    [report-orders-stats] => Automattic\WooCommerce\Admin\API\Reports\Orders\Stats\DataStore
                    [report-products] => Automattic\WooCommerce\Admin\API\Reports\Products\DataStore
                    [report-variations] => Automattic\WooCommerce\Admin\API\Reports\Variations\DataStore
                    [report-products-stats] => Automattic\WooCommerce\Admin\API\Reports\Products\Stats\DataStore
                    [report-variations-stats] => Automattic\WooCommerce\Admin\API\Reports\Variations\Stats\DataStore
                    [report-categories] => Automattic\WooCommerce\Admin\API\Reports\Categories\DataStore
                    [report-taxes] => Automattic\WooCommerce\Admin\API\Reports\Taxes\DataStore
                    [report-taxes-stats] => Automattic\WooCommerce\Admin\API\Reports\Taxes\Stats\DataStore
                    [report-coupons] => Automattic\WooCommerce\Admin\API\Reports\Coupons\DataStore
                    [report-coupons-stats] => Automattic\WooCommerce\Admin\API\Reports\Coupons\Stats\DataStore
                    [report-downloads] => Automattic\WooCommerce\Admin\API\Reports\Downloads\DataStore
                    [report-downloads-stats] => Automattic\WooCommerce\Admin\API\Reports\Downloads\Stats\DataStore
                    [admin-note] => Automattic\WooCommerce\Admin\Notes\DataStore
                    [report-customers] => Automattic\WooCommerce\Admin\API\Reports\Customers\DataStore
                    [report-customers-stats] => Automattic\WooCommerce\Admin\API\Reports\Customers\Stats\DataStore
                    [report-stock-stats] => Automattic\WooCommerce\Admin\API\Reports\Stock\Stats\DataStore
                )

            [current_class_name:WC_Data_Store:private] => WC_Product_Data_Store_CPT
            [object_type:WC_Data_Store:private] => product-simple
        )

    [meta_data:protected] => 
)

07-26-2022 @ 14:49:04 - shippingItem: stdClass Object
(
    [Weight] => 1
    [Length] => 16
    [Height] => 2
    [Width] => 11
    [Diameter] => 0
    [SKU] => 
    [Category] => farofas|
    [isFragile] => 
)

07-26-2022 @ 14:49:04 - CEP 58046-033
07-26-2022 @ 14:49:04 - Requesting the Frenet WebServices...
07-26-2022 @ 14:49:04 - Array
(
    [Token] => 3D2F795ER0734R4699RA595RC0EB30404754
    [Coupom] => 
    [PlatformName] => WOOCOMMERCE
    [PlatformVersion] => 6.7.0
    [SellerCEP] => 04004070
    [RecipientCEP] => 58046-033
    [RecipientDocument] => 
    [ShipmentInvoiceValue] => 19.8
    [ShippingItemArray] => Array
        (
            [0] => stdClass Object
                (
                    [Weight] => 1
                    [Length] => 16
                    [Height] => 2
                    [Width] => 11
                    [Diameter] => 0
                    [SKU] => 
                    [Category] => farofas|
                    [isFragile] => 
                    [Quantity] => 1
                )

        )

    [RecipientCountry] => BR
)

07-26-2022 @ 14:49:04 - URL: http://api.frenet.com.br/shipping/quote
07-26-2022 @ 14:49:06 - Curl response: {"ShippingSevicesArray":[{"ServiceCode":"F_3","ServiceDescription":"Jadlog Package","Carrier":"Jadlog","CarrierCode":"JAD","ShippingPrice":"31.00","DeliveryTime":"6","Error":false,"OriginalDeliveryTime":"6","OriginalShippingPrice":"30.9952000","ResponseTime":"16.8032","AllowBuyLabel":true},{"ServiceCode":"03298","ServiceDescription":"PAC","Carrier":"Correios","CarrierCode":"COR","ShippingPrice":"32.09","DeliveryTime":"8","Error":false,"OriginalDeliveryTime":"8","OriginalShippingPrice":"32.09100000000","ResponseTime":"1115.6107","AllowBuyLabel":true},{"ServiceCode":"03220","ServiceDescription":"Sedex","Carrier":"Correios","CarrierCode":"COR","ShippingPrice":"64.15","DeliveryTime":"1","Error":false,"OriginalDeliveryTime":"1","OriginalShippingPrice":"64.14780000000","ResponseTime":"1407.0144","AllowBuyLabel":true},{"ServiceCode":"04227","ServiceDescription":"Mini Envios","Carrier":"Correios","CarrierCode":"COR","Msg":"Erro: Peso excedido.","Error":true,"ResponseTime":"0.0155","AllowBuyLabel":true}],"Timeout":0}
07-26-2022 @ 14:49:06 - Percorrendo os serviços retornados
07-26-2022 @ 14:49:06 - WebServices response [Jadlog Package]: stdClass Object
(
    [ServiceCode] => F_3
    [ServiceDescription] => Jadlog Package
    [Carrier] => Jadlog
    [CarrierCode] => JAD
    [ShippingPrice] => 31.00
    [DeliveryTime] => 6
    [Error] => 
    [OriginalDeliveryTime] => 6
    [OriginalShippingPrice] => 30.9952000
    [ResponseTime] => 16.8032
    [AllowBuyLabel] => 1
)

07-26-2022 @ 14:49:06 - Percorrendo os serviços retornados
07-26-2022 @ 14:49:06 - WebServices response [PAC]: stdClass Object
(
    [ServiceCode] => 03298
    [ServiceDescription] => PAC
    [Carrier] => Correios
    [CarrierCode] => COR
    [ShippingPrice] => 32.09
    [DeliveryTime] => 8
    [Error] => 
    [OriginalDeliveryTime] => 8
    [OriginalShippingPrice] => 32.09100000000
    [ResponseTime] => 1115.6107
    [AllowBuyLabel] => 1
)

07-26-2022 @ 14:49:06 - Percorrendo os serviços retornados
07-26-2022 @ 14:49:06 - WebServices response [Sedex]: stdClass Object
(
    [ServiceCode] => 03220
    [ServiceDescription] => Sedex
    [Carrier] => Correios
    [CarrierCode] => COR
    [ShippingPrice] => 64.15
    [DeliveryTime] => 1
    [Error] => 
    [OriginalDeliveryTime] => 1
    [OriginalShippingPrice] => 64.14780000000
    [ResponseTime] => 1407.0144
    [AllowBuyLabel] => 1
)

07-26-2022 @ 14:49:06 - Percorrendo os serviços retornados
07-26-2022 @ 14:49:06 - *continue*
07-26-2022 @ 14:49:50 - Product: WC_Product_Simple Object
(
    [object_type:protected] => product
    [post_type:protected] => product
    [cache_group:protected] => products
    [data:protected] => Array
        (
            [name] => Farofa Doce
            [slug] => farofa-doce
            [date_created] => WC_DateTime Object
                (
                    [utc_offset:protected] => 0
                    [date] => 2021-11-26 11:11:46.000000
                    [timezone_type] => 3
                    [timezone] => America/Sao_Paulo
                )

            [date_modified] => WC_DateTime Object
                (
                    [utc_offset:protected] => 0
                    [date] => 2022-05-18 21:20:52.000000
                    [timezone_type] => 3
                    [timezone] => America/Sao_Paulo
                )

            [status] => publish
            [featured] => 
            [catalog_visibility] => visible
            [description] => Ideal para você que deseja inovar no sabor das suas deliciosas sobremesas, finalizando com um toque extra crocante.

Você ainda pode experimentar em vitaminas, massas de tortas, cobertura de bolos e onde mais preferir. Surpreendente, não? Imagina quando você provar!

<span style="color: #a81414;"><strong>Ingredientes: </strong></span>Flocão de Arroz, Farinha de Mandioca, Castanha-do-Pará, Gordura de Palma, Açúcar Demerara, Leite Integral e Sal Rosa do Himalaia. Contém Lactose. Alérgicos contém derivados do Leite e Castanhas.

<span style="color: #a81414;"><strong>É perfeita para: </strong></span>sobremesas, frutas, cremes, mousses, iogurtes, sorvetes, açaí e muito mais<!--more-->
<table class="nutri_table" style="height: 718px;" width="418">
<tbody>
<tr>
<td colspan="4" width="324"><strong>INFORMAÇÃO NUTRICIONAL</strong></td>
</tr>
<tr>
<td colspan="4" width="324">Porções por embalagem: 8,5 porções

Porção: 35 g (duas colheres de sopa)</td>
</tr>
<tr>
<td width="151"></td>
<td width="59">100 g</td>
<td width="57">35 g</td>
<td width="57">%VD*</td>
</tr>
<tr>
<td width="151">Valor energético (kcal)</td>
<td width="59">500</td>
<td width="57">175</td>
<td width="57">9</td>
</tr>
<tr>
<td width="151">Carboidratos totais (g)</td>
<td width="59">54</td>
<td width="57">19</td>
<td width="57">6</td>
</tr>
<tr>
<td width="151">Açúcares totais (g)</td>
<td width="59">3</td>
<td width="57">1,2</td>
<td width="57">2</td>
</tr>
<tr>
<td width="151">Açúcares adicionados (g)</td>
<td width="59">0</td>
<td width="57">0</td>
<td width="57">0</td>
</tr>
<tr>
<td width="151">Proteínas (g)</td>
<td width="59">6</td>
<td width="57">2,1</td>
<td width="57">4</td>
</tr>
<tr>
<td width="151">Gorduras totais (g)</td>
<td width="59">29</td>
<td width="57">10</td>
<td width="57">15</td>
</tr>
<tr>
<td width="151">Gorduras saturadas (g)</td>
<td width="59">12</td>
<td width="57">4,1</td>
<td width="57">21</td>
</tr>
<tr>
<td width="151">Gorduras trans (g)</td>
<td width="59">0</td>
<td width="57">0</td>
<td width="57">0</td>
</tr>
<tr>
<td width="151">Fibra alimentar (g)</td>
<td width="59">3</td>
<td width="57">1</td>
<td width="57">4</td>
</tr>
<tr>
<td width="151">Cálcio (mg)</td>
<td width="59">114</td>
<td width="57">40</td>
<td width="57">4</td>
</tr>
<tr>
<td width="151">Zinco (mg)</td>
<td width="59">1</td>
<td width="57">0,3</td>
<td width="57">3</td>
</tr>
<tr>
<td width="151">Fósforo (mg)</td>
<td width="59">171</td>
<td width="57">60</td>
<td width="57">9</td>
</tr>
<tr>
<td width="151">Magnésio (mg)</td>
<td width="59">57</td>
<td width="57">20</td>
<td width="57">5</td>
</tr>
<tr>
<td width="151">Sódio (mg)</td>
<td width="59">131</td>
<td width="57">46</td>
<td width="57">2</td>
</tr>
<tr>
<td colspan="4" width="324">*Percentual de valores diários fornecidos pela porção</td>
</tr>
</tbody>
</table>
            [short_description] => 
            [sku] => 
            [price] => 19.80
            [regular_price] => 19.80
            [sale_price] => 
            [date_on_sale_from] => 
            [date_on_sale_to] => 
            [total_sales] => 12
            [tax_status] => taxable
            [tax_class] => 
            [manage_stock] => 
            [stock_quantity] => 
            [stock_status] => instock
            [backorders] => no
            [low_stock_amount] => 
            [sold_individually] => 
            [weight] => 
            [length] => 
            [width] => 
            [height] => 
            [upsell_ids] => Array
                (
                )

            [cross_sell_ids] => Array
                (
                )

            [parent_id] => 0
            [reviews_allowed] => 
            [purchase_note] => 
            [attributes] => Array
                (
                )

            [default_attributes] => Array
                (
                )

            [menu_order] => 0
            [post_password] => 
            [virtual] => 
            [downloadable] => 
            [category_ids] => Array
                (
                    [0] => 17
                )

            [tag_ids] => Array
                (
                )

            [shipping_class_id] => 0
            [downloads] => Array
                (
                )

            [image_id] => 7700
            [gallery_image_ids] => Array
                (
                    [0] => 7701
                )

            [download_limit] => -1
            [download_expiry] => -1
            [rating_counts] => Array
                (
                )

            [average_rating] => 0
            [review_count] => 0
        )

    [supports:protected] => Array
        (
            [0] => ajax_add_to_cart
        )

    [id:protected] => 199
    [changes:protected] => Array
        (
        )

    [object_read:protected] => 1
    [extra_data:protected] => Array
        (
        )

    [default_data:protected] => Array
        (
            [name] => 
            [slug] => 
            [date_created] => 
            [date_modified] => 
            [status] => 
            [featured] => 
            [catalog_visibility] => visible
            [description] => 
            [short_description] => 
            [sku] => 
            [price] => 
            [regular_price] => 
            [sale_price] => 
            [date_on_sale_from] => 
            [date_on_sale_to] => 
            [total_sales] => 0
            [tax_status] => taxable
            [tax_class] => 
            [manage_stock] => 
            [stock_quantity] => 
            [stock_status] => instock
            [backorders] => no
            [low_stock_amount] => 
            [sold_individually] => 
            [weight] => 
            [length] => 
            [width] => 
            [height] => 
            [upsell_ids] => Array
                (
                )

            [cross_sell_ids] => Array
                (
                )

            [parent_id] => 0
            [reviews_allowed] => 1
            [purchase_note] => 
            [attributes] => Array
                (
                )

            [default_attributes] => Array
                (
                )

            [menu_order] => 0
            [post_password] => 
            [virtual] => 
            [downloadable] => 
            [category_ids] => Array
                (
                )

            [tag_ids] => Array
                (
                )

            [shipping_class_id] => 0
            [downloads] => Array
                (
                )

            [image_id] => 
            [gallery_image_ids] => Array
                (
                )

            [download_limit] => -1
            [download_expiry] => -1
            [rating_counts] => Array
                (
                )

            [average_rating] => 0
            [review_count] => 0
        )

    [data_store:protected] => WC_Data_Store Object
        (
            [instance:WC_Data_Store:private] => WC_Product_Data_Store_CPT Object
                (
                    [internal_meta_keys:protected] => Array
                        (
                            [0] => _visibility
                            [1] => _sku
                            [2] => _price
                            [3] => _regular_price
                            [4] => _sale_price
                            [5] => _sale_price_dates_from
                            [6] => _sale_price_dates_to
                            [7] => total_sales
                            [8] => _tax_status
                            [9] => _tax_class
                            [10] => _manage_stock
                            [11] => _stock
                            [12] => _stock_status
                            [13] => _backorders
                            [14] => _low_stock_amount
                            [15] => _sold_individually
                            [16] => _weight
                            [17] => _length
                            [18] => _width
                            [19] => _height
                            [20] => _upsell_ids
                            [21] => _crosssell_ids
                            [22] => _purchase_note
                            [23] => _default_attributes
                            [24] => _product_attributes
                            [25] => _virtual
                            [26] => _downloadable
                            [27] => _download_limit
                            [28] => _download_expiry
                            [29] => _featured
                            [30] => _downloadable_files
                            [31] => _wc_rating_count
                            [32] => _wc_average_rating
                            [33] => _wc_review_count
                            [34] => _variation_description
                            [35] => _thumbnail_id
                            [36] => _file_paths
                            [37] => _product_image_gallery
                            [38] => _product_version
                            [39] => _wp_old_slug
                            [40] => _edit_last
                            [41] => _edit_lock
                        )

                    [must_exist_meta_keys:protected] => Array
                        (
                            [0] => _tax_class
                        )

                    [extra_data_saved:protected] => 
                    [updated_props:protected] => Array
                        (
                        )

                    [meta_type:protected] => post
                    [object_id_field_for_meta:protected] => 
                )

            [stores:WC_Data_Store:private] => Array
                (
                    [coupon] => WC_Coupon_Data_Store_CPT
                    [customer] => WC_Customer_Data_Store
                    [customer-download] => WC_Customer_Download_Data_Store
                    [customer-download-log] => WC_Customer_Download_Log_Data_Store
                    [customer-session] => WC_Customer_Data_Store_Session
                    [order] => WC_Order_Data_Store_CPT
                    [order-refund] => WC_Order_Refund_Data_Store_CPT
                    [order-item] => WC_Order_Item_Data_Store
                    [order-item-coupon] => WC_Order_Item_Coupon_Data_Store
                    [order-item-fee] => WC_Order_Item_Fee_Data_Store
                    [order-item-product] => WC_Order_Item_Product_Data_Store
                    [order-item-shipping] => WC_Order_Item_Shipping_Data_Store
                    [order-item-tax] => WC_Order_Item_Tax_Data_Store
                    [payment-token] => WC_Payment_Token_Data_Store
                    [product] => WC_Product_Data_Store_CPT
                    [product-grouped] => WC_Product_Grouped_Data_Store_CPT
                    [product-variable] => WC_Product_Variable_Data_Store_CPT
                    [product-variation] => WC_Product_Variation_Data_Store_CPT
                    [shipping-zone] => WC_Shipping_Zone_Data_Store
                    [webhook] => WC_Webhook_Data_Store
                    [report-revenue-stats] => Automattic\WooCommerce\Admin\API\Reports\Orders\Stats\DataStore
                    [report-orders] => Automattic\WooCommerce\Admin\API\Reports\Orders\DataStore
                    [report-orders-stats] => Automattic\WooCommerce\Admin\API\Reports\Orders\Stats\DataStore
                    [report-products] => Automattic\WooCommerce\Admin\API\Reports\Products\DataStore
                    [report-variations] => Automattic\WooCommerce\Admin\API\Reports\Variations\DataStore
                    [report-products-stats] => Automattic\WooCommerce\Admin\API\Reports\Products\Stats\DataStore
                    [report-variations-stats] => Automattic\WooCommerce\Admin\API\Reports\Variations\Stats\DataStore
                    [report-categories] => Automattic\WooCommerce\Admin\API\Reports\Categories\DataStore
                    [report-taxes] => Automattic\WooCommerce\Admin\API\Reports\Taxes\DataStore
                    [report-taxes-stats] => Automattic\WooCommerce\Admin\API\Reports\Taxes\Stats\DataStore
                    [report-coupons] => Automattic\WooCommerce\Admin\API\Reports\Coupons\DataStore
                    [report-coupons-stats] => Automattic\WooCommerce\Admin\API\Reports\Coupons\Stats\DataStore
                    [report-downloads] => Automattic\WooCommerce\Admin\API\Reports\Downloads\DataStore
                    [report-downloads-stats] => Automattic\WooCommerce\Admin\API\Reports\Downloads\Stats\DataStore
                    [admin-note] => Automattic\WooCommerce\Admin\Notes\DataStore
                    [report-customers] => Automattic\WooCommerce\Admin\API\Reports\Customers\DataStore
                    [report-customers-stats] => Automattic\WooCommerce\Admin\API\Reports\Customers\Stats\DataStore
                    [report-stock-stats] => Automattic\WooCommerce\Admin\API\Reports\Stock\Stats\DataStore
                )

            [current_class_name:WC_Data_Store:private] => WC_Product_Data_Store_CPT
            [object_type:WC_Data_Store:private] => product-simple
        )

    [meta_data:protected] => 
)

07-26-2022 @ 14:49:50 - shippingItem: stdClass Object
(
    [Weight] => 1
    [Length] => 16
    [Height] => 2
    [Width] => 11
    [Diameter] => 0
    [SKU] => 
    [Category] => farofas|
    [isFragile] => 
)

07-26-2022 @ 14:49:50 - CEP 58046-033
07-26-2022 @ 14:49:50 - Requesting the Frenet WebServices...
07-26-2022 @ 14:49:50 - Array
(
    [Token] => 3D2F795ER0734R4699RA595RC0EB30404754
    [Coupom] => 
    [PlatformName] => WOOCOMMERCE
    [PlatformVersion] => 6.7.0
    [SellerCEP] => 04004070
    [RecipientCEP] => 58046-033
    [RecipientDocument] => 
    [ShipmentInvoiceValue] => 198
    [ShippingItemArray] => Array
        (
            [0] => stdClass Object
                (
                    [Weight] => 1
                    [Length] => 16
                    [Height] => 2
                    [Width] => 11
                    [Diameter] => 0
                    [SKU] => 
                    [Category] => farofas|
                    [isFragile] => 
                    [Quantity] => 10
                )

        )

    [RecipientCountry] => BR
)

07-26-2022 @ 14:49:50 - URL: http://api.frenet.com.br/shipping/quote
07-26-2022 @ 14:49:50 - Curl response: {"ShippingSevicesArray":[{"ServiceCode":"F_3","ServiceDescription":"Jadlog Package","Carrier":"Jadlog","CarrierCode":"JAD","ShippingPrice":"72.43","DeliveryTime":"6","Error":false,"OriginalDeliveryTime":"6","OriginalShippingPrice":"72.4304000","ResponseTime":"5.9032","AllowBuyLabel":true},{"ServiceCode":"03298","ServiceDescription":"PAC","Carrier":"Correios","CarrierCode":"COR","ShippingPrice":"75.33","DeliveryTime":"8","Error":false,"OriginalDeliveryTime":"8","OriginalShippingPrice":"75.33120000000","ResponseTime":"350.2215","AllowBuyLabel":true},{"ServiceCode":"03220","ServiceDescription":"Sedex","Carrier":"Correios","CarrierCode":"COR","ShippingPrice":"194.76","DeliveryTime":"1","Error":false,"OriginalDeliveryTime":"1","OriginalShippingPrice":"194.75760000000","ResponseTime":"257.4401","AllowBuyLabel":true},{"ServiceCode":"04227","ServiceDescription":"Mini Envios","Carrier":"Correios","CarrierCode":"COR","Msg":"Erro: Peso excedido.","Error":true,"ResponseTime":"1.0473","AllowBuyLabel":true}],"Timeout":0}
07-26-2022 @ 14:49:50 - Percorrendo os serviços retornados
07-26-2022 @ 14:49:50 - WebServices response [Jadlog Package]: stdClass Object
(
    [ServiceCode] => F_3
    [ServiceDescription] => Jadlog Package
    [Carrier] => Jadlog
    [CarrierCode] => JAD
    [ShippingPrice] => 72.43
    [DeliveryTime] => 6
    [Error] => 
    [OriginalDeliveryTime] => 6
    [OriginalShippingPrice] => 72.4304000
    [ResponseTime] => 5.9032
    [AllowBuyLabel] => 1
)

07-26-2022 @ 14:49:50 - Percorrendo os serviços retornados
07-26-2022 @ 14:49:50 - WebServices response [PAC]: stdClass Object
(
    [ServiceCode] => 03298
    [ServiceDescription] => PAC
    [Carrier] => Correios
    [CarrierCode] => COR
    [ShippingPrice] => 75.33
    [DeliveryTime] => 8
    [Error] => 
    [OriginalDeliveryTime] => 8
    [OriginalShippingPrice] => 75.33120000000
    [ResponseTime] => 350.2215
    [AllowBuyLabel] => 1
)

07-26-2022 @ 14:49:50 - Percorrendo os serviços retornados
07-26-2022 @ 14:49:50 - WebServices response [Sedex]: stdClass Object
(
    [ServiceCode] => 03220
    [ServiceDescription] => Sedex
    [Carrier] => Correios
    [CarrierCode] => COR
    [ShippingPrice] => 194.76
    [DeliveryTime] => 1
    [Error] => 
    [OriginalDeliveryTime] => 1
    [OriginalShippingPrice] => 194.75760000000
    [ResponseTime] => 257.4401
    [AllowBuyLabel] => 1
)

07-26-2022 @ 14:49:50 - Percorrendo os serviços retornados
07-26-2022 @ 14:49:50 - *continue*
07-26-2022 @ 14:49:51 - Product: WC_Product_Simple Object
(
    [object_type:protected] => product
    [post_type:protected] => product
    [cache_group:protected] => products
    [data:protected] => Array
        (
            [name] => Farofa Doce
            [slug] => farofa-doce
            [date_created] => WC_DateTime Object
                (
                    [utc_offset:protected] => 0
                    [date] => 2021-11-26 11:11:46.000000
                    [timezone_type] => 3
                    [timezone] => America/Sao_Paulo
                )

            [date_modified] => WC_DateTime Object
                (
                    [utc_offset:protected] => 0
                    [date] => 2022-05-18 21:20:52.000000
                    [timezone_type] => 3
                    [timezone] => America/Sao_Paulo
                )

            [status] => publish
            [featured] => 
            [catalog_visibility] => visible
            [description] => Ideal para você que deseja inovar no sabor das suas deliciosas sobremesas, finalizando com um toque extra crocante.

Você ainda pode experimentar em vitaminas, massas de tortas, cobertura de bolos e onde mais preferir. Surpreendente, não? Imagina quando você provar!

<span style="color: #a81414;"><strong>Ingredientes: </strong></span>Flocão de Arroz, Farinha de Mandioca, Castanha-do-Pará, Gordura de Palma, Açúcar Demerara, Leite Integral e Sal Rosa do Himalaia. Contém Lactose. Alérgicos contém derivados do Leite e Castanhas.

<span style="color: #a81414;"><strong>É perfeita para: </strong></span>sobremesas, frutas, cremes, mousses, iogurtes, sorvetes, açaí e muito mais<!--more-->
<table class="nutri_table" style="height: 718px;" width="418">
<tbody>
<tr>
<td colspan="4" width="324"><strong>INFORMAÇÃO NUTRICIONAL</strong></td>
</tr>
<tr>
<td colspan="4" width="324">Porções por embalagem: 8,5 porções

Porção: 35 g (duas colheres de sopa)</td>
</tr>
<tr>
<td width="151"></td>
<td width="59">100 g</td>
<td width="57">35 g</td>
<td width="57">%VD*</td>
</tr>
<tr>
<td width="151">Valor energético (kcal)</td>
<td width="59">500</td>
<td width="57">175</td>
<td width="57">9</td>
</tr>
<tr>
<td width="151">Carboidratos totais (g)</td>
<td width="59">54</td>
<td width="57">19</td>
<td width="57">6</td>
</tr>
<tr>
<td width="151">Açúcares totais (g)</td>
<td width="59">3</td>
<td width="57">1,2</td>
<td width="57">2</td>
</tr>
<tr>
<td width="151">Açúcares adicionados (g)</td>
<td width="59">0</td>
<td width="57">0</td>
<td width="57">0</td>
</tr>
<tr>
<td width="151">Proteínas (g)</td>
<td width="59">6</td>
<td width="57">2,1</td>
<td width="57">4</td>
</tr>
<tr>
<td width="151">Gorduras totais (g)</td>
<td width="59">29</td>
<td width="57">10</td>
<td width="57">15</td>
</tr>
<tr>
<td width="151">Gorduras saturadas (g)</td>
<td width="59">12</td>
<td width="57">4,1</td>
<td width="57">21</td>
</tr>
<tr>
<td width="151">Gorduras trans (g)</td>
<td width="59">0</td>
<td width="57">0</td>
<td width="57">0</td>
</tr>
<tr>
<td width="151">Fibra alimentar (g)</td>
<td width="59">3</td>
<td width="57">1</td>
<td width="57">4</td>
</tr>
<tr>
<td width="151">Cálcio (mg)</td>
<td width="59">114</td>
<td width="57">40</td>
<td width="57">4</td>
</tr>
<tr>
<td width="151">Zinco (mg)</td>
<td width="59">1</td>
<td width="57">0,3</td>
<td width="57">3</td>
</tr>
<tr>
<td width="151">Fósforo (mg)</td>
<td width="59">171</td>
<td width="57">60</td>
<td width="57">9</td>
</tr>
<tr>
<td width="151">Magnésio (mg)</td>
<td width="59">57</td>
<td width="57">20</td>
<td width="57">5</td>
</tr>
<tr>
<td width="151">Sódio (mg)</td>
<td width="59">131</td>
<td width="57">46</td>
<td width="57">2</td>
</tr>
<tr>
<td colspan="4" width="324">*Percentual de valores diários fornecidos pela porção</td>
</tr>
</tbody>
</table>
            [short_description] => 
            [sku] => 
            [price] => 19.80
            [regular_price] => 19.80
            [sale_price] => 
            [date_on_sale_from] => 
            [date_on_sale_to] => 
            [total_sales] => 12
            [tax_status] => taxable
            [tax_class] => 
            [manage_stock] => 
            [stock_quantity] => 
            [stock_status] => instock
            [backorders] => no
            [low_stock_amount] => 
            [sold_individually] => 
            [weight] => 
            [length] => 
            [width] => 
            [height] => 
            [upsell_ids] => Array
                (
                )

            [cross_sell_ids] => Array
                (
                )

            [parent_id] => 0
            [reviews_allowed] => 
            [purchase_note] => 
            [attributes] => Array
                (
                )

            [default_attributes] => Array
                (
                )

            [menu_order] => 0
            [post_password] => 
            [virtual] => 
            [downloadable] => 
            [category_ids] => Array
                (
                    [0] => 17
                )

            [tag_ids] => Array
                (
                )

            [shipping_class_id] => 0
            [downloads] => Array
                (
                )

            [image_id] => 7700
            [gallery_image_ids] => Array
                (
                    [0] => 7701
                )

            [download_limit] => -1
            [download_expiry] => -1
            [rating_counts] => Array
                (
                )

            [average_rating] => 0
            [review_count] => 0
        )

    [supports:protected] => Array
        (
            [0] => ajax_add_to_cart
        )

    [id:protected] => 199
    [changes:protected] => Array
        (
        )

    [object_read:protected] => 1
    [extra_data:protected] => Array
        (
        )

    [default_data:protected] => Array
        (
            [name] => 
            [slug] => 
            [date_created] => 
            [date_modified] => 
            [status] => 
            [featured] => 
            [catalog_visibility] => visible
            [description] => 
            [short_description] => 
            [sku] => 
            [price] => 
            [regular_price] => 
            [sale_price] => 
            [date_on_sale_from] => 
            [date_on_sale_to] => 
            [total_sales] => 0
            [tax_status] => taxable
            [tax_class] => 
            [manage_stock] => 
            [stock_quantity] => 
            [stock_status] => instock
            [backorders] => no
            [low_stock_amount] => 
            [sold_individually] => 
            [weight] => 
            [length] => 
            [width] => 
            [height] => 
            [upsell_ids] => Array
                (
                )

            [cross_sell_ids] => Array
                (
                )

            [parent_id] => 0
            [reviews_allowed] => 1
            [purchase_note] => 
            [attributes] => Array
                (
                )

            [default_attributes] => Array
                (
                )

            [menu_order] => 0
            [post_password] => 
            [virtual] => 
            [downloadable] => 
            [category_ids] => Array
                (
                )

            [tag_ids] => Array
                (
                )

            [shipping_class_id] => 0
            [downloads] => Array
                (
                )

            [image_id] => 
            [gallery_image_ids] => Array
                (
                )

            [download_limit] => -1
            [download_expiry] => -1
            [rating_counts] => Array
                (
                )

            [average_rating] => 0
            [review_count] => 0
        )

    [data_store:protected] => WC_Data_Store Object
        (
            [instance:WC_Data_Store:private] => WC_Product_Data_Store_CPT Object
                (
                    [internal_meta_keys:protected] => Array
                        (
                            [0] => _visibility
                            [1] => _sku
                            [2] => _price
                            [3] => _regular_price
                            [4] => _sale_price
                            [5] => _sale_price_dates_from
                            [6] => _sale_price_dates_to
                            [7] => total_sales
                            [8] => _tax_status
                            [9] => _tax_class
                            [10] => _manage_stock
                            [11] => _stock
                            [12] => _stock_status
                            [13] => _backorders
                            [14] => _low_stock_amount
                            [15] => _sold_individually
                            [16] => _weight
                            [17] => _length
                            [18] => _width
                            [19] => _height
                            [20] => _upsell_ids
                            [21] => _crosssell_ids
                            [22] => _purchase_note
                            [23] => _default_attributes
                            [24] => _product_attributes
                            [25] => _virtual
                            [26] => _downloadable
                            [27] => _download_limit
                            [28] => _download_expiry
                            [29] => _featured
                            [30] => _downloadable_files
                            [31] => _wc_rating_count
                            [32] => _wc_average_rating
                            [33] => _wc_review_count
                            [34] => _variation_description
                            [35] => _thumbnail_id
                            [36] => _file_paths
                            [37] => _product_image_gallery
                            [38] => _product_version
                            [39] => _wp_old_slug
                            [40] => _edit_last
                            [41] => _edit_lock
                        )

                    [must_exist_meta_keys:protected] => Array
                        (
                            [0] => _tax_class
                        )

                    [extra_data_saved:protected] => 
                    [updated_props:protected] => Array
                        (
                        )

                    [meta_type:protected] => post
                    [object_id_field_for_meta:protected] => 
                )

            [stores:WC_Data_Store:private] => Array
                (
                    [coupon] => WC_Coupon_Data_Store_CPT
                    [customer] => WC_Customer_Data_Store
                    [customer-download] => WC_Customer_Download_Data_Store
                    [customer-download-log] => WC_Customer_Download_Log_Data_Store
                    [customer-session] => WC_Customer_Data_Store_Session
                    [order] => WC_Order_Data_Store_CPT
                    [order-refund] => WC_Order_Refund_Data_Store_CPT
                    [order-item] => WC_Order_Item_Data_Store
                    [order-item-coupon] => WC_Order_Item_Coupon_Data_Store
                    [order-item-fee] => WC_Order_Item_Fee_Data_Store
                    [order-item-product] => WC_Order_Item_Product_Data_Store
                    [order-item-shipping] => WC_Order_Item_Shipping_Data_Store
                    [order-item-tax] => WC_Order_Item_Tax_Data_Store
                    [payment-token] => WC_Payment_Token_Data_Store
                    [product] => WC_Product_Data_Store_CPT
                    [product-grouped] => WC_Product_Grouped_Data_Store_CPT
                    [product-variable] => WC_Product_Variable_Data_Store_CPT
                    [product-variation] => WC_Product_Variation_Data_Store_CPT
                    [shipping-zone] => WC_Shipping_Zone_Data_Store
                    [webhook] => WC_Webhook_Data_Store
                    [report-revenue-stats] => Automattic\WooCommerce\Admin\API\Reports\Orders\Stats\DataStore
                    [report-orders] => Automattic\WooCommerce\Admin\API\Reports\Orders\DataStore
                    [report-orders-stats] => Automattic\WooCommerce\Admin\API\Reports\Orders\Stats\DataStore
                    [report-products] => Automattic\WooCommerce\Admin\API\Reports\Products\DataStore
                    [report-variations] => Automattic\WooCommerce\Admin\API\Reports\Variations\DataStore
                    [report-products-stats] => Automattic\WooCommerce\Admin\API\Reports\Products\Stats\DataStore
                    [report-variations-stats] => Automattic\WooCommerce\Admin\API\Reports\Variations\Stats\DataStore
                    [report-categories] => Automattic\WooCommerce\Admin\API\Reports\Categories\DataStore
                    [report-taxes] => Automattic\WooCommerce\Admin\API\Reports\Taxes\DataStore
                    [report-taxes-stats] => Automattic\WooCommerce\Admin\API\Reports\Taxes\Stats\DataStore
                    [report-coupons] => Automattic\WooCommerce\Admin\API\Reports\Coupons\DataStore
                    [report-coupons-stats] => Automattic\WooCommerce\Admin\API\Reports\Coupons\Stats\DataStore
                    [report-downloads] => Automattic\WooCommerce\Admin\API\Reports\Downloads\DataStore
                    [report-downloads-stats] => Automattic\WooCommerce\Admin\API\Reports\Downloads\Stats\DataStore
                    [admin-note] => Automattic\WooCommerce\Admin\Notes\DataStore
                    [report-customers] => Automattic\WooCommerce\Admin\API\Reports\Customers\DataStore
                    [report-customers-stats] => Automattic\WooCommerce\Admin\API\Reports\Customers\Stats\DataStore
                    [report-stock-stats] => Automattic\WooCommerce\Admin\API\Reports\Stock\Stats\DataStore
                )

            [current_class_name:WC_Data_Store:private] => WC_Product_Data_Store_CPT
            [object_type:WC_Data_Store:private] => product-simple
        )

    [meta_data:protected] => 
)

07-26-2022 @ 14:49:51 - shippingItem: stdClass Object
(
    [Weight] => 1
    [Length] => 16
    [Height] => 2
    [Width] => 11
    [Diameter] => 0
    [SKU] => 
    [Category] => farofas|
    [isFragile] => 
)

07-26-2022 @ 14:49:51 - CEP 58046-033
07-26-2022 @ 14:49:51 - Requesting the Frenet WebServices...
07-26-2022 @ 14:49:51 - Array
(
    [Token] => 3D2F795ER0734R4699RA595RC0EB30404754
    [Coupom] => 
    [PlatformName] => WOOCOMMERCE
    [PlatformVersion] => 6.7.0
    [SellerCEP] => 04004070
    [RecipientCEP] => 58046-033
    [RecipientDocument] => 
    [ShipmentInvoiceValue] => 198
    [ShippingItemArray] => Array
        (
            [0] => stdClass Object
                (
                    [Weight] => 1
                    [Length] => 16
                    [Height] => 2
                    [Width] => 11
                    [Diameter] => 0
                    [SKU] => 
                    [Category] => farofas|
                    [isFragile] => 
                    [Quantity] => 10
                )

        )

    [RecipientCountry] => BR
)

07-26-2022 @ 14:49:51 - URL: http://api.frenet.com.br/shipping/quote
07-26-2022 @ 14:49:51 - Curl response: {"ShippingSevicesArray":[{"ServiceCode":"F_3","ServiceDescription":"Jadlog Package","Carrier":"Jadlog","CarrierCode":"JAD","ShippingPrice":"72.43","DeliveryTime":"6","Error":false,"OriginalDeliveryTime":"6","OriginalShippingPrice":"72.4304000","ResponseTime":"5.9956","AllowBuyLabel":true},{"ServiceCode":"03298","ServiceDescription":"PAC","Carrier":"Correios","CarrierCode":"COR","ShippingPrice":"75.33","DeliveryTime":"8","Error":false,"OriginalDeliveryTime":"8","OriginalShippingPrice":"75.33120000000","ResponseTime":"251.6223","AllowBuyLabel":true},{"ServiceCode":"03220","ServiceDescription":"Sedex","Carrier":"Correios","CarrierCode":"COR","ShippingPrice":"194.76","DeliveryTime":"1","Error":false,"OriginalDeliveryTime":"1","OriginalShippingPrice":"194.75760000000","ResponseTime":"245.999","AllowBuyLabel":true},{"ServiceCode":"04227","ServiceDescription":"Mini Envios","Carrier":"Correios","CarrierCode":"COR","Msg":"Erro: Peso excedido.","Error":true,"ResponseTime":"0.0155","AllowBuyLabel":true}],"Timeout":0}
07-26-2022 @ 14:49:51 - Percorrendo os serviços retornados
07-26-2022 @ 14:49:51 - WebServices response [Jadlog Package]: stdClass Object
(
    [ServiceCode] => F_3
    [ServiceDescription] => Jadlog Package
    [Carrier] => Jadlog
    [CarrierCode] => JAD
    [ShippingPrice] => 72.43
    [DeliveryTime] => 6
    [Error] => 
    [OriginalDeliveryTime] => 6
    [OriginalShippingPrice] => 72.4304000
    [ResponseTime] => 5.9956
    [AllowBuyLabel] => 1
)

07-26-2022 @ 14:49:51 - Percorrendo os serviços retornados
07-26-2022 @ 14:49:51 - WebServices response [PAC]: stdClass Object
(
    [ServiceCode] => 03298
    [ServiceDescription] => PAC
    [Carrier] => Correios
    [CarrierCode] => COR
    [ShippingPrice] => 75.33
    [DeliveryTime] => 8
    [Error] => 
    [OriginalDeliveryTime] => 8
    [OriginalShippingPrice] => 75.33120000000
    [ResponseTime] => 251.6223
    [AllowBuyLabel] => 1
)

07-26-2022 @ 14:49:51 - Percorrendo os serviços retornados
07-26-2022 @ 14:49:51 - WebServices response [Sedex]: stdClass Object
(
    [ServiceCode] => 03220
    [ServiceDescription] => Sedex
    [Carrier] => Correios
    [CarrierCode] => COR
    [ShippingPrice] => 194.76
    [DeliveryTime] => 1
    [Error] => 
    [OriginalDeliveryTime] => 1
    [OriginalShippingPrice] => 194.75760000000
    [ResponseTime] => 245.999
    [AllowBuyLabel] => 1
)

07-26-2022 @ 14:49:51 - Percorrendo os serviços retornados
07-26-2022 @ 14:49:51 - *continue*
07-26-2022 @ 15:05:40 - ERRO: CEP destino não informado
