07-01-2022 @ 10:35:46 - Product: WC_Product_Simple Object
(
    [object_type:protected] => product
    [post_type:protected] => product
    [cache_group:protected] => products
    [data:protected] => Array
        (
            [name] => Kit Veggie
            [slug] => kit-veggie
            [date_created] => WC_DateTime Object
                (
                    [utc_offset:protected] => 0
                    [date] => 2021-11-26 12:07:23.000000
                    [timezone_type] => 3
                    [timezone] => America/Sao_Paulo
                )

            [date_modified] => WC_DateTime Object
                (
                    [utc_offset:protected] => 0
                    [date] => 2022-01-17 12:58:58.000000
                    [timezone_type] => 3
                    [timezone] => America/Sao_Paulo
                )

            [status] => publish
            [featured] => 
            [catalog_visibility] => visible
            [description] => As três farofas que dão match com seu paladar e seu estilo de vida

Neste kit contém as farofas <strong>Faropop, </strong><strong>Com Muita Cebola e </strong><strong>Com Muitas Sementes.</strong>
            [short_description] => 
            [sku] => 
            [price] => 44
            [regular_price] => 44
            [sale_price] => 
            [date_on_sale_from] => 
            [date_on_sale_to] => 
            [total_sales] => 2
            [tax_status] => taxable
            [tax_class] => 
            [manage_stock] => 
            [stock_quantity] => 
            [stock_status] => instock
            [backorders] => no
            [low_stock_amount] => 
            [sold_individually] => 
            [weight] => 
            [length] => 
            [width] => 
            [height] => 
            [upsell_ids] => Array
                (
                )

            [cross_sell_ids] => Array
                (
                )

            [parent_id] => 0
            [reviews_allowed] => 
            [purchase_note] => 
            [attributes] => Array
                (
                )

            [default_attributes] => Array
                (
                )

            [menu_order] => 0
            [post_password] => 
            [virtual] => 
            [downloadable] => 
            [category_ids] => Array
                (
                    [0] => 18
                )

            [tag_ids] => Array
                (
                )

            [shipping_class_id] => 0
            [downloads] => Array
                (
                )

            [image_id] => 417
            [gallery_image_ids] => Array
                (
                )

            [download_limit] => -1
            [download_expiry] => -1
            [rating_counts] => Array
                (
                )

            [average_rating] => 0
            [review_count] => 0
        )

    [supports:protected] => Array
        (
            [0] => ajax_add_to_cart
        )

    [id:protected] => 204
    [changes:protected] => Array
        (
        )

    [object_read:protected] => 1
    [extra_data:protected] => Array
        (
        )

    [default_data:protected] => Array
        (
            [name] => 
            [slug] => 
            [date_created] => 
            [date_modified] => 
            [status] => 
            [featured] => 
            [catalog_visibility] => visible
            [description] => 
            [short_description] => 
            [sku] => 
            [price] => 
            [regular_price] => 
            [sale_price] => 
            [date_on_sale_from] => 
            [date_on_sale_to] => 
            [total_sales] => 0
            [tax_status] => taxable
            [tax_class] => 
            [manage_stock] => 
            [stock_quantity] => 
            [stock_status] => instock
            [backorders] => no
            [low_stock_amount] => 
            [sold_individually] => 
            [weight] => 
            [length] => 
            [width] => 
            [height] => 
            [upsell_ids] => Array
                (
                )

            [cross_sell_ids] => Array
                (
                )

            [parent_id] => 0
            [reviews_allowed] => 1
            [purchase_note] => 
            [attributes] => Array
                (
                )

            [default_attributes] => Array
                (
                )

            [menu_order] => 0
            [post_password] => 
            [virtual] => 
            [downloadable] => 
            [category_ids] => Array
                (
                )

            [tag_ids] => Array
                (
                )

            [shipping_class_id] => 0
            [downloads] => Array
                (
                )

            [image_id] => 
            [gallery_image_ids] => Array
                (
                )

            [download_limit] => -1
            [download_expiry] => -1
            [rating_counts] => Array
                (
                )

            [average_rating] => 0
            [review_count] => 0
        )

    [data_store:protected] => WC_Data_Store Object
        (
            [instance:WC_Data_Store:private] => WC_Product_Data_Store_CPT Object
                (
                    [internal_meta_keys:protected] => Array
                        (
                            [0] => _visibility
                            [1] => _sku
                            [2] => _price
                            [3] => _regular_price
                            [4] => _sale_price
                            [5] => _sale_price_dates_from
                            [6] => _sale_price_dates_to
                            [7] => total_sales
                            [8] => _tax_status
                            [9] => _tax_class
                            [10] => _manage_stock
                            [11] => _stock
                            [12] => _stock_status
                            [13] => _backorders
                            [14] => _low_stock_amount
                            [15] => _sold_individually
                            [16] => _weight
                            [17] => _length
                            [18] => _width
                            [19] => _height
                            [20] => _upsell_ids
                            [21] => _crosssell_ids
                            [22] => _purchase_note
                            [23] => _default_attributes
                            [24] => _product_attributes
                            [25] => _virtual
                            [26] => _downloadable
                            [27] => _download_limit
                            [28] => _download_expiry
                            [29] => _featured
                            [30] => _downloadable_files
                            [31] => _wc_rating_count
                            [32] => _wc_average_rating
                            [33] => _wc_review_count
                            [34] => _variation_description
                            [35] => _thumbnail_id
                            [36] => _file_paths
                            [37] => _product_image_gallery
                            [38] => _product_version
                            [39] => _wp_old_slug
                            [40] => _edit_last
                            [41] => _edit_lock
                        )

                    [must_exist_meta_keys:protected] => Array
                        (
                            [0] => _tax_class
                        )

                    [extra_data_saved:protected] => 
                    [updated_props:protected] => Array
                        (
                        )

                    [meta_type:protected] => post
                    [object_id_field_for_meta:protected] => 
                )

            [stores:WC_Data_Store:private] => Array
                (
                    [coupon] => WC_Coupon_Data_Store_CPT
                    [customer] => WC_Customer_Data_Store
                    [customer-download] => WC_Customer_Download_Data_Store
                    [customer-download-log] => WC_Customer_Download_Log_Data_Store
                    [customer-session] => WC_Customer_Data_Store_Session
                    [order] => WC_Order_Data_Store_CPT
                    [order-refund] => WC_Order_Refund_Data_Store_CPT
                    [order-item] => WC_Order_Item_Data_Store
                    [order-item-coupon] => WC_Order_Item_Coupon_Data_Store
                    [order-item-fee] => WC_Order_Item_Fee_Data_Store
                    [order-item-product] => WC_Order_Item_Product_Data_Store
                    [order-item-shipping] => WC_Order_Item_Shipping_Data_Store
                    [order-item-tax] => WC_Order_Item_Tax_Data_Store
                    [payment-token] => WC_Payment_Token_Data_Store
                    [product] => WC_Product_Data_Store_CPT
                    [product-grouped] => WC_Product_Grouped_Data_Store_CPT
                    [product-variable] => WC_Product_Variable_Data_Store_CPT
                    [product-variation] => WC_Product_Variation_Data_Store_CPT
                    [shipping-zone] => WC_Shipping_Zone_Data_Store
                    [webhook] => WC_Webhook_Data_Store
                    [report-revenue-stats] => Automattic\WooCommerce\Admin\API\Reports\Orders\Stats\DataStore
                    [report-orders] => Automattic\WooCommerce\Admin\API\Reports\Orders\DataStore
                    [report-orders-stats] => Automattic\WooCommerce\Admin\API\Reports\Orders\Stats\DataStore
                    [report-products] => Automattic\WooCommerce\Admin\API\Reports\Products\DataStore
                    [report-variations] => Automattic\WooCommerce\Admin\API\Reports\Variations\DataStore
                    [report-products-stats] => Automattic\WooCommerce\Admin\API\Reports\Products\Stats\DataStore
                    [report-variations-stats] => Automattic\WooCommerce\Admin\API\Reports\Variations\Stats\DataStore
                    [report-categories] => Automattic\WooCommerce\Admin\API\Reports\Categories\DataStore
                    [report-taxes] => Automattic\WooCommerce\Admin\API\Reports\Taxes\DataStore
                    [report-taxes-stats] => Automattic\WooCommerce\Admin\API\Reports\Taxes\Stats\DataStore
                    [report-coupons] => Automattic\WooCommerce\Admin\API\Reports\Coupons\DataStore
                    [report-coupons-stats] => Automattic\WooCommerce\Admin\API\Reports\Coupons\Stats\DataStore
                    [report-downloads] => Automattic\WooCommerce\Admin\API\Reports\Downloads\DataStore
                    [report-downloads-stats] => Automattic\WooCommerce\Admin\API\Reports\Downloads\Stats\DataStore
                    [admin-note] => Automattic\WooCommerce\Admin\Notes\DataStore
                    [report-customers] => Automattic\WooCommerce\Admin\API\Reports\Customers\DataStore
                    [report-customers-stats] => Automattic\WooCommerce\Admin\API\Reports\Customers\Stats\DataStore
                    [report-stock-stats] => Automattic\WooCommerce\Admin\API\Reports\Stock\Stats\DataStore
                )

            [current_class_name:WC_Data_Store:private] => WC_Product_Data_Store_CPT
            [object_type:WC_Data_Store:private] => product-simple
        )

    [meta_data:protected] => 
)

07-01-2022 @ 10:35:46 - Product: WC_Product_Simple Object
(
    [object_type:protected] => product
    [post_type:protected] => product
    [cache_group:protected] => products
    [data:protected] => Array
        (
            [name] => Kit Veggie
            [slug] => kit-veggie
            [date_created] => WC_DateTime Object
                (
                    [utc_offset:protected] => 0
                    [date] => 2021-11-26 12:07:23.000000
                    [timezone_type] => 3
                    [timezone] => America/Sao_Paulo
                )

            [date_modified] => WC_DateTime Object
                (
                    [utc_offset:protected] => 0
                    [date] => 2022-01-17 12:58:58.000000
                    [timezone_type] => 3
                    [timezone] => America/Sao_Paulo
                )

            [status] => publish
            [featured] => 
            [catalog_visibility] => visible
            [description] => As três farofas que dão match com seu paladar e seu estilo de vida

Neste kit contém as farofas <strong>Faropop, </strong><strong>Com Muita Cebola e </strong><strong>Com Muitas Sementes.</strong>
            [short_description] => 
            [sku] => 
            [price] => 44
            [regular_price] => 44
            [sale_price] => 
            [date_on_sale_from] => 
            [date_on_sale_to] => 
            [total_sales] => 2
            [tax_status] => taxable
            [tax_class] => 
            [manage_stock] => 
            [stock_quantity] => 
            [stock_status] => instock
            [backorders] => no
            [low_stock_amount] => 
            [sold_individually] => 
            [weight] => 
            [length] => 
            [width] => 
            [height] => 
            [upsell_ids] => Array
                (
                )

            [cross_sell_ids] => Array
                (
                )

            [parent_id] => 0
            [reviews_allowed] => 
            [purchase_note] => 
            [attributes] => Array
                (
                )

            [default_attributes] => Array
                (
                )

            [menu_order] => 0
            [post_password] => 
            [virtual] => 
            [downloadable] => 
            [category_ids] => Array
                (
                    [0] => 18
                )

            [tag_ids] => Array
                (
                )

            [shipping_class_id] => 0
            [downloads] => Array
                (
                )

            [image_id] => 417
            [gallery_image_ids] => Array
                (
                )

            [download_limit] => -1
            [download_expiry] => -1
            [rating_counts] => Array
                (
                )

            [average_rating] => 0
            [review_count] => 0
        )

    [supports:protected] => Array
        (
            [0] => ajax_add_to_cart
        )

    [id:protected] => 204
    [changes:protected] => Array
        (
        )

    [object_read:protected] => 1
    [extra_data:protected] => Array
        (
        )

    [default_data:protected] => Array
        (
            [name] => 
            [slug] => 
            [date_created] => 
            [date_modified] => 
            [status] => 
            [featured] => 
            [catalog_visibility] => visible
            [description] => 
            [short_description] => 
            [sku] => 
            [price] => 
            [regular_price] => 
            [sale_price] => 
            [date_on_sale_from] => 
            [date_on_sale_to] => 
            [total_sales] => 0
            [tax_status] => taxable
            [tax_class] => 
            [manage_stock] => 
            [stock_quantity] => 
            [stock_status] => instock
            [backorders] => no
            [low_stock_amount] => 
            [sold_individually] => 
            [weight] => 
            [length] => 
            [width] => 
            [height] => 
            [upsell_ids] => Array
                (
                )

            [cross_sell_ids] => Array
                (
                )

            [parent_id] => 0
            [reviews_allowed] => 1
            [purchase_note] => 
            [attributes] => Array
                (
                )

            [default_attributes] => Array
                (
                )

            [menu_order] => 0
            [post_password] => 
            [virtual] => 
            [downloadable] => 
            [category_ids] => Array
                (
                )

            [tag_ids] => Array
                (
                )

            [shipping_class_id] => 0
            [downloads] => Array
                (
                )

            [image_id] => 
            [gallery_image_ids] => Array
                (
                )

            [download_limit] => -1
            [download_expiry] => -1
            [rating_counts] => Array
                (
                )

            [average_rating] => 0
            [review_count] => 0
        )

    [data_store:protected] => WC_Data_Store Object
        (
            [instance:WC_Data_Store:private] => WC_Product_Data_Store_CPT Object
                (
                    [internal_meta_keys:protected] => Array
                        (
                            [0] => _visibility
                            [1] => _sku
                            [2] => _price
                            [3] => _regular_price
                            [4] => _sale_price
                            [5] => _sale_price_dates_from
                            [6] => _sale_price_dates_to
                            [7] => total_sales
                            [8] => _tax_status
                            [9] => _tax_class
                            [10] => _manage_stock
                            [11] => _stock
                            [12] => _stock_status
                            [13] => _backorders
                            [14] => _low_stock_amount
                            [15] => _sold_individually
                            [16] => _weight
                            [17] => _length
                            [18] => _width
                            [19] => _height
                            [20] => _upsell_ids
                            [21] => _crosssell_ids
                            [22] => _purchase_note
                            [23] => _default_attributes
                            [24] => _product_attributes
                            [25] => _virtual
                            [26] => _downloadable
                            [27] => _download_limit
                            [28] => _download_expiry
                            [29] => _featured
                            [30] => _downloadable_files
                            [31] => _wc_rating_count
                            [32] => _wc_average_rating
                            [33] => _wc_review_count
                            [34] => _variation_description
                            [35] => _thumbnail_id
                            [36] => _file_paths
                            [37] => _product_image_gallery
                            [38] => _product_version
                            [39] => _wp_old_slug
                            [40] => _edit_last
                            [41] => _edit_lock
                        )

                    [must_exist_meta_keys:protected] => Array
                        (
                            [0] => _tax_class
                        )

                    [extra_data_saved:protected] => 
                    [updated_props:protected] => Array
                        (
                        )

                    [meta_type:protected] => post
                    [object_id_field_for_meta:protected] => 
                )

            [stores:WC_Data_Store:private] => Array
                (
                    [coupon] => WC_Coupon_Data_Store_CPT
                    [customer] => WC_Customer_Data_Store
                    [customer-download] => WC_Customer_Download_Data_Store
                    [customer-download-log] => WC_Customer_Download_Log_Data_Store
                    [customer-session] => WC_Customer_Data_Store_Session
                    [order] => WC_Order_Data_Store_CPT
                    [order-refund] => WC_Order_Refund_Data_Store_CPT
                    [order-item] => WC_Order_Item_Data_Store
                    [order-item-coupon] => WC_Order_Item_Coupon_Data_Store
                    [order-item-fee] => WC_Order_Item_Fee_Data_Store
                    [order-item-product] => WC_Order_Item_Product_Data_Store
                    [order-item-shipping] => WC_Order_Item_Shipping_Data_Store
                    [order-item-tax] => WC_Order_Item_Tax_Data_Store
                    [payment-token] => WC_Payment_Token_Data_Store
                    [product] => WC_Product_Data_Store_CPT
                    [product-grouped] => WC_Product_Grouped_Data_Store_CPT
                    [product-variable] => WC_Product_Variable_Data_Store_CPT
                    [product-variation] => WC_Product_Variation_Data_Store_CPT
                    [shipping-zone] => WC_Shipping_Zone_Data_Store
                    [webhook] => WC_Webhook_Data_Store
                    [report-revenue-stats] => Automattic\WooCommerce\Admin\API\Reports\Orders\Stats\DataStore
                    [report-orders] => Automattic\WooCommerce\Admin\API\Reports\Orders\DataStore
                    [report-orders-stats] => Automattic\WooCommerce\Admin\API\Reports\Orders\Stats\DataStore
                    [report-products] => Automattic\WooCommerce\Admin\API\Reports\Products\DataStore
                    [report-variations] => Automattic\WooCommerce\Admin\API\Reports\Variations\DataStore
                    [report-products-stats] => Automattic\WooCommerce\Admin\API\Reports\Products\Stats\DataStore
                    [report-variations-stats] => Automattic\WooCommerce\Admin\API\Reports\Variations\Stats\DataStore
                    [report-categories] => Automattic\WooCommerce\Admin\API\Reports\Categories\DataStore
                    [report-taxes] => Automattic\WooCommerce\Admin\API\Reports\Taxes\DataStore
                    [report-taxes-stats] => Automattic\WooCommerce\Admin\API\Reports\Taxes\Stats\DataStore
                    [report-coupons] => Automattic\WooCommerce\Admin\API\Reports\Coupons\DataStore
                    [report-coupons-stats] => Automattic\WooCommerce\Admin\API\Reports\Coupons\Stats\DataStore
                    [report-downloads] => Automattic\WooCommerce\Admin\API\Reports\Downloads\DataStore
                    [report-downloads-stats] => Automattic\WooCommerce\Admin\API\Reports\Downloads\Stats\DataStore
                    [admin-note] => Automattic\WooCommerce\Admin\Notes\DataStore
                    [report-customers] => Automattic\WooCommerce\Admin\API\Reports\Customers\DataStore
                    [report-customers-stats] => Automattic\WooCommerce\Admin\API\Reports\Customers\Stats\DataStore
                    [report-stock-stats] => Automattic\WooCommerce\Admin\API\Reports\Stock\Stats\DataStore
                )

            [current_class_name:WC_Data_Store:private] => WC_Product_Data_Store_CPT
            [object_type:WC_Data_Store:private] => product-simple
        )

    [meta_data:protected] => 
)

07-01-2022 @ 10:35:46 - shippingItem: stdClass Object
(
    [Weight] => 1
    [Length] => 16
    [Height] => 2
    [Width] => 11
    [Diameter] => 0
    [SKU] => 
    [Category] => kits|
    [isFragile] => 
)

07-01-2022 @ 10:35:46 - CEP 05574-001
07-01-2022 @ 10:35:46 - Requesting the Frenet WebServices...
07-01-2022 @ 10:35:46 - Array
(
    [Token] => 3D2F795ER0734R4699RA595RC0EB30404754
    [Coupom] => 
    [PlatformName] => WOOCOMMERCE
    [PlatformVersion] => 6.6.1
    [SellerCEP] => 04004070
    [RecipientCEP] => 05574-001
    [RecipientDocument] => 
    [ShipmentInvoiceValue] => 44
    [ShippingItemArray] => Array
        (
            [0] => stdClass Object
                (
                    [Weight] => 1
                    [Length] => 16
                    [Height] => 2
                    [Width] => 11
                    [Diameter] => 0
                    [SKU] => 
                    [Category] => kits|
                    [isFragile] => 
                    [Quantity] => 1
                )

        )

    [RecipientCountry] => BR
)

07-01-2022 @ 10:35:46 - URL: http://api.frenet.com.br/shipping/quote
07-01-2022 @ 10:35:46 - shippingItem: stdClass Object
(
    [Weight] => 1
    [Length] => 16
    [Height] => 2
    [Width] => 11
    [Diameter] => 0
    [SKU] => 
    [Category] => kits|
    [isFragile] => 
)

07-01-2022 @ 10:35:46 - CEP 05574-001
07-01-2022 @ 10:35:46 - Requesting the Frenet WebServices...
07-01-2022 @ 10:35:46 - Array
(
    [Token] => 3D2F795ER0734R4699RA595RC0EB30404754
    [Coupom] => 
    [PlatformName] => WOOCOMMERCE
    [PlatformVersion] => 6.6.1
    [SellerCEP] => 04004070
    [RecipientCEP] => 05574-001
    [RecipientDocument] => 
    [ShipmentInvoiceValue] => 44
    [ShippingItemArray] => Array
        (
            [0] => stdClass Object
                (
                    [Weight] => 1
                    [Length] => 16
                    [Height] => 2
                    [Width] => 11
                    [Diameter] => 0
                    [SKU] => 
                    [Category] => kits|
                    [isFragile] => 
                    [Quantity] => 1
                )

        )

    [RecipientCountry] => BR
)

07-01-2022 @ 10:35:46 - URL: http://api.frenet.com.br/shipping/quote
07-01-2022 @ 10:35:47 - Curl response: {"ShippingSevicesArray":[{"ServiceCode":"SFX_01","ServiceDescription":"Sequoia SFX","Carrier":"Sequoia","CarrierCode":"SEQ","ShippingPrice":"8.41","DeliveryTime":"2","Error":false,"OriginalDeliveryTime":"2","OriginalShippingPrice":"8.4100000","ResponseTime":"17.2815","AllowBuyLabel":true},{"ServiceCode":"03220","ServiceDescription":"Sedex","Carrier":"Correios","CarrierCode":"COR","ShippingPrice":"11.66","DeliveryTime":"1","Error":false,"OriginalDeliveryTime":"1","OriginalShippingPrice":"11.66220000000","ResponseTime":"28.507","AllowBuyLabel":true},{"ServiceCode":"F_3","ServiceDescription":"Jadlog Package","Carrier":"Jadlog","CarrierCode":"JAD","ShippingPrice":"16.84","DeliveryTime":"2","Error":false,"OriginalDeliveryTime":"2","OriginalShippingPrice":"16.8432000","ResponseTime":"14.9103","AllowBuyLabel":true},{"ServiceCode":"03298","ServiceDescription":"PAC","Carrier":"Correios","CarrierCode":"COR","ShippingPrice":"17.97","DeliveryTime":"5","Msg":"","Error":false,"OriginalDeliveryTime":"5","OriginalShippingPrice":"17.9664000","ResponseTime":"237.2217","AllowBuyLabel":true},{"ServiceCode":"04227","ServiceDescription":"Mini Envios","Carrier":"Correios","CarrierCode":"COR","Msg":"Erro: Peso excedido.","Error":true,"ResponseTime":"0.0144","AllowBuyLabel":true}],"Timeout":0}
07-01-2022 @ 10:35:47 - Percorrendo os serviços retornados
07-01-2022 @ 10:35:47 - WebServices response [Sequoia SFX]: stdClass Object
(
    [ServiceCode] => SFX_01
    [ServiceDescription] => Sequoia SFX
    [Carrier] => Sequoia
    [CarrierCode] => SEQ
    [ShippingPrice] => 8.41
    [DeliveryTime] => 2
    [Error] => 
    [OriginalDeliveryTime] => 2
    [OriginalShippingPrice] => 8.4100000
    [ResponseTime] => 17.2815
    [AllowBuyLabel] => 1
)

07-01-2022 @ 10:35:47 - Percorrendo os serviços retornados
07-01-2022 @ 10:35:47 - WebServices response [Sedex]: stdClass Object
(
    [ServiceCode] => 03220
    [ServiceDescription] => Sedex
    [Carrier] => Correios
    [CarrierCode] => COR
    [ShippingPrice] => 11.66
    [DeliveryTime] => 1
    [Error] => 
    [OriginalDeliveryTime] => 1
    [OriginalShippingPrice] => 11.66220000000
    [ResponseTime] => 28.507
    [AllowBuyLabel] => 1
)

07-01-2022 @ 10:35:47 - Percorrendo os serviços retornados
07-01-2022 @ 10:35:47 - WebServices response [Jadlog Package]: stdClass Object
(
    [ServiceCode] => F_3
    [ServiceDescription] => Jadlog Package
    [Carrier] => Jadlog
    [CarrierCode] => JAD
    [ShippingPrice] => 16.84
    [DeliveryTime] => 2
    [Error] => 
    [OriginalDeliveryTime] => 2
    [OriginalShippingPrice] => 16.8432000
    [ResponseTime] => 14.9103
    [AllowBuyLabel] => 1
)

07-01-2022 @ 10:35:47 - Percorrendo os serviços retornados
07-01-2022 @ 10:35:47 - WebServices response [PAC]: stdClass Object
(
    [ServiceCode] => 03298
    [ServiceDescription] => PAC
    [Carrier] => Correios
    [CarrierCode] => COR
    [ShippingPrice] => 17.97
    [DeliveryTime] => 5
    [Msg] => 
    [Error] => 
    [OriginalDeliveryTime] => 5
    [OriginalShippingPrice] => 17.9664000
    [ResponseTime] => 237.2217
    [AllowBuyLabel] => 1
)

07-01-2022 @ 10:35:47 - Percorrendo os serviços retornados
07-01-2022 @ 10:35:47 - *continue*
07-01-2022 @ 10:35:47 - Curl response: {"ShippingSevicesArray":[{"ServiceCode":"SFX_01","ServiceDescription":"Sequoia SFX","Carrier":"Sequoia","CarrierCode":"SEQ","ShippingPrice":"8.41","DeliveryTime":"2","Error":false,"OriginalDeliveryTime":"2","OriginalShippingPrice":"8.4100000","ResponseTime":"23.7996","AllowBuyLabel":true},{"ServiceCode":"03220","ServiceDescription":"Sedex","Carrier":"Correios","CarrierCode":"COR","ShippingPrice":"11.66","DeliveryTime":"1","Error":false,"OriginalDeliveryTime":"1","OriginalShippingPrice":"11.66220000000","ResponseTime":"47.1389","AllowBuyLabel":true},{"ServiceCode":"F_3","ServiceDescription":"Jadlog Package","Carrier":"Jadlog","CarrierCode":"JAD","ShippingPrice":"16.84","DeliveryTime":"2","Error":false,"OriginalDeliveryTime":"2","OriginalShippingPrice":"16.8432000","ResponseTime":"17.8267","AllowBuyLabel":true},{"ServiceCode":"03298","ServiceDescription":"PAC","Carrier":"Correios","CarrierCode":"COR","ShippingPrice":"17.97","DeliveryTime":"5","Msg":"","Error":false,"OriginalDeliveryTime":"5","OriginalShippingPrice":"17.9664000","ResponseTime":"274.0806","AllowBuyLabel":true},{"ServiceCode":"04227","ServiceDescription":"Mini Envios","Carrier":"Correios","CarrierCode":"COR","Msg":"Erro: Peso excedido.","Error":true,"ResponseTime":"0.0159","AllowBuyLabel":true}],"Timeout":0}
07-01-2022 @ 10:35:47 - Percorrendo os serviços retornados
07-01-2022 @ 10:35:47 - WebServices response [Sequoia SFX]: stdClass Object
(
    [ServiceCode] => SFX_01
    [ServiceDescription] => Sequoia SFX
    [Carrier] => Sequoia
    [CarrierCode] => SEQ
    [ShippingPrice] => 8.41
    [DeliveryTime] => 2
    [Error] => 
    [OriginalDeliveryTime] => 2
    [OriginalShippingPrice] => 8.4100000
    [ResponseTime] => 23.7996
    [AllowBuyLabel] => 1
)

07-01-2022 @ 10:35:47 - Percorrendo os serviços retornados
07-01-2022 @ 10:35:47 - WebServices response [Sedex]: stdClass Object
(
    [ServiceCode] => 03220
    [ServiceDescription] => Sedex
    [Carrier] => Correios
    [CarrierCode] => COR
    [ShippingPrice] => 11.66
    [DeliveryTime] => 1
    [Error] => 
    [OriginalDeliveryTime] => 1
    [OriginalShippingPrice] => 11.66220000000
    [ResponseTime] => 47.1389
    [AllowBuyLabel] => 1
)

07-01-2022 @ 10:35:47 - Percorrendo os serviços retornados
07-01-2022 @ 10:35:47 - WebServices response [Jadlog Package]: stdClass Object
(
    [ServiceCode] => F_3
    [ServiceDescription] => Jadlog Package
    [Carrier] => Jadlog
    [CarrierCode] => JAD
    [ShippingPrice] => 16.84
    [DeliveryTime] => 2
    [Error] => 
    [OriginalDeliveryTime] => 2
    [OriginalShippingPrice] => 16.8432000
    [ResponseTime] => 17.8267
    [AllowBuyLabel] => 1
)

07-01-2022 @ 10:35:47 - Percorrendo os serviços retornados
07-01-2022 @ 10:35:47 - WebServices response [PAC]: stdClass Object
(
    [ServiceCode] => 03298
    [ServiceDescription] => PAC
    [Carrier] => Correios
    [CarrierCode] => COR
    [ShippingPrice] => 17.97
    [DeliveryTime] => 5
    [Msg] => 
    [Error] => 
    [OriginalDeliveryTime] => 5
    [OriginalShippingPrice] => 17.9664000
    [ResponseTime] => 274.0806
    [AllowBuyLabel] => 1
)

07-01-2022 @ 10:35:47 - Percorrendo os serviços retornados
07-01-2022 @ 10:35:47 - *continue*
07-01-2022 @ 16:11:10 - ERRO: CEP destino não informado
07-01-2022 @ 17:22:22 - Product: WC_Product_Simple Object
(
    [object_type:protected] => product
    [post_type:protected] => product
    [cache_group:protected] => products
    [data:protected] => Array
        (
            [name] => Kit Confra
            [slug] => kit-confra
            [date_created] => WC_DateTime Object
                (
                    [utc_offset:protected] => 0
                    [date] => 2021-11-26 12:22:44.000000
                    [timezone_type] => 3
                    [timezone] => America/Sao_Paulo
                )

            [date_modified] => WC_DateTime Object
                (
                    [utc_offset:protected] => 0
                    [date] => 2022-01-17 13:04:07.000000
                    [timezone_type] => 3
                    [timezone] => America/Sao_Paulo
                )

            [status] => publish
            [featured] => 
            [catalog_visibility] => visible
            [description] => Vai encontrar com amigos? Neste Kit tem farofa para tudo mundo. Inclui a farofa doce que combina com todo tipo de sobremesa.
            [short_description] => 
            [sku] => 
            [price] => 49
            [regular_price] => 49
            [sale_price] => 
            [date_on_sale_from] => 
            [date_on_sale_to] => 
            [total_sales] => 0
            [tax_status] => taxable
            [tax_class] => 
            [manage_stock] => 
            [stock_quantity] => 
            [stock_status] => instock
            [backorders] => no
            [low_stock_amount] => 
            [sold_individually] => 
            [weight] => 
            [length] => 
            [width] => 
            [height] => 
            [upsell_ids] => Array
                (
                )

            [cross_sell_ids] => Array
                (
                )

            [parent_id] => 0
            [reviews_allowed] => 
            [purchase_note] => 
            [attributes] => Array
                (
                )

            [default_attributes] => Array
                (
                )

            [menu_order] => 0
            [post_password] => 
            [virtual] => 
            [downloadable] => 
            [category_ids] => Array
                (
                    [0] => 18
                )

            [tag_ids] => Array
                (
                )

            [shipping_class_id] => 0
            [downloads] => Array
                (
                )

            [image_id] => 416
            [gallery_image_ids] => Array
                (
                )

            [download_limit] => -1
            [download_expiry] => -1
            [rating_counts] => Array
                (
                )

            [average_rating] => 0
            [review_count] => 0
        )

    [supports:protected] => Array
        (
            [0] => ajax_add_to_cart
        )

    [id:protected] => 208
    [changes:protected] => Array
        (
        )

    [object_read:protected] => 1
    [extra_data:protected] => Array
        (
        )

    [default_data:protected] => Array
        (
            [name] => 
            [slug] => 
            [date_created] => 
            [date_modified] => 
            [status] => 
            [featured] => 
            [catalog_visibility] => visible
            [description] => 
            [short_description] => 
            [sku] => 
            [price] => 
            [regular_price] => 
            [sale_price] => 
            [date_on_sale_from] => 
            [date_on_sale_to] => 
            [total_sales] => 0
            [tax_status] => taxable
            [tax_class] => 
            [manage_stock] => 
            [stock_quantity] => 
            [stock_status] => instock
            [backorders] => no
            [low_stock_amount] => 
            [sold_individually] => 
            [weight] => 
            [length] => 
            [width] => 
            [height] => 
            [upsell_ids] => Array
                (
                )

            [cross_sell_ids] => Array
                (
                )

            [parent_id] => 0
            [reviews_allowed] => 1
            [purchase_note] => 
            [attributes] => Array
                (
                )

            [default_attributes] => Array
                (
                )

            [menu_order] => 0
            [post_password] => 
            [virtual] => 
            [downloadable] => 
            [category_ids] => Array
                (
                )

            [tag_ids] => Array
                (
                )

            [shipping_class_id] => 0
            [downloads] => Array
                (
                )

            [image_id] => 
            [gallery_image_ids] => Array
                (
                )

            [download_limit] => -1
            [download_expiry] => -1
            [rating_counts] => Array
                (
                )

            [average_rating] => 0
            [review_count] => 0
        )

    [data_store:protected] => WC_Data_Store Object
        (
            [instance:WC_Data_Store:private] => WC_Product_Data_Store_CPT Object
                (
                    [internal_meta_keys:protected] => Array
                        (
                            [0] => _visibility
                            [1] => _sku
                            [2] => _price
                            [3] => _regular_price
                            [4] => _sale_price
                            [5] => _sale_price_dates_from
                            [6] => _sale_price_dates_to
                            [7] => total_sales
                            [8] => _tax_status
                            [9] => _tax_class
                            [10] => _manage_stock
                            [11] => _stock
                            [12] => _stock_status
                            [13] => _backorders
                            [14] => _low_stock_amount
                            [15] => _sold_individually
                            [16] => _weight
                            [17] => _length
                            [18] => _width
                            [19] => _height
                            [20] => _upsell_ids
                            [21] => _crosssell_ids
                            [22] => _purchase_note
                            [23] => _default_attributes
                            [24] => _product_attributes
                            [25] => _virtual
                            [26] => _downloadable
                            [27] => _download_limit
                            [28] => _download_expiry
                            [29] => _featured
                            [30] => _downloadable_files
                            [31] => _wc_rating_count
                            [32] => _wc_average_rating
                            [33] => _wc_review_count
                            [34] => _variation_description
                            [35] => _thumbnail_id
                            [36] => _file_paths
                            [37] => _product_image_gallery
                            [38] => _product_version
                            [39] => _wp_old_slug
                            [40] => _edit_last
                            [41] => _edit_lock
                        )

                    [must_exist_meta_keys:protected] => Array
                        (
                            [0] => _tax_class
                        )

                    [extra_data_saved:protected] => 
                    [updated_props:protected] => Array
                        (
                        )

                    [meta_type:protected] => post
                    [object_id_field_for_meta:protected] => 
                )

            [stores:WC_Data_Store:private] => Array
                (
                    [coupon] => WC_Coupon_Data_Store_CPT
                    [customer] => WC_Customer_Data_Store
                    [customer-download] => WC_Customer_Download_Data_Store
                    [customer-download-log] => WC_Customer_Download_Log_Data_Store
                    [customer-session] => WC_Customer_Data_Store_Session
                    [order] => WC_Order_Data_Store_CPT
                    [order-refund] => WC_Order_Refund_Data_Store_CPT
                    [order-item] => WC_Order_Item_Data_Store
                    [order-item-coupon] => WC_Order_Item_Coupon_Data_Store
                    [order-item-fee] => WC_Order_Item_Fee_Data_Store
                    [order-item-product] => WC_Order_Item_Product_Data_Store
                    [order-item-shipping] => WC_Order_Item_Shipping_Data_Store
                    [order-item-tax] => WC_Order_Item_Tax_Data_Store
                    [payment-token] => WC_Payment_Token_Data_Store
                    [product] => WC_Product_Data_Store_CPT
                    [product-grouped] => WC_Product_Grouped_Data_Store_CPT
                    [product-variable] => WC_Product_Variable_Data_Store_CPT
                    [product-variation] => WC_Product_Variation_Data_Store_CPT
                    [shipping-zone] => WC_Shipping_Zone_Data_Store
                    [webhook] => WC_Webhook_Data_Store
                    [report-revenue-stats] => Automattic\WooCommerce\Admin\API\Reports\Orders\Stats\DataStore
                    [report-orders] => Automattic\WooCommerce\Admin\API\Reports\Orders\DataStore
                    [report-orders-stats] => Automattic\WooCommerce\Admin\API\Reports\Orders\Stats\DataStore
                    [report-products] => Automattic\WooCommerce\Admin\API\Reports\Products\DataStore
                    [report-variations] => Automattic\WooCommerce\Admin\API\Reports\Variations\DataStore
                    [report-products-stats] => Automattic\WooCommerce\Admin\API\Reports\Products\Stats\DataStore
                    [report-variations-stats] => Automattic\WooCommerce\Admin\API\Reports\Variations\Stats\DataStore
                    [report-categories] => Automattic\WooCommerce\Admin\API\Reports\Categories\DataStore
                    [report-taxes] => Automattic\WooCommerce\Admin\API\Reports\Taxes\DataStore
                    [report-taxes-stats] => Automattic\WooCommerce\Admin\API\Reports\Taxes\Stats\DataStore
                    [report-coupons] => Automattic\WooCommerce\Admin\API\Reports\Coupons\DataStore
                    [report-coupons-stats] => Automattic\WooCommerce\Admin\API\Reports\Coupons\Stats\DataStore
                    [report-downloads] => Automattic\WooCommerce\Admin\API\Reports\Downloads\DataStore
                    [report-downloads-stats] => Automattic\WooCommerce\Admin\API\Reports\Downloads\Stats\DataStore
                    [admin-note] => Automattic\WooCommerce\Admin\Notes\DataStore
                    [report-customers] => Automattic\WooCommerce\Admin\API\Reports\Customers\DataStore
                    [report-customers-stats] => Automattic\WooCommerce\Admin\API\Reports\Customers\Stats\DataStore
                    [report-stock-stats] => Automattic\WooCommerce\Admin\API\Reports\Stock\Stats\DataStore
                )

            [current_class_name:WC_Data_Store:private] => WC_Product_Data_Store_CPT
            [object_type:WC_Data_Store:private] => product-simple
        )

    [meta_data:protected] => 
)

07-01-2022 @ 17:22:22 - shippingItem: stdClass Object
(
    [Weight] => 1
    [Length] => 16
    [Height] => 2
    [Width] => 11
    [Diameter] => 0
    [SKU] => 
    [Category] => kits|
    [isFragile] => 
)

07-01-2022 @ 17:22:22 - CEP 80240030
07-01-2022 @ 17:22:22 - Requesting the Frenet WebServices...
07-01-2022 @ 17:22:22 - Array
(
    [Token] => 3D2F795ER0734R4699RA595RC0EB30404754
    [Coupom] => 
    [PlatformName] => WOOCOMMERCE
    [PlatformVersion] => 6.6.1
    [SellerCEP] => 04004070
    [RecipientCEP] => 80240030
    [RecipientDocument] => 
    [ShipmentInvoiceValue] => 49
    [ShippingItemArray] => Array
        (
            [0] => stdClass Object
                (
                    [Weight] => 1
                    [Length] => 16
                    [Height] => 2
                    [Width] => 11
                    [Diameter] => 0
                    [SKU] => 
                    [Category] => kits|
                    [isFragile] => 
                    [Quantity] => 1
                )

        )

    [RecipientCountry] => BR
)

07-01-2022 @ 17:22:22 - URL: http://api.frenet.com.br/shipping/quote
07-01-2022 @ 17:22:23 - Curl response: {"ShippingSevicesArray":[{"ServiceCode":"SFX_01","ServiceDescription":"Sequoia SFX","Carrier":"Sequoia","CarrierCode":"SEQ","ShippingPrice":"13.82","DeliveryTime":"3","Error":false,"OriginalDeliveryTime":"3","OriginalShippingPrice":"13.8156000","ResponseTime":"46.0791","AllowBuyLabel":true},{"ServiceCode":"03298","ServiceDescription":"PAC","Carrier":"Correios","CarrierCode":"COR","ShippingPrice":"21.40","DeliveryTime":"5","Error":false,"OriginalDeliveryTime":"5","OriginalShippingPrice":"21.39780000000","ResponseTime":"121.1398","AllowBuyLabel":true},{"ServiceCode":"F_3","ServiceDescription":"Jadlog Package","Carrier":"Jadlog","CarrierCode":"JAD","ShippingPrice":"23.40","DeliveryTime":"2","Error":false,"OriginalDeliveryTime":"2","OriginalShippingPrice":"23.3972000","ResponseTime":"25.5026","AllowBuyLabel":true},{"ServiceCode":"03220","ServiceDescription":"Sedex","Carrier":"Correios","CarrierCode":"COR","ShippingPrice":"30.55","DeliveryTime":"1","Error":false,"OriginalDeliveryTime":"1","OriginalShippingPrice":"30.55200000000","ResponseTime":"102.4557","AllowBuyLabel":true},{"ServiceCode":"04227","ServiceDescription":"Mini Envios","Carrier":"Correios","CarrierCode":"COR","Msg":"Erro: Peso excedido.","Error":true,"ResponseTime":"0.0222","AllowBuyLabel":true}],"Timeout":0}
07-01-2022 @ 17:22:23 - Percorrendo os serviços retornados
07-01-2022 @ 17:22:23 - WebServices response [Sequoia SFX]: stdClass Object
(
    [ServiceCode] => SFX_01
    [ServiceDescription] => Sequoia SFX
    [Carrier] => Sequoia
    [CarrierCode] => SEQ
    [ShippingPrice] => 13.82
    [DeliveryTime] => 3
    [Error] => 
    [OriginalDeliveryTime] => 3
    [OriginalShippingPrice] => 13.8156000
    [ResponseTime] => 46.0791
    [AllowBuyLabel] => 1
)

07-01-2022 @ 17:22:23 - Percorrendo os serviços retornados
07-01-2022 @ 17:22:23 - WebServices response [PAC]: stdClass Object
(
    [ServiceCode] => 03298
    [ServiceDescription] => PAC
    [Carrier] => Correios
    [CarrierCode] => COR
    [ShippingPrice] => 21.40
    [DeliveryTime] => 5
    [Error] => 
    [OriginalDeliveryTime] => 5
    [OriginalShippingPrice] => 21.39780000000
    [ResponseTime] => 121.1398
    [AllowBuyLabel] => 1
)

07-01-2022 @ 17:22:23 - Percorrendo os serviços retornados
07-01-2022 @ 17:22:23 - WebServices response [Jadlog Package]: stdClass Object
(
    [ServiceCode] => F_3
    [ServiceDescription] => Jadlog Package
    [Carrier] => Jadlog
    [CarrierCode] => JAD
    [ShippingPrice] => 23.40
    [DeliveryTime] => 2
    [Error] => 
    [OriginalDeliveryTime] => 2
    [OriginalShippingPrice] => 23.3972000
    [ResponseTime] => 25.5026
    [AllowBuyLabel] => 1
)

07-01-2022 @ 17:22:23 - Percorrendo os serviços retornados
07-01-2022 @ 17:22:23 - WebServices response [Sedex]: stdClass Object
(
    [ServiceCode] => 03220
    [ServiceDescription] => Sedex
    [Carrier] => Correios
    [CarrierCode] => COR
    [ShippingPrice] => 30.55
    [DeliveryTime] => 1
    [Error] => 
    [OriginalDeliveryTime] => 1
    [OriginalShippingPrice] => 30.55200000000
    [ResponseTime] => 102.4557
    [AllowBuyLabel] => 1
)

07-01-2022 @ 17:22:23 - Percorrendo os serviços retornados
07-01-2022 @ 17:22:23 - *continue*
