04-12-2022 @ 14:06:33 - ERRO: CEP destino não informado
04-12-2022 @ 14:06:54 - ERRO: CEP destino não informado
04-12-2022 @ 14:07:16 - Product: WC_Product_Simple Object
(
    [object_type:protected] => product
    [post_type:protected] => product
    [cache_group:protected] => products
    [data:protected] => Array
        (
            [name] => Kit Fit
            [slug] => kit-fit
            [date_created] => WC_DateTime Object
                (
                    [utc_offset:protected] => 0
                    [date] => 2021-11-26 12:11:54.000000
                    [timezone_type] => 3
                    [timezone] => America/Sao_Paulo
                )

            [date_modified] => WC_DateTime Object
                (
                    [utc_offset:protected] => 0
                    [date] => 2022-01-17 13:00:12.000000
                    [timezone_type] => 3
                    [timezone] => America/Sao_Paulo
                )

            [status] => publish
            [featured] => 
            [catalog_visibility] => visible
            [description] => As farofas que cabem no seu plano alimentar. Ótima fonte de fibras nutricionais.

Neste kit contém as farofas <strong>Com Muitas Sementes e Com Muitas Sementes &amp; Castanhas.</strong>

&nbsp;
            [short_description] => 
            [sku] => 
            [price] => 33
            [regular_price] => 33
            [sale_price] => 
            [date_on_sale_from] => 
            [date_on_sale_to] => 
            [total_sales] => 0
            [tax_status] => taxable
            [tax_class] => 
            [manage_stock] => 
            [stock_quantity] => 
            [stock_status] => instock
            [backorders] => no
            [low_stock_amount] => 
            [sold_individually] => 
            [weight] => 
            [length] => 
            [width] => 
            [height] => 
            [upsell_ids] => Array
                (
                )

            [cross_sell_ids] => Array
                (
                )

            [parent_id] => 0
            [reviews_allowed] => 
            [purchase_note] => 
            [attributes] => Array
                (
                )

            [default_attributes] => Array
                (
                )

            [menu_order] => 0
            [post_password] => 
            [virtual] => 
            [downloadable] => 
            [category_ids] => Array
                (
                    [0] => 18
                )

            [tag_ids] => Array
                (
                )

            [shipping_class_id] => 0
            [downloads] => Array
                (
                )

            [image_id] => 414
            [gallery_image_ids] => Array
                (
                )

            [download_limit] => -1
            [download_expiry] => -1
            [rating_counts] => Array
                (
                )

            [average_rating] => 0
            [review_count] => 0
        )

    [supports:protected] => Array
        (
            [0] => ajax_add_to_cart
        )

    [id:protected] => 205
    [changes:protected] => Array
        (
        )

    [object_read:protected] => 1
    [extra_data:protected] => Array
        (
        )

    [default_data:protected] => Array
        (
            [name] => 
            [slug] => 
            [date_created] => 
            [date_modified] => 
            [status] => 
            [featured] => 
            [catalog_visibility] => visible
            [description] => 
            [short_description] => 
            [sku] => 
            [price] => 
            [regular_price] => 
            [sale_price] => 
            [date_on_sale_from] => 
            [date_on_sale_to] => 
            [total_sales] => 0
            [tax_status] => taxable
            [tax_class] => 
            [manage_stock] => 
            [stock_quantity] => 
            [stock_status] => instock
            [backorders] => no
            [low_stock_amount] => 
            [sold_individually] => 
            [weight] => 
            [length] => 
            [width] => 
            [height] => 
            [upsell_ids] => Array
                (
                )

            [cross_sell_ids] => Array
                (
                )

            [parent_id] => 0
            [reviews_allowed] => 1
            [purchase_note] => 
            [attributes] => Array
                (
                )

            [default_attributes] => Array
                (
                )

            [menu_order] => 0
            [post_password] => 
            [virtual] => 
            [downloadable] => 
            [category_ids] => Array
                (
                )

            [tag_ids] => Array
                (
                )

            [shipping_class_id] => 0
            [downloads] => Array
                (
                )

            [image_id] => 
            [gallery_image_ids] => Array
                (
                )

            [download_limit] => -1
            [download_expiry] => -1
            [rating_counts] => Array
                (
                )

            [average_rating] => 0
            [review_count] => 0
        )

    [data_store:protected] => WC_Data_Store Object
        (
            [instance:WC_Data_Store:private] => WC_Product_Data_Store_CPT Object
                (
                    [internal_meta_keys:protected] => Array
                        (
                            [0] => _visibility
                            [1] => _sku
                            [2] => _price
                            [3] => _regular_price
                            [4] => _sale_price
                            [5] => _sale_price_dates_from
                            [6] => _sale_price_dates_to
                            [7] => total_sales
                            [8] => _tax_status
                            [9] => _tax_class
                            [10] => _manage_stock
                            [11] => _stock
                            [12] => _stock_status
                            [13] => _backorders
                            [14] => _low_stock_amount
                            [15] => _sold_individually
                            [16] => _weight
                            [17] => _length
                            [18] => _width
                            [19] => _height
                            [20] => _upsell_ids
                            [21] => _crosssell_ids
                            [22] => _purchase_note
                            [23] => _default_attributes
                            [24] => _product_attributes
                            [25] => _virtual
                            [26] => _downloadable
                            [27] => _download_limit
                            [28] => _download_expiry
                            [29] => _featured
                            [30] => _downloadable_files
                            [31] => _wc_rating_count
                            [32] => _wc_average_rating
                            [33] => _wc_review_count
                            [34] => _variation_description
                            [35] => _thumbnail_id
                            [36] => _file_paths
                            [37] => _product_image_gallery
                            [38] => _product_version
                            [39] => _wp_old_slug
                            [40] => _edit_last
                            [41] => _edit_lock
                        )

                    [must_exist_meta_keys:protected] => Array
                        (
                            [0] => _tax_class
                        )

                    [extra_data_saved:protected] => 
                    [updated_props:protected] => Array
                        (
                        )

                    [meta_type:protected] => post
                    [object_id_field_for_meta:protected] => 
                )

            [stores:WC_Data_Store:private] => Array
                (
                    [coupon] => WC_Coupon_Data_Store_CPT
                    [customer] => WC_Customer_Data_Store
                    [customer-download] => WC_Customer_Download_Data_Store
                    [customer-download-log] => WC_Customer_Download_Log_Data_Store
                    [customer-session] => WC_Customer_Data_Store_Session
                    [order] => WC_Order_Data_Store_CPT
                    [order-refund] => WC_Order_Refund_Data_Store_CPT
                    [order-item] => WC_Order_Item_Data_Store
                    [order-item-coupon] => WC_Order_Item_Coupon_Data_Store
                    [order-item-fee] => WC_Order_Item_Fee_Data_Store
                    [order-item-product] => WC_Order_Item_Product_Data_Store
                    [order-item-shipping] => WC_Order_Item_Shipping_Data_Store
                    [order-item-tax] => WC_Order_Item_Tax_Data_Store
                    [payment-token] => WC_Payment_Token_Data_Store
                    [product] => WC_Product_Data_Store_CPT
                    [product-grouped] => WC_Product_Grouped_Data_Store_CPT
                    [product-variable] => WC_Product_Variable_Data_Store_CPT
                    [product-variation] => WC_Product_Variation_Data_Store_CPT
                    [shipping-zone] => WC_Shipping_Zone_Data_Store
                    [webhook] => WC_Webhook_Data_Store
                    [report-revenue-stats] => Automattic\WooCommerce\Admin\API\Reports\Orders\Stats\DataStore
                    [report-orders] => Automattic\WooCommerce\Admin\API\Reports\Orders\DataStore
                    [report-orders-stats] => Automattic\WooCommerce\Admin\API\Reports\Orders\Stats\DataStore
                    [report-products] => Automattic\WooCommerce\Admin\API\Reports\Products\DataStore
                    [report-variations] => Automattic\WooCommerce\Admin\API\Reports\Variations\DataStore
                    [report-products-stats] => Automattic\WooCommerce\Admin\API\Reports\Products\Stats\DataStore
                    [report-variations-stats] => Automattic\WooCommerce\Admin\API\Reports\Variations\Stats\DataStore
                    [report-categories] => Automattic\WooCommerce\Admin\API\Reports\Categories\DataStore
                    [report-taxes] => Automattic\WooCommerce\Admin\API\Reports\Taxes\DataStore
                    [report-taxes-stats] => Automattic\WooCommerce\Admin\API\Reports\Taxes\Stats\DataStore
                    [report-coupons] => Automattic\WooCommerce\Admin\API\Reports\Coupons\DataStore
                    [report-coupons-stats] => Automattic\WooCommerce\Admin\API\Reports\Coupons\Stats\DataStore
                    [report-downloads] => Automattic\WooCommerce\Admin\API\Reports\Downloads\DataStore
                    [report-downloads-stats] => Automattic\WooCommerce\Admin\API\Reports\Downloads\Stats\DataStore
                    [admin-note] => Automattic\WooCommerce\Admin\Notes\DataStore
                    [report-customers] => Automattic\WooCommerce\Admin\API\Reports\Customers\DataStore
                    [report-customers-stats] => Automattic\WooCommerce\Admin\API\Reports\Customers\Stats\DataStore
                    [report-stock-stats] => Automattic\WooCommerce\Admin\API\Reports\Stock\Stats\DataStore
                )

            [current_class_name:WC_Data_Store:private] => WC_Product_Data_Store_CPT
            [object_type:WC_Data_Store:private] => product-simple
        )

    [meta_data:protected] => 
)

04-12-2022 @ 14:07:16 - shippingItem: stdClass Object
(
    [Weight] => 1
    [Length] => 16
    [Height] => 2
    [Width] => 11
    [Diameter] => 0
    [SKU] => 
    [Category] => kits|
    [isFragile] => 
)

04-12-2022 @ 14:07:16 - CEP 66083-514
04-12-2022 @ 14:07:16 - Requesting the Frenet WebServices...
04-12-2022 @ 14:07:16 - Array
(
    [Token] => 3D2F795ER0734R4699RA595RC0EB30404754
    [Coupom] => 
    [PlatformName] => WOOCOMMERCE
    [PlatformVersion] => 6.3.1
    [SellerCEP] => 01322050
    [RecipientCEP] => 66083-514
    [RecipientDocument] => 
    [ShipmentInvoiceValue] => 66
    [ShippingItemArray] => Array
        (
            [0] => stdClass Object
                (
                    [Weight] => 1
                    [Length] => 16
                    [Height] => 2
                    [Width] => 11
                    [Diameter] => 0
                    [SKU] => 
                    [Category] => kits|
                    [isFragile] => 
                    [Quantity] => 2
                )

        )

    [RecipientCountry] => BR
)

04-12-2022 @ 14:07:16 - URL: http://api.frenet.com.br/shipping/quote
04-12-2022 @ 14:07:17 - Curl response: {"ShippingSevicesArray":[{"ServiceCode":"SFX_01","ServiceDescription":"Sequoia SFX","Carrier":"Sequoia","CarrierCode":"SEQ","ShippingPrice":"21.38","DeliveryTime":"8","Error":false,"OriginalDeliveryTime":"8","OriginalShippingPrice":"21.3788000","ResponseTime":"4.461","AllowBuyLabel":true},{"ServiceCode":"F_3","ServiceDescription":"Jadlog Package","Carrier":"Jadlog","CarrierCode":"JAD","ShippingPrice":"27.55","DeliveryTime":"6","Error":false,"OriginalDeliveryTime":"6","OriginalShippingPrice":"27.5500000","ResponseTime":"3.7576","AllowBuyLabel":true},{"ServiceCode":"03298","ServiceDescription":"PAC","Carrier":"Correios","CarrierCode":"COR","ShippingPrice":"29.39","DeliveryTime":"10","Error":false,"OriginalDeliveryTime":"10","OriginalShippingPrice":"29.38920000000","ResponseTime":"265.3119","AllowBuyLabel":true},{"ServiceCode":"03220","ServiceDescription":"Sedex","Carrier":"Correios","CarrierCode":"COR","ShippingPrice":"66.30","DeliveryTime":"4","Error":false,"OriginalDeliveryTime":"4","OriginalShippingPrice":"66.30240000000","ResponseTime":"271.5178","AllowBuyLabel":true},{"ServiceCode":"ULO_ECO","ServiceDescription":"Uello Econômico","Carrier":"Uello","CarrierCode":"ULO","Error":true,"ResponseTime":"22.5149","AllowBuyLabel":false},{"ServiceCode":"ULO_EXP","ServiceDescription":"Uello Expresso","Carrier":"Uello","CarrierCode":"ULO","Error":true,"ResponseTime":"33.2106","AllowBuyLabel":false},{"ServiceCode":"04227","ServiceDescription":"Mini Envios","Carrier":"Correios","CarrierCode":"COR","Msg":"Erro: Peso excedido.","Error":true,"ResponseTime":"0.0144","AllowBuyLabel":true}],"Timeout":0}
04-12-2022 @ 14:07:17 - Percorrendo os serviços retornados
04-12-2022 @ 14:07:17 - WebServices response [Sequoia SFX]: stdClass Object
(
    [ServiceCode] => SFX_01
    [ServiceDescription] => Sequoia SFX
    [Carrier] => Sequoia
    [CarrierCode] => SEQ
    [ShippingPrice] => 21.38
    [DeliveryTime] => 8
    [Error] => 
    [OriginalDeliveryTime] => 8
    [OriginalShippingPrice] => 21.3788000
    [ResponseTime] => 4.461
    [AllowBuyLabel] => 1
)

04-12-2022 @ 14:07:17 - Percorrendo os serviços retornados
04-12-2022 @ 14:07:17 - WebServices response [Jadlog Package]: stdClass Object
(
    [ServiceCode] => F_3
    [ServiceDescription] => Jadlog Package
    [Carrier] => Jadlog
    [CarrierCode] => JAD
    [ShippingPrice] => 27.55
    [DeliveryTime] => 6
    [Error] => 
    [OriginalDeliveryTime] => 6
    [OriginalShippingPrice] => 27.5500000
    [ResponseTime] => 3.7576
    [AllowBuyLabel] => 1
)

04-12-2022 @ 14:07:17 - Percorrendo os serviços retornados
04-12-2022 @ 14:07:17 - WebServices response [PAC]: stdClass Object
(
    [ServiceCode] => 03298
    [ServiceDescription] => PAC
    [Carrier] => Correios
    [CarrierCode] => COR
    [ShippingPrice] => 29.39
    [DeliveryTime] => 10
    [Error] => 
    [OriginalDeliveryTime] => 10
    [OriginalShippingPrice] => 29.38920000000
    [ResponseTime] => 265.3119
    [AllowBuyLabel] => 1
)

04-12-2022 @ 14:07:17 - Percorrendo os serviços retornados
04-12-2022 @ 14:07:17 - WebServices response [Sedex]: stdClass Object
(
    [ServiceCode] => 03220
    [ServiceDescription] => Sedex
    [Carrier] => Correios
    [CarrierCode] => COR
    [ShippingPrice] => 66.30
    [DeliveryTime] => 4
    [Error] => 
    [OriginalDeliveryTime] => 4
    [OriginalShippingPrice] => 66.30240000000
    [ResponseTime] => 271.5178
    [AllowBuyLabel] => 1
)

04-12-2022 @ 14:07:17 - Percorrendo os serviços retornados
04-12-2022 @ 14:07:17 - *continue*
04-12-2022 @ 14:07:17 - Percorrendo os serviços retornados
04-12-2022 @ 14:07:17 - *continue*
04-12-2022 @ 14:07:17 - Percorrendo os serviços retornados
04-12-2022 @ 14:07:17 - *continue*
04-12-2022 @ 14:49:22 - ERRO: CEP destino não informado
04-12-2022 @ 14:49:27 - ERRO: CEP destino não informado
04-12-2022 @ 14:51:02 - ERRO: CEP destino não informado
04-12-2022 @ 14:51:23 - Product: WC_Product_Simple Object
(
    [object_type:protected] => product
    [post_type:protected] => product
    [cache_group:protected] => products
    [data:protected] => Array
        (
            [name] => Kit Confra
            [slug] => kit-confra
            [date_created] => WC_DateTime Object
                (
                    [utc_offset:protected] => 0
                    [date] => 2021-11-26 12:22:44.000000
                    [timezone_type] => 3
                    [timezone] => America/Sao_Paulo
                )

            [date_modified] => WC_DateTime Object
                (
                    [utc_offset:protected] => 0
                    [date] => 2022-01-17 13:04:07.000000
                    [timezone_type] => 3
                    [timezone] => America/Sao_Paulo
                )

            [status] => publish
            [featured] => 
            [catalog_visibility] => visible
            [description] => Vai encontrar com amigos? Neste Kit tem farofa para tudo mundo. Inclui a farofa doce que combina com todo tipo de sobremesa.
            [short_description] => 
            [sku] => 
            [price] => 49
            [regular_price] => 49
            [sale_price] => 
            [date_on_sale_from] => 
            [date_on_sale_to] => 
            [total_sales] => 0
            [tax_status] => taxable
            [tax_class] => 
            [manage_stock] => 
            [stock_quantity] => 
            [stock_status] => instock
            [backorders] => no
            [low_stock_amount] => 
            [sold_individually] => 
            [weight] => 
            [length] => 
            [width] => 
            [height] => 
            [upsell_ids] => Array
                (
                )

            [cross_sell_ids] => Array
                (
                )

            [parent_id] => 0
            [reviews_allowed] => 
            [purchase_note] => 
            [attributes] => Array
                (
                )

            [default_attributes] => Array
                (
                )

            [menu_order] => 0
            [post_password] => 
            [virtual] => 
            [downloadable] => 
            [category_ids] => Array
                (
                    [0] => 18
                )

            [tag_ids] => Array
                (
                )

            [shipping_class_id] => 0
            [downloads] => Array
                (
                )

            [image_id] => 416
            [gallery_image_ids] => Array
                (
                )

            [download_limit] => -1
            [download_expiry] => -1
            [rating_counts] => Array
                (
                )

            [average_rating] => 0
            [review_count] => 0
        )

    [supports:protected] => Array
        (
            [0] => ajax_add_to_cart
        )

    [id:protected] => 208
    [changes:protected] => Array
        (
        )

    [object_read:protected] => 1
    [extra_data:protected] => Array
        (
        )

    [default_data:protected] => Array
        (
            [name] => 
            [slug] => 
            [date_created] => 
            [date_modified] => 
            [status] => 
            [featured] => 
            [catalog_visibility] => visible
            [description] => 
            [short_description] => 
            [sku] => 
            [price] => 
            [regular_price] => 
            [sale_price] => 
            [date_on_sale_from] => 
            [date_on_sale_to] => 
            [total_sales] => 0
            [tax_status] => taxable
            [tax_class] => 
            [manage_stock] => 
            [stock_quantity] => 
            [stock_status] => instock
            [backorders] => no
            [low_stock_amount] => 
            [sold_individually] => 
            [weight] => 
            [length] => 
            [width] => 
            [height] => 
            [upsell_ids] => Array
                (
                )

            [cross_sell_ids] => Array
                (
                )

            [parent_id] => 0
            [reviews_allowed] => 1
            [purchase_note] => 
            [attributes] => Array
                (
                )

            [default_attributes] => Array
                (
                )

            [menu_order] => 0
            [post_password] => 
            [virtual] => 
            [downloadable] => 
            [category_ids] => Array
                (
                )

            [tag_ids] => Array
                (
                )

            [shipping_class_id] => 0
            [downloads] => Array
                (
                )

            [image_id] => 
            [gallery_image_ids] => Array
                (
                )

            [download_limit] => -1
            [download_expiry] => -1
            [rating_counts] => Array
                (
                )

            [average_rating] => 0
            [review_count] => 0
        )

    [data_store:protected] => WC_Data_Store Object
        (
            [instance:WC_Data_Store:private] => WC_Product_Data_Store_CPT Object
                (
                    [internal_meta_keys:protected] => Array
                        (
                            [0] => _visibility
                            [1] => _sku
                            [2] => _price
                            [3] => _regular_price
                            [4] => _sale_price
                            [5] => _sale_price_dates_from
                            [6] => _sale_price_dates_to
                            [7] => total_sales
                            [8] => _tax_status
                            [9] => _tax_class
                            [10] => _manage_stock
                            [11] => _stock
                            [12] => _stock_status
                            [13] => _backorders
                            [14] => _low_stock_amount
                            [15] => _sold_individually
                            [16] => _weight
                            [17] => _length
                            [18] => _width
                            [19] => _height
                            [20] => _upsell_ids
                            [21] => _crosssell_ids
                            [22] => _purchase_note
                            [23] => _default_attributes
                            [24] => _product_attributes
                            [25] => _virtual
                            [26] => _downloadable
                            [27] => _download_limit
                            [28] => _download_expiry
                            [29] => _featured
                            [30] => _downloadable_files
                            [31] => _wc_rating_count
                            [32] => _wc_average_rating
                            [33] => _wc_review_count
                            [34] => _variation_description
                            [35] => _thumbnail_id
                            [36] => _file_paths
                            [37] => _product_image_gallery
                            [38] => _product_version
                            [39] => _wp_old_slug
                            [40] => _edit_last
                            [41] => _edit_lock
                        )

                    [must_exist_meta_keys:protected] => Array
                        (
                            [0] => _tax_class
                        )

                    [extra_data_saved:protected] => 
                    [updated_props:protected] => Array
                        (
                        )

                    [meta_type:protected] => post
                    [object_id_field_for_meta:protected] => 
                )

            [stores:WC_Data_Store:private] => Array
                (
                    [coupon] => WC_Coupon_Data_Store_CPT
                    [customer] => WC_Customer_Data_Store
                    [customer-download] => WC_Customer_Download_Data_Store
                    [customer-download-log] => WC_Customer_Download_Log_Data_Store
                    [customer-session] => WC_Customer_Data_Store_Session
                    [order] => WC_Order_Data_Store_CPT
                    [order-refund] => WC_Order_Refund_Data_Store_CPT
                    [order-item] => WC_Order_Item_Data_Store
                    [order-item-coupon] => WC_Order_Item_Coupon_Data_Store
                    [order-item-fee] => WC_Order_Item_Fee_Data_Store
                    [order-item-product] => WC_Order_Item_Product_Data_Store
                    [order-item-shipping] => WC_Order_Item_Shipping_Data_Store
                    [order-item-tax] => WC_Order_Item_Tax_Data_Store
                    [payment-token] => WC_Payment_Token_Data_Store
                    [product] => WC_Product_Data_Store_CPT
                    [product-grouped] => WC_Product_Grouped_Data_Store_CPT
                    [product-variable] => WC_Product_Variable_Data_Store_CPT
                    [product-variation] => WC_Product_Variation_Data_Store_CPT
                    [shipping-zone] => WC_Shipping_Zone_Data_Store
                    [webhook] => WC_Webhook_Data_Store
                    [report-revenue-stats] => Automattic\WooCommerce\Admin\API\Reports\Orders\Stats\DataStore
                    [report-orders] => Automattic\WooCommerce\Admin\API\Reports\Orders\DataStore
                    [report-orders-stats] => Automattic\WooCommerce\Admin\API\Reports\Orders\Stats\DataStore
                    [report-products] => Automattic\WooCommerce\Admin\API\Reports\Products\DataStore
                    [report-variations] => Automattic\WooCommerce\Admin\API\Reports\Variations\DataStore
                    [report-products-stats] => Automattic\WooCommerce\Admin\API\Reports\Products\Stats\DataStore
                    [report-variations-stats] => Automattic\WooCommerce\Admin\API\Reports\Variations\Stats\DataStore
                    [report-categories] => Automattic\WooCommerce\Admin\API\Reports\Categories\DataStore
                    [report-taxes] => Automattic\WooCommerce\Admin\API\Reports\Taxes\DataStore
                    [report-taxes-stats] => Automattic\WooCommerce\Admin\API\Reports\Taxes\Stats\DataStore
                    [report-coupons] => Automattic\WooCommerce\Admin\API\Reports\Coupons\DataStore
                    [report-coupons-stats] => Automattic\WooCommerce\Admin\API\Reports\Coupons\Stats\DataStore
                    [report-downloads] => Automattic\WooCommerce\Admin\API\Reports\Downloads\DataStore
                    [report-downloads-stats] => Automattic\WooCommerce\Admin\API\Reports\Downloads\Stats\DataStore
                    [admin-note] => Automattic\WooCommerce\Admin\Notes\DataStore
                    [report-customers] => Automattic\WooCommerce\Admin\API\Reports\Customers\DataStore
                    [report-customers-stats] => Automattic\WooCommerce\Admin\API\Reports\Customers\Stats\DataStore
                    [report-stock-stats] => Automattic\WooCommerce\Admin\API\Reports\Stock\Stats\DataStore
                )

            [current_class_name:WC_Data_Store:private] => WC_Product_Data_Store_CPT
            [object_type:WC_Data_Store:private] => product-simple
        )

    [meta_data:protected] => 
)

04-12-2022 @ 14:51:23 - shippingItem: stdClass Object
(
    [Weight] => 1
    [Length] => 16
    [Height] => 2
    [Width] => 11
    [Diameter] => 0
    [SKU] => 
    [Category] => kits|
    [isFragile] => 
)

04-12-2022 @ 14:51:23 - Product: WC_Product_Simple Object
(
    [object_type:protected] => product
    [post_type:protected] => product
    [cache_group:protected] => products
    [data:protected] => Array
        (
            [name] => Farofa com Muitas Sementes e Castanhas
            [slug] => farofa-com-muitas-sementes-e-castanhas-2
            [date_created] => WC_DateTime Object
                (
                    [utc_offset:protected] => 0
                    [date] => 2021-11-26 10:59:56.000000
                    [timezone_type] => 3
                    [timezone] => America/Sao_Paulo
                )

            [date_modified] => WC_DateTime Object
                (
                    [utc_offset:protected] => 0
                    [date] => 2022-04-07 13:16:56.000000
                    [timezone_type] => 3
                    [timezone] => America/Sao_Paulo
                )

            [status] => publish
            [featured] => 
            [catalog_visibility] => visible
            [description] => Foi a primeira Farofa lançada no mercado. É enriquecida com muitas sementes e castanhas, e sendo riquíssima em fibras pode ser incluída no seu dia-a-dia de forma saudável.
Farofa sem culpa, recheada de nutrientes essenciais para a sua vida, deliciosa, nutritiva e muito crocante, tem que ser Sekiama, você vai amar!

<strong><span style="color: #a81414;">Ingredientes:</span> </strong>Farinha de Mandioca, Linhaça Marrom, Gergelim Preto, Gergelim Branco, Chia, Linhaça Dourada, Sal Rosa do Himalaia, Semente de Girassol, Castanha-do-Pará, Castanha de Caju, Azeite de Oliva.

<span style="color: #a81414;"><b>É Perfeita para: </b></span>Saladas, Proteínas, Sopas e Cremes, Entradas, Churrasco e para Empanar.

<!--more-->
<table class="nutri_table" style="height: 753px;" width="404">
<tbody>
<tr>
<td colspan="4" width="324"><strong>INFORMAÇÃO NUTRICIONAL</strong></td>
</tr>
<tr>
<td colspan="4" width="324">Porções por embalagem: 8,5 porções

Porção: 35 g (duas colheres de sopa)</td>
</tr>
<tr>
<td width="151"></td>
<td width="57">100g</td>
<td width="57">35g</td>
<td width="59">%VD*</td>
</tr>
<tr>
<td width="151">Valor energético (kcal)</td>
<td width="57">489</td>
<td width="57">171</td>
<td width="59">9</td>
</tr>
<tr>
<td width="151">Carboidratos totais (g)</td>
<td width="57">54</td>
<td width="57">19</td>
<td width="59">6</td>
</tr>
<tr>
<td width="151">Açúcares totais (g)</td>
<td width="57"></td>
<td width="57"></td>
<td width="59"></td>
</tr>
<tr>
<td width="151">Açúcares adicionados (g)</td>
<td width="57"></td>
<td width="57"></td>
<td width="59"></td>
</tr>
<tr>
<td width="151">Proteínas (g)</td>
<td width="57">7</td>
<td width="57">2,5</td>
<td width="59">5</td>
</tr>
<tr>
<td width="151">Gorduras totais (g)</td>
<td width="57">28</td>
<td width="57">9,8</td>
<td width="59">15</td>
</tr>
<tr>
<td width="151">Gorduras saturadas (g)</td>
<td width="57">4</td>
<td width="57">1,4</td>
<td width="59">7</td>
</tr>
<tr>
<td width="151">Gorduras trans (g)</td>
<td width="57">0</td>
<td width="57">0</td>
<td width="59">0</td>
</tr>
<tr>
<td width="151">Fibra alimentar (g)</td>
<td width="57">12</td>
<td width="57">4,2</td>
<td width="59">17</td>
</tr>
<tr>
<td width="151">Vit B6 (mg)</td>
<td width="57">1</td>
<td width="57">0,2</td>
<td width="59">15</td>
</tr>
<tr>
<td width="151">Vit E (mg)</td>
<td width="57">4</td>
<td width="57">1,4</td>
<td width="59">9</td>
</tr>
<tr>
<td width="151">Cálcio (mg)</td>
<td width="57">174</td>
<td width="57">61</td>
<td width="59">6</td>
</tr>
<tr>
<td width="151">Ferro (mg)</td>
<td width="57">5</td>
<td width="57">1,8</td>
<td width="59">13</td>
</tr>
<tr>
<td width="151">Zinco (mg</td>
<td width="57">2</td>
<td width="57">0,68</td>
<td width="59">6</td>
</tr>
<tr>
<td width="151">Sódio (mg)</td>
<td width="57">140</td>
<td width="57">49</td>
<td width="59">2</td>
</tr>
<tr>
<td colspan="4" width="324">*Percentual de valores diários fornecidos pela porção</td>
</tr>
</tbody>
</table>
            [short_description] => 
            [sku] => 
            [price] => 16.90
            [regular_price] => 18.60
            [sale_price] => 16.90
            [date_on_sale_from] => 
            [date_on_sale_to] => 
            [total_sales] => 10
            [tax_status] => taxable
            [tax_class] => 
            [manage_stock] => 
            [stock_quantity] => 
            [stock_status] => instock
            [backorders] => no
            [low_stock_amount] => 
            [sold_individually] => 
            [weight] => 
            [length] => 
            [width] => 
            [height] => 
            [upsell_ids] => Array
                (
                )

            [cross_sell_ids] => Array
                (
                )

            [parent_id] => 0
            [reviews_allowed] => 
            [purchase_note] => 
            [attributes] => Array
                (
                )

            [default_attributes] => Array
                (
                )

            [menu_order] => 0
            [post_password] => 
            [virtual] => 
            [downloadable] => 
            [category_ids] => Array
                (
                    [0] => 17
                )

            [tag_ids] => Array
                (
                )

            [shipping_class_id] => 0
            [downloads] => Array
                (
                )

            [image_id] => 7671
            [gallery_image_ids] => Array
                (
                    [0] => 7672
                )

            [download_limit] => -1
            [download_expiry] => -1
            [rating_counts] => Array
                (
                )

            [average_rating] => 0
            [review_count] => 0
        )

    [supports:protected] => Array
        (
            [0] => ajax_add_to_cart
        )

    [id:protected] => 197
    [changes:protected] => Array
        (
        )

    [object_read:protected] => 1
    [extra_data:protected] => Array
        (
        )

    [default_data:protected] => Array
        (
            [name] => 
            [slug] => 
            [date_created] => 
            [date_modified] => 
            [status] => 
            [featured] => 
            [catalog_visibility] => visible
            [description] => 
            [short_description] => 
            [sku] => 
            [price] => 
            [regular_price] => 
            [sale_price] => 
            [date_on_sale_from] => 
            [date_on_sale_to] => 
            [total_sales] => 0
            [tax_status] => taxable
            [tax_class] => 
            [manage_stock] => 
            [stock_quantity] => 
            [stock_status] => instock
            [backorders] => no
            [low_stock_amount] => 
            [sold_individually] => 
            [weight] => 
            [length] => 
            [width] => 
            [height] => 
            [upsell_ids] => Array
                (
                )

            [cross_sell_ids] => Array
                (
                )

            [parent_id] => 0
            [reviews_allowed] => 1
            [purchase_note] => 
            [attributes] => Array
                (
                )

            [default_attributes] => Array
                (
                )

            [menu_order] => 0
            [post_password] => 
            [virtual] => 
            [downloadable] => 
            [category_ids] => Array
                (
                )

            [tag_ids] => Array
                (
                )

            [shipping_class_id] => 0
            [downloads] => Array
                (
                )

            [image_id] => 
            [gallery_image_ids] => Array
                (
                )

            [download_limit] => -1
            [download_expiry] => -1
            [rating_counts] => Array
                (
                )

            [average_rating] => 0
            [review_count] => 0
        )

    [data_store:protected] => WC_Data_Store Object
        (
            [instance:WC_Data_Store:private] => WC_Product_Data_Store_CPT Object
                (
                    [internal_meta_keys:protected] => Array
                        (
                            [0] => _visibility
                            [1] => _sku
                            [2] => _price
                            [3] => _regular_price
                            [4] => _sale_price
                            [5] => _sale_price_dates_from
                            [6] => _sale_price_dates_to
                            [7] => total_sales
                            [8] => _tax_status
                            [9] => _tax_class
                            [10] => _manage_stock
                            [11] => _stock
                            [12] => _stock_status
                            [13] => _backorders
                            [14] => _low_stock_amount
                            [15] => _sold_individually
                            [16] => _weight
                            [17] => _length
                            [18] => _width
                            [19] => _height
                            [20] => _upsell_ids
                            [21] => _crosssell_ids
                            [22] => _purchase_note
                            [23] => _default_attributes
                            [24] => _product_attributes
                            [25] => _virtual
                            [26] => _downloadable
                            [27] => _download_limit
                            [28] => _download_expiry
                            [29] => _featured
                            [30] => _downloadable_files
                            [31] => _wc_rating_count
                            [32] => _wc_average_rating
                            [33] => _wc_review_count
                            [34] => _variation_description
                            [35] => _thumbnail_id
                            [36] => _file_paths
                            [37] => _product_image_gallery
                            [38] => _product_version
                            [39] => _wp_old_slug
                            [40] => _edit_last
                            [41] => _edit_lock
                        )

                    [must_exist_meta_keys:protected] => Array
                        (
                            [0] => _tax_class
                        )

                    [extra_data_saved:protected] => 
                    [updated_props:protected] => Array
                        (
                        )

                    [meta_type:protected] => post
                    [object_id_field_for_meta:protected] => 
                )

            [stores:WC_Data_Store:private] => Array
                (
                    [coupon] => WC_Coupon_Data_Store_CPT
                    [customer] => WC_Customer_Data_Store
                    [customer-download] => WC_Customer_Download_Data_Store
                    [customer-download-log] => WC_Customer_Download_Log_Data_Store
                    [customer-session] => WC_Customer_Data_Store_Session
                    [order] => WC_Order_Data_Store_CPT
                    [order-refund] => WC_Order_Refund_Data_Store_CPT
                    [order-item] => WC_Order_Item_Data_Store
                    [order-item-coupon] => WC_Order_Item_Coupon_Data_Store
                    [order-item-fee] => WC_Order_Item_Fee_Data_Store
                    [order-item-product] => WC_Order_Item_Product_Data_Store
                    [order-item-shipping] => WC_Order_Item_Shipping_Data_Store
                    [order-item-tax] => WC_Order_Item_Tax_Data_Store
                    [payment-token] => WC_Payment_Token_Data_Store
                    [product] => WC_Product_Data_Store_CPT
                    [product-grouped] => WC_Product_Grouped_Data_Store_CPT
                    [product-variable] => WC_Product_Variable_Data_Store_CPT
                    [product-variation] => WC_Product_Variation_Data_Store_CPT
                    [shipping-zone] => WC_Shipping_Zone_Data_Store
                    [webhook] => WC_Webhook_Data_Store
                    [report-revenue-stats] => Automattic\WooCommerce\Admin\API\Reports\Orders\Stats\DataStore
                    [report-orders] => Automattic\WooCommerce\Admin\API\Reports\Orders\DataStore
                    [report-orders-stats] => Automattic\WooCommerce\Admin\API\Reports\Orders\Stats\DataStore
                    [report-products] => Automattic\WooCommerce\Admin\API\Reports\Products\DataStore
                    [report-variations] => Automattic\WooCommerce\Admin\API\Reports\Variations\DataStore
                    [report-products-stats] => Automattic\WooCommerce\Admin\API\Reports\Products\Stats\DataStore
                    [report-variations-stats] => Automattic\WooCommerce\Admin\API\Reports\Variations\Stats\DataStore
                    [report-categories] => Automattic\WooCommerce\Admin\API\Reports\Categories\DataStore
                    [report-taxes] => Automattic\WooCommerce\Admin\API\Reports\Taxes\DataStore
                    [report-taxes-stats] => Automattic\WooCommerce\Admin\API\Reports\Taxes\Stats\DataStore
                    [report-coupons] => Automattic\WooCommerce\Admin\API\Reports\Coupons\DataStore
                    [report-coupons-stats] => Automattic\WooCommerce\Admin\API\Reports\Coupons\Stats\DataStore
                    [report-downloads] => Automattic\WooCommerce\Admin\API\Reports\Downloads\DataStore
                    [report-downloads-stats] => Automattic\WooCommerce\Admin\API\Reports\Downloads\Stats\DataStore
                    [admin-note] => Automattic\WooCommerce\Admin\Notes\DataStore
                    [report-customers] => Automattic\WooCommerce\Admin\API\Reports\Customers\DataStore
                    [report-customers-stats] => Automattic\WooCommerce\Admin\API\Reports\Customers\Stats\DataStore
                    [report-stock-stats] => Automattic\WooCommerce\Admin\API\Reports\Stock\Stats\DataStore
                )

            [current_class_name:WC_Data_Store:private] => WC_Product_Data_Store_CPT
            [object_type:WC_Data_Store:private] => product-simple
        )

    [meta_data:protected] => 
)

04-12-2022 @ 14:51:23 - shippingItem: stdClass Object
(
    [Weight] => 1
    [Length] => 16
    [Height] => 2
    [Width] => 11
    [Diameter] => 0
    [SKU] => 
    [Category] => farofas|
    [isFragile] => 
)

04-12-2022 @ 14:51:23 - CEP 11700-080
04-12-2022 @ 14:51:23 - Requesting the Frenet WebServices...
04-12-2022 @ 14:51:23 - Array
(
    [Token] => 3D2F795ER0734R4699RA595RC0EB30404754
    [Coupom] => 
    [PlatformName] => WOOCOMMERCE
    [PlatformVersion] => 6.3.1
    [SellerCEP] => 01322050
    [RecipientCEP] => 11700-080
    [RecipientDocument] => 
    [ShipmentInvoiceValue] => 114.9
    [ShippingItemArray] => Array
        (
            [0] => stdClass Object
                (
                    [Weight] => 1
                    [Length] => 16
                    [Height] => 2
                    [Width] => 11
                    [Diameter] => 0
                    [SKU] => 
                    [Category] => kits|
                    [isFragile] => 
                    [Quantity] => 2
                )

            [1] => stdClass Object
                (
                    [Weight] => 1
                    [Length] => 16
                    [Height] => 2
                    [Width] => 11
                    [Diameter] => 0
                    [SKU] => 
                    [Category] => farofas|
                    [isFragile] => 
                    [Quantity] => 1
                )

        )

    [RecipientCountry] => BR
)

04-12-2022 @ 14:51:23 - URL: http://api.frenet.com.br/shipping/quote
04-12-2022 @ 14:51:24 - Curl response: {"ShippingSevicesArray":[{"ServiceCode":"SFX_01","ServiceDescription":"Sequoia SFX","Carrier":"Sequoia","CarrierCode":"SEQ","ShippingPrice":"0.00","DeliveryTime":"5","Error":false,"OriginalDeliveryTime":"5","OriginalShippingPrice":"18.2584000","ResponseTime":"4.4967","AllowBuyLabel":true},{"ServiceCode":"F_3","ServiceDescription":"Jadlog Package","Carrier":"Jadlog","CarrierCode":"JAD","ShippingPrice":"0.00","DeliveryTime":"3","Error":false,"OriginalDeliveryTime":"3","OriginalShippingPrice":"25.6128000","ResponseTime":"3.4709","AllowBuyLabel":true},{"ServiceCode":"ULO_EXP","ServiceDescription":"Uello Expresso","Carrier":"Uello","CarrierCode":"ULO","ShippingPrice":"14.28","DeliveryTime":"2","Error":false,"OriginalDeliveryTime":"2","OriginalShippingPrice":"14.28","ResponseTime":"41.1225","AllowBuyLabel":false},{"ServiceCode":"03220","ServiceDescription":"Sedex","Carrier":"Correios","CarrierCode":"COR","ShippingPrice":"16.32","DeliveryTime":"1","Error":false,"OriginalDeliveryTime":"1","OriginalShippingPrice":"16.32480000000","ResponseTime":"46.0141","AllowBuyLabel":true},{"ServiceCode":"ULO_ECO","ServiceDescription":"Uello Econômico","Carrier":"Uello","CarrierCode":"ULO","Error":true,"ResponseTime":"28.6623","AllowBuyLabel":false},{"ServiceCode":"04227","ServiceDescription":"Mini Envios","Carrier":"Correios","CarrierCode":"COR","Msg":"Erro: Peso excedido.","Error":true,"ResponseTime":"0.0202","AllowBuyLabel":true},{"ServiceCode":"03298","ServiceDescription":"PAC","Carrier":"Correios","CarrierCode":"COR","Msg":"Não foi encontrada precificação. ERP-007: CEP de origem nao pode postar para o CEP de destino informado(-1).","Error":true,"ResponseTime":"112.025","AllowBuyLabel":true}],"Timeout":0}
04-12-2022 @ 14:51:24 - Percorrendo os serviços retornados
04-12-2022 @ 14:51:24 - WebServices response [Sequoia SFX]: stdClass Object
(
    [ServiceCode] => SFX_01
    [ServiceDescription] => Sequoia SFX
    [Carrier] => Sequoia
    [CarrierCode] => SEQ
    [ShippingPrice] => 0.00
    [DeliveryTime] => 5
    [Error] => 
    [OriginalDeliveryTime] => 5
    [OriginalShippingPrice] => 18.2584000
    [ResponseTime] => 4.4967
    [AllowBuyLabel] => 1
)

04-12-2022 @ 14:51:24 - Percorrendo os serviços retornados
04-12-2022 @ 14:51:24 - WebServices response [Jadlog Package]: stdClass Object
(
    [ServiceCode] => F_3
    [ServiceDescription] => Jadlog Package
    [Carrier] => Jadlog
    [CarrierCode] => JAD
    [ShippingPrice] => 0.00
    [DeliveryTime] => 3
    [Error] => 
    [OriginalDeliveryTime] => 3
    [OriginalShippingPrice] => 25.6128000
    [ResponseTime] => 3.4709
    [AllowBuyLabel] => 1
)

04-12-2022 @ 14:51:24 - Percorrendo os serviços retornados
04-12-2022 @ 14:51:24 - WebServices response [Uello Expresso]: stdClass Object
(
    [ServiceCode] => ULO_EXP
    [ServiceDescription] => Uello Expresso
    [Carrier] => Uello
    [CarrierCode] => ULO
    [ShippingPrice] => 14.28
    [DeliveryTime] => 2
    [Error] => 
    [OriginalDeliveryTime] => 2
    [OriginalShippingPrice] => 14.28
    [ResponseTime] => 41.1225
    [AllowBuyLabel] => 
)

04-12-2022 @ 14:51:24 - Percorrendo os serviços retornados
04-12-2022 @ 14:51:24 - WebServices response [Sedex]: stdClass Object
(
    [ServiceCode] => 03220
    [ServiceDescription] => Sedex
    [Carrier] => Correios
    [CarrierCode] => COR
    [ShippingPrice] => 16.32
    [DeliveryTime] => 1
    [Error] => 
    [OriginalDeliveryTime] => 1
    [OriginalShippingPrice] => 16.32480000000
    [ResponseTime] => 46.0141
    [AllowBuyLabel] => 1
)

04-12-2022 @ 14:51:24 - Percorrendo os serviços retornados
04-12-2022 @ 14:51:24 - *continue*
04-12-2022 @ 14:51:24 - Percorrendo os serviços retornados
04-12-2022 @ 14:51:24 - *continue*
04-12-2022 @ 14:51:24 - Percorrendo os serviços retornados
04-12-2022 @ 14:51:24 - *continue*
04-12-2022 @ 17:58:38 - ERRO: CEP destino não informado
