07-26-2022 @ 23:32:31 - Product: WC_Product_Simple Object
(
    [object_type:protected] => product
    [post_type:protected] => product
    [cache_group:protected] => products
    [data:protected] => Array
        (
            [name] => Farofa com Muitas Sementes e Castanhas
            [slug] => farofa-com-muitas-sementes-e-castanhas-2
            [date_created] => WC_DateTime Object
                (
                    [utc_offset:protected] => 0
                    [date] => 2021-11-26 10:59:56.000000
                    [timezone_type] => 3
                    [timezone] => America/Sao_Paulo
                )

            [date_modified] => WC_DateTime Object
                (
                    [utc_offset:protected] => 0
                    [date] => 2022-05-18 21:21:47.000000
                    [timezone_type] => 3
                    [timezone] => America/Sao_Paulo
                )

            [status] => publish
            [featured] => 
            [catalog_visibility] => visible
            [description] => Foi a primeira Farofa lançada no mercado. É enriquecida com muitas sementes e castanhas, e sendo riquíssima em fibras pode ser incluída no seu dia-a-dia de forma saudável.
Farofa sem culpa, recheada de nutrientes essenciais para a sua vida, deliciosa, nutritiva e muito crocante, tem que ser Sekiama, você vai amar!

<strong><span style="color: #a81414;">Ingredientes:</span> </strong>Farinha de Mandioca, Linhaça Marrom, Gergelim Preto, Gergelim Branco, Chia, Linhaça Dourada, Sal Rosa do Himalaia, Semente de Girassol, Castanha-do-Pará, Castanha de Caju, Azeite de Oliva.

<span style="color: #a81414;"><b>É Perfeita para: </b></span>Saladas, Proteínas, Sopas e Cremes, Entradas, Churrasco e para Empanar.

<!--more-->
<table class="nutri_table" style="height: 753px;" width="404">
<tbody>
<tr>
<td colspan="4" width="324"><strong>INFORMAÇÃO NUTRICIONAL</strong></td>
</tr>
<tr>
<td colspan="4" width="324">Porções por embalagem: 8,5 porções

Porção: 35 g (duas colheres de sopa)</td>
</tr>
<tr>
<td width="151"></td>
<td width="57">100g</td>
<td width="57">35g</td>
<td width="59">%VD*</td>
</tr>
<tr>
<td width="151">Valor energético (kcal)</td>
<td width="57">489</td>
<td width="57">171</td>
<td width="59">9</td>
</tr>
<tr>
<td width="151">Carboidratos totais (g)</td>
<td width="57">54</td>
<td width="57">19</td>
<td width="59">6</td>
</tr>
<tr>
<td width="151">Açúcares totais (g)</td>
<td width="57"></td>
<td width="57"></td>
<td width="59"></td>
</tr>
<tr>
<td width="151">Açúcares adicionados (g)</td>
<td width="57"></td>
<td width="57"></td>
<td width="59"></td>
</tr>
<tr>
<td width="151">Proteínas (g)</td>
<td width="57">7</td>
<td width="57">2,5</td>
<td width="59">5</td>
</tr>
<tr>
<td width="151">Gorduras totais (g)</td>
<td width="57">28</td>
<td width="57">9,8</td>
<td width="59">15</td>
</tr>
<tr>
<td width="151">Gorduras saturadas (g)</td>
<td width="57">4</td>
<td width="57">1,4</td>
<td width="59">7</td>
</tr>
<tr>
<td width="151">Gorduras trans (g)</td>
<td width="57">0</td>
<td width="57">0</td>
<td width="59">0</td>
</tr>
<tr>
<td width="151">Fibra alimentar (g)</td>
<td width="57">12</td>
<td width="57">4,2</td>
<td width="59">17</td>
</tr>
<tr>
<td width="151">Vit B6 (mg)</td>
<td width="57">1</td>
<td width="57">0,2</td>
<td width="59">15</td>
</tr>
<tr>
<td width="151">Vit E (mg)</td>
<td width="57">4</td>
<td width="57">1,4</td>
<td width="59">9</td>
</tr>
<tr>
<td width="151">Cálcio (mg)</td>
<td width="57">174</td>
<td width="57">61</td>
<td width="59">6</td>
</tr>
<tr>
<td width="151">Ferro (mg)</td>
<td width="57">5</td>
<td width="57">1,8</td>
<td width="59">13</td>
</tr>
<tr>
<td width="151">Zinco (mg</td>
<td width="57">2</td>
<td width="57">0,68</td>
<td width="59">6</td>
</tr>
<tr>
<td width="151">Sódio (mg)</td>
<td width="57">140</td>
<td width="57">49</td>
<td width="59">2</td>
</tr>
<tr>
<td colspan="4" width="324">*Percentual de valores diários fornecidos pela porção</td>
</tr>
</tbody>
</table>
            [short_description] => 
            [sku] => 
            [price] => 18.60
            [regular_price] => 18.60
            [sale_price] => 
            [date_on_sale_from] => 
            [date_on_sale_to] => 
            [total_sales] => 36
            [tax_status] => taxable
            [tax_class] => 
            [manage_stock] => 
            [stock_quantity] => 
            [stock_status] => instock
            [backorders] => no
            [low_stock_amount] => 
            [sold_individually] => 
            [weight] => 
            [length] => 
            [width] => 
            [height] => 
            [upsell_ids] => Array
                (
                )

            [cross_sell_ids] => Array
                (
                )

            [parent_id] => 0
            [reviews_allowed] => 
            [purchase_note] => 
            [attributes] => Array
                (
                )

            [default_attributes] => Array
                (
                )

            [menu_order] => 0
            [post_password] => 
            [virtual] => 
            [downloadable] => 
            [category_ids] => Array
                (
                    [0] => 17
                )

            [tag_ids] => Array
                (
                )

            [shipping_class_id] => 0
            [downloads] => Array
                (
                )

            [image_id] => 7671
            [gallery_image_ids] => Array
                (
                    [0] => 7672
                )

            [download_limit] => -1
            [download_expiry] => -1
            [rating_counts] => Array
                (
                )

            [average_rating] => 0
            [review_count] => 0
        )

    [supports:protected] => Array
        (
            [0] => ajax_add_to_cart
        )

    [id:protected] => 197
    [changes:protected] => Array
        (
        )

    [object_read:protected] => 1
    [extra_data:protected] => Array
        (
        )

    [default_data:protected] => Array
        (
            [name] => 
            [slug] => 
            [date_created] => 
            [date_modified] => 
            [status] => 
            [featured] => 
            [catalog_visibility] => visible
            [description] => 
            [short_description] => 
            [sku] => 
            [price] => 
            [regular_price] => 
            [sale_price] => 
            [date_on_sale_from] => 
            [date_on_sale_to] => 
            [total_sales] => 0
            [tax_status] => taxable
            [tax_class] => 
            [manage_stock] => 
            [stock_quantity] => 
            [stock_status] => instock
            [backorders] => no
            [low_stock_amount] => 
            [sold_individually] => 
            [weight] => 
            [length] => 
            [width] => 
            [height] => 
            [upsell_ids] => Array
                (
                )

            [cross_sell_ids] => Array
                (
                )

            [parent_id] => 0
            [reviews_allowed] => 1
            [purchase_note] => 
            [attributes] => Array
                (
                )

            [default_attributes] => Array
                (
                )

            [menu_order] => 0
            [post_password] => 
            [virtual] => 
            [downloadable] => 
            [category_ids] => Array
                (
                )

            [tag_ids] => Array
                (
                )

            [shipping_class_id] => 0
            [downloads] => Array
                (
                )

            [image_id] => 
            [gallery_image_ids] => Array
                (
                )

            [download_limit] => -1
            [download_expiry] => -1
            [rating_counts] => Array
                (
                )

            [average_rating] => 0
            [review_count] => 0
        )

    [data_store:protected] => WC_Data_Store Object
        (
            [instance:WC_Data_Store:private] => WC_Product_Data_Store_CPT Object
                (
                    [internal_meta_keys:protected] => Array
                        (
                            [0] => _visibility
                            [1] => _sku
                            [2] => _price
                            [3] => _regular_price
                            [4] => _sale_price
                            [5] => _sale_price_dates_from
                            [6] => _sale_price_dates_to
                            [7] => total_sales
                            [8] => _tax_status
                            [9] => _tax_class
                            [10] => _manage_stock
                            [11] => _stock
                            [12] => _stock_status
                            [13] => _backorders
                            [14] => _low_stock_amount
                            [15] => _sold_individually
                            [16] => _weight
                            [17] => _length
                            [18] => _width
                            [19] => _height
                            [20] => _upsell_ids
                            [21] => _crosssell_ids
                            [22] => _purchase_note
                            [23] => _default_attributes
                            [24] => _product_attributes
                            [25] => _virtual
                            [26] => _downloadable
                            [27] => _download_limit
                            [28] => _download_expiry
                            [29] => _featured
                            [30] => _downloadable_files
                            [31] => _wc_rating_count
                            [32] => _wc_average_rating
                            [33] => _wc_review_count
                            [34] => _variation_description
                            [35] => _thumbnail_id
                            [36] => _file_paths
                            [37] => _product_image_gallery
                            [38] => _product_version
                            [39] => _wp_old_slug
                            [40] => _edit_last
                            [41] => _edit_lock
                        )

                    [must_exist_meta_keys:protected] => Array
                        (
                            [0] => _tax_class
                        )

                    [extra_data_saved:protected] => 
                    [updated_props:protected] => Array
                        (
                        )

                    [meta_type:protected] => post
                    [object_id_field_for_meta:protected] => 
                )

            [stores:WC_Data_Store:private] => Array
                (
                    [coupon] => WC_Coupon_Data_Store_CPT
                    [customer] => WC_Customer_Data_Store
                    [customer-download] => WC_Customer_Download_Data_Store
                    [customer-download-log] => WC_Customer_Download_Log_Data_Store
                    [customer-session] => WC_Customer_Data_Store_Session
                    [order] => WC_Order_Data_Store_CPT
                    [order-refund] => WC_Order_Refund_Data_Store_CPT
                    [order-item] => WC_Order_Item_Data_Store
                    [order-item-coupon] => WC_Order_Item_Coupon_Data_Store
                    [order-item-fee] => WC_Order_Item_Fee_Data_Store
                    [order-item-product] => WC_Order_Item_Product_Data_Store
                    [order-item-shipping] => WC_Order_Item_Shipping_Data_Store
                    [order-item-tax] => WC_Order_Item_Tax_Data_Store
                    [payment-token] => WC_Payment_Token_Data_Store
                    [product] => WC_Product_Data_Store_CPT
                    [product-grouped] => WC_Product_Grouped_Data_Store_CPT
                    [product-variable] => WC_Product_Variable_Data_Store_CPT
                    [product-variation] => WC_Product_Variation_Data_Store_CPT
                    [shipping-zone] => WC_Shipping_Zone_Data_Store
                    [webhook] => WC_Webhook_Data_Store
                    [report-revenue-stats] => Automattic\WooCommerce\Admin\API\Reports\Orders\Stats\DataStore
                    [report-orders] => Automattic\WooCommerce\Admin\API\Reports\Orders\DataStore
                    [report-orders-stats] => Automattic\WooCommerce\Admin\API\Reports\Orders\Stats\DataStore
                    [report-products] => Automattic\WooCommerce\Admin\API\Reports\Products\DataStore
                    [report-variations] => Automattic\WooCommerce\Admin\API\Reports\Variations\DataStore
                    [report-products-stats] => Automattic\WooCommerce\Admin\API\Reports\Products\Stats\DataStore
                    [report-variations-stats] => Automattic\WooCommerce\Admin\API\Reports\Variations\Stats\DataStore
                    [report-categories] => Automattic\WooCommerce\Admin\API\Reports\Categories\DataStore
                    [report-taxes] => Automattic\WooCommerce\Admin\API\Reports\Taxes\DataStore
                    [report-taxes-stats] => Automattic\WooCommerce\Admin\API\Reports\Taxes\Stats\DataStore
                    [report-coupons] => Automattic\WooCommerce\Admin\API\Reports\Coupons\DataStore
                    [report-coupons-stats] => Automattic\WooCommerce\Admin\API\Reports\Coupons\Stats\DataStore
                    [report-downloads] => Automattic\WooCommerce\Admin\API\Reports\Downloads\DataStore
                    [report-downloads-stats] => Automattic\WooCommerce\Admin\API\Reports\Downloads\Stats\DataStore
                    [admin-note] => Automattic\WooCommerce\Admin\Notes\DataStore
                    [report-customers] => Automattic\WooCommerce\Admin\API\Reports\Customers\DataStore
                    [report-customers-stats] => Automattic\WooCommerce\Admin\API\Reports\Customers\Stats\DataStore
                    [report-stock-stats] => Automattic\WooCommerce\Admin\API\Reports\Stock\Stats\DataStore
                )

            [current_class_name:WC_Data_Store:private] => WC_Product_Data_Store_CPT
            [object_type:WC_Data_Store:private] => product-simple
        )

    [meta_data:protected] => 
)

07-26-2022 @ 23:32:31 - shippingItem: stdClass Object
(
    [Weight] => 1
    [Length] => 16
    [Height] => 2
    [Width] => 11
    [Diameter] => 0
    [SKU] => 
    [Category] => farofas|
    [isFragile] => 
)

07-26-2022 @ 23:32:31 - CEP 57036110
07-26-2022 @ 23:32:31 - Requesting the Frenet WebServices...
07-26-2022 @ 23:32:31 - Array
(
    [Token] => 3D2F795ER0734R4699RA595RC0EB30404754
    [Coupom] => 
    [PlatformName] => WOOCOMMERCE
    [PlatformVersion] => 6.7.0
    [SellerCEP] => 04004070
    [RecipientCEP] => 57036110
    [RecipientDocument] => 
    [ShipmentInvoiceValue] => 18.6
    [ShippingItemArray] => Array
        (
            [0] => stdClass Object
                (
                    [Weight] => 1
                    [Length] => 16
                    [Height] => 2
                    [Width] => 11
                    [Diameter] => 0
                    [SKU] => 
                    [Category] => farofas|
                    [isFragile] => 
                    [Quantity] => 1
                )

        )

    [RecipientCountry] => BR
)

07-26-2022 @ 23:32:31 - URL: http://api.frenet.com.br/shipping/quote
07-26-2022 @ 23:32:32 - Curl response: {"ShippingSevicesArray":[{"ServiceCode":"F_3","ServiceDescription":"Jadlog Package","Carrier":"Jadlog","CarrierCode":"JAD","ShippingPrice":"31.42","DeliveryTime":"6","Error":false,"OriginalDeliveryTime":"6","OriginalShippingPrice":"31.4244000","ResponseTime":"10.4793","AllowBuyLabel":true},{"ServiceCode":"03298","ServiceDescription":"PAC","Carrier":"Correios","CarrierCode":"COR","ShippingPrice":"32.09","DeliveryTime":"8","Error":false,"OriginalDeliveryTime":"8","OriginalShippingPrice":"32.09100000000","ResponseTime":"265.6718","AllowBuyLabel":true},{"ServiceCode":"03220","ServiceDescription":"Sedex","Carrier":"Correios","CarrierCode":"COR","ShippingPrice":"64.15","DeliveryTime":"2","Error":false,"OriginalDeliveryTime":"2","OriginalShippingPrice":"64.14780000000","ResponseTime":"254.0137","AllowBuyLabel":true},{"ServiceCode":"04227","ServiceDescription":"Mini Envios","Carrier":"Correios","CarrierCode":"COR","Msg":"Erro: Peso excedido.","Error":true,"ResponseTime":"0.019","AllowBuyLabel":true}],"Timeout":0}
07-26-2022 @ 23:32:32 - Percorrendo os serviços retornados
07-26-2022 @ 23:32:32 - WebServices response [Jadlog Package]: stdClass Object
(
    [ServiceCode] => F_3
    [ServiceDescription] => Jadlog Package
    [Carrier] => Jadlog
    [CarrierCode] => JAD
    [ShippingPrice] => 31.42
    [DeliveryTime] => 6
    [Error] => 
    [OriginalDeliveryTime] => 6
    [OriginalShippingPrice] => 31.4244000
    [ResponseTime] => 10.4793
    [AllowBuyLabel] => 1
)

07-26-2022 @ 23:32:32 - Percorrendo os serviços retornados
07-26-2022 @ 23:32:32 - WebServices response [PAC]: stdClass Object
(
    [ServiceCode] => 03298
    [ServiceDescription] => PAC
    [Carrier] => Correios
    [CarrierCode] => COR
    [ShippingPrice] => 32.09
    [DeliveryTime] => 8
    [Error] => 
    [OriginalDeliveryTime] => 8
    [OriginalShippingPrice] => 32.09100000000
    [ResponseTime] => 265.6718
    [AllowBuyLabel] => 1
)

07-26-2022 @ 23:32:32 - Percorrendo os serviços retornados
07-26-2022 @ 23:32:32 - WebServices response [Sedex]: stdClass Object
(
    [ServiceCode] => 03220
    [ServiceDescription] => Sedex
    [Carrier] => Correios
    [CarrierCode] => COR
    [ShippingPrice] => 64.15
    [DeliveryTime] => 2
    [Error] => 
    [OriginalDeliveryTime] => 2
    [OriginalShippingPrice] => 64.14780000000
    [ResponseTime] => 254.0137
    [AllowBuyLabel] => 1
)

07-26-2022 @ 23:32:32 - Percorrendo os serviços retornados
07-26-2022 @ 23:32:32 - *continue*
07-27-2022 @ 08:29:53 - ERRO: CEP destino não informado
07-27-2022 @ 08:29:56 - ERRO: CEP destino não informado
07-27-2022 @ 08:30:01 - ERRO: CEP destino não informado
07-27-2022 @ 08:30:03 - ERRO: CEP destino não informado
07-27-2022 @ 08:30:06 - ERRO: CEP destino não informado
07-27-2022 @ 08:30:09 - ERRO: CEP destino não informado
07-27-2022 @ 08:30:13 - ERRO: CEP destino não informado
07-27-2022 @ 08:30:22 - ERRO: CEP destino não informado
07-27-2022 @ 08:30:27 - ERRO: CEP destino não informado
07-27-2022 @ 08:30:34 - ERRO: CEP destino não informado
07-27-2022 @ 08:30:54 - ERRO: CEP destino não informado
07-27-2022 @ 08:31:03 - ERRO: CEP destino não informado
07-27-2022 @ 08:31:07 - ERRO: CEP destino não informado
07-27-2022 @ 08:31:11 - ERRO: CEP destino não informado
07-27-2022 @ 08:31:15 - ERRO: CEP destino não informado
07-27-2022 @ 08:31:26 - ERRO: CEP destino não informado
07-27-2022 @ 08:31:30 - ERRO: CEP destino não informado
07-27-2022 @ 08:31:35 - ERRO: CEP destino não informado
07-27-2022 @ 20:32:52 - ERRO: CEP destino não informado
07-27-2022 @ 20:33:40 - Product: WC_Product_Simple Object
(
    [object_type:protected] => product
    [post_type:protected] => product
    [cache_group:protected] => products
    [data:protected] => Array
        (
            [name] => Farofa com Muitas Sementes e Castanhas
            [slug] => farofa-com-muitas-sementes-e-castanhas-2
            [date_created] => WC_DateTime Object
                (
                    [utc_offset:protected] => 0
                    [date] => 2021-11-26 10:59:56.000000
                    [timezone_type] => 3
                    [timezone] => America/Sao_Paulo
                )

            [date_modified] => WC_DateTime Object
                (
                    [utc_offset:protected] => 0
                    [date] => 2022-05-18 21:21:47.000000
                    [timezone_type] => 3
                    [timezone] => America/Sao_Paulo
                )

            [status] => publish
            [featured] => 
            [catalog_visibility] => visible
            [description] => Foi a primeira Farofa lançada no mercado. É enriquecida com muitas sementes e castanhas, e sendo riquíssima em fibras pode ser incluída no seu dia-a-dia de forma saudável.
Farofa sem culpa, recheada de nutrientes essenciais para a sua vida, deliciosa, nutritiva e muito crocante, tem que ser Sekiama, você vai amar!

<strong><span style="color: #a81414;">Ingredientes:</span> </strong>Farinha de Mandioca, Linhaça Marrom, Gergelim Preto, Gergelim Branco, Chia, Linhaça Dourada, Sal Rosa do Himalaia, Semente de Girassol, Castanha-do-Pará, Castanha de Caju, Azeite de Oliva.

<span style="color: #a81414;"><b>É Perfeita para: </b></span>Saladas, Proteínas, Sopas e Cremes, Entradas, Churrasco e para Empanar.

<!--more-->
<table class="nutri_table" style="height: 753px;" width="404">
<tbody>
<tr>
<td colspan="4" width="324"><strong>INFORMAÇÃO NUTRICIONAL</strong></td>
</tr>
<tr>
<td colspan="4" width="324">Porções por embalagem: 8,5 porções

Porção: 35 g (duas colheres de sopa)</td>
</tr>
<tr>
<td width="151"></td>
<td width="57">100g</td>
<td width="57">35g</td>
<td width="59">%VD*</td>
</tr>
<tr>
<td width="151">Valor energético (kcal)</td>
<td width="57">489</td>
<td width="57">171</td>
<td width="59">9</td>
</tr>
<tr>
<td width="151">Carboidratos totais (g)</td>
<td width="57">54</td>
<td width="57">19</td>
<td width="59">6</td>
</tr>
<tr>
<td width="151">Açúcares totais (g)</td>
<td width="57"></td>
<td width="57"></td>
<td width="59"></td>
</tr>
<tr>
<td width="151">Açúcares adicionados (g)</td>
<td width="57"></td>
<td width="57"></td>
<td width="59"></td>
</tr>
<tr>
<td width="151">Proteínas (g)</td>
<td width="57">7</td>
<td width="57">2,5</td>
<td width="59">5</td>
</tr>
<tr>
<td width="151">Gorduras totais (g)</td>
<td width="57">28</td>
<td width="57">9,8</td>
<td width="59">15</td>
</tr>
<tr>
<td width="151">Gorduras saturadas (g)</td>
<td width="57">4</td>
<td width="57">1,4</td>
<td width="59">7</td>
</tr>
<tr>
<td width="151">Gorduras trans (g)</td>
<td width="57">0</td>
<td width="57">0</td>
<td width="59">0</td>
</tr>
<tr>
<td width="151">Fibra alimentar (g)</td>
<td width="57">12</td>
<td width="57">4,2</td>
<td width="59">17</td>
</tr>
<tr>
<td width="151">Vit B6 (mg)</td>
<td width="57">1</td>
<td width="57">0,2</td>
<td width="59">15</td>
</tr>
<tr>
<td width="151">Vit E (mg)</td>
<td width="57">4</td>
<td width="57">1,4</td>
<td width="59">9</td>
</tr>
<tr>
<td width="151">Cálcio (mg)</td>
<td width="57">174</td>
<td width="57">61</td>
<td width="59">6</td>
</tr>
<tr>
<td width="151">Ferro (mg)</td>
<td width="57">5</td>
<td width="57">1,8</td>
<td width="59">13</td>
</tr>
<tr>
<td width="151">Zinco (mg</td>
<td width="57">2</td>
<td width="57">0,68</td>
<td width="59">6</td>
</tr>
<tr>
<td width="151">Sódio (mg)</td>
<td width="57">140</td>
<td width="57">49</td>
<td width="59">2</td>
</tr>
<tr>
<td colspan="4" width="324">*Percentual de valores diários fornecidos pela porção</td>
</tr>
</tbody>
</table>
            [short_description] => 
            [sku] => 
            [price] => 18.60
            [regular_price] => 18.60
            [sale_price] => 
            [date_on_sale_from] => 
            [date_on_sale_to] => 
            [total_sales] => 36
            [tax_status] => taxable
            [tax_class] => 
            [manage_stock] => 
            [stock_quantity] => 
            [stock_status] => instock
            [backorders] => no
            [low_stock_amount] => 
            [sold_individually] => 
            [weight] => 
            [length] => 
            [width] => 
            [height] => 
            [upsell_ids] => Array
                (
                )

            [cross_sell_ids] => Array
                (
                )

            [parent_id] => 0
            [reviews_allowed] => 
            [purchase_note] => 
            [attributes] => Array
                (
                )

            [default_attributes] => Array
                (
                )

            [menu_order] => 0
            [post_password] => 
            [virtual] => 
            [downloadable] => 
            [category_ids] => Array
                (
                    [0] => 17
                )

            [tag_ids] => Array
                (
                )

            [shipping_class_id] => 0
            [downloads] => Array
                (
                )

            [image_id] => 7671
            [gallery_image_ids] => Array
                (
                    [0] => 7672
                )

            [download_limit] => -1
            [download_expiry] => -1
            [rating_counts] => Array
                (
                )

            [average_rating] => 0
            [review_count] => 0
        )

    [supports:protected] => Array
        (
            [0] => ajax_add_to_cart
        )

    [id:protected] => 197
    [changes:protected] => Array
        (
        )

    [object_read:protected] => 1
    [extra_data:protected] => Array
        (
        )

    [default_data:protected] => Array
        (
            [name] => 
            [slug] => 
            [date_created] => 
            [date_modified] => 
            [status] => 
            [featured] => 
            [catalog_visibility] => visible
            [description] => 
            [short_description] => 
            [sku] => 
            [price] => 
            [regular_price] => 
            [sale_price] => 
            [date_on_sale_from] => 
            [date_on_sale_to] => 
            [total_sales] => 0
            [tax_status] => taxable
            [tax_class] => 
            [manage_stock] => 
            [stock_quantity] => 
            [stock_status] => instock
            [backorders] => no
            [low_stock_amount] => 
            [sold_individually] => 
            [weight] => 
            [length] => 
            [width] => 
            [height] => 
            [upsell_ids] => Array
                (
                )

            [cross_sell_ids] => Array
                (
                )

            [parent_id] => 0
            [reviews_allowed] => 1
            [purchase_note] => 
            [attributes] => Array
                (
                )

            [default_attributes] => Array
                (
                )

            [menu_order] => 0
            [post_password] => 
            [virtual] => 
            [downloadable] => 
            [category_ids] => Array
                (
                )

            [tag_ids] => Array
                (
                )

            [shipping_class_id] => 0
            [downloads] => Array
                (
                )

            [image_id] => 
            [gallery_image_ids] => Array
                (
                )

            [download_limit] => -1
            [download_expiry] => -1
            [rating_counts] => Array
                (
                )

            [average_rating] => 0
            [review_count] => 0
        )

    [data_store:protected] => WC_Data_Store Object
        (
            [instance:WC_Data_Store:private] => WC_Product_Data_Store_CPT Object
                (
                    [internal_meta_keys:protected] => Array
                        (
                            [0] => _visibility
                            [1] => _sku
                            [2] => _price
                            [3] => _regular_price
                            [4] => _sale_price
                            [5] => _sale_price_dates_from
                            [6] => _sale_price_dates_to
                            [7] => total_sales
                            [8] => _tax_status
                            [9] => _tax_class
                            [10] => _manage_stock
                            [11] => _stock
                            [12] => _stock_status
                            [13] => _backorders
                            [14] => _low_stock_amount
                            [15] => _sold_individually
                            [16] => _weight
                            [17] => _length
                            [18] => _width
                            [19] => _height
                            [20] => _upsell_ids
                            [21] => _crosssell_ids
                            [22] => _purchase_note
                            [23] => _default_attributes
                            [24] => _product_attributes
                            [25] => _virtual
                            [26] => _downloadable
                            [27] => _download_limit
                            [28] => _download_expiry
                            [29] => _featured
                            [30] => _downloadable_files
                            [31] => _wc_rating_count
                            [32] => _wc_average_rating
                            [33] => _wc_review_count
                            [34] => _variation_description
                            [35] => _thumbnail_id
                            [36] => _file_paths
                            [37] => _product_image_gallery
                            [38] => _product_version
                            [39] => _wp_old_slug
                            [40] => _edit_last
                            [41] => _edit_lock
                        )

                    [must_exist_meta_keys:protected] => Array
                        (
                            [0] => _tax_class
                        )

                    [extra_data_saved:protected] => 
                    [updated_props:protected] => Array
                        (
                        )

                    [meta_type:protected] => post
                    [object_id_field_for_meta:protected] => 
                )

            [stores:WC_Data_Store:private] => Array
                (
                    [coupon] => WC_Coupon_Data_Store_CPT
                    [customer] => WC_Customer_Data_Store
                    [customer-download] => WC_Customer_Download_Data_Store
                    [customer-download-log] => WC_Customer_Download_Log_Data_Store
                    [customer-session] => WC_Customer_Data_Store_Session
                    [order] => WC_Order_Data_Store_CPT
                    [order-refund] => WC_Order_Refund_Data_Store_CPT
                    [order-item] => WC_Order_Item_Data_Store
                    [order-item-coupon] => WC_Order_Item_Coupon_Data_Store
                    [order-item-fee] => WC_Order_Item_Fee_Data_Store
                    [order-item-product] => WC_Order_Item_Product_Data_Store
                    [order-item-shipping] => WC_Order_Item_Shipping_Data_Store
                    [order-item-tax] => WC_Order_Item_Tax_Data_Store
                    [payment-token] => WC_Payment_Token_Data_Store
                    [product] => WC_Product_Data_Store_CPT
                    [product-grouped] => WC_Product_Grouped_Data_Store_CPT
                    [product-variable] => WC_Product_Variable_Data_Store_CPT
                    [product-variation] => WC_Product_Variation_Data_Store_CPT
                    [shipping-zone] => WC_Shipping_Zone_Data_Store
                    [webhook] => WC_Webhook_Data_Store
                    [report-revenue-stats] => Automattic\WooCommerce\Admin\API\Reports\Orders\Stats\DataStore
                    [report-orders] => Automattic\WooCommerce\Admin\API\Reports\Orders\DataStore
                    [report-orders-stats] => Automattic\WooCommerce\Admin\API\Reports\Orders\Stats\DataStore
                    [report-products] => Automattic\WooCommerce\Admin\API\Reports\Products\DataStore
                    [report-variations] => Automattic\WooCommerce\Admin\API\Reports\Variations\DataStore
                    [report-products-stats] => Automattic\WooCommerce\Admin\API\Reports\Products\Stats\DataStore
                    [report-variations-stats] => Automattic\WooCommerce\Admin\API\Reports\Variations\Stats\DataStore
                    [report-categories] => Automattic\WooCommerce\Admin\API\Reports\Categories\DataStore
                    [report-taxes] => Automattic\WooCommerce\Admin\API\Reports\Taxes\DataStore
                    [report-taxes-stats] => Automattic\WooCommerce\Admin\API\Reports\Taxes\Stats\DataStore
                    [report-coupons] => Automattic\WooCommerce\Admin\API\Reports\Coupons\DataStore
                    [report-coupons-stats] => Automattic\WooCommerce\Admin\API\Reports\Coupons\Stats\DataStore
                    [report-downloads] => Automattic\WooCommerce\Admin\API\Reports\Downloads\DataStore
                    [report-downloads-stats] => Automattic\WooCommerce\Admin\API\Reports\Downloads\Stats\DataStore
                    [admin-note] => Automattic\WooCommerce\Admin\Notes\DataStore
                    [report-customers] => Automattic\WooCommerce\Admin\API\Reports\Customers\DataStore
                    [report-customers-stats] => Automattic\WooCommerce\Admin\API\Reports\Customers\Stats\DataStore
                    [report-stock-stats] => Automattic\WooCommerce\Admin\API\Reports\Stock\Stats\DataStore
                )

            [current_class_name:WC_Data_Store:private] => WC_Product_Data_Store_CPT
            [object_type:WC_Data_Store:private] => product-simple
        )

    [meta_data:protected] => 
)

07-27-2022 @ 20:33:40 - shippingItem: stdClass Object
(
    [Weight] => 1
    [Length] => 16
    [Height] => 2
    [Width] => 11
    [Diameter] => 0
    [SKU] => 
    [Category] => farofas|
    [isFragile] => 
)

07-27-2022 @ 20:33:40 - CEP 03615-000
07-27-2022 @ 20:33:40 - Requesting the Frenet WebServices...
07-27-2022 @ 20:33:40 - Array
(
    [Token] => 3D2F795ER0734R4699RA595RC0EB30404754
    [Coupom] => 
    [PlatformName] => WOOCOMMERCE
    [PlatformVersion] => 6.7.0
    [SellerCEP] => 04004070
    [RecipientCEP] => 03615-000
    [RecipientDocument] => 
    [ShipmentInvoiceValue] => 18.6
    [ShippingItemArray] => Array
        (
            [0] => stdClass Object
                (
                    [Weight] => 1
                    [Length] => 16
                    [Height] => 2
                    [Width] => 11
                    [Diameter] => 0
                    [SKU] => 
                    [Category] => farofas|
                    [isFragile] => 
                    [Quantity] => 1
                )

        )

    [RecipientCountry] => BR
)

07-27-2022 @ 20:33:40 - URL: http://api.frenet.com.br/shipping/quote
07-27-2022 @ 20:33:42 - Curl response: {"ShippingSevicesArray":[{"ServiceCode":"03220","ServiceDescription":"Sedex","Carrier":"Correios","CarrierCode":"COR","ShippingPrice":"11.66","DeliveryTime":"1","Error":false,"OriginalDeliveryTime":"1","OriginalShippingPrice":"11.66220000000","ResponseTime":"27.0165","AllowBuyLabel":true},{"ServiceCode":"F_3","ServiceDescription":"Jadlog Package","Carrier":"Jadlog","CarrierCode":"JAD","ShippingPrice":"15.46","DeliveryTime":"2","Error":false,"OriginalDeliveryTime":"2","OriginalShippingPrice":"15.4628000","ResponseTime":"16.2658","AllowBuyLabel":true},{"ServiceCode":"03298","ServiceDescription":"PAC","Carrier":"Correios","CarrierCode":"COR","ShippingPrice":"17.97","DeliveryTime":"5","Msg":"","Error":false,"OriginalDeliveryTime":"5","OriginalShippingPrice":"17.9664000","ResponseTime":"332.2195","AllowBuyLabel":true},{"ServiceCode":"04227","ServiceDescription":"Mini Envios","Carrier":"Correios","CarrierCode":"COR","Msg":"Erro: Peso excedido.","Error":true,"ResponseTime":"0.2989","AllowBuyLabel":true}],"Timeout":0}
07-27-2022 @ 20:33:42 - Percorrendo os serviços retornados
07-27-2022 @ 20:33:42 - WebServices response [Sedex]: stdClass Object
(
    [ServiceCode] => 03220
    [ServiceDescription] => Sedex
    [Carrier] => Correios
    [CarrierCode] => COR
    [ShippingPrice] => 11.66
    [DeliveryTime] => 1
    [Error] => 
    [OriginalDeliveryTime] => 1
    [OriginalShippingPrice] => 11.66220000000
    [ResponseTime] => 27.0165
    [AllowBuyLabel] => 1
)

07-27-2022 @ 20:33:42 - Percorrendo os serviços retornados
07-27-2022 @ 20:33:42 - WebServices response [Jadlog Package]: stdClass Object
(
    [ServiceCode] => F_3
    [ServiceDescription] => Jadlog Package
    [Carrier] => Jadlog
    [CarrierCode] => JAD
    [ShippingPrice] => 15.46
    [DeliveryTime] => 2
    [Error] => 
    [OriginalDeliveryTime] => 2
    [OriginalShippingPrice] => 15.4628000
    [ResponseTime] => 16.2658
    [AllowBuyLabel] => 1
)

07-27-2022 @ 20:33:42 - Percorrendo os serviços retornados
07-27-2022 @ 20:33:42 - WebServices response [PAC]: stdClass Object
(
    [ServiceCode] => 03298
    [ServiceDescription] => PAC
    [Carrier] => Correios
    [CarrierCode] => COR
    [ShippingPrice] => 17.97
    [DeliveryTime] => 5
    [Msg] => 
    [Error] => 
    [OriginalDeliveryTime] => 5
    [OriginalShippingPrice] => 17.9664000
    [ResponseTime] => 332.2195
    [AllowBuyLabel] => 1
)

07-27-2022 @ 20:33:42 - Percorrendo os serviços retornados
07-27-2022 @ 20:33:42 - *continue*
