04-10-2022 @ 09:17:19 - [process_payment]: POST Custom: {
    "installments": "1",
    "amount": "218.63",
    "currency_ratio": "1",
    "campaign_id": "",
    "campaign": "",
    "discount": "",
    "paymentMethodId": "master",
    "token": "17e03a6d2a6434f3c96b63750360a203",
    "checkout_type": "custom"
}
04-10-2022 @ 09:17:19 - [process_payment]: preparing to get response of custom checkout.
04-10-2022 @ 09:17:19 - [Created preference: ]: Preference: {
    "binary_mode": false,
    "external_reference": "WC-11965",
    "notification_url": "https:\/\/www.sekiama.com.br\/wc-api\/WC_WooMercadoPago_Custom_Gateway\/?source_news=webhooks",
    "statement_descriptor": "Sekiama MP",
    "sponsor_id": 208686191,
    "transaction_amount": 218.6299999999999954525264911353588104248046875,
    "token": "17e03a6d2a6434f3c96b63750360a203",
    "description": "Farofa com Muita Cebola x 2, Faropop x 2, Farofa para Churrasco com Manteiga x 6",
    "installments": 1,
    "payment_method_id": "master",
    "payer": {
        "email": "marcomam@hotmail.com"
    },
    "metadata": {
        "platform": "bo2hnr2ic4p001kbgpt0",
        "platform_version": "6.3.1",
        "module_version": "5.7.5",
        "site_id": "mlb",
        "sponsor_id": 208686191,
        "collector": "163745094",
        "test_mode": false,
        "details": "",
        "basic_settings": {
            "enabled": "no",
            "currency_conversion": "no",
            "installments": "1",
            "method": "redirect",
            "auto_return": "yes",
            "binary_mode": "no",
            "ex_payments_master": "yes",
            "ex_payments_hipercard": "yes",
            "ex_payments_amex": "yes",
            "ex_payments_elo": "yes",
            "ex_payments_visa": "yes",
            "ex_payments_debvisa": "yes",
            "ex_payments_debelo": "yes",
            "ex_payments_pec": "yes",
            "ex_payments_bolbradesco": "yes",
            "gateway_discount_checkbox": "no",
            "commission_checkbox": "no",
            "checkbox_checkout_test_mode": "yes",
            "checkout_credential_prod": "deprecated"
        },
        "custom_settings": {
            "enabled": "yes",
            "currency_conversion": "no",
            "wallet_button": "yes",
            "coupon_mode": "no",
            "binary_mode": "no",
            "gateway_discount_checkbox": "no",
            "commission_checkbox": "no",
            "checkbox_checkout_test_mode": "yes",
            "checkout_credential_prod": "deprecated"
        },
        "ticket_settings": [],
        "pix_settings": [],
        "seller_website": "https:\/\/www.sekiama.com.br",
        "billing_address": {
            "zip_code": "65800-000",
            "street_name": "Rua José Menininho Pugliesi",
            "city_name": "Balsas",
            "state_name": "MA",
            "country_name": "BR"
        },
        "user": {
            "registered_user": "no",
            "user_email": null,
            "user_registration_date": null
        },
        "checkout": "custom",
        "checkout_type": "credit_card"
    },
    "additional_info": {
        "items": [
            {
                "id": 195,
                "title": "Farofa com Muita Cebola x 2",
                "description": "Por-ser-incrivelmente-saborosa-a-Farofa-com-muita-cebola-crocante-e-a-campea-de-vendas-conquistando-todos-os-paladares.-Nesta-nobre-preparacao-a-farinha-de-mandioca-absorve-o-incrivel-sabor-da-cebola-fresca-resultando-em",
                "picture_url": "https:\/\/www.sekiama.com.br\/wp-content\/uploads\/2021\/11\/cebola-frente-1.png",
                "category_id": "others",
                "quantity": 1,
                "unit_price": 30.39999999999999857891452847979962825775146484375
            },
            {
                "id": 200,
                "title": "Faropop x 2",
                "description": "Temperada-do-jeito-que-amamos-comer-farofa.-A-Faropop-Temperada-e-uma-das-farofas-tradicionais-que-combina-com-qualquer-refeicao.-span-stylecolor-a81414strongIngredientes-strongspanFarinha-de-Mandioca-Gor",
                "picture_url": "https:\/\/www.sekiama.com.br\/wp-content\/uploads\/2021\/11\/tradicional-frente.png",
                "category_id": "others",
                "quantity": 1,
                "unit_price": 25.800000000000000710542735760100185871124267578125
            },
            {
                "id": 196,
                "title": "Farofa para Churrasco com Manteiga x 6",
                "description": "Baseada-em-uma-receita-caseira-esta-farofa-consegue-ao-mesmo-tempo-ser-crocante-e-ter-um-sabor-bastante-marcado-de-manteiga.-Desenvolvida-especialmente-para-os-apreciadores-de-churrasco-esta-farofa-ira-conquistar-um-espaco-em",
                "picture_url": "https:\/\/www.sekiama.com.br\/wp-content\/uploads\/2021\/11\/churrasco-frente-1.png",
                "category_id": "others",
                "quantity": 1,
                "unit_price": 94.2000000000000028421709430404007434844970703125
            },
            {
                "title": "Jadlog Package (Entrega em 12 dias úteis)",
                "description": "Serviço de envio usado pela loja.",
                "category_id": "others",
                "quantity": 1,
                "unit_price": 68.2300000000000039790393202565610408782958984375
            }
        ],
        "payer": {
            "first_name": "Marco Antônio",
            "last_name": "Mauricio",
            "phone": {
                "number": "(99) 99952-0230"
            },
            "address": {
                "zip_code": "65800-000",
                "street_name": "Rua José Menininho Pugliesi \/ Balsas MA BR"
            }
        },
        "shipments": {
            "receiver_address": {
                "zip_code": "65800-000",
                "street_name": "Rua José Menininho Pugliesi  Balsas MA BR",
                "apartment": "",
                "city_name": "Balsas",
                "state_name": "MA"
            }
        }
    }
}
04-10-2022 @ 09:17:22 - [create_preference]: Preference created: {
    "status": 201,
    "response": {
        "id": 21503075232,
        "date_created": "2022-04-10T08:17:20.724-04:00",
        "date_approved": "2022-04-10T08:17:22.271-04:00",
        "date_last_updated": "2022-04-10T08:17:22.271-04:00",
        "date_of_expiration": null,
        "money_release_date": "2022-04-10T08:17:22.271-04:00",
        "operation_type": "regular_payment",
        "issuer_id": "24",
        "payment_method_id": "master",
        "payment_type_id": "credit_card",
        "status": "approved",
        "status_detail": "accredited",
        "currency_id": "BRL",
        "description": "Farofa com Muita Cebola x 2, Faropop x 2, Farofa para Churrasco com Manteiga x 6",
        "live_mode": true,
        "sponsor_id": 208686191,
        "authorization_code": "021605",
        "money_release_schema": null,
        "taxes_amount": 0,
        "counter_currency": null,
        "brand_id": null,
        "shipping_amount": 0,
        "pos_id": null,
        "store_id": null,
        "integrator_id": null,
        "platform_id": "bo2hnr2ic4p001kbgpt0",
        "corporation_id": null,
        "collector_id": 163745094,
        "payer": {
            "type": null,
            "id": "51574828",
            "operator_id": null,
            "email": "marcomam@hotmail.com",
            "identification": {
                "type": "CPF",
                "number": "05893423801"
            },
            "phone": {
                "area_code": null,
                "number": null,
                "extension": null
            },
            "first_name": null,
            "last_name": null,
            "entity_type": null
        },
        "marketplace_owner": null,
        "metadata": {
            "basic_settings": {
                "ex_payments_debelo": "yes",
                "checkout_credential_prod": "deprecated",
                "checkbox_checkout_test_mode": "yes",
                "method": "redirect",
                "ex_payments_amex": "yes",
                "gateway_discount_checkbox": "no",
                "enabled": "no",
                "ex_payments_master": "yes",
                "ex_payments_visa": "yes",
                "ex_payments_pec": "yes",
                "ex_payments_bolbradesco": "yes",
                "commission_checkbox": "no",
                "currency_conversion": "no",
                "installments": "1",
                "binary_mode": "no",
                "ex_payments_debvisa": "yes",
                "ex_payments_elo": "yes",
                "auto_return": "yes",
                "ex_payments_hipercard": "yes"
            },
            "checkout_type": "credit_card",
            "seller_website": "https:\/\/www.sekiama.com.br",
            "billing_address": {
                "city_name": "Balsas",
                "state_name": "MA",
                "country_name": "BR",
                "zip_code": "65800-000",
                "street_name": "Rua José Menininho Pugliesi"
            },
            "module_version": "5.7.5",
            "sponsor_id": 208686191,
            "platform": "bo2hnr2ic4p001kbgpt0",
            "collector": "163745094",
            "ticket_settings": [],
            "platform_version": "6.3.1",
            "test_mode": false,
            "site_id": "mlb",
            "custom_settings": {
                "wallet_button": "yes",
                "checkout_credential_prod": "deprecated",
                "commission_checkbox": "no",
                "checkbox_checkout_test_mode": "yes",
                "currency_conversion": "no",
                "binary_mode": "no",
                "coupon_mode": "no",
                "gateway_discount_checkbox": "no",
                "enabled": "yes"
            },
            "pix_settings": [],
            "details": "",
            "user": {
                "user_email": null,
                "registered_user": "no",
                "user_registration_date": null
            },
            "checkout": "custom"
        },
        "additional_info": {
            "items": [
                {
                    "id": "195",
                    "title": "Farofa com Muita Cebola x 2",
                    "description": "Por-ser-incrivelmente-saborosa-a-Farofa-com-muita-cebola-crocante-e-a-campea-de-vendas-conquistando-todos-os-paladares.-Nesta-nobre-preparacao-a-farinha-de-mandioca-absorve-o-incrivel-sabor-da-cebola-fresca-resultando-em",
                    "picture_url": "https:\/\/www.sekiama.com.br\/wp-content\/uploads\/2021\/11\/cebola-frente-1.png",
                    "category_id": "others",
                    "quantity": "1",
                    "unit_price": "30.4"
                },
                {
                    "id": "200",
                    "title": "Faropop x 2",
                    "description": "Temperada-do-jeito-que-amamos-comer-farofa.-A-Faropop-Temperada-e-uma-das-farofas-tradicionais-que-combina-com-qualquer-refeicao.-span-stylecolor-a81414strongIngredientes-strongspanFarinha-de-Mandioca-Gor",
                    "picture_url": "https:\/\/www.sekiama.com.br\/wp-content\/uploads\/2021\/11\/tradicional-frente.png",
                    "category_id": "others",
                    "quantity": "1",
                    "unit_price": "25.8"
                },
                {
                    "id": "196",
                    "title": "Farofa para Churrasco com Manteiga x 6",
                    "description": "Baseada-em-uma-receita-caseira-esta-farofa-consegue-ao-mesmo-tempo-ser-crocante-e-ter-um-sabor-bastante-marcado-de-manteiga.-Desenvolvida-especialmente-para-os-apreciadores-de-churrasco-esta-farofa-ira-conquistar-um-espaco-em",
                    "picture_url": "https:\/\/www.sekiama.com.br\/wp-content\/uploads\/2021\/11\/churrasco-frente-1.png",
                    "category_id": "others",
                    "quantity": "1",
                    "unit_price": "94.2"
                },
                {
                    "id": null,
                    "title": "Jadlog Package (Entrega em 12 dias úteis)",
                    "description": "Serviço de envio usado pela loja.",
                    "picture_url": null,
                    "category_id": "others",
                    "quantity": "1",
                    "unit_price": "68.23"
                }
            ],
            "payer": {
                "phone": {
                    "number": "(99) 99952-0230"
                },
                "address": {
                    "zip_code": "65800-000",
                    "street_name": "Rua José Menininho Pugliesi \/ Balsas MA BR"
                },
                "first_name": "Marco Antônio",
                "last_name": "Mauricio"
            },
            "shipments": {
                "receiver_address": {
                    "zip_code": "65800-000",
                    "state_name": "MA",
                    "city_name": "Balsas",
                    "street_name": "Rua José Menininho Pugliesi  Balsas MA BR"
                }
            },
            "iso_response_code": "00",
            "available_balance": null,
            "nsu_processadora": "CAQEBAQL4Z6sJRzeKmWo4pe1RzAZa8UJAbM_V4GIis77Mk01x3gCZs9UJbLIHu34",
            "authentication_code": null
        },
        "order": [],
        "external_reference": "WC-11965",
        "transaction_amount": 218.6299999999999954525264911353588104248046875,
        "transaction_amount_refunded": 0,
        "coupon_amount": 0,
        "differential_pricing_id": null,
        "deduction_schema": null,
        "installments": 1,
        "transaction_details": {
            "payment_method_reference_id": null,
            "net_received_amount": 207.719999999999998863131622783839702606201171875,
            "total_paid_amount": 218.6299999999999954525264911353588104248046875,
            "overpaid_amount": 0,
            "external_resource_url": null,
            "installment_amount": 218.6299999999999954525264911353588104248046875,
            "financial_institution": null,
            "payable_deferral_period": null,
            "acquirer_reference": null
        },
        "fee_details": [
            {
                "type": "mercadopago_fee",
                "amount": 10.910000000000000142108547152020037174224853515625,
                "fee_payer": "collector"
            }
        ],
        "charges_details": [],
        "captured": true,
        "binary_mode": false,
        "call_for_authorize_id": null,
        "statement_descriptor": "MERCPAGO*SEKIAMAMP",
        "card": {
            "id": null,
            "first_six_digits": "548985",
            "last_four_digits": "0625",
            "expiration_month": 7,
            "expiration_year": 2029,
            "date_created": "2022-04-10T08:17:20.000-04:00",
            "date_last_updated": "2022-04-10T08:17:20.000-04:00",
            "cardholder": {
                "name": "Marco Antonio Mauricio ",
                "identification": {
                    "number": "05893423801",
                    "type": "CPF"
                }
            }
        },
        "notification_url": "https:\/\/www.sekiama.com.br\/wc-api\/WC_WooMercadoPago_Custom_Gateway\/?source_news=webhooks",
        "refunds": [],
        "processing_mode": "aggregator",
        "merchant_account_id": null,
        "merchant_number": null,
        "acquirer_reconciliation": [],
        "point_of_interaction": {
            "type": "UNSPECIFIED",
            "business_info": {
                "unit": "online_payments",
                "sub_unit": "woocommerce"
            }
        }
    }
}
04-10-2022 @ 09:17:22 - [create_preference]: payment link generated with success from mercado pago, with structure as follow: {
    "status": 201,
    "response": {
        "id": 21503075232,
        "date_created": "2022-04-10T08:17:20.724-04:00",
        "date_approved": "2022-04-10T08:17:22.271-04:00",
        "date_last_updated": "2022-04-10T08:17:22.271-04:00",
        "date_of_expiration": null,
        "money_release_date": "2022-04-10T08:17:22.271-04:00",
        "operation_type": "regular_payment",
        "issuer_id": "24",
        "payment_method_id": "master",
        "payment_type_id": "credit_card",
        "status": "approved",
        "status_detail": "accredited",
        "currency_id": "BRL",
        "description": "Farofa com Muita Cebola x 2, Faropop x 2, Farofa para Churrasco com Manteiga x 6",
        "live_mode": true,
        "sponsor_id": 208686191,
        "authorization_code": "021605",
        "money_release_schema": null,
        "taxes_amount": 0,
        "counter_currency": null,
        "brand_id": null,
        "shipping_amount": 0,
        "pos_id": null,
        "store_id": null,
        "integrator_id": null,
        "platform_id": "bo2hnr2ic4p001kbgpt0",
        "corporation_id": null,
        "collector_id": 163745094,
        "payer": {
            "type": null,
            "id": "51574828",
            "operator_id": null,
            "email": "marcomam@hotmail.com",
            "identification": {
                "type": "CPF",
                "number": "05893423801"
            },
            "phone": {
                "area_code": null,
                "number": null,
                "extension": null
            },
            "first_name": null,
            "last_name": null,
            "entity_type": null
        },
        "marketplace_owner": null,
        "metadata": {
            "basic_settings": {
                "ex_payments_debelo": "yes",
                "checkout_credential_prod": "deprecated",
                "checkbox_checkout_test_mode": "yes",
                "method": "redirect",
                "ex_payments_amex": "yes",
                "gateway_discount_checkbox": "no",
                "enabled": "no",
                "ex_payments_master": "yes",
                "ex_payments_visa": "yes",
                "ex_payments_pec": "yes",
                "ex_payments_bolbradesco": "yes",
                "commission_checkbox": "no",
                "currency_conversion": "no",
                "installments": "1",
                "binary_mode": "no",
                "ex_payments_debvisa": "yes",
                "ex_payments_elo": "yes",
                "auto_return": "yes",
                "ex_payments_hipercard": "yes"
            },
            "checkout_type": "credit_card",
            "seller_website": "https:\/\/www.sekiama.com.br",
            "billing_address": {
                "city_name": "Balsas",
                "state_name": "MA",
                "country_name": "BR",
                "zip_code": "65800-000",
                "street_name": "Rua José Menininho Pugliesi"
            },
            "module_version": "5.7.5",
            "sponsor_id": 208686191,
            "platform": "bo2hnr2ic4p001kbgpt0",
            "collector": "163745094",
            "ticket_settings": [],
            "platform_version": "6.3.1",
            "test_mode": false,
            "site_id": "mlb",
            "custom_settings": {
                "wallet_button": "yes",
                "checkout_credential_prod": "deprecated",
                "commission_checkbox": "no",
                "checkbox_checkout_test_mode": "yes",
                "currency_conversion": "no",
                "binary_mode": "no",
                "coupon_mode": "no",
                "gateway_discount_checkbox": "no",
                "enabled": "yes"
            },
            "pix_settings": [],
            "details": "",
            "user": {
                "user_email": null,
                "registered_user": "no",
                "user_registration_date": null
            },
            "checkout": "custom"
        },
        "additional_info": {
            "items": [
                {
                    "id": "195",
                    "title": "Farofa com Muita Cebola x 2",
                    "description": "Por-ser-incrivelmente-saborosa-a-Farofa-com-muita-cebola-crocante-e-a-campea-de-vendas-conquistando-todos-os-paladares.-Nesta-nobre-preparacao-a-farinha-de-mandioca-absorve-o-incrivel-sabor-da-cebola-fresca-resultando-em",
                    "picture_url": "https:\/\/www.sekiama.com.br\/wp-content\/uploads\/2021\/11\/cebola-frente-1.png",
                    "category_id": "others",
                    "quantity": "1",
                    "unit_price": "30.4"
                },
                {
                    "id": "200",
                    "title": "Faropop x 2",
                    "description": "Temperada-do-jeito-que-amamos-comer-farofa.-A-Faropop-Temperada-e-uma-das-farofas-tradicionais-que-combina-com-qualquer-refeicao.-span-stylecolor-a81414strongIngredientes-strongspanFarinha-de-Mandioca-Gor",
                    "picture_url": "https:\/\/www.sekiama.com.br\/wp-content\/uploads\/2021\/11\/tradicional-frente.png",
                    "category_id": "others",
                    "quantity": "1",
                    "unit_price": "25.8"
                },
                {
                    "id": "196",
                    "title": "Farofa para Churrasco com Manteiga x 6",
                    "description": "Baseada-em-uma-receita-caseira-esta-farofa-consegue-ao-mesmo-tempo-ser-crocante-e-ter-um-sabor-bastante-marcado-de-manteiga.-Desenvolvida-especialmente-para-os-apreciadores-de-churrasco-esta-farofa-ira-conquistar-um-espaco-em",
                    "picture_url": "https:\/\/www.sekiama.com.br\/wp-content\/uploads\/2021\/11\/churrasco-frente-1.png",
                    "category_id": "others",
                    "quantity": "1",
                    "unit_price": "94.2"
                },
                {
                    "id": null,
                    "title": "Jadlog Package (Entrega em 12 dias úteis)",
                    "description": "Serviço de envio usado pela loja.",
                    "picture_url": null,
                    "category_id": "others",
                    "quantity": "1",
                    "unit_price": "68.23"
                }
            ],
            "payer": {
                "phone": {
                    "number": "(99) 99952-0230"
                },
                "address": {
                    "zip_code": "65800-000",
                    "street_name": "Rua José Menininho Pugliesi \/ Balsas MA BR"
                },
                "first_name": "Marco Antônio",
                "last_name": "Mauricio"
            },
            "shipments": {
                "receiver_address": {
                    "zip_code": "65800-000",
                    "state_name": "MA",
                    "city_name": "Balsas",
                    "street_name": "Rua José Menininho Pugliesi  Balsas MA BR"
                }
            },
            "iso_response_code": "00",
            "available_balance": null,
            "nsu_processadora": "CAQEBAQL4Z6sJRzeKmWo4pe1RzAZa8UJAbM_V4GIis77Mk01x3gCZs9UJbLIHu34",
            "authentication_code": null
        },
        "order": [],
        "external_reference": "WC-11965",
        "transaction_amount": 218.6299999999999954525264911353588104248046875,
        "transaction_amount_refunded": 0,
        "coupon_amount": 0,
        "differential_pricing_id": null,
        "deduction_schema": null,
        "installments": 1,
        "transaction_details": {
            "payment_method_reference_id": null,
            "net_received_amount": 207.719999999999998863131622783839702606201171875,
            "total_paid_amount": 218.6299999999999954525264911353588104248046875,
            "overpaid_amount": 0,
            "external_resource_url": null,
            "installment_amount": 218.6299999999999954525264911353588104248046875,
            "financial_institution": null,
            "payable_deferral_period": null,
            "acquirer_reference": null
        },
        "fee_details": [
            {
                "type": "mercadopago_fee",
                "amount": 10.910000000000000142108547152020037174224853515625,
                "fee_payer": "collector"
            }
        ],
        "charges_details": [],
        "captured": true,
        "binary_mode": false,
        "call_for_authorize_id": null,
        "statement_descriptor": "MERCPAGO*SEKIAMAMP",
        "card": {
            "id": null,
            "first_six_digits": "548985",
            "last_four_digits": "0625",
            "expiration_month": 7,
            "expiration_year": 2029,
            "date_created": "2022-04-10T08:17:20.000-04:00",
            "date_last_updated": "2022-04-10T08:17:20.000-04:00",
            "cardholder": {
                "name": "Marco Antonio Mauricio ",
                "identification": {
                    "number": "05893423801",
                    "type": "CPF"
                }
            }
        },
        "notification_url": "https:\/\/www.sekiama.com.br\/wc-api\/WC_WooMercadoPago_Custom_Gateway\/?source_news=webhooks",
        "refunds": [],
        "processing_mode": "aggregator",
        "merchant_account_id": null,
        "merchant_number": null,
        "acquirer_reconciliation": [],
        "point_of_interaction": {
            "type": "UNSPECIFIED",
            "business_info": {
                "unit": "online_payments",
                "sub_unit": "woocommerce"
            }
        }
    }
}
04-10-2022 @ 09:17:22 - [check_ipn_response]: received _get content: {
    "data_id": "21503075232",
    "source_news": "webhooks",
    "type": "payment"
}
04-10-2022 @ 09:17:22 - [successful_request]: starting to process  update...
04-10-2022 @ 09:17:22 - [successful_request]: updating metadata and status with data: {
    "acquirer_reconciliation": [],
    "additional_info": {
        "authentication_code": null,
        "available_balance": null,
        "items": [
            {
                "category_id": "others",
                "description": "Por-ser-incrivelmente-saborosa-a-Farofa-com-muita-cebola-crocante-e-a-campea-de-vendas-conquistando-todos-os-paladares.-Nesta-nobre-preparacao-a-farinha-de-mandioca-absorve-o-incrivel-sabor-da-cebola-fresca-resultando-em",
                "id": "195",
                "picture_url": "https:\/\/www.sekiama.com.br\/wp-content\/uploads\/2021\/11\/cebola-frente-1.png",
                "quantity": "1",
                "title": "Farofa com Muita Cebola x 2",
                "unit_price": "30.4"
            },
            {
                "category_id": "others",
                "description": "Temperada-do-jeito-que-amamos-comer-farofa.-A-Faropop-Temperada-e-uma-das-farofas-tradicionais-que-combina-com-qualquer-refeicao.-span-stylecolor-a81414strongIngredientes-strongspanFarinha-de-Mandioca-Gor",
                "id": "200",
                "picture_url": "https:\/\/www.sekiama.com.br\/wp-content\/uploads\/2021\/11\/tradicional-frente.png",
                "quantity": "1",
                "title": "Faropop x 2",
                "unit_price": "25.8"
            },
            {
                "category_id": "others",
                "description": "Baseada-em-uma-receita-caseira-esta-farofa-consegue-ao-mesmo-tempo-ser-crocante-e-ter-um-sabor-bastante-marcado-de-manteiga.-Desenvolvida-especialmente-para-os-apreciadores-de-churrasco-esta-farofa-ira-conquistar-um-espaco-em",
                "id": "196",
                "picture_url": "https:\/\/www.sekiama.com.br\/wp-content\/uploads\/2021\/11\/churrasco-frente-1.png",
                "quantity": "1",
                "title": "Farofa para Churrasco com Manteiga x 6",
                "unit_price": "94.2"
            },
            {
                "category_id": "others",
                "description": "Serviço de envio usado pela loja.",
                "id": null,
                "picture_url": null,
                "quantity": "1",
                "title": "Jadlog Package (Entrega em 12 dias úteis)",
                "unit_price": "68.23"
            }
        ],
        "nsu_processadora": null,
        "payer": {
            "address": {
                "street_name": "Rua José Menininho Pugliesi \/ Balsas MA BR",
                "zip_code": "65800-000"
            }
        },
        "shipments": {
            "receiver_address": {
                "city_name": "Balsas",
                "state_name": "MA",
                "street_name": "Rua José Menininho Pugliesi  Balsas MA BR",
                "zip_code": "65800-000"
            }
        }
    },
    "authorization_code": "021605",
    "binary_mode": false,
    "brand_id": null,
    "call_for_authorize_id": null,
    "captured": true,
    "card": {
        "cardholder": {
            "identification": {
                "number": "05893423801",
                "type": "CPF"
            },
            "name": "Marco Antonio Mauricio "
        },
        "date_created": "2022-04-10T08:17:20.000-04:00",
        "date_last_updated": "2022-04-10T08:17:20.000-04:00",
        "expiration_month": 7,
        "expiration_year": 2029,
        "first_six_digits": "548985",
        "id": null,
        "last_four_digits": "0625"
    },
    "charges_details": [],
    "collector_id": 163745094,
    "corporation_id": null,
    "counter_currency": null,
    "coupon_amount": 0,
    "currency_id": "BRL",
    "date_approved": "2022-04-10T08:17:22.000-04:00",
    "date_created": "2022-04-10T08:17:20.000-04:00",
    "date_last_updated": "2022-04-10T08:17:22.000-04:00",
    "date_of_expiration": null,
    "deduction_schema": null,
    "description": "Farofa com Muita Cebola x 2, Faropop x 2, Farofa para Churrasco com Manteiga x 6",
    "differential_pricing_id": null,
    "external_reference": "WC-11965",
    "fee_details": [
        {
            "amount": 10.910000000000000142108547152020037174224853515625,
            "fee_payer": "collector",
            "type": "mercadopago_fee"
        }
    ],
    "id": 21503075232,
    "installments": 1,
    "integrator_id": null,
    "issuer_id": "24",
    "live_mode": true,
    "marketplace_owner": null,
    "merchant_account_id": null,
    "merchant_number": null,
    "metadata": {
        "basic_settings": {
            "ex_payments_debelo": "yes",
            "checkout_credential_prod": "deprecated",
            "checkbox_checkout_test_mode": "yes",
            "method": "redirect",
            "ex_payments_amex": "yes",
            "gateway_discount_checkbox": "no",
            "enabled": "no",
            "ex_payments_master": "yes",
            "ex_payments_pec": "yes",
            "ex_payments_visa": "yes",
            "ex_payments_bolbradesco": "yes",
            "commission_checkbox": "no",
            "binary_mode": "no",
            "currency_conversion": "no",
            "installments": "1",
            "ex_payments_debvisa": "yes",
            "ex_payments_elo": "yes",
            "auto_return": "yes",
            "ex_payments_hipercard": "yes"
        },
        "checkout_type": "credit_card",
        "seller_website": "https:\/\/www.sekiama.com.br",
        "billing_address": {
            "city_name": "Balsas",
            "state_name": "MA",
            "country_name": "BR",
            "street_name": "Rua José Menininho Pugliesi",
            "zip_code": "65800-000"
        },
        "module_version": "5.7.5",
        "sponsor_id": 208686191,
        "collector": "163745094",
        "platform": "bo2hnr2ic4p001kbgpt0",
        "ticket_settings": [],
        "platform_version": "6.3.1",
        "test_mode": false,
        "site_id": "mlb",
        "custom_settings": {
            "checkout_credential_prod": "deprecated",
            "wallet_button": "yes",
            "commission_checkbox": "no",
            "checkbox_checkout_test_mode": "yes",
            "binary_mode": "no",
            "currency_conversion": "no",
            "coupon_mode": "no",
            "gateway_discount_checkbox": "no",
            "enabled": "yes"
        },
        "pix_settings": [],
        "details": "",
        "checkout": "custom",
        "user": {
            "user_email": null,
            "registered_user": "no",
            "user_registration_date": null
        }
    },
    "money_release_date": "2022-04-10T08:17:22.000-04:00",
    "money_release_schema": null,
    "notification_url": "https:\/\/www.sekiama.com.br\/wc-api\/WC_WooMercadoPago_Custom_Gateway\/?source_news=webhooks",
    "operation_type": "regular_payment",
    "order": [],
    "payer": {
        "email": "marcomam@hotmail.com",
        "entity_type": null,
        "first_name": null,
        "id": "51574828",
        "identification": {
            "number": "05893423801",
            "type": "CPF"
        },
        "last_name": null,
        "operator_id": null,
        "phone": {
            "area_code": null,
            "extension": null,
            "number": null
        },
        "type": null
    },
    "payment_method_id": "master",
    "payment_type_id": "credit_card",
    "platform_id": "bo2hnr2ic4p001kbgpt0",
    "point_of_interaction": {
        "business_info": {
            "sub_unit": "woocommerce",
            "unit": "online_payments"
        },
        "type": "UNSPECIFIED"
    },
    "pos_id": null,
    "processing_mode": "aggregator",
    "refunds": [],
    "shipping_amount": 0,
    "sponsor_id": 208686191,
    "statement_descriptor": "MERCPAGO*SEKIAMAMP",
    "status": "approved",
    "status_detail": "accredited",
    "store_id": null,
    "taxes_amount": 0,
    "transaction_amount": 218.6299999999999954525264911353588104248046875,
    "transaction_amount_refunded": 0,
    "transaction_details": {
        "acquirer_reference": null,
        "external_resource_url": null,
        "financial_institution": null,
        "installment_amount": 218.6299999999999954525264911353588104248046875,
        "net_received_amount": 207.719999999999998863131622783839702606201171875,
        "overpaid_amount": 0,
        "payable_deferral_period": null,
        "payment_method_reference_id": null,
        "total_paid_amount": 218.6299999999999954525264911353588104248046875
    }
}
04-10-2022 @ 09:17:22 - [successful_request]: Changing order status to: processing
