08-27-2022 @ 19:23:40 - [process_payment]: POST Custom: {
    "amount": "132",
    "currency_ratio": "1",
    "paymentMethodId": "master",
    "checkout_type": "custom",
    "installments": "1"
}
08-27-2022 @ 19:23:40 - [process_payment]: preparing to get response of custom checkout.
08-27-2022 @ 19:23:40 - [Created preference: ]: Preference: {
    "binary_mode": false,
    "external_reference": "WC-13888",
    "notification_url": "https:\/\/www.sekiama.com.br\/wc-api\/WC_WooMercadoPago_Custom_Gateway\/?source_news=webhooks",
    "statement_descriptor": "Sekiama MP",
    "sponsor_id": 208686191,
    "transaction_amount": 132,
    "description": "Kit Fit x 4",
    "installments": 1,
    "payment_method_id": "master",
    "payer": {
        "email": "cintiamg70@gmail.com"
    },
    "metadata": {
        "platform": "bo2hnr2ic4p001kbgpt0",
        "platform_version": "6.8.2",
        "module_version": "6.1.0",
        "site_id": "mlb",
        "sponsor_id": 208686191,
        "collector": "163745094",
        "test_mode": false,
        "details": "",
        "basic_settings": {
            "enabled": "no",
            "currency_conversion": "no",
            "installments": "1",
            "method": "redirect",
            "auto_return": "yes",
            "binary_mode": "no",
            "ex_payments_master": "yes",
            "ex_payments_hipercard": "yes",
            "ex_payments_amex": "yes",
            "ex_payments_elo": "yes",
            "ex_payments_visa": "yes",
            "ex_payments_debvisa": "yes",
            "ex_payments_debelo": "yes",
            "ex_payments_pec": "yes",
            "ex_payments_bolbradesco": "yes",
            "gateway_discount_checkbox": "no",
            "commission_checkbox": "no",
            "checkbox_checkout_test_mode": "yes",
            "checkout_credential_prod": "deprecated"
        },
        "custom_settings": {
            "enabled": "yes",
            "currency_conversion": "no",
            "wallet_button": "yes",
            "coupon_mode": "no",
            "binary_mode": "no",
            "gateway_discount_checkbox": "no",
            "commission_checkbox": "no",
            "checkbox_checkout_test_mode": "yes",
            "checkout_credential_prod": "deprecated"
        },
        "ticket_settings": [],
        "pix_settings": {
            "enabled": "yes"
        },
        "seller_website": "https:\/\/www.sekiama.com.br",
        "billing_address": {
            "zip_code": "05036-001",
            "street_name": "Av Santa Marina",
            "city_name": "São Paulo",
            "state_name": "SP",
            "country_name": "BR"
        },
        "user": {
            "registered_user": "no",
            "user_email": null,
            "user_registration_date": null
        },
        "checkout": "custom",
        "checkout_type": "credit_card"
    },
    "additional_info": {
        "items": [
            {
                "id": 205,
                "title": "Kit Fit x 4",
                "description": "As-farofas-que-cabem-no-seu-plano-alimentar.-Otima-fonte-de-fibras-nutricionais.-Neste-kit-contem-as-farofas-strongCom-Muitas-Sementes-e-Com-Muitas-Sementes-Castanhas.strong",
                "picture_url": "https:\/\/www.sekiama.com.br\/wp-content\/uploads\/2021\/11\/kit-fit-1.png",
                "category_id": "others",
                "quantity": 1,
                "unit_price": 132
            }
        ],
        "payer": {
            "first_name": "CINTIA",
            "last_name": "GARCIA",
            "phone": {
                "number": "(11) 98117-0927"
            },
            "address": {
                "zip_code": "05036-001",
                "street_name": "Av Santa Marina \/ São Paulo SP BR"
            }
        },
        "shipments": {
            "receiver_address": {
                "zip_code": "05036-001",
                "street_name": "Av Santa Marina Apto. 93 - Torre 1 São Paulo SP BR",
                "apartment": "Apto. 93 - Torre 1",
                "city_name": "São Paulo",
                "state_name": "SP"
            }
        }
    }
}
08-27-2022 @ 19:23:41 - [create_preference]: Preference created: {
    "status": 201,
    "response": {
        "id": 25254598973,
        "date_created": "2022-08-27T18:23:39.157-04:00",
        "date_approved": "2022-08-27T18:23:40.289-04:00",
        "date_last_updated": "2022-08-27T18:23:40.289-04:00",
        "date_of_expiration": null,
        "money_release_date": "2022-08-27T18:23:40.289-04:00",
        "money_release_status": null,
        "operation_type": "regular_payment",
        "issuer_id": "12",
        "payment_method_id": "master",
        "payment_type_id": "credit_card",
        "status": "approved",
        "status_detail": "accredited",
        "currency_id": "BRL",
        "description": "Kit Fit x 4",
        "live_mode": true,
        "sponsor_id": 208686191,
        "authorization_code": "062470",
        "money_release_schema": null,
        "taxes_amount": 0,
        "counter_currency": null,
        "brand_id": null,
        "shipping_amount": 0,
        "build_version": "2.108.1-hotfix-1",
        "pos_id": null,
        "store_id": null,
        "integrator_id": null,
        "platform_id": "bo2hnr2ic4p001kbgpt0",
        "corporation_id": null,
        "collector_id": 163745094,
        "payer": {
            "type": null,
            "id": "236391360",
            "operator_id": null,
            "email": "cintiamg70@gmail.com",
            "identification": {
                "type": null,
                "number": null
            },
            "phone": {
                "area_code": null,
                "number": null,
                "extension": null
            },
            "first_name": null,
            "last_name": null,
            "entity_type": null
        },
        "marketplace_owner": null,
        "metadata": {
            "basic_settings": {
                "ex_payments_debelo": "yes",
                "checkout_credential_prod": "deprecated",
                "checkbox_checkout_test_mode": "yes",
                "method": "redirect",
                "ex_payments_amex": "yes",
                "gateway_discount_checkbox": "no",
                "enabled": "no",
                "ex_payments_master": "yes",
                "ex_payments_visa": "yes",
                "ex_payments_pec": "yes",
                "ex_payments_bolbradesco": "yes",
                "commission_checkbox": "no",
                "currency_conversion": "no",
                "installments": "1",
                "binary_mode": "no",
                "ex_payments_debvisa": "yes",
                "ex_payments_elo": "yes",
                "auto_return": "yes",
                "ex_payments_hipercard": "yes"
            },
            "checkout_type": "credit_card",
            "seller_website": "https:\/\/www.sekiama.com.br",
            "billing_address": {
                "city_name": "São Paulo",
                "state_name": "SP",
                "country_name": "BR",
                "zip_code": "05036-001",
                "street_name": "Av Santa Marina"
            },
            "module_version": "6.1.0",
            "sponsor_id": 208686191,
            "platform": "bo2hnr2ic4p001kbgpt0",
            "collector": "163745094",
            "ticket_settings": [],
            "platform_version": "6.8.2",
            "test_mode": false,
            "site_id": "mlb",
            "custom_settings": {
                "wallet_button": "yes",
                "checkout_credential_prod": "deprecated",
                "commission_checkbox": "no",
                "checkbox_checkout_test_mode": "yes",
                "currency_conversion": "no",
                "binary_mode": "no",
                "coupon_mode": "no",
                "gateway_discount_checkbox": "no",
                "enabled": "yes"
            },
            "pix_settings": {
                "enabled": "yes"
            },
            "details": "",
            "user": {
                "user_email": null,
                "registered_user": "no",
                "user_registration_date": null
            },
            "checkout": "custom"
        },
        "additional_info": {
            "items": [
                {
                    "id": "205",
                    "title": "Kit Fit x 4",
                    "description": "As-farofas-que-cabem-no-seu-plano-alimentar.-Otima-fonte-de-fibras-nutricionais.-Neste-kit-contem-as-farofas-strongCom-Muitas-Sementes-e-Com-Muitas-Sementes-Castanhas.strong",
                    "picture_url": "https:\/\/www.sekiama.com.br\/wp-content\/uploads\/2021\/11\/kit-fit-1.png",
                    "category_id": "others",
                    "quantity": "1",
                    "unit_price": "132"
                }
            ],
            "payer": {
                "phone": {
                    "number": "(11) 98117-0927"
                },
                "address": {
                    "zip_code": "05036-001",
                    "street_name": "Av Santa Marina \/ São Paulo SP BR"
                },
                "first_name": "CINTIA",
                "last_name": "GARCIA"
            },
            "shipments": {
                "receiver_address": {
                    "zip_code": "05036-001",
                    "state_name": "SP",
                    "city_name": "São Paulo",
                    "street_name": "Av Santa Marina Apto. 93 - Torre 1 São Paulo SP BR",
                    "apartment": "Apto. 93 - Torre 1"
                }
            },
            "iso_response_code": "00",
            "available_balance": null,
            "nsu_processadora": "CAQEBAQRVsNPH9tqpX9SryFPDskZrEkOi_dXglyX4X2qWGiMdtgBfX-DH_QYcg6k",
            "authentication_code": null
        },
        "order": [],
        "external_reference": "WC-13888",
        "transaction_amount": 132,
        "transaction_amount_refunded": 0,
        "coupon_amount": 0,
        "differential_pricing_id": null,
        "deduction_schema": null,
        "installments": 1,
        "transaction_details": {
            "payment_method_reference_id": null,
            "net_received_amount": 125.409999999999996589394868351519107818603515625,
            "total_paid_amount": 132,
            "overpaid_amount": 0,
            "external_resource_url": null,
            "installment_amount": 132,
            "financial_institution": null,
            "payable_deferral_period": null,
            "acquirer_reference": null
        },
        "fee_details": [
            {
                "type": "mercadopago_fee",
                "amount": 6.589999999999999857891452847979962825775146484375,
                "fee_payer": "collector"
            }
        ],
        "charges_details": [],
        "captured": true,
        "binary_mode": false,
        "call_for_authorize_id": null,
        "statement_descriptor": "MERCADOPAGO*SEKIAMAMP",
        "card": {
            "id": null,
            "first_six_digits": "514945",
            "last_four_digits": "6153",
            "bin": "51494508",
            "expiration_month": 7,
            "expiration_year": 2029,
            "date_created": "2022-08-27T18:23:39.000-04:00",
            "date_last_updated": "2022-08-27T18:23:39.000-04:00",
            "cardholder": {
                "name": "CINTIA M GARCIA",
                "identification": {
                    "number": "15345566801",
                    "type": "CPF"
                }
            }
        },
        "notification_url": "https:\/\/www.sekiama.com.br\/wc-api\/WC_WooMercadoPago_Custom_Gateway\/?source_news=webhooks",
        "refunds": [],
        "processing_mode": "aggregator",
        "merchant_account_id": null,
        "merchant_number": null,
        "acquirer_reconciliation": [],
        "point_of_interaction": {
            "type": "UNSPECIFIED",
            "business_info": {
                "unit": "online_payments",
                "sub_unit": "woocommerce"
            }
        }
    }
}
08-27-2022 @ 19:23:41 - [create_preference]: payment link generated with success from mercado pago, with structure as follow: {
    "status": 201,
    "response": {
        "id": 25254598973,
        "date_created": "2022-08-27T18:23:39.157-04:00",
        "date_approved": "2022-08-27T18:23:40.289-04:00",
        "date_last_updated": "2022-08-27T18:23:40.289-04:00",
        "date_of_expiration": null,
        "money_release_date": "2022-08-27T18:23:40.289-04:00",
        "money_release_status": null,
        "operation_type": "regular_payment",
        "issuer_id": "12",
        "payment_method_id": "master",
        "payment_type_id": "credit_card",
        "status": "approved",
        "status_detail": "accredited",
        "currency_id": "BRL",
        "description": "Kit Fit x 4",
        "live_mode": true,
        "sponsor_id": 208686191,
        "authorization_code": "062470",
        "money_release_schema": null,
        "taxes_amount": 0,
        "counter_currency": null,
        "brand_id": null,
        "shipping_amount": 0,
        "build_version": "2.108.1-hotfix-1",
        "pos_id": null,
        "store_id": null,
        "integrator_id": null,
        "platform_id": "bo2hnr2ic4p001kbgpt0",
        "corporation_id": null,
        "collector_id": 163745094,
        "payer": {
            "type": null,
            "id": "236391360",
            "operator_id": null,
            "email": "cintiamg70@gmail.com",
            "identification": {
                "type": null,
                "number": null
            },
            "phone": {
                "area_code": null,
                "number": null,
                "extension": null
            },
            "first_name": null,
            "last_name": null,
            "entity_type": null
        },
        "marketplace_owner": null,
        "metadata": {
            "basic_settings": {
                "ex_payments_debelo": "yes",
                "checkout_credential_prod": "deprecated",
                "checkbox_checkout_test_mode": "yes",
                "method": "redirect",
                "ex_payments_amex": "yes",
                "gateway_discount_checkbox": "no",
                "enabled": "no",
                "ex_payments_master": "yes",
                "ex_payments_visa": "yes",
                "ex_payments_pec": "yes",
                "ex_payments_bolbradesco": "yes",
                "commission_checkbox": "no",
                "currency_conversion": "no",
                "installments": "1",
                "binary_mode": "no",
                "ex_payments_debvisa": "yes",
                "ex_payments_elo": "yes",
                "auto_return": "yes",
                "ex_payments_hipercard": "yes"
            },
            "checkout_type": "credit_card",
            "seller_website": "https:\/\/www.sekiama.com.br",
            "billing_address": {
                "city_name": "São Paulo",
                "state_name": "SP",
                "country_name": "BR",
                "zip_code": "05036-001",
                "street_name": "Av Santa Marina"
            },
            "module_version": "6.1.0",
            "sponsor_id": 208686191,
            "platform": "bo2hnr2ic4p001kbgpt0",
            "collector": "163745094",
            "ticket_settings": [],
            "platform_version": "6.8.2",
            "test_mode": false,
            "site_id": "mlb",
            "custom_settings": {
                "wallet_button": "yes",
                "checkout_credential_prod": "deprecated",
                "commission_checkbox": "no",
                "checkbox_checkout_test_mode": "yes",
                "currency_conversion": "no",
                "binary_mode": "no",
                "coupon_mode": "no",
                "gateway_discount_checkbox": "no",
                "enabled": "yes"
            },
            "pix_settings": {
                "enabled": "yes"
            },
            "details": "",
            "user": {
                "user_email": null,
                "registered_user": "no",
                "user_registration_date": null
            },
            "checkout": "custom"
        },
        "additional_info": {
            "items": [
                {
                    "id": "205",
                    "title": "Kit Fit x 4",
                    "description": "As-farofas-que-cabem-no-seu-plano-alimentar.-Otima-fonte-de-fibras-nutricionais.-Neste-kit-contem-as-farofas-strongCom-Muitas-Sementes-e-Com-Muitas-Sementes-Castanhas.strong",
                    "picture_url": "https:\/\/www.sekiama.com.br\/wp-content\/uploads\/2021\/11\/kit-fit-1.png",
                    "category_id": "others",
                    "quantity": "1",
                    "unit_price": "132"
                }
            ],
            "payer": {
                "phone": {
                    "number": "(11) 98117-0927"
                },
                "address": {
                    "zip_code": "05036-001",
                    "street_name": "Av Santa Marina \/ São Paulo SP BR"
                },
                "first_name": "CINTIA",
                "last_name": "GARCIA"
            },
            "shipments": {
                "receiver_address": {
                    "zip_code": "05036-001",
                    "state_name": "SP",
                    "city_name": "São Paulo",
                    "street_name": "Av Santa Marina Apto. 93 - Torre 1 São Paulo SP BR",
                    "apartment": "Apto. 93 - Torre 1"
                }
            },
            "iso_response_code": "00",
            "available_balance": null,
            "nsu_processadora": "CAQEBAQRVsNPH9tqpX9SryFPDskZrEkOi_dXglyX4X2qWGiMdtgBfX-DH_QYcg6k",
            "authentication_code": null
        },
        "order": [],
        "external_reference": "WC-13888",
        "transaction_amount": 132,
        "transaction_amount_refunded": 0,
        "coupon_amount": 0,
        "differential_pricing_id": null,
        "deduction_schema": null,
        "installments": 1,
        "transaction_details": {
            "payment_method_reference_id": null,
            "net_received_amount": 125.409999999999996589394868351519107818603515625,
            "total_paid_amount": 132,
            "overpaid_amount": 0,
            "external_resource_url": null,
            "installment_amount": 132,
            "financial_institution": null,
            "payable_deferral_period": null,
            "acquirer_reference": null
        },
        "fee_details": [
            {
                "type": "mercadopago_fee",
                "amount": 6.589999999999999857891452847979962825775146484375,
                "fee_payer": "collector"
            }
        ],
        "charges_details": [],
        "captured": true,
        "binary_mode": false,
        "call_for_authorize_id": null,
        "statement_descriptor": "MERCADOPAGO*SEKIAMAMP",
        "card": {
            "id": null,
            "first_six_digits": "514945",
            "last_four_digits": "6153",
            "bin": "51494508",
            "expiration_month": 7,
            "expiration_year": 2029,
            "date_created": "2022-08-27T18:23:39.000-04:00",
            "date_last_updated": "2022-08-27T18:23:39.000-04:00",
            "cardholder": {
                "name": "CINTIA M GARCIA",
                "identification": {
                    "number": "15345566801",
                    "type": "CPF"
                }
            }
        },
        "notification_url": "https:\/\/www.sekiama.com.br\/wc-api\/WC_WooMercadoPago_Custom_Gateway\/?source_news=webhooks",
        "refunds": [],
        "processing_mode": "aggregator",
        "merchant_account_id": null,
        "merchant_number": null,
        "acquirer_reconciliation": [],
        "point_of_interaction": {
            "type": "UNSPECIFIED",
            "business_info": {
                "unit": "online_payments",
                "sub_unit": "woocommerce"
            }
        }
    }
}
08-27-2022 @ 19:23:42 - [check_ipn_response]: received _get content: {
    "data_id": "25254598973",
    "source_news": "webhooks",
    "type": "payment"
}
08-27-2022 @ 19:23:42 - [successful_request]: starting to process  update...
08-27-2022 @ 19:23:42 - [successful_request]: updating metadata and status with data: {
    "acquirer_reconciliation": [],
    "additional_info": {
        "authentication_code": null,
        "available_balance": null,
        "items": [
            {
                "category_id": "others",
                "description": "As-farofas-que-cabem-no-seu-plano-alimentar.-Otima-fonte-de-fibras-nutricionais.-Neste-kit-contem-as-farofas-strongCom-Muitas-Sementes-e-Com-Muitas-Sementes-Castanhas.strong",
                "id": "205",
                "picture_url": "https:\/\/www.sekiama.com.br\/wp-content\/uploads\/2021\/11\/kit-fit-1.png",
                "quantity": "1",
                "title": "Kit Fit x 4",
                "unit_price": "132"
            }
        ],
        "nsu_processadora": null,
        "payer": {
            "address": {
                "street_name": "Av Santa Marina \/ São Paulo SP BR",
                "zip_code": "05036-001"
            },
            "first_name": "CINTIA",
            "last_name": "GARCIA",
            "phone": {
                "number": "(11) 98117-0927"
            }
        },
        "shipments": {
            "receiver_address": {
                "apartment": "Apto. 93 - Torre 1",
                "city_name": "São Paulo",
                "state_name": "SP",
                "street_name": "Av Santa Marina Apto. 93 - Torre 1 São Paulo SP BR",
                "zip_code": "05036-001"
            }
        }
    },
    "authorization_code": "062470",
    "binary_mode": false,
    "brand_id": null,
    "build_version": "2.108.1-hotfix-1",
    "call_for_authorize_id": null,
    "captured": true,
    "card": {
        "bin": "51494508",
        "cardholder": {
            "identification": {
                "number": "15345566801",
                "type": "CPF"
            },
            "name": "CINTIA M GARCIA"
        },
        "date_created": "2022-08-27T18:23:39.000-04:00",
        "date_last_updated": "2022-08-27T18:23:39.000-04:00",
        "expiration_month": 7,
        "expiration_year": 2029,
        "first_six_digits": "514945",
        "id": null,
        "last_four_digits": "6153"
    },
    "charges_details": [],
    "collector_id": 163745094,
    "corporation_id": null,
    "counter_currency": null,
    "coupon_amount": 0,
    "currency_id": "BRL",
    "date_approved": "2022-08-27T18:23:40.000-04:00",
    "date_created": "2022-08-27T18:23:39.000-04:00",
    "date_last_updated": "2022-08-27T18:23:40.000-04:00",
    "date_of_expiration": null,
    "deduction_schema": null,
    "description": "Kit Fit x 4",
    "differential_pricing_id": null,
    "external_reference": "WC-13888",
    "fee_details": [
        {
            "amount": 6.589999999999999857891452847979962825775146484375,
            "fee_payer": "collector",
            "type": "mercadopago_fee"
        }
    ],
    "id": 25254598973,
    "installments": 1,
    "integrator_id": null,
    "issuer_id": "12",
    "live_mode": true,
    "marketplace_owner": null,
    "merchant_account_id": null,
    "merchant_number": null,
    "metadata": {
        "basic_settings": {
            "ex_payments_debelo": "yes",
            "checkout_credential_prod": "deprecated",
            "checkbox_checkout_test_mode": "yes",
            "method": "redirect",
            "ex_payments_amex": "yes",
            "gateway_discount_checkbox": "no",
            "enabled": "no",
            "ex_payments_master": "yes",
            "ex_payments_pec": "yes",
            "ex_payments_visa": "yes",
            "ex_payments_bolbradesco": "yes",
            "commission_checkbox": "no",
            "binary_mode": "no",
            "currency_conversion": "no",
            "installments": "1",
            "ex_payments_debvisa": "yes",
            "ex_payments_elo": "yes",
            "auto_return": "yes",
            "ex_payments_hipercard": "yes"
        },
        "checkout_type": "credit_card",
        "seller_website": "https:\/\/www.sekiama.com.br",
        "billing_address": {
            "city_name": "São Paulo",
            "state_name": "SP",
            "country_name": "BR",
            "street_name": "Av Santa Marina",
            "zip_code": "05036-001"
        },
        "module_version": "6.1.0",
        "sponsor_id": 208686191,
        "collector": "163745094",
        "platform": "bo2hnr2ic4p001kbgpt0",
        "ticket_settings": [],
        "platform_version": "6.8.2",
        "test_mode": false,
        "site_id": "mlb",
        "custom_settings": {
            "checkout_credential_prod": "deprecated",
            "wallet_button": "yes",
            "commission_checkbox": "no",
            "checkbox_checkout_test_mode": "yes",
            "binary_mode": "no",
            "currency_conversion": "no",
            "coupon_mode": "no",
            "gateway_discount_checkbox": "no",
            "enabled": "yes"
        },
        "pix_settings": {
            "enabled": "yes"
        },
        "details": "",
        "checkout": "custom",
        "user": {
            "user_email": null,
            "registered_user": "no",
            "user_registration_date": null
        }
    },
    "money_release_date": "2022-08-27T18:23:40.000-04:00",
    "money_release_schema": null,
    "money_release_status": null,
    "notification_url": "https:\/\/www.sekiama.com.br\/wc-api\/WC_WooMercadoPago_Custom_Gateway\/?source_news=webhooks",
    "operation_type": "regular_payment",
    "order": [],
    "payer": {
        "email": "cintiamg70@gmail.com",
        "entity_type": null,
        "first_name": null,
        "id": "236391360",
        "identification": {
            "number": null,
            "type": null
        },
        "last_name": null,
        "operator_id": null,
        "phone": {
            "area_code": null,
            "extension": null,
            "number": null
        },
        "type": null
    },
    "payment_method_id": "master",
    "payment_type_id": "credit_card",
    "platform_id": "bo2hnr2ic4p001kbgpt0",
    "point_of_interaction": {
        "business_info": {
            "sub_unit": "woocommerce",
            "unit": "online_payments"
        },
        "type": "UNSPECIFIED"
    },
    "pos_id": null,
    "processing_mode": "aggregator",
    "refunds": [],
    "shipping_amount": 0,
    "sponsor_id": 208686191,
    "statement_descriptor": "MERCADOPAGO*SEKIAMAMP",
    "status": "approved",
    "status_detail": "accredited",
    "store_id": null,
    "taxes_amount": 0,
    "transaction_amount": 132,
    "transaction_amount_refunded": 0,
    "transaction_details": {
        "acquirer_reference": null,
        "external_resource_url": null,
        "financial_institution": null,
        "installment_amount": 132,
        "net_received_amount": 125.409999999999996589394868351519107818603515625,
        "overpaid_amount": 0,
        "payable_deferral_period": null,
        "payment_method_reference_id": null,
        "total_paid_amount": 132
    }
}
08-27-2022 @ 19:23:42 - [successful_request]: Changing order status to: processing
08-27-2022 @ 19:23:50 - [check_ipn_response]: received _get content: {
    "data_id": "25254598973",
    "source_news": "webhooks",
    "type": "payment"
}
08-27-2022 @ 19:23:51 - [successful_request]: starting to process  update...
08-27-2022 @ 19:23:51 - [successful_request]: updating metadata and status with data: {
    "acquirer_reconciliation": [],
    "additional_info": {
        "authentication_code": null,
        "available_balance": null,
        "items": [
            {
                "category_id": "others",
                "description": "As-farofas-que-cabem-no-seu-plano-alimentar.-Otima-fonte-de-fibras-nutricionais.-Neste-kit-contem-as-farofas-strongCom-Muitas-Sementes-e-Com-Muitas-Sementes-Castanhas.strong",
                "id": "205",
                "picture_url": "https:\/\/www.sekiama.com.br\/wp-content\/uploads\/2021\/11\/kit-fit-1.png",
                "quantity": "1",
                "title": "Kit Fit x 4",
                "unit_price": "132"
            }
        ],
        "nsu_processadora": null,
        "payer": {
            "address": {
                "street_name": "Av Santa Marina \/ São Paulo SP BR",
                "zip_code": "05036-001"
            },
            "first_name": "CINTIA",
            "last_name": "GARCIA",
            "phone": {
                "number": "(11) 98117-0927"
            }
        },
        "shipments": {
            "receiver_address": {
                "apartment": "Apto. 93 - Torre 1",
                "city_name": "São Paulo",
                "state_name": "SP",
                "street_name": "Av Santa Marina Apto. 93 - Torre 1 São Paulo SP BR",
                "zip_code": "05036-001"
            }
        }
    },
    "authorization_code": "062470",
    "binary_mode": false,
    "brand_id": null,
    "build_version": "2.108.1-hotfix-1",
    "call_for_authorize_id": null,
    "captured": true,
    "card": {
        "bin": "51494508",
        "cardholder": {
            "identification": {
                "number": "15345566801",
                "type": "CPF"
            },
            "name": "CINTIA M GARCIA"
        },
        "date_created": "2022-08-27T18:23:39.000-04:00",
        "date_last_updated": "2022-08-27T18:23:39.000-04:00",
        "expiration_month": 7,
        "expiration_year": 2029,
        "first_six_digits": "514945",
        "id": null,
        "last_four_digits": "6153"
    },
    "charges_details": [],
    "collector_id": 163745094,
    "corporation_id": null,
    "counter_currency": null,
    "coupon_amount": 0,
    "currency_id": "BRL",
    "date_approved": "2022-08-27T18:23:40.000-04:00",
    "date_created": "2022-08-27T18:23:39.000-04:00",
    "date_last_updated": "2022-08-27T18:23:48.000-04:00",
    "date_of_expiration": null,
    "deduction_schema": null,
    "description": "Kit Fit x 4",
    "differential_pricing_id": null,
    "external_reference": "WC-13888",
    "fee_details": [
        {
            "amount": 6.589999999999999857891452847979962825775146484375,
            "fee_payer": "collector",
            "type": "mercadopago_fee"
        }
    ],
    "id": 25254598973,
    "installments": 1,
    "integrator_id": null,
    "issuer_id": "12",
    "live_mode": true,
    "marketplace_owner": null,
    "merchant_account_id": null,
    "merchant_number": null,
    "metadata": {
        "basic_settings": {
            "ex_payments_debelo": "yes",
            "checkout_credential_prod": "deprecated",
            "checkbox_checkout_test_mode": "yes",
            "method": "redirect",
            "ex_payments_amex": "yes",
            "gateway_discount_checkbox": "no",
            "enabled": "no",
            "ex_payments_master": "yes",
            "ex_payments_pec": "yes",
            "ex_payments_visa": "yes",
            "ex_payments_bolbradesco": "yes",
            "commission_checkbox": "no",
            "binary_mode": "no",
            "currency_conversion": "no",
            "installments": "1",
            "ex_payments_debvisa": "yes",
            "ex_payments_elo": "yes",
            "auto_return": "yes",
            "ex_payments_hipercard": "yes"
        },
        "checkout_type": "credit_card",
        "seller_website": "https:\/\/www.sekiama.com.br",
        "billing_address": {
            "city_name": "São Paulo",
            "state_name": "SP",
            "country_name": "BR",
            "street_name": "Av Santa Marina",
            "zip_code": "05036-001"
        },
        "module_version": "6.1.0",
        "sponsor_id": 208686191,
        "collector": "163745094",
        "platform": "bo2hnr2ic4p001kbgpt0",
        "ticket_settings": [],
        "platform_version": "6.8.2",
        "test_mode": false,
        "site_id": "mlb",
        "custom_settings": {
            "checkout_credential_prod": "deprecated",
            "wallet_button": "yes",
            "commission_checkbox": "no",
            "checkbox_checkout_test_mode": "yes",
            "binary_mode": "no",
            "currency_conversion": "no",
            "coupon_mode": "no",
            "gateway_discount_checkbox": "no",
            "enabled": "yes"
        },
        "pix_settings": {
            "enabled": "yes"
        },
        "details": "",
        "checkout": "custom",
        "user": {
            "user_email": null,
            "registered_user": "no",
            "user_registration_date": null
        }
    },
    "money_release_date": "2022-08-27T18:23:40.000-04:00",
    "money_release_schema": null,
    "money_release_status": null,
    "notification_url": "https:\/\/www.sekiama.com.br\/wc-api\/WC_WooMercadoPago_Custom_Gateway\/?source_news=webhooks",
    "operation_type": "regular_payment",
    "order": [],
    "payer": {
        "email": "cintiamg70@gmail.com",
        "entity_type": null,
        "first_name": null,
        "id": "236391360",
        "identification": {
            "number": null,
            "type": null
        },
        "last_name": null,
        "operator_id": null,
        "phone": {
            "area_code": null,
            "extension": null,
            "number": null
        },
        "type": null
    },
    "payment_method_id": "master",
    "payment_type_id": "credit_card",
    "platform_id": "bo2hnr2ic4p001kbgpt0",
    "point_of_interaction": {
        "business_info": {
            "sub_unit": "woocommerce",
            "unit": "online_payments"
        },
        "type": "UNSPECIFIED"
    },
    "pos_id": null,
    "processing_mode": "aggregator",
    "refunds": [],
    "shipping_amount": 0,
    "sponsor_id": 208686191,
    "statement_descriptor": "MERCADOPAGO*SEKIAMAMP",
    "status": "approved",
    "status_detail": "accredited",
    "store_id": null,
    "taxes_amount": 0,
    "transaction_amount": 132,
    "transaction_amount_refunded": 0,
    "transaction_details": {
        "acquirer_reference": null,
        "external_resource_url": null,
        "financial_institution": null,
        "installment_amount": 132,
        "net_received_amount": 125.409999999999996589394868351519107818603515625,
        "overpaid_amount": 0,
        "payable_deferral_period": null,
        "payment_method_reference_id": null,
        "total_paid_amount": 132
    }
}
08-27-2022 @ 19:23:51 - [successful_request]: Changing order status to: processing
