09-05-2022 @ 21:09:49 - [process_payment]: POST Custom: {
    "amount": "47.94",
    "currency_ratio": "1",
    "paymentMethodId": "",
    "checkout_type": "wallet_button",
    "installments": ""
}
09-05-2022 @ 21:09:49 - [process_payment]: preparing to render wallet button checkout.
09-05-2022 @ 21:09:50 - [Created preference: ]: Preference: {
    "binary_mode": false,
    "external_reference": "WC-13906",
    "notification_url": "https:\/\/www.sekiama.com.br\/wc-api\/WC_WooMercadoPago_Custom_Gateway\/?source_news=webhooks",
    "statement_descriptor": "Sekiama MP",
    "sponsor_id": 208686191,
    "items": [
        {
            "id": 195,
            "title": "Farofa com Muita Cebola x 1",
            "description": "Por-ser-incrivelmente-saborosa-a-Farofa-com-muita-cebola-crocante-e-a-campea-de-vendas-conquistando-todos-os-paladares.-Nesta-nobre-preparacao-a-farinha-de-mandioca-absorve-o-incrivel-sabor-da-cebola-fresca-resultando-em",
            "picture_url": "https:\/\/www.sekiama.com.br\/wp-content\/uploads\/2021\/11\/cebola-frente-1.png",
            "category_id": "others",
            "quantity": 1,
            "unit_price": 15.480000000000000426325641456060111522674560546875,
            "currency_id": "BRL"
        },
        {
            "id": 199,
            "title": "Farofa Doce x 1",
            "description": "Ideal-para-voce-que-deseja-inovar-no-sabor-das-suas-deliciosas-sobremesas-finalizando-com-um-toque-extra-crocante.-Voce-ainda-pode-experimentar-em-vitaminas-massas-de-tortas-cobertura-de-bolos-e-onde-mais-preferir.-Surpree",
            "picture_url": "https:\/\/www.sekiama.com.br\/wp-content\/uploads\/2021\/11\/doce-Frente-1.png",
            "category_id": "others",
            "quantity": 1,
            "unit_price": 17.82000000000000028421709430404007434844970703125,
            "currency_id": "BRL"
        },
        {
            "title": "Sedex (Entrega em 3 dias úteis)",
            "description": "Serviço de envio usado pela loja.",
            "category_id": "others",
            "quantity": 1,
            "unit_price": 14.6400000000000005684341886080801486968994140625
        }
    ],
    "payer": {
        "name": "Marcelo",
        "surname": "Racowski",
        "email": "marcelo.racowski@terra.com.br",
        "phone": {
            "number": "(11) 3392-1704"
        },
        "address": {
            "zip_code": "01135-020",
            "street_name": "Rua Cônego vicente Miguel marino \/ São Paulo SP BR"
        }
    },
    "back_urls": {
        "success": "https:\/\/www.sekiama.com.br\/finalizar-compra\/order-received\/13906\/?key=wc_order_YHKEtXPXbOU7O",
        "failure": "https:\/\/www.sekiama.com.br\/carrinho\/?cancel_order=true&order=wc_order_YHKEtXPXbOU7O&order_id=13906&redirect&_wpnonce=1fb5f140bb",
        "pending": "https:\/\/www.sekiama.com.br\/finalizar-compra\/order-received\/13906\/?key=wc_order_YHKEtXPXbOU7O"
    },
    "shipments": {
        "receiver_address": {
            "zip_code": "01135-020",
            "street_name": "Rua Cônego vicente Miguel marino Apto 92a São Paulo SP BR",
            "apartment": "Apto 92a",
            "city_name": "São Paulo",
            "state_name": "SP"
        }
    },
    "payment_methods": {
        "installments": 12,
        "excluded_payment_methods": []
    },
    "auto_return": "approved",
    "metadata": {
        "platform": "bo2hnr2ic4p001kbgpt0",
        "platform_version": "6.8.2",
        "module_version": "6.1.0",
        "site_id": "mlb",
        "sponsor_id": 208686191,
        "collector": "163745094",
        "test_mode": false,
        "details": "",
        "basic_settings": {
            "enabled": "no",
            "currency_conversion": "no",
            "installments": "1",
            "method": "redirect",
            "auto_return": "yes",
            "binary_mode": "no",
            "ex_payments_master": "yes",
            "ex_payments_hipercard": "yes",
            "ex_payments_amex": "yes",
            "ex_payments_elo": "yes",
            "ex_payments_visa": "yes",
            "ex_payments_debvisa": "yes",
            "ex_payments_debelo": "yes",
            "ex_payments_pec": "yes",
            "ex_payments_bolbradesco": "yes",
            "gateway_discount_checkbox": "no",
            "commission_checkbox": "no",
            "checkbox_checkout_test_mode": "yes",
            "checkout_credential_prod": "deprecated"
        },
        "custom_settings": {
            "enabled": "yes",
            "currency_conversion": "no",
            "wallet_button": "yes",
            "coupon_mode": "no",
            "binary_mode": "no",
            "gateway_discount_checkbox": "no",
            "commission_checkbox": "no",
            "checkbox_checkout_test_mode": "yes",
            "checkout_credential_prod": "deprecated"
        },
        "ticket_settings": [],
        "pix_settings": {
            "enabled": "yes"
        },
        "seller_website": "https:\/\/www.sekiama.com.br",
        "billing_address": {
            "zip_code": "01135-020",
            "street_name": "Rua Cônego vicente Miguel marino",
            "city_name": "São Paulo",
            "state_name": "SP",
            "country_name": "BR"
        },
        "user": {
            "registered_user": "no",
            "user_email": null,
            "user_registration_date": null
        },
        "checkout": "pro",
        "checkout_type": "wallet_button"
    },
    "purpose": "wallet_purchase"
}
09-05-2022 @ 21:09:50 - [create_preference_wallet_button]: Created Preference: {
    "status": 201,
    "response": {
        "additional_info": "",
        "auto_return": "approved",
        "back_urls": {
            "failure": "https:\/\/www.sekiama.com.br\/carrinho\/?cancel_order=true&order=wc_order_YHKEtXPXbOU7O&order_id=13906&redirect&_wpnonce=1fb5f140bb",
            "pending": "https:\/\/www.sekiama.com.br\/finalizar-compra\/order-received\/13906\/?key=wc_order_YHKEtXPXbOU7O",
            "success": "https:\/\/www.sekiama.com.br\/finalizar-compra\/order-received\/13906\/?key=wc_order_YHKEtXPXbOU7O"
        },
        "binary_mode": false,
        "client_id": "6290074584163570",
        "collector_id": 163745094,
        "coupon_code": null,
        "coupon_labels": null,
        "date_created": "2022-09-05T20:09:48.995-04:00",
        "date_of_expiration": null,
        "expiration_date_from": null,
        "expiration_date_to": null,
        "expires": false,
        "external_reference": "WC-13906",
        "id": "163745094-a8b8b234-3def-4c31-8741-dd81ac5b4874",
        "init_point": "https:\/\/www.mercadopago.com.br\/checkout\/v1\/redirect?pref_id=163745094-a8b8b234-3def-4c31-8741-dd81ac5b4874",
        "internal_metadata": null,
        "items": [
            {
                "id": "195",
                "category_id": "others",
                "currency_id": "BRL",
                "description": "Por-ser-incrivelmente-saborosa-a-Farofa-com-muita-cebola-crocante-e-a-campea-de-vendas-conquistando-todos-os-paladares.-Nesta-nobre-preparacao-a-farinha-de-mandioca-absorve-o-incrivel-sabor-da-cebola-fresca-resultando-em",
                "picture_url": "https:\/\/www.sekiama.com.br\/wp-content\/uploads\/2021\/11\/cebola-frente-1.png",
                "title": "Farofa com Muita Cebola x 1",
                "quantity": 1,
                "unit_price": 15.480000000000000426325641456060111522674560546875
            },
            {
                "id": "199",
                "category_id": "others",
                "currency_id": "BRL",
                "description": "Ideal-para-voce-que-deseja-inovar-no-sabor-das-suas-deliciosas-sobremesas-finalizando-com-um-toque-extra-crocante.-Voce-ainda-pode-experimentar-em-vitaminas-massas-de-tortas-cobertura-de-bolos-e-onde-mais-preferir.-Surpree",
                "picture_url": "https:\/\/www.sekiama.com.br\/wp-content\/uploads\/2021\/11\/doce-Frente-1.png",
                "title": "Farofa Doce x 1",
                "quantity": 1,
                "unit_price": 17.82000000000000028421709430404007434844970703125
            },
            {
                "id": "",
                "category_id": "others",
                "currency_id": "BRL",
                "description": "Serviço de envio usado pela loja.",
                "title": "Sedex (Entrega em 3 dias úteis)",
                "quantity": 1,
                "unit_price": 14.6400000000000005684341886080801486968994140625
            }
        ],
        "marketplace": "NONE",
        "marketplace_fee": 0,
        "metadata": {
            "basic_settings": {
                "auto_return": "yes",
                "binary_mode": "no",
                "checkbox_checkout_test_mode": "yes",
                "checkout_credential_prod": "deprecated",
                "commission_checkbox": "no",
                "currency_conversion": "no",
                "enabled": "no",
                "ex_payments_amex": "yes",
                "ex_payments_bolbradesco": "yes",
                "ex_payments_debelo": "yes",
                "ex_payments_debvisa": "yes",
                "ex_payments_elo": "yes",
                "ex_payments_hipercard": "yes",
                "ex_payments_master": "yes",
                "ex_payments_pec": "yes",
                "ex_payments_visa": "yes",
                "gateway_discount_checkbox": "no",
                "installments": "1",
                "method": "redirect"
            },
            "billing_address": {
                "city_name": "São Paulo",
                "country_name": "BR",
                "state_name": "SP",
                "street_name": "Rua Cônego vicente Miguel marino",
                "zip_code": "01135-020"
            },
            "checkout": "pro",
            "checkout_type": "wallet_button",
            "collector": "163745094",
            "custom_settings": {
                "binary_mode": "no",
                "checkbox_checkout_test_mode": "yes",
                "checkout_credential_prod": "deprecated",
                "commission_checkbox": "no",
                "coupon_mode": "no",
                "currency_conversion": "no",
                "enabled": "yes",
                "gateway_discount_checkbox": "no",
                "wallet_button": "yes"
            },
            "details": "",
            "module_version": "6.1.0",
            "pix_settings": {
                "enabled": "yes"
            },
            "platform": "bo2hnr2ic4p001kbgpt0",
            "platform_version": "6.8.2",
            "seller_website": "https:\/\/www.sekiama.com.br",
            "site_id": "mlb",
            "sponsor_id": 208686191,
            "test_mode": false,
            "ticket_settings": [],
            "user": {
                "registered_user": "no",
                "user_email": null,
                "user_registration_date": null
            }
        },
        "notification_url": "https:\/\/www.sekiama.com.br\/wc-api\/WC_WooMercadoPago_Custom_Gateway\/?source_news=webhooks",
        "operation_type": "regular_payment",
        "payer": {
            "phone": {
                "area_code": "",
                "number": "(11) 3392-1704"
            },
            "address": {
                "zip_code": "01135-020",
                "street_name": "Rua Cônego vicente Miguel marino  São Paulo SP BR",
                "street_number": null
            },
            "email": "marcelo.racowski@terra.com.br",
            "identification": {
                "number": "",
                "type": ""
            },
            "name": "Marcelo",
            "surname": "Racowski",
            "date_created": null,
            "last_purchase": null
        },
        "payment_methods": {
            "default_card_id": null,
            "default_payment_method_id": null,
            "excluded_payment_methods": [
                {
                    "id": ""
                }
            ],
            "excluded_payment_types": [
                {
                    "id": ""
                }
            ],
            "installments": 12,
            "default_installments": null
        },
        "processing_modes": null,
        "product_id": null,
        "redirect_urls": {
            "failure": "",
            "pending": "",
            "success": ""
        },
        "sandbox_init_point": "https:\/\/sandbox.mercadopago.com.br\/checkout\/v1\/redirect?pref_id=163745094-a8b8b234-3def-4c31-8741-dd81ac5b4874",
        "site_id": "MLB",
        "shipments": {
            "default_shipping_method": null,
            "receiver_address": {
                "zip_code": "01135-020",
                "street_name": "Rua Cônego vicente Miguel marino Apto 92a São Paulo SP BR",
                "street_number": null,
                "floor": "",
                "apartment": "Apto 92a",
                "city_name": "São Paulo",
                "state_name": "SP",
                "country_name": null
            }
        },
        "sponsor_id": 208686191,
        "statement_descriptor": "Sekiama MP",
        "total_amount": null,
        "last_updated": null
    }
}
09-05-2022 @ 21:09:50 - [create_preference_wallet_button]: payment link generated with success from mercado pago, with structure as follow: {
    "status": 201,
    "response": {
        "additional_info": "",
        "auto_return": "approved",
        "back_urls": {
            "failure": "https:\/\/www.sekiama.com.br\/carrinho\/?cancel_order=true&order=wc_order_YHKEtXPXbOU7O&order_id=13906&redirect&_wpnonce=1fb5f140bb",
            "pending": "https:\/\/www.sekiama.com.br\/finalizar-compra\/order-received\/13906\/?key=wc_order_YHKEtXPXbOU7O",
            "success": "https:\/\/www.sekiama.com.br\/finalizar-compra\/order-received\/13906\/?key=wc_order_YHKEtXPXbOU7O"
        },
        "binary_mode": false,
        "client_id": "6290074584163570",
        "collector_id": 163745094,
        "coupon_code": null,
        "coupon_labels": null,
        "date_created": "2022-09-05T20:09:48.995-04:00",
        "date_of_expiration": null,
        "expiration_date_from": null,
        "expiration_date_to": null,
        "expires": false,
        "external_reference": "WC-13906",
        "id": "163745094-a8b8b234-3def-4c31-8741-dd81ac5b4874",
        "init_point": "https:\/\/www.mercadopago.com.br\/checkout\/v1\/redirect?pref_id=163745094-a8b8b234-3def-4c31-8741-dd81ac5b4874",
        "internal_metadata": null,
        "items": [
            {
                "id": "195",
                "category_id": "others",
                "currency_id": "BRL",
                "description": "Por-ser-incrivelmente-saborosa-a-Farofa-com-muita-cebola-crocante-e-a-campea-de-vendas-conquistando-todos-os-paladares.-Nesta-nobre-preparacao-a-farinha-de-mandioca-absorve-o-incrivel-sabor-da-cebola-fresca-resultando-em",
                "picture_url": "https:\/\/www.sekiama.com.br\/wp-content\/uploads\/2021\/11\/cebola-frente-1.png",
                "title": "Farofa com Muita Cebola x 1",
                "quantity": 1,
                "unit_price": 15.480000000000000426325641456060111522674560546875
            },
            {
                "id": "199",
                "category_id": "others",
                "currency_id": "BRL",
                "description": "Ideal-para-voce-que-deseja-inovar-no-sabor-das-suas-deliciosas-sobremesas-finalizando-com-um-toque-extra-crocante.-Voce-ainda-pode-experimentar-em-vitaminas-massas-de-tortas-cobertura-de-bolos-e-onde-mais-preferir.-Surpree",
                "picture_url": "https:\/\/www.sekiama.com.br\/wp-content\/uploads\/2021\/11\/doce-Frente-1.png",
                "title": "Farofa Doce x 1",
                "quantity": 1,
                "unit_price": 17.82000000000000028421709430404007434844970703125
            },
            {
                "id": "",
                "category_id": "others",
                "currency_id": "BRL",
                "description": "Serviço de envio usado pela loja.",
                "title": "Sedex (Entrega em 3 dias úteis)",
                "quantity": 1,
                "unit_price": 14.6400000000000005684341886080801486968994140625
            }
        ],
        "marketplace": "NONE",
        "marketplace_fee": 0,
        "metadata": {
            "basic_settings": {
                "auto_return": "yes",
                "binary_mode": "no",
                "checkbox_checkout_test_mode": "yes",
                "checkout_credential_prod": "deprecated",
                "commission_checkbox": "no",
                "currency_conversion": "no",
                "enabled": "no",
                "ex_payments_amex": "yes",
                "ex_payments_bolbradesco": "yes",
                "ex_payments_debelo": "yes",
                "ex_payments_debvisa": "yes",
                "ex_payments_elo": "yes",
                "ex_payments_hipercard": "yes",
                "ex_payments_master": "yes",
                "ex_payments_pec": "yes",
                "ex_payments_visa": "yes",
                "gateway_discount_checkbox": "no",
                "installments": "1",
                "method": "redirect"
            },
            "billing_address": {
                "city_name": "São Paulo",
                "country_name": "BR",
                "state_name": "SP",
                "street_name": "Rua Cônego vicente Miguel marino",
                "zip_code": "01135-020"
            },
            "checkout": "pro",
            "checkout_type": "wallet_button",
            "collector": "163745094",
            "custom_settings": {
                "binary_mode": "no",
                "checkbox_checkout_test_mode": "yes",
                "checkout_credential_prod": "deprecated",
                "commission_checkbox": "no",
                "coupon_mode": "no",
                "currency_conversion": "no",
                "enabled": "yes",
                "gateway_discount_checkbox": "no",
                "wallet_button": "yes"
            },
            "details": "",
            "module_version": "6.1.0",
            "pix_settings": {
                "enabled": "yes"
            },
            "platform": "bo2hnr2ic4p001kbgpt0",
            "platform_version": "6.8.2",
            "seller_website": "https:\/\/www.sekiama.com.br",
            "site_id": "mlb",
            "sponsor_id": 208686191,
            "test_mode": false,
            "ticket_settings": [],
            "user": {
                "registered_user": "no",
                "user_email": null,
                "user_registration_date": null
            }
        },
        "notification_url": "https:\/\/www.sekiama.com.br\/wc-api\/WC_WooMercadoPago_Custom_Gateway\/?source_news=webhooks",
        "operation_type": "regular_payment",
        "payer": {
            "phone": {
                "area_code": "",
                "number": "(11) 3392-1704"
            },
            "address": {
                "zip_code": "01135-020",
                "street_name": "Rua Cônego vicente Miguel marino  São Paulo SP BR",
                "street_number": null
            },
            "email": "marcelo.racowski@terra.com.br",
            "identification": {
                "number": "",
                "type": ""
            },
            "name": "Marcelo",
            "surname": "Racowski",
            "date_created": null,
            "last_purchase": null
        },
        "payment_methods": {
            "default_card_id": null,
            "default_payment_method_id": null,
            "excluded_payment_methods": [
                {
                    "id": ""
                }
            ],
            "excluded_payment_types": [
                {
                    "id": ""
                }
            ],
            "installments": 12,
            "default_installments": null
        },
        "processing_modes": null,
        "product_id": null,
        "redirect_urls": {
            "failure": "",
            "pending": "",
            "success": ""
        },
        "sandbox_init_point": "https:\/\/sandbox.mercadopago.com.br\/checkout\/v1\/redirect?pref_id=163745094-a8b8b234-3def-4c31-8741-dd81ac5b4874",
        "site_id": "MLB",
        "shipments": {
            "default_shipping_method": null,
            "receiver_address": {
                "zip_code": "01135-020",
                "street_name": "Rua Cônego vicente Miguel marino Apto 92a São Paulo SP BR",
                "street_number": null,
                "floor": "",
                "apartment": "Apto 92a",
                "city_name": "São Paulo",
                "state_name": "SP",
                "country_name": null
            }
        },
        "sponsor_id": 208686191,
        "statement_descriptor": "Sekiama MP",
        "total_amount": null,
        "last_updated": null
    }
}
09-05-2022 @ 21:11:54 - [check_ipn_response]: received _get content: {
    "data_id": "25512535609",
    "source_news": "webhooks",
    "type": "payment"
}
09-05-2022 @ 21:11:55 - [successful_request]: starting to process  update...
09-05-2022 @ 21:11:55 - [successful_request]: updating metadata and status with data: {
    "acquirer_reconciliation": [],
    "additional_info": {
        "authentication_code": null,
        "available_balance": null,
        "ip_address": "179.153.19.164",
        "items": [
            {
                "category_id": "others",
                "description": "Por-ser-incrivelmente-saborosa-a-Farofa-com-muita-cebola-crocante-e-a-campea-de-vendas-conquistando-todos-os-paladares.-Nesta-nobre-preparacao-a-farinha-de-mandioca-absorve-o-incrivel-sabor-da-cebola-fresca-resultando-em",
                "id": "195",
                "picture_url": "https:\/\/www.sekiama.com.br\/wp-content\/uploads\/2021\/11\/cebola-frente-1.png",
                "quantity": "1",
                "title": "Farofa com Muita Cebola x 1",
                "unit_price": "15.479999542236328"
            },
            {
                "category_id": "others",
                "description": "Ideal-para-voce-que-deseja-inovar-no-sabor-das-suas-deliciosas-sobremesas-finalizando-com-um-toque-extra-crocante.-Voce-ainda-pode-experimentar-em-vitaminas-massas-de-tortas-cobertura-de-bolos-e-onde-mais-preferir.-Surpree",
                "id": "199",
                "picture_url": "https:\/\/www.sekiama.com.br\/wp-content\/uploads\/2021\/11\/doce-Frente-1.png",
                "quantity": "1",
                "title": "Farofa Doce x 1",
                "unit_price": "17.81999969482422"
            },
            {
                "category_id": "others",
                "description": "Serviço de envio usado pela loja.",
                "id": null,
                "picture_url": null,
                "quantity": "1",
                "title": "Sedex (Entrega em 3 dias úteis)",
                "unit_price": "14.640000343322754"
            }
        ],
        "nsu_processadora": null,
        "payer": {
            "address": {
                "street_name": "Rua Cônego vicente Miguel marino  São Paulo SP BR",
                "zip_code": "01135-020"
            },
            "first_name": "Marcelo",
            "last_name": "Racowski",
            "phone": {
                "number": "(11) 3392-1704"
            }
        },
        "shipments": {
            "receiver_address": {
                "city_name": "São Paulo",
                "state_name": "SP",
                "street_name": "Rua Cônego vicente Miguel marino Apto 92a São Paulo SP BR",
                "zip_code": "01135-020"
            }
        }
    },
    "authorization_code": null,
    "binary_mode": true,
    "brand_id": null,
    "build_version": "2.109.0",
    "call_for_authorize_id": null,
    "captured": true,
    "card": [],
    "charges_details": [],
    "collector_id": 163745094,
    "corporation_id": null,
    "counter_currency": null,
    "coupon_amount": 0,
    "currency_id": "BRL",
    "date_approved": "2022-09-05T20:11:50.000-04:00",
    "date_created": "2022-09-05T20:11:49.000-04:00",
    "date_last_updated": "2022-09-05T20:11:50.000-04:00",
    "date_of_expiration": null,
    "deduction_schema": null,
    "description": "Farofa com Muita Cebola x 1",
    "differential_pricing_id": null,
    "external_reference": "WC-13906",
    "fee_details": [
        {
            "amount": 2.390000000000000124344978758017532527446746826171875,
            "fee_payer": "collector",
            "type": "mercadopago_fee"
        }
    ],
    "id": 25512535609,
    "installments": 1,
    "integrator_id": null,
    "issuer_id": null,
    "live_mode": true,
    "marketplace_owner": null,
    "merchant_account_id": null,
    "merchant_number": null,
    "metadata": {
        "basic_settings": {
            "ex_payments_debelo": "yes",
            "checkout_credential_prod": "deprecated",
            "checkbox_checkout_test_mode": "yes",
            "method": "redirect",
            "ex_payments_amex": "yes",
            "gateway_discount_checkbox": "no",
            "enabled": "no",
            "ex_payments_master": "yes",
            "ex_payments_pec": "yes",
            "ex_payments_visa": "yes",
            "ex_payments_bolbradesco": "yes",
            "commission_checkbox": "no",
            "binary_mode": "no",
            "currency_conversion": "no",
            "installments": "1",
            "ex_payments_debvisa": "yes",
            "ex_payments_elo": "yes",
            "auto_return": "yes",
            "ex_payments_hipercard": "yes"
        },
        "checkout_type": "wallet_button",
        "seller_website": "https:\/\/www.sekiama.com.br",
        "billing_address": {
            "city_name": "São Paulo",
            "state_name": "SP",
            "country_name": "BR",
            "street_name": "Rua Cônego vicente Miguel marino",
            "zip_code": "01135-020"
        },
        "module_version": "6.1.0",
        "sponsor_id": 208686191,
        "collector": "163745094",
        "platform": "bo2hnr2ic4p001kbgpt0",
        "ticket_settings": [],
        "platform_version": "6.8.2",
        "test_mode": false,
        "site_id": "mlb",
        "custom_settings": {
            "checkout_credential_prod": "deprecated",
            "wallet_button": "yes",
            "commission_checkbox": "no",
            "checkbox_checkout_test_mode": "yes",
            "binary_mode": "no",
            "currency_conversion": "no",
            "coupon_mode": "no",
            "gateway_discount_checkbox": "no",
            "enabled": "yes"
        },
        "pix_settings": {
            "enabled": "yes"
        },
        "details": "",
        "checkout": "pro",
        "user": {
            "user_email": null,
            "registered_user": "no",
            "user_registration_date": null
        }
    },
    "money_release_date": "2022-09-05T20:11:50.000-04:00",
    "money_release_schema": null,
    "money_release_status": null,
    "notification_url": "https:\/\/www.sekiama.com.br\/wc-api\/WC_WooMercadoPago_Custom_Gateway\/?source_news=webhooks",
    "operation_type": "regular_payment",
    "order": {
        "id": "5725803830",
        "type": "mercadopago"
    },
    "payer": {
        "email": "marcelo.racowski@terra.com.br",
        "entity_type": null,
        "first_name": null,
        "id": "660171",
        "identification": {
            "number": "15306449840",
            "type": "CPF"
        },
        "last_name": null,
        "operator_id": null,
        "phone": {
            "area_code": null,
            "extension": null,
            "number": null
        },
        "type": null
    },
    "payment_method_id": "account_money",
    "payment_type_id": "account_money",
    "platform_id": "bo2hnr2ic4p001kbgpt0",
    "point_of_interaction": {
        "business_info": {
            "sub_unit": "checkout_pro",
            "unit": "online_payments"
        },
        "type": "UNSPECIFIED"
    },
    "pos_id": null,
    "processing_mode": "aggregator",
    "refunds": [],
    "shipping_amount": 0,
    "sponsor_id": 208686191,
    "statement_descriptor": null,
    "status": "approved",
    "status_detail": "accredited",
    "store_id": null,
    "taxes_amount": 0,
    "transaction_amount": 47.93999999999999772626324556767940521240234375,
    "transaction_amount_refunded": 0,
    "transaction_details": {
        "acquirer_reference": null,
        "external_resource_url": null,
        "financial_institution": null,
        "installment_amount": 0,
        "net_received_amount": 45.5499999999999971578290569595992565155029296875,
        "overpaid_amount": 0,
        "payable_deferral_period": null,
        "payment_method_reference_id": null,
        "total_paid_amount": 47.93999999999999772626324556767940521240234375
    }
}
09-05-2022 @ 21:11:55 - [successful_request]: Changing order status to: processing
09-05-2022 @ 21:45:10 - [process_payment]: POST Custom: {
    "amount": "60.96",
    "currency_ratio": "1",
    "paymentMethodId": "",
    "checkout_type": "wallet_button",
    "installments": ""
}
09-05-2022 @ 21:45:10 - [process_payment]: preparing to render wallet button checkout.
09-05-2022 @ 21:45:10 - [Created preference: ]: Preference: {
    "binary_mode": false,
    "external_reference": "WC-13907",
    "notification_url": "https:\/\/www.sekiama.com.br\/wc-api\/WC_WooMercadoPago_Custom_Gateway\/?source_news=webhooks",
    "statement_descriptor": "Sekiama MP",
    "sponsor_id": 208686191,
    "items": [
        {
            "id": 195,
            "title": "Farofa com Muita Cebola x 1",
            "description": "Por-ser-incrivelmente-saborosa-a-Farofa-com-muita-cebola-crocante-e-a-campea-de-vendas-conquistando-todos-os-paladares.-Nesta-nobre-preparacao-a-farinha-de-mandioca-absorve-o-incrivel-sabor-da-cebola-fresca-resultando-em",
            "picture_url": "https:\/\/www.sekiama.com.br\/wp-content\/uploads\/2021\/11\/cebola-frente-1.png",
            "category_id": "others",
            "quantity": 1,
            "unit_price": 15.480000000000000426325641456060111522674560546875,
            "currency_id": "BRL"
        },
        {
            "id": 200,
            "title": "Faropop x 1",
            "description": "Temperada-do-jeito-que-amamos-comer-farofa.-A-Faropop-Temperada-e-uma-das-farofas-tradicionais-que-combina-com-qualquer-refeicao.-span-stylecolor-a81414strongIngredientes-strongspanFarinha-de-Mandioca-Gor",
            "picture_url": "https:\/\/www.sekiama.com.br\/wp-content\/uploads\/2021\/11\/tradicional-frente.png",
            "category_id": "others",
            "quantity": 1,
            "unit_price": 12.7799999999999993605115378159098327159881591796875,
            "currency_id": "BRL"
        },
        {
            "id": 194,
            "title": "Farofa com Muitas Sementes x 1",
            "description": "A-Farofa-com-muitas-sementes-e-incrivel-e-vai-te-saciar-de-forma-natural-e-saudavel.-As-sementes-permitem-melhorar-o-seu-consumo-de-fibras-e-micronutrientes.-Voce-vai-amar-o-resultado-crocante-saboroso-e-saudavel-desta-Faro",
            "picture_url": "https:\/\/www.sekiama.com.br\/wp-content\/uploads\/2021\/11\/sementes-Frente-1.png",
            "category_id": "others",
            "quantity": 1,
            "unit_price": 16.379999999999999005240169935859739780426025390625,
            "currency_id": "BRL"
        },
        {
            "title": "Sedex (Entrega em 3 dias úteis)",
            "description": "Serviço de envio usado pela loja.",
            "category_id": "others",
            "quantity": 1,
            "unit_price": 16.32000000000000028421709430404007434844970703125
        }
    ],
    "payer": {
        "name": "Núbia",
        "surname": "Baruki",
        "email": "nubiamabar@gmail.com",
        "phone": {
            "number": "(67) 99261-6585"
        },
        "address": {
            "zip_code": "04209-900",
            "street_name": "Rua do Manifesto \/ São Paulo SP BR"
        }
    },
    "back_urls": {
        "success": "https:\/\/www.sekiama.com.br\/finalizar-compra\/order-received\/13907\/?key=wc_order_jLsXmbXbO5JFb",
        "failure": "https:\/\/www.sekiama.com.br\/carrinho\/?cancel_order=true&order=wc_order_jLsXmbXbO5JFb&order_id=13907&redirect&_wpnonce=ebb3ebcf0e",
        "pending": "https:\/\/www.sekiama.com.br\/finalizar-compra\/order-received\/13907\/?key=wc_order_jLsXmbXbO5JFb"
    },
    "shipments": {
        "receiver_address": {
            "zip_code": "04209-900",
            "street_name": "Rua do Manifesto Apartamento 252 A São Paulo SP BR",
            "apartment": "Apartamento 252 A",
            "city_name": "São Paulo",
            "state_name": "SP"
        }
    },
    "payment_methods": {
        "installments": 12,
        "excluded_payment_methods": []
    },
    "auto_return": "approved",
    "metadata": {
        "platform": "bo2hnr2ic4p001kbgpt0",
        "platform_version": "6.8.2",
        "module_version": "6.1.0",
        "site_id": "mlb",
        "sponsor_id": 208686191,
        "collector": "163745094",
        "test_mode": false,
        "details": "",
        "basic_settings": {
            "enabled": "no",
            "currency_conversion": "no",
            "installments": "1",
            "method": "redirect",
            "auto_return": "yes",
            "binary_mode": "no",
            "ex_payments_master": "yes",
            "ex_payments_hipercard": "yes",
            "ex_payments_amex": "yes",
            "ex_payments_elo": "yes",
            "ex_payments_visa": "yes",
            "ex_payments_debvisa": "yes",
            "ex_payments_debelo": "yes",
            "ex_payments_pec": "yes",
            "ex_payments_bolbradesco": "yes",
            "gateway_discount_checkbox": "no",
            "commission_checkbox": "no",
            "checkbox_checkout_test_mode": "yes",
            "checkout_credential_prod": "deprecated"
        },
        "custom_settings": {
            "enabled": "yes",
            "currency_conversion": "no",
            "wallet_button": "yes",
            "coupon_mode": "no",
            "binary_mode": "no",
            "gateway_discount_checkbox": "no",
            "commission_checkbox": "no",
            "checkbox_checkout_test_mode": "yes",
            "checkout_credential_prod": "deprecated"
        },
        "ticket_settings": [],
        "pix_settings": {
            "enabled": "yes"
        },
        "seller_website": "https:\/\/www.sekiama.com.br",
        "billing_address": {
            "zip_code": "04209-900",
            "street_name": "Rua do Manifesto",
            "city_name": "São Paulo",
            "state_name": "SP",
            "country_name": "BR"
        },
        "user": {
            "registered_user": "no",
            "user_email": null,
            "user_registration_date": null
        },
        "checkout": "pro",
        "checkout_type": "wallet_button"
    },
    "purpose": "wallet_purchase"
}
09-05-2022 @ 21:45:11 - [create_preference_wallet_button]: Created Preference: {
    "status": 201,
    "response": {
        "additional_info": "",
        "auto_return": "approved",
        "back_urls": {
            "failure": "https:\/\/www.sekiama.com.br\/carrinho\/?cancel_order=true&order=wc_order_jLsXmbXbO5JFb&order_id=13907&redirect&_wpnonce=ebb3ebcf0e",
            "pending": "https:\/\/www.sekiama.com.br\/finalizar-compra\/order-received\/13907\/?key=wc_order_jLsXmbXbO5JFb",
            "success": "https:\/\/www.sekiama.com.br\/finalizar-compra\/order-received\/13907\/?key=wc_order_jLsXmbXbO5JFb"
        },
        "binary_mode": false,
        "client_id": "6290074584163570",
        "collector_id": 163745094,
        "coupon_code": null,
        "coupon_labels": null,
        "date_created": "2022-09-05T20:45:09.667-04:00",
        "date_of_expiration": null,
        "expiration_date_from": null,
        "expiration_date_to": null,
        "expires": false,
        "external_reference": "WC-13907",
        "id": "163745094-b66a1693-3443-451a-9cdb-f282cd74e644",
        "init_point": "https:\/\/www.mercadopago.com.br\/checkout\/v1\/redirect?pref_id=163745094-b66a1693-3443-451a-9cdb-f282cd74e644",
        "internal_metadata": null,
        "items": [
            {
                "id": "195",
                "category_id": "others",
                "currency_id": "BRL",
                "description": "Por-ser-incrivelmente-saborosa-a-Farofa-com-muita-cebola-crocante-e-a-campea-de-vendas-conquistando-todos-os-paladares.-Nesta-nobre-preparacao-a-farinha-de-mandioca-absorve-o-incrivel-sabor-da-cebola-fresca-resultando-em",
                "picture_url": "https:\/\/www.sekiama.com.br\/wp-content\/uploads\/2021\/11\/cebola-frente-1.png",
                "title": "Farofa com Muita Cebola x 1",
                "quantity": 1,
                "unit_price": 15.480000000000000426325641456060111522674560546875
            },
            {
                "id": "200",
                "category_id": "others",
                "currency_id": "BRL",
                "description": "Temperada-do-jeito-que-amamos-comer-farofa.-A-Faropop-Temperada-e-uma-das-farofas-tradicionais-que-combina-com-qualquer-refeicao.-span-stylecolor-a81414strongIngredientes-strongspanFarinha-de-Mandioca-Gor",
                "picture_url": "https:\/\/www.sekiama.com.br\/wp-content\/uploads\/2021\/11\/tradicional-frente.png",
                "title": "Faropop x 1",
                "quantity": 1,
                "unit_price": 12.7799999999999993605115378159098327159881591796875
            },
            {
                "id": "194",
                "category_id": "others",
                "currency_id": "BRL",
                "description": "A-Farofa-com-muitas-sementes-e-incrivel-e-vai-te-saciar-de-forma-natural-e-saudavel.-As-sementes-permitem-melhorar-o-seu-consumo-de-fibras-e-micronutrientes.-Voce-vai-amar-o-resultado-crocante-saboroso-e-saudavel-desta-Faro",
                "picture_url": "https:\/\/www.sekiama.com.br\/wp-content\/uploads\/2021\/11\/sementes-Frente-1.png",
                "title": "Farofa com Muitas Sementes x 1",
                "quantity": 1,
                "unit_price": 16.379999999999999005240169935859739780426025390625
            },
            {
                "id": "",
                "category_id": "others",
                "currency_id": "BRL",
                "description": "Serviço de envio usado pela loja.",
                "title": "Sedex (Entrega em 3 dias úteis)",
                "quantity": 1,
                "unit_price": 16.32000000000000028421709430404007434844970703125
            }
        ],
        "marketplace": "NONE",
        "marketplace_fee": 0,
        "metadata": {
            "basic_settings": {
                "auto_return": "yes",
                "binary_mode": "no",
                "checkbox_checkout_test_mode": "yes",
                "checkout_credential_prod": "deprecated",
                "commission_checkbox": "no",
                "currency_conversion": "no",
                "enabled": "no",
                "ex_payments_amex": "yes",
                "ex_payments_bolbradesco": "yes",
                "ex_payments_debelo": "yes",
                "ex_payments_debvisa": "yes",
                "ex_payments_elo": "yes",
                "ex_payments_hipercard": "yes",
                "ex_payments_master": "yes",
                "ex_payments_pec": "yes",
                "ex_payments_visa": "yes",
                "gateway_discount_checkbox": "no",
                "installments": "1",
                "method": "redirect"
            },
            "billing_address": {
                "city_name": "São Paulo",
                "country_name": "BR",
                "state_name": "SP",
                "street_name": "Rua do Manifesto",
                "zip_code": "04209-900"
            },
            "checkout": "pro",
            "checkout_type": "wallet_button",
            "collector": "163745094",
            "custom_settings": {
                "binary_mode": "no",
                "checkbox_checkout_test_mode": "yes",
                "checkout_credential_prod": "deprecated",
                "commission_checkbox": "no",
                "coupon_mode": "no",
                "currency_conversion": "no",
                "enabled": "yes",
                "gateway_discount_checkbox": "no",
                "wallet_button": "yes"
            },
            "details": "",
            "module_version": "6.1.0",
            "pix_settings": {
                "enabled": "yes"
            },
            "platform": "bo2hnr2ic4p001kbgpt0",
            "platform_version": "6.8.2",
            "seller_website": "https:\/\/www.sekiama.com.br",
            "site_id": "mlb",
            "sponsor_id": 208686191,
            "test_mode": false,
            "ticket_settings": [],
            "user": {
                "registered_user": "no",
                "user_email": null,
                "user_registration_date": null
            }
        },
        "notification_url": "https:\/\/www.sekiama.com.br\/wc-api\/WC_WooMercadoPago_Custom_Gateway\/?source_news=webhooks",
        "operation_type": "regular_payment",
        "payer": {
            "phone": {
                "area_code": "",
                "number": "(67) 99261-6585"
            },
            "address": {
                "zip_code": "04209-900",
                "street_name": "Rua do Manifesto  São Paulo SP BR",
                "street_number": null
            },
            "email": "nubiamabar@gmail.com",
            "identification": {
                "number": "",
                "type": ""
            },
            "name": "Núbia",
            "surname": "Baruki",
            "date_created": null,
            "last_purchase": null
        },
        "payment_methods": {
            "default_card_id": null,
            "default_payment_method_id": null,
            "excluded_payment_methods": [
                {
                    "id": ""
                }
            ],
            "excluded_payment_types": [
                {
                    "id": ""
                }
            ],
            "installments": 12,
            "default_installments": null
        },
        "processing_modes": null,
        "product_id": null,
        "redirect_urls": {
            "failure": "",
            "pending": "",
            "success": ""
        },
        "sandbox_init_point": "https:\/\/sandbox.mercadopago.com.br\/checkout\/v1\/redirect?pref_id=163745094-b66a1693-3443-451a-9cdb-f282cd74e644",
        "site_id": "MLB",
        "shipments": {
            "default_shipping_method": null,
            "receiver_address": {
                "zip_code": "04209-900",
                "street_name": "Rua do Manifesto Apartamento 252 A São Paulo SP BR",
                "street_number": null,
                "floor": "",
                "apartment": "Apartamento 252 A",
                "city_name": "São Paulo",
                "state_name": "SP",
                "country_name": null
            }
        },
        "sponsor_id": 208686191,
        "statement_descriptor": "Sekiama MP",
        "total_amount": null,
        "last_updated": null
    }
}
09-05-2022 @ 21:45:11 - [create_preference_wallet_button]: payment link generated with success from mercado pago, with structure as follow: {
    "status": 201,
    "response": {
        "additional_info": "",
        "auto_return": "approved",
        "back_urls": {
            "failure": "https:\/\/www.sekiama.com.br\/carrinho\/?cancel_order=true&order=wc_order_jLsXmbXbO5JFb&order_id=13907&redirect&_wpnonce=ebb3ebcf0e",
            "pending": "https:\/\/www.sekiama.com.br\/finalizar-compra\/order-received\/13907\/?key=wc_order_jLsXmbXbO5JFb",
            "success": "https:\/\/www.sekiama.com.br\/finalizar-compra\/order-received\/13907\/?key=wc_order_jLsXmbXbO5JFb"
        },
        "binary_mode": false,
        "client_id": "6290074584163570",
        "collector_id": 163745094,
        "coupon_code": null,
        "coupon_labels": null,
        "date_created": "2022-09-05T20:45:09.667-04:00",
        "date_of_expiration": null,
        "expiration_date_from": null,
        "expiration_date_to": null,
        "expires": false,
        "external_reference": "WC-13907",
        "id": "163745094-b66a1693-3443-451a-9cdb-f282cd74e644",
        "init_point": "https:\/\/www.mercadopago.com.br\/checkout\/v1\/redirect?pref_id=163745094-b66a1693-3443-451a-9cdb-f282cd74e644",
        "internal_metadata": null,
        "items": [
            {
                "id": "195",
                "category_id": "others",
                "currency_id": "BRL",
                "description": "Por-ser-incrivelmente-saborosa-a-Farofa-com-muita-cebola-crocante-e-a-campea-de-vendas-conquistando-todos-os-paladares.-Nesta-nobre-preparacao-a-farinha-de-mandioca-absorve-o-incrivel-sabor-da-cebola-fresca-resultando-em",
                "picture_url": "https:\/\/www.sekiama.com.br\/wp-content\/uploads\/2021\/11\/cebola-frente-1.png",
                "title": "Farofa com Muita Cebola x 1",
                "quantity": 1,
                "unit_price": 15.480000000000000426325641456060111522674560546875
            },
            {
                "id": "200",
                "category_id": "others",
                "currency_id": "BRL",
                "description": "Temperada-do-jeito-que-amamos-comer-farofa.-A-Faropop-Temperada-e-uma-das-farofas-tradicionais-que-combina-com-qualquer-refeicao.-span-stylecolor-a81414strongIngredientes-strongspanFarinha-de-Mandioca-Gor",
                "picture_url": "https:\/\/www.sekiama.com.br\/wp-content\/uploads\/2021\/11\/tradicional-frente.png",
                "title": "Faropop x 1",
                "quantity": 1,
                "unit_price": 12.7799999999999993605115378159098327159881591796875
            },
            {
                "id": "194",
                "category_id": "others",
                "currency_id": "BRL",
                "description": "A-Farofa-com-muitas-sementes-e-incrivel-e-vai-te-saciar-de-forma-natural-e-saudavel.-As-sementes-permitem-melhorar-o-seu-consumo-de-fibras-e-micronutrientes.-Voce-vai-amar-o-resultado-crocante-saboroso-e-saudavel-desta-Faro",
                "picture_url": "https:\/\/www.sekiama.com.br\/wp-content\/uploads\/2021\/11\/sementes-Frente-1.png",
                "title": "Farofa com Muitas Sementes x 1",
                "quantity": 1,
                "unit_price": 16.379999999999999005240169935859739780426025390625
            },
            {
                "id": "",
                "category_id": "others",
                "currency_id": "BRL",
                "description": "Serviço de envio usado pela loja.",
                "title": "Sedex (Entrega em 3 dias úteis)",
                "quantity": 1,
                "unit_price": 16.32000000000000028421709430404007434844970703125
            }
        ],
        "marketplace": "NONE",
        "marketplace_fee": 0,
        "metadata": {
            "basic_settings": {
                "auto_return": "yes",
                "binary_mode": "no",
                "checkbox_checkout_test_mode": "yes",
                "checkout_credential_prod": "deprecated",
                "commission_checkbox": "no",
                "currency_conversion": "no",
                "enabled": "no",
                "ex_payments_amex": "yes",
                "ex_payments_bolbradesco": "yes",
                "ex_payments_debelo": "yes",
                "ex_payments_debvisa": "yes",
                "ex_payments_elo": "yes",
                "ex_payments_hipercard": "yes",
                "ex_payments_master": "yes",
                "ex_payments_pec": "yes",
                "ex_payments_visa": "yes",
                "gateway_discount_checkbox": "no",
                "installments": "1",
                "method": "redirect"
            },
            "billing_address": {
                "city_name": "São Paulo",
                "country_name": "BR",
                "state_name": "SP",
                "street_name": "Rua do Manifesto",
                "zip_code": "04209-900"
            },
            "checkout": "pro",
            "checkout_type": "wallet_button",
            "collector": "163745094",
            "custom_settings": {
                "binary_mode": "no",
                "checkbox_checkout_test_mode": "yes",
                "checkout_credential_prod": "deprecated",
                "commission_checkbox": "no",
                "coupon_mode": "no",
                "currency_conversion": "no",
                "enabled": "yes",
                "gateway_discount_checkbox": "no",
                "wallet_button": "yes"
            },
            "details": "",
            "module_version": "6.1.0",
            "pix_settings": {
                "enabled": "yes"
            },
            "platform": "bo2hnr2ic4p001kbgpt0",
            "platform_version": "6.8.2",
            "seller_website": "https:\/\/www.sekiama.com.br",
            "site_id": "mlb",
            "sponsor_id": 208686191,
            "test_mode": false,
            "ticket_settings": [],
            "user": {
                "registered_user": "no",
                "user_email": null,
                "user_registration_date": null
            }
        },
        "notification_url": "https:\/\/www.sekiama.com.br\/wc-api\/WC_WooMercadoPago_Custom_Gateway\/?source_news=webhooks",
        "operation_type": "regular_payment",
        "payer": {
            "phone": {
                "area_code": "",
                "number": "(67) 99261-6585"
            },
            "address": {
                "zip_code": "04209-900",
                "street_name": "Rua do Manifesto  São Paulo SP BR",
                "street_number": null
            },
            "email": "nubiamabar@gmail.com",
            "identification": {
                "number": "",
                "type": ""
            },
            "name": "Núbia",
            "surname": "Baruki",
            "date_created": null,
            "last_purchase": null
        },
        "payment_methods": {
            "default_card_id": null,
            "default_payment_method_id": null,
            "excluded_payment_methods": [
                {
                    "id": ""
                }
            ],
            "excluded_payment_types": [
                {
                    "id": ""
                }
            ],
            "installments": 12,
            "default_installments": null
        },
        "processing_modes": null,
        "product_id": null,
        "redirect_urls": {
            "failure": "",
            "pending": "",
            "success": ""
        },
        "sandbox_init_point": "https:\/\/sandbox.mercadopago.com.br\/checkout\/v1\/redirect?pref_id=163745094-b66a1693-3443-451a-9cdb-f282cd74e644",
        "site_id": "MLB",
        "shipments": {
            "default_shipping_method": null,
            "receiver_address": {
                "zip_code": "04209-900",
                "street_name": "Rua do Manifesto Apartamento 252 A São Paulo SP BR",
                "street_number": null,
                "floor": "",
                "apartment": "Apartamento 252 A",
                "city_name": "São Paulo",
                "state_name": "SP",
                "country_name": null
            }
        },
        "sponsor_id": 208686191,
        "statement_descriptor": "Sekiama MP",
        "total_amount": null,
        "last_updated": null
    }
}
