08-11-2022 @ 00:17:57 - [process_payment]: POST Custom: {
    "amount": "112.2",
    "currency_ratio": "1",
    "paymentMethodId": "",
    "checkout_type": "wallet_button",
    "installments": ""
}
08-11-2022 @ 00:17:57 - [process_payment]: preparing to render wallet button checkout.
08-11-2022 @ 00:17:57 - [Created preference: ]: Preference: {
    "binary_mode": false,
    "external_reference": "WC-13869",
    "notification_url": "https:\/\/www.sekiama.com.br\/wc-api\/WC_WooMercadoPago_Custom_Gateway\/?source_news=webhooks",
    "statement_descriptor": "Sekiama MP",
    "sponsor_id": 208686191,
    "items": [
        {
            "id": 209,
            "title": "Kit Sekiama x 1",
            "description": "Nao-sabe-qual-farofa-escolher-Quer-presentear-alguem-que-ama-farofa-Este-e-o-Kit-ideal.-Neste-kit-contem-as-farofas-strongDoce-Com-Muita-Cebola-Com-Muitas-Sementes-Faropop-Churrasco-com-Manteiga-e-Com-Muitas-Semen",
            "picture_url": "https:\/\/www.sekiama.com.br\/wp-content\/uploads\/2021\/11\/kit-sekiama-1.png",
            "category_id": "others",
            "quantity": 1,
            "unit_price": 95,
            "currency_id": "BRL"
        },
        {
            "id": 195,
            "title": "Farofa com Muita Cebola x 1",
            "description": "Por-ser-incrivelmente-saborosa-a-Farofa-com-muita-cebola-crocante-e-a-campea-de-vendas-conquistando-todos-os-paladares.-Nesta-nobre-preparacao-a-farinha-de-mandioca-absorve-o-incrivel-sabor-da-cebola-fresca-resultando-em",
            "picture_url": "https:\/\/www.sekiama.com.br\/wp-content\/uploads\/2021\/11\/cebola-frente-1.png",
            "category_id": "others",
            "quantity": 1,
            "unit_price": 17.199999999999999289457264239899814128875732421875,
            "currency_id": "BRL"
        }
    ],
    "payer": {
        "name": "Daniele",
        "surname": "Albergaria",
        "email": "dany_albergaria@hotmail.com",
        "phone": {
            "number": "(13) 99600-6644"
        },
        "address": {
            "zip_code": "11740-000",
            "street_name": "Rua Leopoldino Araújo \/ Itanhaém SP BR"
        }
    },
    "back_urls": {
        "success": "https:\/\/www.sekiama.com.br\/finalizar-compra\/order-received\/13869\/?key=wc_order_nZzGmJqhi37Tw",
        "failure": "https:\/\/www.sekiama.com.br\/carrinho\/?cancel_order=true&order=wc_order_nZzGmJqhi37Tw&order_id=13869&redirect&_wpnonce=c1ef3f7607",
        "pending": "https:\/\/www.sekiama.com.br\/finalizar-compra\/order-received\/13869\/?key=wc_order_nZzGmJqhi37Tw"
    },
    "shipments": {
        "receiver_address": {
            "zip_code": "11740-000",
            "street_name": "Rua Leopoldino Araújo Apto 11 Itanhaém SP BR",
            "apartment": "Apto 11",
            "city_name": "Itanhaém",
            "state_name": "SP"
        }
    },
    "payment_methods": {
        "installments": 12,
        "excluded_payment_methods": []
    },
    "auto_return": "approved",
    "metadata": {
        "platform": "bo2hnr2ic4p001kbgpt0",
        "platform_version": "6.8.0",
        "module_version": "6.0.2",
        "site_id": "mlb",
        "sponsor_id": 208686191,
        "collector": "163745094",
        "test_mode": false,
        "details": "",
        "basic_settings": {
            "enabled": "no",
            "currency_conversion": "no",
            "installments": "1",
            "method": "redirect",
            "auto_return": "yes",
            "binary_mode": "no",
            "ex_payments_master": "yes",
            "ex_payments_hipercard": "yes",
            "ex_payments_amex": "yes",
            "ex_payments_elo": "yes",
            "ex_payments_visa": "yes",
            "ex_payments_debvisa": "yes",
            "ex_payments_debelo": "yes",
            "ex_payments_pec": "yes",
            "ex_payments_bolbradesco": "yes",
            "gateway_discount_checkbox": "no",
            "commission_checkbox": "no",
            "checkbox_checkout_test_mode": "yes",
            "checkout_credential_prod": "deprecated"
        },
        "custom_settings": {
            "enabled": "yes",
            "currency_conversion": "no",
            "wallet_button": "yes",
            "coupon_mode": "no",
            "binary_mode": "no",
            "gateway_discount_checkbox": "no",
            "commission_checkbox": "no",
            "checkbox_checkout_test_mode": "yes",
            "checkout_credential_prod": "deprecated"
        },
        "ticket_settings": [],
        "pix_settings": {
            "enabled": "yes"
        },
        "seller_website": "https:\/\/www.sekiama.com.br",
        "billing_address": {
            "zip_code": "11740-000",
            "street_name": "Rua Leopoldino Araújo",
            "city_name": "Itanhaém",
            "state_name": "SP",
            "country_name": "BR"
        },
        "user": {
            "registered_user": "no",
            "user_email": null,
            "user_registration_date": null
        },
        "checkout": "pro",
        "checkout_type": "wallet_button"
    },
    "purpose": "wallet_purchase"
}
08-11-2022 @ 00:17:58 - [create_preference_wallet_button]: Created Preference: {
    "status": 201,
    "response": {
        "additional_info": "",
        "auto_return": "approved",
        "back_urls": {
            "failure": "https:\/\/www.sekiama.com.br\/carrinho\/?cancel_order=true&order=wc_order_nZzGmJqhi37Tw&order_id=13869&redirect&_wpnonce=c1ef3f7607",
            "pending": "https:\/\/www.sekiama.com.br\/finalizar-compra\/order-received\/13869\/?key=wc_order_nZzGmJqhi37Tw",
            "success": "https:\/\/www.sekiama.com.br\/finalizar-compra\/order-received\/13869\/?key=wc_order_nZzGmJqhi37Tw"
        },
        "binary_mode": false,
        "client_id": "6290074584163570",
        "collector_id": 163745094,
        "coupon_code": null,
        "coupon_labels": null,
        "date_created": "2022-08-10T23:17:56.903-04:00",
        "date_of_expiration": null,
        "expiration_date_from": null,
        "expiration_date_to": null,
        "expires": false,
        "external_reference": "WC-13869",
        "id": "163745094-dcd54ec0-22ea-4c33-b2ae-10f0af2f55c9",
        "init_point": "https:\/\/www.mercadopago.com.br\/checkout\/v1\/redirect?pref_id=163745094-dcd54ec0-22ea-4c33-b2ae-10f0af2f55c9",
        "internal_metadata": null,
        "items": [
            {
                "id": "209",
                "category_id": "others",
                "currency_id": "BRL",
                "description": "Nao-sabe-qual-farofa-escolher-Quer-presentear-alguem-que-ama-farofa-Este-e-o-Kit-ideal.-Neste-kit-contem-as-farofas-strongDoce-Com-Muita-Cebola-Com-Muitas-Sementes-Faropop-Churrasco-com-Manteiga-e-Com-Muitas-Semen",
                "picture_url": "https:\/\/www.sekiama.com.br\/wp-content\/uploads\/2021\/11\/kit-sekiama-1.png",
                "title": "Kit Sekiama x 1",
                "quantity": 1,
                "unit_price": 95
            },
            {
                "id": "195",
                "category_id": "others",
                "currency_id": "BRL",
                "description": "Por-ser-incrivelmente-saborosa-a-Farofa-com-muita-cebola-crocante-e-a-campea-de-vendas-conquistando-todos-os-paladares.-Nesta-nobre-preparacao-a-farinha-de-mandioca-absorve-o-incrivel-sabor-da-cebola-fresca-resultando-em",
                "picture_url": "https:\/\/www.sekiama.com.br\/wp-content\/uploads\/2021\/11\/cebola-frente-1.png",
                "title": "Farofa com Muita Cebola x 1",
                "quantity": 1,
                "unit_price": 17.199999999999999289457264239899814128875732421875
            }
        ],
        "marketplace": "NONE",
        "marketplace_fee": 0,
        "metadata": {
            "basic_settings": {
                "auto_return": "yes",
                "binary_mode": "no",
                "checkbox_checkout_test_mode": "yes",
                "checkout_credential_prod": "deprecated",
                "commission_checkbox": "no",
                "currency_conversion": "no",
                "enabled": "no",
                "ex_payments_amex": "yes",
                "ex_payments_bolbradesco": "yes",
                "ex_payments_debelo": "yes",
                "ex_payments_debvisa": "yes",
                "ex_payments_elo": "yes",
                "ex_payments_hipercard": "yes",
                "ex_payments_master": "yes",
                "ex_payments_pec": "yes",
                "ex_payments_visa": "yes",
                "gateway_discount_checkbox": "no",
                "installments": "1",
                "method": "redirect"
            },
            "billing_address": {
                "city_name": "Itanhaém",
                "country_name": "BR",
                "state_name": "SP",
                "street_name": "Rua Leopoldino Araújo",
                "zip_code": "11740-000"
            },
            "checkout": "pro",
            "checkout_type": "wallet_button",
            "collector": "163745094",
            "custom_settings": {
                "binary_mode": "no",
                "checkbox_checkout_test_mode": "yes",
                "checkout_credential_prod": "deprecated",
                "commission_checkbox": "no",
                "coupon_mode": "no",
                "currency_conversion": "no",
                "enabled": "yes",
                "gateway_discount_checkbox": "no",
                "wallet_button": "yes"
            },
            "details": "",
            "module_version": "6.0.2",
            "pix_settings": {
                "enabled": "yes"
            },
            "platform": "bo2hnr2ic4p001kbgpt0",
            "platform_version": "6.8.0",
            "seller_website": "https:\/\/www.sekiama.com.br",
            "site_id": "mlb",
            "sponsor_id": 208686191,
            "test_mode": false,
            "ticket_settings": [],
            "user": {
                "registered_user": "no",
                "user_email": null,
                "user_registration_date": null
            }
        },
        "notification_url": "https:\/\/www.sekiama.com.br\/wc-api\/WC_WooMercadoPago_Custom_Gateway\/?source_news=webhooks",
        "operation_type": "regular_payment",
        "payer": {
            "phone": {
                "area_code": "",
                "number": "(13) 99600-6644"
            },
            "address": {
                "zip_code": "11740-000",
                "street_name": "Rua Leopoldino Araújo  Itanhaém SP BR",
                "street_number": null
            },
            "email": "dany_albergaria@hotmail.com",
            "identification": {
                "number": "",
                "type": ""
            },
            "name": "Daniele",
            "surname": "Albergaria",
            "date_created": null,
            "last_purchase": null
        },
        "payment_methods": {
            "default_card_id": null,
            "default_payment_method_id": null,
            "excluded_payment_methods": [
                {
                    "id": ""
                }
            ],
            "excluded_payment_types": [
                {
                    "id": ""
                }
            ],
            "installments": 12,
            "default_installments": null
        },
        "processing_modes": null,
        "product_id": null,
        "redirect_urls": {
            "failure": "",
            "pending": "",
            "success": ""
        },
        "sandbox_init_point": "https:\/\/sandbox.mercadopago.com.br\/checkout\/v1\/redirect?pref_id=163745094-dcd54ec0-22ea-4c33-b2ae-10f0af2f55c9",
        "site_id": "MLB",
        "shipments": {
            "default_shipping_method": null,
            "receiver_address": {
                "zip_code": "11740-000",
                "street_name": "Rua Leopoldino Araújo Apto 11 Itanhaém SP BR",
                "street_number": null,
                "floor": "",
                "apartment": "Apto 11",
                "city_name": "Itanhaém",
                "state_name": "SP",
                "country_name": null
            }
        },
        "sponsor_id": 208686191,
        "statement_descriptor": "Sekiama MP",
        "total_amount": null,
        "last_updated": null
    }
}
08-11-2022 @ 00:17:58 - [create_preference_wallet_button]: payment link generated with success from mercado pago, with structure as follow: {
    "status": 201,
    "response": {
        "additional_info": "",
        "auto_return": "approved",
        "back_urls": {
            "failure": "https:\/\/www.sekiama.com.br\/carrinho\/?cancel_order=true&order=wc_order_nZzGmJqhi37Tw&order_id=13869&redirect&_wpnonce=c1ef3f7607",
            "pending": "https:\/\/www.sekiama.com.br\/finalizar-compra\/order-received\/13869\/?key=wc_order_nZzGmJqhi37Tw",
            "success": "https:\/\/www.sekiama.com.br\/finalizar-compra\/order-received\/13869\/?key=wc_order_nZzGmJqhi37Tw"
        },
        "binary_mode": false,
        "client_id": "6290074584163570",
        "collector_id": 163745094,
        "coupon_code": null,
        "coupon_labels": null,
        "date_created": "2022-08-10T23:17:56.903-04:00",
        "date_of_expiration": null,
        "expiration_date_from": null,
        "expiration_date_to": null,
        "expires": false,
        "external_reference": "WC-13869",
        "id": "163745094-dcd54ec0-22ea-4c33-b2ae-10f0af2f55c9",
        "init_point": "https:\/\/www.mercadopago.com.br\/checkout\/v1\/redirect?pref_id=163745094-dcd54ec0-22ea-4c33-b2ae-10f0af2f55c9",
        "internal_metadata": null,
        "items": [
            {
                "id": "209",
                "category_id": "others",
                "currency_id": "BRL",
                "description": "Nao-sabe-qual-farofa-escolher-Quer-presentear-alguem-que-ama-farofa-Este-e-o-Kit-ideal.-Neste-kit-contem-as-farofas-strongDoce-Com-Muita-Cebola-Com-Muitas-Sementes-Faropop-Churrasco-com-Manteiga-e-Com-Muitas-Semen",
                "picture_url": "https:\/\/www.sekiama.com.br\/wp-content\/uploads\/2021\/11\/kit-sekiama-1.png",
                "title": "Kit Sekiama x 1",
                "quantity": 1,
                "unit_price": 95
            },
            {
                "id": "195",
                "category_id": "others",
                "currency_id": "BRL",
                "description": "Por-ser-incrivelmente-saborosa-a-Farofa-com-muita-cebola-crocante-e-a-campea-de-vendas-conquistando-todos-os-paladares.-Nesta-nobre-preparacao-a-farinha-de-mandioca-absorve-o-incrivel-sabor-da-cebola-fresca-resultando-em",
                "picture_url": "https:\/\/www.sekiama.com.br\/wp-content\/uploads\/2021\/11\/cebola-frente-1.png",
                "title": "Farofa com Muita Cebola x 1",
                "quantity": 1,
                "unit_price": 17.199999999999999289457264239899814128875732421875
            }
        ],
        "marketplace": "NONE",
        "marketplace_fee": 0,
        "metadata": {
            "basic_settings": {
                "auto_return": "yes",
                "binary_mode": "no",
                "checkbox_checkout_test_mode": "yes",
                "checkout_credential_prod": "deprecated",
                "commission_checkbox": "no",
                "currency_conversion": "no",
                "enabled": "no",
                "ex_payments_amex": "yes",
                "ex_payments_bolbradesco": "yes",
                "ex_payments_debelo": "yes",
                "ex_payments_debvisa": "yes",
                "ex_payments_elo": "yes",
                "ex_payments_hipercard": "yes",
                "ex_payments_master": "yes",
                "ex_payments_pec": "yes",
                "ex_payments_visa": "yes",
                "gateway_discount_checkbox": "no",
                "installments": "1",
                "method": "redirect"
            },
            "billing_address": {
                "city_name": "Itanhaém",
                "country_name": "BR",
                "state_name": "SP",
                "street_name": "Rua Leopoldino Araújo",
                "zip_code": "11740-000"
            },
            "checkout": "pro",
            "checkout_type": "wallet_button",
            "collector": "163745094",
            "custom_settings": {
                "binary_mode": "no",
                "checkbox_checkout_test_mode": "yes",
                "checkout_credential_prod": "deprecated",
                "commission_checkbox": "no",
                "coupon_mode": "no",
                "currency_conversion": "no",
                "enabled": "yes",
                "gateway_discount_checkbox": "no",
                "wallet_button": "yes"
            },
            "details": "",
            "module_version": "6.0.2",
            "pix_settings": {
                "enabled": "yes"
            },
            "platform": "bo2hnr2ic4p001kbgpt0",
            "platform_version": "6.8.0",
            "seller_website": "https:\/\/www.sekiama.com.br",
            "site_id": "mlb",
            "sponsor_id": 208686191,
            "test_mode": false,
            "ticket_settings": [],
            "user": {
                "registered_user": "no",
                "user_email": null,
                "user_registration_date": null
            }
        },
        "notification_url": "https:\/\/www.sekiama.com.br\/wc-api\/WC_WooMercadoPago_Custom_Gateway\/?source_news=webhooks",
        "operation_type": "regular_payment",
        "payer": {
            "phone": {
                "area_code": "",
                "number": "(13) 99600-6644"
            },
            "address": {
                "zip_code": "11740-000",
                "street_name": "Rua Leopoldino Araújo  Itanhaém SP BR",
                "street_number": null
            },
            "email": "dany_albergaria@hotmail.com",
            "identification": {
                "number": "",
                "type": ""
            },
            "name": "Daniele",
            "surname": "Albergaria",
            "date_created": null,
            "last_purchase": null
        },
        "payment_methods": {
            "default_card_id": null,
            "default_payment_method_id": null,
            "excluded_payment_methods": [
                {
                    "id": ""
                }
            ],
            "excluded_payment_types": [
                {
                    "id": ""
                }
            ],
            "installments": 12,
            "default_installments": null
        },
        "processing_modes": null,
        "product_id": null,
        "redirect_urls": {
            "failure": "",
            "pending": "",
            "success": ""
        },
        "sandbox_init_point": "https:\/\/sandbox.mercadopago.com.br\/checkout\/v1\/redirect?pref_id=163745094-dcd54ec0-22ea-4c33-b2ae-10f0af2f55c9",
        "site_id": "MLB",
        "shipments": {
            "default_shipping_method": null,
            "receiver_address": {
                "zip_code": "11740-000",
                "street_name": "Rua Leopoldino Araújo Apto 11 Itanhaém SP BR",
                "street_number": null,
                "floor": "",
                "apartment": "Apto 11",
                "city_name": "Itanhaém",
                "state_name": "SP",
                "country_name": null
            }
        },
        "sponsor_id": 208686191,
        "statement_descriptor": "Sekiama MP",
        "total_amount": null,
        "last_updated": null
    }
}
08-11-2022 @ 00:19:17 - [check_ipn_response]: received _get content: {
    "data_id": "24781976306",
    "source_news": "webhooks",
    "type": "payment"
}
08-11-2022 @ 00:19:17 - [successful_request]: starting to process  update...
08-11-2022 @ 00:19:17 - [successful_request]: updating metadata and status with data: {
    "acquirer_reconciliation": [],
    "additional_info": {
        "authentication_code": null,
        "available_balance": null,
        "ip_address": "179.215.123.145",
        "items": [
            {
                "category_id": "others",
                "description": "Nao-sabe-qual-farofa-escolher-Quer-presentear-alguem-que-ama-farofa-Este-e-o-Kit-ideal.-Neste-kit-contem-as-farofas-strongDoce-Com-Muita-Cebola-Com-Muitas-Sementes-Faropop-Churrasco-com-Manteiga-e-Com-Muitas-Semen",
                "id": "209",
                "picture_url": "https:\/\/www.sekiama.com.br\/wp-content\/uploads\/2021\/11\/kit-sekiama-1.png",
                "quantity": "1",
                "title": "Kit Sekiama x 1",
                "unit_price": "95.0"
            },
            {
                "category_id": "others",
                "description": "Por-ser-incrivelmente-saborosa-a-Farofa-com-muita-cebola-crocante-e-a-campea-de-vendas-conquistando-todos-os-paladares.-Nesta-nobre-preparacao-a-farinha-de-mandioca-absorve-o-incrivel-sabor-da-cebola-fresca-resultando-em",
                "id": "195",
                "picture_url": "https:\/\/www.sekiama.com.br\/wp-content\/uploads\/2021\/11\/cebola-frente-1.png",
                "quantity": "1",
                "title": "Farofa com Muita Cebola x 1",
                "unit_price": "17.200000762939453"
            }
        ],
        "nsu_processadora": null,
        "payer": {
            "address": {
                "street_name": "Rua Leopoldino Araújo  Itanhaém SP BR",
                "zip_code": "11740-000"
            },
            "first_name": "Daniele",
            "last_name": "Albergaria",
            "phone": {
                "number": "(13) 99600-6644"
            }
        },
        "shipments": {
            "receiver_address": {
                "city_name": "Itanhaém",
                "state_name": "SP",
                "street_name": "Rua Leopoldino Araújo Apto 11 Itanhaém SP BR",
                "zip_code": "11740-000"
            }
        }
    },
    "authorization_code": null,
    "binary_mode": true,
    "brand_id": null,
    "build_version": "2.106.2",
    "call_for_authorize_id": null,
    "captured": true,
    "card": [],
    "charges_details": [],
    "collector_id": 163745094,
    "corporation_id": null,
    "counter_currency": null,
    "coupon_amount": 0,
    "currency_id": "BRL",
    "date_approved": "2022-08-10T23:19:13.000-04:00",
    "date_created": "2022-08-10T23:19:12.000-04:00",
    "date_last_updated": "2022-08-10T23:19:12.000-04:00",
    "date_of_expiration": null,
    "deduction_schema": null,
    "description": "Kit Sekiama x 1",
    "differential_pricing_id": null,
    "external_reference": "WC-13869",
    "fee_details": [
        {
            "amount": 5.5999999999999996447286321199499070644378662109375,
            "fee_payer": "collector",
            "type": "mercadopago_fee"
        }
    ],
    "id": 24781976306,
    "installments": 1,
    "integrator_id": null,
    "issuer_id": null,
    "live_mode": true,
    "marketplace_owner": null,
    "merchant_account_id": null,
    "merchant_number": null,
    "metadata": {
        "basic_settings": {
            "ex_payments_debelo": "yes",
            "checkout_credential_prod": "deprecated",
            "checkbox_checkout_test_mode": "yes",
            "method": "redirect",
            "ex_payments_amex": "yes",
            "gateway_discount_checkbox": "no",
            "enabled": "no",
            "ex_payments_master": "yes",
            "ex_payments_pec": "yes",
            "ex_payments_visa": "yes",
            "ex_payments_bolbradesco": "yes",
            "commission_checkbox": "no",
            "binary_mode": "no",
            "currency_conversion": "no",
            "installments": "1",
            "ex_payments_debvisa": "yes",
            "ex_payments_elo": "yes",
            "auto_return": "yes",
            "ex_payments_hipercard": "yes"
        },
        "checkout_type": "wallet_button",
        "seller_website": "https:\/\/www.sekiama.com.br",
        "billing_address": {
            "city_name": "Itanhaém",
            "state_name": "SP",
            "country_name": "BR",
            "street_name": "Rua Leopoldino Araújo",
            "zip_code": "11740-000"
        },
        "module_version": "6.0.2",
        "sponsor_id": 208686191,
        "collector": "163745094",
        "platform": "bo2hnr2ic4p001kbgpt0",
        "ticket_settings": [],
        "platform_version": "6.8.0",
        "test_mode": false,
        "site_id": "mlb",
        "custom_settings": {
            "checkout_credential_prod": "deprecated",
            "wallet_button": "yes",
            "commission_checkbox": "no",
            "checkbox_checkout_test_mode": "yes",
            "binary_mode": "no",
            "currency_conversion": "no",
            "coupon_mode": "no",
            "gateway_discount_checkbox": "no",
            "enabled": "yes"
        },
        "pix_settings": {
            "enabled": "yes"
        },
        "details": "",
        "checkout": "pro",
        "user": {
            "user_email": null,
            "registered_user": "no",
            "user_registration_date": null
        }
    },
    "money_release_date": "2022-08-10T23:19:13.000-04:00",
    "money_release_schema": null,
    "money_release_status": null,
    "notification_url": "https:\/\/www.sekiama.com.br\/wc-api\/WC_WooMercadoPago_Custom_Gateway\/?source_news=webhooks",
    "operation_type": "regular_payment",
    "order": {
        "id": "5468013255",
        "type": "mercadopago"
    },
    "payer": {
        "email": "dany_albergaria@hotmail.com",
        "entity_type": null,
        "first_name": null,
        "id": "45555950",
        "identification": {
            "number": "31312840803",
            "type": "CPF"
        },
        "last_name": null,
        "operator_id": null,
        "phone": {
            "area_code": null,
            "extension": null,
            "number": null
        },
        "type": null
    },
    "payment_method_id": "consumer_credits",
    "payment_type_id": "digital_currency",
    "platform_id": "bo2hnr2ic4p001kbgpt0",
    "point_of_interaction": {
        "business_info": {
            "sub_unit": "checkout_pro",
            "unit": "online_payments"
        },
        "type": "UNSPECIFIED"
    },
    "pos_id": null,
    "processing_mode": "aggregator",
    "refunds": [],
    "shipping_amount": 0,
    "sponsor_id": 208686191,
    "statement_descriptor": null,
    "status": "approved",
    "status_detail": "accredited",
    "store_id": null,
    "taxes_amount": 0,
    "transaction_amount": 112.2000000000000028421709430404007434844970703125,
    "transaction_amount_refunded": 0,
    "transaction_details": {
        "acquirer_reference": null,
        "external_resource_url": null,
        "financial_institution": null,
        "installment_amount": 0,
        "net_received_amount": 106.599999999999994315658113919198513031005859375,
        "overpaid_amount": 0,
        "payable_deferral_period": null,
        "payment_method_reference_id": "262408568",
        "total_paid_amount": 112.2000000000000028421709430404007434844970703125
    }
}
08-11-2022 @ 00:19:17 - [successful_request]: Changing order status to: processing
08-11-2022 @ 14:29:40 - [process_payment]: POST Custom: {
    "amount": "117.48",
    "currency_ratio": "1",
    "paymentMethodId": "visa",
    "checkout_type": "custom",
    "installments": "1"
}
08-11-2022 @ 14:29:40 - [process_payment]: preparing to get response of custom checkout.
08-11-2022 @ 14:29:40 - [Created preference: ]: Preference: {
    "binary_mode": false,
    "external_reference": "WC-13873",
    "notification_url": "https:\/\/www.sekiama.com.br\/wc-api\/WC_WooMercadoPago_Custom_Gateway\/?source_news=webhooks",
    "statement_descriptor": "Sekiama MP",
    "sponsor_id": 208686191,
    "transaction_amount": 117.4800000000000039790393202565610408782958984375,
    "description": "Farofa com Muita Cebola x 5",
    "installments": 1,
    "payment_method_id": "visa",
    "payer": {
        "email": "dhebora@gmail.com"
    },
    "metadata": {
        "platform": "bo2hnr2ic4p001kbgpt0",
        "platform_version": "6.8.0",
        "module_version": "6.0.2",
        "site_id": "mlb",
        "sponsor_id": 208686191,
        "collector": "163745094",
        "test_mode": false,
        "details": "",
        "basic_settings": {
            "enabled": "no",
            "currency_conversion": "no",
            "installments": "1",
            "method": "redirect",
            "auto_return": "yes",
            "binary_mode": "no",
            "ex_payments_master": "yes",
            "ex_payments_hipercard": "yes",
            "ex_payments_amex": "yes",
            "ex_payments_elo": "yes",
            "ex_payments_visa": "yes",
            "ex_payments_debvisa": "yes",
            "ex_payments_debelo": "yes",
            "ex_payments_pec": "yes",
            "ex_payments_bolbradesco": "yes",
            "gateway_discount_checkbox": "no",
            "commission_checkbox": "no",
            "checkbox_checkout_test_mode": "yes",
            "checkout_credential_prod": "deprecated"
        },
        "custom_settings": {
            "enabled": "yes",
            "currency_conversion": "no",
            "wallet_button": "yes",
            "coupon_mode": "no",
            "binary_mode": "no",
            "gateway_discount_checkbox": "no",
            "commission_checkbox": "no",
            "checkbox_checkout_test_mode": "yes",
            "checkout_credential_prod": "deprecated"
        },
        "ticket_settings": [],
        "pix_settings": {
            "enabled": "yes"
        },
        "seller_website": "https:\/\/www.sekiama.com.br",
        "billing_address": {
            "zip_code": "71215-610",
            "street_name": "SGCV",
            "city_name": "Brasília",
            "state_name": "DF",
            "country_name": "BR"
        },
        "user": {
            "registered_user": "no",
            "user_email": null,
            "user_registration_date": null
        },
        "checkout": "custom",
        "checkout_type": "credit_card"
    },
    "additional_info": {
        "items": [
            {
                "id": 195,
                "title": "Farofa com Muita Cebola x 5",
                "description": "Por-ser-incrivelmente-saborosa-a-Farofa-com-muita-cebola-crocante-e-a-campea-de-vendas-conquistando-todos-os-paladares.-Nesta-nobre-preparacao-a-farinha-de-mandioca-absorve-o-incrivel-sabor-da-cebola-fresca-resultando-em",
                "picture_url": "https:\/\/www.sekiama.com.br\/wp-content\/uploads\/2021\/11\/cebola-frente-1.png",
                "category_id": "others",
                "quantity": 1,
                "unit_price": 86
            },
            {
                "title": "Jadlog Package (Entrega em 4 dias úteis)",
                "description": "Serviço de envio usado pela loja.",
                "category_id": "others",
                "quantity": 1,
                "unit_price": 31.480000000000000426325641456060111522674560546875
            }
        ],
        "payer": {
            "first_name": "DHEBORA",
            "last_name": "AZEVEDO",
            "phone": {
                "number": "(85) 99678-9055"
            },
            "address": {
                "zip_code": "71215-610",
                "street_name": "SGCV \/ Brasília DF BR"
            }
        },
        "shipments": {
            "receiver_address": {
                "zip_code": "71215-610",
                "street_name": "SGCV LOTE 11 - BLOCO D - AP. 03 Brasília DF BR",
                "apartment": "LOTE 11 - BLOCO D - AP. 03",
                "city_name": "Brasília",
                "state_name": "DF"
            }
        }
    }
}
08-11-2022 @ 14:29:42 - [create_preference]: Preference created: {
    "status": 201,
    "response": {
        "id": 24795830256,
        "date_created": "2022-08-11T13:29:39.939-04:00",
        "date_approved": "2022-08-11T13:29:41.123-04:00",
        "date_last_updated": "2022-08-11T13:29:41.123-04:00",
        "date_of_expiration": null,
        "money_release_date": "2022-08-11T13:29:41.123-04:00",
        "money_release_status": null,
        "operation_type": "regular_payment",
        "issuer_id": "25",
        "payment_method_id": "visa",
        "payment_type_id": "credit_card",
        "status": "approved",
        "status_detail": "accredited",
        "currency_id": "BRL",
        "description": "Farofa com Muita Cebola x 5",
        "live_mode": true,
        "sponsor_id": 208686191,
        "authorization_code": "694063",
        "money_release_schema": null,
        "taxes_amount": 0,
        "counter_currency": null,
        "brand_id": null,
        "shipping_amount": 0,
        "build_version": "54.8.14-hotfix-8",
        "pos_id": null,
        "store_id": null,
        "integrator_id": null,
        "platform_id": "bo2hnr2ic4p001kbgpt0",
        "corporation_id": null,
        "collector_id": 163745094,
        "payer": {
            "type": null,
            "id": "202464296",
            "operator_id": null,
            "email": "dhebora@gmail.com",
            "identification": {
                "type": null,
                "number": null
            },
            "phone": {
                "area_code": null,
                "number": null,
                "extension": null
            },
            "first_name": null,
            "last_name": null,
            "entity_type": null
        },
        "marketplace_owner": null,
        "metadata": {
            "basic_settings": {
                "ex_payments_debelo": "yes",
                "checkout_credential_prod": "deprecated",
                "checkbox_checkout_test_mode": "yes",
                "method": "redirect",
                "ex_payments_amex": "yes",
                "gateway_discount_checkbox": "no",
                "enabled": "no",
                "ex_payments_master": "yes",
                "ex_payments_visa": "yes",
                "ex_payments_pec": "yes",
                "ex_payments_bolbradesco": "yes",
                "commission_checkbox": "no",
                "currency_conversion": "no",
                "installments": "1",
                "binary_mode": "no",
                "ex_payments_debvisa": "yes",
                "ex_payments_elo": "yes",
                "auto_return": "yes",
                "ex_payments_hipercard": "yes"
            },
            "checkout_type": "credit_card",
            "seller_website": "https:\/\/www.sekiama.com.br",
            "billing_address": {
                "city_name": "Brasília",
                "state_name": "DF",
                "country_name": "BR",
                "zip_code": "71215-610",
                "street_name": "SGCV"
            },
            "module_version": "6.0.2",
            "sponsor_id": 208686191,
            "platform": "bo2hnr2ic4p001kbgpt0",
            "collector": "163745094",
            "ticket_settings": [],
            "platform_version": "6.8.0",
            "test_mode": false,
            "site_id": "mlb",
            "custom_settings": {
                "wallet_button": "yes",
                "checkout_credential_prod": "deprecated",
                "commission_checkbox": "no",
                "checkbox_checkout_test_mode": "yes",
                "currency_conversion": "no",
                "binary_mode": "no",
                "coupon_mode": "no",
                "gateway_discount_checkbox": "no",
                "enabled": "yes"
            },
            "pix_settings": {
                "enabled": "yes"
            },
            "details": "",
            "user": {
                "user_email": null,
                "registered_user": "no",
                "user_registration_date": null
            },
            "checkout": "custom"
        },
        "additional_info": {
            "items": [
                {
                    "id": "195",
                    "title": "Farofa com Muita Cebola x 5",
                    "description": "Por-ser-incrivelmente-saborosa-a-Farofa-com-muita-cebola-crocante-e-a-campea-de-vendas-conquistando-todos-os-paladares.-Nesta-nobre-preparacao-a-farinha-de-mandioca-absorve-o-incrivel-sabor-da-cebola-fresca-resultando-em",
                    "picture_url": "https:\/\/www.sekiama.com.br\/wp-content\/uploads\/2021\/11\/cebola-frente-1.png",
                    "category_id": "others",
                    "quantity": "1",
                    "unit_price": "86"
                },
                {
                    "id": null,
                    "title": "Jadlog Package (Entrega em 4 dias úteis)",
                    "description": "Serviço de envio usado pela loja.",
                    "picture_url": null,
                    "category_id": "others",
                    "quantity": "1",
                    "unit_price": "31.48"
                }
            ],
            "payer": {
                "phone": {
                    "number": "(85) 99678-9055"
                },
                "address": {
                    "zip_code": "71215-610",
                    "street_name": "SGCV \/ Brasília DF BR"
                },
                "first_name": "DHEBORA",
                "last_name": "AZEVEDO"
            },
            "shipments": {
                "receiver_address": {
                    "zip_code": "71215-610",
                    "state_name": "DF",
                    "city_name": "Brasília",
                    "street_name": "SGCV LOTE 11 - BLOCO D - AP. 03 Brasília DF BR",
                    "apartment": "LOTE 11 - BLOCO D - AP. 03"
                }
            },
            "iso_response_code": "00",
            "available_balance": null,
            "nsu_processadora": "CAQECAQRaYPD71PovJKIn30K9SAtCDK5yv5JofxweDIY4qRwOrAAkDGj7v0iKMVI",
            "authentication_code": null
        },
        "order": [],
        "external_reference": "WC-13873",
        "transaction_amount": 117.4800000000000039790393202565610408782958984375,
        "transaction_amount_refunded": 0,
        "coupon_amount": 0,
        "differential_pricing_id": null,
        "deduction_schema": null,
        "installments": 1,
        "transaction_details": {
            "payment_method_reference_id": null,
            "net_received_amount": 111.6200000000000045474735088646411895751953125,
            "total_paid_amount": 117.4800000000000039790393202565610408782958984375,
            "overpaid_amount": 0,
            "external_resource_url": null,
            "installment_amount": 117.4800000000000039790393202565610408782958984375,
            "financial_institution": null,
            "payable_deferral_period": null,
            "acquirer_reference": null
        },
        "fee_details": [
            {
                "type": "mercadopago_fee",
                "amount": 5.86000000000000031974423109204508364200592041015625,
                "fee_payer": "collector"
            }
        ],
        "charges_details": [],
        "captured": true,
        "binary_mode": false,
        "call_for_authorize_id": null,
        "statement_descriptor": "MERCPAGO*SEKIAMAMP",
        "card": {
            "id": null,
            "first_six_digits": "480632",
            "last_four_digits": "3977",
            "bin": "48063201",
            "expiration_month": 11,
            "expiration_year": 2025,
            "date_created": "2022-08-11T13:29:39.000-04:00",
            "date_last_updated": "2022-08-11T13:29:39.000-04:00",
            "cardholder": {
                "name": "DHEBORA B AZEVEDO",
                "identification": {
                    "number": "37840681387",
                    "type": "CPF"
                }
            }
        },
        "notification_url": "https:\/\/www.sekiama.com.br\/wc-api\/WC_WooMercadoPago_Custom_Gateway\/?source_news=webhooks",
        "refunds": [],
        "processing_mode": "aggregator",
        "merchant_account_id": null,
        "merchant_number": null,
        "acquirer_reconciliation": [],
        "point_of_interaction": {
            "type": "UNSPECIFIED",
            "business_info": {
                "unit": "online_payments",
                "sub_unit": "woocommerce"
            }
        }
    }
}
08-11-2022 @ 14:29:42 - [create_preference]: payment link generated with success from mercado pago, with structure as follow: {
    "status": 201,
    "response": {
        "id": 24795830256,
        "date_created": "2022-08-11T13:29:39.939-04:00",
        "date_approved": "2022-08-11T13:29:41.123-04:00",
        "date_last_updated": "2022-08-11T13:29:41.123-04:00",
        "date_of_expiration": null,
        "money_release_date": "2022-08-11T13:29:41.123-04:00",
        "money_release_status": null,
        "operation_type": "regular_payment",
        "issuer_id": "25",
        "payment_method_id": "visa",
        "payment_type_id": "credit_card",
        "status": "approved",
        "status_detail": "accredited",
        "currency_id": "BRL",
        "description": "Farofa com Muita Cebola x 5",
        "live_mode": true,
        "sponsor_id": 208686191,
        "authorization_code": "694063",
        "money_release_schema": null,
        "taxes_amount": 0,
        "counter_currency": null,
        "brand_id": null,
        "shipping_amount": 0,
        "build_version": "54.8.14-hotfix-8",
        "pos_id": null,
        "store_id": null,
        "integrator_id": null,
        "platform_id": "bo2hnr2ic4p001kbgpt0",
        "corporation_id": null,
        "collector_id": 163745094,
        "payer": {
            "type": null,
            "id": "202464296",
            "operator_id": null,
            "email": "dhebora@gmail.com",
            "identification": {
                "type": null,
                "number": null
            },
            "phone": {
                "area_code": null,
                "number": null,
                "extension": null
            },
            "first_name": null,
            "last_name": null,
            "entity_type": null
        },
        "marketplace_owner": null,
        "metadata": {
            "basic_settings": {
                "ex_payments_debelo": "yes",
                "checkout_credential_prod": "deprecated",
                "checkbox_checkout_test_mode": "yes",
                "method": "redirect",
                "ex_payments_amex": "yes",
                "gateway_discount_checkbox": "no",
                "enabled": "no",
                "ex_payments_master": "yes",
                "ex_payments_visa": "yes",
                "ex_payments_pec": "yes",
                "ex_payments_bolbradesco": "yes",
                "commission_checkbox": "no",
                "currency_conversion": "no",
                "installments": "1",
                "binary_mode": "no",
                "ex_payments_debvisa": "yes",
                "ex_payments_elo": "yes",
                "auto_return": "yes",
                "ex_payments_hipercard": "yes"
            },
            "checkout_type": "credit_card",
            "seller_website": "https:\/\/www.sekiama.com.br",
            "billing_address": {
                "city_name": "Brasília",
                "state_name": "DF",
                "country_name": "BR",
                "zip_code": "71215-610",
                "street_name": "SGCV"
            },
            "module_version": "6.0.2",
            "sponsor_id": 208686191,
            "platform": "bo2hnr2ic4p001kbgpt0",
            "collector": "163745094",
            "ticket_settings": [],
            "platform_version": "6.8.0",
            "test_mode": false,
            "site_id": "mlb",
            "custom_settings": {
                "wallet_button": "yes",
                "checkout_credential_prod": "deprecated",
                "commission_checkbox": "no",
                "checkbox_checkout_test_mode": "yes",
                "currency_conversion": "no",
                "binary_mode": "no",
                "coupon_mode": "no",
                "gateway_discount_checkbox": "no",
                "enabled": "yes"
            },
            "pix_settings": {
                "enabled": "yes"
            },
            "details": "",
            "user": {
                "user_email": null,
                "registered_user": "no",
                "user_registration_date": null
            },
            "checkout": "custom"
        },
        "additional_info": {
            "items": [
                {
                    "id": "195",
                    "title": "Farofa com Muita Cebola x 5",
                    "description": "Por-ser-incrivelmente-saborosa-a-Farofa-com-muita-cebola-crocante-e-a-campea-de-vendas-conquistando-todos-os-paladares.-Nesta-nobre-preparacao-a-farinha-de-mandioca-absorve-o-incrivel-sabor-da-cebola-fresca-resultando-em",
                    "picture_url": "https:\/\/www.sekiama.com.br\/wp-content\/uploads\/2021\/11\/cebola-frente-1.png",
                    "category_id": "others",
                    "quantity": "1",
                    "unit_price": "86"
                },
                {
                    "id": null,
                    "title": "Jadlog Package (Entrega em 4 dias úteis)",
                    "description": "Serviço de envio usado pela loja.",
                    "picture_url": null,
                    "category_id": "others",
                    "quantity": "1",
                    "unit_price": "31.48"
                }
            ],
            "payer": {
                "phone": {
                    "number": "(85) 99678-9055"
                },
                "address": {
                    "zip_code": "71215-610",
                    "street_name": "SGCV \/ Brasília DF BR"
                },
                "first_name": "DHEBORA",
                "last_name": "AZEVEDO"
            },
            "shipments": {
                "receiver_address": {
                    "zip_code": "71215-610",
                    "state_name": "DF",
                    "city_name": "Brasília",
                    "street_name": "SGCV LOTE 11 - BLOCO D - AP. 03 Brasília DF BR",
                    "apartment": "LOTE 11 - BLOCO D - AP. 03"
                }
            },
            "iso_response_code": "00",
            "available_balance": null,
            "nsu_processadora": "CAQECAQRaYPD71PovJKIn30K9SAtCDK5yv5JofxweDIY4qRwOrAAkDGj7v0iKMVI",
            "authentication_code": null
        },
        "order": [],
        "external_reference": "WC-13873",
        "transaction_amount": 117.4800000000000039790393202565610408782958984375,
        "transaction_amount_refunded": 0,
        "coupon_amount": 0,
        "differential_pricing_id": null,
        "deduction_schema": null,
        "installments": 1,
        "transaction_details": {
            "payment_method_reference_id": null,
            "net_received_amount": 111.6200000000000045474735088646411895751953125,
            "total_paid_amount": 117.4800000000000039790393202565610408782958984375,
            "overpaid_amount": 0,
            "external_resource_url": null,
            "installment_amount": 117.4800000000000039790393202565610408782958984375,
            "financial_institution": null,
            "payable_deferral_period": null,
            "acquirer_reference": null
        },
        "fee_details": [
            {
                "type": "mercadopago_fee",
                "amount": 5.86000000000000031974423109204508364200592041015625,
                "fee_payer": "collector"
            }
        ],
        "charges_details": [],
        "captured": true,
        "binary_mode": false,
        "call_for_authorize_id": null,
        "statement_descriptor": "MERCPAGO*SEKIAMAMP",
        "card": {
            "id": null,
            "first_six_digits": "480632",
            "last_four_digits": "3977",
            "bin": "48063201",
            "expiration_month": 11,
            "expiration_year": 2025,
            "date_created": "2022-08-11T13:29:39.000-04:00",
            "date_last_updated": "2022-08-11T13:29:39.000-04:00",
            "cardholder": {
                "name": "DHEBORA B AZEVEDO",
                "identification": {
                    "number": "37840681387",
                    "type": "CPF"
                }
            }
        },
        "notification_url": "https:\/\/www.sekiama.com.br\/wc-api\/WC_WooMercadoPago_Custom_Gateway\/?source_news=webhooks",
        "refunds": [],
        "processing_mode": "aggregator",
        "merchant_account_id": null,
        "merchant_number": null,
        "acquirer_reconciliation": [],
        "point_of_interaction": {
            "type": "UNSPECIFIED",
            "business_info": {
                "unit": "online_payments",
                "sub_unit": "woocommerce"
            }
        }
    }
}
08-11-2022 @ 15:32:04 - [check_ipn_response]: received _get content: {
    "data_id": "24795830256",
    "source_news": "webhooks",
    "type": "payment"
}
08-11-2022 @ 15:32:04 - [successful_request]: starting to process  update...
08-11-2022 @ 15:32:04 - [successful_request]: updating metadata and status with data: {
    "acquirer_reconciliation": [],
    "additional_info": {
        "authentication_code": null,
        "available_balance": null,
        "items": [
            {
                "category_id": "others",
                "description": "Por-ser-incrivelmente-saborosa-a-Farofa-com-muita-cebola-crocante-e-a-campea-de-vendas-conquistando-todos-os-paladares.-Nesta-nobre-preparacao-a-farinha-de-mandioca-absorve-o-incrivel-sabor-da-cebola-fresca-resultando-em",
                "id": "195",
                "picture_url": "https:\/\/www.sekiama.com.br\/wp-content\/uploads\/2021\/11\/cebola-frente-1.png",
                "quantity": "1",
                "title": "Farofa com Muita Cebola x 5",
                "unit_price": "86"
            },
            {
                "category_id": "others",
                "description": "Serviço de envio usado pela loja.",
                "id": null,
                "picture_url": null,
                "quantity": "1",
                "title": "Jadlog Package (Entrega em 4 dias úteis)",
                "unit_price": "31.48"
            }
        ],
        "nsu_processadora": null,
        "payer": {
            "address": {
                "street_name": "SGCV \/ Brasília DF BR",
                "zip_code": "71215-610"
            },
            "first_name": "DHEBORA",
            "last_name": "AZEVEDO",
            "phone": {
                "number": "(85) 99678-9055"
            }
        },
        "shipments": {
            "receiver_address": {
                "apartment": "LOTE 11 - BLOCO D - AP. 03",
                "city_name": "Brasília",
                "state_name": "DF",
                "street_name": "SGCV LOTE 11 - BLOCO D - AP. 03 Brasília DF BR",
                "zip_code": "71215-610"
            }
        }
    },
    "authorization_code": "694063",
    "binary_mode": false,
    "brand_id": null,
    "build_version": "54.8.14-hotfix-8",
    "call_for_authorize_id": null,
    "captured": true,
    "card": {
        "bin": "48063201",
        "cardholder": {
            "identification": {
                "number": "37840681387",
                "type": "CPF"
            },
            "name": "DHEBORA B AZEVEDO"
        },
        "date_created": "2022-08-11T13:29:39.000-04:00",
        "date_last_updated": "2022-08-11T13:29:39.000-04:00",
        "expiration_month": 11,
        "expiration_year": 2025,
        "first_six_digits": "480632",
        "id": null,
        "last_four_digits": "3977"
    },
    "charges_details": [],
    "collector_id": 163745094,
    "corporation_id": null,
    "counter_currency": null,
    "coupon_amount": 0,
    "currency_id": "BRL",
    "date_approved": "2022-08-11T13:29:41.000-04:00",
    "date_created": "2022-08-11T13:29:39.000-04:00",
    "date_last_updated": "2022-08-11T13:29:41.000-04:00",
    "date_of_expiration": null,
    "deduction_schema": null,
    "description": "Farofa com Muita Cebola x 5",
    "differential_pricing_id": null,
    "external_reference": "WC-13873",
    "fee_details": [
        {
            "amount": 5.86000000000000031974423109204508364200592041015625,
            "fee_payer": "collector",
            "type": "mercadopago_fee"
        }
    ],
    "id": 24795830256,
    "installments": 1,
    "integrator_id": null,
    "issuer_id": "25",
    "live_mode": true,
    "marketplace_owner": null,
    "merchant_account_id": null,
    "merchant_number": null,
    "metadata": {
        "basic_settings": {
            "ex_payments_debelo": "yes",
            "checkout_credential_prod": "deprecated",
            "checkbox_checkout_test_mode": "yes",
            "method": "redirect",
            "ex_payments_amex": "yes",
            "gateway_discount_checkbox": "no",
            "enabled": "no",
            "ex_payments_master": "yes",
            "ex_payments_pec": "yes",
            "ex_payments_visa": "yes",
            "ex_payments_bolbradesco": "yes",
            "commission_checkbox": "no",
            "binary_mode": "no",
            "currency_conversion": "no",
            "installments": "1",
            "ex_payments_debvisa": "yes",
            "ex_payments_elo": "yes",
            "auto_return": "yes",
            "ex_payments_hipercard": "yes"
        },
        "checkout_type": "credit_card",
        "seller_website": "https:\/\/www.sekiama.com.br",
        "billing_address": {
            "city_name": "Brasília",
            "state_name": "DF",
            "country_name": "BR",
            "street_name": "SGCV",
            "zip_code": "71215-610"
        },
        "module_version": "6.0.2",
        "sponsor_id": 208686191,
        "collector": "163745094",
        "platform": "bo2hnr2ic4p001kbgpt0",
        "ticket_settings": [],
        "platform_version": "6.8.0",
        "test_mode": false,
        "site_id": "mlb",
        "custom_settings": {
            "checkout_credential_prod": "deprecated",
            "wallet_button": "yes",
            "commission_checkbox": "no",
            "checkbox_checkout_test_mode": "yes",
            "binary_mode": "no",
            "currency_conversion": "no",
            "coupon_mode": "no",
            "gateway_discount_checkbox": "no",
            "enabled": "yes"
        },
        "pix_settings": {
            "enabled": "yes"
        },
        "details": "",
        "checkout": "custom",
        "user": {
            "user_email": null,
            "registered_user": "no",
            "user_registration_date": null
        }
    },
    "money_release_date": "2022-08-11T13:29:41.000-04:00",
    "money_release_schema": null,
    "money_release_status": null,
    "notification_url": "https:\/\/www.sekiama.com.br\/wc-api\/WC_WooMercadoPago_Custom_Gateway\/?source_news=webhooks",
    "operation_type": "regular_payment",
    "order": [],
    "payer": {
        "email": "dhebora@gmail.com",
        "entity_type": null,
        "first_name": null,
        "id": "202464296",
        "identification": {
            "number": null,
            "type": null
        },
        "last_name": null,
        "operator_id": null,
        "phone": {
            "area_code": null,
            "extension": null,
            "number": null
        },
        "type": null
    },
    "payment_method_id": "visa",
    "payment_type_id": "credit_card",
    "platform_id": "bo2hnr2ic4p001kbgpt0",
    "point_of_interaction": {
        "business_info": {
            "sub_unit": "woocommerce",
            "unit": "online_payments"
        },
        "type": "UNSPECIFIED"
    },
    "pos_id": null,
    "processing_mode": "aggregator",
    "refunds": [],
    "shipping_amount": 0,
    "sponsor_id": 208686191,
    "statement_descriptor": "MERCPAGO*SEKIAMAMP",
    "status": "approved",
    "status_detail": "accredited",
    "store_id": null,
    "taxes_amount": 0,
    "transaction_amount": 117.4800000000000039790393202565610408782958984375,
    "transaction_amount_refunded": 0,
    "transaction_details": {
        "acquirer_reference": null,
        "external_resource_url": null,
        "financial_institution": null,
        "installment_amount": 117.4800000000000039790393202565610408782958984375,
        "net_received_amount": 111.6200000000000045474735088646411895751953125,
        "overpaid_amount": 0,
        "payable_deferral_period": null,
        "payment_method_reference_id": null,
        "total_paid_amount": 117.4800000000000039790393202565610408782958984375
    }
}
08-11-2022 @ 15:32:04 - [successful_request]: Changing order status to: processing
