09-06-2022 @ 07:09:22 - [process_payment]: Payment via Pix POST: 
09-06-2022 @ 07:09:22 - [Created preference: ]: Preference: {
    "binary_mode": false,
    "external_reference": "WC-13908",
    "notification_url": "https:\/\/www.sekiama.com.br\/wc-api\/WC_WooMercadoPago_Pix_Gateway\/?source_news=webhooks",
    "statement_descriptor": "Sekiama MP",
    "sponsor_id": 208686191,
    "date_of_expiration": "2022-09-06T10:39:22.000+0000",
    "transaction_amount": 79.7000000000000028421709430404007434844970703125,
    "description": "Farofa com Muita Cebola x 3",
    "payment_method_id": "pix",
    "payer": {
        "email": "regisantunes1021@gmail.com",
        "first_name": "Regina",
        "last_name": "Antunes",
        "address": {
            "zip_code": "30421-310",
            "street_name": "Açucenas",
            "street_number": "",
            "neighborhood": "",
            "city": "Belo Horizonte",
            "federal_unit": "SP"
        }
    },
    "additional_info": {
        "items": [
            {
                "id": 195,
                "title": "Farofa com Muita Cebola x 3",
                "description": "Por-ser-incrivelmente-saborosa-a-Farofa-com-muita-cebola-crocante-e-a-campea-de-vendas-conquistando-todos-os-paladares.-Nesta-nobre-preparacao-a-farinha-de-mandioca-absorve-o-incrivel-sabor-da-cebola-fresca-resultando-em",
                "picture_url": "https:\/\/www.sekiama.com.br\/wp-content\/uploads\/2021\/11\/cebola-frente-1.png",
                "category_id": "others",
                "quantity": 1,
                "unit_price": 51.60000000000000142108547152020037174224853515625
            },
            {
                "title": "PAC (Entrega em 7 dias úteis)",
                "description": "Serviço de envio usado pela loja.",
                "category_id": "others",
                "quantity": 1,
                "unit_price": 28.10000000000000142108547152020037174224853515625
            }
        ],
        "payer": {
            "first_name": "Regina",
            "last_name": "Antunes",
            "phone": {
                "number": "(31) 99981-7171"
            },
            "address": {
                "zip_code": "30421-310",
                "street_name": "Açucenas \/ Belo Horizonte SP BR"
            }
        },
        "shipments": {
            "receiver_address": {
                "zip_code": "30421-310",
                "street_name": "Açucenas  Belo Horizonte SP BR",
                "apartment": "",
                "city_name": "Belo Horizonte",
                "state_name": "SP"
            }
        }
    },
    "metadata": {
        "platform": "bo2hnr2ic4p001kbgpt0",
        "platform_version": "6.8.2",
        "module_version": "6.1.0",
        "site_id": "mlb",
        "sponsor_id": 208686191,
        "collector": "163745094",
        "test_mode": false,
        "details": "",
        "basic_settings": {
            "enabled": "no",
            "currency_conversion": "no",
            "installments": "1",
            "method": "redirect",
            "auto_return": "yes",
            "binary_mode": "no",
            "ex_payments_master": "yes",
            "ex_payments_hipercard": "yes",
            "ex_payments_amex": "yes",
            "ex_payments_elo": "yes",
            "ex_payments_visa": "yes",
            "ex_payments_debvisa": "yes",
            "ex_payments_debelo": "yes",
            "ex_payments_pec": "yes",
            "ex_payments_bolbradesco": "yes",
            "gateway_discount_checkbox": "no",
            "commission_checkbox": "no",
            "checkbox_checkout_test_mode": "yes",
            "checkout_credential_prod": "deprecated"
        },
        "custom_settings": {
            "enabled": "yes",
            "currency_conversion": "no",
            "wallet_button": "yes",
            "coupon_mode": "no",
            "binary_mode": "no",
            "gateway_discount_checkbox": "no",
            "commission_checkbox": "no",
            "checkbox_checkout_test_mode": "yes",
            "checkout_credential_prod": "deprecated"
        },
        "ticket_settings": [],
        "pix_settings": {
            "enabled": "yes"
        },
        "seller_website": "https:\/\/www.sekiama.com.br",
        "billing_address": {
            "zip_code": "30421-310",
            "street_name": "Açucenas",
            "city_name": "Belo Horizonte",
            "state_name": "SP",
            "country_name": "BR"
        },
        "user": {
            "registered_user": "no",
            "user_email": null,
            "user_registration_date": null
        },
        "checkout": "custom",
        "checkout_type": "pix"
    }
}
09-06-2022 @ 07:09:22 - [create_preference]: Created Preference: {
    "status": 201,
    "response": {
        "id": 25518134822,
        "date_created": "2022-09-06T06:09:23.408-04:00",
        "date_approved": null,
        "date_last_updated": "2022-09-06T06:09:23.408-04:00",
        "date_of_expiration": "2022-09-06T06:39:22.000-04:00",
        "money_release_date": null,
        "money_release_status": null,
        "operation_type": "regular_payment",
        "issuer_id": null,
        "payment_method_id": "pix",
        "payment_type_id": "bank_transfer",
        "status": "pending",
        "status_detail": "pending_waiting_transfer",
        "currency_id": "BRL",
        "description": "Farofa com Muita Cebola x 3",
        "live_mode": true,
        "sponsor_id": 208686191,
        "authorization_code": null,
        "money_release_schema": null,
        "taxes_amount": 0,
        "counter_currency": null,
        "brand_id": null,
        "shipping_amount": 0,
        "build_version": "2.110.0-rc-1",
        "pos_id": null,
        "store_id": null,
        "integrator_id": null,
        "platform_id": "bo2hnr2ic4p001kbgpt0",
        "corporation_id": null,
        "collector_id": 163745094,
        "payer": {
            "type": null,
            "id": "215830552",
            "operator_id": null,
            "email": null,
            "identification": {
                "type": null,
                "number": null
            },
            "phone": {
                "area_code": null,
                "number": null,
                "extension": null
            },
            "first_name": null,
            "last_name": null,
            "entity_type": null
        },
        "marketplace_owner": null,
        "metadata": {
            "basic_settings": {
                "ex_payments_debelo": "yes",
                "checkout_credential_prod": "deprecated",
                "checkbox_checkout_test_mode": "yes",
                "method": "redirect",
                "ex_payments_amex": "yes",
                "gateway_discount_checkbox": "no",
                "enabled": "no",
                "ex_payments_master": "yes",
                "ex_payments_visa": "yes",
                "ex_payments_pec": "yes",
                "ex_payments_bolbradesco": "yes",
                "commission_checkbox": "no",
                "currency_conversion": "no",
                "installments": "1",
                "binary_mode": "no",
                "ex_payments_debvisa": "yes",
                "ex_payments_elo": "yes",
                "auto_return": "yes",
                "ex_payments_hipercard": "yes"
            },
            "checkout_type": "pix",
            "seller_website": "https:\/\/www.sekiama.com.br",
            "billing_address": {
                "city_name": "Belo Horizonte",
                "state_name": "SP",
                "country_name": "BR",
                "zip_code": "30421-310",
                "street_name": "Açucenas"
            },
            "module_version": "6.1.0",
            "sponsor_id": 208686191,
            "platform": "bo2hnr2ic4p001kbgpt0",
            "collector": "163745094",
            "ticket_settings": [],
            "platform_version": "6.8.2",
            "test_mode": false,
            "site_id": "mlb",
            "custom_settings": {
                "wallet_button": "yes",
                "checkout_credential_prod": "deprecated",
                "commission_checkbox": "no",
                "checkbox_checkout_test_mode": "yes",
                "currency_conversion": "no",
                "binary_mode": "no",
                "coupon_mode": "no",
                "gateway_discount_checkbox": "no",
                "enabled": "yes"
            },
            "pix_settings": {
                "enabled": "yes"
            },
            "details": "",
            "user": {
                "user_email": null,
                "registered_user": "no",
                "user_registration_date": null
            },
            "checkout": "custom"
        },
        "additional_info": {
            "items": [
                {
                    "id": "195",
                    "title": "Farofa com Muita Cebola x 3",
                    "description": "Por-ser-incrivelmente-saborosa-a-Farofa-com-muita-cebola-crocante-e-a-campea-de-vendas-conquistando-todos-os-paladares.-Nesta-nobre-preparacao-a-farinha-de-mandioca-absorve-o-incrivel-sabor-da-cebola-fresca-resultando-em",
                    "picture_url": "https:\/\/www.sekiama.com.br\/wp-content\/uploads\/2021\/11\/cebola-frente-1.png",
                    "category_id": "others",
                    "quantity": "1",
                    "unit_price": "51.6"
                },
                {
                    "id": null,
                    "title": "PAC (Entrega em 7 dias úteis)",
                    "description": "Serviço de envio usado pela loja.",
                    "picture_url": null,
                    "category_id": "others",
                    "quantity": "1",
                    "unit_price": "28.1"
                }
            ],
            "payer": {
                "phone": {
                    "number": "(31) 99981-7171"
                },
                "address": {
                    "zip_code": "30421-310",
                    "street_name": "Açucenas \/ Belo Horizonte SP BR"
                },
                "first_name": "Regina",
                "last_name": "Antunes"
            },
            "shipments": {
                "receiver_address": {
                    "zip_code": "30421-310",
                    "state_name": "SP",
                    "city_name": "Belo Horizonte",
                    "street_name": "Açucenas  Belo Horizonte SP BR"
                }
            },
            "available_balance": null,
            "nsu_processadora": null,
            "authentication_code": null
        },
        "order": [],
        "external_reference": "WC-13908",
        "transaction_amount": 79.7000000000000028421709430404007434844970703125,
        "transaction_amount_refunded": 0,
        "coupon_amount": 0,
        "differential_pricing_id": null,
        "deduction_schema": null,
        "callback_url": null,
        "installments": 1,
        "transaction_details": {
            "payment_method_reference_id": null,
            "net_received_amount": 0,
            "total_paid_amount": 79.7000000000000028421709430404007434844970703125,
            "overpaid_amount": 0,
            "external_resource_url": null,
            "installment_amount": 0,
            "financial_institution": null,
            "payable_deferral_period": null,
            "acquirer_reference": null,
            "bank_transfer_id": null,
            "transaction_id": null
        },
        "fee_details": [],
        "charges_details": [],
        "captured": true,
        "binary_mode": false,
        "call_for_authorize_id": null,
        "statement_descriptor": null,
        "card": [],
        "notification_url": "https:\/\/www.sekiama.com.br\/wc-api\/WC_WooMercadoPago_Pix_Gateway\/?source_news=webhooks",
        "refunds": [],
        "processing_mode": "aggregator",
        "merchant_account_id": null,
        "merchant_number": null,
        "acquirer_reconciliation": [],
        "point_of_interaction": {
            "type": "OPENPLATFORM",
            "business_info": {
                "unit": "online_payments",
                "sub_unit": "woocommerce"
            },
            "location": {
                "state_id": null,
                "source": null
            },
            "application_data": {
                "name": null,
                "version": null
            },
            "transaction_data": {
                "qr_code": "00020126580014br.gov.bcb.pix01365c772f2f-4a19-4c09-91f1-461d82801da0520400005303986540579.705802BR5913THIAGOERMINIO6008So Paulo62240520mpqrinter255181348226304AA48",
                "bank_transfer_id": null,
                "transaction_id": null,
                "financial_institution": null,
                "ticket_url": "https:\/\/www.mercadopago.com.br\/payments\/25518134822\/ticket?caller_id=215830552&hash=ee712811-060d-491e-bbae-698f1c0f66f7",
                "bank_info": {
                    "payer": {
                        "account_id": null,
                        "id": null,
                        "long_name": null,
                        "external_account_id": null
                    },
                    "collector": {
                        "account_id": null,
                        "long_name": null,
                        "account_holder_name": "Thiago Erminio Victor",
                        "transfer_account_id": null
                    },
                    "is_same_bank_account_owner": null,
                    "origin_bank_id": null,
                    "origin_wallet_id": null
                },
                "qr_code_base64": "iVBORw0KGgoAAAANSUhEUgAABWQAAAVkAQAAAAB79iscAAAI00lEQVR42u3dQW7cOBAFUN6A97+lbqBBBgYisT6pNhIMxuLrRRDb3dJT7z6qWNXOH\/Q6Gi0tLS0tLS0tLS0tLS0tLS0tLS0tLS0tLS0tLS0tLS0tLS0tLS0tLS0tLS0tLS0tLS0tLS3t39e28dV\/\/a5\/\/eHXey+\/u37i9r7r\/\/792Nd92tc\/5\/V6vy96vXxl0NLS0tLS0tLS0tLSbqLt18h2vchNMdyn8NJfb5ca3EWbGLS0tLS0tLS0tLS0tLtoh2B4TX3n\/Y6LGlwrsoov0XQaSGlpaWlpaWlpaWlpaffWVt71MYbb3iJiqhsO1ytPQEtLS0tLS0tLS0tLSztLc9eIOC0A1tfwvvLjkd9MS0tLS0tLS0tLS0u7rXaKLze7lf2GZPn0LH12j\/OPekRpaWlpaWlpaWlpaWl\/unY6peS\/\/edPZ6rQ0tLS0tLS0tLS0tL+UO36gFvpnOz5+NsiT55hpMntAs8MWlpaWlpaWlpaWlrad2uPWdPkbdzI9cIfDOVveV7JcMtSD+wP1T1aWlpaWlpaWlpaWto3atey9JYVuUw4GbatnaU7cwia5ea0tLS0tLS0tLS0tLRv1x651zJnvepeKI5wpm4dNJ+mlNDS0tLS0tLS0tLS0r5PO41v07kh6Qlym+XtE6WBswbXVOejpaWlpaWlpaWlpaV9u7Z0XT6i8i62ls\/KpY7NFFzTX2lpaWlpaWlpaWlpaTfRptg4XG5yrC2daFtcquVqYeGd43dDS0tLS0tLS0tLS0v7Zu1021pKh+v1amne5DUdnuUTs7Ek7du74WhpaWlpaWlpaWlpaX+stgwZOZdNk\/VsWzFO\/pBT5JE7MWlpaWlpaWlpaWlpaXfSpnLe0AdZr17OttWDcOkrSMNIUlKlpaWlpaWlpaWlpaXdR1umhZzXWl2pt5WJ+7FQWIb89zJlsgwoabkUSEtLS0tLS0tLS0tL+3ZtuWMrQ0vyUbe0DKC1hz1u0wf6zg4CWlpaWlpaWlpaWlraV2kXp9eOMOm\/TpnMQ\/lb3oJdMusRguby7B4tLS0tLS0tLS0tLe37tEP34\/Ro2pH3YQ9PmhZql9N13\/iRlpaWlpaWlpaWlpZ2E217ToxHHjwypM1pvEyH3nKKHF60tLS0tLS0tLS0tLQbaEvP48o4vHn6yu2Ya\/wZF2rT0tLS0tLS0tLS0tK+WZuG8qdzcSljFsBkN0D+CqY9mYsUSUtLS0tLS0tLS0tL+0btWcJirrcdeTN2mTI5LQoO67bbYrcbLS0tLS0tLS0tLS3tTtojh8XhctM11eX83Dl7yH6\/ZS+lwDLQn5aWlpaWlpaWlpaWdgvtmbNe7o28pcOU\/4aBJ7lu2O\/ktNaNlpaWlpaWlpaWlpZ2F21pqVxP3D9L9Mvn3Vq4QA+FvbbYxUZLS0tLS0tLS0tLS7uF9pr\/WmiarA2XwyfKBdJ4\/tqOmXYDpL\/S0tLS0tLS0tLS0tK+XTu9Tx7jX\/dcp2Vp+Sp9VjLss0RLS0tLS0tLS0tLS0u7hbbPanVHOeWWSnfpsyUTTg7MDbHxk1okLS0tLS0tLS0tLS3t27Q5CdbSXenJPGfZsYVZJ0c+HJcO24WDerS0tLS0tLS0tLS0tO\/WHrPL1SLecIucHdO960SST\/MkLS0tLS0tLS0tLS3t27XFs8qJw7OUqwzFvunvaoQtX99JS0tLS0tLS0tLS0u7jTYtQTtm00eOxbTHa\/hcAUpibOG+nZaWlpaWlpaWlpaWdhNtNg771FpeljZ95pJFp7kzxUZaWlpaWlpaWlpaWtrNtL\/Jk9Eiod7WUmwsR916PkmXf9dLvKSlpaWlpaWlpaWlpd1Cm\/Pfuey1rBGx3Gco8R2zxHjkSSi0tLS0tLS0tLS0tLQ7aSdjSUqHZQt5cgiVwy62IzzGOZsoWYeg0NLS0tLS0tLS0tLS7qPN2XG6nPoIgKE418p+tqdDb7XYR0tLS0tLS0tLS0tLu4m2l9bLRTrsi\/CZfzcsZDvy1JOPUyQtLS0tLS0tLS0tLe3btOvSXfjo+AQpRebzc+vyYAv9l7S0tLS0tLS0tLS0tFtoh7Jam90nZcf+tGitdHGmrsvphEpaWlpaWlpaWlpaWtoNtOUIW02Rw7MM5NyEuXotRpV0WlpaWlpaWlpaWlra7bR5CdpkWdo19U22ZZc8ORT70ka3GiVpaWlpaWlpaWlpaWk305aDa212kRbmlaR0uN7edoZtArci43OPKC0tLS0tLS0tLS0t7cu0fdZS2RddksPwx\/LM\/Q5IR+daSKr9MUXS0tLS0tLS0tLS0tK+SFtQQ9dlD2fl0nz\/VgJkqf2tj86dn1T3aGlpaWlpaWlpaWlp36fNeTJNGkkdlmdovexhmOQks05XuNHS0tLS0tLS0tLS0u6jzQlv2hs5bEc7QrHvmBXsWj5iN1wvfIe0tLS0tLS0tLS0tLRv1ubjb312Vu7IK65TN2UOi7WgmPovl5mXlpaWlpaWlpaWlpb2VdpiHCLipJI3FOym8ybX7Z356Nz5WXWPlpaWlpaWlpaWlpb2VdqWWyoXU0p6qQyWv65Khukbyc2atLS0tLS0tLS0tLS079amV5r7uGyLbHl\/da0g5m1r\/f6Wp65LWlpaWlpaWlpaWlraV2nb+Op5f\/UHU0VS6a6kyDq3f132o6WlpaWlpaWlpaWlfb82nWhLIx9b2VWdk+Dkf9e6YX3mj1MkLS0tLS0tLS0tLS3tK7XTAFlmPFbyunPyKXy27\/aI0tLS0tLS0tLS0tLS7qVNWW9wp8pg\/kTPCbSUAp+qe7S0tLS0tLS0tLS0tBtoa65bFOxS5DxLOa8U8VZFQVpaWlpaWlpaWlpa2s20CZ8T3mSC\/xAqp7W\/4bO5qfOkpaWlpaWlpaWlpaXdS1sbH4eLpHNs09H+w5VzefAMEyproZCWlpaWlpaWlpaWlnYL7f\/\/RUtLS0tLS0tLS0tLS0tLS0tLS0tLS0tLS0tLS0tLS0tLS0tLS0tLS0tLS0tLS0tLS0tLS0v717T\/ANXNyBSwYM86AAAAAElFTkSuQmCC"
            }
        }
    }
}
09-06-2022 @ 07:09:22 - [create_preference]: payment link generated with success from mercado pago, with structure as follow: {
    "status": 201,
    "response": {
        "id": 25518134822,
        "date_created": "2022-09-06T06:09:23.408-04:00",
        "date_approved": null,
        "date_last_updated": "2022-09-06T06:09:23.408-04:00",
        "date_of_expiration": "2022-09-06T06:39:22.000-04:00",
        "money_release_date": null,
        "money_release_status": null,
        "operation_type": "regular_payment",
        "issuer_id": null,
        "payment_method_id": "pix",
        "payment_type_id": "bank_transfer",
        "status": "pending",
        "status_detail": "pending_waiting_transfer",
        "currency_id": "BRL",
        "description": "Farofa com Muita Cebola x 3",
        "live_mode": true,
        "sponsor_id": 208686191,
        "authorization_code": null,
        "money_release_schema": null,
        "taxes_amount": 0,
        "counter_currency": null,
        "brand_id": null,
        "shipping_amount": 0,
        "build_version": "2.110.0-rc-1",
        "pos_id": null,
        "store_id": null,
        "integrator_id": null,
        "platform_id": "bo2hnr2ic4p001kbgpt0",
        "corporation_id": null,
        "collector_id": 163745094,
        "payer": {
            "type": null,
            "id": "215830552",
            "operator_id": null,
            "email": null,
            "identification": {
                "type": null,
                "number": null
            },
            "phone": {
                "area_code": null,
                "number": null,
                "extension": null
            },
            "first_name": null,
            "last_name": null,
            "entity_type": null
        },
        "marketplace_owner": null,
        "metadata": {
            "basic_settings": {
                "ex_payments_debelo": "yes",
                "checkout_credential_prod": "deprecated",
                "checkbox_checkout_test_mode": "yes",
                "method": "redirect",
                "ex_payments_amex": "yes",
                "gateway_discount_checkbox": "no",
                "enabled": "no",
                "ex_payments_master": "yes",
                "ex_payments_visa": "yes",
                "ex_payments_pec": "yes",
                "ex_payments_bolbradesco": "yes",
                "commission_checkbox": "no",
                "currency_conversion": "no",
                "installments": "1",
                "binary_mode": "no",
                "ex_payments_debvisa": "yes",
                "ex_payments_elo": "yes",
                "auto_return": "yes",
                "ex_payments_hipercard": "yes"
            },
            "checkout_type": "pix",
            "seller_website": "https:\/\/www.sekiama.com.br",
            "billing_address": {
                "city_name": "Belo Horizonte",
                "state_name": "SP",
                "country_name": "BR",
                "zip_code": "30421-310",
                "street_name": "Açucenas"
            },
            "module_version": "6.1.0",
            "sponsor_id": 208686191,
            "platform": "bo2hnr2ic4p001kbgpt0",
            "collector": "163745094",
            "ticket_settings": [],
            "platform_version": "6.8.2",
            "test_mode": false,
            "site_id": "mlb",
            "custom_settings": {
                "wallet_button": "yes",
                "checkout_credential_prod": "deprecated",
                "commission_checkbox": "no",
                "checkbox_checkout_test_mode": "yes",
                "currency_conversion": "no",
                "binary_mode": "no",
                "coupon_mode": "no",
                "gateway_discount_checkbox": "no",
                "enabled": "yes"
            },
            "pix_settings": {
                "enabled": "yes"
            },
            "details": "",
            "user": {
                "user_email": null,
                "registered_user": "no",
                "user_registration_date": null
            },
            "checkout": "custom"
        },
        "additional_info": {
            "items": [
                {
                    "id": "195",
                    "title": "Farofa com Muita Cebola x 3",
                    "description": "Por-ser-incrivelmente-saborosa-a-Farofa-com-muita-cebola-crocante-e-a-campea-de-vendas-conquistando-todos-os-paladares.-Nesta-nobre-preparacao-a-farinha-de-mandioca-absorve-o-incrivel-sabor-da-cebola-fresca-resultando-em",
                    "picture_url": "https:\/\/www.sekiama.com.br\/wp-content\/uploads\/2021\/11\/cebola-frente-1.png",
                    "category_id": "others",
                    "quantity": "1",
                    "unit_price": "51.6"
                },
                {
                    "id": null,
                    "title": "PAC (Entrega em 7 dias úteis)",
                    "description": "Serviço de envio usado pela loja.",
                    "picture_url": null,
                    "category_id": "others",
                    "quantity": "1",
                    "unit_price": "28.1"
                }
            ],
            "payer": {
                "phone": {
                    "number": "(31) 99981-7171"
                },
                "address": {
                    "zip_code": "30421-310",
                    "street_name": "Açucenas \/ Belo Horizonte SP BR"
                },
                "first_name": "Regina",
                "last_name": "Antunes"
            },
            "shipments": {
                "receiver_address": {
                    "zip_code": "30421-310",
                    "state_name": "SP",
                    "city_name": "Belo Horizonte",
                    "street_name": "Açucenas  Belo Horizonte SP BR"
                }
            },
            "available_balance": null,
            "nsu_processadora": null,
            "authentication_code": null
        },
        "order": [],
        "external_reference": "WC-13908",
        "transaction_amount": 79.7000000000000028421709430404007434844970703125,
        "transaction_amount_refunded": 0,
        "coupon_amount": 0,
        "differential_pricing_id": null,
        "deduction_schema": null,
        "callback_url": null,
        "installments": 1,
        "transaction_details": {
            "payment_method_reference_id": null,
            "net_received_amount": 0,
            "total_paid_amount": 79.7000000000000028421709430404007434844970703125,
            "overpaid_amount": 0,
            "external_resource_url": null,
            "installment_amount": 0,
            "financial_institution": null,
            "payable_deferral_period": null,
            "acquirer_reference": null,
            "bank_transfer_id": null,
            "transaction_id": null
        },
        "fee_details": [],
        "charges_details": [],
        "captured": true,
        "binary_mode": false,
        "call_for_authorize_id": null,
        "statement_descriptor": null,
        "card": [],
        "notification_url": "https:\/\/www.sekiama.com.br\/wc-api\/WC_WooMercadoPago_Pix_Gateway\/?source_news=webhooks",
        "refunds": [],
        "processing_mode": "aggregator",
        "merchant_account_id": null,
        "merchant_number": null,
        "acquirer_reconciliation": [],
        "point_of_interaction": {
            "type": "OPENPLATFORM",
            "business_info": {
                "unit": "online_payments",
                "sub_unit": "woocommerce"
            },
            "location": {
                "state_id": null,
                "source": null
            },
            "application_data": {
                "name": null,
                "version": null
            },
            "transaction_data": {
                "qr_code": "00020126580014br.gov.bcb.pix01365c772f2f-4a19-4c09-91f1-461d82801da0520400005303986540579.705802BR5913THIAGOERMINIO6008So Paulo62240520mpqrinter255181348226304AA48",
                "bank_transfer_id": null,
                "transaction_id": null,
                "financial_institution": null,
                "ticket_url": "https:\/\/www.mercadopago.com.br\/payments\/25518134822\/ticket?caller_id=215830552&hash=ee712811-060d-491e-bbae-698f1c0f66f7",
                "bank_info": {
                    "payer": {
                        "account_id": null,
                        "id": null,
                        "long_name": null,
                        "external_account_id": null
                    },
                    "collector": {
                        "account_id": null,
                        "long_name": null,
                        "account_holder_name": "Thiago Erminio Victor",
                        "transfer_account_id": null
                    },
                    "is_same_bank_account_owner": null,
                    "origin_bank_id": null,
                    "origin_wallet_id": null
                },
                "qr_code_base64": "iVBORw0KGgoAAAANSUhEUgAABWQAAAVkAQAAAAB79iscAAAI00lEQVR42u3dQW7cOBAFUN6A97+lbqBBBgYisT6pNhIMxuLrRRDb3dJT7z6qWNXOH\/Q6Gi0tLS0tLS0tLS0tLS0tLS0tLS0tLS0tLS0tLS0tLS0tLS0tLS0tLS0tLS0tLS0tLS0tLS3t39e28dV\/\/a5\/\/eHXey+\/u37i9r7r\/\/792Nd92tc\/5\/V6vy96vXxl0NLS0tLS0tLS0tLSbqLt18h2vchNMdyn8NJfb5ca3EWbGLS0tLS0tLS0tLS0tLtoh2B4TX3n\/Y6LGlwrsoov0XQaSGlpaWlpaWlpaWlpaffWVt71MYbb3iJiqhsO1ytPQEtLS0tLS0tLS0tLSztLc9eIOC0A1tfwvvLjkd9MS0tLS0tLS0tLS0u7rXaKLze7lf2GZPn0LH12j\/OPekRpaWlpaWlpaWlpaWl\/unY6peS\/\/edPZ6rQ0tLS0tLS0tLS0tL+UO36gFvpnOz5+NsiT55hpMntAs8MWlpaWlpaWlpaWlrad2uPWdPkbdzI9cIfDOVveV7JcMtSD+wP1T1aWlpaWlpaWlpaWto3atey9JYVuUw4GbatnaU7cwia5ea0tLS0tLS0tLS0tLRv1x651zJnvepeKI5wpm4dNJ+mlNDS0tLS0tLS0tLS0r5PO41v07kh6Qlym+XtE6WBswbXVOejpaWlpaWlpaWlpaV9u7Z0XT6i8i62ls\/KpY7NFFzTX2lpaWlpaWlpaWlpaTfRptg4XG5yrC2daFtcquVqYeGd43dDS0tLS0tLS0tLS0v7Zu1021pKh+v1amne5DUdnuUTs7Ek7du74WhpaWlpaWlpaWlpaX+stgwZOZdNk\/VsWzFO\/pBT5JE7MWlpaWlpaWlpaWlpaXfSpnLe0AdZr17OttWDcOkrSMNIUlKlpaWlpaWlpaWlpaXdR1umhZzXWl2pt5WJ+7FQWIb89zJlsgwoabkUSEtLS0tLS0tLS0tL+3ZtuWMrQ0vyUbe0DKC1hz1u0wf6zg4CWlpaWlpaWlpaWlraV2kXp9eOMOm\/TpnMQ\/lb3oJdMusRguby7B4tLS0tLS0tLS0tLe37tEP34\/Ro2pH3YQ9PmhZql9N13\/iRlpaWlpaWlpaWlpZ2E217ToxHHjwypM1pvEyH3nKKHF60tLS0tLS0tLS0tLQbaEvP48o4vHn6yu2Ya\/wZF2rT0tLS0tLS0tLS0tK+WZuG8qdzcSljFsBkN0D+CqY9mYsUSUtLS0tLS0tLS0tL+0btWcJirrcdeTN2mTI5LQoO67bbYrcbLS0tLS0tLS0tLS3tTtojh8XhctM11eX83Dl7yH6\/ZS+lwDLQn5aWlpaWlpaWlpaWdgvtmbNe7o28pcOU\/4aBJ7lu2O\/ktNaNlpaWlpaWlpaWlpZ2F21pqVxP3D9L9Mvn3Vq4QA+FvbbYxUZLS0tLS0tLS0tLS7uF9pr\/WmiarA2XwyfKBdJ4\/tqOmXYDpL\/S0tLS0tLS0tLS0tK+XTu9Tx7jX\/dcp2Vp+Sp9VjLss0RLS0tLS0tLS0tLS0u7hbbPanVHOeWWSnfpsyUTTg7MDbHxk1okLS0tLS0tLS0tLS3t27Q5CdbSXenJPGfZsYVZJ0c+HJcO24WDerS0tLS0tLS0tLS0tO\/WHrPL1SLecIucHdO960SST\/MkLS0tLS0tLS0tLS3t27XFs8qJw7OUqwzFvunvaoQtX99JS0tLS0tLS0tLS0u7jTYtQTtm00eOxbTHa\/hcAUpibOG+nZaWlpaWlpaWlpaWdhNtNg771FpeljZ95pJFp7kzxUZaWlpaWlpaWlpaWtrNtL\/Jk9Eiod7WUmwsR916PkmXf9dLvKSlpaWlpaWlpaWlpd1Cm\/Pfuey1rBGx3Gco8R2zxHjkSSi0tLS0tLS0tLS0tLQ7aSdjSUqHZQt5cgiVwy62IzzGOZsoWYeg0NLS0tLS0tLS0tLS7qPN2XG6nPoIgKE418p+tqdDb7XYR0tLS0tLS0tLS0tLu4m2l9bLRTrsi\/CZfzcsZDvy1JOPUyQtLS0tLS0tLS0tLe3btOvSXfjo+AQpRebzc+vyYAv9l7S0tLS0tLS0tLS0tFtoh7Jam90nZcf+tGitdHGmrsvphEpaWlpaWlpaWlpaWtoNtOUIW02Rw7MM5NyEuXotRpV0WlpaWlpaWlpaWlra7bR5CdpkWdo19U22ZZc8ORT70ka3GiVpaWlpaWlpaWlpaWk305aDa212kRbmlaR0uN7edoZtArci43OPKC0tLS0tLS0tLS0t7cu0fdZS2RddksPwx\/LM\/Q5IR+daSKr9MUXS0tLS0tLS0tLS0tK+SFtQQ9dlD2fl0nz\/VgJkqf2tj86dn1T3aGlpaWlpaWlpaWlp36fNeTJNGkkdlmdovexhmOQks05XuNHS0tLS0tLS0tLS0u6jzQlv2hs5bEc7QrHvmBXsWj5iN1wvfIe0tLS0tLS0tLS0tLRv1ubjb312Vu7IK65TN2UOi7WgmPovl5mXlpaWlpaWlpaWlpb2VdpiHCLipJI3FOym8ybX7Z356Nz5WXWPlpaWlpaWlpaWlpb2VdqWWyoXU0p6qQyWv65Khukbyc2atLS0tLS0tLS0tLS079amV5r7uGyLbHl\/da0g5m1r\/f6Wp65LWlpaWlpaWlpaWlraV2nb+Op5f\/UHU0VS6a6kyDq3f132o6WlpaWlpaWlpaWlfb82nWhLIx9b2VWdk+Dkf9e6YX3mj1MkLS0tLS0tLS0tLS3tK7XTAFlmPFbyunPyKXy27\/aI0tLS0tLS0tLS0tLS7qVNWW9wp8pg\/kTPCbSUAp+qe7S0tLS0tLS0tLS0tBtoa65bFOxS5DxLOa8U8VZFQVpaWlpaWlpaWlpa2s20CZ8T3mSC\/xAqp7W\/4bO5qfOkpaWlpaWlpaWlpaXdS1sbH4eLpHNs09H+w5VzefAMEyproZCWlpaWlpaWlpaWlnYL7f\/\/RUtLS0tLS0tLS0tLS0tLS0tLS0tLS0tLS0tLS0tLS0tLS0tLS0tLS0tLS0tLS0tLS0tLS0v717T\/ANXNyBSwYM86AAAAAElFTkSuQmCC"
            }
        }
    }
}
09-06-2022 @ 07:09:23 - [check_ipn_response]: received _get content: {
    "data_id": "25518134822",
    "source_news": "webhooks",
    "type": "payment"
}
09-06-2022 @ 07:09:23 - [successful_request]: starting to process  update...
09-06-2022 @ 07:09:23 - [successful_request]: updating metadata and status with data: {
    "acquirer_reconciliation": [],
    "additional_info": {
        "authentication_code": null,
        "available_balance": null,
        "items": [
            {
                "category_id": "others",
                "description": "Por-ser-incrivelmente-saborosa-a-Farofa-com-muita-cebola-crocante-e-a-campea-de-vendas-conquistando-todos-os-paladares.-Nesta-nobre-preparacao-a-farinha-de-mandioca-absorve-o-incrivel-sabor-da-cebola-fresca-resultando-em",
                "id": "195",
                "picture_url": "https:\/\/www.sekiama.com.br\/wp-content\/uploads\/2021\/11\/cebola-frente-1.png",
                "quantity": "1",
                "title": "Farofa com Muita Cebola x 3",
                "unit_price": "51.6"
            },
            {
                "category_id": "others",
                "description": "Serviço de envio usado pela loja.",
                "id": null,
                "picture_url": null,
                "quantity": "1",
                "title": "PAC (Entrega em 7 dias úteis)",
                "unit_price": "28.1"
            }
        ],
        "nsu_processadora": null,
        "payer": {
            "address": {
                "street_name": "Açucenas \/ Belo Horizonte SP BR",
                "zip_code": "30421-310"
            },
            "first_name": "Regina",
            "last_name": "Antunes",
            "phone": {
                "number": "(31) 99981-7171"
            }
        },
        "shipments": {
            "receiver_address": {
                "city_name": "Belo Horizonte",
                "state_name": "SP",
                "street_name": "Açucenas  Belo Horizonte SP BR",
                "zip_code": "30421-310"
            }
        }
    },
    "authorization_code": null,
    "binary_mode": false,
    "brand_id": null,
    "build_version": "2.110.0-rc-1",
    "call_for_authorize_id": null,
    "callback_url": null,
    "captured": true,
    "card": [],
    "charges_details": [],
    "collector_id": 163745094,
    "corporation_id": null,
    "counter_currency": null,
    "coupon_amount": 0,
    "currency_id": "BRL",
    "date_approved": null,
    "date_created": "2022-09-06T06:09:23.000-04:00",
    "date_last_updated": "2022-09-06T06:09:23.000-04:00",
    "date_of_expiration": "2022-09-06T06:39:22.000-04:00",
    "deduction_schema": null,
    "description": "Farofa com Muita Cebola x 3",
    "differential_pricing_id": null,
    "external_reference": "WC-13908",
    "fee_details": [],
    "id": 25518134822,
    "installments": 1,
    "integrator_id": null,
    "issuer_id": null,
    "live_mode": true,
    "marketplace_owner": null,
    "merchant_account_id": null,
    "merchant_number": null,
    "metadata": {
        "basic_settings": {
            "ex_payments_debelo": "yes",
            "checkout_credential_prod": "deprecated",
            "checkbox_checkout_test_mode": "yes",
            "method": "redirect",
            "ex_payments_amex": "yes",
            "gateway_discount_checkbox": "no",
            "enabled": "no",
            "ex_payments_master": "yes",
            "ex_payments_pec": "yes",
            "ex_payments_visa": "yes",
            "ex_payments_bolbradesco": "yes",
            "commission_checkbox": "no",
            "binary_mode": "no",
            "currency_conversion": "no",
            "installments": "1",
            "ex_payments_debvisa": "yes",
            "ex_payments_elo": "yes",
            "auto_return": "yes",
            "ex_payments_hipercard": "yes"
        },
        "checkout_type": "pix",
        "seller_website": "https:\/\/www.sekiama.com.br",
        "billing_address": {
            "city_name": "Belo Horizonte",
            "state_name": "SP",
            "country_name": "BR",
            "street_name": "Açucenas",
            "zip_code": "30421-310"
        },
        "module_version": "6.1.0",
        "sponsor_id": 208686191,
        "collector": "163745094",
        "platform": "bo2hnr2ic4p001kbgpt0",
        "ticket_settings": [],
        "platform_version": "6.8.2",
        "test_mode": false,
        "site_id": "mlb",
        "custom_settings": {
            "checkout_credential_prod": "deprecated",
            "wallet_button": "yes",
            "commission_checkbox": "no",
            "checkbox_checkout_test_mode": "yes",
            "binary_mode": "no",
            "currency_conversion": "no",
            "coupon_mode": "no",
            "gateway_discount_checkbox": "no",
            "enabled": "yes"
        },
        "pix_settings": {
            "enabled": "yes"
        },
        "details": "",
        "checkout": "custom",
        "user": {
            "user_email": null,
            "registered_user": "no",
            "user_registration_date": null
        }
    },
    "money_release_date": null,
    "money_release_schema": null,
    "money_release_status": null,
    "notification_url": "https:\/\/www.sekiama.com.br\/wc-api\/WC_WooMercadoPago_Pix_Gateway\/?source_news=webhooks",
    "operation_type": "regular_payment",
    "order": [],
    "payer": {
        "email": null,
        "entity_type": null,
        "first_name": null,
        "id": "215830552",
        "identification": {
            "number": null,
            "type": null
        },
        "last_name": null,
        "operator_id": null,
        "phone": {
            "area_code": null,
            "extension": null,
            "number": null
        },
        "type": null
    },
    "payment_method_id": "pix",
    "payment_type_id": "bank_transfer",
    "platform_id": "bo2hnr2ic4p001kbgpt0",
    "point_of_interaction": {
        "application_data": {
            "name": null,
            "version": null
        },
        "business_info": {
            "sub_unit": "woocommerce",
            "unit": "online_payments"
        },
        "location": {
            "source": null,
            "state_id": null
        },
        "transaction_data": {
            "bank_info": {
                "collector": {
                    "account_holder_name": "Thiago Erminio Victor",
                    "account_id": null,
                    "long_name": null,
                    "transfer_account_id": null
                },
                "is_same_bank_account_owner": null,
                "origin_bank_id": null,
                "origin_wallet_id": null,
                "payer": {
                    "account_id": null,
                    "external_account_id": null,
                    "id": null,
                    "long_name": null
                }
            },
            "bank_transfer_id": null,
            "financial_institution": null,
            "infringement_notification": {
                "status": null,
                "type": null
            },
            "qr_code": "00020126580014br.gov.bcb.pix01365c772f2f-4a19-4c09-91f1-461d82801da0520400005303986540579.705802BR5913THIAGOERMINIO6008So Paulo62240520mpqrinter255181348226304AA48",
            "qr_code_base64": "iVBORw0KGgoAAAANSUhEUgAABWQAAAVkAQAAAAB79iscAAAI00lEQVR42u3dQW7cOBAFUN6A97+lbqBBBgYisT6pNhIMxuLrRRDb3dJT7z6qWNXOH\/Q6Gi0tLS0tLS0tLS0tLS0tLS0tLS0tLS0tLS0tLS0tLS0tLS0tLS0tLS0tLS0tLS0tLS0tLS3t39e28dV\/\/a5\/\/eHXey+\/u37i9r7r\/\/792Nd92tc\/5\/V6vy96vXxl0NLS0tLS0tLS0tLSbqLt18h2vchNMdyn8NJfb5ca3EWbGLS0tLS0tLS0tLS0tLtoh2B4TX3n\/Y6LGlwrsoov0XQaSGlpaWlpaWlpaWlpaffWVt71MYbb3iJiqhsO1ytPQEtLS0tLS0tLS0tLSztLc9eIOC0A1tfwvvLjkd9MS0tLS0tLS0tLS0u7rXaKLze7lf2GZPn0LH12j\/OPekRpaWlpaWlpaWlpaWl\/unY6peS\/\/edPZ6rQ0tLS0tLS0tLS0tL+UO36gFvpnOz5+NsiT55hpMntAs8MWlpaWlpaWlpaWlrad2uPWdPkbdzI9cIfDOVveV7JcMtSD+wP1T1aWlpaWlpaWlpaWto3atey9JYVuUw4GbatnaU7cwia5ea0tLS0tLS0tLS0tLRv1x651zJnvepeKI5wpm4dNJ+mlNDS0tLS0tLS0tLS0r5PO41v07kh6Qlym+XtE6WBswbXVOejpaWlpaWlpaWlpaV9u7Z0XT6i8i62ls\/KpY7NFFzTX2lpaWlpaWlpaWlpaTfRptg4XG5yrC2daFtcquVqYeGd43dDS0tLS0tLS0tLS0v7Zu1021pKh+v1amne5DUdnuUTs7Ek7du74WhpaWlpaWlpaWlpaX+stgwZOZdNk\/VsWzFO\/pBT5JE7MWlpaWlpaWlpaWlpaXfSpnLe0AdZr17OttWDcOkrSMNIUlKlpaWlpaWlpaWlpaXdR1umhZzXWl2pt5WJ+7FQWIb89zJlsgwoabkUSEtLS0tLS0tLS0tL+3ZtuWMrQ0vyUbe0DKC1hz1u0wf6zg4CWlpaWlpaWlpaWlraV2kXp9eOMOm\/TpnMQ\/lb3oJdMusRguby7B4tLS0tLS0tLS0tLe37tEP34\/Ro2pH3YQ9PmhZql9N13\/iRlpaWlpaWlpaWlpZ2E217ToxHHjwypM1pvEyH3nKKHF60tLS0tLS0tLS0tLQbaEvP48o4vHn6yu2Ya\/wZF2rT0tLS0tLS0tLS0tK+WZuG8qdzcSljFsBkN0D+CqY9mYsUSUtLS0tLS0tLS0tL+0btWcJirrcdeTN2mTI5LQoO67bbYrcbLS0tLS0tLS0tLS3tTtojh8XhctM11eX83Dl7yH6\/ZS+lwDLQn5aWlpaWlpaWlpaWdgvtmbNe7o28pcOU\/4aBJ7lu2O\/ktNaNlpaWlpaWlpaWlpZ2F21pqVxP3D9L9Mvn3Vq4QA+FvbbYxUZLS0tLS0tLS0tLS7uF9pr\/WmiarA2XwyfKBdJ4\/tqOmXYDpL\/S0tLS0tLS0tLS0tK+XTu9Tx7jX\/dcp2Vp+Sp9VjLss0RLS0tLS0tLS0tLS0u7hbbPanVHOeWWSnfpsyUTTg7MDbHxk1okLS0tLS0tLS0tLS3t27Q5CdbSXenJPGfZsYVZJ0c+HJcO24WDerS0tLS0tLS0tLS0tO\/WHrPL1SLecIucHdO960SST\/MkLS0tLS0tLS0tLS3t27XFs8qJw7OUqwzFvunvaoQtX99JS0tLS0tLS0tLS0u7jTYtQTtm00eOxbTHa\/hcAUpibOG+nZaWlpaWlpaWlpaWdhNtNg771FpeljZ95pJFp7kzxUZaWlpaWlpaWlpaWtrNtL\/Jk9Eiod7WUmwsR916PkmXf9dLvKSlpaWlpaWlpaWlpd1Cm\/Pfuey1rBGx3Gco8R2zxHjkSSi0tLS0tLS0tLS0tLQ7aSdjSUqHZQt5cgiVwy62IzzGOZsoWYeg0NLS0tLS0tLS0tLS7qPN2XG6nPoIgKE418p+tqdDb7XYR0tLS0tLS0tLS0tLu4m2l9bLRTrsi\/CZfzcsZDvy1JOPUyQtLS0tLS0tLS0tLe3btOvSXfjo+AQpRebzc+vyYAv9l7S0tLS0tLS0tLS0tFtoh7Jam90nZcf+tGitdHGmrsvphEpaWlpaWlpaWlpaWtoNtOUIW02Rw7MM5NyEuXotRpV0WlpaWlpaWlpaWlra7bR5CdpkWdo19U22ZZc8ORT70ka3GiVpaWlpaWlpaWlpaWk305aDa212kRbmlaR0uN7edoZtArci43OPKC0tLS0tLS0tLS0t7cu0fdZS2RddksPwx\/LM\/Q5IR+daSKr9MUXS0tLS0tLS0tLS0tK+SFtQQ9dlD2fl0nz\/VgJkqf2tj86dn1T3aGlpaWlpaWlpaWlp36fNeTJNGkkdlmdovexhmOQks05XuNHS0tLS0tLS0tLS0u6jzQlv2hs5bEc7QrHvmBXsWj5iN1wvfIe0tLS0tLS0tLS0tLRv1ubjb312Vu7IK65TN2UOi7WgmPovl5mXlpaWlpaWlpaWlpb2VdpiHCLipJI3FOym8ybX7Z356Nz5WXWPlpaWlpaWlpaWlpb2VdqWWyoXU0p6qQyWv65Khukbyc2atLS0tLS0tLS0tLS079amV5r7uGyLbHl\/da0g5m1r\/f6Wp65LWlpaWlpaWlpaWlraV2nb+Op5f\/UHU0VS6a6kyDq3f132o6WlpaWlpaWlpaWlfb82nWhLIx9b2VWdk+Dkf9e6YX3mj1MkLS0tLS0tLS0tLS3tK7XTAFlmPFbyunPyKXy27\/aI0tLS0tLS0tLS0tLS7qVNWW9wp8pg\/kTPCbSUAp+qe7S0tLS0tLS0tLS0tBtoa65bFOxS5DxLOa8U8VZFQVpaWlpaWlpaWlpa2s20CZ8T3mSC\/xAqp7W\/4bO5qfOkpaWlpaWlpaWlpaXdS1sbH4eLpHNs09H+w5VzefAMEyproZCWlpaWlpaWlpaWlnYL7f\/\/RUtLS0tLS0tLS0tLS0tLS0tLS0tLS0tLS0tLS0tLS0tLS0tLS0tLS0tLS0tLS0tLS0tLS0v717T\/ANXNyBSwYM86AAAAAElFTkSuQmCC",
            "ticket_url": "https:\/\/www.mercadopago.com.br\/payments\/25518134822\/ticket?caller_id=215830552&hash=ee712811-060d-491e-bbae-698f1c0f66f7",
            "transaction_id": null
        },
        "type": "OPENPLATFORM"
    },
    "pos_id": null,
    "processing_mode": "aggregator",
    "refunds": [],
    "shipping_amount": 0,
    "sponsor_id": 208686191,
    "statement_descriptor": null,
    "status": "pending",
    "status_detail": "pending_waiting_transfer",
    "store_id": null,
    "taxes_amount": 0,
    "transaction_amount": 79.7000000000000028421709430404007434844970703125,
    "transaction_amount_refunded": 0,
    "transaction_details": {
        "acquirer_reference": null,
        "bank_transfer_id": null,
        "external_resource_url": null,
        "financial_institution": null,
        "installment_amount": 0,
        "net_received_amount": 0,
        "overpaid_amount": 0,
        "payable_deferral_period": null,
        "payment_method_reference_id": null,
        "total_paid_amount": 79.7000000000000028421709430404007434844970703125,
        "transaction_id": null
    }
}
09-06-2022 @ 07:09:23 - [successful_request]: Changing order status to: pending
09-06-2022 @ 07:09:58 - [check_ipn_response]: received _get content: {
    "data_id": "25518134822",
    "source_news": "webhooks",
    "type": "payment"
}
09-06-2022 @ 07:09:58 - [successful_request]: starting to process  update...
09-06-2022 @ 07:09:58 - [successful_request]: updating metadata and status with data: {
    "acquirer_reconciliation": [],
    "additional_info": {
        "authentication_code": null,
        "available_balance": null,
        "bank_info": {
            "is_same_bank_account_owner": false
        },
        "items": [
            {
                "category_id": "others",
                "description": "Por-ser-incrivelmente-saborosa-a-Farofa-com-muita-cebola-crocante-e-a-campea-de-vendas-conquistando-todos-os-paladares.-Nesta-nobre-preparacao-a-farinha-de-mandioca-absorve-o-incrivel-sabor-da-cebola-fresca-resultando-em",
                "id": "195",
                "picture_url": "https:\/\/www.sekiama.com.br\/wp-content\/uploads\/2021\/11\/cebola-frente-1.png",
                "quantity": "1",
                "title": "Farofa com Muita Cebola x 3",
                "unit_price": "51.6"
            },
            {
                "category_id": "others",
                "description": "Serviço de envio usado pela loja.",
                "id": null,
                "picture_url": null,
                "quantity": "1",
                "title": "PAC (Entrega em 7 dias úteis)",
                "unit_price": "28.1"
            }
        ],
        "nsu_processadora": null,
        "payer": {
            "address": {
                "street_name": "Açucenas \/ Belo Horizonte SP BR",
                "zip_code": "30421-310"
            },
            "first_name": "Regina",
            "last_name": "Antunes",
            "phone": {
                "number": "(31) 99981-7171"
            }
        },
        "shipments": {
            "receiver_address": {
                "city_name": "Belo Horizonte",
                "state_name": "SP",
                "street_name": "Açucenas  Belo Horizonte SP BR",
                "zip_code": "30421-310"
            }
        }
    },
    "authorization_code": null,
    "binary_mode": false,
    "brand_id": null,
    "build_version": "2.110.0-rc-1",
    "call_for_authorize_id": null,
    "callback_url": null,
    "captured": true,
    "card": [],
    "charges_details": [],
    "collector_id": 163745094,
    "corporation_id": null,
    "counter_currency": null,
    "coupon_amount": 0,
    "currency_id": "BRL",
    "date_approved": "2022-09-06T06:09:58.000-04:00",
    "date_created": "2022-09-06T06:09:23.000-04:00",
    "date_last_updated": "2022-09-06T06:09:58.000-04:00",
    "date_of_expiration": "2022-09-06T06:39:22.000-04:00",
    "deduction_schema": null,
    "description": "Farofa com Muita Cebola x 3",
    "differential_pricing_id": null,
    "external_reference": "WC-13908",
    "fee_details": [
        {
            "amount": 0.79000000000000003552713678800500929355621337890625,
            "fee_payer": "collector",
            "type": "mercadopago_fee"
        }
    ],
    "id": 25518134822,
    "installments": 1,
    "integrator_id": null,
    "issuer_id": null,
    "live_mode": true,
    "marketplace_owner": null,
    "merchant_account_id": null,
    "merchant_number": null,
    "metadata": {
        "basic_settings": {
            "ex_payments_debelo": "yes",
            "checkout_credential_prod": "deprecated",
            "checkbox_checkout_test_mode": "yes",
            "method": "redirect",
            "ex_payments_amex": "yes",
            "gateway_discount_checkbox": "no",
            "enabled": "no",
            "ex_payments_master": "yes",
            "ex_payments_pec": "yes",
            "ex_payments_visa": "yes",
            "ex_payments_bolbradesco": "yes",
            "commission_checkbox": "no",
            "binary_mode": "no",
            "currency_conversion": "no",
            "installments": "1",
            "ex_payments_debvisa": "yes",
            "ex_payments_elo": "yes",
            "auto_return": "yes",
            "ex_payments_hipercard": "yes"
        },
        "checkout_type": "pix",
        "seller_website": "https:\/\/www.sekiama.com.br",
        "billing_address": {
            "city_name": "Belo Horizonte",
            "state_name": "SP",
            "country_name": "BR",
            "street_name": "Açucenas",
            "zip_code": "30421-310"
        },
        "module_version": "6.1.0",
        "sponsor_id": 208686191,
        "collector": "163745094",
        "platform": "bo2hnr2ic4p001kbgpt0",
        "ticket_settings": [],
        "platform_version": "6.8.2",
        "test_mode": false,
        "site_id": "mlb",
        "custom_settings": {
            "checkout_credential_prod": "deprecated",
            "wallet_button": "yes",
            "commission_checkbox": "no",
            "checkbox_checkout_test_mode": "yes",
            "binary_mode": "no",
            "currency_conversion": "no",
            "coupon_mode": "no",
            "gateway_discount_checkbox": "no",
            "enabled": "yes"
        },
        "pix_settings": {
            "enabled": "yes"
        },
        "details": "",
        "checkout": "custom",
        "user": {
            "user_email": null,
            "registered_user": "no",
            "user_registration_date": null
        }
    },
    "money_release_date": "2022-09-06T06:09:58.000-04:00",
    "money_release_schema": null,
    "money_release_status": null,
    "notification_url": "https:\/\/www.sekiama.com.br\/wc-api\/WC_WooMercadoPago_Pix_Gateway\/?source_news=webhooks",
    "operation_type": "regular_payment",
    "order": [],
    "payer": {
        "email": "regisantunes1021@gmail.com",
        "entity_type": null,
        "first_name": null,
        "id": "215830552",
        "identification": {
            "number": null,
            "type": null
        },
        "last_name": null,
        "operator_id": null,
        "phone": {
            "area_code": null,
            "extension": null,
            "number": null
        },
        "type": null
    },
    "payment_method_id": "pix",
    "payment_type_id": "bank_transfer",
    "platform_id": "bo2hnr2ic4p001kbgpt0",
    "point_of_interaction": {
        "application_data": {
            "name": null,
            "version": null
        },
        "business_info": {
            "sub_unit": "woocommerce",
            "unit": "online_payments"
        },
        "location": {
            "source": null,
            "state_id": null
        },
        "sub_type": "INTER_PSP",
        "transaction_data": {
            "bank_info": {
                "collector": {
                    "account_holder_name": "Thiago Erminio Victor",
                    "account_id": 55972707790,
                    "long_name": "Mercadopago.com Representações Ltda.",
                    "transfer_account_id": null
                },
                "is_same_bank_account_owner": false,
                "origin_bank_id": null,
                "origin_wallet_id": null,
                "payer": {
                    "account_id": 288814843,
                    "external_account_id": null,
                    "id": null,
                    "long_name": "Sicoob Credicom - Cooperativa de Economia e Crédito Mútuo dos Médicos e Profissionais da Área de Saúde do Brasil Ltda."
                }
            },
            "bank_transfer_id": 1467903837,
            "financial_institution": 1,
            "infringement_notification": {
                "status": null,
                "type": null
            },
            "qr_code": "00020126580014br.gov.bcb.pix01365c772f2f-4a19-4c09-91f1-461d82801da0520400005303986540579.705802BR5913THIAGOERMINIO6008So Paulo62240520mpqrinter255181348226304AA48",
            "qr_code_base64": "iVBORw0KGgoAAAANSUhEUgAABWQAAAVkAQAAAAB79iscAAAI00lEQVR42u3dQW7cOBAFUN6A97+lbqBBBgYisT6pNhIMxuLrRRDb3dJT7z6qWNXOH\/Q6Gi0tLS0tLS0tLS0tLS0tLS0tLS0tLS0tLS0tLS0tLS0tLS0tLS0tLS0tLS0tLS0tLS0tLS3t39e28dV\/\/a5\/\/eHXey+\/u37i9r7r\/\/792Nd92tc\/5\/V6vy96vXxl0NLS0tLS0tLS0tLSbqLt18h2vchNMdyn8NJfb5ca3EWbGLS0tLS0tLS0tLS0tLtoh2B4TX3n\/Y6LGlwrsoov0XQaSGlpaWlpaWlpaWlpaffWVt71MYbb3iJiqhsO1ytPQEtLS0tLS0tLS0tLSztLc9eIOC0A1tfwvvLjkd9MS0tLS0tLS0tLS0u7rXaKLze7lf2GZPn0LH12j\/OPekRpaWlpaWlpaWlpaWl\/unY6peS\/\/edPZ6rQ0tLS0tLS0tLS0tL+UO36gFvpnOz5+NsiT55hpMntAs8MWlpaWlpaWlpaWlrad2uPWdPkbdzI9cIfDOVveV7JcMtSD+wP1T1aWlpaWlpaWlpaWto3atey9JYVuUw4GbatnaU7cwia5ea0tLS0tLS0tLS0tLRv1x651zJnvepeKI5wpm4dNJ+mlNDS0tLS0tLS0tLS0r5PO41v07kh6Qlym+XtE6WBswbXVOejpaWlpaWlpaWlpaV9u7Z0XT6i8i62ls\/KpY7NFFzTX2lpaWlpaWlpaWlpaTfRptg4XG5yrC2daFtcquVqYeGd43dDS0tLS0tLS0tLS0v7Zu1021pKh+v1amne5DUdnuUTs7Ek7du74WhpaWlpaWlpaWlpaX+stgwZOZdNk\/VsWzFO\/pBT5JE7MWlpaWlpaWlpaWlpaXfSpnLe0AdZr17OttWDcOkrSMNIUlKlpaWlpaWlpaWlpaXdR1umhZzXWl2pt5WJ+7FQWIb89zJlsgwoabkUSEtLS0tLS0tLS0tL+3ZtuWMrQ0vyUbe0DKC1hz1u0wf6zg4CWlpaWlpaWlpaWlraV2kXp9eOMOm\/TpnMQ\/lb3oJdMusRguby7B4tLS0tLS0tLS0tLe37tEP34\/Ro2pH3YQ9PmhZql9N13\/iRlpaWlpaWlpaWlpZ2E217ToxHHjwypM1pvEyH3nKKHF60tLS0tLS0tLS0tLQbaEvP48o4vHn6yu2Ya\/wZF2rT0tLS0tLS0tLS0tK+WZuG8qdzcSljFsBkN0D+CqY9mYsUSUtLS0tLS0tLS0tL+0btWcJirrcdeTN2mTI5LQoO67bbYrcbLS0tLS0tLS0tLS3tTtojh8XhctM11eX83Dl7yH6\/ZS+lwDLQn5aWlpaWlpaWlpaWdgvtmbNe7o28pcOU\/4aBJ7lu2O\/ktNaNlpaWlpaWlpaWlpZ2F21pqVxP3D9L9Mvn3Vq4QA+FvbbYxUZLS0tLS0tLS0tLS7uF9pr\/WmiarA2XwyfKBdJ4\/tqOmXYDpL\/S0tLS0tLS0tLS0tK+XTu9Tx7jX\/dcp2Vp+Sp9VjLss0RLS0tLS0tLS0tLS0u7hbbPanVHOeWWSnfpsyUTTg7MDbHxk1okLS0tLS0tLS0tLS3t27Q5CdbSXenJPGfZsYVZJ0c+HJcO24WDerS0tLS0tLS0tLS0tO\/WHrPL1SLecIucHdO960SST\/MkLS0tLS0tLS0tLS3t27XFs8qJw7OUqwzFvunvaoQtX99JS0tLS0tLS0tLS0u7jTYtQTtm00eOxbTHa\/hcAUpibOG+nZaWlpaWlpaWlpaWdhNtNg771FpeljZ95pJFp7kzxUZaWlpaWlpaWlpaWtrNtL\/Jk9Eiod7WUmwsR916PkmXf9dLvKSlpaWlpaWlpaWlpd1Cm\/Pfuey1rBGx3Gco8R2zxHjkSSi0tLS0tLS0tLS0tLQ7aSdjSUqHZQt5cgiVwy62IzzGOZsoWYeg0NLS0tLS0tLS0tLS7qPN2XG6nPoIgKE418p+tqdDb7XYR0tLS0tLS0tLS0tLu4m2l9bLRTrsi\/CZfzcsZDvy1JOPUyQtLS0tLS0tLS0tLe3btOvSXfjo+AQpRebzc+vyYAv9l7S0tLS0tLS0tLS0tFtoh7Jam90nZcf+tGitdHGmrsvphEpaWlpaWlpaWlpaWtoNtOUIW02Rw7MM5NyEuXotRpV0WlpaWlpaWlpaWlra7bR5CdpkWdo19U22ZZc8ORT70ka3GiVpaWlpaWlpaWlpaWk305aDa212kRbmlaR0uN7edoZtArci43OPKC0tLS0tLS0tLS0t7cu0fdZS2RddksPwx\/LM\/Q5IR+daSKr9MUXS0tLS0tLS0tLS0tK+SFtQQ9dlD2fl0nz\/VgJkqf2tj86dn1T3aGlpaWlpaWlpaWlp36fNeTJNGkkdlmdovexhmOQks05XuNHS0tLS0tLS0tLS0u6jzQlv2hs5bEc7QrHvmBXsWj5iN1wvfIe0tLS0tLS0tLS0tLRv1ubjb312Vu7IK65TN2UOi7WgmPovl5mXlpaWlpaWlpaWlpb2VdpiHCLipJI3FOym8ybX7Z356Nz5WXWPlpaWlpaWlpaWlpb2VdqWWyoXU0p6qQyWv65Khukbyc2atLS0tLS0tLS0tLS079amV5r7uGyLbHl\/da0g5m1r\/f6Wp65LWlpaWlpaWlpaWlraV2nb+Op5f\/UHU0VS6a6kyDq3f132o6WlpaWlpaWlpaWlfb82nWhLIx9b2VWdk+Dkf9e6YX3mj1MkLS0tLS0tLS0tLS3tK7XTAFlmPFbyunPyKXy27\/aI0tLS0tLS0tLS0tLS7qVNWW9wp8pg\/kTPCbSUAp+qe7S0tLS0tLS0tLS0tBtoa65bFOxS5DxLOa8U8VZFQVpaWlpaWlpaWlpa2s20CZ8T3mSC\/xAqp7W\/4bO5qfOkpaWlpaWlpaWlpaXdS1sbH4eLpHNs09H+w5VzefAMEyproZCWlpaWlpaWlpaWlnYL7f\/\/RUtLS0tLS0tLS0tLS0tLS0tLS0tLS0tLS0tLS0tLS0tLS0tLS0tLS0tLS0tLS0tLS0tLS0v717T\/ANXNyBSwYM86AAAAAElFTkSuQmCC",
            "ticket_url": "https:\/\/www.mercadopago.com.br\/payments\/25518134822\/ticket?caller_id=215830552&hash=ee712811-060d-491e-bbae-698f1c0f66f7",
            "transaction_id": "PIXE428988252022090610099pABFkSTQl8"
        },
        "type": "OPENPLATFORM"
    },
    "pos_id": null,
    "processing_mode": "aggregator",
    "refunds": [],
    "shipping_amount": 0,
    "sponsor_id": 208686191,
    "statement_descriptor": null,
    "status": "approved",
    "status_detail": "accredited",
    "store_id": null,
    "taxes_amount": 0,
    "transaction_amount": 79.7000000000000028421709430404007434844970703125,
    "transaction_amount_refunded": 0,
    "transaction_details": {
        "acquirer_reference": null,
        "bank_transfer_id": 1467903837,
        "external_resource_url": null,
        "financial_institution": "1",
        "installment_amount": 0,
        "net_received_amount": 78.909999999999996589394868351519107818603515625,
        "overpaid_amount": 0,
        "payable_deferral_period": null,
        "payment_method_reference_id": null,
        "total_paid_amount": 79.7000000000000028421709430404007434844970703125,
        "transaction_id": "PIXE428988252022090610099pABFkSTQl8"
    }
}
09-06-2022 @ 07:09:58 - [successful_request]: Changing order status to: processing
