07-14-2022 @ 16:17:58 - [process_payment]: POST Custom: {
    "amount": "78.85",
    "currency_ratio": "1",
    "paymentMethodId": "master",
    "checkout_type": "custom",
    "installments": "1"
}
07-14-2022 @ 16:17:58 - [process_payment]: preparing to get response of custom checkout.
07-14-2022 @ 16:17:58 - [Created preference: ]: Preference: {
    "binary_mode": false,
    "external_reference": "WC-13828",
    "notification_url": "https:\/\/www.sekiama.com.br\/wc-api\/WC_WooMercadoPago_Custom_Gateway\/?source_news=webhooks",
    "statement_descriptor": "Sekiama MP",
    "sponsor_id": 208686191,
    "transaction_amount": 78.849999999999994315658113919198513031005859375,
    "description": "Faropop x 3, Farofa com Muitas Sementes e Castanhas x 1",
    "installments": 1,
    "payment_method_id": "master",
    "payer": {
        "email": "silvio.piloto@hotmail.com"
    },
    "metadata": {
        "platform": "bo2hnr2ic4p001kbgpt0",
        "platform_version": "6.7.0",
        "module_version": "6.0.2",
        "site_id": "mlb",
        "sponsor_id": 208686191,
        "collector": "163745094",
        "test_mode": false,
        "details": "",
        "basic_settings": {
            "enabled": "no",
            "currency_conversion": "no",
            "installments": "1",
            "method": "redirect",
            "auto_return": "yes",
            "binary_mode": "no",
            "ex_payments_master": "yes",
            "ex_payments_hipercard": "yes",
            "ex_payments_amex": "yes",
            "ex_payments_elo": "yes",
            "ex_payments_visa": "yes",
            "ex_payments_debvisa": "yes",
            "ex_payments_debelo": "yes",
            "ex_payments_pec": "yes",
            "ex_payments_bolbradesco": "yes",
            "gateway_discount_checkbox": "no",
            "commission_checkbox": "no",
            "checkbox_checkout_test_mode": "yes",
            "checkout_credential_prod": "deprecated"
        },
        "custom_settings": {
            "enabled": "yes",
            "currency_conversion": "no",
            "wallet_button": "yes",
            "coupon_mode": "no",
            "binary_mode": "no",
            "gateway_discount_checkbox": "no",
            "commission_checkbox": "no",
            "checkbox_checkout_test_mode": "yes",
            "checkout_credential_prod": "deprecated"
        },
        "ticket_settings": [],
        "pix_settings": {
            "enabled": "yes"
        },
        "seller_website": "https:\/\/www.sekiama.com.br",
        "billing_address": {
            "zip_code": "11060-475",
            "street_name": "RUA FABIO MONTENEGRO",
            "city_name": "SANTOS",
            "state_name": "SP",
            "country_name": "BR"
        },
        "user": {
            "registered_user": "yes",
            "user_email": "silvio.piloto@hotmail.com",
            "user_registration_date": "2022-06-11T17:13:46.000+00:00"
        },
        "checkout": "custom",
        "checkout_type": "credit_card"
    },
    "additional_info": {
        "items": [
            {
                "id": 200,
                "title": "Faropop x 3",
                "description": "Temperada-do-jeito-que-amamos-comer-farofa.-A-Faropop-Temperada-e-uma-das-farofas-tradicionais-que-combina-com-qualquer-refeicao.-span-stylecolor-a81414strongIngredientes-strongspanFarinha-de-Mandioca-Gor",
                "picture_url": "https:\/\/www.sekiama.com.br\/wp-content\/uploads\/2021\/11\/tradicional-frente.png",
                "category_id": "others",
                "quantity": 1,
                "unit_price": 42.60000000000000142108547152020037174224853515625
            },
            {
                "id": 197,
                "title": "Farofa com Muitas Sementes e Castanhas x 1",
                "description": "Foi-a-primeira-Farofa-lancada-no-mercado.-E-enriquecida-com-muitas-sementes-e-castanhas-e-sendo-riquissima-em-fibras-pode-ser-incluida-no-seu-dia-a-dia-de-forma-saudavel.-Farofa-sem-culpa-recheada-de-nutrientes-essenciais",
                "picture_url": "https:\/\/www.sekiama.com.br\/wp-content\/uploads\/2021\/11\/castanhas-frente.png",
                "category_id": "others",
                "quantity": 1,
                "unit_price": 18.60000000000000142108547152020037174224853515625
            },
            {
                "title": "Sedex (Entrega em 3 dias úteis)",
                "description": "Serviço de envio usado pela loja.",
                "category_id": "others",
                "quantity": 1,
                "unit_price": 17.64999999999999857891452847979962825775146484375
            }
        ],
        "payer": {
            "first_name": "SILVIO",
            "last_name": "PEREIRA",
            "phone": {
                "number": "(13) 98127-2015"
            },
            "address": {
                "zip_code": "11060-475",
                "street_name": "RUA FABIO MONTENEGRO \/ SANTOS SP BR"
            }
        },
        "shipments": {
            "receiver_address": {
                "zip_code": "11060-475",
                "street_name": "RUA FABIO MONTENEGRO CASA SANTOS SP BR",
                "apartment": "CASA",
                "city_name": "SANTOS",
                "state_name": "SP"
            }
        }
    }
}
07-14-2022 @ 16:18:00 - [create_preference]: Preference created: {
    "status": 201,
    "response": {
        "id": 24008723778,
        "date_created": "2022-07-14T15:17:58.280-04:00",
        "date_approved": "2022-07-14T15:17:59.568-04:00",
        "date_last_updated": "2022-07-14T15:17:59.568-04:00",
        "date_of_expiration": null,
        "money_release_date": "2022-07-14T15:17:59.568-04:00",
        "money_release_status": null,
        "operation_type": "regular_payment",
        "issuer_id": "24",
        "payment_method_id": "master",
        "payment_type_id": "credit_card",
        "status": "approved",
        "status_detail": "accredited",
        "currency_id": "BRL",
        "description": "Faropop x 3, Farofa com Muitas Sementes e Castanhas x 1",
        "live_mode": true,
        "sponsor_id": 208686191,
        "authorization_code": "253744",
        "money_release_schema": null,
        "taxes_amount": 0,
        "counter_currency": null,
        "brand_id": null,
        "shipping_amount": 0,
        "build_version": "2.103.5-hotfix-1",
        "pos_id": null,
        "store_id": null,
        "integrator_id": null,
        "platform_id": "bo2hnr2ic4p001kbgpt0",
        "corporation_id": null,
        "collector_id": 163745094,
        "payer": {
            "type": null,
            "id": "671196460",
            "operator_id": null,
            "email": "silvio.piloto@hotmail.com",
            "identification": {
                "type": "CPF",
                "number": "44899823800"
            },
            "phone": {
                "area_code": null,
                "number": null,
                "extension": null
            },
            "first_name": null,
            "last_name": null,
            "entity_type": null
        },
        "marketplace_owner": null,
        "metadata": {
            "basic_settings": {
                "ex_payments_debelo": "yes",
                "checkout_credential_prod": "deprecated",
                "checkbox_checkout_test_mode": "yes",
                "method": "redirect",
                "ex_payments_amex": "yes",
                "gateway_discount_checkbox": "no",
                "enabled": "no",
                "ex_payments_master": "yes",
                "ex_payments_visa": "yes",
                "ex_payments_pec": "yes",
                "ex_payments_bolbradesco": "yes",
                "commission_checkbox": "no",
                "currency_conversion": "no",
                "installments": "1",
                "binary_mode": "no",
                "ex_payments_debvisa": "yes",
                "ex_payments_elo": "yes",
                "auto_return": "yes",
                "ex_payments_hipercard": "yes"
            },
            "checkout_type": "credit_card",
            "seller_website": "https:\/\/www.sekiama.com.br",
            "billing_address": {
                "city_name": "SANTOS",
                "state_name": "SP",
                "country_name": "BR",
                "zip_code": "11060-475",
                "street_name": "RUA FABIO MONTENEGRO"
            },
            "module_version": "6.0.2",
            "sponsor_id": 208686191,
            "platform": "bo2hnr2ic4p001kbgpt0",
            "collector": "163745094",
            "ticket_settings": [],
            "platform_version": "6.7.0",
            "test_mode": false,
            "site_id": "mlb",
            "custom_settings": {
                "wallet_button": "yes",
                "checkout_credential_prod": "deprecated",
                "commission_checkbox": "no",
                "checkbox_checkout_test_mode": "yes",
                "currency_conversion": "no",
                "binary_mode": "no",
                "coupon_mode": "no",
                "gateway_discount_checkbox": "no",
                "enabled": "yes"
            },
            "pix_settings": {
                "enabled": "yes"
            },
            "details": "",
            "user": {
                "user_email": "silvio.piloto@hotmail.com",
                "registered_user": "yes",
                "user_registration_date": "2022-06-11T17:13:46.000+00:00"
            },
            "checkout": "custom"
        },
        "additional_info": {
            "items": [
                {
                    "id": "200",
                    "title": "Faropop x 3",
                    "description": "Temperada-do-jeito-que-amamos-comer-farofa.-A-Faropop-Temperada-e-uma-das-farofas-tradicionais-que-combina-com-qualquer-refeicao.-span-stylecolor-a81414strongIngredientes-strongspanFarinha-de-Mandioca-Gor",
                    "picture_url": "https:\/\/www.sekiama.com.br\/wp-content\/uploads\/2021\/11\/tradicional-frente.png",
                    "category_id": "others",
                    "quantity": "1",
                    "unit_price": "42.6"
                },
                {
                    "id": "197",
                    "title": "Farofa com Muitas Sementes e Castanhas x 1",
                    "description": "Foi-a-primeira-Farofa-lancada-no-mercado.-E-enriquecida-com-muitas-sementes-e-castanhas-e-sendo-riquissima-em-fibras-pode-ser-incluida-no-seu-dia-a-dia-de-forma-saudavel.-Farofa-sem-culpa-recheada-de-nutrientes-essenciais",
                    "picture_url": "https:\/\/www.sekiama.com.br\/wp-content\/uploads\/2021\/11\/castanhas-frente.png",
                    "category_id": "others",
                    "quantity": "1",
                    "unit_price": "18.6"
                },
                {
                    "id": null,
                    "title": "Sedex (Entrega em 3 dias úteis)",
                    "description": "Serviço de envio usado pela loja.",
                    "picture_url": null,
                    "category_id": "others",
                    "quantity": "1",
                    "unit_price": "17.65"
                }
            ],
            "payer": {
                "phone": {
                    "number": "(13) 98127-2015"
                },
                "address": {
                    "zip_code": "11060-475",
                    "street_name": "RUA FABIO MONTENEGRO \/ SANTOS SP BR"
                },
                "first_name": "SILVIO",
                "last_name": "PEREIRA"
            },
            "shipments": {
                "receiver_address": {
                    "zip_code": "11060-475",
                    "state_name": "SP",
                    "city_name": "SANTOS",
                    "street_name": "RUA FABIO MONTENEGRO CASA SANTOS SP BR",
                    "apartment": "CASA"
                }
            },
            "iso_response_code": "00",
            "available_balance": null,
            "nsu_processadora": "CAQEBAQMi2_kgAtTnwwXcm45X0Kzdtd39Vu1iD4KIlWkkgoJRTwDDlWIgVm1SBtw",
            "authentication_code": null
        },
        "order": [],
        "external_reference": "WC-13828",
        "transaction_amount": 78.849999999999994315658113919198513031005859375,
        "transaction_amount_refunded": 0,
        "coupon_amount": 0,
        "differential_pricing_id": null,
        "deduction_schema": null,
        "installments": 1,
        "transaction_details": {
            "payment_method_reference_id": null,
            "net_received_amount": 74.9200000000000017053025658242404460906982421875,
            "total_paid_amount": 78.849999999999994315658113919198513031005859375,
            "overpaid_amount": 0,
            "external_resource_url": null,
            "installment_amount": 78.849999999999994315658113919198513031005859375,
            "financial_institution": null,
            "payable_deferral_period": null,
            "acquirer_reference": null
        },
        "fee_details": [
            {
                "type": "mercadopago_fee",
                "amount": 3.930000000000000159872115546022541821002960205078125,
                "fee_payer": "collector"
            }
        ],
        "charges_details": [],
        "captured": true,
        "binary_mode": false,
        "call_for_authorize_id": null,
        "statement_descriptor": "MERCADOPAGO*SEKIAMAMP",
        "card": {
            "id": null,
            "first_six_digits": "552289",
            "last_four_digits": "6964",
            "bin": "55228920",
            "expiration_month": 8,
            "expiration_year": 2025,
            "date_created": "2022-07-14T15:17:58.000-04:00",
            "date_last_updated": "2022-07-14T15:17:58.000-04:00",
            "cardholder": {
                "name": "SILVIO G PEREIRA",
                "identification": {
                    "number": "44899823800",
                    "type": "CPF"
                }
            }
        },
        "notification_url": "https:\/\/www.sekiama.com.br\/wc-api\/WC_WooMercadoPago_Custom_Gateway\/?source_news=webhooks",
        "refunds": [],
        "processing_mode": "aggregator",
        "merchant_account_id": null,
        "merchant_number": null,
        "acquirer_reconciliation": [],
        "point_of_interaction": {
            "type": "UNSPECIFIED",
            "business_info": {
                "unit": "online_payments",
                "sub_unit": "woocommerce"
            }
        }
    }
}
07-14-2022 @ 16:18:00 - [create_preference]: payment link generated with success from mercado pago, with structure as follow: {
    "status": 201,
    "response": {
        "id": 24008723778,
        "date_created": "2022-07-14T15:17:58.280-04:00",
        "date_approved": "2022-07-14T15:17:59.568-04:00",
        "date_last_updated": "2022-07-14T15:17:59.568-04:00",
        "date_of_expiration": null,
        "money_release_date": "2022-07-14T15:17:59.568-04:00",
        "money_release_status": null,
        "operation_type": "regular_payment",
        "issuer_id": "24",
        "payment_method_id": "master",
        "payment_type_id": "credit_card",
        "status": "approved",
        "status_detail": "accredited",
        "currency_id": "BRL",
        "description": "Faropop x 3, Farofa com Muitas Sementes e Castanhas x 1",
        "live_mode": true,
        "sponsor_id": 208686191,
        "authorization_code": "253744",
        "money_release_schema": null,
        "taxes_amount": 0,
        "counter_currency": null,
        "brand_id": null,
        "shipping_amount": 0,
        "build_version": "2.103.5-hotfix-1",
        "pos_id": null,
        "store_id": null,
        "integrator_id": null,
        "platform_id": "bo2hnr2ic4p001kbgpt0",
        "corporation_id": null,
        "collector_id": 163745094,
        "payer": {
            "type": null,
            "id": "671196460",
            "operator_id": null,
            "email": "silvio.piloto@hotmail.com",
            "identification": {
                "type": "CPF",
                "number": "44899823800"
            },
            "phone": {
                "area_code": null,
                "number": null,
                "extension": null
            },
            "first_name": null,
            "last_name": null,
            "entity_type": null
        },
        "marketplace_owner": null,
        "metadata": {
            "basic_settings": {
                "ex_payments_debelo": "yes",
                "checkout_credential_prod": "deprecated",
                "checkbox_checkout_test_mode": "yes",
                "method": "redirect",
                "ex_payments_amex": "yes",
                "gateway_discount_checkbox": "no",
                "enabled": "no",
                "ex_payments_master": "yes",
                "ex_payments_visa": "yes",
                "ex_payments_pec": "yes",
                "ex_payments_bolbradesco": "yes",
                "commission_checkbox": "no",
                "currency_conversion": "no",
                "installments": "1",
                "binary_mode": "no",
                "ex_payments_debvisa": "yes",
                "ex_payments_elo": "yes",
                "auto_return": "yes",
                "ex_payments_hipercard": "yes"
            },
            "checkout_type": "credit_card",
            "seller_website": "https:\/\/www.sekiama.com.br",
            "billing_address": {
                "city_name": "SANTOS",
                "state_name": "SP",
                "country_name": "BR",
                "zip_code": "11060-475",
                "street_name": "RUA FABIO MONTENEGRO"
            },
            "module_version": "6.0.2",
            "sponsor_id": 208686191,
            "platform": "bo2hnr2ic4p001kbgpt0",
            "collector": "163745094",
            "ticket_settings": [],
            "platform_version": "6.7.0",
            "test_mode": false,
            "site_id": "mlb",
            "custom_settings": {
                "wallet_button": "yes",
                "checkout_credential_prod": "deprecated",
                "commission_checkbox": "no",
                "checkbox_checkout_test_mode": "yes",
                "currency_conversion": "no",
                "binary_mode": "no",
                "coupon_mode": "no",
                "gateway_discount_checkbox": "no",
                "enabled": "yes"
            },
            "pix_settings": {
                "enabled": "yes"
            },
            "details": "",
            "user": {
                "user_email": "silvio.piloto@hotmail.com",
                "registered_user": "yes",
                "user_registration_date": "2022-06-11T17:13:46.000+00:00"
            },
            "checkout": "custom"
        },
        "additional_info": {
            "items": [
                {
                    "id": "200",
                    "title": "Faropop x 3",
                    "description": "Temperada-do-jeito-que-amamos-comer-farofa.-A-Faropop-Temperada-e-uma-das-farofas-tradicionais-que-combina-com-qualquer-refeicao.-span-stylecolor-a81414strongIngredientes-strongspanFarinha-de-Mandioca-Gor",
                    "picture_url": "https:\/\/www.sekiama.com.br\/wp-content\/uploads\/2021\/11\/tradicional-frente.png",
                    "category_id": "others",
                    "quantity": "1",
                    "unit_price": "42.6"
                },
                {
                    "id": "197",
                    "title": "Farofa com Muitas Sementes e Castanhas x 1",
                    "description": "Foi-a-primeira-Farofa-lancada-no-mercado.-E-enriquecida-com-muitas-sementes-e-castanhas-e-sendo-riquissima-em-fibras-pode-ser-incluida-no-seu-dia-a-dia-de-forma-saudavel.-Farofa-sem-culpa-recheada-de-nutrientes-essenciais",
                    "picture_url": "https:\/\/www.sekiama.com.br\/wp-content\/uploads\/2021\/11\/castanhas-frente.png",
                    "category_id": "others",
                    "quantity": "1",
                    "unit_price": "18.6"
                },
                {
                    "id": null,
                    "title": "Sedex (Entrega em 3 dias úteis)",
                    "description": "Serviço de envio usado pela loja.",
                    "picture_url": null,
                    "category_id": "others",
                    "quantity": "1",
                    "unit_price": "17.65"
                }
            ],
            "payer": {
                "phone": {
                    "number": "(13) 98127-2015"
                },
                "address": {
                    "zip_code": "11060-475",
                    "street_name": "RUA FABIO MONTENEGRO \/ SANTOS SP BR"
                },
                "first_name": "SILVIO",
                "last_name": "PEREIRA"
            },
            "shipments": {
                "receiver_address": {
                    "zip_code": "11060-475",
                    "state_name": "SP",
                    "city_name": "SANTOS",
                    "street_name": "RUA FABIO MONTENEGRO CASA SANTOS SP BR",
                    "apartment": "CASA"
                }
            },
            "iso_response_code": "00",
            "available_balance": null,
            "nsu_processadora": "CAQEBAQMi2_kgAtTnwwXcm45X0Kzdtd39Vu1iD4KIlWkkgoJRTwDDlWIgVm1SBtw",
            "authentication_code": null
        },
        "order": [],
        "external_reference": "WC-13828",
        "transaction_amount": 78.849999999999994315658113919198513031005859375,
        "transaction_amount_refunded": 0,
        "coupon_amount": 0,
        "differential_pricing_id": null,
        "deduction_schema": null,
        "installments": 1,
        "transaction_details": {
            "payment_method_reference_id": null,
            "net_received_amount": 74.9200000000000017053025658242404460906982421875,
            "total_paid_amount": 78.849999999999994315658113919198513031005859375,
            "overpaid_amount": 0,
            "external_resource_url": null,
            "installment_amount": 78.849999999999994315658113919198513031005859375,
            "financial_institution": null,
            "payable_deferral_period": null,
            "acquirer_reference": null
        },
        "fee_details": [
            {
                "type": "mercadopago_fee",
                "amount": 3.930000000000000159872115546022541821002960205078125,
                "fee_payer": "collector"
            }
        ],
        "charges_details": [],
        "captured": true,
        "binary_mode": false,
        "call_for_authorize_id": null,
        "statement_descriptor": "MERCADOPAGO*SEKIAMAMP",
        "card": {
            "id": null,
            "first_six_digits": "552289",
            "last_four_digits": "6964",
            "bin": "55228920",
            "expiration_month": 8,
            "expiration_year": 2025,
            "date_created": "2022-07-14T15:17:58.000-04:00",
            "date_last_updated": "2022-07-14T15:17:58.000-04:00",
            "cardholder": {
                "name": "SILVIO G PEREIRA",
                "identification": {
                    "number": "44899823800",
                    "type": "CPF"
                }
            }
        },
        "notification_url": "https:\/\/www.sekiama.com.br\/wc-api\/WC_WooMercadoPago_Custom_Gateway\/?source_news=webhooks",
        "refunds": [],
        "processing_mode": "aggregator",
        "merchant_account_id": null,
        "merchant_number": null,
        "acquirer_reconciliation": [],
        "point_of_interaction": {
            "type": "UNSPECIFIED",
            "business_info": {
                "unit": "online_payments",
                "sub_unit": "woocommerce"
            }
        }
    }
}
07-14-2022 @ 16:18:00 - [check_ipn_response]: received _get content: {
    "data_id": "24008723778",
    "source_news": "webhooks",
    "type": "payment"
}
07-14-2022 @ 16:18:00 - [successful_request]: starting to process  update...
07-14-2022 @ 16:18:00 - [successful_request]: updating metadata and status with data: {
    "acquirer_reconciliation": [],
    "additional_info": {
        "authentication_code": null,
        "available_balance": null,
        "items": [
            {
                "category_id": "others",
                "description": "Temperada-do-jeito-que-amamos-comer-farofa.-A-Faropop-Temperada-e-uma-das-farofas-tradicionais-que-combina-com-qualquer-refeicao.-span-stylecolor-a81414strongIngredientes-strongspanFarinha-de-Mandioca-Gor",
                "id": "200",
                "picture_url": "https:\/\/www.sekiama.com.br\/wp-content\/uploads\/2021\/11\/tradicional-frente.png",
                "quantity": "1",
                "title": "Faropop x 3",
                "unit_price": "42.6"
            },
            {
                "category_id": "others",
                "description": "Foi-a-primeira-Farofa-lancada-no-mercado.-E-enriquecida-com-muitas-sementes-e-castanhas-e-sendo-riquissima-em-fibras-pode-ser-incluida-no-seu-dia-a-dia-de-forma-saudavel.-Farofa-sem-culpa-recheada-de-nutrientes-essenciais",
                "id": "197",
                "picture_url": "https:\/\/www.sekiama.com.br\/wp-content\/uploads\/2021\/11\/castanhas-frente.png",
                "quantity": "1",
                "title": "Farofa com Muitas Sementes e Castanhas x 1",
                "unit_price": "18.6"
            },
            {
                "category_id": "others",
                "description": "Serviço de envio usado pela loja.",
                "id": null,
                "picture_url": null,
                "quantity": "1",
                "title": "Sedex (Entrega em 3 dias úteis)",
                "unit_price": "17.65"
            }
        ],
        "nsu_processadora": null,
        "payer": {
            "address": {
                "street_name": "RUA FABIO MONTENEGRO \/ SANTOS SP BR",
                "zip_code": "11060-475"
            },
            "first_name": "SILVIO",
            "last_name": "PEREIRA",
            "phone": {
                "number": "(13) 98127-2015"
            }
        },
        "shipments": {
            "receiver_address": {
                "apartment": "CASA",
                "city_name": "SANTOS",
                "state_name": "SP",
                "street_name": "RUA FABIO MONTENEGRO CASA SANTOS SP BR",
                "zip_code": "11060-475"
            }
        }
    },
    "authorization_code": "253744",
    "binary_mode": false,
    "brand_id": null,
    "build_version": "2.103.5-hotfix-1",
    "call_for_authorize_id": null,
    "captured": true,
    "card": {
        "bin": "55228920",
        "cardholder": {
            "identification": {
                "number": "44899823800",
                "type": "CPF"
            },
            "name": "SILVIO G PEREIRA"
        },
        "date_created": "2022-07-14T15:17:58.000-04:00",
        "date_last_updated": "2022-07-14T15:17:58.000-04:00",
        "expiration_month": 8,
        "expiration_year": 2025,
        "first_six_digits": "552289",
        "id": null,
        "last_four_digits": "6964"
    },
    "charges_details": [],
    "collector_id": 163745094,
    "corporation_id": null,
    "counter_currency": null,
    "coupon_amount": 0,
    "currency_id": "BRL",
    "date_approved": "2022-07-14T15:17:59.000-04:00",
    "date_created": "2022-07-14T15:17:58.000-04:00",
    "date_last_updated": "2022-07-14T15:17:59.000-04:00",
    "date_of_expiration": null,
    "deduction_schema": null,
    "description": "Faropop x 3, Farofa com Muitas Sementes e Castanhas x 1",
    "differential_pricing_id": null,
    "external_reference": "WC-13828",
    "fee_details": [
        {
            "amount": 3.930000000000000159872115546022541821002960205078125,
            "fee_payer": "collector",
            "type": "mercadopago_fee"
        }
    ],
    "id": 24008723778,
    "installments": 1,
    "integrator_id": null,
    "issuer_id": "24",
    "live_mode": true,
    "marketplace_owner": null,
    "merchant_account_id": null,
    "merchant_number": null,
    "metadata": {
        "basic_settings": {
            "ex_payments_debelo": "yes",
            "checkout_credential_prod": "deprecated",
            "checkbox_checkout_test_mode": "yes",
            "method": "redirect",
            "ex_payments_amex": "yes",
            "gateway_discount_checkbox": "no",
            "enabled": "no",
            "ex_payments_master": "yes",
            "ex_payments_pec": "yes",
            "ex_payments_visa": "yes",
            "ex_payments_bolbradesco": "yes",
            "commission_checkbox": "no",
            "binary_mode": "no",
            "currency_conversion": "no",
            "installments": "1",
            "ex_payments_debvisa": "yes",
            "ex_payments_elo": "yes",
            "auto_return": "yes",
            "ex_payments_hipercard": "yes"
        },
        "checkout_type": "credit_card",
        "seller_website": "https:\/\/www.sekiama.com.br",
        "billing_address": {
            "city_name": "SANTOS",
            "state_name": "SP",
            "country_name": "BR",
            "street_name": "RUA FABIO MONTENEGRO",
            "zip_code": "11060-475"
        },
        "module_version": "6.0.2",
        "sponsor_id": 208686191,
        "collector": "163745094",
        "platform": "bo2hnr2ic4p001kbgpt0",
        "ticket_settings": [],
        "platform_version": "6.7.0",
        "test_mode": false,
        "site_id": "mlb",
        "custom_settings": {
            "checkout_credential_prod": "deprecated",
            "wallet_button": "yes",
            "commission_checkbox": "no",
            "checkbox_checkout_test_mode": "yes",
            "binary_mode": "no",
            "currency_conversion": "no",
            "coupon_mode": "no",
            "gateway_discount_checkbox": "no",
            "enabled": "yes"
        },
        "pix_settings": {
            "enabled": "yes"
        },
        "details": "",
        "checkout": "custom",
        "user": {
            "user_email": "silvio.piloto@hotmail.com",
            "registered_user": "yes",
            "user_registration_date": "2022-06-11T17:13:46.000+00:00"
        }
    },
    "money_release_date": "2022-07-14T15:17:59.000-04:00",
    "money_release_schema": null,
    "money_release_status": null,
    "notification_url": "https:\/\/www.sekiama.com.br\/wc-api\/WC_WooMercadoPago_Custom_Gateway\/?source_news=webhooks",
    "operation_type": "regular_payment",
    "order": [],
    "payer": {
        "email": "silvio.piloto@hotmail.com",
        "entity_type": null,
        "first_name": null,
        "id": "671196460",
        "identification": {
            "number": "44899823800",
            "type": "CPF"
        },
        "last_name": null,
        "operator_id": null,
        "phone": {
            "area_code": null,
            "extension": null,
            "number": null
        },
        "type": null
    },
    "payment_method_id": "master",
    "payment_type_id": "credit_card",
    "platform_id": "bo2hnr2ic4p001kbgpt0",
    "point_of_interaction": {
        "business_info": {
            "sub_unit": "woocommerce",
            "unit": "online_payments"
        },
        "type": "UNSPECIFIED"
    },
    "pos_id": null,
    "processing_mode": "aggregator",
    "refunds": [],
    "shipping_amount": 0,
    "sponsor_id": 208686191,
    "statement_descriptor": "MERCADOPAGO*SEKIAMAMP",
    "status": "approved",
    "status_detail": "accredited",
    "store_id": null,
    "taxes_amount": 0,
    "transaction_amount": 78.849999999999994315658113919198513031005859375,
    "transaction_amount_refunded": 0,
    "transaction_details": {
        "acquirer_reference": null,
        "external_resource_url": null,
        "financial_institution": null,
        "installment_amount": 78.849999999999994315658113919198513031005859375,
        "net_received_amount": 74.9200000000000017053025658242404460906982421875,
        "overpaid_amount": 0,
        "payable_deferral_period": null,
        "payment_method_reference_id": null,
        "total_paid_amount": 78.849999999999994315658113919198513031005859375
    }
}
07-14-2022 @ 16:18:00 - [successful_request]: Changing order status to: processing
