06-22-2022 @ 11:15:44 - [process_payment]: POST Custom: {
    "installments": "1",
    "amount": "168.64",
    "currency_ratio": "1",
    "campaign_id": "",
    "campaign": "",
    "discount": "",
    "paymentMethodId": "master",
    "token": "a0be9f851531ba80edd8f55b1c43d648",
    "checkout_type": "custom"
}
06-22-2022 @ 11:15:44 - [process_payment]: preparing to get response of custom checkout.
06-22-2022 @ 11:15:44 - [Created preference: ]: Preference: {
    "binary_mode": false,
    "external_reference": "WC-13804",
    "notification_url": "https:\/\/www.sekiama.com.br\/wc-api\/WC_WooMercadoPago_Custom_Gateway\/?source_news=webhooks",
    "statement_descriptor": "Sekiama MP",
    "sponsor_id": 208686191,
    "transaction_amount": 168.6399999999999863575794734060764312744140625,
    "token": "a0be9f851531ba80edd8f55b1c43d648",
    "description": "Farofa com Muitas Sementes x 1, Farofa Doce x 2, Farofa com Muita Cebola x 2, Farofa com Muitas Sementes e Castanhas x 2",
    "installments": 1,
    "payment_method_id": "master",
    "payer": {
        "email": "marcelo.soeiro@gmail.com"
    },
    "metadata": {
        "platform": "bo2hnr2ic4p001kbgpt0",
        "platform_version": "6.6.1",
        "module_version": "5.8.0",
        "site_id": "mlb",
        "sponsor_id": 208686191,
        "collector": "163745094",
        "test_mode": false,
        "details": "",
        "basic_settings": {
            "enabled": "no",
            "currency_conversion": "no",
            "installments": "1",
            "method": "redirect",
            "auto_return": "yes",
            "binary_mode": "no",
            "ex_payments_master": "yes",
            "ex_payments_hipercard": "yes",
            "ex_payments_amex": "yes",
            "ex_payments_elo": "yes",
            "ex_payments_visa": "yes",
            "ex_payments_debvisa": "yes",
            "ex_payments_debelo": "yes",
            "ex_payments_pec": "yes",
            "ex_payments_bolbradesco": "yes",
            "gateway_discount_checkbox": "no",
            "commission_checkbox": "no",
            "checkbox_checkout_test_mode": "yes",
            "checkout_credential_prod": "deprecated"
        },
        "custom_settings": {
            "enabled": "yes",
            "currency_conversion": "no",
            "wallet_button": "yes",
            "coupon_mode": "no",
            "binary_mode": "no",
            "gateway_discount_checkbox": "no",
            "commission_checkbox": "no",
            "checkbox_checkout_test_mode": "yes",
            "checkout_credential_prod": "deprecated"
        },
        "ticket_settings": [],
        "pix_settings": {
            "enabled": "yes"
        },
        "seller_website": "https:\/\/www.sekiama.com.br",
        "billing_address": {
            "zip_code": "70385-020",
            "street_name": "SQS 115 Bloco B Ap. 402",
            "city_name": "Brasília",
            "state_name": "DF",
            "country_name": "BR"
        },
        "user": {
            "registered_user": "yes",
            "user_email": "marcelo.soeiro@gmail.com",
            "user_registration_date": "2022-06-05T19:23:09.000+00:00"
        },
        "checkout": "custom",
        "checkout_type": "credit_card"
    },
    "additional_info": {
        "items": [
            {
                "id": 194,
                "title": "Farofa com Muitas Sementes x 1",
                "description": "A-Farofa-com-muitas-sementes-e-incrivel-e-vai-te-saciar-de-forma-natural-e-saudavel.-As-sementes-permitem-melhorar-o-seu-consumo-de-fibras-e-micronutrientes.-Voce-vai-amar-o-resultado-crocante-saboroso-e-saudavel-desta-Faro",
                "picture_url": "https:\/\/www.sekiama.com.br\/wp-content\/uploads\/2021\/11\/sementes-Frente-1.png",
                "category_id": "others",
                "quantity": 1,
                "unit_price": 18.199999999999999289457264239899814128875732421875
            },
            {
                "id": 199,
                "title": "Farofa Doce x 2",
                "description": "Ideal-para-voce-que-deseja-inovar-no-sabor-das-suas-deliciosas-sobremesas-finalizando-com-um-toque-extra-crocante.-Voce-ainda-pode-experimentar-em-vitaminas-massas-de-tortas-cobertura-de-bolos-e-onde-mais-preferir.-Surpree",
                "picture_url": "https:\/\/www.sekiama.com.br\/wp-content\/uploads\/2021\/11\/doce-Frente-1.png",
                "category_id": "others",
                "quantity": 1,
                "unit_price": 39.60000000000000142108547152020037174224853515625
            },
            {
                "id": 195,
                "title": "Farofa com Muita Cebola x 2",
                "description": "Por-ser-incrivelmente-saborosa-a-Farofa-com-muita-cebola-crocante-e-a-campea-de-vendas-conquistando-todos-os-paladares.-Nesta-nobre-preparacao-a-farinha-de-mandioca-absorve-o-incrivel-sabor-da-cebola-fresca-resultando-em",
                "picture_url": "https:\/\/www.sekiama.com.br\/wp-content\/uploads\/2021\/11\/cebola-frente-1.png",
                "category_id": "others",
                "quantity": 1,
                "unit_price": 34.39999999999999857891452847979962825775146484375
            },
            {
                "id": 197,
                "title": "Farofa com Muitas Sementes e Castanhas x 2",
                "description": "Foi-a-primeira-Farofa-lancada-no-mercado.-E-enriquecida-com-muitas-sementes-e-castanhas-e-sendo-riquissima-em-fibras-pode-ser-incluida-no-seu-dia-a-dia-de-forma-saudavel.-Farofa-sem-culpa-recheada-de-nutrientes-essenciais",
                "picture_url": "https:\/\/www.sekiama.com.br\/wp-content\/uploads\/2021\/11\/castanhas-frente.png",
                "category_id": "others",
                "quantity": 1,
                "unit_price": 37.2000000000000028421709430404007434844970703125
            },
            {
                "title": "PAC (Entrega em 7 dias úteis)",
                "description": "Serviço de envio usado pela loja.",
                "category_id": "others",
                "quantity": 1,
                "unit_price": 39.24000000000000198951966012828052043914794921875
            }
        ],
        "payer": {
            "first_name": "Marcelo",
            "last_name": "Soeiro",
            "phone": {
                "number": "(61) 3703-3243"
            },
            "address": {
                "zip_code": "70385-020",
                "street_name": "SQS 115 Bloco B Ap. 402 \/ Brasília DF BR"
            }
        },
        "shipments": {
            "receiver_address": {
                "zip_code": "70385-020",
                "street_name": "SQS 115 Bloco B Ap. 402 Ed. Shalom Brasília DF BR",
                "apartment": "Ed. Shalom",
                "city_name": "Brasília",
                "state_name": "DF"
            }
        }
    }
}
06-22-2022 @ 11:15:46 - [create_preference]: Preference created: {
    "status": 201,
    "response": {
        "id": 23378711962,
        "date_created": "2022-06-22T10:15:44.764-04:00",
        "date_approved": "2022-06-22T10:15:46.328-04:00",
        "date_last_updated": "2022-06-22T10:15:46.328-04:00",
        "date_of_expiration": null,
        "money_release_date": "2022-06-22T10:15:46.328-04:00",
        "operation_type": "regular_payment",
        "issuer_id": "12522",
        "payment_method_id": "master",
        "payment_type_id": "credit_card",
        "status": "approved",
        "status_detail": "accredited",
        "currency_id": "BRL",
        "description": "Farofa com Muitas Sementes x 1, Farofa Doce x 2, Farofa com Muita Cebola x 2, Farofa com Muitas Sementes e Castanhas x 2",
        "live_mode": true,
        "sponsor_id": 208686191,
        "authorization_code": "RXLQYS",
        "money_release_schema": null,
        "taxes_amount": 0,
        "counter_currency": null,
        "brand_id": null,
        "shipping_amount": 0,
        "pos_id": null,
        "store_id": null,
        "integrator_id": null,
        "platform_id": "bo2hnr2ic4p001kbgpt0",
        "corporation_id": null,
        "collector_id": 163745094,
        "payer": {
            "type": null,
            "id": "112329931",
            "operator_id": null,
            "email": "marcelo.soeiro@gmail.com",
            "identification": {
                "type": "CPF",
                "number": "61821187253"
            },
            "phone": {
                "area_code": null,
                "number": null,
                "extension": null
            },
            "first_name": null,
            "last_name": null,
            "entity_type": null
        },
        "marketplace_owner": null,
        "metadata": {
            "basic_settings": {
                "ex_payments_debelo": "yes",
                "checkout_credential_prod": "deprecated",
                "checkbox_checkout_test_mode": "yes",
                "method": "redirect",
                "ex_payments_amex": "yes",
                "gateway_discount_checkbox": "no",
                "enabled": "no",
                "ex_payments_master": "yes",
                "ex_payments_visa": "yes",
                "ex_payments_pec": "yes",
                "ex_payments_bolbradesco": "yes",
                "commission_checkbox": "no",
                "currency_conversion": "no",
                "installments": "1",
                "binary_mode": "no",
                "ex_payments_debvisa": "yes",
                "ex_payments_elo": "yes",
                "auto_return": "yes",
                "ex_payments_hipercard": "yes"
            },
            "checkout_type": "credit_card",
            "seller_website": "https:\/\/www.sekiama.com.br",
            "billing_address": {
                "city_name": "Brasília",
                "state_name": "DF",
                "country_name": "BR",
                "zip_code": "70385-020",
                "street_name": "SQS 115 Bloco B Ap. 402"
            },
            "module_version": "5.8.0",
            "sponsor_id": 208686191,
            "platform": "bo2hnr2ic4p001kbgpt0",
            "collector": "163745094",
            "ticket_settings": [],
            "platform_version": "6.6.1",
            "test_mode": false,
            "site_id": "mlb",
            "custom_settings": {
                "wallet_button": "yes",
                "checkout_credential_prod": "deprecated",
                "commission_checkbox": "no",
                "checkbox_checkout_test_mode": "yes",
                "currency_conversion": "no",
                "binary_mode": "no",
                "coupon_mode": "no",
                "gateway_discount_checkbox": "no",
                "enabled": "yes"
            },
            "pix_settings": {
                "enabled": "yes"
            },
            "details": "",
            "user": {
                "user_email": "marcelo.soeiro@gmail.com",
                "registered_user": "yes",
                "user_registration_date": "2022-06-05T19:23:09.000+00:00"
            },
            "checkout": "custom"
        },
        "additional_info": {
            "items": [
                {
                    "id": "194",
                    "title": "Farofa com Muitas Sementes x 1",
                    "description": "A-Farofa-com-muitas-sementes-e-incrivel-e-vai-te-saciar-de-forma-natural-e-saudavel.-As-sementes-permitem-melhorar-o-seu-consumo-de-fibras-e-micronutrientes.-Voce-vai-amar-o-resultado-crocante-saboroso-e-saudavel-desta-Faro",
                    "picture_url": "https:\/\/www.sekiama.com.br\/wp-content\/uploads\/2021\/11\/sementes-Frente-1.png",
                    "category_id": "others",
                    "quantity": "1",
                    "unit_price": "18.2"
                },
                {
                    "id": "199",
                    "title": "Farofa Doce x 2",
                    "description": "Ideal-para-voce-que-deseja-inovar-no-sabor-das-suas-deliciosas-sobremesas-finalizando-com-um-toque-extra-crocante.-Voce-ainda-pode-experimentar-em-vitaminas-massas-de-tortas-cobertura-de-bolos-e-onde-mais-preferir.-Surpree",
                    "picture_url": "https:\/\/www.sekiama.com.br\/wp-content\/uploads\/2021\/11\/doce-Frente-1.png",
                    "category_id": "others",
                    "quantity": "1",
                    "unit_price": "39.6"
                },
                {
                    "id": "195",
                    "title": "Farofa com Muita Cebola x 2",
                    "description": "Por-ser-incrivelmente-saborosa-a-Farofa-com-muita-cebola-crocante-e-a-campea-de-vendas-conquistando-todos-os-paladares.-Nesta-nobre-preparacao-a-farinha-de-mandioca-absorve-o-incrivel-sabor-da-cebola-fresca-resultando-em",
                    "picture_url": "https:\/\/www.sekiama.com.br\/wp-content\/uploads\/2021\/11\/cebola-frente-1.png",
                    "category_id": "others",
                    "quantity": "1",
                    "unit_price": "34.4"
                },
                {
                    "id": "197",
                    "title": "Farofa com Muitas Sementes e Castanhas x 2",
                    "description": "Foi-a-primeira-Farofa-lancada-no-mercado.-E-enriquecida-com-muitas-sementes-e-castanhas-e-sendo-riquissima-em-fibras-pode-ser-incluida-no-seu-dia-a-dia-de-forma-saudavel.-Farofa-sem-culpa-recheada-de-nutrientes-essenciais",
                    "picture_url": "https:\/\/www.sekiama.com.br\/wp-content\/uploads\/2021\/11\/castanhas-frente.png",
                    "category_id": "others",
                    "quantity": "1",
                    "unit_price": "37.2"
                },
                {
                    "id": null,
                    "title": "PAC (Entrega em 7 dias úteis)",
                    "description": "Serviço de envio usado pela loja.",
                    "picture_url": null,
                    "category_id": "others",
                    "quantity": "1",
                    "unit_price": "39.24"
                }
            ],
            "payer": {
                "phone": {
                    "number": "(61) 3703-3243"
                },
                "address": {
                    "zip_code": "70385-020",
                    "street_name": "SQS 115 Bloco B Ap. 402 \/ Brasília DF BR"
                },
                "first_name": "Marcelo",
                "last_name": "Soeiro"
            },
            "shipments": {
                "receiver_address": {
                    "zip_code": "70385-020",
                    "state_name": "DF",
                    "city_name": "Brasília",
                    "street_name": "SQS 115 Bloco B Ap. 402 Ed. Shalom Brasília DF BR",
                    "apartment": "Ed. Shalom"
                }
            },
            "iso_response_code": "00",
            "available_balance": null,
            "nsu_processadora": "CAQEBAQMroV9w3ESVMJ7Dgqnr-cd4w_ucedH3yn-TT7fRDqZ-oAAwT_dwechPvuU",
            "authentication_code": null
        },
        "order": [],
        "external_reference": "WC-13804",
        "transaction_amount": 168.6399999999999863575794734060764312744140625,
        "transaction_amount_refunded": 0,
        "coupon_amount": 0,
        "differential_pricing_id": null,
        "deduction_schema": null,
        "installments": 1,
        "transaction_details": {
            "payment_method_reference_id": null,
            "net_received_amount": 160.219999999999998863131622783839702606201171875,
            "total_paid_amount": 168.6399999999999863575794734060764312744140625,
            "overpaid_amount": 0,
            "external_resource_url": null,
            "installment_amount": 168.6399999999999863575794734060764312744140625,
            "financial_institution": null,
            "payable_deferral_period": null,
            "acquirer_reference": null
        },
        "fee_details": [
            {
                "type": "mercadopago_fee",
                "amount": 8.4199999999999999289457264239899814128875732421875,
                "fee_payer": "collector"
            }
        ],
        "charges_details": [],
        "captured": true,
        "binary_mode": false,
        "call_for_authorize_id": null,
        "statement_descriptor": "MERCADOPAGO*SEKIAMAMP",
        "card": {
            "id": null,
            "first_six_digits": "521433",
            "last_four_digits": "0530",
            "bin": "52143302",
            "expiration_month": 1,
            "expiration_year": 2028,
            "date_created": "2022-06-22T10:15:44.000-04:00",
            "date_last_updated": "2022-06-22T10:15:44.000-04:00",
            "cardholder": {
                "name": "Marcelo dos Santos Soeiro",
                "identification": {
                    "number": "61821187253",
                    "type": "CPF"
                }
            }
        },
        "notification_url": "https:\/\/www.sekiama.com.br\/wc-api\/WC_WooMercadoPago_Custom_Gateway\/?source_news=webhooks",
        "refunds": [],
        "processing_mode": "aggregator",
        "merchant_account_id": null,
        "merchant_number": null,
        "acquirer_reconciliation": [],
        "point_of_interaction": {
            "type": "UNSPECIFIED",
            "business_info": {
                "unit": "online_payments",
                "sub_unit": "woocommerce"
            }
        }
    }
}
06-22-2022 @ 11:15:46 - [create_preference]: payment link generated with success from mercado pago, with structure as follow: {
    "status": 201,
    "response": {
        "id": 23378711962,
        "date_created": "2022-06-22T10:15:44.764-04:00",
        "date_approved": "2022-06-22T10:15:46.328-04:00",
        "date_last_updated": "2022-06-22T10:15:46.328-04:00",
        "date_of_expiration": null,
        "money_release_date": "2022-06-22T10:15:46.328-04:00",
        "operation_type": "regular_payment",
        "issuer_id": "12522",
        "payment_method_id": "master",
        "payment_type_id": "credit_card",
        "status": "approved",
        "status_detail": "accredited",
        "currency_id": "BRL",
        "description": "Farofa com Muitas Sementes x 1, Farofa Doce x 2, Farofa com Muita Cebola x 2, Farofa com Muitas Sementes e Castanhas x 2",
        "live_mode": true,
        "sponsor_id": 208686191,
        "authorization_code": "RXLQYS",
        "money_release_schema": null,
        "taxes_amount": 0,
        "counter_currency": null,
        "brand_id": null,
        "shipping_amount": 0,
        "pos_id": null,
        "store_id": null,
        "integrator_id": null,
        "platform_id": "bo2hnr2ic4p001kbgpt0",
        "corporation_id": null,
        "collector_id": 163745094,
        "payer": {
            "type": null,
            "id": "112329931",
            "operator_id": null,
            "email": "marcelo.soeiro@gmail.com",
            "identification": {
                "type": "CPF",
                "number": "61821187253"
            },
            "phone": {
                "area_code": null,
                "number": null,
                "extension": null
            },
            "first_name": null,
            "last_name": null,
            "entity_type": null
        },
        "marketplace_owner": null,
        "metadata": {
            "basic_settings": {
                "ex_payments_debelo": "yes",
                "checkout_credential_prod": "deprecated",
                "checkbox_checkout_test_mode": "yes",
                "method": "redirect",
                "ex_payments_amex": "yes",
                "gateway_discount_checkbox": "no",
                "enabled": "no",
                "ex_payments_master": "yes",
                "ex_payments_visa": "yes",
                "ex_payments_pec": "yes",
                "ex_payments_bolbradesco": "yes",
                "commission_checkbox": "no",
                "currency_conversion": "no",
                "installments": "1",
                "binary_mode": "no",
                "ex_payments_debvisa": "yes",
                "ex_payments_elo": "yes",
                "auto_return": "yes",
                "ex_payments_hipercard": "yes"
            },
            "checkout_type": "credit_card",
            "seller_website": "https:\/\/www.sekiama.com.br",
            "billing_address": {
                "city_name": "Brasília",
                "state_name": "DF",
                "country_name": "BR",
                "zip_code": "70385-020",
                "street_name": "SQS 115 Bloco B Ap. 402"
            },
            "module_version": "5.8.0",
            "sponsor_id": 208686191,
            "platform": "bo2hnr2ic4p001kbgpt0",
            "collector": "163745094",
            "ticket_settings": [],
            "platform_version": "6.6.1",
            "test_mode": false,
            "site_id": "mlb",
            "custom_settings": {
                "wallet_button": "yes",
                "checkout_credential_prod": "deprecated",
                "commission_checkbox": "no",
                "checkbox_checkout_test_mode": "yes",
                "currency_conversion": "no",
                "binary_mode": "no",
                "coupon_mode": "no",
                "gateway_discount_checkbox": "no",
                "enabled": "yes"
            },
            "pix_settings": {
                "enabled": "yes"
            },
            "details": "",
            "user": {
                "user_email": "marcelo.soeiro@gmail.com",
                "registered_user": "yes",
                "user_registration_date": "2022-06-05T19:23:09.000+00:00"
            },
            "checkout": "custom"
        },
        "additional_info": {
            "items": [
                {
                    "id": "194",
                    "title": "Farofa com Muitas Sementes x 1",
                    "description": "A-Farofa-com-muitas-sementes-e-incrivel-e-vai-te-saciar-de-forma-natural-e-saudavel.-As-sementes-permitem-melhorar-o-seu-consumo-de-fibras-e-micronutrientes.-Voce-vai-amar-o-resultado-crocante-saboroso-e-saudavel-desta-Faro",
                    "picture_url": "https:\/\/www.sekiama.com.br\/wp-content\/uploads\/2021\/11\/sementes-Frente-1.png",
                    "category_id": "others",
                    "quantity": "1",
                    "unit_price": "18.2"
                },
                {
                    "id": "199",
                    "title": "Farofa Doce x 2",
                    "description": "Ideal-para-voce-que-deseja-inovar-no-sabor-das-suas-deliciosas-sobremesas-finalizando-com-um-toque-extra-crocante.-Voce-ainda-pode-experimentar-em-vitaminas-massas-de-tortas-cobertura-de-bolos-e-onde-mais-preferir.-Surpree",
                    "picture_url": "https:\/\/www.sekiama.com.br\/wp-content\/uploads\/2021\/11\/doce-Frente-1.png",
                    "category_id": "others",
                    "quantity": "1",
                    "unit_price": "39.6"
                },
                {
                    "id": "195",
                    "title": "Farofa com Muita Cebola x 2",
                    "description": "Por-ser-incrivelmente-saborosa-a-Farofa-com-muita-cebola-crocante-e-a-campea-de-vendas-conquistando-todos-os-paladares.-Nesta-nobre-preparacao-a-farinha-de-mandioca-absorve-o-incrivel-sabor-da-cebola-fresca-resultando-em",
                    "picture_url": "https:\/\/www.sekiama.com.br\/wp-content\/uploads\/2021\/11\/cebola-frente-1.png",
                    "category_id": "others",
                    "quantity": "1",
                    "unit_price": "34.4"
                },
                {
                    "id": "197",
                    "title": "Farofa com Muitas Sementes e Castanhas x 2",
                    "description": "Foi-a-primeira-Farofa-lancada-no-mercado.-E-enriquecida-com-muitas-sementes-e-castanhas-e-sendo-riquissima-em-fibras-pode-ser-incluida-no-seu-dia-a-dia-de-forma-saudavel.-Farofa-sem-culpa-recheada-de-nutrientes-essenciais",
                    "picture_url": "https:\/\/www.sekiama.com.br\/wp-content\/uploads\/2021\/11\/castanhas-frente.png",
                    "category_id": "others",
                    "quantity": "1",
                    "unit_price": "37.2"
                },
                {
                    "id": null,
                    "title": "PAC (Entrega em 7 dias úteis)",
                    "description": "Serviço de envio usado pela loja.",
                    "picture_url": null,
                    "category_id": "others",
                    "quantity": "1",
                    "unit_price": "39.24"
                }
            ],
            "payer": {
                "phone": {
                    "number": "(61) 3703-3243"
                },
                "address": {
                    "zip_code": "70385-020",
                    "street_name": "SQS 115 Bloco B Ap. 402 \/ Brasília DF BR"
                },
                "first_name": "Marcelo",
                "last_name": "Soeiro"
            },
            "shipments": {
                "receiver_address": {
                    "zip_code": "70385-020",
                    "state_name": "DF",
                    "city_name": "Brasília",
                    "street_name": "SQS 115 Bloco B Ap. 402 Ed. Shalom Brasília DF BR",
                    "apartment": "Ed. Shalom"
                }
            },
            "iso_response_code": "00",
            "available_balance": null,
            "nsu_processadora": "CAQEBAQMroV9w3ESVMJ7Dgqnr-cd4w_ucedH3yn-TT7fRDqZ-oAAwT_dwechPvuU",
            "authentication_code": null
        },
        "order": [],
        "external_reference": "WC-13804",
        "transaction_amount": 168.6399999999999863575794734060764312744140625,
        "transaction_amount_refunded": 0,
        "coupon_amount": 0,
        "differential_pricing_id": null,
        "deduction_schema": null,
        "installments": 1,
        "transaction_details": {
            "payment_method_reference_id": null,
            "net_received_amount": 160.219999999999998863131622783839702606201171875,
            "total_paid_amount": 168.6399999999999863575794734060764312744140625,
            "overpaid_amount": 0,
            "external_resource_url": null,
            "installment_amount": 168.6399999999999863575794734060764312744140625,
            "financial_institution": null,
            "payable_deferral_period": null,
            "acquirer_reference": null
        },
        "fee_details": [
            {
                "type": "mercadopago_fee",
                "amount": 8.4199999999999999289457264239899814128875732421875,
                "fee_payer": "collector"
            }
        ],
        "charges_details": [],
        "captured": true,
        "binary_mode": false,
        "call_for_authorize_id": null,
        "statement_descriptor": "MERCADOPAGO*SEKIAMAMP",
        "card": {
            "id": null,
            "first_six_digits": "521433",
            "last_four_digits": "0530",
            "bin": "52143302",
            "expiration_month": 1,
            "expiration_year": 2028,
            "date_created": "2022-06-22T10:15:44.000-04:00",
            "date_last_updated": "2022-06-22T10:15:44.000-04:00",
            "cardholder": {
                "name": "Marcelo dos Santos Soeiro",
                "identification": {
                    "number": "61821187253",
                    "type": "CPF"
                }
            }
        },
        "notification_url": "https:\/\/www.sekiama.com.br\/wc-api\/WC_WooMercadoPago_Custom_Gateway\/?source_news=webhooks",
        "refunds": [],
        "processing_mode": "aggregator",
        "merchant_account_id": null,
        "merchant_number": null,
        "acquirer_reconciliation": [],
        "point_of_interaction": {
            "type": "UNSPECIFIED",
            "business_info": {
                "unit": "online_payments",
                "sub_unit": "woocommerce"
            }
        }
    }
}
06-22-2022 @ 11:15:47 - [check_ipn_response]: received _get content: {
    "data_id": "23378711962",
    "source_news": "webhooks",
    "type": "payment"
}
06-22-2022 @ 11:15:47 - [successful_request]: starting to process  update...
06-22-2022 @ 11:15:47 - [successful_request]: updating metadata and status with data: {
    "acquirer_reconciliation": [],
    "additional_info": {
        "authentication_code": null,
        "available_balance": null,
        "items": [
            {
                "category_id": "others",
                "description": "A-Farofa-com-muitas-sementes-e-incrivel-e-vai-te-saciar-de-forma-natural-e-saudavel.-As-sementes-permitem-melhorar-o-seu-consumo-de-fibras-e-micronutrientes.-Voce-vai-amar-o-resultado-crocante-saboroso-e-saudavel-desta-Faro",
                "id": "194",
                "picture_url": "https:\/\/www.sekiama.com.br\/wp-content\/uploads\/2021\/11\/sementes-Frente-1.png",
                "quantity": "1",
                "title": "Farofa com Muitas Sementes x 1",
                "unit_price": "18.2"
            },
            {
                "category_id": "others",
                "description": "Ideal-para-voce-que-deseja-inovar-no-sabor-das-suas-deliciosas-sobremesas-finalizando-com-um-toque-extra-crocante.-Voce-ainda-pode-experimentar-em-vitaminas-massas-de-tortas-cobertura-de-bolos-e-onde-mais-preferir.-Surpree",
                "id": "199",
                "picture_url": "https:\/\/www.sekiama.com.br\/wp-content\/uploads\/2021\/11\/doce-Frente-1.png",
                "quantity": "1",
                "title": "Farofa Doce x 2",
                "unit_price": "39.6"
            },
            {
                "category_id": "others",
                "description": "Por-ser-incrivelmente-saborosa-a-Farofa-com-muita-cebola-crocante-e-a-campea-de-vendas-conquistando-todos-os-paladares.-Nesta-nobre-preparacao-a-farinha-de-mandioca-absorve-o-incrivel-sabor-da-cebola-fresca-resultando-em",
                "id": "195",
                "picture_url": "https:\/\/www.sekiama.com.br\/wp-content\/uploads\/2021\/11\/cebola-frente-1.png",
                "quantity": "1",
                "title": "Farofa com Muita Cebola x 2",
                "unit_price": "34.4"
            },
            {
                "category_id": "others",
                "description": "Foi-a-primeira-Farofa-lancada-no-mercado.-E-enriquecida-com-muitas-sementes-e-castanhas-e-sendo-riquissima-em-fibras-pode-ser-incluida-no-seu-dia-a-dia-de-forma-saudavel.-Farofa-sem-culpa-recheada-de-nutrientes-essenciais",
                "id": "197",
                "picture_url": "https:\/\/www.sekiama.com.br\/wp-content\/uploads\/2021\/11\/castanhas-frente.png",
                "quantity": "1",
                "title": "Farofa com Muitas Sementes e Castanhas x 2",
                "unit_price": "37.2"
            },
            {
                "category_id": "others",
                "description": "Serviço de envio usado pela loja.",
                "id": null,
                "picture_url": null,
                "quantity": "1",
                "title": "PAC (Entrega em 7 dias úteis)",
                "unit_price": "39.24"
            }
        ],
        "nsu_processadora": null,
        "payer": {
            "address": {
                "street_name": "SQS 115 Bloco B Ap. 402 \/ Brasília DF BR",
                "zip_code": "70385-020"
            },
            "first_name": "Marcelo",
            "last_name": "Soeiro",
            "phone": {
                "number": "(61) 3703-3243"
            }
        },
        "shipments": {
            "receiver_address": {
                "apartment": "Ed. Shalom",
                "city_name": "Brasília",
                "state_name": "DF",
                "street_name": "SQS 115 Bloco B Ap. 402 Ed. Shalom Brasília DF BR",
                "zip_code": "70385-020"
            }
        }
    },
    "authorization_code": "RXLQYS",
    "binary_mode": false,
    "brand_id": null,
    "call_for_authorize_id": null,
    "captured": true,
    "card": {
        "bin": "52143302",
        "cardholder": {
            "identification": {
                "number": "61821187253",
                "type": "CPF"
            },
            "name": "Marcelo dos Santos Soeiro"
        },
        "date_created": "2022-06-22T10:15:44.000-04:00",
        "date_last_updated": "2022-06-22T10:15:44.000-04:00",
        "expiration_month": 1,
        "expiration_year": 2028,
        "first_six_digits": "521433",
        "id": null,
        "last_four_digits": "0530"
    },
    "charges_details": [],
    "collector_id": 163745094,
    "corporation_id": null,
    "counter_currency": null,
    "coupon_amount": 0,
    "currency_id": "BRL",
    "date_approved": "2022-06-22T10:15:46.000-04:00",
    "date_created": "2022-06-22T10:15:44.000-04:00",
    "date_last_updated": "2022-06-22T10:15:46.000-04:00",
    "date_of_expiration": null,
    "deduction_schema": null,
    "description": "Farofa com Muitas Sementes x 1, Farofa Doce x 2, Farofa com Muita Cebola x 2, Farofa com Muitas Sementes e Castanhas x 2",
    "differential_pricing_id": null,
    "external_reference": "WC-13804",
    "fee_details": [
        {
            "amount": 8.4199999999999999289457264239899814128875732421875,
            "fee_payer": "collector",
            "type": "mercadopago_fee"
        }
    ],
    "id": 23378711962,
    "installments": 1,
    "integrator_id": null,
    "issuer_id": "12522",
    "live_mode": true,
    "marketplace_owner": null,
    "merchant_account_id": null,
    "merchant_number": null,
    "metadata": {
        "basic_settings": {
            "ex_payments_debelo": "yes",
            "checkout_credential_prod": "deprecated",
            "checkbox_checkout_test_mode": "yes",
            "method": "redirect",
            "ex_payments_amex": "yes",
            "gateway_discount_checkbox": "no",
            "enabled": "no",
            "ex_payments_master": "yes",
            "ex_payments_pec": "yes",
            "ex_payments_visa": "yes",
            "ex_payments_bolbradesco": "yes",
            "commission_checkbox": "no",
            "binary_mode": "no",
            "currency_conversion": "no",
            "installments": "1",
            "ex_payments_debvisa": "yes",
            "ex_payments_elo": "yes",
            "auto_return": "yes",
            "ex_payments_hipercard": "yes"
        },
        "checkout_type": "credit_card",
        "seller_website": "https:\/\/www.sekiama.com.br",
        "billing_address": {
            "city_name": "Brasília",
            "state_name": "DF",
            "country_name": "BR",
            "street_name": "SQS 115 Bloco B Ap. 402",
            "zip_code": "70385-020"
        },
        "module_version": "5.8.0",
        "sponsor_id": 208686191,
        "collector": "163745094",
        "platform": "bo2hnr2ic4p001kbgpt0",
        "ticket_settings": [],
        "platform_version": "6.6.1",
        "test_mode": false,
        "site_id": "mlb",
        "custom_settings": {
            "checkout_credential_prod": "deprecated",
            "wallet_button": "yes",
            "commission_checkbox": "no",
            "checkbox_checkout_test_mode": "yes",
            "binary_mode": "no",
            "currency_conversion": "no",
            "coupon_mode": "no",
            "gateway_discount_checkbox": "no",
            "enabled": "yes"
        },
        "pix_settings": {
            "enabled": "yes"
        },
        "details": "",
        "checkout": "custom",
        "user": {
            "user_email": "marcelo.soeiro@gmail.com",
            "registered_user": "yes",
            "user_registration_date": "2022-06-05T19:23:09.000+00:00"
        }
    },
    "money_release_date": "2022-06-22T10:15:46.000-04:00",
    "money_release_schema": null,
    "notification_url": "https:\/\/www.sekiama.com.br\/wc-api\/WC_WooMercadoPago_Custom_Gateway\/?source_news=webhooks",
    "operation_type": "regular_payment",
    "order": [],
    "payer": {
        "email": "marcelo.soeiro@gmail.com",
        "entity_type": null,
        "first_name": null,
        "id": "112329931",
        "identification": {
            "number": "61821187253",
            "type": "CPF"
        },
        "last_name": null,
        "operator_id": null,
        "phone": {
            "area_code": null,
            "extension": null,
            "number": null
        },
        "type": null
    },
    "payment_method_id": "master",
    "payment_type_id": "credit_card",
    "platform_id": "bo2hnr2ic4p001kbgpt0",
    "point_of_interaction": {
        "business_info": {
            "sub_unit": "woocommerce",
            "unit": "online_payments"
        },
        "type": "UNSPECIFIED"
    },
    "pos_id": null,
    "processing_mode": "aggregator",
    "refunds": [],
    "shipping_amount": 0,
    "sponsor_id": 208686191,
    "statement_descriptor": "MERCADOPAGO*SEKIAMAMP",
    "status": "approved",
    "status_detail": "accredited",
    "store_id": null,
    "taxes_amount": 0,
    "transaction_amount": 168.6399999999999863575794734060764312744140625,
    "transaction_amount_refunded": 0,
    "transaction_details": {
        "acquirer_reference": null,
        "external_resource_url": null,
        "financial_institution": null,
        "installment_amount": 168.6399999999999863575794734060764312744140625,
        "net_received_amount": 160.219999999999998863131622783839702606201171875,
        "overpaid_amount": 0,
        "payable_deferral_period": null,
        "payment_method_reference_id": null,
        "total_paid_amount": 168.6399999999999863575794734060764312744140625
    }
}
06-22-2022 @ 11:15:47 - [successful_request]: Changing order status to: processing
