05-17-2022 @ 22:08:58 - [process_payment]: POST Custom: {
    "amount": "95.47",
    "currency_ratio": "1",
    "campaign_id": "",
    "campaign": "",
    "discount": "",
    "paymentMethodId": "",
    "token": "",
    "checkout_type": "wallet_button"
}
05-17-2022 @ 22:08:58 - [process_payment]: preparing to render wallet button checkout.
05-17-2022 @ 22:08:58 - [Created preference: ]: Preference: {
    "binary_mode": false,
    "external_reference": "WC-13752",
    "notification_url": "https:\/\/www.sekiama.com.br\/wc-api\/WC_WooMercadoPago_Custom_Gateway\/?source_news=webhooks",
    "statement_descriptor": "Sekiama MP",
    "sponsor_id": 208686191,
    "items": [
        {
            "id": 196,
            "title": "Farofa para Churrasco com Manteiga x 4",
            "description": "Baseada-em-uma-receita-caseira-esta-farofa-consegue-ao-mesmo-tempo-ser-crocante-e-ter-um-sabor-bastante-marcado-de-manteiga.-Desenvolvida-especialmente-para-os-apreciadores-de-churrasco-esta-farofa-ira-conquistar-um-espaco-em",
            "picture_url": "https:\/\/www.sekiama.com.br\/wp-content\/uploads\/2021\/11\/churrasco-frente-1.png",
            "category_id": "others",
            "quantity": 1,
            "unit_price": 62.7999999999999971578290569595992565155029296875,
            "currency_id": "BRL"
        },
        {
            "title": "Jadlog Package (Entrega em 7 dias úteis)",
            "description": "Serviço de envio usado pela loja.",
            "category_id": "others",
            "quantity": 1,
            "unit_price": 32.6700000000000017053025658242404460906982421875
        }
    ],
    "payer": {
        "name": "ATTILA",
        "surname": "MAGNO E SILVA BARBOSA",
        "email": "barbosaattila@uol.com.br",
        "phone": {
            "number": "(53) 3307-7601"
        },
        "address": {
            "zip_code": "96020-045",
            "street_name": "Av. Pres. Juscelino Kubitscheck de Oliveira \/ Pelotas RS BR"
        }
    },
    "back_urls": {
        "success": "https:\/\/www.sekiama.com.br\/finalizar-compra\/order-received\/13752\/?key=wc_order_Nx9SIydD178Ya",
        "failure": "https:\/\/www.sekiama.com.br\/carrinho\/?cancel_order=true&order=wc_order_Nx9SIydD178Ya&order_id=13752&redirect&_wpnonce=a7f71fd436",
        "pending": "https:\/\/www.sekiama.com.br\/finalizar-compra\/order-received\/13752\/?key=wc_order_Nx9SIydD178Ya"
    },
    "shipments": {
        "receiver_address": {
            "zip_code": "96020-045",
            "street_name": "Av. Pres. Juscelino Kubitscheck de Oliveira 705 B Pelotas RS BR",
            "apartment": "705 B",
            "city_name": "Pelotas",
            "state_name": "RS"
        }
    },
    "payment_methods": {
        "installments": 12,
        "excluded_payment_methods": []
    },
    "auto_return": "approved",
    "metadata": {
        "platform": "bo2hnr2ic4p001kbgpt0",
        "platform_version": "6.5.1",
        "module_version": "5.7.6",
        "site_id": "mlb",
        "sponsor_id": 208686191,
        "collector": "163745094",
        "test_mode": false,
        "details": "",
        "basic_settings": {
            "enabled": "no",
            "currency_conversion": "no",
            "installments": "1",
            "method": "redirect",
            "auto_return": "yes",
            "binary_mode": "no",
            "ex_payments_master": "yes",
            "ex_payments_hipercard": "yes",
            "ex_payments_amex": "yes",
            "ex_payments_elo": "yes",
            "ex_payments_visa": "yes",
            "ex_payments_debvisa": "yes",
            "ex_payments_debelo": "yes",
            "ex_payments_pec": "yes",
            "ex_payments_bolbradesco": "yes",
            "gateway_discount_checkbox": "no",
            "commission_checkbox": "no",
            "checkbox_checkout_test_mode": "yes",
            "checkout_credential_prod": "deprecated"
        },
        "custom_settings": {
            "enabled": "yes",
            "currency_conversion": "no",
            "wallet_button": "yes",
            "coupon_mode": "no",
            "binary_mode": "no",
            "gateway_discount_checkbox": "no",
            "commission_checkbox": "no",
            "checkbox_checkout_test_mode": "yes",
            "checkout_credential_prod": "deprecated"
        },
        "ticket_settings": [],
        "pix_settings": {
            "enabled": "yes"
        },
        "seller_website": "https:\/\/www.sekiama.com.br",
        "billing_address": {
            "zip_code": "96020-045",
            "street_name": "Av. Pres. Juscelino Kubitscheck de Oliveira",
            "city_name": "Pelotas",
            "state_name": "RS",
            "country_name": "BR"
        },
        "user": {
            "registered_user": "yes",
            "user_email": "barbosaattila@uol.com.br",
            "user_registration_date": "2022-05-18T00:58:31.000+00:00"
        },
        "checkout": "pro",
        "checkout_type": "wallet_button"
    },
    "purpose": "wallet_purchase"
}
05-17-2022 @ 22:08:59 - [create_preference_wallet_button]: Created Preference: {
    "status": 201,
    "response": {
        "additional_info": "",
        "auto_return": "approved",
        "back_urls": {
            "failure": "https:\/\/www.sekiama.com.br\/carrinho\/?cancel_order=true&order=wc_order_Nx9SIydD178Ya&order_id=13752&redirect&_wpnonce=a7f71fd436",
            "pending": "https:\/\/www.sekiama.com.br\/finalizar-compra\/order-received\/13752\/?key=wc_order_Nx9SIydD178Ya",
            "success": "https:\/\/www.sekiama.com.br\/finalizar-compra\/order-received\/13752\/?key=wc_order_Nx9SIydD178Ya"
        },
        "binary_mode": false,
        "client_id": "6290074584163570",
        "collector_id": 163745094,
        "coupon_code": null,
        "coupon_labels": null,
        "date_created": "2022-05-17T21:08:57.858-04:00",
        "date_of_expiration": null,
        "expiration_date_from": null,
        "expiration_date_to": null,
        "expires": false,
        "external_reference": "WC-13752",
        "id": "163745094-968ebd70-506d-4b5d-bfae-f038723383e6",
        "init_point": "https:\/\/www.mercadopago.com.br\/checkout\/v1\/redirect?pref_id=163745094-968ebd70-506d-4b5d-bfae-f038723383e6",
        "internal_metadata": null,
        "items": [
            {
                "id": "196",
                "category_id": "others",
                "currency_id": "BRL",
                "description": "Baseada-em-uma-receita-caseira-esta-farofa-consegue-ao-mesmo-tempo-ser-crocante-e-ter-um-sabor-bastante-marcado-de-manteiga.-Desenvolvida-especialmente-para-os-apreciadores-de-churrasco-esta-farofa-ira-conquistar-um-espaco-em",
                "picture_url": "https:\/\/www.sekiama.com.br\/wp-content\/uploads\/2021\/11\/churrasco-frente-1.png",
                "title": "Farofa para Churrasco com Manteiga x 4",
                "quantity": 1,
                "unit_price": 62.7999999999999971578290569595992565155029296875
            },
            {
                "id": "",
                "category_id": "others",
                "currency_id": "BRL",
                "description": "Serviço de envio usado pela loja.",
                "title": "Jadlog Package (Entrega em 7 dias úteis)",
                "quantity": 1,
                "unit_price": 32.6700000000000017053025658242404460906982421875
            }
        ],
        "marketplace": "NONE",
        "marketplace_fee": 0,
        "metadata": {
            "basic_settings": {
                "auto_return": "yes",
                "binary_mode": "no",
                "checkbox_checkout_test_mode": "yes",
                "checkout_credential_prod": "deprecated",
                "commission_checkbox": "no",
                "currency_conversion": "no",
                "enabled": "no",
                "ex_payments_amex": "yes",
                "ex_payments_bolbradesco": "yes",
                "ex_payments_debelo": "yes",
                "ex_payments_debvisa": "yes",
                "ex_payments_elo": "yes",
                "ex_payments_hipercard": "yes",
                "ex_payments_master": "yes",
                "ex_payments_pec": "yes",
                "ex_payments_visa": "yes",
                "gateway_discount_checkbox": "no",
                "installments": "1",
                "method": "redirect"
            },
            "billing_address": {
                "city_name": "Pelotas",
                "country_name": "BR",
                "state_name": "RS",
                "street_name": "Av. Pres. Juscelino Kubitscheck de Oliveira",
                "zip_code": "96020-045"
            },
            "checkout": "pro",
            "checkout_type": "wallet_button",
            "collector": "163745094",
            "custom_settings": {
                "binary_mode": "no",
                "checkbox_checkout_test_mode": "yes",
                "checkout_credential_prod": "deprecated",
                "commission_checkbox": "no",
                "coupon_mode": "no",
                "currency_conversion": "no",
                "enabled": "yes",
                "gateway_discount_checkbox": "no",
                "wallet_button": "yes"
            },
            "details": "",
            "module_version": "5.7.6",
            "pix_settings": {
                "enabled": "yes"
            },
            "platform": "bo2hnr2ic4p001kbgpt0",
            "platform_version": "6.5.1",
            "seller_website": "https:\/\/www.sekiama.com.br",
            "site_id": "mlb",
            "sponsor_id": 208686191,
            "test_mode": false,
            "ticket_settings": [],
            "user": {
                "registered_user": "yes",
                "user_email": "barbosaattila@uol.com.br",
                "user_registration_date": "2022-05-18T00:58:31.000+00:00"
            }
        },
        "notification_url": "https:\/\/www.sekiama.com.br\/wc-api\/WC_WooMercadoPago_Custom_Gateway\/?source_news=webhooks",
        "operation_type": "regular_payment",
        "payer": {
            "phone": {
                "area_code": "",
                "number": "(53) 3307-7601"
            },
            "address": {
                "zip_code": "96020-045",
                "street_name": "Av. Pres. Juscelino Kubitscheck de Oliveira  Pelotas RS BR",
                "street_number": null
            },
            "email": "barbosaattila@uol.com.br",
            "identification": {
                "number": "",
                "type": ""
            },
            "name": "ATTILA",
            "surname": "MAGNO E SILVA BARBOSA",
            "date_created": null,
            "last_purchase": null
        },
        "payment_methods": {
            "default_card_id": null,
            "default_payment_method_id": null,
            "excluded_payment_methods": [
                {
                    "id": ""
                }
            ],
            "excluded_payment_types": [
                {
                    "id": ""
                }
            ],
            "installments": 12,
            "default_installments": null
        },
        "processing_modes": null,
        "product_id": null,
        "redirect_urls": {
            "failure": "",
            "pending": "",
            "success": ""
        },
        "sandbox_init_point": "https:\/\/sandbox.mercadopago.com.br\/checkout\/v1\/redirect?pref_id=163745094-968ebd70-506d-4b5d-bfae-f038723383e6",
        "site_id": "MLB",
        "shipments": {
            "default_shipping_method": null,
            "receiver_address": {
                "zip_code": "96020-045",
                "street_name": "Av. Pres. Juscelino Kubitscheck de Oliveira 705 B Pelotas RS BR",
                "street_number": null,
                "floor": "",
                "apartment": "705 B",
                "city_name": "Pelotas",
                "state_name": "RS",
                "country_name": null
            }
        },
        "sponsor_id": 208686191,
        "statement_descriptor": "Sekiama MP",
        "total_amount": null,
        "last_updated": null
    }
}
05-17-2022 @ 22:08:59 - [create_preference_wallet_button]: payment link generated with success from mercado pago, with structure as follow: {
    "status": 201,
    "response": {
        "additional_info": "",
        "auto_return": "approved",
        "back_urls": {
            "failure": "https:\/\/www.sekiama.com.br\/carrinho\/?cancel_order=true&order=wc_order_Nx9SIydD178Ya&order_id=13752&redirect&_wpnonce=a7f71fd436",
            "pending": "https:\/\/www.sekiama.com.br\/finalizar-compra\/order-received\/13752\/?key=wc_order_Nx9SIydD178Ya",
            "success": "https:\/\/www.sekiama.com.br\/finalizar-compra\/order-received\/13752\/?key=wc_order_Nx9SIydD178Ya"
        },
        "binary_mode": false,
        "client_id": "6290074584163570",
        "collector_id": 163745094,
        "coupon_code": null,
        "coupon_labels": null,
        "date_created": "2022-05-17T21:08:57.858-04:00",
        "date_of_expiration": null,
        "expiration_date_from": null,
        "expiration_date_to": null,
        "expires": false,
        "external_reference": "WC-13752",
        "id": "163745094-968ebd70-506d-4b5d-bfae-f038723383e6",
        "init_point": "https:\/\/www.mercadopago.com.br\/checkout\/v1\/redirect?pref_id=163745094-968ebd70-506d-4b5d-bfae-f038723383e6",
        "internal_metadata": null,
        "items": [
            {
                "id": "196",
                "category_id": "others",
                "currency_id": "BRL",
                "description": "Baseada-em-uma-receita-caseira-esta-farofa-consegue-ao-mesmo-tempo-ser-crocante-e-ter-um-sabor-bastante-marcado-de-manteiga.-Desenvolvida-especialmente-para-os-apreciadores-de-churrasco-esta-farofa-ira-conquistar-um-espaco-em",
                "picture_url": "https:\/\/www.sekiama.com.br\/wp-content\/uploads\/2021\/11\/churrasco-frente-1.png",
                "title": "Farofa para Churrasco com Manteiga x 4",
                "quantity": 1,
                "unit_price": 62.7999999999999971578290569595992565155029296875
            },
            {
                "id": "",
                "category_id": "others",
                "currency_id": "BRL",
                "description": "Serviço de envio usado pela loja.",
                "title": "Jadlog Package (Entrega em 7 dias úteis)",
                "quantity": 1,
                "unit_price": 32.6700000000000017053025658242404460906982421875
            }
        ],
        "marketplace": "NONE",
        "marketplace_fee": 0,
        "metadata": {
            "basic_settings": {
                "auto_return": "yes",
                "binary_mode": "no",
                "checkbox_checkout_test_mode": "yes",
                "checkout_credential_prod": "deprecated",
                "commission_checkbox": "no",
                "currency_conversion": "no",
                "enabled": "no",
                "ex_payments_amex": "yes",
                "ex_payments_bolbradesco": "yes",
                "ex_payments_debelo": "yes",
                "ex_payments_debvisa": "yes",
                "ex_payments_elo": "yes",
                "ex_payments_hipercard": "yes",
                "ex_payments_master": "yes",
                "ex_payments_pec": "yes",
                "ex_payments_visa": "yes",
                "gateway_discount_checkbox": "no",
                "installments": "1",
                "method": "redirect"
            },
            "billing_address": {
                "city_name": "Pelotas",
                "country_name": "BR",
                "state_name": "RS",
                "street_name": "Av. Pres. Juscelino Kubitscheck de Oliveira",
                "zip_code": "96020-045"
            },
            "checkout": "pro",
            "checkout_type": "wallet_button",
            "collector": "163745094",
            "custom_settings": {
                "binary_mode": "no",
                "checkbox_checkout_test_mode": "yes",
                "checkout_credential_prod": "deprecated",
                "commission_checkbox": "no",
                "coupon_mode": "no",
                "currency_conversion": "no",
                "enabled": "yes",
                "gateway_discount_checkbox": "no",
                "wallet_button": "yes"
            },
            "details": "",
            "module_version": "5.7.6",
            "pix_settings": {
                "enabled": "yes"
            },
            "platform": "bo2hnr2ic4p001kbgpt0",
            "platform_version": "6.5.1",
            "seller_website": "https:\/\/www.sekiama.com.br",
            "site_id": "mlb",
            "sponsor_id": 208686191,
            "test_mode": false,
            "ticket_settings": [],
            "user": {
                "registered_user": "yes",
                "user_email": "barbosaattila@uol.com.br",
                "user_registration_date": "2022-05-18T00:58:31.000+00:00"
            }
        },
        "notification_url": "https:\/\/www.sekiama.com.br\/wc-api\/WC_WooMercadoPago_Custom_Gateway\/?source_news=webhooks",
        "operation_type": "regular_payment",
        "payer": {
            "phone": {
                "area_code": "",
                "number": "(53) 3307-7601"
            },
            "address": {
                "zip_code": "96020-045",
                "street_name": "Av. Pres. Juscelino Kubitscheck de Oliveira  Pelotas RS BR",
                "street_number": null
            },
            "email": "barbosaattila@uol.com.br",
            "identification": {
                "number": "",
                "type": ""
            },
            "name": "ATTILA",
            "surname": "MAGNO E SILVA BARBOSA",
            "date_created": null,
            "last_purchase": null
        },
        "payment_methods": {
            "default_card_id": null,
            "default_payment_method_id": null,
            "excluded_payment_methods": [
                {
                    "id": ""
                }
            ],
            "excluded_payment_types": [
                {
                    "id": ""
                }
            ],
            "installments": 12,
            "default_installments": null
        },
        "processing_modes": null,
        "product_id": null,
        "redirect_urls": {
            "failure": "",
            "pending": "",
            "success": ""
        },
        "sandbox_init_point": "https:\/\/sandbox.mercadopago.com.br\/checkout\/v1\/redirect?pref_id=163745094-968ebd70-506d-4b5d-bfae-f038723383e6",
        "site_id": "MLB",
        "shipments": {
            "default_shipping_method": null,
            "receiver_address": {
                "zip_code": "96020-045",
                "street_name": "Av. Pres. Juscelino Kubitscheck de Oliveira 705 B Pelotas RS BR",
                "street_number": null,
                "floor": "",
                "apartment": "705 B",
                "city_name": "Pelotas",
                "state_name": "RS",
                "country_name": null
            }
        },
        "sponsor_id": 208686191,
        "statement_descriptor": "Sekiama MP",
        "total_amount": null,
        "last_updated": null
    }
}
05-17-2022 @ 22:11:46 - [check_ipn_response]: received _get content: {
    "data_id": "22444191552",
    "source_news": "webhooks",
    "type": "payment"
}
05-17-2022 @ 22:11:46 - [successful_request]: starting to process  update...
05-17-2022 @ 22:11:46 - [successful_request]: updating metadata and status with data: {
    "acquirer_reconciliation": [],
    "additional_info": {
        "authentication_code": null,
        "available_balance": null,
        "ip_address": "181.220.18.12",
        "items": [
            {
                "category_id": "others",
                "description": "Baseada-em-uma-receita-caseira-esta-farofa-consegue-ao-mesmo-tempo-ser-crocante-e-ter-um-sabor-bastante-marcado-de-manteiga.-Desenvolvida-especialmente-para-os-apreciadores-de-churrasco-esta-farofa-ira-conquistar-um-espaco-em",
                "id": "196",
                "picture_url": "https:\/\/www.sekiama.com.br\/wp-content\/uploads\/2021\/11\/churrasco-frente-1.png",
                "quantity": "1",
                "title": "Farofa para Churrasco com Manteiga x 4",
                "unit_price": "62.79999923706055"
            },
            {
                "category_id": "others",
                "description": "Serviço de envio usado pela loja.",
                "id": null,
                "picture_url": null,
                "quantity": "1",
                "title": "Jadlog Package (Entrega em 7 dias úteis)",
                "unit_price": "32.66999816894531"
            }
        ],
        "nsu_processadora": null,
        "payer": {
            "address": {
                "street_name": "Av. Pres. Juscelino Kubitscheck de Oliveira  Pelotas RS BR",
                "zip_code": "96020-045"
            },
            "first_name": "ATTILA",
            "last_name": "MAGNO E SILVA BARBOSA",
            "phone": {
                "number": "(53) 3307-7601"
            }
        },
        "shipments": {
            "receiver_address": {
                "city_name": "Pelotas",
                "state_name": "RS",
                "street_name": "Av. Pres. Juscelino Kubitscheck de Oliveira 705 B Pelotas RS BR",
                "zip_code": "96020-045"
            }
        }
    },
    "authorization_code": "513202",
    "binary_mode": true,
    "brand_id": null,
    "call_for_authorize_id": null,
    "captured": true,
    "card": {
        "bin": "498407",
        "cardholder": {
            "identification": {
                "number": "46814329204",
                "type": "CPF"
            },
            "name": "ATTILA M S BARBOSA"
        },
        "date_created": "2022-05-17T21:11:40.000-04:00",
        "date_last_updated": "2022-05-17T21:11:40.000-04:00",
        "expiration_month": 6,
        "expiration_year": 2025,
        "first_six_digits": "498407",
        "id": "9097542598",
        "last_four_digits": "3559"
    },
    "charges_details": [],
    "collector_id": 163745094,
    "corporation_id": null,
    "counter_currency": null,
    "coupon_amount": 0,
    "currency_id": "BRL",
    "date_approved": "2022-05-17T21:11:41.000-04:00",
    "date_created": "2022-05-17T21:11:40.000-04:00",
    "date_last_updated": "2022-05-17T21:11:41.000-04:00",
    "date_of_expiration": null,
    "deduction_schema": null,
    "description": "Farofa para Churrasco com Manteiga x 4",
    "differential_pricing_id": null,
    "external_reference": "WC-13752",
    "fee_details": [
        {
            "amount": 4.7599999999999997868371792719699442386627197265625,
            "fee_payer": "collector",
            "type": "mercadopago_fee"
        }
    ],
    "id": 22444191552,
    "installments": 1,
    "integrator_id": null,
    "issuer_id": "25",
    "live_mode": true,
    "marketplace_owner": null,
    "merchant_account_id": null,
    "merchant_number": null,
    "metadata": {
        "basic_settings": {
            "ex_payments_debelo": "yes",
            "checkout_credential_prod": "deprecated",
            "checkbox_checkout_test_mode": "yes",
            "method": "redirect",
            "ex_payments_amex": "yes",
            "gateway_discount_checkbox": "no",
            "enabled": "no",
            "ex_payments_master": "yes",
            "ex_payments_pec": "yes",
            "ex_payments_visa": "yes",
            "ex_payments_bolbradesco": "yes",
            "commission_checkbox": "no",
            "binary_mode": "no",
            "currency_conversion": "no",
            "installments": "1",
            "ex_payments_debvisa": "yes",
            "ex_payments_elo": "yes",
            "auto_return": "yes",
            "ex_payments_hipercard": "yes"
        },
        "checkout_type": "wallet_button",
        "seller_website": "https:\/\/www.sekiama.com.br",
        "billing_address": {
            "city_name": "Pelotas",
            "state_name": "RS",
            "country_name": "BR",
            "street_name": "Av. Pres. Juscelino Kubitscheck de Oliveira",
            "zip_code": "96020-045"
        },
        "module_version": "5.7.6",
        "sponsor_id": 208686191,
        "collector": "163745094",
        "platform": "bo2hnr2ic4p001kbgpt0",
        "ticket_settings": [],
        "platform_version": "6.5.1",
        "test_mode": false,
        "site_id": "mlb",
        "custom_settings": {
            "checkout_credential_prod": "deprecated",
            "wallet_button": "yes",
            "commission_checkbox": "no",
            "checkbox_checkout_test_mode": "yes",
            "binary_mode": "no",
            "currency_conversion": "no",
            "coupon_mode": "no",
            "gateway_discount_checkbox": "no",
            "enabled": "yes"
        },
        "pix_settings": {
            "enabled": "yes"
        },
        "details": "",
        "checkout": "pro",
        "user": {
            "user_email": "barbosaattila@uol.com.br",
            "registered_user": "yes",
            "user_registration_date": "2022-05-18T00:58:31.000+00:00"
        }
    },
    "money_release_date": "2022-05-17T21:11:41.000-04:00",
    "money_release_schema": null,
    "notification_url": "https:\/\/www.sekiama.com.br\/wc-api\/WC_WooMercadoPago_Custom_Gateway\/?source_news=webhooks",
    "operation_type": "regular_payment",
    "order": {
        "id": "4777454573",
        "type": "mercadopago"
    },
    "payer": {
        "email": "barbosaattila@uol.com.br",
        "entity_type": null,
        "first_name": null,
        "id": "26739457",
        "identification": {
            "number": "46814329204",
            "type": "CPF"
        },
        "last_name": null,
        "operator_id": null,
        "phone": {
            "area_code": null,
            "extension": null,
            "number": null
        },
        "type": null
    },
    "payment_method_id": "visa",
    "payment_type_id": "credit_card",
    "platform_id": "bo2hnr2ic4p001kbgpt0",
    "point_of_interaction": {
        "business_info": {
            "sub_unit": "checkout_pro",
            "unit": "online_payments"
        },
        "type": "UNSPECIFIED"
    },
    "pos_id": null,
    "processing_mode": "aggregator",
    "refunds": [],
    "shipping_amount": 0,
    "sponsor_id": 208686191,
    "statement_descriptor": "MP*SEKIAMAMP",
    "status": "approved",
    "status_detail": "accredited",
    "store_id": null,
    "taxes_amount": 0,
    "transaction_amount": 95.469999999999998863131622783839702606201171875,
    "transaction_amount_refunded": 0,
    "transaction_details": {
        "acquirer_reference": null,
        "external_resource_url": null,
        "financial_institution": null,
        "installment_amount": 95.469999999999998863131622783839702606201171875,
        "net_received_amount": 90.7099999999999937472239253111183643341064453125,
        "overpaid_amount": 0,
        "payable_deferral_period": null,
        "payment_method_reference_id": "221499274",
        "total_paid_amount": 95.469999999999998863131622783839702606201171875
    }
}
05-17-2022 @ 22:11:46 - [successful_request]: Changing order status to: processing
05-18-2022 @ 20:37:05 - [process_payment]: POST Custom: {
    "installments": "1",
    "amount": "84.29",
    "currency_ratio": "1",
    "campaign_id": "",
    "campaign": "",
    "discount": "",
    "paymentMethodId": "master",
    "token": "69fbf3729f2d27d50fbc7052b2152fe0",
    "checkout_type": "custom"
}
05-18-2022 @ 20:37:05 - [process_payment]: preparing to get response of custom checkout.
05-18-2022 @ 20:37:05 - [Created preference: ]: Preference: {
    "binary_mode": false,
    "external_reference": "WC-13754",
    "notification_url": "https:\/\/www.sekiama.com.br\/wc-api\/WC_WooMercadoPago_Custom_Gateway\/?source_news=webhooks",
    "statement_descriptor": "Sekiama MP",
    "sponsor_id": 208686191,
    "transaction_amount": 84.2900000000000062527760746888816356658935546875,
    "token": "69fbf3729f2d27d50fbc7052b2152fe0",
    "description": "Farofa com Muitas Sementes e Castanhas x 3",
    "installments": 1,
    "payment_method_id": "master",
    "payer": {
        "email": "sergio.tscha@gmail.com"
    },
    "metadata": {
        "platform": "bo2hnr2ic4p001kbgpt0",
        "platform_version": "6.5.1",
        "module_version": "5.7.6",
        "site_id": "mlb",
        "sponsor_id": 208686191,
        "collector": "163745094",
        "test_mode": false,
        "details": "",
        "basic_settings": {
            "enabled": "no",
            "currency_conversion": "no",
            "installments": "1",
            "method": "redirect",
            "auto_return": "yes",
            "binary_mode": "no",
            "ex_payments_master": "yes",
            "ex_payments_hipercard": "yes",
            "ex_payments_amex": "yes",
            "ex_payments_elo": "yes",
            "ex_payments_visa": "yes",
            "ex_payments_debvisa": "yes",
            "ex_payments_debelo": "yes",
            "ex_payments_pec": "yes",
            "ex_payments_bolbradesco": "yes",
            "gateway_discount_checkbox": "no",
            "commission_checkbox": "no",
            "checkbox_checkout_test_mode": "yes",
            "checkout_credential_prod": "deprecated"
        },
        "custom_settings": {
            "enabled": "yes",
            "currency_conversion": "no",
            "wallet_button": "yes",
            "coupon_mode": "no",
            "binary_mode": "no",
            "gateway_discount_checkbox": "no",
            "commission_checkbox": "no",
            "checkbox_checkout_test_mode": "yes",
            "checkout_credential_prod": "deprecated"
        },
        "ticket_settings": [],
        "pix_settings": {
            "enabled": "yes"
        },
        "seller_website": "https:\/\/www.sekiama.com.br",
        "billing_address": {
            "zip_code": "95670-000",
            "street_name": "Rua Tia Rita",
            "city_name": "Gramado",
            "state_name": "RS",
            "country_name": "BR"
        },
        "user": {
            "registered_user": "yes",
            "user_email": "sergio.tscha@gmail.com",
            "user_registration_date": "2022-05-18T23:29:43.000+00:00"
        },
        "checkout": "custom",
        "checkout_type": "credit_card"
    },
    "additional_info": {
        "items": [
            {
                "id": 197,
                "title": "Farofa com Muitas Sementes e Castanhas x 3",
                "description": "Foi-a-primeira-Farofa-lancada-no-mercado.-E-enriquecida-com-muitas-sementes-e-castanhas-e-sendo-riquissima-em-fibras-pode-ser-incluida-no-seu-dia-a-dia-de-forma-saudavel.-Farofa-sem-culpa-recheada-de-nutrientes-essenciais",
                "picture_url": "https:\/\/www.sekiama.com.br\/wp-content\/uploads\/2021\/11\/castanhas-frente.png",
                "category_id": "others",
                "quantity": 1,
                "unit_price": 50.7000000000000028421709430404007434844970703125
            },
            {
                "title": "Jadlog Package (Entrega em 7 dias úteis)",
                "description": "Serviço de envio usado pela loja.",
                "category_id": "others",
                "quantity": 1,
                "unit_price": 33.590000000000003410605131648480892181396484375
            }
        ],
        "payer": {
            "first_name": "Sergio",
            "last_name": "Wanderley",
            "phone": {
                "number": "(54) 9123-0718"
            },
            "address": {
                "zip_code": "95670-000",
                "street_name": "Rua Tia Rita \/ Gramado RS BR"
            }
        },
        "shipments": {
            "receiver_address": {
                "zip_code": "95670-000",
                "street_name": "Rua Tia Rita Ap 205 Gramado RS BR",
                "apartment": "Ap 205",
                "city_name": "Gramado",
                "state_name": "RS"
            }
        }
    }
}
05-18-2022 @ 20:37:07 - [create_preference]: Preference created: {
    "status": 201,
    "response": {
        "id": 22463858414,
        "date_created": "2022-05-18T19:37:04.147-04:00",
        "date_approved": "2022-05-18T19:37:05.521-04:00",
        "date_last_updated": "2022-05-18T19:37:05.521-04:00",
        "date_of_expiration": null,
        "money_release_date": "2022-05-18T19:37:05.521-04:00",
        "operation_type": "regular_payment",
        "issuer_id": "12518",
        "payment_method_id": "master",
        "payment_type_id": "credit_card",
        "status": "approved",
        "status_detail": "accredited",
        "currency_id": "BRL",
        "description": "Farofa com Muitas Sementes e Castanhas x 3",
        "live_mode": true,
        "sponsor_id": 208686191,
        "authorization_code": "624844",
        "money_release_schema": null,
        "taxes_amount": 0,
        "counter_currency": null,
        "brand_id": null,
        "shipping_amount": 0,
        "pos_id": null,
        "store_id": null,
        "integrator_id": null,
        "platform_id": "bo2hnr2ic4p001kbgpt0",
        "corporation_id": null,
        "collector_id": 163745094,
        "payer": {
            "type": null,
            "id": "6350391",
            "operator_id": null,
            "email": "sergio.tscha@gmail.com",
            "identification": {
                "type": "CPF",
                "number": "02527853471"
            },
            "phone": {
                "area_code": null,
                "number": null,
                "extension": null
            },
            "first_name": null,
            "last_name": null,
            "entity_type": null
        },
        "marketplace_owner": null,
        "metadata": {
            "basic_settings": {
                "ex_payments_debelo": "yes",
                "checkout_credential_prod": "deprecated",
                "checkbox_checkout_test_mode": "yes",
                "method": "redirect",
                "ex_payments_amex": "yes",
                "gateway_discount_checkbox": "no",
                "enabled": "no",
                "ex_payments_master": "yes",
                "ex_payments_visa": "yes",
                "ex_payments_pec": "yes",
                "ex_payments_bolbradesco": "yes",
                "commission_checkbox": "no",
                "currency_conversion": "no",
                "installments": "1",
                "binary_mode": "no",
                "ex_payments_debvisa": "yes",
                "ex_payments_elo": "yes",
                "auto_return": "yes",
                "ex_payments_hipercard": "yes"
            },
            "checkout_type": "credit_card",
            "seller_website": "https:\/\/www.sekiama.com.br",
            "billing_address": {
                "city_name": "Gramado",
                "state_name": "RS",
                "country_name": "BR",
                "zip_code": "95670-000",
                "street_name": "Rua Tia Rita"
            },
            "module_version": "5.7.6",
            "sponsor_id": 208686191,
            "platform": "bo2hnr2ic4p001kbgpt0",
            "collector": "163745094",
            "ticket_settings": [],
            "platform_version": "6.5.1",
            "test_mode": false,
            "site_id": "mlb",
            "custom_settings": {
                "wallet_button": "yes",
                "checkout_credential_prod": "deprecated",
                "commission_checkbox": "no",
                "checkbox_checkout_test_mode": "yes",
                "currency_conversion": "no",
                "binary_mode": "no",
                "coupon_mode": "no",
                "gateway_discount_checkbox": "no",
                "enabled": "yes"
            },
            "pix_settings": {
                "enabled": "yes"
            },
            "details": "",
            "user": {
                "user_email": "sergio.tscha@gmail.com",
                "registered_user": "yes",
                "user_registration_date": "2022-05-18T23:29:43.000+00:00"
            },
            "checkout": "custom"
        },
        "additional_info": {
            "items": [
                {
                    "id": "197",
                    "title": "Farofa com Muitas Sementes e Castanhas x 3",
                    "description": "Foi-a-primeira-Farofa-lancada-no-mercado.-E-enriquecida-com-muitas-sementes-e-castanhas-e-sendo-riquissima-em-fibras-pode-ser-incluida-no-seu-dia-a-dia-de-forma-saudavel.-Farofa-sem-culpa-recheada-de-nutrientes-essenciais",
                    "picture_url": "https:\/\/www.sekiama.com.br\/wp-content\/uploads\/2021\/11\/castanhas-frente.png",
                    "category_id": "others",
                    "quantity": "1",
                    "unit_price": "50.7"
                },
                {
                    "id": null,
                    "title": "Jadlog Package (Entrega em 7 dias úteis)",
                    "description": "Serviço de envio usado pela loja.",
                    "picture_url": null,
                    "category_id": "others",
                    "quantity": "1",
                    "unit_price": "33.59"
                }
            ],
            "payer": {
                "phone": {
                    "number": "(54) 9123-0718"
                },
                "address": {
                    "zip_code": "95670-000",
                    "street_name": "Rua Tia Rita \/ Gramado RS BR"
                },
                "first_name": "Sergio",
                "last_name": "Wanderley"
            },
            "shipments": {
                "receiver_address": {
                    "zip_code": "95670-000",
                    "state_name": "RS",
                    "city_name": "Gramado",
                    "street_name": "Rua Tia Rita Ap 205 Gramado RS BR",
                    "apartment": "Ap 205"
                }
            },
            "iso_response_code": "00",
            "available_balance": null,
            "nsu_processadora": "CAQEBAQMhP3tf2Lpzbnf3df706CsXf0qPNMzmklozWSfbImvf8gBuWeZfNAVWs28",
            "authentication_code": null
        },
        "order": [],
        "external_reference": "WC-13754",
        "transaction_amount": 84.2900000000000062527760746888816356658935546875,
        "transaction_amount_refunded": 0,
        "coupon_amount": 0,
        "differential_pricing_id": null,
        "deduction_schema": null,
        "installments": 1,
        "transaction_details": {
            "payment_method_reference_id": null,
            "net_received_amount": 80.0799999999999982946974341757595539093017578125,
            "total_paid_amount": 84.2900000000000062527760746888816356658935546875,
            "overpaid_amount": 0,
            "external_resource_url": null,
            "installment_amount": 84.2900000000000062527760746888816356658935546875,
            "financial_institution": null,
            "payable_deferral_period": null,
            "acquirer_reference": null
        },
        "fee_details": [
            {
                "type": "mercadopago_fee",
                "amount": 4.20999999999999996447286321199499070644378662109375,
                "fee_payer": "collector"
            }
        ],
        "charges_details": [],
        "captured": true,
        "binary_mode": false,
        "call_for_authorize_id": null,
        "statement_descriptor": "MERCPAGO*SEKIAMAMP",
        "card": {
            "id": null,
            "first_six_digits": "520048",
            "last_four_digits": "0496",
            "bin": "52004808",
            "expiration_month": 3,
            "expiration_year": 2030,
            "date_created": "2022-05-18T19:37:04.000-04:00",
            "date_last_updated": "2022-05-18T19:37:04.000-04:00",
            "cardholder": {
                "name": "Sergio T Wanderley",
                "identification": {
                    "number": "02527853471",
                    "type": "CPF"
                }
            }
        },
        "notification_url": "https:\/\/www.sekiama.com.br\/wc-api\/WC_WooMercadoPago_Custom_Gateway\/?source_news=webhooks",
        "refunds": [],
        "processing_mode": "aggregator",
        "merchant_account_id": null,
        "merchant_number": null,
        "acquirer_reconciliation": [],
        "point_of_interaction": {
            "type": "UNSPECIFIED",
            "business_info": {
                "unit": "online_payments",
                "sub_unit": "woocommerce"
            }
        }
    }
}
05-18-2022 @ 20:37:07 - [create_preference]: payment link generated with success from mercado pago, with structure as follow: {
    "status": 201,
    "response": {
        "id": 22463858414,
        "date_created": "2022-05-18T19:37:04.147-04:00",
        "date_approved": "2022-05-18T19:37:05.521-04:00",
        "date_last_updated": "2022-05-18T19:37:05.521-04:00",
        "date_of_expiration": null,
        "money_release_date": "2022-05-18T19:37:05.521-04:00",
        "operation_type": "regular_payment",
        "issuer_id": "12518",
        "payment_method_id": "master",
        "payment_type_id": "credit_card",
        "status": "approved",
        "status_detail": "accredited",
        "currency_id": "BRL",
        "description": "Farofa com Muitas Sementes e Castanhas x 3",
        "live_mode": true,
        "sponsor_id": 208686191,
        "authorization_code": "624844",
        "money_release_schema": null,
        "taxes_amount": 0,
        "counter_currency": null,
        "brand_id": null,
        "shipping_amount": 0,
        "pos_id": null,
        "store_id": null,
        "integrator_id": null,
        "platform_id": "bo2hnr2ic4p001kbgpt0",
        "corporation_id": null,
        "collector_id": 163745094,
        "payer": {
            "type": null,
            "id": "6350391",
            "operator_id": null,
            "email": "sergio.tscha@gmail.com",
            "identification": {
                "type": "CPF",
                "number": "02527853471"
            },
            "phone": {
                "area_code": null,
                "number": null,
                "extension": null
            },
            "first_name": null,
            "last_name": null,
            "entity_type": null
        },
        "marketplace_owner": null,
        "metadata": {
            "basic_settings": {
                "ex_payments_debelo": "yes",
                "checkout_credential_prod": "deprecated",
                "checkbox_checkout_test_mode": "yes",
                "method": "redirect",
                "ex_payments_amex": "yes",
                "gateway_discount_checkbox": "no",
                "enabled": "no",
                "ex_payments_master": "yes",
                "ex_payments_visa": "yes",
                "ex_payments_pec": "yes",
                "ex_payments_bolbradesco": "yes",
                "commission_checkbox": "no",
                "currency_conversion": "no",
                "installments": "1",
                "binary_mode": "no",
                "ex_payments_debvisa": "yes",
                "ex_payments_elo": "yes",
                "auto_return": "yes",
                "ex_payments_hipercard": "yes"
            },
            "checkout_type": "credit_card",
            "seller_website": "https:\/\/www.sekiama.com.br",
            "billing_address": {
                "city_name": "Gramado",
                "state_name": "RS",
                "country_name": "BR",
                "zip_code": "95670-000",
                "street_name": "Rua Tia Rita"
            },
            "module_version": "5.7.6",
            "sponsor_id": 208686191,
            "platform": "bo2hnr2ic4p001kbgpt0",
            "collector": "163745094",
            "ticket_settings": [],
            "platform_version": "6.5.1",
            "test_mode": false,
            "site_id": "mlb",
            "custom_settings": {
                "wallet_button": "yes",
                "checkout_credential_prod": "deprecated",
                "commission_checkbox": "no",
                "checkbox_checkout_test_mode": "yes",
                "currency_conversion": "no",
                "binary_mode": "no",
                "coupon_mode": "no",
                "gateway_discount_checkbox": "no",
                "enabled": "yes"
            },
            "pix_settings": {
                "enabled": "yes"
            },
            "details": "",
            "user": {
                "user_email": "sergio.tscha@gmail.com",
                "registered_user": "yes",
                "user_registration_date": "2022-05-18T23:29:43.000+00:00"
            },
            "checkout": "custom"
        },
        "additional_info": {
            "items": [
                {
                    "id": "197",
                    "title": "Farofa com Muitas Sementes e Castanhas x 3",
                    "description": "Foi-a-primeira-Farofa-lancada-no-mercado.-E-enriquecida-com-muitas-sementes-e-castanhas-e-sendo-riquissima-em-fibras-pode-ser-incluida-no-seu-dia-a-dia-de-forma-saudavel.-Farofa-sem-culpa-recheada-de-nutrientes-essenciais",
                    "picture_url": "https:\/\/www.sekiama.com.br\/wp-content\/uploads\/2021\/11\/castanhas-frente.png",
                    "category_id": "others",
                    "quantity": "1",
                    "unit_price": "50.7"
                },
                {
                    "id": null,
                    "title": "Jadlog Package (Entrega em 7 dias úteis)",
                    "description": "Serviço de envio usado pela loja.",
                    "picture_url": null,
                    "category_id": "others",
                    "quantity": "1",
                    "unit_price": "33.59"
                }
            ],
            "payer": {
                "phone": {
                    "number": "(54) 9123-0718"
                },
                "address": {
                    "zip_code": "95670-000",
                    "street_name": "Rua Tia Rita \/ Gramado RS BR"
                },
                "first_name": "Sergio",
                "last_name": "Wanderley"
            },
            "shipments": {
                "receiver_address": {
                    "zip_code": "95670-000",
                    "state_name": "RS",
                    "city_name": "Gramado",
                    "street_name": "Rua Tia Rita Ap 205 Gramado RS BR",
                    "apartment": "Ap 205"
                }
            },
            "iso_response_code": "00",
            "available_balance": null,
            "nsu_processadora": "CAQEBAQMhP3tf2Lpzbnf3df706CsXf0qPNMzmklozWSfbImvf8gBuWeZfNAVWs28",
            "authentication_code": null
        },
        "order": [],
        "external_reference": "WC-13754",
        "transaction_amount": 84.2900000000000062527760746888816356658935546875,
        "transaction_amount_refunded": 0,
        "coupon_amount": 0,
        "differential_pricing_id": null,
        "deduction_schema": null,
        "installments": 1,
        "transaction_details": {
            "payment_method_reference_id": null,
            "net_received_amount": 80.0799999999999982946974341757595539093017578125,
            "total_paid_amount": 84.2900000000000062527760746888816356658935546875,
            "overpaid_amount": 0,
            "external_resource_url": null,
            "installment_amount": 84.2900000000000062527760746888816356658935546875,
            "financial_institution": null,
            "payable_deferral_period": null,
            "acquirer_reference": null
        },
        "fee_details": [
            {
                "type": "mercadopago_fee",
                "amount": 4.20999999999999996447286321199499070644378662109375,
                "fee_payer": "collector"
            }
        ],
        "charges_details": [],
        "captured": true,
        "binary_mode": false,
        "call_for_authorize_id": null,
        "statement_descriptor": "MERCPAGO*SEKIAMAMP",
        "card": {
            "id": null,
            "first_six_digits": "520048",
            "last_four_digits": "0496",
            "bin": "52004808",
            "expiration_month": 3,
            "expiration_year": 2030,
            "date_created": "2022-05-18T19:37:04.000-04:00",
            "date_last_updated": "2022-05-18T19:37:04.000-04:00",
            "cardholder": {
                "name": "Sergio T Wanderley",
                "identification": {
                    "number": "02527853471",
                    "type": "CPF"
                }
            }
        },
        "notification_url": "https:\/\/www.sekiama.com.br\/wc-api\/WC_WooMercadoPago_Custom_Gateway\/?source_news=webhooks",
        "refunds": [],
        "processing_mode": "aggregator",
        "merchant_account_id": null,
        "merchant_number": null,
        "acquirer_reconciliation": [],
        "point_of_interaction": {
            "type": "UNSPECIFIED",
            "business_info": {
                "unit": "online_payments",
                "sub_unit": "woocommerce"
            }
        }
    }
}
05-18-2022 @ 20:37:08 - [check_ipn_response]: received _get content: {
    "data_id": "22463858414",
    "source_news": "webhooks",
    "type": "payment"
}
05-18-2022 @ 20:37:08 - [successful_request]: starting to process  update...
05-18-2022 @ 20:37:08 - [successful_request]: updating metadata and status with data: {
    "acquirer_reconciliation": [],
    "additional_info": {
        "authentication_code": null,
        "available_balance": null,
        "items": [
            {
                "category_id": "others",
                "description": "Foi-a-primeira-Farofa-lancada-no-mercado.-E-enriquecida-com-muitas-sementes-e-castanhas-e-sendo-riquissima-em-fibras-pode-ser-incluida-no-seu-dia-a-dia-de-forma-saudavel.-Farofa-sem-culpa-recheada-de-nutrientes-essenciais",
                "id": "197",
                "picture_url": "https:\/\/www.sekiama.com.br\/wp-content\/uploads\/2021\/11\/castanhas-frente.png",
                "quantity": "1",
                "title": "Farofa com Muitas Sementes e Castanhas x 3",
                "unit_price": "50.7"
            },
            {
                "category_id": "others",
                "description": "Serviço de envio usado pela loja.",
                "id": null,
                "picture_url": null,
                "quantity": "1",
                "title": "Jadlog Package (Entrega em 7 dias úteis)",
                "unit_price": "33.59"
            }
        ],
        "nsu_processadora": null,
        "payer": {
            "address": {
                "street_name": "Rua Tia Rita \/ Gramado RS BR",
                "zip_code": "95670-000"
            },
            "first_name": "Sergio",
            "last_name": "Wanderley",
            "phone": {
                "number": "(54) 9123-0718"
            }
        },
        "shipments": {
            "receiver_address": {
                "apartment": "Ap 205",
                "city_name": "Gramado",
                "state_name": "RS",
                "street_name": "Rua Tia Rita Ap 205 Gramado RS BR",
                "zip_code": "95670-000"
            }
        }
    },
    "authorization_code": "624844",
    "binary_mode": false,
    "brand_id": null,
    "call_for_authorize_id": null,
    "captured": true,
    "card": {
        "bin": "52004808",
        "cardholder": {
            "identification": {
                "number": "02527853471",
                "type": "CPF"
            },
            "name": "Sergio T Wanderley"
        },
        "date_created": "2022-05-18T19:37:04.000-04:00",
        "date_last_updated": "2022-05-18T19:37:04.000-04:00",
        "expiration_month": 3,
        "expiration_year": 2030,
        "first_six_digits": "520048",
        "id": null,
        "last_four_digits": "0496"
    },
    "charges_details": [],
    "collector_id": 163745094,
    "corporation_id": null,
    "counter_currency": null,
    "coupon_amount": 0,
    "currency_id": "BRL",
    "date_approved": "2022-05-18T19:37:05.000-04:00",
    "date_created": "2022-05-18T19:37:04.000-04:00",
    "date_last_updated": "2022-05-18T19:37:05.000-04:00",
    "date_of_expiration": null,
    "deduction_schema": null,
    "description": "Farofa com Muitas Sementes e Castanhas x 3",
    "differential_pricing_id": null,
    "external_reference": "WC-13754",
    "fee_details": [
        {
            "amount": 4.20999999999999996447286321199499070644378662109375,
            "fee_payer": "collector",
            "type": "mercadopago_fee"
        }
    ],
    "id": 22463858414,
    "installments": 1,
    "integrator_id": null,
    "issuer_id": "12518",
    "live_mode": true,
    "marketplace_owner": null,
    "merchant_account_id": null,
    "merchant_number": null,
    "metadata": {
        "basic_settings": {
            "ex_payments_debelo": "yes",
            "checkout_credential_prod": "deprecated",
            "checkbox_checkout_test_mode": "yes",
            "method": "redirect",
            "ex_payments_amex": "yes",
            "gateway_discount_checkbox": "no",
            "enabled": "no",
            "ex_payments_master": "yes",
            "ex_payments_pec": "yes",
            "ex_payments_visa": "yes",
            "ex_payments_bolbradesco": "yes",
            "commission_checkbox": "no",
            "binary_mode": "no",
            "currency_conversion": "no",
            "installments": "1",
            "ex_payments_debvisa": "yes",
            "ex_payments_elo": "yes",
            "auto_return": "yes",
            "ex_payments_hipercard": "yes"
        },
        "checkout_type": "credit_card",
        "seller_website": "https:\/\/www.sekiama.com.br",
        "billing_address": {
            "city_name": "Gramado",
            "state_name": "RS",
            "country_name": "BR",
            "street_name": "Rua Tia Rita",
            "zip_code": "95670-000"
        },
        "module_version": "5.7.6",
        "sponsor_id": 208686191,
        "collector": "163745094",
        "platform": "bo2hnr2ic4p001kbgpt0",
        "ticket_settings": [],
        "platform_version": "6.5.1",
        "test_mode": false,
        "site_id": "mlb",
        "custom_settings": {
            "checkout_credential_prod": "deprecated",
            "wallet_button": "yes",
            "commission_checkbox": "no",
            "checkbox_checkout_test_mode": "yes",
            "binary_mode": "no",
            "currency_conversion": "no",
            "coupon_mode": "no",
            "gateway_discount_checkbox": "no",
            "enabled": "yes"
        },
        "pix_settings": {
            "enabled": "yes"
        },
        "details": "",
        "checkout": "custom",
        "user": {
            "user_email": "sergio.tscha@gmail.com",
            "registered_user": "yes",
            "user_registration_date": "2022-05-18T23:29:43.000+00:00"
        }
    },
    "money_release_date": "2022-05-18T19:37:05.000-04:00",
    "money_release_schema": null,
    "notification_url": "https:\/\/www.sekiama.com.br\/wc-api\/WC_WooMercadoPago_Custom_Gateway\/?source_news=webhooks",
    "operation_type": "regular_payment",
    "order": [],
    "payer": {
        "email": "sergio.tscha@gmail.com",
        "entity_type": null,
        "first_name": null,
        "id": "6350391",
        "identification": {
            "number": "02527853471",
            "type": "CPF"
        },
        "last_name": null,
        "operator_id": null,
        "phone": {
            "area_code": null,
            "extension": null,
            "number": null
        },
        "type": null
    },
    "payment_method_id": "master",
    "payment_type_id": "credit_card",
    "platform_id": "bo2hnr2ic4p001kbgpt0",
    "point_of_interaction": {
        "business_info": {
            "sub_unit": "woocommerce",
            "unit": "online_payments"
        },
        "type": "UNSPECIFIED"
    },
    "pos_id": null,
    "processing_mode": "aggregator",
    "refunds": [],
    "shipping_amount": 0,
    "sponsor_id": 208686191,
    "statement_descriptor": "MERCPAGO*SEKIAMAMP",
    "status": "approved",
    "status_detail": "accredited",
    "store_id": null,
    "taxes_amount": 0,
    "transaction_amount": 84.2900000000000062527760746888816356658935546875,
    "transaction_amount_refunded": 0,
    "transaction_details": {
        "acquirer_reference": null,
        "external_resource_url": null,
        "financial_institution": null,
        "installment_amount": 84.2900000000000062527760746888816356658935546875,
        "net_received_amount": 80.0799999999999982946974341757595539093017578125,
        "overpaid_amount": 0,
        "payable_deferral_period": null,
        "payment_method_reference_id": null,
        "total_paid_amount": 84.2900000000000062527760746888816356658935546875
    }
}
05-18-2022 @ 20:37:08 - [successful_request]: Changing order status to: processing
