07-17-2022 @ 15:36:22 - [process_payment]: POST Custom: {
    "amount": "76.47",
    "currency_ratio": "1",
    "paymentMethodId": "elo",
    "checkout_type": "custom",
    "installments": "1"
}
07-17-2022 @ 15:36:22 - [process_payment]: preparing to get response of custom checkout.
07-17-2022 @ 15:36:22 - [Created preference: ]: Preference: {
    "binary_mode": false,
    "external_reference": "WC-13830",
    "notification_url": "https:\/\/www.sekiama.com.br\/wc-api\/WC_WooMercadoPago_Custom_Gateway\/?source_news=webhooks",
    "statement_descriptor": "Sekiama MP",
    "sponsor_id": 208686191,
    "transaction_amount": 76.469999999999998863131622783839702606201171875,
    "description": "Farofa com Muitas Sementes e Castanhas x 3",
    "installments": 1,
    "payment_method_id": "elo",
    "payer": {
        "email": "rooseveltserra@yahoo.com.br"
    },
    "metadata": {
        "platform": "bo2hnr2ic4p001kbgpt0",
        "platform_version": "6.7.0",
        "module_version": "6.0.2",
        "site_id": "mlb",
        "sponsor_id": 208686191,
        "collector": "163745094",
        "test_mode": false,
        "details": "",
        "basic_settings": {
            "enabled": "no",
            "currency_conversion": "no",
            "installments": "1",
            "method": "redirect",
            "auto_return": "yes",
            "binary_mode": "no",
            "ex_payments_master": "yes",
            "ex_payments_hipercard": "yes",
            "ex_payments_amex": "yes",
            "ex_payments_elo": "yes",
            "ex_payments_visa": "yes",
            "ex_payments_debvisa": "yes",
            "ex_payments_debelo": "yes",
            "ex_payments_pec": "yes",
            "ex_payments_bolbradesco": "yes",
            "gateway_discount_checkbox": "no",
            "commission_checkbox": "no",
            "checkbox_checkout_test_mode": "yes",
            "checkout_credential_prod": "deprecated"
        },
        "custom_settings": {
            "enabled": "yes",
            "currency_conversion": "no",
            "wallet_button": "yes",
            "coupon_mode": "no",
            "binary_mode": "no",
            "gateway_discount_checkbox": "no",
            "commission_checkbox": "no",
            "checkbox_checkout_test_mode": "yes",
            "checkout_credential_prod": "deprecated"
        },
        "ticket_settings": [],
        "pix_settings": {
            "enabled": "yes"
        },
        "seller_website": "https:\/\/www.sekiama.com.br",
        "billing_address": {
            "zip_code": "73020-013",
            "street_name": "Quadra 01 Conj. C Casa 45",
            "city_name": "Brasilia",
            "state_name": "DF",
            "country_name": "BR"
        },
        "user": {
            "registered_user": "yes",
            "user_email": "rooseveltserra@yahoo.com.br",
            "user_registration_date": "2022-07-16T14:07:23.000+00:00"
        },
        "checkout": "custom",
        "checkout_type": "credit_card"
    },
    "additional_info": {
        "items": [
            {
                "id": 197,
                "title": "Farofa com Muitas Sementes e Castanhas x 3",
                "description": "Foi-a-primeira-Farofa-lancada-no-mercado.-E-enriquecida-com-muitas-sementes-e-castanhas-e-sendo-riquissima-em-fibras-pode-ser-incluida-no-seu-dia-a-dia-de-forma-saudavel.-Farofa-sem-culpa-recheada-de-nutrientes-essenciais",
                "picture_url": "https:\/\/www.sekiama.com.br\/wp-content\/uploads\/2021\/11\/castanhas-frente.png",
                "category_id": "others",
                "quantity": 1,
                "unit_price": 55.7999999999999971578290569595992565155029296875
            },
            {
                "title": "Sequoia SFX (Entrega em 5 dias úteis)",
                "description": "Serviço de envio usado pela loja.",
                "category_id": "others",
                "quantity": 1,
                "unit_price": 20.6700000000000017053025658242404460906982421875
            }
        ],
        "payer": {
            "first_name": "ROOSEVELT",
            "last_name": "SERRA",
            "phone": {
                "number": "(61) 3591-5373"
            },
            "address": {
                "zip_code": "73020-013",
                "street_name": "Quadra 01 Conj. C Casa 45 \/ Brasilia DF BR"
            }
        },
        "shipments": {
            "receiver_address": {
                "zip_code": "73020-013",
                "street_name": "Quadra 01 Conj. C Casa 45 Casa 45 Brasilia DF BR",
                "apartment": "Casa 45",
                "city_name": "Brasilia",
                "state_name": "DF"
            }
        }
    }
}
07-17-2022 @ 15:36:25 - [create_preference]: Preference created: {
    "status": 201,
    "response": {
        "id": 24091569783,
        "date_created": "2022-07-17T14:36:22.508-04:00",
        "date_approved": "2022-07-17T14:36:24.334-04:00",
        "date_last_updated": "2022-07-17T14:36:24.334-04:00",
        "date_of_expiration": null,
        "money_release_date": "2022-07-17T14:36:24.334-04:00",
        "money_release_status": null,
        "operation_type": "regular_payment",
        "issuer_id": "687",
        "payment_method_id": "elo",
        "payment_type_id": "credit_card",
        "status": "approved",
        "status_detail": "accredited",
        "currency_id": "BRL",
        "description": "Farofa com Muitas Sementes e Castanhas x 3",
        "live_mode": true,
        "sponsor_id": 208686191,
        "authorization_code": "147291",
        "money_release_schema": null,
        "taxes_amount": 0,
        "counter_currency": null,
        "brand_id": null,
        "shipping_amount": 0,
        "build_version": "2.103.6-hotfix-1",
        "pos_id": null,
        "store_id": null,
        "integrator_id": null,
        "platform_id": "bo2hnr2ic4p001kbgpt0",
        "corporation_id": null,
        "collector_id": 163745094,
        "payer": {
            "type": null,
            "id": "35480584",
            "operator_id": null,
            "email": "rooseveltserra@yahoo.com.br",
            "identification": {
                "type": "CPF",
                "number": "58774599291"
            },
            "phone": {
                "area_code": null,
                "number": null,
                "extension": null
            },
            "first_name": null,
            "last_name": null,
            "entity_type": null
        },
        "marketplace_owner": null,
        "metadata": {
            "basic_settings": {
                "ex_payments_debelo": "yes",
                "checkout_credential_prod": "deprecated",
                "checkbox_checkout_test_mode": "yes",
                "method": "redirect",
                "ex_payments_amex": "yes",
                "gateway_discount_checkbox": "no",
                "enabled": "no",
                "ex_payments_master": "yes",
                "ex_payments_visa": "yes",
                "ex_payments_pec": "yes",
                "ex_payments_bolbradesco": "yes",
                "commission_checkbox": "no",
                "currency_conversion": "no",
                "installments": "1",
                "binary_mode": "no",
                "ex_payments_debvisa": "yes",
                "ex_payments_elo": "yes",
                "auto_return": "yes",
                "ex_payments_hipercard": "yes"
            },
            "checkout_type": "credit_card",
            "seller_website": "https:\/\/www.sekiama.com.br",
            "billing_address": {
                "city_name": "Brasilia",
                "state_name": "DF",
                "country_name": "BR",
                "zip_code": "73020-013",
                "street_name": "Quadra 01 Conj. C Casa 45"
            },
            "module_version": "6.0.2",
            "sponsor_id": 208686191,
            "platform": "bo2hnr2ic4p001kbgpt0",
            "collector": "163745094",
            "ticket_settings": [],
            "platform_version": "6.7.0",
            "test_mode": false,
            "site_id": "mlb",
            "custom_settings": {
                "wallet_button": "yes",
                "checkout_credential_prod": "deprecated",
                "commission_checkbox": "no",
                "checkbox_checkout_test_mode": "yes",
                "currency_conversion": "no",
                "binary_mode": "no",
                "coupon_mode": "no",
                "gateway_discount_checkbox": "no",
                "enabled": "yes"
            },
            "pix_settings": {
                "enabled": "yes"
            },
            "details": "",
            "user": {
                "user_email": "rooseveltserra@yahoo.com.br",
                "registered_user": "yes",
                "user_registration_date": "2022-07-16T14:07:23.000+00:00"
            },
            "checkout": "custom"
        },
        "additional_info": {
            "items": [
                {
                    "id": "197",
                    "title": "Farofa com Muitas Sementes e Castanhas x 3",
                    "description": "Foi-a-primeira-Farofa-lancada-no-mercado.-E-enriquecida-com-muitas-sementes-e-castanhas-e-sendo-riquissima-em-fibras-pode-ser-incluida-no-seu-dia-a-dia-de-forma-saudavel.-Farofa-sem-culpa-recheada-de-nutrientes-essenciais",
                    "picture_url": "https:\/\/www.sekiama.com.br\/wp-content\/uploads\/2021\/11\/castanhas-frente.png",
                    "category_id": "others",
                    "quantity": "1",
                    "unit_price": "55.8"
                },
                {
                    "id": null,
                    "title": "Sequoia SFX (Entrega em 5 dias úteis)",
                    "description": "Serviço de envio usado pela loja.",
                    "picture_url": null,
                    "category_id": "others",
                    "quantity": "1",
                    "unit_price": "20.67"
                }
            ],
            "payer": {
                "phone": {
                    "number": "(61) 3591-5373"
                },
                "address": {
                    "zip_code": "73020-013",
                    "street_name": "Quadra 01 Conj. C Casa 45 \/ Brasilia DF BR"
                },
                "first_name": "ROOSEVELT",
                "last_name": "SERRA"
            },
            "shipments": {
                "receiver_address": {
                    "zip_code": "73020-013",
                    "state_name": "DF",
                    "city_name": "Brasilia",
                    "street_name": "Quadra 01 Conj. C Casa 45 Casa 45 Brasilia DF BR",
                    "apartment": "Casa 45"
                }
            },
            "available_balance": null,
            "nsu_processadora": "10472207171531284954",
            "authentication_code": null
        },
        "order": [],
        "external_reference": "WC-13830",
        "transaction_amount": 76.469999999999998863131622783839702606201171875,
        "transaction_amount_refunded": 0,
        "coupon_amount": 0,
        "differential_pricing_id": null,
        "deduction_schema": null,
        "installments": 1,
        "transaction_details": {
            "payment_method_reference_id": "15089117",
            "net_received_amount": 72.650000000000005684341886080801486968994140625,
            "total_paid_amount": 76.469999999999998863131622783839702606201171875,
            "overpaid_amount": 0,
            "external_resource_url": null,
            "installment_amount": 76.469999999999998863131622783839702606201171875,
            "financial_institution": null,
            "payable_deferral_period": null,
            "acquirer_reference": null
        },
        "fee_details": [
            {
                "type": "mercadopago_fee",
                "amount": 3.819999999999999840127884453977458178997039794921875,
                "fee_payer": "collector"
            }
        ],
        "charges_details": [],
        "captured": true,
        "binary_mode": false,
        "call_for_authorize_id": null,
        "statement_descriptor": "EC*SEKIAMAMP",
        "card": {
            "id": null,
            "first_six_digits": "651653",
            "last_four_digits": "0412",
            "bin": "65165390",
            "expiration_month": 11,
            "expiration_year": 2024,
            "date_created": "2022-07-17T14:36:22.000-04:00",
            "date_last_updated": "2022-07-17T14:36:22.000-04:00",
            "cardholder": {
                "name": "ROOSEVELT FERREIRA SERRA",
                "identification": {
                    "number": "58774599291",
                    "type": "CPF"
                }
            }
        },
        "notification_url": "https:\/\/www.sekiama.com.br\/wc-api\/WC_WooMercadoPago_Custom_Gateway\/?source_news=webhooks",
        "refunds": [],
        "processing_mode": "aggregator",
        "merchant_account_id": null,
        "merchant_number": null,
        "acquirer_reconciliation": [],
        "point_of_interaction": {
            "type": "UNSPECIFIED",
            "business_info": {
                "unit": "online_payments",
                "sub_unit": "woocommerce"
            }
        }
    }
}
07-17-2022 @ 15:36:25 - [create_preference]: payment link generated with success from mercado pago, with structure as follow: {
    "status": 201,
    "response": {
        "id": 24091569783,
        "date_created": "2022-07-17T14:36:22.508-04:00",
        "date_approved": "2022-07-17T14:36:24.334-04:00",
        "date_last_updated": "2022-07-17T14:36:24.334-04:00",
        "date_of_expiration": null,
        "money_release_date": "2022-07-17T14:36:24.334-04:00",
        "money_release_status": null,
        "operation_type": "regular_payment",
        "issuer_id": "687",
        "payment_method_id": "elo",
        "payment_type_id": "credit_card",
        "status": "approved",
        "status_detail": "accredited",
        "currency_id": "BRL",
        "description": "Farofa com Muitas Sementes e Castanhas x 3",
        "live_mode": true,
        "sponsor_id": 208686191,
        "authorization_code": "147291",
        "money_release_schema": null,
        "taxes_amount": 0,
        "counter_currency": null,
        "brand_id": null,
        "shipping_amount": 0,
        "build_version": "2.103.6-hotfix-1",
        "pos_id": null,
        "store_id": null,
        "integrator_id": null,
        "platform_id": "bo2hnr2ic4p001kbgpt0",
        "corporation_id": null,
        "collector_id": 163745094,
        "payer": {
            "type": null,
            "id": "35480584",
            "operator_id": null,
            "email": "rooseveltserra@yahoo.com.br",
            "identification": {
                "type": "CPF",
                "number": "58774599291"
            },
            "phone": {
                "area_code": null,
                "number": null,
                "extension": null
            },
            "first_name": null,
            "last_name": null,
            "entity_type": null
        },
        "marketplace_owner": null,
        "metadata": {
            "basic_settings": {
                "ex_payments_debelo": "yes",
                "checkout_credential_prod": "deprecated",
                "checkbox_checkout_test_mode": "yes",
                "method": "redirect",
                "ex_payments_amex": "yes",
                "gateway_discount_checkbox": "no",
                "enabled": "no",
                "ex_payments_master": "yes",
                "ex_payments_visa": "yes",
                "ex_payments_pec": "yes",
                "ex_payments_bolbradesco": "yes",
                "commission_checkbox": "no",
                "currency_conversion": "no",
                "installments": "1",
                "binary_mode": "no",
                "ex_payments_debvisa": "yes",
                "ex_payments_elo": "yes",
                "auto_return": "yes",
                "ex_payments_hipercard": "yes"
            },
            "checkout_type": "credit_card",
            "seller_website": "https:\/\/www.sekiama.com.br",
            "billing_address": {
                "city_name": "Brasilia",
                "state_name": "DF",
                "country_name": "BR",
                "zip_code": "73020-013",
                "street_name": "Quadra 01 Conj. C Casa 45"
            },
            "module_version": "6.0.2",
            "sponsor_id": 208686191,
            "platform": "bo2hnr2ic4p001kbgpt0",
            "collector": "163745094",
            "ticket_settings": [],
            "platform_version": "6.7.0",
            "test_mode": false,
            "site_id": "mlb",
            "custom_settings": {
                "wallet_button": "yes",
                "checkout_credential_prod": "deprecated",
                "commission_checkbox": "no",
                "checkbox_checkout_test_mode": "yes",
                "currency_conversion": "no",
                "binary_mode": "no",
                "coupon_mode": "no",
                "gateway_discount_checkbox": "no",
                "enabled": "yes"
            },
            "pix_settings": {
                "enabled": "yes"
            },
            "details": "",
            "user": {
                "user_email": "rooseveltserra@yahoo.com.br",
                "registered_user": "yes",
                "user_registration_date": "2022-07-16T14:07:23.000+00:00"
            },
            "checkout": "custom"
        },
        "additional_info": {
            "items": [
                {
                    "id": "197",
                    "title": "Farofa com Muitas Sementes e Castanhas x 3",
                    "description": "Foi-a-primeira-Farofa-lancada-no-mercado.-E-enriquecida-com-muitas-sementes-e-castanhas-e-sendo-riquissima-em-fibras-pode-ser-incluida-no-seu-dia-a-dia-de-forma-saudavel.-Farofa-sem-culpa-recheada-de-nutrientes-essenciais",
                    "picture_url": "https:\/\/www.sekiama.com.br\/wp-content\/uploads\/2021\/11\/castanhas-frente.png",
                    "category_id": "others",
                    "quantity": "1",
                    "unit_price": "55.8"
                },
                {
                    "id": null,
                    "title": "Sequoia SFX (Entrega em 5 dias úteis)",
                    "description": "Serviço de envio usado pela loja.",
                    "picture_url": null,
                    "category_id": "others",
                    "quantity": "1",
                    "unit_price": "20.67"
                }
            ],
            "payer": {
                "phone": {
                    "number": "(61) 3591-5373"
                },
                "address": {
                    "zip_code": "73020-013",
                    "street_name": "Quadra 01 Conj. C Casa 45 \/ Brasilia DF BR"
                },
                "first_name": "ROOSEVELT",
                "last_name": "SERRA"
            },
            "shipments": {
                "receiver_address": {
                    "zip_code": "73020-013",
                    "state_name": "DF",
                    "city_name": "Brasilia",
                    "street_name": "Quadra 01 Conj. C Casa 45 Casa 45 Brasilia DF BR",
                    "apartment": "Casa 45"
                }
            },
            "available_balance": null,
            "nsu_processadora": "10472207171531284954",
            "authentication_code": null
        },
        "order": [],
        "external_reference": "WC-13830",
        "transaction_amount": 76.469999999999998863131622783839702606201171875,
        "transaction_amount_refunded": 0,
        "coupon_amount": 0,
        "differential_pricing_id": null,
        "deduction_schema": null,
        "installments": 1,
        "transaction_details": {
            "payment_method_reference_id": "15089117",
            "net_received_amount": 72.650000000000005684341886080801486968994140625,
            "total_paid_amount": 76.469999999999998863131622783839702606201171875,
            "overpaid_amount": 0,
            "external_resource_url": null,
            "installment_amount": 76.469999999999998863131622783839702606201171875,
            "financial_institution": null,
            "payable_deferral_period": null,
            "acquirer_reference": null
        },
        "fee_details": [
            {
                "type": "mercadopago_fee",
                "amount": 3.819999999999999840127884453977458178997039794921875,
                "fee_payer": "collector"
            }
        ],
        "charges_details": [],
        "captured": true,
        "binary_mode": false,
        "call_for_authorize_id": null,
        "statement_descriptor": "EC*SEKIAMAMP",
        "card": {
            "id": null,
            "first_six_digits": "651653",
            "last_four_digits": "0412",
            "bin": "65165390",
            "expiration_month": 11,
            "expiration_year": 2024,
            "date_created": "2022-07-17T14:36:22.000-04:00",
            "date_last_updated": "2022-07-17T14:36:22.000-04:00",
            "cardholder": {
                "name": "ROOSEVELT FERREIRA SERRA",
                "identification": {
                    "number": "58774599291",
                    "type": "CPF"
                }
            }
        },
        "notification_url": "https:\/\/www.sekiama.com.br\/wc-api\/WC_WooMercadoPago_Custom_Gateway\/?source_news=webhooks",
        "refunds": [],
        "processing_mode": "aggregator",
        "merchant_account_id": null,
        "merchant_number": null,
        "acquirer_reconciliation": [],
        "point_of_interaction": {
            "type": "UNSPECIFIED",
            "business_info": {
                "unit": "online_payments",
                "sub_unit": "woocommerce"
            }
        }
    }
}
07-17-2022 @ 15:36:25 - [check_ipn_response]: received _get content: {
    "data_id": "24091569783",
    "source_news": "webhooks",
    "type": "payment"
}
07-17-2022 @ 15:36:25 - [successful_request]: starting to process  update...
07-17-2022 @ 15:36:25 - [successful_request]: updating metadata and status with data: {
    "acquirer_reconciliation": [],
    "additional_info": {
        "authentication_code": null,
        "available_balance": null,
        "items": [
            {
                "category_id": "others",
                "description": "Foi-a-primeira-Farofa-lancada-no-mercado.-E-enriquecida-com-muitas-sementes-e-castanhas-e-sendo-riquissima-em-fibras-pode-ser-incluida-no-seu-dia-a-dia-de-forma-saudavel.-Farofa-sem-culpa-recheada-de-nutrientes-essenciais",
                "id": "197",
                "picture_url": "https:\/\/www.sekiama.com.br\/wp-content\/uploads\/2021\/11\/castanhas-frente.png",
                "quantity": "1",
                "title": "Farofa com Muitas Sementes e Castanhas x 3",
                "unit_price": "55.8"
            },
            {
                "category_id": "others",
                "description": "Serviço de envio usado pela loja.",
                "id": null,
                "picture_url": null,
                "quantity": "1",
                "title": "Sequoia SFX (Entrega em 5 dias úteis)",
                "unit_price": "20.67"
            }
        ],
        "nsu_processadora": null,
        "payer": {
            "address": {
                "street_name": "Quadra 01 Conj. C Casa 45 \/ Brasilia DF BR",
                "zip_code": "73020-013"
            },
            "first_name": "ROOSEVELT",
            "last_name": "SERRA",
            "phone": {
                "number": "(61) 3591-5373"
            }
        },
        "shipments": {
            "receiver_address": {
                "apartment": "Casa 45",
                "city_name": "Brasilia",
                "state_name": "DF",
                "street_name": "Quadra 01 Conj. C Casa 45 Casa 45 Brasilia DF BR",
                "zip_code": "73020-013"
            }
        }
    },
    "authorization_code": "147291",
    "binary_mode": false,
    "brand_id": null,
    "build_version": "2.103.6-hotfix-1",
    "call_for_authorize_id": null,
    "captured": true,
    "card": {
        "bin": "65165390",
        "cardholder": {
            "identification": {
                "number": "58774599291",
                "type": "CPF"
            },
            "name": "ROOSEVELT FERREIRA SERRA"
        },
        "date_created": "2022-07-17T14:36:22.000-04:00",
        "date_last_updated": "2022-07-17T14:36:22.000-04:00",
        "expiration_month": 11,
        "expiration_year": 2024,
        "first_six_digits": "651653",
        "id": null,
        "last_four_digits": "0412"
    },
    "charges_details": [],
    "collector_id": 163745094,
    "corporation_id": null,
    "counter_currency": null,
    "coupon_amount": 0,
    "currency_id": "BRL",
    "date_approved": "2022-07-17T14:36:24.000-04:00",
    "date_created": "2022-07-17T14:36:22.000-04:00",
    "date_last_updated": "2022-07-17T14:36:24.000-04:00",
    "date_of_expiration": null,
    "deduction_schema": null,
    "description": "Farofa com Muitas Sementes e Castanhas x 3",
    "differential_pricing_id": null,
    "external_reference": "WC-13830",
    "fee_details": [
        {
            "amount": 3.819999999999999840127884453977458178997039794921875,
            "fee_payer": "collector",
            "type": "mercadopago_fee"
        }
    ],
    "id": 24091569783,
    "installments": 1,
    "integrator_id": null,
    "issuer_id": "687",
    "live_mode": true,
    "marketplace_owner": null,
    "merchant_account_id": null,
    "merchant_number": null,
    "metadata": {
        "basic_settings": {
            "ex_payments_debelo": "yes",
            "checkout_credential_prod": "deprecated",
            "checkbox_checkout_test_mode": "yes",
            "method": "redirect",
            "ex_payments_amex": "yes",
            "gateway_discount_checkbox": "no",
            "enabled": "no",
            "ex_payments_master": "yes",
            "ex_payments_pec": "yes",
            "ex_payments_visa": "yes",
            "ex_payments_bolbradesco": "yes",
            "commission_checkbox": "no",
            "binary_mode": "no",
            "currency_conversion": "no",
            "installments": "1",
            "ex_payments_debvisa": "yes",
            "ex_payments_elo": "yes",
            "auto_return": "yes",
            "ex_payments_hipercard": "yes"
        },
        "checkout_type": "credit_card",
        "seller_website": "https:\/\/www.sekiama.com.br",
        "billing_address": {
            "city_name": "Brasilia",
            "state_name": "DF",
            "country_name": "BR",
            "street_name": "Quadra 01 Conj. C Casa 45",
            "zip_code": "73020-013"
        },
        "module_version": "6.0.2",
        "sponsor_id": 208686191,
        "collector": "163745094",
        "platform": "bo2hnr2ic4p001kbgpt0",
        "ticket_settings": [],
        "platform_version": "6.7.0",
        "test_mode": false,
        "site_id": "mlb",
        "custom_settings": {
            "checkout_credential_prod": "deprecated",
            "wallet_button": "yes",
            "commission_checkbox": "no",
            "checkbox_checkout_test_mode": "yes",
            "binary_mode": "no",
            "currency_conversion": "no",
            "coupon_mode": "no",
            "gateway_discount_checkbox": "no",
            "enabled": "yes"
        },
        "pix_settings": {
            "enabled": "yes"
        },
        "details": "",
        "checkout": "custom",
        "user": {
            "user_email": "rooseveltserra@yahoo.com.br",
            "registered_user": "yes",
            "user_registration_date": "2022-07-16T14:07:23.000+00:00"
        }
    },
    "money_release_date": "2022-07-17T14:36:24.000-04:00",
    "money_release_schema": null,
    "money_release_status": null,
    "notification_url": "https:\/\/www.sekiama.com.br\/wc-api\/WC_WooMercadoPago_Custom_Gateway\/?source_news=webhooks",
    "operation_type": "regular_payment",
    "order": [],
    "payer": {
        "email": "rooseveltserra@yahoo.com.br",
        "entity_type": null,
        "first_name": null,
        "id": "35480584",
        "identification": {
            "number": "58774599291",
            "type": "CPF"
        },
        "last_name": null,
        "operator_id": null,
        "phone": {
            "area_code": null,
            "extension": null,
            "number": null
        },
        "type": null
    },
    "payment_method_id": "elo",
    "payment_type_id": "credit_card",
    "platform_id": "bo2hnr2ic4p001kbgpt0",
    "point_of_interaction": {
        "business_info": {
            "sub_unit": "woocommerce",
            "unit": "online_payments"
        },
        "type": "UNSPECIFIED"
    },
    "pos_id": null,
    "processing_mode": "aggregator",
    "refunds": [],
    "shipping_amount": 0,
    "sponsor_id": 208686191,
    "statement_descriptor": "EC*SEKIAMAMP",
    "status": "approved",
    "status_detail": "accredited",
    "store_id": null,
    "taxes_amount": 0,
    "transaction_amount": 76.469999999999998863131622783839702606201171875,
    "transaction_amount_refunded": 0,
    "transaction_details": {
        "acquirer_reference": null,
        "external_resource_url": null,
        "financial_institution": null,
        "installment_amount": 76.469999999999998863131622783839702606201171875,
        "net_received_amount": 72.650000000000005684341886080801486968994140625,
        "overpaid_amount": 0,
        "payable_deferral_period": null,
        "payment_method_reference_id": "15089117",
        "total_paid_amount": 76.469999999999998863131622783839702606201171875
    }
}
07-17-2022 @ 15:36:25 - [successful_request]: Changing order status to: processing
