07-19-2022 @ 11:18:20 - [process_payment]: POST Custom: {
    "amount": "156.55",
    "currency_ratio": "1",
    "paymentMethodId": "master",
    "checkout_type": "custom",
    "installments": "1"
}
07-19-2022 @ 11:18:20 - [process_payment]: preparing to get response of custom checkout.
07-19-2022 @ 11:18:20 - [Created preference: ]: Preference: {
    "binary_mode": false,
    "external_reference": "WC-13839",
    "notification_url": "https:\/\/www.sekiama.com.br\/wc-api\/WC_WooMercadoPago_Custom_Gateway\/?source_news=webhooks",
    "statement_descriptor": "Sekiama MP",
    "sponsor_id": 208686191,
    "transaction_amount": 156.55000000000001136868377216160297393798828125,
    "description": "Farofa com Muitas Sementes e Castanhas x 3, Farofa Doce x 4",
    "installments": 1,
    "payment_method_id": "master",
    "payer": {
        "email": "luciamoarita@gmail.com"
    },
    "metadata": {
        "platform": "bo2hnr2ic4p001kbgpt0",
        "platform_version": "6.7.0",
        "module_version": "6.0.2",
        "site_id": "mlb",
        "sponsor_id": 208686191,
        "collector": "163745094",
        "test_mode": false,
        "details": "",
        "basic_settings": {
            "enabled": "no",
            "currency_conversion": "no",
            "installments": "1",
            "method": "redirect",
            "auto_return": "yes",
            "binary_mode": "no",
            "ex_payments_master": "yes",
            "ex_payments_hipercard": "yes",
            "ex_payments_amex": "yes",
            "ex_payments_elo": "yes",
            "ex_payments_visa": "yes",
            "ex_payments_debvisa": "yes",
            "ex_payments_debelo": "yes",
            "ex_payments_pec": "yes",
            "ex_payments_bolbradesco": "yes",
            "gateway_discount_checkbox": "no",
            "commission_checkbox": "no",
            "checkbox_checkout_test_mode": "yes",
            "checkout_credential_prod": "deprecated"
        },
        "custom_settings": {
            "enabled": "yes",
            "currency_conversion": "no",
            "wallet_button": "yes",
            "coupon_mode": "no",
            "binary_mode": "no",
            "gateway_discount_checkbox": "no",
            "commission_checkbox": "no",
            "checkbox_checkout_test_mode": "yes",
            "checkout_credential_prod": "deprecated"
        },
        "ticket_settings": [],
        "pix_settings": {
            "enabled": "yes"
        },
        "seller_website": "https:\/\/www.sekiama.com.br",
        "billing_address": {
            "zip_code": "04010-200",
            "street_name": "Rua Domingos de Morais",
            "city_name": "São Paulo",
            "state_name": "SP",
            "country_name": "BR"
        },
        "user": {
            "registered_user": "yes",
            "user_email": "luciamoarita@gmail.com",
            "user_registration_date": "2022-07-18T14:48:17.000+00:00"
        },
        "checkout": "custom",
        "checkout_type": "credit_card"
    },
    "additional_info": {
        "items": [
            {
                "id": 197,
                "title": "Farofa com Muitas Sementes e Castanhas x 3",
                "description": "Foi-a-primeira-Farofa-lancada-no-mercado.-E-enriquecida-com-muitas-sementes-e-castanhas-e-sendo-riquissima-em-fibras-pode-ser-incluida-no-seu-dia-a-dia-de-forma-saudavel.-Farofa-sem-culpa-recheada-de-nutrientes-essenciais",
                "picture_url": "https:\/\/www.sekiama.com.br\/wp-content\/uploads\/2021\/11\/castanhas-frente.png",
                "category_id": "others",
                "quantity": 1,
                "unit_price": 55.7999999999999971578290569595992565155029296875
            },
            {
                "id": 199,
                "title": "Farofa Doce x 4",
                "description": "Ideal-para-voce-que-deseja-inovar-no-sabor-das-suas-deliciosas-sobremesas-finalizando-com-um-toque-extra-crocante.-Voce-ainda-pode-experimentar-em-vitaminas-massas-de-tortas-cobertura-de-bolos-e-onde-mais-preferir.-Surpree",
                "picture_url": "https:\/\/www.sekiama.com.br\/wp-content\/uploads\/2021\/11\/doce-Frente-1.png",
                "category_id": "others",
                "quantity": 1,
                "unit_price": 79.2000000000000028421709430404007434844970703125
            },
            {
                "title": "Sedex (Entrega em 3 dias úteis)",
                "description": "Serviço de envio usado pela loja.",
                "category_id": "others",
                "quantity": 1,
                "unit_price": 21.550000000000000710542735760100185871124267578125
            }
        ],
        "payer": {
            "first_name": "Lucia",
            "last_name": "Ogawa Arita",
            "phone": {
                "number": "(11) 5081-6412"
            },
            "address": {
                "zip_code": "04010-200",
                "street_name": "Rua Domingos de Morais \/ São Paulo SP BR"
            }
        },
        "shipments": {
            "receiver_address": {
                "zip_code": "04010-200",
                "street_name": "Rua Domingos de Morais Apto 83 São Paulo SP BR",
                "apartment": "Apto 83",
                "city_name": "São Paulo",
                "state_name": "SP"
            }
        }
    }
}
07-19-2022 @ 11:18:21 - [create_preference]: Preference created: {
    "status": 201,
    "response": {
        "id": 24134638062,
        "date_created": "2022-07-19T10:18:19.937-04:00",
        "date_approved": "2022-07-19T10:18:21.197-04:00",
        "date_last_updated": "2022-07-19T10:18:21.197-04:00",
        "date_of_expiration": null,
        "money_release_date": "2022-07-19T10:18:21.197-04:00",
        "money_release_status": null,
        "operation_type": "regular_payment",
        "issuer_id": "24",
        "payment_method_id": "master",
        "payment_type_id": "credit_card",
        "status": "approved",
        "status_detail": "accredited",
        "currency_id": "BRL",
        "description": "Farofa com Muitas Sementes e Castanhas x 3, Farofa Doce x 4",
        "live_mode": true,
        "sponsor_id": 208686191,
        "authorization_code": "013928",
        "money_release_schema": null,
        "taxes_amount": 0,
        "counter_currency": null,
        "brand_id": null,
        "shipping_amount": 0,
        "build_version": "2.104.3",
        "pos_id": null,
        "store_id": null,
        "integrator_id": null,
        "platform_id": "bo2hnr2ic4p001kbgpt0",
        "corporation_id": null,
        "collector_id": 163745094,
        "payer": {
            "type": null,
            "id": "801418810",
            "operator_id": null,
            "email": "luciamoarita@gmail.com",
            "identification": {
                "type": "CPF",
                "number": "06472965862"
            },
            "phone": {
                "area_code": null,
                "number": null,
                "extension": null
            },
            "first_name": null,
            "last_name": null,
            "entity_type": null
        },
        "marketplace_owner": null,
        "metadata": {
            "basic_settings": {
                "ex_payments_debelo": "yes",
                "checkout_credential_prod": "deprecated",
                "checkbox_checkout_test_mode": "yes",
                "method": "redirect",
                "ex_payments_amex": "yes",
                "gateway_discount_checkbox": "no",
                "enabled": "no",
                "ex_payments_master": "yes",
                "ex_payments_visa": "yes",
                "ex_payments_pec": "yes",
                "ex_payments_bolbradesco": "yes",
                "commission_checkbox": "no",
                "currency_conversion": "no",
                "installments": "1",
                "binary_mode": "no",
                "ex_payments_debvisa": "yes",
                "ex_payments_elo": "yes",
                "auto_return": "yes",
                "ex_payments_hipercard": "yes"
            },
            "checkout_type": "credit_card",
            "seller_website": "https:\/\/www.sekiama.com.br",
            "billing_address": {
                "city_name": "São Paulo",
                "state_name": "SP",
                "country_name": "BR",
                "zip_code": "04010-200",
                "street_name": "Rua Domingos de Morais"
            },
            "module_version": "6.0.2",
            "sponsor_id": 208686191,
            "platform": "bo2hnr2ic4p001kbgpt0",
            "collector": "163745094",
            "ticket_settings": [],
            "platform_version": "6.7.0",
            "test_mode": false,
            "site_id": "mlb",
            "custom_settings": {
                "wallet_button": "yes",
                "checkout_credential_prod": "deprecated",
                "commission_checkbox": "no",
                "checkbox_checkout_test_mode": "yes",
                "currency_conversion": "no",
                "binary_mode": "no",
                "coupon_mode": "no",
                "gateway_discount_checkbox": "no",
                "enabled": "yes"
            },
            "pix_settings": {
                "enabled": "yes"
            },
            "details": "",
            "user": {
                "user_email": "luciamoarita@gmail.com",
                "registered_user": "yes",
                "user_registration_date": "2022-07-18T14:48:17.000+00:00"
            },
            "checkout": "custom"
        },
        "additional_info": {
            "items": [
                {
                    "id": "197",
                    "title": "Farofa com Muitas Sementes e Castanhas x 3",
                    "description": "Foi-a-primeira-Farofa-lancada-no-mercado.-E-enriquecida-com-muitas-sementes-e-castanhas-e-sendo-riquissima-em-fibras-pode-ser-incluida-no-seu-dia-a-dia-de-forma-saudavel.-Farofa-sem-culpa-recheada-de-nutrientes-essenciais",
                    "picture_url": "https:\/\/www.sekiama.com.br\/wp-content\/uploads\/2021\/11\/castanhas-frente.png",
                    "category_id": "others",
                    "quantity": "1",
                    "unit_price": "55.8"
                },
                {
                    "id": "199",
                    "title": "Farofa Doce x 4",
                    "description": "Ideal-para-voce-que-deseja-inovar-no-sabor-das-suas-deliciosas-sobremesas-finalizando-com-um-toque-extra-crocante.-Voce-ainda-pode-experimentar-em-vitaminas-massas-de-tortas-cobertura-de-bolos-e-onde-mais-preferir.-Surpree",
                    "picture_url": "https:\/\/www.sekiama.com.br\/wp-content\/uploads\/2021\/11\/doce-Frente-1.png",
                    "category_id": "others",
                    "quantity": "1",
                    "unit_price": "79.2"
                },
                {
                    "id": null,
                    "title": "Sedex (Entrega em 3 dias úteis)",
                    "description": "Serviço de envio usado pela loja.",
                    "picture_url": null,
                    "category_id": "others",
                    "quantity": "1",
                    "unit_price": "21.55"
                }
            ],
            "payer": {
                "phone": {
                    "number": "(11) 5081-6412"
                },
                "address": {
                    "zip_code": "04010-200",
                    "street_name": "Rua Domingos de Morais \/ São Paulo SP BR"
                },
                "first_name": "Lucia",
                "last_name": "Ogawa Arita"
            },
            "shipments": {
                "receiver_address": {
                    "zip_code": "04010-200",
                    "state_name": "SP",
                    "city_name": "São Paulo",
                    "street_name": "Rua Domingos de Morais Apto 83 São Paulo SP BR",
                    "apartment": "Apto 83"
                }
            },
            "iso_response_code": "00",
            "available_balance": null,
            "nsu_processadora": "CAQEBAQMw-9qWLfEqqHXFEFW5PtmNwdhBg41RkKp8hiikGu9QiwCohlGWgxSJsBY",
            "authentication_code": null
        },
        "order": [],
        "external_reference": "WC-13839",
        "transaction_amount": 156.55000000000001136868377216160297393798828125,
        "transaction_amount_refunded": 0,
        "coupon_amount": 0,
        "differential_pricing_id": null,
        "deduction_schema": null,
        "installments": 1,
        "transaction_details": {
            "payment_method_reference_id": null,
            "net_received_amount": 148.740000000000009094947017729282379150390625,
            "total_paid_amount": 156.55000000000001136868377216160297393798828125,
            "overpaid_amount": 0,
            "external_resource_url": null,
            "installment_amount": 156.55000000000001136868377216160297393798828125,
            "financial_institution": null,
            "payable_deferral_period": null,
            "acquirer_reference": null
        },
        "fee_details": [
            {
                "type": "mercadopago_fee",
                "amount": 7.80999999999999960920149533194489777088165283203125,
                "fee_payer": "collector"
            }
        ],
        "charges_details": [],
        "captured": true,
        "binary_mode": false,
        "call_for_authorize_id": null,
        "statement_descriptor": "MERCPAGO*SEKIAMAMP",
        "card": {
            "id": null,
            "first_six_digits": "514868",
            "last_four_digits": "6156",
            "bin": "51486805",
            "expiration_month": 12,
            "expiration_year": 2023,
            "date_created": "2022-07-19T10:18:19.000-04:00",
            "date_last_updated": "2022-07-19T10:18:19.000-04:00",
            "cardholder": {
                "name": "LUCIA M  O ARITA ",
                "identification": {
                    "number": "06472965862",
                    "type": "CPF"
                }
            }
        },
        "notification_url": "https:\/\/www.sekiama.com.br\/wc-api\/WC_WooMercadoPago_Custom_Gateway\/?source_news=webhooks",
        "refunds": [],
        "processing_mode": "aggregator",
        "merchant_account_id": null,
        "merchant_number": null,
        "acquirer_reconciliation": [],
        "point_of_interaction": {
            "type": "UNSPECIFIED",
            "business_info": {
                "unit": "online_payments",
                "sub_unit": "woocommerce"
            }
        }
    }
}
07-19-2022 @ 11:18:22 - [create_preference]: payment link generated with success from mercado pago, with structure as follow: {
    "status": 201,
    "response": {
        "id": 24134638062,
        "date_created": "2022-07-19T10:18:19.937-04:00",
        "date_approved": "2022-07-19T10:18:21.197-04:00",
        "date_last_updated": "2022-07-19T10:18:21.197-04:00",
        "date_of_expiration": null,
        "money_release_date": "2022-07-19T10:18:21.197-04:00",
        "money_release_status": null,
        "operation_type": "regular_payment",
        "issuer_id": "24",
        "payment_method_id": "master",
        "payment_type_id": "credit_card",
        "status": "approved",
        "status_detail": "accredited",
        "currency_id": "BRL",
        "description": "Farofa com Muitas Sementes e Castanhas x 3, Farofa Doce x 4",
        "live_mode": true,
        "sponsor_id": 208686191,
        "authorization_code": "013928",
        "money_release_schema": null,
        "taxes_amount": 0,
        "counter_currency": null,
        "brand_id": null,
        "shipping_amount": 0,
        "build_version": "2.104.3",
        "pos_id": null,
        "store_id": null,
        "integrator_id": null,
        "platform_id": "bo2hnr2ic4p001kbgpt0",
        "corporation_id": null,
        "collector_id": 163745094,
        "payer": {
            "type": null,
            "id": "801418810",
            "operator_id": null,
            "email": "luciamoarita@gmail.com",
            "identification": {
                "type": "CPF",
                "number": "06472965862"
            },
            "phone": {
                "area_code": null,
                "number": null,
                "extension": null
            },
            "first_name": null,
            "last_name": null,
            "entity_type": null
        },
        "marketplace_owner": null,
        "metadata": {
            "basic_settings": {
                "ex_payments_debelo": "yes",
                "checkout_credential_prod": "deprecated",
                "checkbox_checkout_test_mode": "yes",
                "method": "redirect",
                "ex_payments_amex": "yes",
                "gateway_discount_checkbox": "no",
                "enabled": "no",
                "ex_payments_master": "yes",
                "ex_payments_visa": "yes",
                "ex_payments_pec": "yes",
                "ex_payments_bolbradesco": "yes",
                "commission_checkbox": "no",
                "currency_conversion": "no",
                "installments": "1",
                "binary_mode": "no",
                "ex_payments_debvisa": "yes",
                "ex_payments_elo": "yes",
                "auto_return": "yes",
                "ex_payments_hipercard": "yes"
            },
            "checkout_type": "credit_card",
            "seller_website": "https:\/\/www.sekiama.com.br",
            "billing_address": {
                "city_name": "São Paulo",
                "state_name": "SP",
                "country_name": "BR",
                "zip_code": "04010-200",
                "street_name": "Rua Domingos de Morais"
            },
            "module_version": "6.0.2",
            "sponsor_id": 208686191,
            "platform": "bo2hnr2ic4p001kbgpt0",
            "collector": "163745094",
            "ticket_settings": [],
            "platform_version": "6.7.0",
            "test_mode": false,
            "site_id": "mlb",
            "custom_settings": {
                "wallet_button": "yes",
                "checkout_credential_prod": "deprecated",
                "commission_checkbox": "no",
                "checkbox_checkout_test_mode": "yes",
                "currency_conversion": "no",
                "binary_mode": "no",
                "coupon_mode": "no",
                "gateway_discount_checkbox": "no",
                "enabled": "yes"
            },
            "pix_settings": {
                "enabled": "yes"
            },
            "details": "",
            "user": {
                "user_email": "luciamoarita@gmail.com",
                "registered_user": "yes",
                "user_registration_date": "2022-07-18T14:48:17.000+00:00"
            },
            "checkout": "custom"
        },
        "additional_info": {
            "items": [
                {
                    "id": "197",
                    "title": "Farofa com Muitas Sementes e Castanhas x 3",
                    "description": "Foi-a-primeira-Farofa-lancada-no-mercado.-E-enriquecida-com-muitas-sementes-e-castanhas-e-sendo-riquissima-em-fibras-pode-ser-incluida-no-seu-dia-a-dia-de-forma-saudavel.-Farofa-sem-culpa-recheada-de-nutrientes-essenciais",
                    "picture_url": "https:\/\/www.sekiama.com.br\/wp-content\/uploads\/2021\/11\/castanhas-frente.png",
                    "category_id": "others",
                    "quantity": "1",
                    "unit_price": "55.8"
                },
                {
                    "id": "199",
                    "title": "Farofa Doce x 4",
                    "description": "Ideal-para-voce-que-deseja-inovar-no-sabor-das-suas-deliciosas-sobremesas-finalizando-com-um-toque-extra-crocante.-Voce-ainda-pode-experimentar-em-vitaminas-massas-de-tortas-cobertura-de-bolos-e-onde-mais-preferir.-Surpree",
                    "picture_url": "https:\/\/www.sekiama.com.br\/wp-content\/uploads\/2021\/11\/doce-Frente-1.png",
                    "category_id": "others",
                    "quantity": "1",
                    "unit_price": "79.2"
                },
                {
                    "id": null,
                    "title": "Sedex (Entrega em 3 dias úteis)",
                    "description": "Serviço de envio usado pela loja.",
                    "picture_url": null,
                    "category_id": "others",
                    "quantity": "1",
                    "unit_price": "21.55"
                }
            ],
            "payer": {
                "phone": {
                    "number": "(11) 5081-6412"
                },
                "address": {
                    "zip_code": "04010-200",
                    "street_name": "Rua Domingos de Morais \/ São Paulo SP BR"
                },
                "first_name": "Lucia",
                "last_name": "Ogawa Arita"
            },
            "shipments": {
                "receiver_address": {
                    "zip_code": "04010-200",
                    "state_name": "SP",
                    "city_name": "São Paulo",
                    "street_name": "Rua Domingos de Morais Apto 83 São Paulo SP BR",
                    "apartment": "Apto 83"
                }
            },
            "iso_response_code": "00",
            "available_balance": null,
            "nsu_processadora": "CAQEBAQMw-9qWLfEqqHXFEFW5PtmNwdhBg41RkKp8hiikGu9QiwCohlGWgxSJsBY",
            "authentication_code": null
        },
        "order": [],
        "external_reference": "WC-13839",
        "transaction_amount": 156.55000000000001136868377216160297393798828125,
        "transaction_amount_refunded": 0,
        "coupon_amount": 0,
        "differential_pricing_id": null,
        "deduction_schema": null,
        "installments": 1,
        "transaction_details": {
            "payment_method_reference_id": null,
            "net_received_amount": 148.740000000000009094947017729282379150390625,
            "total_paid_amount": 156.55000000000001136868377216160297393798828125,
            "overpaid_amount": 0,
            "external_resource_url": null,
            "installment_amount": 156.55000000000001136868377216160297393798828125,
            "financial_institution": null,
            "payable_deferral_period": null,
            "acquirer_reference": null
        },
        "fee_details": [
            {
                "type": "mercadopago_fee",
                "amount": 7.80999999999999960920149533194489777088165283203125,
                "fee_payer": "collector"
            }
        ],
        "charges_details": [],
        "captured": true,
        "binary_mode": false,
        "call_for_authorize_id": null,
        "statement_descriptor": "MERCPAGO*SEKIAMAMP",
        "card": {
            "id": null,
            "first_six_digits": "514868",
            "last_four_digits": "6156",
            "bin": "51486805",
            "expiration_month": 12,
            "expiration_year": 2023,
            "date_created": "2022-07-19T10:18:19.000-04:00",
            "date_last_updated": "2022-07-19T10:18:19.000-04:00",
            "cardholder": {
                "name": "LUCIA M  O ARITA ",
                "identification": {
                    "number": "06472965862",
                    "type": "CPF"
                }
            }
        },
        "notification_url": "https:\/\/www.sekiama.com.br\/wc-api\/WC_WooMercadoPago_Custom_Gateway\/?source_news=webhooks",
        "refunds": [],
        "processing_mode": "aggregator",
        "merchant_account_id": null,
        "merchant_number": null,
        "acquirer_reconciliation": [],
        "point_of_interaction": {
            "type": "UNSPECIFIED",
            "business_info": {
                "unit": "online_payments",
                "sub_unit": "woocommerce"
            }
        }
    }
}
07-19-2022 @ 11:18:22 - [check_ipn_response]: received _get content: {
    "data_id": "24134638062",
    "source_news": "webhooks",
    "type": "payment"
}
07-19-2022 @ 11:18:22 - [successful_request]: starting to process  update...
07-19-2022 @ 11:18:22 - [successful_request]: updating metadata and status with data: {
    "acquirer_reconciliation": [],
    "additional_info": {
        "authentication_code": null,
        "available_balance": null,
        "items": [
            {
                "category_id": "others",
                "description": "Foi-a-primeira-Farofa-lancada-no-mercado.-E-enriquecida-com-muitas-sementes-e-castanhas-e-sendo-riquissima-em-fibras-pode-ser-incluida-no-seu-dia-a-dia-de-forma-saudavel.-Farofa-sem-culpa-recheada-de-nutrientes-essenciais",
                "id": "197",
                "picture_url": "https:\/\/www.sekiama.com.br\/wp-content\/uploads\/2021\/11\/castanhas-frente.png",
                "quantity": "1",
                "title": "Farofa com Muitas Sementes e Castanhas x 3",
                "unit_price": "55.8"
            },
            {
                "category_id": "others",
                "description": "Ideal-para-voce-que-deseja-inovar-no-sabor-das-suas-deliciosas-sobremesas-finalizando-com-um-toque-extra-crocante.-Voce-ainda-pode-experimentar-em-vitaminas-massas-de-tortas-cobertura-de-bolos-e-onde-mais-preferir.-Surpree",
                "id": "199",
                "picture_url": "https:\/\/www.sekiama.com.br\/wp-content\/uploads\/2021\/11\/doce-Frente-1.png",
                "quantity": "1",
                "title": "Farofa Doce x 4",
                "unit_price": "79.2"
            },
            {
                "category_id": "others",
                "description": "Serviço de envio usado pela loja.",
                "id": null,
                "picture_url": null,
                "quantity": "1",
                "title": "Sedex (Entrega em 3 dias úteis)",
                "unit_price": "21.55"
            }
        ],
        "nsu_processadora": null,
        "payer": {
            "address": {
                "street_name": "Rua Domingos de Morais \/ São Paulo SP BR",
                "zip_code": "04010-200"
            },
            "first_name": "Lucia",
            "last_name": "Ogawa Arita",
            "phone": {
                "number": "(11) 5081-6412"
            }
        },
        "shipments": {
            "receiver_address": {
                "apartment": "Apto 83",
                "city_name": "São Paulo",
                "state_name": "SP",
                "street_name": "Rua Domingos de Morais Apto 83 São Paulo SP BR",
                "zip_code": "04010-200"
            }
        }
    },
    "authorization_code": "013928",
    "binary_mode": false,
    "brand_id": null,
    "build_version": "2.104.3",
    "call_for_authorize_id": null,
    "captured": true,
    "card": {
        "bin": "51486805",
        "cardholder": {
            "identification": {
                "number": "06472965862",
                "type": "CPF"
            },
            "name": "LUCIA M  O ARITA "
        },
        "date_created": "2022-07-19T10:18:19.000-04:00",
        "date_last_updated": "2022-07-19T10:18:19.000-04:00",
        "expiration_month": 12,
        "expiration_year": 2023,
        "first_six_digits": "514868",
        "id": null,
        "last_four_digits": "6156"
    },
    "charges_details": [],
    "collector_id": 163745094,
    "corporation_id": null,
    "counter_currency": null,
    "coupon_amount": 0,
    "currency_id": "BRL",
    "date_approved": "2022-07-19T10:18:21.000-04:00",
    "date_created": "2022-07-19T10:18:19.000-04:00",
    "date_last_updated": "2022-07-19T10:18:21.000-04:00",
    "date_of_expiration": null,
    "deduction_schema": null,
    "description": "Farofa com Muitas Sementes e Castanhas x 3, Farofa Doce x 4",
    "differential_pricing_id": null,
    "external_reference": "WC-13839",
    "fee_details": [
        {
            "amount": 7.80999999999999960920149533194489777088165283203125,
            "fee_payer": "collector",
            "type": "mercadopago_fee"
        }
    ],
    "id": 24134638062,
    "installments": 1,
    "integrator_id": null,
    "issuer_id": "24",
    "live_mode": true,
    "marketplace_owner": null,
    "merchant_account_id": null,
    "merchant_number": null,
    "metadata": {
        "basic_settings": {
            "ex_payments_debelo": "yes",
            "checkout_credential_prod": "deprecated",
            "checkbox_checkout_test_mode": "yes",
            "method": "redirect",
            "ex_payments_amex": "yes",
            "gateway_discount_checkbox": "no",
            "enabled": "no",
            "ex_payments_master": "yes",
            "ex_payments_pec": "yes",
            "ex_payments_visa": "yes",
            "ex_payments_bolbradesco": "yes",
            "commission_checkbox": "no",
            "binary_mode": "no",
            "currency_conversion": "no",
            "installments": "1",
            "ex_payments_debvisa": "yes",
            "ex_payments_elo": "yes",
            "auto_return": "yes",
            "ex_payments_hipercard": "yes"
        },
        "checkout_type": "credit_card",
        "seller_website": "https:\/\/www.sekiama.com.br",
        "billing_address": {
            "city_name": "São Paulo",
            "state_name": "SP",
            "country_name": "BR",
            "street_name": "Rua Domingos de Morais",
            "zip_code": "04010-200"
        },
        "module_version": "6.0.2",
        "sponsor_id": 208686191,
        "collector": "163745094",
        "platform": "bo2hnr2ic4p001kbgpt0",
        "ticket_settings": [],
        "platform_version": "6.7.0",
        "test_mode": false,
        "site_id": "mlb",
        "custom_settings": {
            "checkout_credential_prod": "deprecated",
            "wallet_button": "yes",
            "commission_checkbox": "no",
            "checkbox_checkout_test_mode": "yes",
            "binary_mode": "no",
            "currency_conversion": "no",
            "coupon_mode": "no",
            "gateway_discount_checkbox": "no",
            "enabled": "yes"
        },
        "pix_settings": {
            "enabled": "yes"
        },
        "details": "",
        "checkout": "custom",
        "user": {
            "user_email": "luciamoarita@gmail.com",
            "registered_user": "yes",
            "user_registration_date": "2022-07-18T14:48:17.000+00:00"
        }
    },
    "money_release_date": "2022-07-19T10:18:21.000-04:00",
    "money_release_schema": null,
    "money_release_status": null,
    "notification_url": "https:\/\/www.sekiama.com.br\/wc-api\/WC_WooMercadoPago_Custom_Gateway\/?source_news=webhooks",
    "operation_type": "regular_payment",
    "order": [],
    "payer": {
        "email": "luciamoarita@gmail.com",
        "entity_type": null,
        "first_name": null,
        "id": "801418810",
        "identification": {
            "number": "06472965862",
            "type": "CPF"
        },
        "last_name": null,
        "operator_id": null,
        "phone": {
            "area_code": null,
            "extension": null,
            "number": null
        },
        "type": null
    },
    "payment_method_id": "master",
    "payment_type_id": "credit_card",
    "platform_id": "bo2hnr2ic4p001kbgpt0",
    "point_of_interaction": {
        "business_info": {
            "sub_unit": "woocommerce",
            "unit": "online_payments"
        },
        "type": "UNSPECIFIED"
    },
    "pos_id": null,
    "processing_mode": "aggregator",
    "refunds": [],
    "shipping_amount": 0,
    "sponsor_id": 208686191,
    "statement_descriptor": "MERCPAGO*SEKIAMAMP",
    "status": "approved",
    "status_detail": "accredited",
    "store_id": null,
    "taxes_amount": 0,
    "transaction_amount": 156.55000000000001136868377216160297393798828125,
    "transaction_amount_refunded": 0,
    "transaction_details": {
        "acquirer_reference": null,
        "external_resource_url": null,
        "financial_institution": null,
        "installment_amount": 156.55000000000001136868377216160297393798828125,
        "net_received_amount": 148.740000000000009094947017729282379150390625,
        "overpaid_amount": 0,
        "payable_deferral_period": null,
        "payment_method_reference_id": null,
        "total_paid_amount": 156.55000000000001136868377216160297393798828125
    }
}
07-19-2022 @ 11:18:22 - [successful_request]: Changing order status to: processing
