08-18-2022 @ 21:25:45 - [process_payment]: POST Custom: {
    "amount": "65.92",
    "currency_ratio": "1",
    "paymentMethodId": "visa",
    "checkout_type": "custom",
    "installments": "1"
}
08-18-2022 @ 21:25:45 - [process_payment]: preparing to get response of custom checkout.
08-18-2022 @ 21:25:45 - [Created preference: ]: Preference: {
    "binary_mode": false,
    "external_reference": "WC-13880",
    "notification_url": "https:\/\/www.sekiama.com.br\/wc-api\/WC_WooMercadoPago_Custom_Gateway\/?source_news=webhooks",
    "statement_descriptor": "Sekiama MP",
    "sponsor_id": 208686191,
    "transaction_amount": 65.9200000000000017053025658242404460906982421875,
    "description": "Farofa com Muita Cebola x 1, Faropop x 1, Farofa com Muitas Sementes x 1",
    "installments": 1,
    "payment_method_id": "visa",
    "payer": {
        "email": "lhkrakauer@gmail.com"
    },
    "metadata": {
        "platform": "bo2hnr2ic4p001kbgpt0",
        "platform_version": "6.8.0",
        "module_version": "6.0.2",
        "site_id": "mlb",
        "sponsor_id": 208686191,
        "collector": "163745094",
        "test_mode": false,
        "details": "",
        "basic_settings": {
            "enabled": "no",
            "currency_conversion": "no",
            "installments": "1",
            "method": "redirect",
            "auto_return": "yes",
            "binary_mode": "no",
            "ex_payments_master": "yes",
            "ex_payments_hipercard": "yes",
            "ex_payments_amex": "yes",
            "ex_payments_elo": "yes",
            "ex_payments_visa": "yes",
            "ex_payments_debvisa": "yes",
            "ex_payments_debelo": "yes",
            "ex_payments_pec": "yes",
            "ex_payments_bolbradesco": "yes",
            "gateway_discount_checkbox": "no",
            "commission_checkbox": "no",
            "checkbox_checkout_test_mode": "yes",
            "checkout_credential_prod": "deprecated"
        },
        "custom_settings": {
            "enabled": "yes",
            "currency_conversion": "no",
            "wallet_button": "yes",
            "coupon_mode": "no",
            "binary_mode": "no",
            "gateway_discount_checkbox": "no",
            "commission_checkbox": "no",
            "checkbox_checkout_test_mode": "yes",
            "checkout_credential_prod": "deprecated"
        },
        "ticket_settings": [],
        "pix_settings": {
            "enabled": "yes"
        },
        "seller_website": "https:\/\/www.sekiama.com.br",
        "billing_address": {
            "zip_code": "01231-020",
            "street_name": "Rua Emílio de Menezes",
            "city_name": "São Paulo",
            "state_name": "SP",
            "country_name": "BR"
        },
        "user": {
            "registered_user": "no",
            "user_email": null,
            "user_registration_date": null
        },
        "checkout": "custom",
        "checkout_type": "credit_card"
    },
    "additional_info": {
        "items": [
            {
                "id": 195,
                "title": "Farofa com Muita Cebola x 1",
                "description": "Por-ser-incrivelmente-saborosa-a-Farofa-com-muita-cebola-crocante-e-a-campea-de-vendas-conquistando-todos-os-paladares.-Nesta-nobre-preparacao-a-farinha-de-mandioca-absorve-o-incrivel-sabor-da-cebola-fresca-resultando-em",
                "picture_url": "https:\/\/www.sekiama.com.br\/wp-content\/uploads\/2021\/11\/cebola-frente-1.png",
                "category_id": "others",
                "quantity": 1,
                "unit_price": 17.199999999999999289457264239899814128875732421875
            },
            {
                "id": 200,
                "title": "Faropop x 1",
                "description": "Temperada-do-jeito-que-amamos-comer-farofa.-A-Faropop-Temperada-e-uma-das-farofas-tradicionais-que-combina-com-qualquer-refeicao.-span-stylecolor-a81414strongIngredientes-strongspanFarinha-de-Mandioca-Gor",
                "picture_url": "https:\/\/www.sekiama.com.br\/wp-content\/uploads\/2021\/11\/tradicional-frente.png",
                "category_id": "others",
                "quantity": 1,
                "unit_price": 14.199999999999999289457264239899814128875732421875
            },
            {
                "id": 194,
                "title": "Farofa com Muitas Sementes x 1",
                "description": "A-Farofa-com-muitas-sementes-e-incrivel-e-vai-te-saciar-de-forma-natural-e-saudavel.-As-sementes-permitem-melhorar-o-seu-consumo-de-fibras-e-micronutrientes.-Voce-vai-amar-o-resultado-crocante-saboroso-e-saudavel-desta-Faro",
                "picture_url": "https:\/\/www.sekiama.com.br\/wp-content\/uploads\/2021\/11\/sementes-Frente-1.png",
                "category_id": "others",
                "quantity": 1,
                "unit_price": 18.199999999999999289457264239899814128875732421875
            },
            {
                "title": "Sedex (Entrega em 3 dias úteis)",
                "description": "Serviço de envio usado pela loja.",
                "category_id": "others",
                "quantity": 1,
                "unit_price": 16.32000000000000028421709430404007434844970703125
            }
        ],
        "payer": {
            "first_name": "Lilian",
            "last_name": "Krakauer",
            "phone": {
                "number": "(11) 98227-5297"
            },
            "address": {
                "zip_code": "01231-020",
                "street_name": "Rua Emílio de Menezes \/ São Paulo SP BR"
            }
        },
        "shipments": {
            "receiver_address": {
                "zip_code": "01231-020",
                "street_name": "Rua Emílio de Menezes Apto 110 São Paulo SP BR",
                "apartment": "Apto 110",
                "city_name": "São Paulo",
                "state_name": "SP"
            }
        }
    }
}
08-18-2022 @ 21:25:47 - [create_preference]: Preference created: {
    "status": 201,
    "response": {
        "id": 25008570276,
        "date_created": "2022-08-18T20:25:44.680-04:00",
        "date_approved": "2022-08-18T20:25:45.717-04:00",
        "date_last_updated": "2022-08-18T20:25:45.717-04:00",
        "date_of_expiration": null,
        "money_release_date": "2022-08-18T20:25:45.717-04:00",
        "money_release_status": null,
        "operation_type": "regular_payment",
        "issuer_id": "25",
        "payment_method_id": "visa",
        "payment_type_id": "credit_card",
        "status": "approved",
        "status_detail": "accredited",
        "currency_id": "BRL",
        "description": "Farofa com Muita Cebola x 1, Faropop x 1, Farofa com Muitas Sementes x 1",
        "live_mode": true,
        "sponsor_id": 208686191,
        "authorization_code": "026004",
        "money_release_schema": null,
        "taxes_amount": 0,
        "counter_currency": null,
        "brand_id": null,
        "shipping_amount": 0,
        "build_version": "2.107.4",
        "pos_id": null,
        "store_id": null,
        "integrator_id": null,
        "platform_id": "bo2hnr2ic4p001kbgpt0",
        "corporation_id": null,
        "collector_id": 163745094,
        "payer": {
            "type": null,
            "id": "281448512",
            "operator_id": null,
            "email": "lhkrakauer@gmail.com",
            "identification": {
                "type": "CPF",
                "number": "05251170831"
            },
            "phone": {
                "area_code": null,
                "number": null,
                "extension": null
            },
            "first_name": null,
            "last_name": null,
            "entity_type": null
        },
        "marketplace_owner": null,
        "metadata": {
            "basic_settings": {
                "ex_payments_debelo": "yes",
                "checkout_credential_prod": "deprecated",
                "checkbox_checkout_test_mode": "yes",
                "method": "redirect",
                "ex_payments_amex": "yes",
                "gateway_discount_checkbox": "no",
                "enabled": "no",
                "ex_payments_master": "yes",
                "ex_payments_visa": "yes",
                "ex_payments_pec": "yes",
                "ex_payments_bolbradesco": "yes",
                "commission_checkbox": "no",
                "currency_conversion": "no",
                "installments": "1",
                "binary_mode": "no",
                "ex_payments_debvisa": "yes",
                "ex_payments_elo": "yes",
                "auto_return": "yes",
                "ex_payments_hipercard": "yes"
            },
            "checkout_type": "credit_card",
            "seller_website": "https:\/\/www.sekiama.com.br",
            "billing_address": {
                "city_name": "São Paulo",
                "state_name": "SP",
                "country_name": "BR",
                "zip_code": "01231-020",
                "street_name": "Rua Emílio de Menezes"
            },
            "module_version": "6.0.2",
            "sponsor_id": 208686191,
            "platform": "bo2hnr2ic4p001kbgpt0",
            "collector": "163745094",
            "ticket_settings": [],
            "platform_version": "6.8.0",
            "test_mode": false,
            "site_id": "mlb",
            "custom_settings": {
                "wallet_button": "yes",
                "checkout_credential_prod": "deprecated",
                "commission_checkbox": "no",
                "checkbox_checkout_test_mode": "yes",
                "currency_conversion": "no",
                "binary_mode": "no",
                "coupon_mode": "no",
                "gateway_discount_checkbox": "no",
                "enabled": "yes"
            },
            "pix_settings": {
                "enabled": "yes"
            },
            "details": "",
            "user": {
                "user_email": null,
                "registered_user": "no",
                "user_registration_date": null
            },
            "checkout": "custom"
        },
        "additional_info": {
            "items": [
                {
                    "id": "195",
                    "title": "Farofa com Muita Cebola x 1",
                    "description": "Por-ser-incrivelmente-saborosa-a-Farofa-com-muita-cebola-crocante-e-a-campea-de-vendas-conquistando-todos-os-paladares.-Nesta-nobre-preparacao-a-farinha-de-mandioca-absorve-o-incrivel-sabor-da-cebola-fresca-resultando-em",
                    "picture_url": "https:\/\/www.sekiama.com.br\/wp-content\/uploads\/2021\/11\/cebola-frente-1.png",
                    "category_id": "others",
                    "quantity": "1",
                    "unit_price": "17.2"
                },
                {
                    "id": "200",
                    "title": "Faropop x 1",
                    "description": "Temperada-do-jeito-que-amamos-comer-farofa.-A-Faropop-Temperada-e-uma-das-farofas-tradicionais-que-combina-com-qualquer-refeicao.-span-stylecolor-a81414strongIngredientes-strongspanFarinha-de-Mandioca-Gor",
                    "picture_url": "https:\/\/www.sekiama.com.br\/wp-content\/uploads\/2021\/11\/tradicional-frente.png",
                    "category_id": "others",
                    "quantity": "1",
                    "unit_price": "14.2"
                },
                {
                    "id": "194",
                    "title": "Farofa com Muitas Sementes x 1",
                    "description": "A-Farofa-com-muitas-sementes-e-incrivel-e-vai-te-saciar-de-forma-natural-e-saudavel.-As-sementes-permitem-melhorar-o-seu-consumo-de-fibras-e-micronutrientes.-Voce-vai-amar-o-resultado-crocante-saboroso-e-saudavel-desta-Faro",
                    "picture_url": "https:\/\/www.sekiama.com.br\/wp-content\/uploads\/2021\/11\/sementes-Frente-1.png",
                    "category_id": "others",
                    "quantity": "1",
                    "unit_price": "18.2"
                },
                {
                    "id": null,
                    "title": "Sedex (Entrega em 3 dias úteis)",
                    "description": "Serviço de envio usado pela loja.",
                    "picture_url": null,
                    "category_id": "others",
                    "quantity": "1",
                    "unit_price": "16.32"
                }
            ],
            "payer": {
                "phone": {
                    "number": "(11) 98227-5297"
                },
                "address": {
                    "zip_code": "01231-020",
                    "street_name": "Rua Emílio de Menezes \/ São Paulo SP BR"
                },
                "first_name": "Lilian",
                "last_name": "Krakauer"
            },
            "shipments": {
                "receiver_address": {
                    "zip_code": "01231-020",
                    "state_name": "SP",
                    "city_name": "São Paulo",
                    "street_name": "Rua Emílio de Menezes Apto 110 São Paulo SP BR",
                    "apartment": "Apto 110"
                }
            },
            "iso_response_code": "00",
            "available_balance": null,
            "nsu_processadora": "CAQECAQPWOO6V6YkZX4C3oC8oboFqbcjgZHqmbNmlWXdkWxg-_gBfWaaVZJJYHQE",
            "authentication_code": null
        },
        "order": [],
        "external_reference": "WC-13880",
        "transaction_amount": 65.9200000000000017053025658242404460906982421875,
        "transaction_amount_refunded": 0,
        "coupon_amount": 0,
        "differential_pricing_id": null,
        "deduction_schema": null,
        "installments": 1,
        "transaction_details": {
            "payment_method_reference_id": null,
            "net_received_amount": 62.63000000000000255795384873636066913604736328125,
            "total_paid_amount": 65.9200000000000017053025658242404460906982421875,
            "overpaid_amount": 0,
            "external_resource_url": null,
            "installment_amount": 65.9200000000000017053025658242404460906982421875,
            "financial_institution": null,
            "payable_deferral_period": null,
            "acquirer_reference": null
        },
        "fee_details": [
            {
                "type": "mercadopago_fee",
                "amount": 3.29000000000000003552713678800500929355621337890625,
                "fee_payer": "collector"
            }
        ],
        "charges_details": [],
        "captured": true,
        "binary_mode": false,
        "call_for_authorize_id": null,
        "statement_descriptor": "MERCPAGO*SEKIAMAMP",
        "card": {
            "id": null,
            "first_six_digits": "470598",
            "last_four_digits": "2665",
            "bin": "47059814",
            "expiration_month": 3,
            "expiration_year": 2029,
            "date_created": "2022-08-18T20:25:44.000-04:00",
            "date_last_updated": "2022-08-18T20:25:44.000-04:00",
            "cardholder": {
                "name": "Lilian R R Krakauer ",
                "identification": {
                    "number": "05251170831",
                    "type": "CPF"
                }
            }
        },
        "notification_url": "https:\/\/www.sekiama.com.br\/wc-api\/WC_WooMercadoPago_Custom_Gateway\/?source_news=webhooks",
        "refunds": [],
        "processing_mode": "aggregator",
        "merchant_account_id": null,
        "merchant_number": null,
        "acquirer_reconciliation": [],
        "point_of_interaction": {
            "type": "UNSPECIFIED",
            "business_info": {
                "unit": "online_payments",
                "sub_unit": "woocommerce"
            }
        }
    }
}
08-18-2022 @ 21:25:47 - [create_preference]: payment link generated with success from mercado pago, with structure as follow: {
    "status": 201,
    "response": {
        "id": 25008570276,
        "date_created": "2022-08-18T20:25:44.680-04:00",
        "date_approved": "2022-08-18T20:25:45.717-04:00",
        "date_last_updated": "2022-08-18T20:25:45.717-04:00",
        "date_of_expiration": null,
        "money_release_date": "2022-08-18T20:25:45.717-04:00",
        "money_release_status": null,
        "operation_type": "regular_payment",
        "issuer_id": "25",
        "payment_method_id": "visa",
        "payment_type_id": "credit_card",
        "status": "approved",
        "status_detail": "accredited",
        "currency_id": "BRL",
        "description": "Farofa com Muita Cebola x 1, Faropop x 1, Farofa com Muitas Sementes x 1",
        "live_mode": true,
        "sponsor_id": 208686191,
        "authorization_code": "026004",
        "money_release_schema": null,
        "taxes_amount": 0,
        "counter_currency": null,
        "brand_id": null,
        "shipping_amount": 0,
        "build_version": "2.107.4",
        "pos_id": null,
        "store_id": null,
        "integrator_id": null,
        "platform_id": "bo2hnr2ic4p001kbgpt0",
        "corporation_id": null,
        "collector_id": 163745094,
        "payer": {
            "type": null,
            "id": "281448512",
            "operator_id": null,
            "email": "lhkrakauer@gmail.com",
            "identification": {
                "type": "CPF",
                "number": "05251170831"
            },
            "phone": {
                "area_code": null,
                "number": null,
                "extension": null
            },
            "first_name": null,
            "last_name": null,
            "entity_type": null
        },
        "marketplace_owner": null,
        "metadata": {
            "basic_settings": {
                "ex_payments_debelo": "yes",
                "checkout_credential_prod": "deprecated",
                "checkbox_checkout_test_mode": "yes",
                "method": "redirect",
                "ex_payments_amex": "yes",
                "gateway_discount_checkbox": "no",
                "enabled": "no",
                "ex_payments_master": "yes",
                "ex_payments_visa": "yes",
                "ex_payments_pec": "yes",
                "ex_payments_bolbradesco": "yes",
                "commission_checkbox": "no",
                "currency_conversion": "no",
                "installments": "1",
                "binary_mode": "no",
                "ex_payments_debvisa": "yes",
                "ex_payments_elo": "yes",
                "auto_return": "yes",
                "ex_payments_hipercard": "yes"
            },
            "checkout_type": "credit_card",
            "seller_website": "https:\/\/www.sekiama.com.br",
            "billing_address": {
                "city_name": "São Paulo",
                "state_name": "SP",
                "country_name": "BR",
                "zip_code": "01231-020",
                "street_name": "Rua Emílio de Menezes"
            },
            "module_version": "6.0.2",
            "sponsor_id": 208686191,
            "platform": "bo2hnr2ic4p001kbgpt0",
            "collector": "163745094",
            "ticket_settings": [],
            "platform_version": "6.8.0",
            "test_mode": false,
            "site_id": "mlb",
            "custom_settings": {
                "wallet_button": "yes",
                "checkout_credential_prod": "deprecated",
                "commission_checkbox": "no",
                "checkbox_checkout_test_mode": "yes",
                "currency_conversion": "no",
                "binary_mode": "no",
                "coupon_mode": "no",
                "gateway_discount_checkbox": "no",
                "enabled": "yes"
            },
            "pix_settings": {
                "enabled": "yes"
            },
            "details": "",
            "user": {
                "user_email": null,
                "registered_user": "no",
                "user_registration_date": null
            },
            "checkout": "custom"
        },
        "additional_info": {
            "items": [
                {
                    "id": "195",
                    "title": "Farofa com Muita Cebola x 1",
                    "description": "Por-ser-incrivelmente-saborosa-a-Farofa-com-muita-cebola-crocante-e-a-campea-de-vendas-conquistando-todos-os-paladares.-Nesta-nobre-preparacao-a-farinha-de-mandioca-absorve-o-incrivel-sabor-da-cebola-fresca-resultando-em",
                    "picture_url": "https:\/\/www.sekiama.com.br\/wp-content\/uploads\/2021\/11\/cebola-frente-1.png",
                    "category_id": "others",
                    "quantity": "1",
                    "unit_price": "17.2"
                },
                {
                    "id": "200",
                    "title": "Faropop x 1",
                    "description": "Temperada-do-jeito-que-amamos-comer-farofa.-A-Faropop-Temperada-e-uma-das-farofas-tradicionais-que-combina-com-qualquer-refeicao.-span-stylecolor-a81414strongIngredientes-strongspanFarinha-de-Mandioca-Gor",
                    "picture_url": "https:\/\/www.sekiama.com.br\/wp-content\/uploads\/2021\/11\/tradicional-frente.png",
                    "category_id": "others",
                    "quantity": "1",
                    "unit_price": "14.2"
                },
                {
                    "id": "194",
                    "title": "Farofa com Muitas Sementes x 1",
                    "description": "A-Farofa-com-muitas-sementes-e-incrivel-e-vai-te-saciar-de-forma-natural-e-saudavel.-As-sementes-permitem-melhorar-o-seu-consumo-de-fibras-e-micronutrientes.-Voce-vai-amar-o-resultado-crocante-saboroso-e-saudavel-desta-Faro",
                    "picture_url": "https:\/\/www.sekiama.com.br\/wp-content\/uploads\/2021\/11\/sementes-Frente-1.png",
                    "category_id": "others",
                    "quantity": "1",
                    "unit_price": "18.2"
                },
                {
                    "id": null,
                    "title": "Sedex (Entrega em 3 dias úteis)",
                    "description": "Serviço de envio usado pela loja.",
                    "picture_url": null,
                    "category_id": "others",
                    "quantity": "1",
                    "unit_price": "16.32"
                }
            ],
            "payer": {
                "phone": {
                    "number": "(11) 98227-5297"
                },
                "address": {
                    "zip_code": "01231-020",
                    "street_name": "Rua Emílio de Menezes \/ São Paulo SP BR"
                },
                "first_name": "Lilian",
                "last_name": "Krakauer"
            },
            "shipments": {
                "receiver_address": {
                    "zip_code": "01231-020",
                    "state_name": "SP",
                    "city_name": "São Paulo",
                    "street_name": "Rua Emílio de Menezes Apto 110 São Paulo SP BR",
                    "apartment": "Apto 110"
                }
            },
            "iso_response_code": "00",
            "available_balance": null,
            "nsu_processadora": "CAQECAQPWOO6V6YkZX4C3oC8oboFqbcjgZHqmbNmlWXdkWxg-_gBfWaaVZJJYHQE",
            "authentication_code": null
        },
        "order": [],
        "external_reference": "WC-13880",
        "transaction_amount": 65.9200000000000017053025658242404460906982421875,
        "transaction_amount_refunded": 0,
        "coupon_amount": 0,
        "differential_pricing_id": null,
        "deduction_schema": null,
        "installments": 1,
        "transaction_details": {
            "payment_method_reference_id": null,
            "net_received_amount": 62.63000000000000255795384873636066913604736328125,
            "total_paid_amount": 65.9200000000000017053025658242404460906982421875,
            "overpaid_amount": 0,
            "external_resource_url": null,
            "installment_amount": 65.9200000000000017053025658242404460906982421875,
            "financial_institution": null,
            "payable_deferral_period": null,
            "acquirer_reference": null
        },
        "fee_details": [
            {
                "type": "mercadopago_fee",
                "amount": 3.29000000000000003552713678800500929355621337890625,
                "fee_payer": "collector"
            }
        ],
        "charges_details": [],
        "captured": true,
        "binary_mode": false,
        "call_for_authorize_id": null,
        "statement_descriptor": "MERCPAGO*SEKIAMAMP",
        "card": {
            "id": null,
            "first_six_digits": "470598",
            "last_four_digits": "2665",
            "bin": "47059814",
            "expiration_month": 3,
            "expiration_year": 2029,
            "date_created": "2022-08-18T20:25:44.000-04:00",
            "date_last_updated": "2022-08-18T20:25:44.000-04:00",
            "cardholder": {
                "name": "Lilian R R Krakauer ",
                "identification": {
                    "number": "05251170831",
                    "type": "CPF"
                }
            }
        },
        "notification_url": "https:\/\/www.sekiama.com.br\/wc-api\/WC_WooMercadoPago_Custom_Gateway\/?source_news=webhooks",
        "refunds": [],
        "processing_mode": "aggregator",
        "merchant_account_id": null,
        "merchant_number": null,
        "acquirer_reconciliation": [],
        "point_of_interaction": {
            "type": "UNSPECIFIED",
            "business_info": {
                "unit": "online_payments",
                "sub_unit": "woocommerce"
            }
        }
    }
}
08-18-2022 @ 21:25:47 - [check_ipn_response]: received _get content: {
    "data_id": "25008570276",
    "source_news": "webhooks",
    "type": "payment"
}
08-18-2022 @ 21:25:47 - [successful_request]: starting to process  update...
08-18-2022 @ 21:25:47 - [successful_request]: updating metadata and status with data: {
    "acquirer_reconciliation": [],
    "additional_info": {
        "authentication_code": null,
        "available_balance": null,
        "items": [
            {
                "category_id": "others",
                "description": "Por-ser-incrivelmente-saborosa-a-Farofa-com-muita-cebola-crocante-e-a-campea-de-vendas-conquistando-todos-os-paladares.-Nesta-nobre-preparacao-a-farinha-de-mandioca-absorve-o-incrivel-sabor-da-cebola-fresca-resultando-em",
                "id": "195",
                "picture_url": "https:\/\/www.sekiama.com.br\/wp-content\/uploads\/2021\/11\/cebola-frente-1.png",
                "quantity": "1",
                "title": "Farofa com Muita Cebola x 1",
                "unit_price": "17.2"
            },
            {
                "category_id": "others",
                "description": "Temperada-do-jeito-que-amamos-comer-farofa.-A-Faropop-Temperada-e-uma-das-farofas-tradicionais-que-combina-com-qualquer-refeicao.-span-stylecolor-a81414strongIngredientes-strongspanFarinha-de-Mandioca-Gor",
                "id": "200",
                "picture_url": "https:\/\/www.sekiama.com.br\/wp-content\/uploads\/2021\/11\/tradicional-frente.png",
                "quantity": "1",
                "title": "Faropop x 1",
                "unit_price": "14.2"
            },
            {
                "category_id": "others",
                "description": "A-Farofa-com-muitas-sementes-e-incrivel-e-vai-te-saciar-de-forma-natural-e-saudavel.-As-sementes-permitem-melhorar-o-seu-consumo-de-fibras-e-micronutrientes.-Voce-vai-amar-o-resultado-crocante-saboroso-e-saudavel-desta-Faro",
                "id": "194",
                "picture_url": "https:\/\/www.sekiama.com.br\/wp-content\/uploads\/2021\/11\/sementes-Frente-1.png",
                "quantity": "1",
                "title": "Farofa com Muitas Sementes x 1",
                "unit_price": "18.2"
            },
            {
                "category_id": "others",
                "description": "Serviço de envio usado pela loja.",
                "id": null,
                "picture_url": null,
                "quantity": "1",
                "title": "Sedex (Entrega em 3 dias úteis)",
                "unit_price": "16.32"
            }
        ],
        "nsu_processadora": null,
        "payer": {
            "address": {
                "street_name": "Rua Emílio de Menezes \/ São Paulo SP BR",
                "zip_code": "01231-020"
            },
            "first_name": "Lilian",
            "last_name": "Krakauer",
            "phone": {
                "number": "(11) 98227-5297"
            }
        },
        "shipments": {
            "receiver_address": {
                "apartment": "Apto 110",
                "city_name": "São Paulo",
                "state_name": "SP",
                "street_name": "Rua Emílio de Menezes Apto 110 São Paulo SP BR",
                "zip_code": "01231-020"
            }
        }
    },
    "authorization_code": "026004",
    "binary_mode": false,
    "brand_id": null,
    "build_version": "2.107.4",
    "call_for_authorize_id": null,
    "captured": true,
    "card": {
        "bin": "47059814",
        "cardholder": {
            "identification": {
                "number": "05251170831",
                "type": "CPF"
            },
            "name": "Lilian R R Krakauer "
        },
        "date_created": "2022-08-18T20:25:44.000-04:00",
        "date_last_updated": "2022-08-18T20:25:44.000-04:00",
        "expiration_month": 3,
        "expiration_year": 2029,
        "first_six_digits": "470598",
        "id": null,
        "last_four_digits": "2665"
    },
    "charges_details": [],
    "collector_id": 163745094,
    "corporation_id": null,
    "counter_currency": null,
    "coupon_amount": 0,
    "currency_id": "BRL",
    "date_approved": "2022-08-18T20:25:45.000-04:00",
    "date_created": "2022-08-18T20:25:44.000-04:00",
    "date_last_updated": "2022-08-18T20:25:45.000-04:00",
    "date_of_expiration": null,
    "deduction_schema": null,
    "description": "Farofa com Muita Cebola x 1, Faropop x 1, Farofa com Muitas Sementes x 1",
    "differential_pricing_id": null,
    "external_reference": "WC-13880",
    "fee_details": [
        {
            "amount": 3.29000000000000003552713678800500929355621337890625,
            "fee_payer": "collector",
            "type": "mercadopago_fee"
        }
    ],
    "id": 25008570276,
    "installments": 1,
    "integrator_id": null,
    "issuer_id": "25",
    "live_mode": true,
    "marketplace_owner": null,
    "merchant_account_id": null,
    "merchant_number": null,
    "metadata": {
        "basic_settings": {
            "ex_payments_debelo": "yes",
            "checkout_credential_prod": "deprecated",
            "checkbox_checkout_test_mode": "yes",
            "method": "redirect",
            "ex_payments_amex": "yes",
            "gateway_discount_checkbox": "no",
            "enabled": "no",
            "ex_payments_master": "yes",
            "ex_payments_pec": "yes",
            "ex_payments_visa": "yes",
            "ex_payments_bolbradesco": "yes",
            "commission_checkbox": "no",
            "binary_mode": "no",
            "currency_conversion": "no",
            "installments": "1",
            "ex_payments_debvisa": "yes",
            "ex_payments_elo": "yes",
            "auto_return": "yes",
            "ex_payments_hipercard": "yes"
        },
        "checkout_type": "credit_card",
        "seller_website": "https:\/\/www.sekiama.com.br",
        "billing_address": {
            "city_name": "São Paulo",
            "state_name": "SP",
            "country_name": "BR",
            "street_name": "Rua Emílio de Menezes",
            "zip_code": "01231-020"
        },
        "module_version": "6.0.2",
        "sponsor_id": 208686191,
        "collector": "163745094",
        "platform": "bo2hnr2ic4p001kbgpt0",
        "ticket_settings": [],
        "platform_version": "6.8.0",
        "test_mode": false,
        "site_id": "mlb",
        "custom_settings": {
            "checkout_credential_prod": "deprecated",
            "wallet_button": "yes",
            "commission_checkbox": "no",
            "checkbox_checkout_test_mode": "yes",
            "binary_mode": "no",
            "currency_conversion": "no",
            "coupon_mode": "no",
            "gateway_discount_checkbox": "no",
            "enabled": "yes"
        },
        "pix_settings": {
            "enabled": "yes"
        },
        "details": "",
        "checkout": "custom",
        "user": {
            "user_email": null,
            "registered_user": "no",
            "user_registration_date": null
        }
    },
    "money_release_date": "2022-08-18T20:25:45.000-04:00",
    "money_release_schema": null,
    "money_release_status": null,
    "notification_url": "https:\/\/www.sekiama.com.br\/wc-api\/WC_WooMercadoPago_Custom_Gateway\/?source_news=webhooks",
    "operation_type": "regular_payment",
    "order": [],
    "payer": {
        "email": "lhkrakauer@gmail.com",
        "entity_type": null,
        "first_name": null,
        "id": "281448512",
        "identification": {
            "number": "05251170831",
            "type": "CPF"
        },
        "last_name": null,
        "operator_id": null,
        "phone": {
            "area_code": null,
            "extension": null,
            "number": null
        },
        "type": null
    },
    "payment_method_id": "visa",
    "payment_type_id": "credit_card",
    "platform_id": "bo2hnr2ic4p001kbgpt0",
    "point_of_interaction": {
        "business_info": {
            "sub_unit": "woocommerce",
            "unit": "online_payments"
        },
        "type": "UNSPECIFIED"
    },
    "pos_id": null,
    "processing_mode": "aggregator",
    "refunds": [],
    "shipping_amount": 0,
    "sponsor_id": 208686191,
    "statement_descriptor": "MERCPAGO*SEKIAMAMP",
    "status": "approved",
    "status_detail": "accredited",
    "store_id": null,
    "taxes_amount": 0,
    "transaction_amount": 65.9200000000000017053025658242404460906982421875,
    "transaction_amount_refunded": 0,
    "transaction_details": {
        "acquirer_reference": null,
        "external_resource_url": null,
        "financial_institution": null,
        "installment_amount": 65.9200000000000017053025658242404460906982421875,
        "net_received_amount": 62.63000000000000255795384873636066913604736328125,
        "overpaid_amount": 0,
        "payable_deferral_period": null,
        "payment_method_reference_id": null,
        "total_paid_amount": 65.9200000000000017053025658242404460906982421875
    }
}
08-18-2022 @ 21:25:47 - [successful_request]: Changing order status to: processing
