07-24-2022 @ 11:56:10 - [process_payment]: Payment via Pix POST: 
07-24-2022 @ 11:56:10 - [Created preference: ]: Preference: {
    "binary_mode": false,
    "external_reference": "WC-13843",
    "notification_url": "https:\/\/www.sekiama.com.br\/wc-api\/WC_WooMercadoPago_Pix_Gateway\/?source_news=webhooks",
    "statement_descriptor": "Sekiama MP",
    "sponsor_id": 208686191,
    "date_of_expiration": "2022-07-24T15:26:10.000+0000",
    "transaction_amount": 210.31000000000000227373675443232059478759765625,
    "description": "Farofa com Muita Cebola x 4, Kit Sekiama x 1",
    "payment_method_id": "pix",
    "payer": {
        "email": "mezacasaesquadrias@gmail.com",
        "first_name": "marcelo",
        "last_name": "guaragni",
        "address": {
            "zip_code": "95925-000",
            "street_name": "coronel mello",
            "street_number": "",
            "neighborhood": "",
            "city": "progresso",
            "federal_unit": "RS"
        }
    },
    "additional_info": {
        "items": [
            {
                "id": 195,
                "title": "Farofa com Muita Cebola x 4",
                "description": "Por-ser-incrivelmente-saborosa-a-Farofa-com-muita-cebola-crocante-e-a-campea-de-vendas-conquistando-todos-os-paladares.-Nesta-nobre-preparacao-a-farinha-de-mandioca-absorve-o-incrivel-sabor-da-cebola-fresca-resultando-em",
                "picture_url": "https:\/\/www.sekiama.com.br\/wp-content\/uploads\/2021\/11\/cebola-frente-1.png",
                "category_id": "others",
                "quantity": 1,
                "unit_price": 68.7999999999999971578290569595992565155029296875
            },
            {
                "id": 209,
                "title": "Kit Sekiama x 1",
                "description": "Nao-sabe-qual-farofa-escolher-Quer-presentear-alguem-que-ama-farofa-Este-e-o-Kit-ideal.-Neste-kit-contem-as-farofas-strongDoce-Com-Muita-Cebola-Com-Muitas-Sementes-Faropop-Churrasco-com-Manteiga-e-Com-Muitas-Semen",
                "picture_url": "https:\/\/www.sekiama.com.br\/wp-content\/uploads\/2021\/11\/kit-sekiama-1.png",
                "category_id": "others",
                "quantity": 1,
                "unit_price": 95
            },
            {
                "title": "PAC (Entrega em 10 dias úteis)",
                "description": "Serviço de envio usado pela loja.",
                "category_id": "others",
                "quantity": 1,
                "unit_price": 46.50999999999999801048033987171947956085205078125
            }
        ],
        "payer": {
            "first_name": "marcelo",
            "last_name": "guaragni",
            "phone": {
                "number": "(51) 99145-9183"
            },
            "address": {
                "zip_code": "95925-000",
                "street_name": "coronel mello \/ progresso RS BR"
            }
        },
        "shipments": {
            "receiver_address": {
                "zip_code": "95925-000",
                "street_name": "coronel mello  progresso RS BR",
                "apartment": "",
                "city_name": "progresso",
                "state_name": "RS"
            }
        }
    },
    "metadata": {
        "platform": "bo2hnr2ic4p001kbgpt0",
        "platform_version": "6.7.0",
        "module_version": "6.0.2",
        "site_id": "mlb",
        "sponsor_id": 208686191,
        "collector": "163745094",
        "test_mode": false,
        "details": "",
        "basic_settings": {
            "enabled": "no",
            "currency_conversion": "no",
            "installments": "1",
            "method": "redirect",
            "auto_return": "yes",
            "binary_mode": "no",
            "ex_payments_master": "yes",
            "ex_payments_hipercard": "yes",
            "ex_payments_amex": "yes",
            "ex_payments_elo": "yes",
            "ex_payments_visa": "yes",
            "ex_payments_debvisa": "yes",
            "ex_payments_debelo": "yes",
            "ex_payments_pec": "yes",
            "ex_payments_bolbradesco": "yes",
            "gateway_discount_checkbox": "no",
            "commission_checkbox": "no",
            "checkbox_checkout_test_mode": "yes",
            "checkout_credential_prod": "deprecated"
        },
        "custom_settings": {
            "enabled": "yes",
            "currency_conversion": "no",
            "wallet_button": "yes",
            "coupon_mode": "no",
            "binary_mode": "no",
            "gateway_discount_checkbox": "no",
            "commission_checkbox": "no",
            "checkbox_checkout_test_mode": "yes",
            "checkout_credential_prod": "deprecated"
        },
        "ticket_settings": [],
        "pix_settings": {
            "enabled": "yes"
        },
        "seller_website": "https:\/\/www.sekiama.com.br",
        "billing_address": {
            "zip_code": "95925-000",
            "street_name": "coronel mello",
            "city_name": "progresso",
            "state_name": "RS",
            "country_name": "BR"
        },
        "user": {
            "registered_user": "no",
            "user_email": null,
            "user_registration_date": null
        },
        "checkout": "custom",
        "checkout_type": "pix"
    }
}
07-24-2022 @ 11:56:11 - [create_preference]: Created Preference: {
    "status": 201,
    "response": {
        "id": 24274706718,
        "date_created": "2022-07-24T10:56:10.224-04:00",
        "date_approved": null,
        "date_last_updated": "2022-07-24T10:56:10.224-04:00",
        "date_of_expiration": "2022-07-24T11:26:10.000-04:00",
        "money_release_date": null,
        "money_release_status": null,
        "operation_type": "regular_payment",
        "issuer_id": null,
        "payment_method_id": "pix",
        "payment_type_id": "bank_transfer",
        "status": "pending",
        "status_detail": "pending_waiting_transfer",
        "currency_id": "BRL",
        "description": "Farofa com Muita Cebola x 4, Kit Sekiama x 1",
        "live_mode": true,
        "sponsor_id": 208686191,
        "authorization_code": null,
        "money_release_schema": null,
        "taxes_amount": 0,
        "counter_currency": null,
        "brand_id": null,
        "shipping_amount": 0,
        "build_version": "2.104.3",
        "pos_id": null,
        "store_id": null,
        "integrator_id": null,
        "platform_id": "bo2hnr2ic4p001kbgpt0",
        "corporation_id": null,
        "collector_id": 163745094,
        "payer": {
            "type": null,
            "id": "13567832",
            "operator_id": null,
            "email": null,
            "identification": {
                "type": null,
                "number": null
            },
            "phone": {
                "area_code": null,
                "number": null,
                "extension": null
            },
            "first_name": null,
            "last_name": null,
            "entity_type": null
        },
        "marketplace_owner": null,
        "metadata": {
            "basic_settings": {
                "ex_payments_debelo": "yes",
                "checkout_credential_prod": "deprecated",
                "checkbox_checkout_test_mode": "yes",
                "method": "redirect",
                "ex_payments_amex": "yes",
                "gateway_discount_checkbox": "no",
                "enabled": "no",
                "ex_payments_master": "yes",
                "ex_payments_visa": "yes",
                "ex_payments_pec": "yes",
                "ex_payments_bolbradesco": "yes",
                "commission_checkbox": "no",
                "currency_conversion": "no",
                "installments": "1",
                "binary_mode": "no",
                "ex_payments_debvisa": "yes",
                "ex_payments_elo": "yes",
                "auto_return": "yes",
                "ex_payments_hipercard": "yes"
            },
            "checkout_type": "pix",
            "seller_website": "https:\/\/www.sekiama.com.br",
            "billing_address": {
                "city_name": "progresso",
                "state_name": "RS",
                "country_name": "BR",
                "zip_code": "95925-000",
                "street_name": "coronel mello"
            },
            "module_version": "6.0.2",
            "sponsor_id": 208686191,
            "platform": "bo2hnr2ic4p001kbgpt0",
            "collector": "163745094",
            "ticket_settings": [],
            "platform_version": "6.7.0",
            "test_mode": false,
            "site_id": "mlb",
            "custom_settings": {
                "wallet_button": "yes",
                "checkout_credential_prod": "deprecated",
                "commission_checkbox": "no",
                "checkbox_checkout_test_mode": "yes",
                "currency_conversion": "no",
                "binary_mode": "no",
                "coupon_mode": "no",
                "gateway_discount_checkbox": "no",
                "enabled": "yes"
            },
            "pix_settings": {
                "enabled": "yes"
            },
            "details": "",
            "user": {
                "user_email": null,
                "registered_user": "no",
                "user_registration_date": null
            },
            "checkout": "custom"
        },
        "additional_info": {
            "items": [
                {
                    "id": "195",
                    "title": "Farofa com Muita Cebola x 4",
                    "description": "Por-ser-incrivelmente-saborosa-a-Farofa-com-muita-cebola-crocante-e-a-campea-de-vendas-conquistando-todos-os-paladares.-Nesta-nobre-preparacao-a-farinha-de-mandioca-absorve-o-incrivel-sabor-da-cebola-fresca-resultando-em",
                    "picture_url": "https:\/\/www.sekiama.com.br\/wp-content\/uploads\/2021\/11\/cebola-frente-1.png",
                    "category_id": "others",
                    "quantity": "1",
                    "unit_price": "68.8"
                },
                {
                    "id": "209",
                    "title": "Kit Sekiama x 1",
                    "description": "Nao-sabe-qual-farofa-escolher-Quer-presentear-alguem-que-ama-farofa-Este-e-o-Kit-ideal.-Neste-kit-contem-as-farofas-strongDoce-Com-Muita-Cebola-Com-Muitas-Sementes-Faropop-Churrasco-com-Manteiga-e-Com-Muitas-Semen",
                    "picture_url": "https:\/\/www.sekiama.com.br\/wp-content\/uploads\/2021\/11\/kit-sekiama-1.png",
                    "category_id": "others",
                    "quantity": "1",
                    "unit_price": "95"
                },
                {
                    "id": null,
                    "title": "PAC (Entrega em 10 dias úteis)",
                    "description": "Serviço de envio usado pela loja.",
                    "picture_url": null,
                    "category_id": "others",
                    "quantity": "1",
                    "unit_price": "46.51"
                }
            ],
            "payer": {
                "phone": {
                    "number": "(51) 99145-9183"
                },
                "address": {
                    "zip_code": "95925-000",
                    "street_name": "coronel mello \/ progresso RS BR"
                },
                "first_name": "marcelo",
                "last_name": "guaragni"
            },
            "shipments": {
                "receiver_address": {
                    "zip_code": "95925-000",
                    "state_name": "RS",
                    "city_name": "progresso",
                    "street_name": "coronel mello  progresso RS BR"
                }
            },
            "available_balance": null,
            "nsu_processadora": null,
            "authentication_code": null
        },
        "order": [],
        "external_reference": "WC-13843",
        "transaction_amount": 210.31000000000000227373675443232059478759765625,
        "transaction_amount_refunded": 0,
        "coupon_amount": 0,
        "differential_pricing_id": null,
        "deduction_schema": null,
        "callback_url": null,
        "installments": 1,
        "transaction_details": {
            "payment_method_reference_id": null,
            "net_received_amount": 0,
            "total_paid_amount": 210.31000000000000227373675443232059478759765625,
            "overpaid_amount": 0,
            "external_resource_url": null,
            "installment_amount": 0,
            "financial_institution": null,
            "payable_deferral_period": null,
            "acquirer_reference": null,
            "bank_transfer_id": null,
            "transaction_id": null
        },
        "fee_details": [],
        "charges_details": [],
        "captured": true,
        "binary_mode": false,
        "call_for_authorize_id": null,
        "statement_descriptor": null,
        "card": [],
        "notification_url": "https:\/\/www.sekiama.com.br\/wc-api\/WC_WooMercadoPago_Pix_Gateway\/?source_news=webhooks",
        "refunds": [],
        "processing_mode": "aggregator",
        "merchant_account_id": null,
        "merchant_number": null,
        "acquirer_reconciliation": [],
        "point_of_interaction": {
            "type": "OPENPLATFORM",
            "business_info": {
                "unit": "online_payments",
                "sub_unit": "woocommerce"
            },
            "location": {
                "state_id": null,
                "source": null
            },
            "application_data": {
                "name": null,
                "version": null
            },
            "transaction_data": {
                "qr_code": "00020126580014br.gov.bcb.pix01365c772f2f-4a19-4c09-91f1-461d82801da05204000053039865406210.315802BR5913THIAGOERMINIO6008So Paulo62240520mpqrinter2427470671863043FA0",
                "bank_transfer_id": null,
                "transaction_id": null,
                "financial_institution": null,
                "ticket_url": "https:\/\/www.mercadopago.com.br\/payments\/24274706718\/ticket?caller_id=13567832&hash=f739ca4c-c0ef-4d54-bffe-0ce17471372b",
                "bank_info": {
                    "payer": {
                        "account_id": null,
                        "id": null,
                        "long_name": null,
                        "external_account_id": null
                    },
                    "collector": {
                        "account_id": null,
                        "long_name": null,
                        "account_holder_name": "Thiago Erminio Victor",
                        "transfer_account_id": null
                    },
                    "is_same_bank_account_owner": null,
                    "origin_bank_id": null,
                    "origin_wallet_id": null
                },
                "qr_code_base64": "iVBORw0KGgoAAAANSUhEUgAABWQAAAVkAQAAAAB79iscAAAIy0lEQVR42u3dQW7kNhAFUN1A97+lbqBggkkssX5RnckgiKnXC6PdblFP3n1Usbid3+h1bLS0tLS0tLS0tLS0tLS0tLS0tLS0tLS0tLS0tLS0tLS0tLS0tLS0tLS0tLS0tLS0tLS0tLS0v1+7ja\/9x2f7zz\/8+O742c8\/DAv89ZU\/ryg\/zrzodfnKoKWlpaWlpaWlpaWlfYl2v0a26yLbdaW\/L23wx\/3Ryh3j8w3rZRUtLS0tLS0tLS0tLe0LtCUJntfA94W\/vitr9mFxWKq9b2LQ0tLS0tLS0tLS0tK+U3uUAJny5FCmK+FzvwfIL+iwKC0tLS0tLS0tLS0tLe1DmrsV54qsadtMrZfDu\/TPoKWlpaWlpaWlpaWlfaM245sAea3V3Toxc0Sc1Q2vn\/1yjygtLS0tLS0tLS0tLe1317ZTSv7bH\/92pgotLS0tLS0tLS0tLe031c5fJTHWPXAlIs7z5NYV+9oXLS0tLS0tLS0tLS3t6traPpniZbliKN0NX07b5PZyy+vztcU+WlpaWlpaWlpaWlratbXXXJeOSJtNKckdm2mayXn\/7PbgKZp2KZKWlpaWlpaWlpaWlnZZ7Vn6INsD1NIV5QmOe\/vk8XRAQKkq7rS0tLS0tLS0tLS0tC\/RDgW2FPPSxrWULIeGy3ntr2hrKqWlpaWlpaWlpaWlpX2P9nqLPZTfmqbJPGRkvxf7mu1v5VlSFqWlpaWlpaWlpaWlpX2F9ggTG5O27nKbDOVPIym3sAeuFgUfUiQtLS0tLS0tLS0tLe162vPDgl0aEtk0UqZ2zKGWmCJnl1lpaWlpaWlpaWlpaWlX1j7Jhn1sQ9Y7Qljc7+dcb2E4ZT1BO0+epKWlpaWlpaWlpaWlfYE2TRAp997vs\/dT1e5xjuRQFGxnnYQESktLS0tLS0tLS0tLu7I2tzu2nZj1e5OjsOv4yZJeP5goSUtLS0tLS0tLS0tLu7p2C1P9a\/Qrx6YduWqXw2IdFzlsjssnY9PS0tLS0tLS0tLS0r5FW+6YVtrDLc5wDFtzilpuvTzCLrynHlFaWlpaWlpaWlpaWtqltO0YyNRc2e6fy3NI2kB6fj4OhZaWlpaWlpaWlpaWdnXtU5Vtu88mGep320O\/ZEybwzNn40lLS0tLS0tLS0tLS\/sa7XDv\/aniV2aTNLP88ynYZ46r1+eb1iJpaWlpaWlpaWlpaWlX06Y4WB6jVvfa1stc4hvOzT7uvGZRWlpaWlpaWlpaWlral2jrVeXXW8IrN0tDIo9JUTD1brZlP1paWlpaWlpaWlpa2vW1TYpsx0WW4lw6xHorW+yGrXMpcqYqIC0tLS0tLS0tLS0t7fra817EGxZpH6PZ\/jbZSXeWEl9aORzwRktLS0tLS0tLS0tLu7L2esHRnUu9hyrg\/jDysS\/75VpiM8SSlpaWlpaWlpaWlpZ2dW0q8eVRjvPOyXpteqBUziuvnZaWlpaWlpaWlpaW9k3aFBbbM63bNdNmttJmmRLjcN80apKWlpaWlpaWlpaWlnZ1ba3QlYWTto6aTA+ZD1C79WQ+RU5aWlpaWlpaWlpaWtq1tbmHcpsY56unx0hFvIHcJlpaWlpaWlpaWlpaWtr1tcckIqaFs3v2LIP7045NWlpaWlpaWlpaWlraV2i\/rsoD\/fdJNa7U6rYwliTV\/uq\/avIZLS0tLS0tLS0tLS3t2toU6dqD1tIcyasnb2bbypfbBJp30tHS0tLS0tLS0tLS0q6svV4wHxd5TPe27SEJHtP9bim9pvVoaWlpaWlpaWlpaWnX1ubBkXve4Jai31DOS92UaVzkZKr\/9rAbjpaWlpaWlpaWlpaWdjFtrcENKw374tptcuXatjHzfN4rR0tLS0tLS0tLS0tL+xZtuirfe2ipHIJh6smcHXGd\/\/CUImlpaWlpaWlpaWlpadfTlpsNB6ht13PXCmD+VLMrJgNKplNKaGlpaWlpaWlpaWlpl9SmE6\/THrjSnbkFVJMsU5tlvsdGS0tLS0tLS0tLS0v7Jm25tL4SIF9xlCw6\/KFsjju78ElLS0tLS0tLS0tLS\/sW7TW5Nc2VqUyXFWdOlv\/o6R\/O7KalpaWlpaWlpaWlpV1N255QXToxE7keuTYsmrbElbA4KyPS0tLS0tLS0tLS0tK+R1t6HtPxaik2zjbCXT23d\/lsgO2zU7BpaWlpaWlpaWlpaWkX0uYQuIVJkTU7zrfOtQ2XxXOWK6Zdl7S0tLS0tLS0tLS0tEtph8bHIdK1g0fSGMiET6GyPTI7\/edoaWlpaWlpaWlpaWlX105udpYhkSlFlo7ND753lPbOdF9aWlpaWlpaWlpaWtqXaFMhrumrvN57K0P5h4x5TaDzexxlQAktLS0tLS0tLS0tLe17tPnSoUJXC3bXil99N\/RutkNQ2oME+q5LWlpaWlpaWlpaWlra1bRDMCxB7niKksMVKUpOznGrYyVL+KSlpaWlpaWlpaWlpV1bWza4fToGcvj16CJi08BZ3PsnXZe0tLS0tLS0tLS0tLTLareyca3cLE2P3EsSLKGyGRzZjkP5JEXS0tLS0tLS0tLS0tIupG2Lbu3+tLTLLZ9ffV7bMUvX5dCseZav0NLS0tLS0tLS0tLSvkLbhsByfdtw2bRZPg0jaTo2P6zu0dLS0tLS0tLS0tLSrqOtcXC441V7lI1rJQk270rd8PylFElLS0tLS0tLS0tLS7ukth1QMqTIITsOT5CTZXrwecfmtEeUlpaWlpaWlpaWlpb2Ndou0o1b4srIx\/RrOUAtZscPq3u0tLS0tLS0tLS0tLQv0G7dOWlHt6Pt9po82lkGlKTyIC0tLS0tLS0tLS0t7cu0Bd9uTbv1XyZyOgzgaYvdUEY8aWlpaWlpaWlpaWlp36WtjY+TYHgG99ntgUsdm1su9hULLS0tLS0tLS0tLS3tW7T\/\/xctLS0tLS0tLS0tLS0tLS0tLS0tLS0tLS0tLS0tLS0tLS0tLS0tLS0tLS0tLS0tLS0tLS0t7W\/T\/gH8f7Blp260tAAAAABJRU5ErkJggg=="
            }
        }
    }
}
07-24-2022 @ 11:56:11 - [create_preference]: payment link generated with success from mercado pago, with structure as follow: {
    "status": 201,
    "response": {
        "id": 24274706718,
        "date_created": "2022-07-24T10:56:10.224-04:00",
        "date_approved": null,
        "date_last_updated": "2022-07-24T10:56:10.224-04:00",
        "date_of_expiration": "2022-07-24T11:26:10.000-04:00",
        "money_release_date": null,
        "money_release_status": null,
        "operation_type": "regular_payment",
        "issuer_id": null,
        "payment_method_id": "pix",
        "payment_type_id": "bank_transfer",
        "status": "pending",
        "status_detail": "pending_waiting_transfer",
        "currency_id": "BRL",
        "description": "Farofa com Muita Cebola x 4, Kit Sekiama x 1",
        "live_mode": true,
        "sponsor_id": 208686191,
        "authorization_code": null,
        "money_release_schema": null,
        "taxes_amount": 0,
        "counter_currency": null,
        "brand_id": null,
        "shipping_amount": 0,
        "build_version": "2.104.3",
        "pos_id": null,
        "store_id": null,
        "integrator_id": null,
        "platform_id": "bo2hnr2ic4p001kbgpt0",
        "corporation_id": null,
        "collector_id": 163745094,
        "payer": {
            "type": null,
            "id": "13567832",
            "operator_id": null,
            "email": null,
            "identification": {
                "type": null,
                "number": null
            },
            "phone": {
                "area_code": null,
                "number": null,
                "extension": null
            },
            "first_name": null,
            "last_name": null,
            "entity_type": null
        },
        "marketplace_owner": null,
        "metadata": {
            "basic_settings": {
                "ex_payments_debelo": "yes",
                "checkout_credential_prod": "deprecated",
                "checkbox_checkout_test_mode": "yes",
                "method": "redirect",
                "ex_payments_amex": "yes",
                "gateway_discount_checkbox": "no",
                "enabled": "no",
                "ex_payments_master": "yes",
                "ex_payments_visa": "yes",
                "ex_payments_pec": "yes",
                "ex_payments_bolbradesco": "yes",
                "commission_checkbox": "no",
                "currency_conversion": "no",
                "installments": "1",
                "binary_mode": "no",
                "ex_payments_debvisa": "yes",
                "ex_payments_elo": "yes",
                "auto_return": "yes",
                "ex_payments_hipercard": "yes"
            },
            "checkout_type": "pix",
            "seller_website": "https:\/\/www.sekiama.com.br",
            "billing_address": {
                "city_name": "progresso",
                "state_name": "RS",
                "country_name": "BR",
                "zip_code": "95925-000",
                "street_name": "coronel mello"
            },
            "module_version": "6.0.2",
            "sponsor_id": 208686191,
            "platform": "bo2hnr2ic4p001kbgpt0",
            "collector": "163745094",
            "ticket_settings": [],
            "platform_version": "6.7.0",
            "test_mode": false,
            "site_id": "mlb",
            "custom_settings": {
                "wallet_button": "yes",
                "checkout_credential_prod": "deprecated",
                "commission_checkbox": "no",
                "checkbox_checkout_test_mode": "yes",
                "currency_conversion": "no",
                "binary_mode": "no",
                "coupon_mode": "no",
                "gateway_discount_checkbox": "no",
                "enabled": "yes"
            },
            "pix_settings": {
                "enabled": "yes"
            },
            "details": "",
            "user": {
                "user_email": null,
                "registered_user": "no",
                "user_registration_date": null
            },
            "checkout": "custom"
        },
        "additional_info": {
            "items": [
                {
                    "id": "195",
                    "title": "Farofa com Muita Cebola x 4",
                    "description": "Por-ser-incrivelmente-saborosa-a-Farofa-com-muita-cebola-crocante-e-a-campea-de-vendas-conquistando-todos-os-paladares.-Nesta-nobre-preparacao-a-farinha-de-mandioca-absorve-o-incrivel-sabor-da-cebola-fresca-resultando-em",
                    "picture_url": "https:\/\/www.sekiama.com.br\/wp-content\/uploads\/2021\/11\/cebola-frente-1.png",
                    "category_id": "others",
                    "quantity": "1",
                    "unit_price": "68.8"
                },
                {
                    "id": "209",
                    "title": "Kit Sekiama x 1",
                    "description": "Nao-sabe-qual-farofa-escolher-Quer-presentear-alguem-que-ama-farofa-Este-e-o-Kit-ideal.-Neste-kit-contem-as-farofas-strongDoce-Com-Muita-Cebola-Com-Muitas-Sementes-Faropop-Churrasco-com-Manteiga-e-Com-Muitas-Semen",
                    "picture_url": "https:\/\/www.sekiama.com.br\/wp-content\/uploads\/2021\/11\/kit-sekiama-1.png",
                    "category_id": "others",
                    "quantity": "1",
                    "unit_price": "95"
                },
                {
                    "id": null,
                    "title": "PAC (Entrega em 10 dias úteis)",
                    "description": "Serviço de envio usado pela loja.",
                    "picture_url": null,
                    "category_id": "others",
                    "quantity": "1",
                    "unit_price": "46.51"
                }
            ],
            "payer": {
                "phone": {
                    "number": "(51) 99145-9183"
                },
                "address": {
                    "zip_code": "95925-000",
                    "street_name": "coronel mello \/ progresso RS BR"
                },
                "first_name": "marcelo",
                "last_name": "guaragni"
            },
            "shipments": {
                "receiver_address": {
                    "zip_code": "95925-000",
                    "state_name": "RS",
                    "city_name": "progresso",
                    "street_name": "coronel mello  progresso RS BR"
                }
            },
            "available_balance": null,
            "nsu_processadora": null,
            "authentication_code": null
        },
        "order": [],
        "external_reference": "WC-13843",
        "transaction_amount": 210.31000000000000227373675443232059478759765625,
        "transaction_amount_refunded": 0,
        "coupon_amount": 0,
        "differential_pricing_id": null,
        "deduction_schema": null,
        "callback_url": null,
        "installments": 1,
        "transaction_details": {
            "payment_method_reference_id": null,
            "net_received_amount": 0,
            "total_paid_amount": 210.31000000000000227373675443232059478759765625,
            "overpaid_amount": 0,
            "external_resource_url": null,
            "installment_amount": 0,
            "financial_institution": null,
            "payable_deferral_period": null,
            "acquirer_reference": null,
            "bank_transfer_id": null,
            "transaction_id": null
        },
        "fee_details": [],
        "charges_details": [],
        "captured": true,
        "binary_mode": false,
        "call_for_authorize_id": null,
        "statement_descriptor": null,
        "card": [],
        "notification_url": "https:\/\/www.sekiama.com.br\/wc-api\/WC_WooMercadoPago_Pix_Gateway\/?source_news=webhooks",
        "refunds": [],
        "processing_mode": "aggregator",
        "merchant_account_id": null,
        "merchant_number": null,
        "acquirer_reconciliation": [],
        "point_of_interaction": {
            "type": "OPENPLATFORM",
            "business_info": {
                "unit": "online_payments",
                "sub_unit": "woocommerce"
            },
            "location": {
                "state_id": null,
                "source": null
            },
            "application_data": {
                "name": null,
                "version": null
            },
            "transaction_data": {
                "qr_code": "00020126580014br.gov.bcb.pix01365c772f2f-4a19-4c09-91f1-461d82801da05204000053039865406210.315802BR5913THIAGOERMINIO6008So Paulo62240520mpqrinter2427470671863043FA0",
                "bank_transfer_id": null,
                "transaction_id": null,
                "financial_institution": null,
                "ticket_url": "https:\/\/www.mercadopago.com.br\/payments\/24274706718\/ticket?caller_id=13567832&hash=f739ca4c-c0ef-4d54-bffe-0ce17471372b",
                "bank_info": {
                    "payer": {
                        "account_id": null,
                        "id": null,
                        "long_name": null,
                        "external_account_id": null
                    },
                    "collector": {
                        "account_id": null,
                        "long_name": null,
                        "account_holder_name": "Thiago Erminio Victor",
                        "transfer_account_id": null
                    },
                    "is_same_bank_account_owner": null,
                    "origin_bank_id": null,
                    "origin_wallet_id": null
                },
                "qr_code_base64": "iVBORw0KGgoAAAANSUhEUgAABWQAAAVkAQAAAAB79iscAAAIy0lEQVR42u3dQW7kNhAFUN1A97+lbqBggkkssX5RnckgiKnXC6PdblFP3n1Usbid3+h1bLS0tLS0tLS0tLS0tLS0tLS0tLS0tLS0tLS0tLS0tLS0tLS0tLS0tLS0tLS0tLS0tLS0tLS0v1+7ja\/9x2f7zz\/8+O742c8\/DAv89ZU\/ryg\/zrzodfnKoKWlpaWlpaWlpaWlfYl2v0a26yLbdaW\/L23wx\/3Ryh3j8w3rZRUtLS0tLS0tLS0tLe0LtCUJntfA94W\/vitr9mFxWKq9b2LQ0tLS0tLS0tLS0tK+U3uUAJny5FCmK+FzvwfIL+iwKC0tLS0tLS0tLS0tLe1DmrsV54qsadtMrZfDu\/TPoKWlpaWlpaWlpaWlfaM245sAea3V3Toxc0Sc1Q2vn\/1yjygtLS0tLS0tLS0tLe1317ZTSv7bH\/92pgotLS0tLS0tLS0tLe031c5fJTHWPXAlIs7z5NYV+9oXLS0tLS0tLS0tLS3t6traPpniZbliKN0NX07b5PZyy+vztcU+WlpaWlpaWlpaWlratbXXXJeOSJtNKckdm2mayXn\/7PbgKZp2KZKWlpaWlpaWlpaWlnZZ7Vn6INsD1NIV5QmOe\/vk8XRAQKkq7rS0tLS0tLS0tLS0tC\/RDgW2FPPSxrWULIeGy3ntr2hrKqWlpaWlpaWlpaWlpX2P9nqLPZTfmqbJPGRkvxf7mu1v5VlSFqWlpaWlpaWlpaWlpX2F9ggTG5O27nKbDOVPIym3sAeuFgUfUiQtLS0tLS0tLS0tLe162vPDgl0aEtk0UqZ2zKGWmCJnl1lpaWlpaWlpaWlpaWlX1j7Jhn1sQ9Y7Qljc7+dcb2E4ZT1BO0+epKWlpaWlpaWlpaWlfYE2TRAp997vs\/dT1e5xjuRQFGxnnYQESktLS0tLS0tLS0tLu7I2tzu2nZj1e5OjsOv4yZJeP5goSUtLS0tLS0tLS0tLu7p2C1P9a\/Qrx6YduWqXw2IdFzlsjssnY9PS0tLS0tLS0tLS0r5FW+6YVtrDLc5wDFtzilpuvTzCLrynHlFaWlpaWlpaWlpaWtqltO0YyNRc2e6fy3NI2kB6fj4OhZaWlpaWlpaWlpaWdnXtU5Vtu88mGep320O\/ZEybwzNn40lLS0tLS0tLS0tLS\/sa7XDv\/aniV2aTNLP88ynYZ46r1+eb1iJpaWlpaWlpaWlpaWlX06Y4WB6jVvfa1stc4hvOzT7uvGZRWlpaWlpaWlpaWlral2jrVeXXW8IrN0tDIo9JUTD1brZlP1paWlpaWlpaWlpa2vW1TYpsx0WW4lw6xHorW+yGrXMpcqYqIC0tLS0tLS0tLS0t7fra817EGxZpH6PZ\/jbZSXeWEl9aORzwRktLS0tLS0tLS0tLu7L2esHRnUu9hyrg\/jDysS\/75VpiM8SSlpaWlpaWlpaWlpZ2dW0q8eVRjvPOyXpteqBUziuvnZaWlpaWlpaWlpaW9k3aFBbbM63bNdNmttJmmRLjcN80apKWlpaWlpaWlpaWlnZ1ba3QlYWTto6aTA+ZD1C79WQ+RU5aWlpaWlpaWlpaWtq1tbmHcpsY56unx0hFvIHcJlpaWlpaWlpaWlpaWtr1tcckIqaFs3v2LIP7045NWlpaWlpaWlpaWlraV2i\/rsoD\/fdJNa7U6rYwliTV\/uq\/avIZLS0tLS0tLS0tLS3t2toU6dqD1tIcyasnb2bbypfbBJp30tHS0tLS0tLS0tLS0q6svV4wHxd5TPe27SEJHtP9bim9pvVoaWlpaWlpaWlpaWnX1ubBkXve4Jai31DOS92UaVzkZKr\/9rAbjpaWlpaWlpaWlpaWdjFtrcENKw374tptcuXatjHzfN4rR0tLS0tLS0tLS0tL+xZtuirfe2ipHIJh6smcHXGd\/\/CUImlpaWlpaWlpaWlpadfTlpsNB6ht13PXCmD+VLMrJgNKplNKaGlpaWlpaWlpaWlpl9SmE6\/THrjSnbkFVJMsU5tlvsdGS0tLS0tLS0tLS0v7Jm25tL4SIF9xlCw6\/KFsjju78ElLS0tLS0tLS0tLS\/sW7TW5Nc2VqUyXFWdOlv\/o6R\/O7KalpaWlpaWlpaWlpV1N255QXToxE7keuTYsmrbElbA4KyPS0tLS0tLS0tLS0tK+R1t6HtPxaik2zjbCXT23d\/lsgO2zU7BpaWlpaWlpaWlpaWkX0uYQuIVJkTU7zrfOtQ2XxXOWK6Zdl7S0tLS0tLS0tLS0tEtph8bHIdK1g0fSGMiET6GyPTI7\/edoaWlpaWlpaWlpaWlX105udpYhkSlFlo7ND753lPbOdF9aWlpaWlpaWlpaWtqXaFMhrumrvN57K0P5h4x5TaDzexxlQAktLS0tLS0tLS0tLe17tPnSoUJXC3bXil99N\/RutkNQ2oME+q5LWlpaWlpaWlpaWlra1bRDMCxB7niKksMVKUpOznGrYyVL+KSlpaWlpaWlpaWlpV1bWza4fToGcvj16CJi08BZ3PsnXZe0tLS0tLS0tLS0tLTLareyca3cLE2P3EsSLKGyGRzZjkP5JEXS0tLS0tLS0tLS0tIupG2Lbu3+tLTLLZ9ffV7bMUvX5dCseZav0NLS0tLS0tLS0tLSvkLbhsByfdtw2bRZPg0jaTo2P6zu0dLS0tLS0tLS0tLSrqOtcXC441V7lI1rJQk270rd8PylFElLS0tLS0tLS0tLS7ukth1QMqTIITsOT5CTZXrwecfmtEeUlpaWlpaWlpaWlpb2Ndou0o1b4srIx\/RrOUAtZscPq3u0tLS0tLS0tLS0tLQv0G7dOWlHt6Pt9po82lkGlKTyIC0tLS0tLS0tLS0t7cu0Bd9uTbv1XyZyOgzgaYvdUEY8aWlpaWlpaWlpaWlp36WtjY+TYHgG99ntgUsdm1su9hULLS0tLS0tLS0tLS3tW7T\/\/xctLS0tLS0tLS0tLS0tLS0tLS0tLS0tLS0tLS0tLS0tLS0tLS0tLS0tLS0tLS0tLS0tLS0t7W\/T\/gH8f7Blp260tAAAAABJRU5ErkJggg=="
            }
        }
    }
}
07-24-2022 @ 11:56:11 - [check_ipn_response]: received _get content: {
    "data_id": "24274706718",
    "source_news": "webhooks",
    "type": "payment"
}
07-24-2022 @ 11:56:11 - [successful_request]: starting to process  update...
07-24-2022 @ 11:56:11 - [successful_request]: updating metadata and status with data: {
    "acquirer_reconciliation": [],
    "additional_info": {
        "authentication_code": null,
        "available_balance": null,
        "items": [
            {
                "category_id": "others",
                "description": "Por-ser-incrivelmente-saborosa-a-Farofa-com-muita-cebola-crocante-e-a-campea-de-vendas-conquistando-todos-os-paladares.-Nesta-nobre-preparacao-a-farinha-de-mandioca-absorve-o-incrivel-sabor-da-cebola-fresca-resultando-em",
                "id": "195",
                "picture_url": "https:\/\/www.sekiama.com.br\/wp-content\/uploads\/2021\/11\/cebola-frente-1.png",
                "quantity": "1",
                "title": "Farofa com Muita Cebola x 4",
                "unit_price": "68.8"
            },
            {
                "category_id": "others",
                "description": "Nao-sabe-qual-farofa-escolher-Quer-presentear-alguem-que-ama-farofa-Este-e-o-Kit-ideal.-Neste-kit-contem-as-farofas-strongDoce-Com-Muita-Cebola-Com-Muitas-Sementes-Faropop-Churrasco-com-Manteiga-e-Com-Muitas-Semen",
                "id": "209",
                "picture_url": "https:\/\/www.sekiama.com.br\/wp-content\/uploads\/2021\/11\/kit-sekiama-1.png",
                "quantity": "1",
                "title": "Kit Sekiama x 1",
                "unit_price": "95"
            },
            {
                "category_id": "others",
                "description": "Serviço de envio usado pela loja.",
                "id": null,
                "picture_url": null,
                "quantity": "1",
                "title": "PAC (Entrega em 10 dias úteis)",
                "unit_price": "46.51"
            }
        ],
        "nsu_processadora": null,
        "payer": {
            "address": {
                "street_name": "coronel mello \/ progresso RS BR",
                "zip_code": "95925-000"
            },
            "first_name": "marcelo",
            "last_name": "guaragni",
            "phone": {
                "number": "(51) 99145-9183"
            }
        },
        "shipments": {
            "receiver_address": {
                "city_name": "progresso",
                "state_name": "RS",
                "street_name": "coronel mello  progresso RS BR",
                "zip_code": "95925-000"
            }
        }
    },
    "authorization_code": null,
    "binary_mode": false,
    "brand_id": null,
    "build_version": "2.104.3",
    "call_for_authorize_id": null,
    "callback_url": null,
    "captured": true,
    "card": [],
    "charges_details": [],
    "collector_id": 163745094,
    "corporation_id": null,
    "counter_currency": null,
    "coupon_amount": 0,
    "currency_id": "BRL",
    "date_approved": null,
    "date_created": "2022-07-24T10:56:10.000-04:00",
    "date_last_updated": "2022-07-24T10:56:10.000-04:00",
    "date_of_expiration": "2022-07-24T11:26:10.000-04:00",
    "deduction_schema": null,
    "description": "Farofa com Muita Cebola x 4, Kit Sekiama x 1",
    "differential_pricing_id": null,
    "external_reference": "WC-13843",
    "fee_details": [],
    "id": 24274706718,
    "installments": 1,
    "integrator_id": null,
    "issuer_id": null,
    "live_mode": true,
    "marketplace_owner": null,
    "merchant_account_id": null,
    "merchant_number": null,
    "metadata": {
        "basic_settings": {
            "ex_payments_debelo": "yes",
            "checkout_credential_prod": "deprecated",
            "checkbox_checkout_test_mode": "yes",
            "method": "redirect",
            "ex_payments_amex": "yes",
            "gateway_discount_checkbox": "no",
            "enabled": "no",
            "ex_payments_master": "yes",
            "ex_payments_pec": "yes",
            "ex_payments_visa": "yes",
            "ex_payments_bolbradesco": "yes",
            "commission_checkbox": "no",
            "binary_mode": "no",
            "currency_conversion": "no",
            "installments": "1",
            "ex_payments_debvisa": "yes",
            "ex_payments_elo": "yes",
            "auto_return": "yes",
            "ex_payments_hipercard": "yes"
        },
        "checkout_type": "pix",
        "seller_website": "https:\/\/www.sekiama.com.br",
        "billing_address": {
            "city_name": "progresso",
            "state_name": "RS",
            "country_name": "BR",
            "street_name": "coronel mello",
            "zip_code": "95925-000"
        },
        "module_version": "6.0.2",
        "sponsor_id": 208686191,
        "collector": "163745094",
        "platform": "bo2hnr2ic4p001kbgpt0",
        "ticket_settings": [],
        "platform_version": "6.7.0",
        "test_mode": false,
        "site_id": "mlb",
        "custom_settings": {
            "checkout_credential_prod": "deprecated",
            "wallet_button": "yes",
            "commission_checkbox": "no",
            "checkbox_checkout_test_mode": "yes",
            "binary_mode": "no",
            "currency_conversion": "no",
            "coupon_mode": "no",
            "gateway_discount_checkbox": "no",
            "enabled": "yes"
        },
        "pix_settings": {
            "enabled": "yes"
        },
        "details": "",
        "checkout": "custom",
        "user": {
            "user_email": null,
            "registered_user": "no",
            "user_registration_date": null
        }
    },
    "money_release_date": null,
    "money_release_schema": null,
    "money_release_status": null,
    "notification_url": "https:\/\/www.sekiama.com.br\/wc-api\/WC_WooMercadoPago_Pix_Gateway\/?source_news=webhooks",
    "operation_type": "regular_payment",
    "order": [],
    "payer": {
        "email": null,
        "entity_type": null,
        "first_name": null,
        "id": "13567832",
        "identification": {
            "number": null,
            "type": null
        },
        "last_name": null,
        "operator_id": null,
        "phone": {
            "area_code": null,
            "extension": null,
            "number": null
        },
        "type": null
    },
    "payment_method_id": "pix",
    "payment_type_id": "bank_transfer",
    "platform_id": "bo2hnr2ic4p001kbgpt0",
    "point_of_interaction": {
        "application_data": {
            "name": null,
            "version": null
        },
        "business_info": {
            "sub_unit": "woocommerce",
            "unit": "online_payments"
        },
        "location": {
            "source": null,
            "state_id": null
        },
        "transaction_data": {
            "bank_info": {
                "collector": {
                    "account_holder_name": "Thiago Erminio Victor",
                    "account_id": null,
                    "long_name": null,
                    "transfer_account_id": null
                },
                "is_same_bank_account_owner": null,
                "origin_bank_id": null,
                "origin_wallet_id": null,
                "payer": {
                    "account_id": null,
                    "external_account_id": null,
                    "id": null,
                    "long_name": null
                }
            },
            "bank_transfer_id": null,
            "financial_institution": null,
            "infringement_notification": {
                "status": null,
                "type": null
            },
            "qr_code": "00020126580014br.gov.bcb.pix01365c772f2f-4a19-4c09-91f1-461d82801da05204000053039865406210.315802BR5913THIAGOERMINIO6008So Paulo62240520mpqrinter2427470671863043FA0",
            "qr_code_base64": "iVBORw0KGgoAAAANSUhEUgAABWQAAAVkAQAAAAB79iscAAAIy0lEQVR42u3dQW7kNhAFUN1A97+lbqBggkkssX5RnckgiKnXC6PdblFP3n1Usbid3+h1bLS0tLS0tLS0tLS0tLS0tLS0tLS0tLS0tLS0tLS0tLS0tLS0tLS0tLS0tLS0tLS0tLS0tLS0v1+7ja\/9x2f7zz\/8+O742c8\/DAv89ZU\/ryg\/zrzodfnKoKWlpaWlpaWlpaWlfYl2v0a26yLbdaW\/L23wx\/3Ryh3j8w3rZRUtLS0tLS0tLS0tLe0LtCUJntfA94W\/vitr9mFxWKq9b2LQ0tLS0tLS0tLS0tK+U3uUAJny5FCmK+FzvwfIL+iwKC0tLS0tLS0tLS0tLe1DmrsV54qsadtMrZfDu\/TPoKWlpaWlpaWlpaWlfaM245sAea3V3Toxc0Sc1Q2vn\/1yjygtLS0tLS0tLS0tLe1317ZTSv7bH\/92pgotLS0tLS0tLS0tLe031c5fJTHWPXAlIs7z5NYV+9oXLS0tLS0tLS0tLS3t6traPpniZbliKN0NX07b5PZyy+vztcU+WlpaWlpaWlpaWlratbXXXJeOSJtNKckdm2mayXn\/7PbgKZp2KZKWlpaWlpaWlpaWlnZZ7Vn6INsD1NIV5QmOe\/vk8XRAQKkq7rS0tLS0tLS0tLS0tC\/RDgW2FPPSxrWULIeGy3ntr2hrKqWlpaWlpaWlpaWlpX2P9nqLPZTfmqbJPGRkvxf7mu1v5VlSFqWlpaWlpaWlpaWlpX2F9ggTG5O27nKbDOVPIym3sAeuFgUfUiQtLS0tLS0tLS0tLe162vPDgl0aEtk0UqZ2zKGWmCJnl1lpaWlpaWlpaWlpaWlX1j7Jhn1sQ9Y7Qljc7+dcb2E4ZT1BO0+epKWlpaWlpaWlpaWlfYE2TRAp997vs\/dT1e5xjuRQFGxnnYQESktLS0tLS0tLS0tLu7I2tzu2nZj1e5OjsOv4yZJeP5goSUtLS0tLS0tLS0tLu7p2C1P9a\/Qrx6YduWqXw2IdFzlsjssnY9PS0tLS0tLS0tLS0r5FW+6YVtrDLc5wDFtzilpuvTzCLrynHlFaWlpaWlpaWlpaWtqltO0YyNRc2e6fy3NI2kB6fj4OhZaWlpaWlpaWlpaWdnXtU5Vtu88mGep320O\/ZEybwzNn40lLS0tLS0tLS0tLS\/sa7XDv\/aniV2aTNLP88ynYZ46r1+eb1iJpaWlpaWlpaWlpaWlX06Y4WB6jVvfa1stc4hvOzT7uvGZRWlpaWlpaWlpaWlral2jrVeXXW8IrN0tDIo9JUTD1brZlP1paWlpaWlpaWlpa2vW1TYpsx0WW4lw6xHorW+yGrXMpcqYqIC0tLS0tLS0tLS0t7fra817EGxZpH6PZ\/jbZSXeWEl9aORzwRktLS0tLS0tLS0tLu7L2esHRnUu9hyrg\/jDysS\/75VpiM8SSlpaWlpaWlpaWlpZ2dW0q8eVRjvPOyXpteqBUziuvnZaWlpaWlpaWlpaW9k3aFBbbM63bNdNmttJmmRLjcN80apKWlpaWlpaWlpaWlnZ1ba3QlYWTto6aTA+ZD1C79WQ+RU5aWlpaWlpaWlpaWtq1tbmHcpsY56unx0hFvIHcJlpaWlpaWlpaWlpaWtr1tcckIqaFs3v2LIP7045NWlpaWlpaWlpaWlraV2i\/rsoD\/fdJNa7U6rYwliTV\/uq\/avIZLS0tLS0tLS0tLS3t2toU6dqD1tIcyasnb2bbypfbBJp30tHS0tLS0tLS0tLS0q6svV4wHxd5TPe27SEJHtP9bim9pvVoaWlpaWlpaWlpaWnX1ubBkXve4Jai31DOS92UaVzkZKr\/9rAbjpaWlpaWlpaWlpaWdjFtrcENKw374tptcuXatjHzfN4rR0tLS0tLS0tLS0tL+xZtuirfe2ipHIJh6smcHXGd\/\/CUImlpaWlpaWlpaWlpadfTlpsNB6ht13PXCmD+VLMrJgNKplNKaGlpaWlpaWlpaWlpl9SmE6\/THrjSnbkFVJMsU5tlvsdGS0tLS0tLS0tLS0v7Jm25tL4SIF9xlCw6\/KFsjju78ElLS0tLS0tLS0tLS\/sW7TW5Nc2VqUyXFWdOlv\/o6R\/O7KalpaWlpaWlpaWlpV1N255QXToxE7keuTYsmrbElbA4KyPS0tLS0tLS0tLS0tK+R1t6HtPxaik2zjbCXT23d\/lsgO2zU7BpaWlpaWlpaWlpaWkX0uYQuIVJkTU7zrfOtQ2XxXOWK6Zdl7S0tLS0tLS0tLS0tEtph8bHIdK1g0fSGMiET6GyPTI7\/edoaWlpaWlpaWlpaWlX105udpYhkSlFlo7ND753lPbOdF9aWlpaWlpaWlpaWtqXaFMhrumrvN57K0P5h4x5TaDzexxlQAktLS0tLS0tLS0tLe17tPnSoUJXC3bXil99N\/RutkNQ2oME+q5LWlpaWlpaWlpaWlra1bRDMCxB7niKksMVKUpOznGrYyVL+KSlpaWlpaWlpaWlpV1bWza4fToGcvj16CJi08BZ3PsnXZe0tLS0tLS0tLS0tLTLareyca3cLE2P3EsSLKGyGRzZjkP5JEXS0tLS0tLS0tLS0tIupG2Lbu3+tLTLLZ9ffV7bMUvX5dCseZav0NLS0tLS0tLS0tLSvkLbhsByfdtw2bRZPg0jaTo2P6zu0dLS0tLS0tLS0tLSrqOtcXC441V7lI1rJQk270rd8PylFElLS0tLS0tLS0tLS7ukth1QMqTIITsOT5CTZXrwecfmtEeUlpaWlpaWlpaWlpb2Ndou0o1b4srIx\/RrOUAtZscPq3u0tLS0tLS0tLS0tLQv0G7dOWlHt6Pt9po82lkGlKTyIC0tLS0tLS0tLS0t7cu0Bd9uTbv1XyZyOgzgaYvdUEY8aWlpaWlpaWlpaWlp36WtjY+TYHgG99ntgUsdm1su9hULLS0tLS0tLS0tLS3tW7T\/\/xctLS0tLS0tLS0tLS0tLS0tLS0tLS0tLS0tLS0tLS0tLS0tLS0tLS0tLS0tLS0tLS0tLS0t7W\/T\/gH8f7Blp260tAAAAABJRU5ErkJggg==",
            "ticket_url": "https:\/\/www.mercadopago.com.br\/payments\/24274706718\/ticket?caller_id=13567832&hash=f739ca4c-c0ef-4d54-bffe-0ce17471372b",
            "transaction_id": null
        },
        "type": "OPENPLATFORM"
    },
    "pos_id": null,
    "processing_mode": "aggregator",
    "refunds": [],
    "shipping_amount": 0,
    "sponsor_id": 208686191,
    "statement_descriptor": null,
    "status": "pending",
    "status_detail": "pending_waiting_transfer",
    "store_id": null,
    "taxes_amount": 0,
    "transaction_amount": 210.31000000000000227373675443232059478759765625,
    "transaction_amount_refunded": 0,
    "transaction_details": {
        "acquirer_reference": null,
        "bank_transfer_id": null,
        "external_resource_url": null,
        "financial_institution": null,
        "installment_amount": 0,
        "net_received_amount": 0,
        "overpaid_amount": 0,
        "payable_deferral_period": null,
        "payment_method_reference_id": null,
        "total_paid_amount": 210.31000000000000227373675443232059478759765625,
        "transaction_id": null
    }
}
07-24-2022 @ 11:56:11 - [successful_request]: Changing order status to: pending
07-24-2022 @ 11:56:44 - [check_ipn_response]: received _get content: {
    "data_id": "24274706718",
    "source_news": "webhooks",
    "type": "payment"
}
07-24-2022 @ 11:56:44 - [successful_request]: starting to process  update...
07-24-2022 @ 11:56:44 - [successful_request]: updating metadata and status with data: {
    "acquirer_reconciliation": [],
    "additional_info": {
        "authentication_code": null,
        "available_balance": null,
        "bank_info": {
            "is_same_bank_account_owner": false
        },
        "items": [
            {
                "category_id": "others",
                "description": "Por-ser-incrivelmente-saborosa-a-Farofa-com-muita-cebola-crocante-e-a-campea-de-vendas-conquistando-todos-os-paladares.-Nesta-nobre-preparacao-a-farinha-de-mandioca-absorve-o-incrivel-sabor-da-cebola-fresca-resultando-em",
                "id": "195",
                "picture_url": "https:\/\/www.sekiama.com.br\/wp-content\/uploads\/2021\/11\/cebola-frente-1.png",
                "quantity": "1",
                "title": "Farofa com Muita Cebola x 4",
                "unit_price": "68.8"
            },
            {
                "category_id": "others",
                "description": "Nao-sabe-qual-farofa-escolher-Quer-presentear-alguem-que-ama-farofa-Este-e-o-Kit-ideal.-Neste-kit-contem-as-farofas-strongDoce-Com-Muita-Cebola-Com-Muitas-Sementes-Faropop-Churrasco-com-Manteiga-e-Com-Muitas-Semen",
                "id": "209",
                "picture_url": "https:\/\/www.sekiama.com.br\/wp-content\/uploads\/2021\/11\/kit-sekiama-1.png",
                "quantity": "1",
                "title": "Kit Sekiama x 1",
                "unit_price": "95"
            },
            {
                "category_id": "others",
                "description": "Serviço de envio usado pela loja.",
                "id": null,
                "picture_url": null,
                "quantity": "1",
                "title": "PAC (Entrega em 10 dias úteis)",
                "unit_price": "46.51"
            }
        ],
        "nsu_processadora": null,
        "payer": {
            "address": {
                "street_name": "coronel mello \/ progresso RS BR",
                "zip_code": "95925-000"
            },
            "first_name": "marcelo",
            "last_name": "guaragni",
            "phone": {
                "number": "(51) 99145-9183"
            }
        },
        "shipments": {
            "receiver_address": {
                "city_name": "progresso",
                "state_name": "RS",
                "street_name": "coronel mello  progresso RS BR",
                "zip_code": "95925-000"
            }
        }
    },
    "authorization_code": null,
    "binary_mode": false,
    "brand_id": null,
    "build_version": "2.104.3",
    "call_for_authorize_id": null,
    "callback_url": null,
    "captured": true,
    "card": [],
    "charges_details": [],
    "collector_id": 163745094,
    "corporation_id": null,
    "counter_currency": null,
    "coupon_amount": 0,
    "currency_id": "BRL",
    "date_approved": "2022-07-24T10:56:43.000-04:00",
    "date_created": "2022-07-24T10:56:10.000-04:00",
    "date_last_updated": "2022-07-24T10:56:43.000-04:00",
    "date_of_expiration": "2022-07-24T11:26:10.000-04:00",
    "deduction_schema": null,
    "description": "Farofa com Muita Cebola x 4, Kit Sekiama x 1",
    "differential_pricing_id": null,
    "external_reference": "WC-13843",
    "fee_details": [
        {
            "amount": 2.0800000000000000710542735760100185871124267578125,
            "fee_payer": "collector",
            "type": "mercadopago_fee"
        }
    ],
    "id": 24274706718,
    "installments": 1,
    "integrator_id": null,
    "issuer_id": null,
    "live_mode": true,
    "marketplace_owner": null,
    "merchant_account_id": null,
    "merchant_number": null,
    "metadata": {
        "basic_settings": {
            "ex_payments_debelo": "yes",
            "checkout_credential_prod": "deprecated",
            "checkbox_checkout_test_mode": "yes",
            "method": "redirect",
            "ex_payments_amex": "yes",
            "gateway_discount_checkbox": "no",
            "enabled": "no",
            "ex_payments_master": "yes",
            "ex_payments_pec": "yes",
            "ex_payments_visa": "yes",
            "ex_payments_bolbradesco": "yes",
            "commission_checkbox": "no",
            "binary_mode": "no",
            "currency_conversion": "no",
            "installments": "1",
            "ex_payments_debvisa": "yes",
            "ex_payments_elo": "yes",
            "auto_return": "yes",
            "ex_payments_hipercard": "yes"
        },
        "checkout_type": "pix",
        "seller_website": "https:\/\/www.sekiama.com.br",
        "billing_address": {
            "city_name": "progresso",
            "state_name": "RS",
            "country_name": "BR",
            "street_name": "coronel mello",
            "zip_code": "95925-000"
        },
        "module_version": "6.0.2",
        "sponsor_id": 208686191,
        "collector": "163745094",
        "platform": "bo2hnr2ic4p001kbgpt0",
        "ticket_settings": [],
        "platform_version": "6.7.0",
        "test_mode": false,
        "site_id": "mlb",
        "custom_settings": {
            "checkout_credential_prod": "deprecated",
            "wallet_button": "yes",
            "commission_checkbox": "no",
            "checkbox_checkout_test_mode": "yes",
            "binary_mode": "no",
            "currency_conversion": "no",
            "coupon_mode": "no",
            "gateway_discount_checkbox": "no",
            "enabled": "yes"
        },
        "pix_settings": {
            "enabled": "yes"
        },
        "details": "",
        "checkout": "custom",
        "user": {
            "user_email": null,
            "registered_user": "no",
            "user_registration_date": null
        }
    },
    "money_release_date": "2022-07-24T10:56:43.000-04:00",
    "money_release_schema": null,
    "money_release_status": null,
    "notification_url": "https:\/\/www.sekiama.com.br\/wc-api\/WC_WooMercadoPago_Pix_Gateway\/?source_news=webhooks",
    "operation_type": "regular_payment",
    "order": [],
    "payer": {
        "email": "mezacasaesquadrias@gmail.com",
        "entity_type": null,
        "first_name": null,
        "id": "13567832",
        "identification": {
            "number": null,
            "type": null
        },
        "last_name": null,
        "operator_id": null,
        "phone": {
            "area_code": null,
            "extension": null,
            "number": null
        },
        "type": null
    },
    "payment_method_id": "pix",
    "payment_type_id": "bank_transfer",
    "platform_id": "bo2hnr2ic4p001kbgpt0",
    "point_of_interaction": {
        "application_data": {
            "name": null,
            "version": null
        },
        "business_info": {
            "sub_unit": "woocommerce",
            "unit": "online_payments"
        },
        "location": {
            "source": null,
            "state_id": null
        },
        "sub_type": "INTER_PSP",
        "transaction_data": {
            "bank_info": {
                "collector": {
                    "account_holder_name": "Thiago Erminio Victor",
                    "account_id": 55972707790,
                    "long_name": "Mercadopago.com Representações Ltda.",
                    "transfer_account_id": null
                },
                "is_same_bank_account_owner": false,
                "origin_bank_id": null,
                "origin_wallet_id": null,
                "payer": {
                    "account_id": 826448,
                    "external_account_id": null,
                    "id": null,
                    "long_name": "Coop de Cred, Poup e Invest de Lajeado"
                }
            },
            "bank_transfer_id": 1242849274,
            "financial_institution": 1,
            "infringement_notification": {
                "status": null,
                "type": null
            },
            "qr_code": "00020126580014br.gov.bcb.pix01365c772f2f-4a19-4c09-91f1-461d82801da05204000053039865406210.315802BR5913THIAGOERMINIO6008So Paulo62240520mpqrinter2427470671863043FA0",
            "qr_code_base64": "iVBORw0KGgoAAAANSUhEUgAABWQAAAVkAQAAAAB79iscAAAIy0lEQVR42u3dQW7kNhAFUN1A97+lbqBggkkssX5RnckgiKnXC6PdblFP3n1Usbid3+h1bLS0tLS0tLS0tLS0tLS0tLS0tLS0tLS0tLS0tLS0tLS0tLS0tLS0tLS0tLS0tLS0tLS0tLS0v1+7ja\/9x2f7zz\/8+O742c8\/DAv89ZU\/ryg\/zrzodfnKoKWlpaWlpaWlpaWlfYl2v0a26yLbdaW\/L23wx\/3Ryh3j8w3rZRUtLS0tLS0tLS0tLe0LtCUJntfA94W\/vitr9mFxWKq9b2LQ0tLS0tLS0tLS0tK+U3uUAJny5FCmK+FzvwfIL+iwKC0tLS0tLS0tLS0tLe1DmrsV54qsadtMrZfDu\/TPoKWlpaWlpaWlpaWlfaM245sAea3V3Toxc0Sc1Q2vn\/1yjygtLS0tLS0tLS0tLe1317ZTSv7bH\/92pgotLS0tLS0tLS0tLe031c5fJTHWPXAlIs7z5NYV+9oXLS0tLS0tLS0tLS3t6traPpniZbliKN0NX07b5PZyy+vztcU+WlpaWlpaWlpaWlratbXXXJeOSJtNKckdm2mayXn\/7PbgKZp2KZKWlpaWlpaWlpaWlnZZ7Vn6INsD1NIV5QmOe\/vk8XRAQKkq7rS0tLS0tLS0tLS0tC\/RDgW2FPPSxrWULIeGy3ntr2hrKqWlpaWlpaWlpaWlpX2P9nqLPZTfmqbJPGRkvxf7mu1v5VlSFqWlpaWlpaWlpaWlpX2F9ggTG5O27nKbDOVPIym3sAeuFgUfUiQtLS0tLS0tLS0tLe162vPDgl0aEtk0UqZ2zKGWmCJnl1lpaWlpaWlpaWlpaWlX1j7Jhn1sQ9Y7Qljc7+dcb2E4ZT1BO0+epKWlpaWlpaWlpaWlfYE2TRAp997vs\/dT1e5xjuRQFGxnnYQESktLS0tLS0tLS0tLu7I2tzu2nZj1e5OjsOv4yZJeP5goSUtLS0tLS0tLS0tLu7p2C1P9a\/Qrx6YduWqXw2IdFzlsjssnY9PS0tLS0tLS0tLS0r5FW+6YVtrDLc5wDFtzilpuvTzCLrynHlFaWlpaWlpaWlpaWtqltO0YyNRc2e6fy3NI2kB6fj4OhZaWlpaWlpaWlpaWdnXtU5Vtu88mGep320O\/ZEybwzNn40lLS0tLS0tLS0tLS\/sa7XDv\/aniV2aTNLP88ynYZ46r1+eb1iJpaWlpaWlpaWlpaWlX06Y4WB6jVvfa1stc4hvOzT7uvGZRWlpaWlpaWlpaWlral2jrVeXXW8IrN0tDIo9JUTD1brZlP1paWlpaWlpaWlpa2vW1TYpsx0WW4lw6xHorW+yGrXMpcqYqIC0tLS0tLS0tLS0t7fra817EGxZpH6PZ\/jbZSXeWEl9aORzwRktLS0tLS0tLS0tLu7L2esHRnUu9hyrg\/jDysS\/75VpiM8SSlpaWlpaWlpaWlpZ2dW0q8eVRjvPOyXpteqBUziuvnZaWlpaWlpaWlpaW9k3aFBbbM63bNdNmttJmmRLjcN80apKWlpaWlpaWlpaWlnZ1ba3QlYWTto6aTA+ZD1C79WQ+RU5aWlpaWlpaWlpaWtq1tbmHcpsY56unx0hFvIHcJlpaWlpaWlpaWlpaWtr1tcckIqaFs3v2LIP7045NWlpaWlpaWlpaWlraV2i\/rsoD\/fdJNa7U6rYwliTV\/uq\/avIZLS0tLS0tLS0tLS3t2toU6dqD1tIcyasnb2bbypfbBJp30tHS0tLS0tLS0tLS0q6svV4wHxd5TPe27SEJHtP9bim9pvVoaWlpaWlpaWlpaWnX1ubBkXve4Jai31DOS92UaVzkZKr\/9rAbjpaWlpaWlpaWlpaWdjFtrcENKw374tptcuXatjHzfN4rR0tLS0tLS0tLS0tL+xZtuirfe2ipHIJh6smcHXGd\/\/CUImlpaWlpaWlpaWlpadfTlpsNB6ht13PXCmD+VLMrJgNKplNKaGlpaWlpaWlpaWlpl9SmE6\/THrjSnbkFVJMsU5tlvsdGS0tLS0tLS0tLS0v7Jm25tL4SIF9xlCw6\/KFsjju78ElLS0tLS0tLS0tLS\/sW7TW5Nc2VqUyXFWdOlv\/o6R\/O7KalpaWlpaWlpaWlpV1N255QXToxE7keuTYsmrbElbA4KyPS0tLS0tLS0tLS0tK+R1t6HtPxaik2zjbCXT23d\/lsgO2zU7BpaWlpaWlpaWlpaWkX0uYQuIVJkTU7zrfOtQ2XxXOWK6Zdl7S0tLS0tLS0tLS0tEtph8bHIdK1g0fSGMiET6GyPTI7\/edoaWlpaWlpaWlpaWlX105udpYhkSlFlo7ND753lPbOdF9aWlpaWlpaWlpaWtqXaFMhrumrvN57K0P5h4x5TaDzexxlQAktLS0tLS0tLS0tLe17tPnSoUJXC3bXil99N\/RutkNQ2oME+q5LWlpaWlpaWlpaWlra1bRDMCxB7niKksMVKUpOznGrYyVL+KSlpaWlpaWlpaWlpV1bWza4fToGcvj16CJi08BZ3PsnXZe0tLS0tLS0tLS0tLTLareyca3cLE2P3EsSLKGyGRzZjkP5JEXS0tLS0tLS0tLS0tIupG2Lbu3+tLTLLZ9ffV7bMUvX5dCseZav0NLS0tLS0tLS0tLSvkLbhsByfdtw2bRZPg0jaTo2P6zu0dLS0tLS0tLS0tLSrqOtcXC441V7lI1rJQk270rd8PylFElLS0tLS0tLS0tLS7ukth1QMqTIITsOT5CTZXrwecfmtEeUlpaWlpaWlpaWlpb2Ndou0o1b4srIx\/RrOUAtZscPq3u0tLS0tLS0tLS0tLQv0G7dOWlHt6Pt9po82lkGlKTyIC0tLS0tLS0tLS0t7cu0Bd9uTbv1XyZyOgzgaYvdUEY8aWlpaWlpaWlpaWlp36WtjY+TYHgG99ntgUsdm1su9hULLS0tLS0tLS0tLS3tW7T\/\/xctLS0tLS0tLS0tLS0tLS0tLS0tLS0tLS0tLS0tLS0tLS0tLS0tLS0tLS0tLS0tLS0tLS0t7W\/T\/gH8f7Blp260tAAAAABJRU5ErkJggg==",
            "ticket_url": "https:\/\/www.mercadopago.com.br\/payments\/24274706718\/ticket?caller_id=13567832&hash=f739ca4c-c0ef-4d54-bffe-0ce17471372b",
            "transaction_id": "PIXE9115976420220724145634Oj7FpoMcW"
        },
        "type": "OPENPLATFORM"
    },
    "pos_id": null,
    "processing_mode": "aggregator",
    "refunds": [],
    "shipping_amount": 0,
    "sponsor_id": 208686191,
    "statement_descriptor": null,
    "status": "approved",
    "status_detail": "accredited",
    "store_id": null,
    "taxes_amount": 0,
    "transaction_amount": 210.31000000000000227373675443232059478759765625,
    "transaction_amount_refunded": 0,
    "transaction_details": {
        "acquirer_reference": null,
        "bank_transfer_id": 1242849274,
        "external_resource_url": null,
        "financial_institution": "1",
        "installment_amount": 0,
        "net_received_amount": 208.229999999999989768184605054557323455810546875,
        "overpaid_amount": 0,
        "payable_deferral_period": null,
        "payment_method_reference_id": null,
        "total_paid_amount": 210.31000000000000227373675443232059478759765625,
        "transaction_id": "PIXE9115976420220724145634Oj7FpoMcW"
    }
}
07-24-2022 @ 11:56:44 - [successful_request]: Changing order status to: processing
