04-09-2022 @ 16:16:17 - [process_payment]: POST Custom: {
    "amount": "34.98",
    "currency_ratio": "1",
    "campaign_id": "",
    "campaign": "",
    "discount": "",
    "paymentMethodId": "",
    "token": "",
    "checkout_type": "wallet_button"
}
04-09-2022 @ 16:16:17 - [process_payment]: preparing to render wallet button checkout.
04-09-2022 @ 16:16:18 - [Created preference: ]: Preference: {
    "binary_mode": false,
    "external_reference": "WC-11113",
    "notification_url": "https:\/\/www.sekiama.com.br\/wc-api\/WC_WooMercadoPago_Custom_Gateway\/?source_news=webhooks",
    "statement_descriptor": "Sekiama MP",
    "sponsor_id": 208686191,
    "items": [
        {
            "id": 196,
            "title": "Farofa para Churrasco com Manteiga x 1",
            "description": "Baseada-em-uma-receita-caseira-esta-farofa-consegue-ao-mesmo-tempo-ser-crocante-e-ter-um-sabor-bastante-marcado-de-manteiga.-Desenvolvida-especialmente-para-os-apreciadores-de-churrasco-esta-farofa-ira-conquistar-um-espaco-em",
            "picture_url": "https:\/\/www.sekiama.com.br\/wp-content\/uploads\/2021\/11\/churrasco-frente-1.png",
            "category_id": "others",
            "quantity": 1,
            "unit_price": 15.699999999999999289457264239899814128875732421875,
            "currency_id": "BRL"
        },
        {
            "title": "Sequoia SFX (Entrega em 6 dias úteis)",
            "description": "Serviço de envio usado pela loja.",
            "category_id": "others",
            "quantity": 1,
            "unit_price": 19.280000000000001136868377216160297393798828125
        }
    ],
    "payer": {
        "name": "Vanessa",
        "surname": "Rieth",
        "email": "riethvanessa@yahoo.com.br",
        "phone": {
            "number": "(51) 99348-4666"
        },
        "address": {
            "zip_code": "93510-270",
            "street_name": "Rua Quintino Bocaiuva \/ Novo Hamburgo RS BR"
        }
    },
    "back_urls": {
        "success": "https:\/\/www.sekiama.com.br\/finalizar-compra\/order-received\/11113\/?key=wc_order_FxgBOBgWxm7Yb",
        "failure": "https:\/\/www.sekiama.com.br\/carrinho\/?cancel_order=true&order=wc_order_FxgBOBgWxm7Yb&order_id=11113&redirect&_wpnonce=f639b8a851",
        "pending": "https:\/\/www.sekiama.com.br\/finalizar-compra\/order-received\/11113\/?key=wc_order_FxgBOBgWxm7Yb"
    },
    "shipments": {
        "receiver_address": {
            "zip_code": "93510-270",
            "street_name": "Rua Quintino Bocaiuva 201 Novo Hamburgo RS BR",
            "apartment": "201",
            "city_name": "Novo Hamburgo",
            "state_name": "RS"
        }
    },
    "payment_methods": {
        "installments": 12,
        "excluded_payment_methods": []
    },
    "auto_return": "approved",
    "metadata": {
        "platform": "bo2hnr2ic4p001kbgpt0",
        "platform_version": "6.3.1",
        "module_version": "5.7.5",
        "site_id": "mlb",
        "sponsor_id": 208686191,
        "collector": "163745094",
        "test_mode": false,
        "details": "",
        "basic_settings": {
            "enabled": "no",
            "currency_conversion": "no",
            "installments": "1",
            "method": "redirect",
            "auto_return": "yes",
            "binary_mode": "no",
            "ex_payments_master": "yes",
            "ex_payments_hipercard": "yes",
            "ex_payments_amex": "yes",
            "ex_payments_elo": "yes",
            "ex_payments_visa": "yes",
            "ex_payments_debvisa": "yes",
            "ex_payments_debelo": "yes",
            "ex_payments_pec": "yes",
            "ex_payments_bolbradesco": "yes",
            "gateway_discount_checkbox": "no",
            "commission_checkbox": "no",
            "checkbox_checkout_test_mode": "yes",
            "checkout_credential_prod": "deprecated"
        },
        "custom_settings": {
            "enabled": "yes",
            "currency_conversion": "no",
            "wallet_button": "yes",
            "coupon_mode": "no",
            "binary_mode": "no",
            "gateway_discount_checkbox": "no",
            "commission_checkbox": "no",
            "checkbox_checkout_test_mode": "yes",
            "checkout_credential_prod": "deprecated"
        },
        "ticket_settings": [],
        "pix_settings": [],
        "seller_website": "https:\/\/www.sekiama.com.br",
        "billing_address": {
            "zip_code": "93510-270",
            "street_name": "Rua Quintino Bocaiuva",
            "city_name": "Novo Hamburgo",
            "state_name": "RS",
            "country_name": "BR"
        },
        "user": {
            "registered_user": "no",
            "user_email": null,
            "user_registration_date": null
        },
        "checkout": "pro",
        "checkout_type": "wallet_button"
    },
    "purpose": "wallet_purchase"
}
04-09-2022 @ 16:16:18 - [create_preference_wallet_button]: Created Preference: {
    "status": 201,
    "response": {
        "additional_info": "",
        "auto_return": "approved",
        "back_urls": {
            "failure": "https:\/\/www.sekiama.com.br\/carrinho\/?cancel_order=true&order=wc_order_FxgBOBgWxm7Yb&order_id=11113&redirect&_wpnonce=f639b8a851",
            "pending": "https:\/\/www.sekiama.com.br\/finalizar-compra\/order-received\/11113\/?key=wc_order_FxgBOBgWxm7Yb",
            "success": "https:\/\/www.sekiama.com.br\/finalizar-compra\/order-received\/11113\/?key=wc_order_FxgBOBgWxm7Yb"
        },
        "binary_mode": false,
        "client_id": "6290074584163570",
        "collector_id": 163745094,
        "coupon_code": null,
        "coupon_labels": null,
        "date_created": "2022-04-09T19:16:17.447+00:00",
        "date_of_expiration": null,
        "expiration_date_from": null,
        "expiration_date_to": null,
        "expires": false,
        "external_reference": "WC-11113",
        "id": "163745094-d03f664c-5d68-4dcc-8dbb-1e15614c2f58",
        "init_point": "https:\/\/www.mercadopago.com.br\/checkout\/v1\/redirect?pref_id=163745094-d03f664c-5d68-4dcc-8dbb-1e15614c2f58",
        "internal_metadata": null,
        "items": [
            {
                "id": "196",
                "category_id": "others",
                "currency_id": "BRL",
                "description": "Baseada-em-uma-receita-caseira-esta-farofa-consegue-ao-mesmo-tempo-ser-crocante-e-ter-um-sabor-bastante-marcado-de-manteiga.-Desenvolvida-especialmente-para-os-apreciadores-de-churrasco-esta-farofa-ira-conquistar-um-espaco-em",
                "picture_url": "https:\/\/www.sekiama.com.br\/wp-content\/uploads\/2021\/11\/churrasco-frente-1.png",
                "title": "Farofa para Churrasco com Manteiga x 1",
                "quantity": 1,
                "unit_price": 15.699999999999999289457264239899814128875732421875
            },
            {
                "id": "",
                "category_id": "others",
                "currency_id": "BRL",
                "description": "Serviço de envio usado pela loja.",
                "title": "Sequoia SFX (Entrega em 6 dias úteis)",
                "quantity": 1,
                "unit_price": 19.280000000000001136868377216160297393798828125
            }
        ],
        "marketplace": "NONE",
        "marketplace_fee": 0,
        "metadata": {
            "basic_settings": {
                "auto_return": "yes",
                "binary_mode": "no",
                "checkbox_checkout_test_mode": "yes",
                "checkout_credential_prod": "deprecated",
                "commission_checkbox": "no",
                "currency_conversion": "no",
                "enabled": "no",
                "ex_payments_amex": "yes",
                "ex_payments_bolbradesco": "yes",
                "ex_payments_debelo": "yes",
                "ex_payments_debvisa": "yes",
                "ex_payments_elo": "yes",
                "ex_payments_hipercard": "yes",
                "ex_payments_master": "yes",
                "ex_payments_pec": "yes",
                "ex_payments_visa": "yes",
                "gateway_discount_checkbox": "no",
                "installments": "1",
                "method": "redirect"
            },
            "billing_address": {
                "city_name": "Novo Hamburgo",
                "country_name": "BR",
                "state_name": "RS",
                "street_name": "Rua Quintino Bocaiuva",
                "zip_code": "93510-270"
            },
            "checkout": "pro",
            "checkout_type": "wallet_button",
            "collector": "163745094",
            "custom_settings": {
                "binary_mode": "no",
                "checkbox_checkout_test_mode": "yes",
                "checkout_credential_prod": "deprecated",
                "commission_checkbox": "no",
                "coupon_mode": "no",
                "currency_conversion": "no",
                "enabled": "yes",
                "gateway_discount_checkbox": "no",
                "wallet_button": "yes"
            },
            "details": "",
            "module_version": "5.7.5",
            "pix_settings": [],
            "platform": "bo2hnr2ic4p001kbgpt0",
            "platform_version": "6.3.1",
            "seller_website": "https:\/\/www.sekiama.com.br",
            "site_id": "mlb",
            "sponsor_id": 208686191,
            "test_mode": false,
            "ticket_settings": [],
            "user": {
                "registered_user": "no",
                "user_email": null,
                "user_registration_date": null
            }
        },
        "notification_url": "https:\/\/www.sekiama.com.br\/wc-api\/WC_WooMercadoPago_Custom_Gateway\/?source_news=webhooks",
        "operation_type": "regular_payment",
        "payer": {
            "phone": {
                "area_code": "",
                "number": "(51) 99348-4666"
            },
            "address": {
                "zip_code": "93510-270",
                "street_name": "Rua Quintino Bocaiuva  Novo Hamburgo RS BR",
                "street_number": null
            },
            "email": "riethvanessa@yahoo.com.br",
            "identification": {
                "number": "",
                "type": ""
            },
            "name": "Vanessa",
            "surname": "Rieth",
            "date_created": null,
            "last_purchase": null
        },
        "payment_methods": {
            "default_card_id": null,
            "default_payment_method_id": null,
            "excluded_payment_methods": [
                {
                    "id": ""
                }
            ],
            "excluded_payment_types": [
                {
                    "id": ""
                }
            ],
            "installments": 12,
            "default_installments": null
        },
        "processing_modes": null,
        "product_id": null,
        "redirect_urls": {
            "failure": "",
            "pending": "",
            "success": ""
        },
        "sandbox_init_point": "https:\/\/sandbox.mercadopago.com.br\/checkout\/v1\/redirect?pref_id=163745094-d03f664c-5d68-4dcc-8dbb-1e15614c2f58",
        "site_id": "MLB",
        "shipments": {
            "default_shipping_method": null,
            "receiver_address": {
                "zip_code": "93510-270",
                "street_name": "Rua Quintino Bocaiuva 201 Novo Hamburgo RS BR",
                "street_number": null,
                "floor": "",
                "apartment": "201",
                "city_name": "Novo Hamburgo",
                "state_name": "RS",
                "country_name": null
            }
        },
        "sponsor_id": 208686191,
        "statement_descriptor": "Sekiama MP",
        "total_amount": null,
        "last_updated": null
    }
}
04-09-2022 @ 16:16:18 - [create_preference_wallet_button]: payment link generated with success from mercado pago, with structure as follow: {
    "status": 201,
    "response": {
        "additional_info": "",
        "auto_return": "approved",
        "back_urls": {
            "failure": "https:\/\/www.sekiama.com.br\/carrinho\/?cancel_order=true&order=wc_order_FxgBOBgWxm7Yb&order_id=11113&redirect&_wpnonce=f639b8a851",
            "pending": "https:\/\/www.sekiama.com.br\/finalizar-compra\/order-received\/11113\/?key=wc_order_FxgBOBgWxm7Yb",
            "success": "https:\/\/www.sekiama.com.br\/finalizar-compra\/order-received\/11113\/?key=wc_order_FxgBOBgWxm7Yb"
        },
        "binary_mode": false,
        "client_id": "6290074584163570",
        "collector_id": 163745094,
        "coupon_code": null,
        "coupon_labels": null,
        "date_created": "2022-04-09T19:16:17.447+00:00",
        "date_of_expiration": null,
        "expiration_date_from": null,
        "expiration_date_to": null,
        "expires": false,
        "external_reference": "WC-11113",
        "id": "163745094-d03f664c-5d68-4dcc-8dbb-1e15614c2f58",
        "init_point": "https:\/\/www.mercadopago.com.br\/checkout\/v1\/redirect?pref_id=163745094-d03f664c-5d68-4dcc-8dbb-1e15614c2f58",
        "internal_metadata": null,
        "items": [
            {
                "id": "196",
                "category_id": "others",
                "currency_id": "BRL",
                "description": "Baseada-em-uma-receita-caseira-esta-farofa-consegue-ao-mesmo-tempo-ser-crocante-e-ter-um-sabor-bastante-marcado-de-manteiga.-Desenvolvida-especialmente-para-os-apreciadores-de-churrasco-esta-farofa-ira-conquistar-um-espaco-em",
                "picture_url": "https:\/\/www.sekiama.com.br\/wp-content\/uploads\/2021\/11\/churrasco-frente-1.png",
                "title": "Farofa para Churrasco com Manteiga x 1",
                "quantity": 1,
                "unit_price": 15.699999999999999289457264239899814128875732421875
            },
            {
                "id": "",
                "category_id": "others",
                "currency_id": "BRL",
                "description": "Serviço de envio usado pela loja.",
                "title": "Sequoia SFX (Entrega em 6 dias úteis)",
                "quantity": 1,
                "unit_price": 19.280000000000001136868377216160297393798828125
            }
        ],
        "marketplace": "NONE",
        "marketplace_fee": 0,
        "metadata": {
            "basic_settings": {
                "auto_return": "yes",
                "binary_mode": "no",
                "checkbox_checkout_test_mode": "yes",
                "checkout_credential_prod": "deprecated",
                "commission_checkbox": "no",
                "currency_conversion": "no",
                "enabled": "no",
                "ex_payments_amex": "yes",
                "ex_payments_bolbradesco": "yes",
                "ex_payments_debelo": "yes",
                "ex_payments_debvisa": "yes",
                "ex_payments_elo": "yes",
                "ex_payments_hipercard": "yes",
                "ex_payments_master": "yes",
                "ex_payments_pec": "yes",
                "ex_payments_visa": "yes",
                "gateway_discount_checkbox": "no",
                "installments": "1",
                "method": "redirect"
            },
            "billing_address": {
                "city_name": "Novo Hamburgo",
                "country_name": "BR",
                "state_name": "RS",
                "street_name": "Rua Quintino Bocaiuva",
                "zip_code": "93510-270"
            },
            "checkout": "pro",
            "checkout_type": "wallet_button",
            "collector": "163745094",
            "custom_settings": {
                "binary_mode": "no",
                "checkbox_checkout_test_mode": "yes",
                "checkout_credential_prod": "deprecated",
                "commission_checkbox": "no",
                "coupon_mode": "no",
                "currency_conversion": "no",
                "enabled": "yes",
                "gateway_discount_checkbox": "no",
                "wallet_button": "yes"
            },
            "details": "",
            "module_version": "5.7.5",
            "pix_settings": [],
            "platform": "bo2hnr2ic4p001kbgpt0",
            "platform_version": "6.3.1",
            "seller_website": "https:\/\/www.sekiama.com.br",
            "site_id": "mlb",
            "sponsor_id": 208686191,
            "test_mode": false,
            "ticket_settings": [],
            "user": {
                "registered_user": "no",
                "user_email": null,
                "user_registration_date": null
            }
        },
        "notification_url": "https:\/\/www.sekiama.com.br\/wc-api\/WC_WooMercadoPago_Custom_Gateway\/?source_news=webhooks",
        "operation_type": "regular_payment",
        "payer": {
            "phone": {
                "area_code": "",
                "number": "(51) 99348-4666"
            },
            "address": {
                "zip_code": "93510-270",
                "street_name": "Rua Quintino Bocaiuva  Novo Hamburgo RS BR",
                "street_number": null
            },
            "email": "riethvanessa@yahoo.com.br",
            "identification": {
                "number": "",
                "type": ""
            },
            "name": "Vanessa",
            "surname": "Rieth",
            "date_created": null,
            "last_purchase": null
        },
        "payment_methods": {
            "default_card_id": null,
            "default_payment_method_id": null,
            "excluded_payment_methods": [
                {
                    "id": ""
                }
            ],
            "excluded_payment_types": [
                {
                    "id": ""
                }
            ],
            "installments": 12,
            "default_installments": null
        },
        "processing_modes": null,
        "product_id": null,
        "redirect_urls": {
            "failure": "",
            "pending": "",
            "success": ""
        },
        "sandbox_init_point": "https:\/\/sandbox.mercadopago.com.br\/checkout\/v1\/redirect?pref_id=163745094-d03f664c-5d68-4dcc-8dbb-1e15614c2f58",
        "site_id": "MLB",
        "shipments": {
            "default_shipping_method": null,
            "receiver_address": {
                "zip_code": "93510-270",
                "street_name": "Rua Quintino Bocaiuva 201 Novo Hamburgo RS BR",
                "street_number": null,
                "floor": "",
                "apartment": "201",
                "city_name": "Novo Hamburgo",
                "state_name": "RS",
                "country_name": null
            }
        },
        "sponsor_id": 208686191,
        "statement_descriptor": "Sekiama MP",
        "total_amount": null,
        "last_updated": null
    }
}
04-09-2022 @ 16:18:51 - [check_ipn_response]: received _get content: {
    "data_id": "21488609827",
    "source_news": "webhooks",
    "type": "payment"
}
04-09-2022 @ 16:18:51 - [successful_request]: starting to process  update...
04-09-2022 @ 16:18:51 - [successful_request]: updating metadata and status with data: {
    "acquirer_reconciliation": [],
    "additional_info": {
        "authentication_code": null,
        "available_balance": null,
        "ip_address": "201.22.231.195",
        "items": [
            {
                "category_id": "others",
                "description": "Baseada-em-uma-receita-caseira-esta-farofa-consegue-ao-mesmo-tempo-ser-crocante-e-ter-um-sabor-bastante-marcado-de-manteiga.-Desenvolvida-especialmente-para-os-apreciadores-de-churrasco-esta-farofa-ira-conquistar-um-espaco-em",
                "id": "196",
                "picture_url": "https:\/\/www.sekiama.com.br\/wp-content\/uploads\/2021\/11\/churrasco-frente-1.png",
                "quantity": "1",
                "title": "Farofa para Churrasco com Manteiga x 1",
                "unit_price": "15.699999809265137"
            },
            {
                "category_id": "others",
                "description": "Serviço de envio usado pela loja.",
                "id": null,
                "picture_url": null,
                "quantity": "1",
                "title": "Sequoia SFX (Entrega em 6 dias úteis)",
                "unit_price": "19.280000686645508"
            }
        ],
        "nsu_processadora": null,
        "payer": {
            "address": {
                "street_name": "Rua Quintino Bocaiuva  Novo Hamburgo RS BR",
                "zip_code": "93510-270"
            }
        },
        "shipments": {
            "receiver_address": {
                "city_name": "Novo Hamburgo",
                "state_name": "RS",
                "street_name": "Rua Quintino Bocaiuva 201 Novo Hamburgo RS BR",
                "zip_code": "93510-270"
            }
        }
    },
    "authorization_code": null,
    "binary_mode": true,
    "brand_id": null,
    "call_for_authorize_id": null,
    "captured": true,
    "card": [],
    "charges_details": [],
    "collector_id": 163745094,
    "corporation_id": null,
    "counter_currency": null,
    "coupon_amount": 0,
    "currency_id": "BRL",
    "date_approved": null,
    "date_created": "2022-04-09T15:18:47.000-04:00",
    "date_last_updated": "2022-04-09T15:18:47.000-04:00",
    "date_of_expiration": null,
    "deduction_schema": null,
    "description": "Farofa para Churrasco com Manteiga x 1",
    "differential_pricing_id": null,
    "external_reference": "WC-11113",
    "fee_details": [],
    "id": 21488609827,
    "installments": 1,
    "integrator_id": null,
    "issuer_id": null,
    "live_mode": true,
    "marketplace_owner": null,
    "merchant_account_id": null,
    "merchant_number": null,
    "metadata": {
        "basic_settings": {
            "ex_payments_debelo": "yes",
            "checkout_credential_prod": "deprecated",
            "checkbox_checkout_test_mode": "yes",
            "method": "redirect",
            "ex_payments_amex": "yes",
            "gateway_discount_checkbox": "no",
            "enabled": "no",
            "ex_payments_master": "yes",
            "ex_payments_pec": "yes",
            "ex_payments_visa": "yes",
            "ex_payments_bolbradesco": "yes",
            "commission_checkbox": "no",
            "binary_mode": "no",
            "currency_conversion": "no",
            "installments": "1",
            "ex_payments_debvisa": "yes",
            "ex_payments_elo": "yes",
            "auto_return": "yes",
            "ex_payments_hipercard": "yes"
        },
        "checkout_type": "wallet_button",
        "seller_website": "https:\/\/www.sekiama.com.br",
        "billing_address": {
            "city_name": "Novo Hamburgo",
            "state_name": "RS",
            "country_name": "BR",
            "street_name": "Rua Quintino Bocaiuva",
            "zip_code": "93510-270"
        },
        "module_version": "5.7.5",
        "sponsor_id": 208686191,
        "collector": "163745094",
        "platform": "bo2hnr2ic4p001kbgpt0",
        "ticket_settings": [],
        "platform_version": "6.3.1",
        "test_mode": false,
        "site_id": "mlb",
        "custom_settings": {
            "checkout_credential_prod": "deprecated",
            "wallet_button": "yes",
            "commission_checkbox": "no",
            "checkbox_checkout_test_mode": "yes",
            "binary_mode": "no",
            "currency_conversion": "no",
            "coupon_mode": "no",
            "gateway_discount_checkbox": "no",
            "enabled": "yes"
        },
        "pix_settings": [],
        "details": "",
        "checkout": "pro",
        "user": {
            "registered_user": "no"
        }
    },
    "money_release_date": null,
    "money_release_schema": null,
    "notification_url": "https:\/\/www.sekiama.com.br\/wc-api\/WC_WooMercadoPago_Custom_Gateway\/?source_news=webhooks",
    "operation_type": "regular_payment",
    "order": {
        "id": "4510993507",
        "type": "mercadopago"
    },
    "payer": {
        "email": "riethvanessa@yahoo.com.br",
        "entity_type": null,
        "first_name": null,
        "id": "228064028",
        "identification": {
            "number": "01660731054",
            "type": "CPF"
        },
        "last_name": null,
        "operator_id": null,
        "phone": {
            "area_code": null,
            "extension": null,
            "number": null
        },
        "type": null
    },
    "payment_method_id": "consumer_credits",
    "payment_type_id": "digital_currency",
    "platform_id": "bo2hnr2ic4p001kbgpt0",
    "point_of_interaction": {
        "business_info": {
            "sub_unit": "checkout_pro",
            "unit": "online_payments"
        },
        "type": "UNSPECIFIED"
    },
    "pos_id": null,
    "processing_mode": "aggregator",
    "refunds": [],
    "shipping_amount": 0,
    "sponsor_id": 208686191,
    "statement_descriptor": null,
    "status": "rejected",
    "status_detail": "rejected_high_risk",
    "store_id": null,
    "taxes_amount": 0,
    "transaction_amount": 34.97999999999999687361196265555918216705322265625,
    "transaction_amount_refunded": 0,
    "transaction_details": {
        "acquirer_reference": null,
        "external_resource_url": null,
        "financial_institution": null,
        "installment_amount": 0,
        "net_received_amount": 0,
        "overpaid_amount": 0,
        "payable_deferral_period": null,
        "payment_method_reference_id": "197134350",
        "total_paid_amount": 34.97999999999999687361196265555918216705322265625
    }
}
04-09-2022 @ 16:18:51 - [successful_request]: Changing order status to: failed
04-09-2022 @ 20:27:29 - [process_payment]: POST Custom: {
    "installments": "1",
    "amount": "114.1",
    "currency_ratio": "1",
    "campaign_id": "",
    "campaign": "",
    "discount": "",
    "paymentMethodId": "visa",
    "token": "dbdbe3eaa96af6ef9c94ba6aaa7d7e21",
    "checkout_type": "custom"
}
04-09-2022 @ 20:27:29 - [process_payment]: preparing to get response of custom checkout.
04-09-2022 @ 20:27:29 - [Created preference: ]: Preference: {
    "binary_mode": false,
    "external_reference": "WC-11339",
    "notification_url": "https:\/\/www.sekiama.com.br\/wc-api\/WC_WooMercadoPago_Custom_Gateway\/?source_news=webhooks",
    "statement_descriptor": "Sekiama MP",
    "sponsor_id": 208686191,
    "transaction_amount": 114.099999999999994315658113919198513031005859375,
    "token": "dbdbe3eaa96af6ef9c94ba6aaa7d7e21",
    "description": "Farofa com Muitas Sementes e Castanhas x 3, Farofa com Muita Cebola x 2, Farofa com Muitas Sementes x 2",
    "installments": 1,
    "payment_method_id": "visa",
    "payer": {
        "email": "personaldiet18@gmail.com"
    },
    "metadata": {
        "platform": "bo2hnr2ic4p001kbgpt0",
        "platform_version": "6.3.1",
        "module_version": "5.7.5",
        "site_id": "mlb",
        "sponsor_id": 208686191,
        "collector": "163745094",
        "test_mode": false,
        "details": "",
        "basic_settings": {
            "enabled": "no",
            "currency_conversion": "no",
            "installments": "1",
            "method": "redirect",
            "auto_return": "yes",
            "binary_mode": "no",
            "ex_payments_master": "yes",
            "ex_payments_hipercard": "yes",
            "ex_payments_amex": "yes",
            "ex_payments_elo": "yes",
            "ex_payments_visa": "yes",
            "ex_payments_debvisa": "yes",
            "ex_payments_debelo": "yes",
            "ex_payments_pec": "yes",
            "ex_payments_bolbradesco": "yes",
            "gateway_discount_checkbox": "no",
            "commission_checkbox": "no",
            "checkbox_checkout_test_mode": "yes",
            "checkout_credential_prod": "deprecated"
        },
        "custom_settings": {
            "enabled": "yes",
            "currency_conversion": "no",
            "wallet_button": "yes",
            "coupon_mode": "no",
            "binary_mode": "no",
            "gateway_discount_checkbox": "no",
            "commission_checkbox": "no",
            "checkbox_checkout_test_mode": "yes",
            "checkout_credential_prod": "deprecated"
        },
        "ticket_settings": [],
        "pix_settings": [],
        "seller_website": "https:\/\/www.sekiama.com.br",
        "billing_address": {
            "zip_code": "01424-002",
            "street_name": "Al Lorena 2042",
            "city_name": "São paulo",
            "state_name": "SP",
            "country_name": "BR"
        },
        "user": {
            "registered_user": "no",
            "user_email": null,
            "user_registration_date": null
        },
        "checkout": "custom",
        "checkout_type": "credit_card"
    },
    "additional_info": {
        "items": [
            {
                "id": 197,
                "title": "Farofa com Muitas Sementes e Castanhas x 3",
                "description": "Foi-a-primeira-Farofa-lancada-no-mercado.-E-enriquecida-com-muitas-sementes-e-castanhas-e-sendo-riquissima-em-fibras-pode-ser-incluida-no-seu-dia-a-dia-de-forma-saudavel.-Farofa-sem-culpa-recheada-de-nutrientes-essenciais",
                "picture_url": "https:\/\/www.sekiama.com.br\/wp-content\/uploads\/2021\/11\/castanhas-frente.png",
                "category_id": "others",
                "quantity": 1,
                "unit_price": 50.7000000000000028421709430404007434844970703125
            },
            {
                "id": 195,
                "title": "Farofa com Muita Cebola x 2",
                "description": "Por-ser-incrivelmente-saborosa-a-Farofa-com-muita-cebola-crocante-e-a-campea-de-vendas-conquistando-todos-os-paladares.-Nesta-nobre-preparacao-a-farinha-de-mandioca-absorve-o-incrivel-sabor-da-cebola-fresca-resultando-em",
                "picture_url": "https:\/\/www.sekiama.com.br\/wp-content\/uploads\/2021\/11\/cebola-frente-1.png",
                "category_id": "others",
                "quantity": 1,
                "unit_price": 30.39999999999999857891452847979962825775146484375
            },
            {
                "id": 194,
                "title": "Farofa com Muitas Sementes x 2",
                "description": "A-Farofa-com-muitas-sementes-e-incrivel-e-vai-te-saciar-de-forma-natural-e-saudavel.-As-sementes-permitem-melhorar-o-seu-consumo-de-fibras-e-micronutrientes.-Voce-vai-amar-o-resultado-crocante-saboroso-e-saudavel-desta-Faro",
                "picture_url": "https:\/\/www.sekiama.com.br\/wp-content\/uploads\/2021\/11\/sementes-Frente-1.png",
                "category_id": "others",
                "quantity": 1,
                "unit_price": 33
            }
        ],
        "payer": {
            "first_name": "Alessandra",
            "last_name": "Camargo",
            "phone": {
                "number": "(11) 3062-4594"
            },
            "address": {
                "zip_code": "01424-002",
                "street_name": "Al Lorena 2042 \/ São paulo SP BR"
            }
        },
        "shipments": {
            "receiver_address": {
                "zip_code": "01424-002",
                "street_name": "Al Lorena 2042 Ap 52 São paulo SP BR",
                "apartment": "Ap 52",
                "city_name": "São paulo",
                "state_name": "SP"
            }
        }
    }
}
04-09-2022 @ 20:27:32 - [create_preference]: Preference created: {
    "status": 201,
    "response": {
        "id": 21495408359,
        "date_created": "2022-04-09T19:27:28.651-04:00",
        "date_approved": "2022-04-09T19:27:30.173-04:00",
        "date_last_updated": "2022-04-09T19:27:30.173-04:00",
        "date_of_expiration": null,
        "money_release_date": "2022-04-09T19:27:30.173-04:00",
        "operation_type": "regular_payment",
        "issuer_id": "25",
        "payment_method_id": "visa",
        "payment_type_id": "credit_card",
        "status": "approved",
        "status_detail": "accredited",
        "currency_id": "BRL",
        "description": "Farofa com Muitas Sementes e Castanhas x 3, Farofa com Muita Cebola x 2, Farofa com Muitas Sementes x 2",
        "live_mode": true,
        "sponsor_id": 208686191,
        "authorization_code": "004743",
        "money_release_schema": null,
        "taxes_amount": 0,
        "counter_currency": null,
        "brand_id": null,
        "shipping_amount": 0,
        "pos_id": null,
        "store_id": null,
        "integrator_id": null,
        "platform_id": "bo2hnr2ic4p001kbgpt0",
        "corporation_id": null,
        "collector_id": 163745094,
        "payer": {
            "type": null,
            "id": "225367733",
            "operator_id": null,
            "email": "personaldiet18@gmail.com",
            "identification": {
                "type": "CPF",
                "number": "29245649806"
            },
            "phone": {
                "area_code": null,
                "number": null,
                "extension": null
            },
            "first_name": null,
            "last_name": null,
            "entity_type": null
        },
        "marketplace_owner": null,
        "metadata": {
            "basic_settings": {
                "ex_payments_debelo": "yes",
                "checkout_credential_prod": "deprecated",
                "checkbox_checkout_test_mode": "yes",
                "method": "redirect",
                "ex_payments_amex": "yes",
                "gateway_discount_checkbox": "no",
                "enabled": "no",
                "ex_payments_master": "yes",
                "ex_payments_visa": "yes",
                "ex_payments_pec": "yes",
                "ex_payments_bolbradesco": "yes",
                "commission_checkbox": "no",
                "currency_conversion": "no",
                "installments": "1",
                "binary_mode": "no",
                "ex_payments_debvisa": "yes",
                "ex_payments_elo": "yes",
                "auto_return": "yes",
                "ex_payments_hipercard": "yes"
            },
            "checkout_type": "credit_card",
            "seller_website": "https:\/\/www.sekiama.com.br",
            "billing_address": {
                "city_name": "São paulo",
                "state_name": "SP",
                "country_name": "BR",
                "zip_code": "01424-002",
                "street_name": "Al Lorena 2042"
            },
            "module_version": "5.7.5",
            "sponsor_id": 208686191,
            "platform": "bo2hnr2ic4p001kbgpt0",
            "collector": "163745094",
            "ticket_settings": [],
            "platform_version": "6.3.1",
            "test_mode": false,
            "site_id": "mlb",
            "custom_settings": {
                "wallet_button": "yes",
                "checkout_credential_prod": "deprecated",
                "commission_checkbox": "no",
                "checkbox_checkout_test_mode": "yes",
                "currency_conversion": "no",
                "binary_mode": "no",
                "coupon_mode": "no",
                "gateway_discount_checkbox": "no",
                "enabled": "yes"
            },
            "pix_settings": [],
            "details": "",
            "user": {
                "user_email": null,
                "registered_user": "no",
                "user_registration_date": null
            },
            "checkout": "custom"
        },
        "additional_info": {
            "items": [
                {
                    "id": "197",
                    "title": "Farofa com Muitas Sementes e Castanhas x 3",
                    "description": "Foi-a-primeira-Farofa-lancada-no-mercado.-E-enriquecida-com-muitas-sementes-e-castanhas-e-sendo-riquissima-em-fibras-pode-ser-incluida-no-seu-dia-a-dia-de-forma-saudavel.-Farofa-sem-culpa-recheada-de-nutrientes-essenciais",
                    "picture_url": "https:\/\/www.sekiama.com.br\/wp-content\/uploads\/2021\/11\/castanhas-frente.png",
                    "category_id": "others",
                    "quantity": "1",
                    "unit_price": "50.7"
                },
                {
                    "id": "195",
                    "title": "Farofa com Muita Cebola x 2",
                    "description": "Por-ser-incrivelmente-saborosa-a-Farofa-com-muita-cebola-crocante-e-a-campea-de-vendas-conquistando-todos-os-paladares.-Nesta-nobre-preparacao-a-farinha-de-mandioca-absorve-o-incrivel-sabor-da-cebola-fresca-resultando-em",
                    "picture_url": "https:\/\/www.sekiama.com.br\/wp-content\/uploads\/2021\/11\/cebola-frente-1.png",
                    "category_id": "others",
                    "quantity": "1",
                    "unit_price": "30.4"
                },
                {
                    "id": "194",
                    "title": "Farofa com Muitas Sementes x 2",
                    "description": "A-Farofa-com-muitas-sementes-e-incrivel-e-vai-te-saciar-de-forma-natural-e-saudavel.-As-sementes-permitem-melhorar-o-seu-consumo-de-fibras-e-micronutrientes.-Voce-vai-amar-o-resultado-crocante-saboroso-e-saudavel-desta-Faro",
                    "picture_url": "https:\/\/www.sekiama.com.br\/wp-content\/uploads\/2021\/11\/sementes-Frente-1.png",
                    "category_id": "others",
                    "quantity": "1",
                    "unit_price": "33"
                }
            ],
            "payer": {
                "phone": {
                    "number": "(11) 3062-4594"
                },
                "address": {
                    "zip_code": "01424-002",
                    "street_name": "Al Lorena 2042 \/ São paulo SP BR"
                },
                "first_name": "Alessandra",
                "last_name": "Camargo"
            },
            "shipments": {
                "receiver_address": {
                    "zip_code": "01424-002",
                    "state_name": "SP",
                    "city_name": "São paulo",
                    "street_name": "Al Lorena 2042 Ap 52 São paulo SP BR",
                    "apartment": "Ap 52"
                }
            },
            "available_balance": null,
            "nsu_processadora": "1724832272020994",
            "authentication_code": null
        },
        "order": [],
        "external_reference": "WC-11339",
        "transaction_amount": 114.099999999999994315658113919198513031005859375,
        "transaction_amount_refunded": 0,
        "coupon_amount": 0,
        "differential_pricing_id": null,
        "deduction_schema": null,
        "installments": 1,
        "transaction_details": {
            "payment_method_reference_id": "206115044",
            "net_received_amount": 108.409999999999996589394868351519107818603515625,
            "total_paid_amount": 114.099999999999994315658113919198513031005859375,
            "overpaid_amount": 0,
            "external_resource_url": null,
            "installment_amount": 114.099999999999994315658113919198513031005859375,
            "financial_institution": null,
            "payable_deferral_period": null,
            "acquirer_reference": null
        },
        "fee_details": [
            {
                "type": "mercadopago_fee",
                "amount": 5.69000000000000039079850466805510222911834716796875,
                "fee_payer": "collector"
            }
        ],
        "charges_details": [],
        "captured": true,
        "binary_mode": false,
        "call_for_authorize_id": null,
        "statement_descriptor": "MP*SEKIAMAMP",
        "card": {
            "id": null,
            "first_six_digits": "490172",
            "last_four_digits": "0972",
            "expiration_month": 3,
            "expiration_year": 2030,
            "date_created": "2022-04-09T19:27:28.000-04:00",
            "date_last_updated": "2022-04-09T19:27:28.000-04:00",
            "cardholder": {
                "name": "Alessandra camargo",
                "identification": {
                    "number": "29245649806",
                    "type": "CPF"
                }
            }
        },
        "notification_url": "https:\/\/www.sekiama.com.br\/wc-api\/WC_WooMercadoPago_Custom_Gateway\/?source_news=webhooks",
        "refunds": [],
        "processing_mode": "aggregator",
        "merchant_account_id": null,
        "merchant_number": null,
        "acquirer_reconciliation": [],
        "point_of_interaction": {
            "type": "UNSPECIFIED",
            "business_info": {
                "unit": "online_payments",
                "sub_unit": "woocommerce"
            }
        }
    }
}
04-09-2022 @ 20:27:32 - [create_preference]: payment link generated with success from mercado pago, with structure as follow: {
    "status": 201,
    "response": {
        "id": 21495408359,
        "date_created": "2022-04-09T19:27:28.651-04:00",
        "date_approved": "2022-04-09T19:27:30.173-04:00",
        "date_last_updated": "2022-04-09T19:27:30.173-04:00",
        "date_of_expiration": null,
        "money_release_date": "2022-04-09T19:27:30.173-04:00",
        "operation_type": "regular_payment",
        "issuer_id": "25",
        "payment_method_id": "visa",
        "payment_type_id": "credit_card",
        "status": "approved",
        "status_detail": "accredited",
        "currency_id": "BRL",
        "description": "Farofa com Muitas Sementes e Castanhas x 3, Farofa com Muita Cebola x 2, Farofa com Muitas Sementes x 2",
        "live_mode": true,
        "sponsor_id": 208686191,
        "authorization_code": "004743",
        "money_release_schema": null,
        "taxes_amount": 0,
        "counter_currency": null,
        "brand_id": null,
        "shipping_amount": 0,
        "pos_id": null,
        "store_id": null,
        "integrator_id": null,
        "platform_id": "bo2hnr2ic4p001kbgpt0",
        "corporation_id": null,
        "collector_id": 163745094,
        "payer": {
            "type": null,
            "id": "225367733",
            "operator_id": null,
            "email": "personaldiet18@gmail.com",
            "identification": {
                "type": "CPF",
                "number": "29245649806"
            },
            "phone": {
                "area_code": null,
                "number": null,
                "extension": null
            },
            "first_name": null,
            "last_name": null,
            "entity_type": null
        },
        "marketplace_owner": null,
        "metadata": {
            "basic_settings": {
                "ex_payments_debelo": "yes",
                "checkout_credential_prod": "deprecated",
                "checkbox_checkout_test_mode": "yes",
                "method": "redirect",
                "ex_payments_amex": "yes",
                "gateway_discount_checkbox": "no",
                "enabled": "no",
                "ex_payments_master": "yes",
                "ex_payments_visa": "yes",
                "ex_payments_pec": "yes",
                "ex_payments_bolbradesco": "yes",
                "commission_checkbox": "no",
                "currency_conversion": "no",
                "installments": "1",
                "binary_mode": "no",
                "ex_payments_debvisa": "yes",
                "ex_payments_elo": "yes",
                "auto_return": "yes",
                "ex_payments_hipercard": "yes"
            },
            "checkout_type": "credit_card",
            "seller_website": "https:\/\/www.sekiama.com.br",
            "billing_address": {
                "city_name": "São paulo",
                "state_name": "SP",
                "country_name": "BR",
                "zip_code": "01424-002",
                "street_name": "Al Lorena 2042"
            },
            "module_version": "5.7.5",
            "sponsor_id": 208686191,
            "platform": "bo2hnr2ic4p001kbgpt0",
            "collector": "163745094",
            "ticket_settings": [],
            "platform_version": "6.3.1",
            "test_mode": false,
            "site_id": "mlb",
            "custom_settings": {
                "wallet_button": "yes",
                "checkout_credential_prod": "deprecated",
                "commission_checkbox": "no",
                "checkbox_checkout_test_mode": "yes",
                "currency_conversion": "no",
                "binary_mode": "no",
                "coupon_mode": "no",
                "gateway_discount_checkbox": "no",
                "enabled": "yes"
            },
            "pix_settings": [],
            "details": "",
            "user": {
                "user_email": null,
                "registered_user": "no",
                "user_registration_date": null
            },
            "checkout": "custom"
        },
        "additional_info": {
            "items": [
                {
                    "id": "197",
                    "title": "Farofa com Muitas Sementes e Castanhas x 3",
                    "description": "Foi-a-primeira-Farofa-lancada-no-mercado.-E-enriquecida-com-muitas-sementes-e-castanhas-e-sendo-riquissima-em-fibras-pode-ser-incluida-no-seu-dia-a-dia-de-forma-saudavel.-Farofa-sem-culpa-recheada-de-nutrientes-essenciais",
                    "picture_url": "https:\/\/www.sekiama.com.br\/wp-content\/uploads\/2021\/11\/castanhas-frente.png",
                    "category_id": "others",
                    "quantity": "1",
                    "unit_price": "50.7"
                },
                {
                    "id": "195",
                    "title": "Farofa com Muita Cebola x 2",
                    "description": "Por-ser-incrivelmente-saborosa-a-Farofa-com-muita-cebola-crocante-e-a-campea-de-vendas-conquistando-todos-os-paladares.-Nesta-nobre-preparacao-a-farinha-de-mandioca-absorve-o-incrivel-sabor-da-cebola-fresca-resultando-em",
                    "picture_url": "https:\/\/www.sekiama.com.br\/wp-content\/uploads\/2021\/11\/cebola-frente-1.png",
                    "category_id": "others",
                    "quantity": "1",
                    "unit_price": "30.4"
                },
                {
                    "id": "194",
                    "title": "Farofa com Muitas Sementes x 2",
                    "description": "A-Farofa-com-muitas-sementes-e-incrivel-e-vai-te-saciar-de-forma-natural-e-saudavel.-As-sementes-permitem-melhorar-o-seu-consumo-de-fibras-e-micronutrientes.-Voce-vai-amar-o-resultado-crocante-saboroso-e-saudavel-desta-Faro",
                    "picture_url": "https:\/\/www.sekiama.com.br\/wp-content\/uploads\/2021\/11\/sementes-Frente-1.png",
                    "category_id": "others",
                    "quantity": "1",
                    "unit_price": "33"
                }
            ],
            "payer": {
                "phone": {
                    "number": "(11) 3062-4594"
                },
                "address": {
                    "zip_code": "01424-002",
                    "street_name": "Al Lorena 2042 \/ São paulo SP BR"
                },
                "first_name": "Alessandra",
                "last_name": "Camargo"
            },
            "shipments": {
                "receiver_address": {
                    "zip_code": "01424-002",
                    "state_name": "SP",
                    "city_name": "São paulo",
                    "street_name": "Al Lorena 2042 Ap 52 São paulo SP BR",
                    "apartment": "Ap 52"
                }
            },
            "available_balance": null,
            "nsu_processadora": "1724832272020994",
            "authentication_code": null
        },
        "order": [],
        "external_reference": "WC-11339",
        "transaction_amount": 114.099999999999994315658113919198513031005859375,
        "transaction_amount_refunded": 0,
        "coupon_amount": 0,
        "differential_pricing_id": null,
        "deduction_schema": null,
        "installments": 1,
        "transaction_details": {
            "payment_method_reference_id": "206115044",
            "net_received_amount": 108.409999999999996589394868351519107818603515625,
            "total_paid_amount": 114.099999999999994315658113919198513031005859375,
            "overpaid_amount": 0,
            "external_resource_url": null,
            "installment_amount": 114.099999999999994315658113919198513031005859375,
            "financial_institution": null,
            "payable_deferral_period": null,
            "acquirer_reference": null
        },
        "fee_details": [
            {
                "type": "mercadopago_fee",
                "amount": 5.69000000000000039079850466805510222911834716796875,
                "fee_payer": "collector"
            }
        ],
        "charges_details": [],
        "captured": true,
        "binary_mode": false,
        "call_for_authorize_id": null,
        "statement_descriptor": "MP*SEKIAMAMP",
        "card": {
            "id": null,
            "first_six_digits": "490172",
            "last_four_digits": "0972",
            "expiration_month": 3,
            "expiration_year": 2030,
            "date_created": "2022-04-09T19:27:28.000-04:00",
            "date_last_updated": "2022-04-09T19:27:28.000-04:00",
            "cardholder": {
                "name": "Alessandra camargo",
                "identification": {
                    "number": "29245649806",
                    "type": "CPF"
                }
            }
        },
        "notification_url": "https:\/\/www.sekiama.com.br\/wc-api\/WC_WooMercadoPago_Custom_Gateway\/?source_news=webhooks",
        "refunds": [],
        "processing_mode": "aggregator",
        "merchant_account_id": null,
        "merchant_number": null,
        "acquirer_reconciliation": [],
        "point_of_interaction": {
            "type": "UNSPECIFIED",
            "business_info": {
                "unit": "online_payments",
                "sub_unit": "woocommerce"
            }
        }
    }
}
04-09-2022 @ 20:27:32 - [check_ipn_response]: received _get content: {
    "data_id": "21495408359",
    "source_news": "webhooks",
    "type": "payment"
}
04-09-2022 @ 20:27:33 - [successful_request]: starting to process  update...
04-09-2022 @ 20:27:33 - [successful_request]: updating metadata and status with data: {
    "acquirer_reconciliation": [],
    "additional_info": {
        "authentication_code": null,
        "available_balance": null,
        "items": [
            {
                "category_id": "others",
                "description": "Foi-a-primeira-Farofa-lancada-no-mercado.-E-enriquecida-com-muitas-sementes-e-castanhas-e-sendo-riquissima-em-fibras-pode-ser-incluida-no-seu-dia-a-dia-de-forma-saudavel.-Farofa-sem-culpa-recheada-de-nutrientes-essenciais",
                "id": "197",
                "picture_url": "https:\/\/www.sekiama.com.br\/wp-content\/uploads\/2021\/11\/castanhas-frente.png",
                "quantity": "1",
                "title": "Farofa com Muitas Sementes e Castanhas x 3",
                "unit_price": "50.7"
            },
            {
                "category_id": "others",
                "description": "Por-ser-incrivelmente-saborosa-a-Farofa-com-muita-cebola-crocante-e-a-campea-de-vendas-conquistando-todos-os-paladares.-Nesta-nobre-preparacao-a-farinha-de-mandioca-absorve-o-incrivel-sabor-da-cebola-fresca-resultando-em",
                "id": "195",
                "picture_url": "https:\/\/www.sekiama.com.br\/wp-content\/uploads\/2021\/11\/cebola-frente-1.png",
                "quantity": "1",
                "title": "Farofa com Muita Cebola x 2",
                "unit_price": "30.4"
            },
            {
                "category_id": "others",
                "description": "A-Farofa-com-muitas-sementes-e-incrivel-e-vai-te-saciar-de-forma-natural-e-saudavel.-As-sementes-permitem-melhorar-o-seu-consumo-de-fibras-e-micronutrientes.-Voce-vai-amar-o-resultado-crocante-saboroso-e-saudavel-desta-Faro",
                "id": "194",
                "picture_url": "https:\/\/www.sekiama.com.br\/wp-content\/uploads\/2021\/11\/sementes-Frente-1.png",
                "quantity": "1",
                "title": "Farofa com Muitas Sementes x 2",
                "unit_price": "33"
            }
        ],
        "nsu_processadora": null,
        "payer": {
            "address": {
                "street_name": "Al Lorena 2042 \/ São paulo SP BR",
                "zip_code": "01424-002"
            }
        },
        "shipments": {
            "receiver_address": {
                "apartment": "Ap 52",
                "city_name": "São paulo",
                "state_name": "SP",
                "street_name": "Al Lorena 2042 Ap 52 São paulo SP BR",
                "zip_code": "01424-002"
            }
        }
    },
    "authorization_code": "004743",
    "binary_mode": false,
    "brand_id": null,
    "call_for_authorize_id": null,
    "captured": true,
    "card": {
        "cardholder": {
            "identification": {
                "number": "29245649806",
                "type": "CPF"
            },
            "name": "Alessandra camargo"
        },
        "date_created": "2022-04-09T19:27:28.000-04:00",
        "date_last_updated": "2022-04-09T19:27:28.000-04:00",
        "expiration_month": 3,
        "expiration_year": 2030,
        "first_six_digits": "490172",
        "id": null,
        "last_four_digits": "0972"
    },
    "charges_details": [],
    "collector_id": 163745094,
    "corporation_id": null,
    "counter_currency": null,
    "coupon_amount": 0,
    "currency_id": "BRL",
    "date_approved": "2022-04-09T19:27:30.000-04:00",
    "date_created": "2022-04-09T19:27:28.000-04:00",
    "date_last_updated": "2022-04-09T19:27:30.000-04:00",
    "date_of_expiration": null,
    "deduction_schema": null,
    "description": "Farofa com Muitas Sementes e Castanhas x 3, Farofa com Muita Cebola x 2, Farofa com Muitas Sementes x 2",
    "differential_pricing_id": null,
    "external_reference": "WC-11339",
    "fee_details": [
        {
            "amount": 5.69000000000000039079850466805510222911834716796875,
            "fee_payer": "collector",
            "type": "mercadopago_fee"
        }
    ],
    "id": 21495408359,
    "installments": 1,
    "integrator_id": null,
    "issuer_id": "25",
    "live_mode": true,
    "marketplace_owner": null,
    "merchant_account_id": null,
    "merchant_number": null,
    "metadata": {
        "basic_settings": {
            "ex_payments_debelo": "yes",
            "checkout_credential_prod": "deprecated",
            "checkbox_checkout_test_mode": "yes",
            "method": "redirect",
            "ex_payments_amex": "yes",
            "gateway_discount_checkbox": "no",
            "enabled": "no",
            "ex_payments_master": "yes",
            "ex_payments_pec": "yes",
            "ex_payments_visa": "yes",
            "ex_payments_bolbradesco": "yes",
            "commission_checkbox": "no",
            "binary_mode": "no",
            "currency_conversion": "no",
            "installments": "1",
            "ex_payments_debvisa": "yes",
            "ex_payments_elo": "yes",
            "auto_return": "yes",
            "ex_payments_hipercard": "yes"
        },
        "checkout_type": "credit_card",
        "seller_website": "https:\/\/www.sekiama.com.br",
        "billing_address": {
            "city_name": "São paulo",
            "state_name": "SP",
            "country_name": "BR",
            "street_name": "Al Lorena 2042",
            "zip_code": "01424-002"
        },
        "module_version": "5.7.5",
        "sponsor_id": 208686191,
        "collector": "163745094",
        "platform": "bo2hnr2ic4p001kbgpt0",
        "ticket_settings": [],
        "platform_version": "6.3.1",
        "test_mode": false,
        "site_id": "mlb",
        "custom_settings": {
            "checkout_credential_prod": "deprecated",
            "wallet_button": "yes",
            "commission_checkbox": "no",
            "checkbox_checkout_test_mode": "yes",
            "binary_mode": "no",
            "currency_conversion": "no",
            "coupon_mode": "no",
            "gateway_discount_checkbox": "no",
            "enabled": "yes"
        },
        "pix_settings": [],
        "details": "",
        "checkout": "custom",
        "user": {
            "user_email": null,
            "registered_user": "no",
            "user_registration_date": null
        }
    },
    "money_release_date": "2022-04-09T19:27:30.000-04:00",
    "money_release_schema": null,
    "notification_url": "https:\/\/www.sekiama.com.br\/wc-api\/WC_WooMercadoPago_Custom_Gateway\/?source_news=webhooks",
    "operation_type": "regular_payment",
    "order": [],
    "payer": {
        "email": "personaldiet18@gmail.com",
        "entity_type": null,
        "first_name": null,
        "id": "225367733",
        "identification": {
            "number": "29245649806",
            "type": "CPF"
        },
        "last_name": null,
        "operator_id": null,
        "phone": {
            "area_code": null,
            "extension": null,
            "number": null
        },
        "type": null
    },
    "payment_method_id": "visa",
    "payment_type_id": "credit_card",
    "platform_id": "bo2hnr2ic4p001kbgpt0",
    "point_of_interaction": {
        "business_info": {
            "sub_unit": "woocommerce",
            "unit": "online_payments"
        },
        "type": "UNSPECIFIED"
    },
    "pos_id": null,
    "processing_mode": "aggregator",
    "refunds": [],
    "shipping_amount": 0,
    "sponsor_id": 208686191,
    "statement_descriptor": "MP*SEKIAMAMP",
    "status": "approved",
    "status_detail": "accredited",
    "store_id": null,
    "taxes_amount": 0,
    "transaction_amount": 114.099999999999994315658113919198513031005859375,
    "transaction_amount_refunded": 0,
    "transaction_details": {
        "acquirer_reference": null,
        "external_resource_url": null,
        "financial_institution": null,
        "installment_amount": 114.099999999999994315658113919198513031005859375,
        "net_received_amount": 108.409999999999996589394868351519107818603515625,
        "overpaid_amount": 0,
        "payable_deferral_period": null,
        "payment_method_reference_id": "206115044",
        "total_paid_amount": 114.099999999999994315658113919198513031005859375
    }
}
04-09-2022 @ 20:27:33 - [successful_request]: Changing order status to: processing
