06-20-2022 @ 14:19:51 - [process_payment]: Payment via Pix POST: 
06-20-2022 @ 14:19:51 - [Created preference: ]: Preference: {
    "binary_mode": false,
    "external_reference": "WC-13801",
    "notification_url": "https:\/\/www.sekiama.com.br\/wc-api\/WC_WooMercadoPago_Pix_Gateway\/?source_news=webhooks",
    "statement_descriptor": "Sekiama MP",
    "sponsor_id": 208686191,
    "date_of_expiration": "2022-06-20T17:49:51.000+0000",
    "transaction_amount": 149.30000000000001136868377216160297393798828125,
    "description": "Kit Sekiama x 1, Farofa Doce x 1, Farofa com Muita Cebola x 1, Farofa para Churrasco com Manteiga x 1",
    "payment_method_id": "pix",
    "payer": {
        "email": "luiza_quadroscanassa@hotmail.com",
        "first_name": "Luiza",
        "last_name": "Quadros",
        "address": {
            "zip_code": "09760-281",
            "street_name": "Avenida Armando Ítalo Setti",
            "street_number": "",
            "neighborhood": "",
            "city": "São Bernardo do Campo",
            "federal_unit": "SP"
        }
    },
    "additional_info": {
        "items": [
            {
                "id": 209,
                "title": "Kit Sekiama x 1",
                "description": "Nao-sabe-qual-farofa-escolher-Quer-presentear-alguem-que-ama-farofa-Este-e-o-Kit-ideal.-Neste-kit-contem-as-farofas-strongDoce-Com-Muita-Cebola-Com-Muitas-Sementes-Faropop-Churrasco-com-Manteiga-e-Com-Muitas-Semen",
                "picture_url": "https:\/\/www.sekiama.com.br\/wp-content\/uploads\/2021\/11\/kit-sekiama-1.png",
                "category_id": "others",
                "quantity": 1,
                "unit_price": 95
            },
            {
                "id": 199,
                "title": "Farofa Doce x 1",
                "description": "Ideal-para-voce-que-deseja-inovar-no-sabor-das-suas-deliciosas-sobremesas-finalizando-com-um-toque-extra-crocante.-Voce-ainda-pode-experimentar-em-vitaminas-massas-de-tortas-cobertura-de-bolos-e-onde-mais-preferir.-Surpree",
                "picture_url": "https:\/\/www.sekiama.com.br\/wp-content\/uploads\/2021\/11\/doce-Frente-1.png",
                "category_id": "others",
                "quantity": 1,
                "unit_price": 19.800000000000000710542735760100185871124267578125
            },
            {
                "id": 195,
                "title": "Farofa com Muita Cebola x 1",
                "description": "Por-ser-incrivelmente-saborosa-a-Farofa-com-muita-cebola-crocante-e-a-campea-de-vendas-conquistando-todos-os-paladares.-Nesta-nobre-preparacao-a-farinha-de-mandioca-absorve-o-incrivel-sabor-da-cebola-fresca-resultando-em",
                "picture_url": "https:\/\/www.sekiama.com.br\/wp-content\/uploads\/2021\/11\/cebola-frente-1.png",
                "category_id": "others",
                "quantity": 1,
                "unit_price": 17.199999999999999289457264239899814128875732421875
            },
            {
                "id": 196,
                "title": "Farofa para Churrasco com Manteiga x 1",
                "description": "Baseada-em-uma-receita-caseira-esta-farofa-consegue-ao-mesmo-tempo-ser-crocante-e-ter-um-sabor-bastante-marcado-de-manteiga.-Desenvolvida-especialmente-para-os-apreciadores-de-churrasco-esta-farofa-ira-conquistar-um-espaco-em",
                "picture_url": "https:\/\/www.sekiama.com.br\/wp-content\/uploads\/2021\/11\/churrasco-frente-1.png",
                "category_id": "others",
                "quantity": 1,
                "unit_price": 17.300000000000000710542735760100185871124267578125
            }
        ],
        "payer": {
            "first_name": "Luiza",
            "last_name": "Quadros",
            "phone": {
                "number": "(11) 94071-3757"
            },
            "address": {
                "zip_code": "09760-281",
                "street_name": "Avenida Armando Ítalo Setti \/ São Bernardo do Campo SP BR"
            }
        },
        "shipments": {
            "receiver_address": {
                "zip_code": "09760-281",
                "street_name": "Avenida Armando Ítalo Setti Apartamento 171 São Bernardo do Campo SP BR",
                "apartment": "Apartamento 171",
                "city_name": "São Bernardo do Campo",
                "state_name": "SP"
            }
        }
    },
    "metadata": {
        "platform": "bo2hnr2ic4p001kbgpt0",
        "platform_version": "6.6.0",
        "module_version": "5.8.0",
        "site_id": "mlb",
        "sponsor_id": 208686191,
        "collector": "163745094",
        "test_mode": false,
        "details": "",
        "basic_settings": {
            "enabled": "no",
            "currency_conversion": "no",
            "installments": "1",
            "method": "redirect",
            "auto_return": "yes",
            "binary_mode": "no",
            "ex_payments_master": "yes",
            "ex_payments_hipercard": "yes",
            "ex_payments_amex": "yes",
            "ex_payments_elo": "yes",
            "ex_payments_visa": "yes",
            "ex_payments_debvisa": "yes",
            "ex_payments_debelo": "yes",
            "ex_payments_pec": "yes",
            "ex_payments_bolbradesco": "yes",
            "gateway_discount_checkbox": "no",
            "commission_checkbox": "no",
            "checkbox_checkout_test_mode": "yes",
            "checkout_credential_prod": "deprecated"
        },
        "custom_settings": {
            "enabled": "yes",
            "currency_conversion": "no",
            "wallet_button": "yes",
            "coupon_mode": "no",
            "binary_mode": "no",
            "gateway_discount_checkbox": "no",
            "commission_checkbox": "no",
            "checkbox_checkout_test_mode": "yes",
            "checkout_credential_prod": "deprecated"
        },
        "ticket_settings": [],
        "pix_settings": {
            "enabled": "yes"
        },
        "seller_website": "https:\/\/www.sekiama.com.br",
        "billing_address": {
            "zip_code": "09760-281",
            "street_name": "Avenida Armando Ítalo Setti",
            "city_name": "São Bernardo do Campo",
            "state_name": "SP",
            "country_name": "BR"
        },
        "user": {
            "registered_user": "no",
            "user_email": null,
            "user_registration_date": null
        },
        "checkout": "custom",
        "checkout_type": "pix"
    }
}
06-20-2022 @ 14:19:52 - [create_preference]: Created Preference: {
    "status": 201,
    "response": {
        "id": 23331946789,
        "date_created": "2022-06-20T13:19:52.078-04:00",
        "date_approved": null,
        "date_last_updated": "2022-06-20T13:19:52.078-04:00",
        "date_of_expiration": "2022-06-20T13:49:51.000-04:00",
        "money_release_date": null,
        "operation_type": "regular_payment",
        "issuer_id": null,
        "payment_method_id": "pix",
        "payment_type_id": "bank_transfer",
        "status": "pending",
        "status_detail": "pending_waiting_transfer",
        "currency_id": "BRL",
        "description": "Kit Sekiama x 1, Farofa Doce x 1, Farofa com Muita Cebola x 1, Farofa para Churrasco com Manteiga x 1",
        "live_mode": true,
        "sponsor_id": 208686191,
        "authorization_code": null,
        "money_release_schema": null,
        "taxes_amount": 0,
        "counter_currency": null,
        "brand_id": null,
        "shipping_amount": 0,
        "pos_id": null,
        "store_id": null,
        "integrator_id": null,
        "platform_id": "bo2hnr2ic4p001kbgpt0",
        "corporation_id": null,
        "collector_id": 163745094,
        "payer": {
            "type": null,
            "id": "341645193",
            "operator_id": null,
            "email": null,
            "identification": {
                "type": null,
                "number": null
            },
            "phone": {
                "area_code": null,
                "number": null,
                "extension": null
            },
            "first_name": null,
            "last_name": null,
            "entity_type": null
        },
        "marketplace_owner": null,
        "metadata": {
            "basic_settings": {
                "ex_payments_debelo": "yes",
                "checkout_credential_prod": "deprecated",
                "checkbox_checkout_test_mode": "yes",
                "method": "redirect",
                "ex_payments_amex": "yes",
                "gateway_discount_checkbox": "no",
                "enabled": "no",
                "ex_payments_master": "yes",
                "ex_payments_visa": "yes",
                "ex_payments_pec": "yes",
                "ex_payments_bolbradesco": "yes",
                "commission_checkbox": "no",
                "currency_conversion": "no",
                "installments": "1",
                "binary_mode": "no",
                "ex_payments_debvisa": "yes",
                "ex_payments_elo": "yes",
                "auto_return": "yes",
                "ex_payments_hipercard": "yes"
            },
            "checkout_type": "pix",
            "seller_website": "https:\/\/www.sekiama.com.br",
            "billing_address": {
                "city_name": "São Bernardo do Campo",
                "state_name": "SP",
                "country_name": "BR",
                "zip_code": "09760-281",
                "street_name": "Avenida Armando Ítalo Setti"
            },
            "module_version": "5.8.0",
            "sponsor_id": 208686191,
            "platform": "bo2hnr2ic4p001kbgpt0",
            "collector": "163745094",
            "ticket_settings": [],
            "platform_version": "6.6.0",
            "test_mode": false,
            "site_id": "mlb",
            "custom_settings": {
                "wallet_button": "yes",
                "checkout_credential_prod": "deprecated",
                "commission_checkbox": "no",
                "checkbox_checkout_test_mode": "yes",
                "currency_conversion": "no",
                "binary_mode": "no",
                "coupon_mode": "no",
                "gateway_discount_checkbox": "no",
                "enabled": "yes"
            },
            "pix_settings": {
                "enabled": "yes"
            },
            "details": "",
            "user": {
                "user_email": null,
                "registered_user": "no",
                "user_registration_date": null
            },
            "checkout": "custom"
        },
        "additional_info": {
            "items": [
                {
                    "id": "209",
                    "title": "Kit Sekiama x 1",
                    "description": "Nao-sabe-qual-farofa-escolher-Quer-presentear-alguem-que-ama-farofa-Este-e-o-Kit-ideal.-Neste-kit-contem-as-farofas-strongDoce-Com-Muita-Cebola-Com-Muitas-Sementes-Faropop-Churrasco-com-Manteiga-e-Com-Muitas-Semen",
                    "picture_url": "https:\/\/www.sekiama.com.br\/wp-content\/uploads\/2021\/11\/kit-sekiama-1.png",
                    "category_id": "others",
                    "quantity": "1",
                    "unit_price": "95"
                },
                {
                    "id": "199",
                    "title": "Farofa Doce x 1",
                    "description": "Ideal-para-voce-que-deseja-inovar-no-sabor-das-suas-deliciosas-sobremesas-finalizando-com-um-toque-extra-crocante.-Voce-ainda-pode-experimentar-em-vitaminas-massas-de-tortas-cobertura-de-bolos-e-onde-mais-preferir.-Surpree",
                    "picture_url": "https:\/\/www.sekiama.com.br\/wp-content\/uploads\/2021\/11\/doce-Frente-1.png",
                    "category_id": "others",
                    "quantity": "1",
                    "unit_price": "19.8"
                },
                {
                    "id": "195",
                    "title": "Farofa com Muita Cebola x 1",
                    "description": "Por-ser-incrivelmente-saborosa-a-Farofa-com-muita-cebola-crocante-e-a-campea-de-vendas-conquistando-todos-os-paladares.-Nesta-nobre-preparacao-a-farinha-de-mandioca-absorve-o-incrivel-sabor-da-cebola-fresca-resultando-em",
                    "picture_url": "https:\/\/www.sekiama.com.br\/wp-content\/uploads\/2021\/11\/cebola-frente-1.png",
                    "category_id": "others",
                    "quantity": "1",
                    "unit_price": "17.2"
                },
                {
                    "id": "196",
                    "title": "Farofa para Churrasco com Manteiga x 1",
                    "description": "Baseada-em-uma-receita-caseira-esta-farofa-consegue-ao-mesmo-tempo-ser-crocante-e-ter-um-sabor-bastante-marcado-de-manteiga.-Desenvolvida-especialmente-para-os-apreciadores-de-churrasco-esta-farofa-ira-conquistar-um-espaco-em",
                    "picture_url": "https:\/\/www.sekiama.com.br\/wp-content\/uploads\/2021\/11\/churrasco-frente-1.png",
                    "category_id": "others",
                    "quantity": "1",
                    "unit_price": "17.3"
                }
            ],
            "payer": {
                "phone": {
                    "number": "(11) 94071-3757"
                },
                "address": {
                    "zip_code": "09760-281",
                    "street_name": "Avenida Armando Ítalo Setti \/ São Bernardo do Campo SP BR"
                },
                "first_name": "Luiza",
                "last_name": "Quadros"
            },
            "shipments": {
                "receiver_address": {
                    "zip_code": "09760-281",
                    "state_name": "SP",
                    "city_name": "São Bernardo do Campo",
                    "street_name": "Avenida Armando Ítalo Setti Apartamento 171 São Bernardo do Campo SP BR",
                    "apartment": "Apartamento 171"
                }
            },
            "available_balance": null,
            "nsu_processadora": null,
            "authentication_code": null
        },
        "order": [],
        "external_reference": "WC-13801",
        "transaction_amount": 149.30000000000001136868377216160297393798828125,
        "transaction_amount_refunded": 0,
        "coupon_amount": 0,
        "differential_pricing_id": null,
        "deduction_schema": null,
        "callback_url": null,
        "installments": 1,
        "transaction_details": {
            "payment_method_reference_id": null,
            "net_received_amount": 0,
            "total_paid_amount": 149.30000000000001136868377216160297393798828125,
            "overpaid_amount": 0,
            "external_resource_url": null,
            "installment_amount": 0,
            "financial_institution": null,
            "payable_deferral_period": null,
            "acquirer_reference": null,
            "bank_transfer_id": null,
            "transaction_id": null
        },
        "fee_details": [],
        "charges_details": [],
        "captured": true,
        "binary_mode": false,
        "call_for_authorize_id": null,
        "statement_descriptor": null,
        "card": [],
        "notification_url": "https:\/\/www.sekiama.com.br\/wc-api\/WC_WooMercadoPago_Pix_Gateway\/?source_news=webhooks",
        "refunds": [],
        "processing_mode": "aggregator",
        "merchant_account_id": null,
        "merchant_number": null,
        "acquirer_reconciliation": [],
        "point_of_interaction": {
            "type": "OPENPLATFORM",
            "business_info": {
                "unit": "online_payments",
                "sub_unit": "woocommerce"
            },
            "location": {
                "state_id": null,
                "source": null
            },
            "application_data": {
                "name": null,
                "version": null
            },
            "transaction_data": {
                "qr_code": "00020126580014br.gov.bcb.pix01365c772f2f-4a19-4c09-91f1-461d82801da05204000053039865406149.305802BR5913THIAGOERMINIO6008So Paulo62240520mpqrinter2333194678963044EA7",
                "bank_transfer_id": null,
                "transaction_id": null,
                "financial_institution": null,
                "ticket_url": "https:\/\/www.mercadopago.com.br\/payments\/23331946789\/ticket?caller_id=341645193&hash=566e4d36-bdfa-4930-b64e-6c5903e26662",
                "bank_info": {
                    "payer": {
                        "account_id": null,
                        "id": null,
                        "long_name": null,
                        "external_account_id": null
                    },
                    "collector": {
                        "account_id": null,
                        "long_name": null,
                        "account_holder_name": "Thiago Erminio Victor",
                        "transfer_account_id": null
                    },
                    "is_same_bank_account_owner": null,
                    "origin_bank_id": null,
                    "origin_wallet_id": null
                },
                "qr_code_base64": "iVBORw0KGgoAAAANSUhEUgAABWQAAAVkAQAAAAB79iscAAAI0UlEQVR42u3dQY7jNhAFUN5A97+lbqBggkkisX7RDjIIEup50eh2W9Kjdx9VLI7rf\/Q6By0tLS0tLS0tLS0tLS0tLS0tLS0tLS0tLS0tLS0tLS0tLS0tLS0tLS0tLS0tLS0tLS0tLS3tr9eO+XX8eO\/4+Y8fn53f+\/mP6\/neHx\/5\/Yry48o3vd++MmhpaWlpaWlpaWlpaV+iPe6R7X6Tcb\/Tn5eO8thxl00r+Ouy8gVN2sSgpaWlpaWlpaWlpaV9i7Ykwat4pmWEGlwfFqcFtc9NDFpaWlpaWlpaWlpa2ndqz4wvWe+xjBI+j2eA\/As6lQdpaWlpaWlpaWlpaWlp+zQ3Sv1uArRtm+0V07XrMEtLS0tLS0tLS0tLS\/sKbcY3WS+Tp6Lgt3XDY9n8SUtLS0tLS0tLS0tL+wptO6Xk3\/3xT2eq0NLS0tLS0tLS0tLS\/k+161caQXIv06XuzOa3Uiicin3ti5aWlpaWlpaWlpaWdndt7ZwsNbiRy3mpO3M9VjLXA4\/uPVpaWlpaWlpaWlpa2hdo81a38\/nE6XP1iaXhcixmk0xfVXsFLS0tLS0tLS0tLS3tm7RXaYEsU\/gfifH+3ugyYZ0tOcXLaQVfp0haWlpaWlpaWlpaWtqttOsB\/M3GtbKC1TJS7a9oayqlpaWlpaWlpaWlpaV9hfaOSqkv3em8f25xPtuRi4IplbY9mbS0tLS0tLS0tLS0tPtr63PKcdbTLrf2KOzpvdHd5QpPO0LDJS0tLS0tLS0tLS0t7Qu008dKme4IVcCrnLvWVvym7Jgza7rfQUtLS0tLS0tLS0tL+yZtW5ebKnR5b9uRc2eaS9nOOlkkVVpaWlpaWlpaWlpa2r21eRjJlAQTKjVNns\/NcSmQnmHWybGIq7S0tLS0tLS0tLS0tLtrp8BXui7HqEtLf56jKRlW3vTc9URJWlpaWlpaWlpaWlral2ibYl\/qnGzzZB5aMhant5Uv6PszCGhpaWlpaWlpaWlpabfSpsSYl\/FxIklOgtditH\/ZhbfsEaWlpaWlpaWlpaWlpd1NW+JbE+5K++SU9a7cOZm6Lkt17\/p7PaK0tLS0tLS0tLS0tLRbaXOAPEoRL\/VQLkY+pk7MUb6W\/MhrvgstLS0tLS0tLS0tLe3e2nb445WbJhfaUTonp7CYnlv21H11BgEtLS0tLS0tLS0tLe0u2jSgJF965n1sY36lEl\/dK9f2ZC5TJC0tLS0tLS0tLS0t7Y7aqbky9UZeJSym9z5lzObOZar\/6KdH0tLS0tLS0tLS0tLS7qg9w5CRZuNaO1YyT4pcbHAbeSfd+XXmpaWlpaWlpaWlpaWl3UebntgU3cr4khHOZzueoyZH6avM++yaZdDS0tLS0tLS0tLS0u6uvUfE0Z1LPc2WPEJJLh3Nlk7Bnmb5r3InLS0tLS0tLS0tLS3tK7SpxLc4AHsEwPXcEtcco92W89J2OlpaWlpaWlpaWlpa2vdoc1g8cq9lOrq6\/DbKf9uzAVJILa2XtLS0tLS0tLS0tLS0u2vbo6vrWJJcv2uuvY8qqa\/vIyctLS0tLS0tLS0tLe3e2tQ0WfbAHZ8KgJ+uvcr0\/4m8TKC0tLS0tLS0tLS0tLR7ax89lNNokXTj8oijdF3myJkaOJuOza66R0tLS0tLS0tLS0tLu5821+DOLgQepS43Bc28V26q\/V1hGe17tLS0tLS0tLS0tLS0u2un54w83rGsarV\/rjz7HGPRcJnKfgctLS0tLS0tLS0tLe2btG3CK8W+I2e9+7VpoP+ROzvbKElLS0tLS0tLS0tLS\/se7aK5Mp1V3ZydltJmXumZb19etLS0tLS0tLS0tLS0b9HmZ1doVlx5c1yJnFfB59h4flfdo6WlpaWlpaWlpaWl3U+bim5Xznql67LpyVwccT26f6SV0tLS0tLS0tLS0tLS7q1tz7T+Il7m7Fi303VVu2ZAyWJKCS0tLS0tLS0tLS0t7bbaeuJ1Mn4qCo5QGVwH0rPsswub8mhpaWlpaWlpaWlpaXfWrpshQwvkWE+KTEtLl5WbPvC0tLS0tLS0tLS0tLRv0h5leH85tbr2UOYbXN34krT6usWuzDChpaWlpaWlpaWlpaV9gTY9sb1TIpfWy+u5xa5uiSthMZX4aGlpaWlpaWlpaWlp36Itzx7hAOxU3asHYBfKGc5Te+y9my5LXwEtLS0tLS0tLS0tLe3u2gwYJUXmLWxjkQTXfZrlc48ruq5LWlpaWlpaWlpaWlra\/bRThkuRLlf86hjIqaaXf6QAWfHLzEtLS0tLS0tLS0tLS7uj9ipdl4sVpHmTzRX3VNoMN0mdmLS0tLS0tLS0tLS0tG\/SNi2VCV\/6NM8Rb3XPiW2xrznM7fNMFVpaWlpaWlpaWlpa2q20090Xw0PO7jzs1QHYpesyZcf1i5aWlpaWlpaWlpaW9hXasWypTKeo1Z1vpYHz+IRK++xK+KSlpaWlpaWlpaWlpd1bW4wfz7leQK9ctVsk1aky+FWPKC0tLS0tLS0tLS0t7Y7aUTaulTn7o0wuSRNOps7JdnDk4trPKZKWlpaWlpaWlpaWlnYjbS66HSUYptx5\/3A6v\/oKqbTGxuk0gc9dl7S0tLS0tLS0tLS0tFtpx\/w68tj9NKWk7Hc7wh64dhhJipzj6+oeLS0tLS0tLS0tLS3tPtojB8j1Vrf02NR\/mW\/a7Kn7JkXS0tLS0tLS0tLS0tJuqW0D5JQiy43PMXIMrVNKFl\/L3+kRpaWlpaWlpaWlpaWlfZc2RLp5+kg++\/pcNGa22fHL6h4tLS0tLS0tLS0tLe07tHkf29ntaKv1wHQC27pQ2C2NlpaWlpaWlpaWlpZ2e23Bp61pZ\/dnreTlgf6pufJ8upOKlpaWlpaWlpaWlpZ2d21tfEzD9suQkbqCNSpNQpmiaXkkLS0tLS0tLS0tLS3tC7T\/\/RctLS0tLS0tLS0tLS0tLS0tLS0tLS0tLS0tLS0tLS0tLS0tLS0tLS0tLS0tLS0tLS0tLS0t7S\/T\/gbEsgTZdXuodQAAAABJRU5ErkJggg=="
            }
        }
    }
}
06-20-2022 @ 14:19:52 - [create_preference]: payment link generated with success from mercado pago, with structure as follow: {
    "status": 201,
    "response": {
        "id": 23331946789,
        "date_created": "2022-06-20T13:19:52.078-04:00",
        "date_approved": null,
        "date_last_updated": "2022-06-20T13:19:52.078-04:00",
        "date_of_expiration": "2022-06-20T13:49:51.000-04:00",
        "money_release_date": null,
        "operation_type": "regular_payment",
        "issuer_id": null,
        "payment_method_id": "pix",
        "payment_type_id": "bank_transfer",
        "status": "pending",
        "status_detail": "pending_waiting_transfer",
        "currency_id": "BRL",
        "description": "Kit Sekiama x 1, Farofa Doce x 1, Farofa com Muita Cebola x 1, Farofa para Churrasco com Manteiga x 1",
        "live_mode": true,
        "sponsor_id": 208686191,
        "authorization_code": null,
        "money_release_schema": null,
        "taxes_amount": 0,
        "counter_currency": null,
        "brand_id": null,
        "shipping_amount": 0,
        "pos_id": null,
        "store_id": null,
        "integrator_id": null,
        "platform_id": "bo2hnr2ic4p001kbgpt0",
        "corporation_id": null,
        "collector_id": 163745094,
        "payer": {
            "type": null,
            "id": "341645193",
            "operator_id": null,
            "email": null,
            "identification": {
                "type": null,
                "number": null
            },
            "phone": {
                "area_code": null,
                "number": null,
                "extension": null
            },
            "first_name": null,
            "last_name": null,
            "entity_type": null
        },
        "marketplace_owner": null,
        "metadata": {
            "basic_settings": {
                "ex_payments_debelo": "yes",
                "checkout_credential_prod": "deprecated",
                "checkbox_checkout_test_mode": "yes",
                "method": "redirect",
                "ex_payments_amex": "yes",
                "gateway_discount_checkbox": "no",
                "enabled": "no",
                "ex_payments_master": "yes",
                "ex_payments_visa": "yes",
                "ex_payments_pec": "yes",
                "ex_payments_bolbradesco": "yes",
                "commission_checkbox": "no",
                "currency_conversion": "no",
                "installments": "1",
                "binary_mode": "no",
                "ex_payments_debvisa": "yes",
                "ex_payments_elo": "yes",
                "auto_return": "yes",
                "ex_payments_hipercard": "yes"
            },
            "checkout_type": "pix",
            "seller_website": "https:\/\/www.sekiama.com.br",
            "billing_address": {
                "city_name": "São Bernardo do Campo",
                "state_name": "SP",
                "country_name": "BR",
                "zip_code": "09760-281",
                "street_name": "Avenida Armando Ítalo Setti"
            },
            "module_version": "5.8.0",
            "sponsor_id": 208686191,
            "platform": "bo2hnr2ic4p001kbgpt0",
            "collector": "163745094",
            "ticket_settings": [],
            "platform_version": "6.6.0",
            "test_mode": false,
            "site_id": "mlb",
            "custom_settings": {
                "wallet_button": "yes",
                "checkout_credential_prod": "deprecated",
                "commission_checkbox": "no",
                "checkbox_checkout_test_mode": "yes",
                "currency_conversion": "no",
                "binary_mode": "no",
                "coupon_mode": "no",
                "gateway_discount_checkbox": "no",
                "enabled": "yes"
            },
            "pix_settings": {
                "enabled": "yes"
            },
            "details": "",
            "user": {
                "user_email": null,
                "registered_user": "no",
                "user_registration_date": null
            },
            "checkout": "custom"
        },
        "additional_info": {
            "items": [
                {
                    "id": "209",
                    "title": "Kit Sekiama x 1",
                    "description": "Nao-sabe-qual-farofa-escolher-Quer-presentear-alguem-que-ama-farofa-Este-e-o-Kit-ideal.-Neste-kit-contem-as-farofas-strongDoce-Com-Muita-Cebola-Com-Muitas-Sementes-Faropop-Churrasco-com-Manteiga-e-Com-Muitas-Semen",
                    "picture_url": "https:\/\/www.sekiama.com.br\/wp-content\/uploads\/2021\/11\/kit-sekiama-1.png",
                    "category_id": "others",
                    "quantity": "1",
                    "unit_price": "95"
                },
                {
                    "id": "199",
                    "title": "Farofa Doce x 1",
                    "description": "Ideal-para-voce-que-deseja-inovar-no-sabor-das-suas-deliciosas-sobremesas-finalizando-com-um-toque-extra-crocante.-Voce-ainda-pode-experimentar-em-vitaminas-massas-de-tortas-cobertura-de-bolos-e-onde-mais-preferir.-Surpree",
                    "picture_url": "https:\/\/www.sekiama.com.br\/wp-content\/uploads\/2021\/11\/doce-Frente-1.png",
                    "category_id": "others",
                    "quantity": "1",
                    "unit_price": "19.8"
                },
                {
                    "id": "195",
                    "title": "Farofa com Muita Cebola x 1",
                    "description": "Por-ser-incrivelmente-saborosa-a-Farofa-com-muita-cebola-crocante-e-a-campea-de-vendas-conquistando-todos-os-paladares.-Nesta-nobre-preparacao-a-farinha-de-mandioca-absorve-o-incrivel-sabor-da-cebola-fresca-resultando-em",
                    "picture_url": "https:\/\/www.sekiama.com.br\/wp-content\/uploads\/2021\/11\/cebola-frente-1.png",
                    "category_id": "others",
                    "quantity": "1",
                    "unit_price": "17.2"
                },
                {
                    "id": "196",
                    "title": "Farofa para Churrasco com Manteiga x 1",
                    "description": "Baseada-em-uma-receita-caseira-esta-farofa-consegue-ao-mesmo-tempo-ser-crocante-e-ter-um-sabor-bastante-marcado-de-manteiga.-Desenvolvida-especialmente-para-os-apreciadores-de-churrasco-esta-farofa-ira-conquistar-um-espaco-em",
                    "picture_url": "https:\/\/www.sekiama.com.br\/wp-content\/uploads\/2021\/11\/churrasco-frente-1.png",
                    "category_id": "others",
                    "quantity": "1",
                    "unit_price": "17.3"
                }
            ],
            "payer": {
                "phone": {
                    "number": "(11) 94071-3757"
                },
                "address": {
                    "zip_code": "09760-281",
                    "street_name": "Avenida Armando Ítalo Setti \/ São Bernardo do Campo SP BR"
                },
                "first_name": "Luiza",
                "last_name": "Quadros"
            },
            "shipments": {
                "receiver_address": {
                    "zip_code": "09760-281",
                    "state_name": "SP",
                    "city_name": "São Bernardo do Campo",
                    "street_name": "Avenida Armando Ítalo Setti Apartamento 171 São Bernardo do Campo SP BR",
                    "apartment": "Apartamento 171"
                }
            },
            "available_balance": null,
            "nsu_processadora": null,
            "authentication_code": null
        },
        "order": [],
        "external_reference": "WC-13801",
        "transaction_amount": 149.30000000000001136868377216160297393798828125,
        "transaction_amount_refunded": 0,
        "coupon_amount": 0,
        "differential_pricing_id": null,
        "deduction_schema": null,
        "callback_url": null,
        "installments": 1,
        "transaction_details": {
            "payment_method_reference_id": null,
            "net_received_amount": 0,
            "total_paid_amount": 149.30000000000001136868377216160297393798828125,
            "overpaid_amount": 0,
            "external_resource_url": null,
            "installment_amount": 0,
            "financial_institution": null,
            "payable_deferral_period": null,
            "acquirer_reference": null,
            "bank_transfer_id": null,
            "transaction_id": null
        },
        "fee_details": [],
        "charges_details": [],
        "captured": true,
        "binary_mode": false,
        "call_for_authorize_id": null,
        "statement_descriptor": null,
        "card": [],
        "notification_url": "https:\/\/www.sekiama.com.br\/wc-api\/WC_WooMercadoPago_Pix_Gateway\/?source_news=webhooks",
        "refunds": [],
        "processing_mode": "aggregator",
        "merchant_account_id": null,
        "merchant_number": null,
        "acquirer_reconciliation": [],
        "point_of_interaction": {
            "type": "OPENPLATFORM",
            "business_info": {
                "unit": "online_payments",
                "sub_unit": "woocommerce"
            },
            "location": {
                "state_id": null,
                "source": null
            },
            "application_data": {
                "name": null,
                "version": null
            },
            "transaction_data": {
                "qr_code": "00020126580014br.gov.bcb.pix01365c772f2f-4a19-4c09-91f1-461d82801da05204000053039865406149.305802BR5913THIAGOERMINIO6008So Paulo62240520mpqrinter2333194678963044EA7",
                "bank_transfer_id": null,
                "transaction_id": null,
                "financial_institution": null,
                "ticket_url": "https:\/\/www.mercadopago.com.br\/payments\/23331946789\/ticket?caller_id=341645193&hash=566e4d36-bdfa-4930-b64e-6c5903e26662",
                "bank_info": {
                    "payer": {
                        "account_id": null,
                        "id": null,
                        "long_name": null,
                        "external_account_id": null
                    },
                    "collector": {
                        "account_id": null,
                        "long_name": null,
                        "account_holder_name": "Thiago Erminio Victor",
                        "transfer_account_id": null
                    },
                    "is_same_bank_account_owner": null,
                    "origin_bank_id": null,
                    "origin_wallet_id": null
                },
                "qr_code_base64": "iVBORw0KGgoAAAANSUhEUgAABWQAAAVkAQAAAAB79iscAAAI0UlEQVR42u3dQY7jNhAFUN5A97+lbqBggkkisX7RDjIIEup50eh2W9Kjdx9VLI7rf\/Q6By0tLS0tLS0tLS0tLS0tLS0tLS0tLS0tLS0tLS0tLS0tLS0tLS0tLS0tLS0tLS0tLS0tLS3tr9eO+XX8eO\/4+Y8fn53f+\/mP6\/neHx\/5\/Yry48o3vd++MmhpaWlpaWlpaWlpaV+iPe6R7X6Tcb\/Tn5eO8thxl00r+Ouy8gVN2sSgpaWlpaWlpaWlpaV9i7Ykwat4pmWEGlwfFqcFtc9NDFpaWlpaWlpaWlpa2ndqz4wvWe+xjBI+j2eA\/As6lQdpaWlpaWlpaWlpaWlp+zQ3Sv1uArRtm+0V07XrMEtLS0tLS0tLS0tLS\/sKbcY3WS+Tp6Lgt3XDY9n8SUtLS0tLS0tLS0tL+wptO6Xk3\/3xT2eq0NLS0tLS0tLS0tLS\/k+161caQXIv06XuzOa3Uiicin3ti5aWlpaWlpaWlpaWdndt7ZwsNbiRy3mpO3M9VjLXA4\/uPVpaWlpaWlpaWlpa2hdo81a38\/nE6XP1iaXhcixmk0xfVXsFLS0tLS0tLS0tLS3tm7RXaYEsU\/gfifH+3ugyYZ0tOcXLaQVfp0haWlpaWlpaWlpaWtqttOsB\/M3GtbKC1TJS7a9oayqlpaWlpaWlpaWlpaV9hfaOSqkv3em8f25xPtuRi4IplbY9mbS0tLS0tLS0tLS0tPtr63PKcdbTLrf2KOzpvdHd5QpPO0LDJS0tLS0tLS0tLS0t7Qu008dKme4IVcCrnLvWVvym7Jgza7rfQUtLS0tLS0tLS0tL+yZtW5ebKnR5b9uRc2eaS9nOOlkkVVpaWlpaWlpaWlpa2r21eRjJlAQTKjVNns\/NcSmQnmHWybGIq7S0tLS0tLS0tLS0tLtrp8BXui7HqEtLf56jKRlW3vTc9URJWlpaWlpaWlpaWlral2ibYl\/qnGzzZB5aMhant5Uv6PszCGhpaWlpaWlpaWlpabfSpsSYl\/FxIklOgtditH\/ZhbfsEaWlpaWlpaWlpaWlpd1NW+JbE+5K++SU9a7cOZm6Lkt17\/p7PaK0tLS0tLS0tLS0tLRbaXOAPEoRL\/VQLkY+pk7MUb6W\/MhrvgstLS0tLS0tLS0tLe3e2nb445WbJhfaUTonp7CYnlv21H11BgEtLS0tLS0tLS0tLe0u2jSgJF965n1sY36lEl\/dK9f2ZC5TJC0tLS0tLS0tLS0t7Y7aqbky9UZeJSym9z5lzObOZar\/6KdH0tLS0tLS0tLS0tLS7qg9w5CRZuNaO1YyT4pcbHAbeSfd+XXmpaWlpaWlpaWlpaWl3UebntgU3cr4khHOZzueoyZH6avM++yaZdDS0tLS0tLS0tLS0u6uvUfE0Z1LPc2WPEJJLh3Nlk7Bnmb5r3InLS0tLS0tLS0tLS3tK7SpxLc4AHsEwPXcEtcco92W89J2OlpaWlpaWlpaWlpa2vdoc1g8cq9lOrq6\/DbKf9uzAVJILa2XtLS0tLS0tLS0tLS0u2vbo6vrWJJcv2uuvY8qqa\/vIyctLS0tLS0tLS0tLe3e2tQ0WfbAHZ8KgJ+uvcr0\/4m8TKC0tLS0tLS0tLS0tLR7ax89lNNokXTj8oijdF3myJkaOJuOza66R0tLS0tLS0tLS0tLu5821+DOLgQepS43Bc28V26q\/V1hGe17tLS0tLS0tLS0tLS0u2un54w83rGsarV\/rjz7HGPRcJnKfgctLS0tLS0tLS0tLe2btG3CK8W+I2e9+7VpoP+ROzvbKElLS0tLS0tLS0tLS\/se7aK5Mp1V3ZydltJmXumZb19etLS0tLS0tLS0tLS0b9HmZ1doVlx5c1yJnFfB59h4flfdo6WlpaWlpaWlpaWl3U+bim5Xznql67LpyVwccT26f6SV0tLS0tLS0tLS0tLS7q1tz7T+Il7m7Fi303VVu2ZAyWJKCS0tLS0tLS0tLS0t7bbaeuJ1Mn4qCo5QGVwH0rPsswub8mhpaWlpaWlpaWlpaXfWrpshQwvkWE+KTEtLl5WbPvC0tLS0tLS0tLS0tLRv0h5leH85tbr2UOYbXN34krT6usWuzDChpaWlpaWlpaWlpaV9gTY9sb1TIpfWy+u5xa5uiSthMZX4aGlpaWlpaWlpaWlp36Itzx7hAOxU3asHYBfKGc5Te+y9my5LXwEtLS0tLS0tLS0tLe3u2gwYJUXmLWxjkQTXfZrlc48ruq5LWlpaWlpaWlpaWlra\/bRThkuRLlf86hjIqaaXf6QAWfHLzEtLS0tLS0tLS0tLS7uj9ipdl4sVpHmTzRX3VNoMN0mdmLS0tLS0tLS0tLS0tG\/SNi2VCV\/6NM8Rb3XPiW2xrznM7fNMFVpaWlpaWlpaWlpa2q20090Xw0PO7jzs1QHYpesyZcf1i5aWlpaWlpaWlpaW9hXasWypTKeo1Z1vpYHz+IRK++xK+KSlpaWlpaWlpaWlpd1bW4wfz7leQK9ctVsk1aky+FWPKC0tLS0tLS0tLS0t7Y7aUTaulTn7o0wuSRNOps7JdnDk4trPKZKWlpaWlpaWlpaWlnYjbS66HSUYptx5\/3A6v\/oKqbTGxuk0gc9dl7S0tLS0tLS0tLS0tFtpx\/w68tj9NKWk7Hc7wh64dhhJipzj6+oeLS0tLS0tLS0tLS3tPtojB8j1Vrf02NR\/mW\/a7Kn7JkXS0tLS0tLS0tLS0tJuqW0D5JQiy43PMXIMrVNKFl\/L3+kRpaWlpaWlpaWlpaWlfZc2RLp5+kg++\/pcNGa22fHL6h4tLS0tLS0tLS0tLe07tHkf29ntaKv1wHQC27pQ2C2NlpaWlpaWlpaWlpZ2e23Bp61pZ\/dnreTlgf6pufJ8upOKlpaWlpaWlpaWlpZ2d21tfEzD9suQkbqCNSpNQpmiaXkkLS0tLS0tLS0tLS3tC7T\/\/RctLS0tLS0tLS0tLS0tLS0tLS0tLS0tLS0tLS0tLS0tLS0tLS0tLS0tLS0tLS0tLS0tLS0t7S\/T\/gbEsgTZdXuodQAAAABJRU5ErkJggg=="
            }
        }
    }
}
06-20-2022 @ 14:19:53 - [check_ipn_response]: received _get content: {
    "data_id": "23331946789",
    "source_news": "webhooks",
    "type": "payment"
}
06-20-2022 @ 14:19:53 - [successful_request]: starting to process  update...
06-20-2022 @ 14:19:53 - [successful_request]: updating metadata and status with data: {
    "acquirer_reconciliation": [],
    "additional_info": {
        "authentication_code": null,
        "available_balance": null,
        "items": [
            {
                "category_id": "others",
                "description": "Nao-sabe-qual-farofa-escolher-Quer-presentear-alguem-que-ama-farofa-Este-e-o-Kit-ideal.-Neste-kit-contem-as-farofas-strongDoce-Com-Muita-Cebola-Com-Muitas-Sementes-Faropop-Churrasco-com-Manteiga-e-Com-Muitas-Semen",
                "id": "209",
                "picture_url": "https:\/\/www.sekiama.com.br\/wp-content\/uploads\/2021\/11\/kit-sekiama-1.png",
                "quantity": "1",
                "title": "Kit Sekiama x 1",
                "unit_price": "95"
            },
            {
                "category_id": "others",
                "description": "Ideal-para-voce-que-deseja-inovar-no-sabor-das-suas-deliciosas-sobremesas-finalizando-com-um-toque-extra-crocante.-Voce-ainda-pode-experimentar-em-vitaminas-massas-de-tortas-cobertura-de-bolos-e-onde-mais-preferir.-Surpree",
                "id": "199",
                "picture_url": "https:\/\/www.sekiama.com.br\/wp-content\/uploads\/2021\/11\/doce-Frente-1.png",
                "quantity": "1",
                "title": "Farofa Doce x 1",
                "unit_price": "19.8"
            },
            {
                "category_id": "others",
                "description": "Por-ser-incrivelmente-saborosa-a-Farofa-com-muita-cebola-crocante-e-a-campea-de-vendas-conquistando-todos-os-paladares.-Nesta-nobre-preparacao-a-farinha-de-mandioca-absorve-o-incrivel-sabor-da-cebola-fresca-resultando-em",
                "id": "195",
                "picture_url": "https:\/\/www.sekiama.com.br\/wp-content\/uploads\/2021\/11\/cebola-frente-1.png",
                "quantity": "1",
                "title": "Farofa com Muita Cebola x 1",
                "unit_price": "17.2"
            },
            {
                "category_id": "others",
                "description": "Baseada-em-uma-receita-caseira-esta-farofa-consegue-ao-mesmo-tempo-ser-crocante-e-ter-um-sabor-bastante-marcado-de-manteiga.-Desenvolvida-especialmente-para-os-apreciadores-de-churrasco-esta-farofa-ira-conquistar-um-espaco-em",
                "id": "196",
                "picture_url": "https:\/\/www.sekiama.com.br\/wp-content\/uploads\/2021\/11\/churrasco-frente-1.png",
                "quantity": "1",
                "title": "Farofa para Churrasco com Manteiga x 1",
                "unit_price": "17.3"
            }
        ],
        "nsu_processadora": null,
        "payer": {
            "address": {
                "street_name": "Avenida Armando Ítalo Setti \/ São Bernardo do Campo SP BR",
                "zip_code": "09760-281"
            },
            "first_name": "Luiza",
            "last_name": "Quadros",
            "phone": {
                "number": "(11) 94071-3757"
            }
        },
        "shipments": {
            "receiver_address": {
                "apartment": "Apartamento 171",
                "city_name": "São Bernardo do Campo",
                "state_name": "SP",
                "street_name": "Avenida Armando Ítalo Setti Apartamento 171 São Bernardo do Campo SP BR",
                "zip_code": "09760-281"
            }
        }
    },
    "authorization_code": null,
    "binary_mode": false,
    "brand_id": null,
    "call_for_authorize_id": null,
    "callback_url": null,
    "captured": true,
    "card": [],
    "charges_details": [],
    "collector_id": 163745094,
    "corporation_id": null,
    "counter_currency": null,
    "coupon_amount": 0,
    "currency_id": "BRL",
    "date_approved": null,
    "date_created": "2022-06-20T13:19:52.000-04:00",
    "date_last_updated": "2022-06-20T13:19:52.000-04:00",
    "date_of_expiration": "2022-06-20T13:49:51.000-04:00",
    "deduction_schema": null,
    "description": "Kit Sekiama x 1, Farofa Doce x 1, Farofa com Muita Cebola x 1, Farofa para Churrasco com Manteiga x 1",
    "differential_pricing_id": null,
    "external_reference": "WC-13801",
    "fee_details": [],
    "id": 23331946789,
    "installments": 1,
    "integrator_id": null,
    "issuer_id": null,
    "live_mode": true,
    "marketplace_owner": null,
    "merchant_account_id": null,
    "merchant_number": null,
    "metadata": {
        "basic_settings": {
            "ex_payments_debelo": "yes",
            "checkout_credential_prod": "deprecated",
            "checkbox_checkout_test_mode": "yes",
            "method": "redirect",
            "ex_payments_amex": "yes",
            "gateway_discount_checkbox": "no",
            "enabled": "no",
            "ex_payments_master": "yes",
            "ex_payments_pec": "yes",
            "ex_payments_visa": "yes",
            "ex_payments_bolbradesco": "yes",
            "commission_checkbox": "no",
            "binary_mode": "no",
            "currency_conversion": "no",
            "installments": "1",
            "ex_payments_debvisa": "yes",
            "ex_payments_elo": "yes",
            "auto_return": "yes",
            "ex_payments_hipercard": "yes"
        },
        "checkout_type": "pix",
        "seller_website": "https:\/\/www.sekiama.com.br",
        "billing_address": {
            "city_name": "São Bernardo do Campo",
            "state_name": "SP",
            "country_name": "BR",
            "street_name": "Avenida Armando Ítalo Setti",
            "zip_code": "09760-281"
        },
        "module_version": "5.8.0",
        "sponsor_id": 208686191,
        "collector": "163745094",
        "platform": "bo2hnr2ic4p001kbgpt0",
        "ticket_settings": [],
        "platform_version": "6.6.0",
        "test_mode": false,
        "site_id": "mlb",
        "custom_settings": {
            "checkout_credential_prod": "deprecated",
            "wallet_button": "yes",
            "commission_checkbox": "no",
            "checkbox_checkout_test_mode": "yes",
            "binary_mode": "no",
            "currency_conversion": "no",
            "coupon_mode": "no",
            "gateway_discount_checkbox": "no",
            "enabled": "yes"
        },
        "pix_settings": {
            "enabled": "yes"
        },
        "details": "",
        "checkout": "custom",
        "user": {
            "user_email": null,
            "registered_user": "no",
            "user_registration_date": null
        }
    },
    "money_release_date": null,
    "money_release_schema": null,
    "notification_url": "https:\/\/www.sekiama.com.br\/wc-api\/WC_WooMercadoPago_Pix_Gateway\/?source_news=webhooks",
    "operation_type": "regular_payment",
    "order": [],
    "payer": {
        "email": null,
        "entity_type": null,
        "first_name": null,
        "id": "341645193",
        "identification": {
            "number": null,
            "type": null
        },
        "last_name": null,
        "operator_id": null,
        "phone": {
            "area_code": null,
            "extension": null,
            "number": null
        },
        "type": null
    },
    "payment_method_id": "pix",
    "payment_type_id": "bank_transfer",
    "platform_id": "bo2hnr2ic4p001kbgpt0",
    "point_of_interaction": {
        "application_data": {
            "name": null,
            "version": null
        },
        "business_info": {
            "sub_unit": "woocommerce",
            "unit": "online_payments"
        },
        "location": {
            "source": null,
            "state_id": null
        },
        "transaction_data": {
            "bank_info": {
                "collector": {
                    "account_holder_name": "Thiago Erminio Victor",
                    "account_id": null,
                    "long_name": null,
                    "transfer_account_id": null
                },
                "is_same_bank_account_owner": null,
                "origin_bank_id": null,
                "origin_wallet_id": null,
                "payer": {
                    "account_id": null,
                    "external_account_id": null,
                    "id": null,
                    "long_name": null
                }
            },
            "bank_transfer_id": null,
            "financial_institution": null,
            "infringement_notification": {
                "status": null,
                "type": null
            },
            "qr_code": "00020126580014br.gov.bcb.pix01365c772f2f-4a19-4c09-91f1-461d82801da05204000053039865406149.305802BR5913THIAGOERMINIO6008So Paulo62240520mpqrinter2333194678963044EA7",
            "qr_code_base64": "iVBORw0KGgoAAAANSUhEUgAABWQAAAVkAQAAAAB79iscAAAI0UlEQVR42u3dQY7jNhAFUN5A97+lbqBggkkisX7RDjIIEup50eh2W9Kjdx9VLI7rf\/Q6By0tLS0tLS0tLS0tLS0tLS0tLS0tLS0tLS0tLS0tLS0tLS0tLS0tLS0tLS0tLS0tLS0tLS3tr9eO+XX8eO\/4+Y8fn53f+\/mP6\/neHx\/5\/Yry48o3vd++MmhpaWlpaWlpaWlpaV+iPe6R7X6Tcb\/Tn5eO8thxl00r+Ouy8gVN2sSgpaWlpaWlpaWlpaV9i7Ykwat4pmWEGlwfFqcFtc9NDFpaWlpaWlpaWlpa2ndqz4wvWe+xjBI+j2eA\/As6lQdpaWlpaWlpaWlpaWlp+zQ3Sv1uArRtm+0V07XrMEtLS0tLS0tLS0tLS\/sKbcY3WS+Tp6Lgt3XDY9n8SUtLS0tLS0tLS0tL+wptO6Xk3\/3xT2eq0NLS0tLS0tLS0tLS\/k+161caQXIv06XuzOa3Uiicin3ti5aWlpaWlpaWlpaWdndt7ZwsNbiRy3mpO3M9VjLXA4\/uPVpaWlpaWlpaWlpa2hdo81a38\/nE6XP1iaXhcixmk0xfVXsFLS0tLS0tLS0tLS3tm7RXaYEsU\/gfifH+3ugyYZ0tOcXLaQVfp0haWlpaWlpaWlpaWtqttOsB\/M3GtbKC1TJS7a9oayqlpaWlpaWlpaWlpaV9hfaOSqkv3em8f25xPtuRi4IplbY9mbS0tLS0tLS0tLS0tPtr63PKcdbTLrf2KOzpvdHd5QpPO0LDJS0tLS0tLS0tLS0t7Qu008dKme4IVcCrnLvWVvym7Jgza7rfQUtLS0tLS0tLS0tL+yZtW5ebKnR5b9uRc2eaS9nOOlkkVVpaWlpaWlpaWlpa2r21eRjJlAQTKjVNns\/NcSmQnmHWybGIq7S0tLS0tLS0tLS0tLtrp8BXui7HqEtLf56jKRlW3vTc9URJWlpaWlpaWlpaWlral2ibYl\/qnGzzZB5aMhant5Uv6PszCGhpaWlpaWlpaWlpabfSpsSYl\/FxIklOgtditH\/ZhbfsEaWlpaWlpaWlpaWlpd1NW+JbE+5K++SU9a7cOZm6Lkt17\/p7PaK0tLS0tLS0tLS0tLRbaXOAPEoRL\/VQLkY+pk7MUb6W\/MhrvgstLS0tLS0tLS0tLe3e2nb445WbJhfaUTonp7CYnlv21H11BgEtLS0tLS0tLS0tLe0u2jSgJF965n1sY36lEl\/dK9f2ZC5TJC0tLS0tLS0tLS0t7Y7aqbky9UZeJSym9z5lzObOZar\/6KdH0tLS0tLS0tLS0tLS7qg9w5CRZuNaO1YyT4pcbHAbeSfd+XXmpaWlpaWlpaWlpaWl3UebntgU3cr4khHOZzueoyZH6avM++yaZdDS0tLS0tLS0tLS0u6uvUfE0Z1LPc2WPEJJLh3Nlk7Bnmb5r3InLS0tLS0tLS0tLS3tK7SpxLc4AHsEwPXcEtcco92W89J2OlpaWlpaWlpaWlpa2vdoc1g8cq9lOrq6\/DbKf9uzAVJILa2XtLS0tLS0tLS0tLS0u2vbo6vrWJJcv2uuvY8qqa\/vIyctLS0tLS0tLS0tLe3e2tQ0WfbAHZ8KgJ+uvcr0\/4m8TKC0tLS0tLS0tLS0tLR7ax89lNNokXTj8oijdF3myJkaOJuOza66R0tLS0tLS0tLS0tLu5821+DOLgQepS43Bc28V26q\/V1hGe17tLS0tLS0tLS0tLS0u2un54w83rGsarV\/rjz7HGPRcJnKfgctLS0tLS0tLS0tLe2btG3CK8W+I2e9+7VpoP+ROzvbKElLS0tLS0tLS0tLS\/se7aK5Mp1V3ZydltJmXumZb19etLS0tLS0tLS0tLS0b9HmZ1doVlx5c1yJnFfB59h4flfdo6WlpaWlpaWlpaWl3U+bim5Xznql67LpyVwccT26f6SV0tLS0tLS0tLS0tLS7q1tz7T+Il7m7Fi303VVu2ZAyWJKCS0tLS0tLS0tLS0t7bbaeuJ1Mn4qCo5QGVwH0rPsswub8mhpaWlpaWlpaWlpaXfWrpshQwvkWE+KTEtLl5WbPvC0tLS0tLS0tLS0tLRv0h5leH85tbr2UOYbXN34krT6usWuzDChpaWlpaWlpaWlpaV9gTY9sb1TIpfWy+u5xa5uiSthMZX4aGlpaWlpaWlpaWlp36Itzx7hAOxU3asHYBfKGc5Te+y9my5LXwEtLS0tLS0tLS0tLe3u2gwYJUXmLWxjkQTXfZrlc48ruq5LWlpaWlpaWlpaWlra\/bRThkuRLlf86hjIqaaXf6QAWfHLzEtLS0tLS0tLS0tLS7uj9ipdl4sVpHmTzRX3VNoMN0mdmLS0tLS0tLS0tLS0tG\/SNi2VCV\/6NM8Rb3XPiW2xrznM7fNMFVpaWlpaWlpaWlpa2q20090Xw0PO7jzs1QHYpesyZcf1i5aWlpaWlpaWlpaW9hXasWypTKeo1Z1vpYHz+IRK++xK+KSlpaWlpaWlpaWlpd1bW4wfz7leQK9ctVsk1aky+FWPKC0tLS0tLS0tLS0t7Y7aUTaulTn7o0wuSRNOps7JdnDk4trPKZKWlpaWlpaWlpaWlnYjbS66HSUYptx5\/3A6v\/oKqbTGxuk0gc9dl7S0tLS0tLS0tLS0tFtpx\/w68tj9NKWk7Hc7wh64dhhJipzj6+oeLS0tLS0tLS0tLS3tPtojB8j1Vrf02NR\/mW\/a7Kn7JkXS0tLS0tLS0tLS0tJuqW0D5JQiy43PMXIMrVNKFl\/L3+kRpaWlpaWlpaWlpaWlfZc2RLp5+kg++\/pcNGa22fHL6h4tLS0tLS0tLS0tLe07tHkf29ntaKv1wHQC27pQ2C2NlpaWlpaWlpaWlpZ2e23Bp61pZ\/dnreTlgf6pufJ8upOKlpaWlpaWlpaWlpZ2d21tfEzD9suQkbqCNSpNQpmiaXkkLS0tLS0tLS0tLS3tC7T\/\/RctLS0tLS0tLS0tLS0tLS0tLS0tLS0tLS0tLS0tLS0tLS0tLS0tLS0tLS0tLS0tLS0tLS0t7S\/T\/gbEsgTZdXuodQAAAABJRU5ErkJggg==",
            "ticket_url": "https:\/\/www.mercadopago.com.br\/payments\/23331946789\/ticket?caller_id=341645193&hash=566e4d36-bdfa-4930-b64e-6c5903e26662",
            "transaction_id": null
        },
        "type": "OPENPLATFORM"
    },
    "pos_id": null,
    "processing_mode": "aggregator",
    "refunds": [],
    "shipping_amount": 0,
    "sponsor_id": 208686191,
    "statement_descriptor": null,
    "status": "pending",
    "status_detail": "pending_waiting_transfer",
    "store_id": null,
    "taxes_amount": 0,
    "transaction_amount": 149.30000000000001136868377216160297393798828125,
    "transaction_amount_refunded": 0,
    "transaction_details": {
        "acquirer_reference": null,
        "bank_transfer_id": null,
        "external_resource_url": null,
        "financial_institution": null,
        "installment_amount": 0,
        "net_received_amount": 0,
        "overpaid_amount": 0,
        "payable_deferral_period": null,
        "payment_method_reference_id": null,
        "total_paid_amount": 149.30000000000001136868377216160297393798828125,
        "transaction_id": null
    }
}
06-20-2022 @ 14:19:53 - [successful_request]: Changing order status to: pending
06-20-2022 @ 14:20:47 - [check_ipn_response]: received _get content: {
    "data_id": "23331946789",
    "source_news": "webhooks",
    "type": "payment"
}
06-20-2022 @ 14:20:47 - [successful_request]: starting to process  update...
06-20-2022 @ 14:20:47 - [successful_request]: updating metadata and status with data: {
    "acquirer_reconciliation": [],
    "additional_info": {
        "authentication_code": null,
        "available_balance": null,
        "bank_info": {
            "is_same_bank_account_owner": false
        },
        "items": [
            {
                "category_id": "others",
                "description": "Nao-sabe-qual-farofa-escolher-Quer-presentear-alguem-que-ama-farofa-Este-e-o-Kit-ideal.-Neste-kit-contem-as-farofas-strongDoce-Com-Muita-Cebola-Com-Muitas-Sementes-Faropop-Churrasco-com-Manteiga-e-Com-Muitas-Semen",
                "id": "209",
                "picture_url": "https:\/\/www.sekiama.com.br\/wp-content\/uploads\/2021\/11\/kit-sekiama-1.png",
                "quantity": "1",
                "title": "Kit Sekiama x 1",
                "unit_price": "95"
            },
            {
                "category_id": "others",
                "description": "Ideal-para-voce-que-deseja-inovar-no-sabor-das-suas-deliciosas-sobremesas-finalizando-com-um-toque-extra-crocante.-Voce-ainda-pode-experimentar-em-vitaminas-massas-de-tortas-cobertura-de-bolos-e-onde-mais-preferir.-Surpree",
                "id": "199",
                "picture_url": "https:\/\/www.sekiama.com.br\/wp-content\/uploads\/2021\/11\/doce-Frente-1.png",
                "quantity": "1",
                "title": "Farofa Doce x 1",
                "unit_price": "19.8"
            },
            {
                "category_id": "others",
                "description": "Por-ser-incrivelmente-saborosa-a-Farofa-com-muita-cebola-crocante-e-a-campea-de-vendas-conquistando-todos-os-paladares.-Nesta-nobre-preparacao-a-farinha-de-mandioca-absorve-o-incrivel-sabor-da-cebola-fresca-resultando-em",
                "id": "195",
                "picture_url": "https:\/\/www.sekiama.com.br\/wp-content\/uploads\/2021\/11\/cebola-frente-1.png",
                "quantity": "1",
                "title": "Farofa com Muita Cebola x 1",
                "unit_price": "17.2"
            },
            {
                "category_id": "others",
                "description": "Baseada-em-uma-receita-caseira-esta-farofa-consegue-ao-mesmo-tempo-ser-crocante-e-ter-um-sabor-bastante-marcado-de-manteiga.-Desenvolvida-especialmente-para-os-apreciadores-de-churrasco-esta-farofa-ira-conquistar-um-espaco-em",
                "id": "196",
                "picture_url": "https:\/\/www.sekiama.com.br\/wp-content\/uploads\/2021\/11\/churrasco-frente-1.png",
                "quantity": "1",
                "title": "Farofa para Churrasco com Manteiga x 1",
                "unit_price": "17.3"
            }
        ],
        "nsu_processadora": null,
        "payer": {
            "address": {
                "street_name": "Avenida Armando Ítalo Setti \/ São Bernardo do Campo SP BR",
                "zip_code": "09760-281"
            },
            "first_name": "Luiza",
            "last_name": "Quadros",
            "phone": {
                "number": "(11) 94071-3757"
            }
        },
        "shipments": {
            "receiver_address": {
                "apartment": "Apartamento 171",
                "city_name": "São Bernardo do Campo",
                "state_name": "SP",
                "street_name": "Avenida Armando Ítalo Setti Apartamento 171 São Bernardo do Campo SP BR",
                "zip_code": "09760-281"
            }
        }
    },
    "authorization_code": null,
    "binary_mode": false,
    "brand_id": null,
    "call_for_authorize_id": null,
    "callback_url": null,
    "captured": true,
    "card": [],
    "charges_details": [],
    "collector_id": 163745094,
    "corporation_id": null,
    "counter_currency": null,
    "coupon_amount": 0,
    "currency_id": "BRL",
    "date_approved": "2022-06-20T13:20:46.000-04:00",
    "date_created": "2022-06-20T13:19:52.000-04:00",
    "date_last_updated": "2022-06-20T13:20:46.000-04:00",
    "date_of_expiration": "2022-06-20T13:49:51.000-04:00",
    "deduction_schema": null,
    "description": "Kit Sekiama x 1, Farofa Doce x 1, Farofa com Muita Cebola x 1, Farofa para Churrasco com Manteiga x 1",
    "differential_pricing_id": null,
    "external_reference": "WC-13801",
    "fee_details": [
        {
            "amount": 1.479999999999999982236431605997495353221893310546875,
            "fee_payer": "collector",
            "type": "mercadopago_fee"
        }
    ],
    "id": 23331946789,
    "installments": 1,
    "integrator_id": null,
    "issuer_id": null,
    "live_mode": true,
    "marketplace_owner": null,
    "merchant_account_id": null,
    "merchant_number": null,
    "metadata": {
        "basic_settings": {
            "ex_payments_debelo": "yes",
            "checkout_credential_prod": "deprecated",
            "checkbox_checkout_test_mode": "yes",
            "method": "redirect",
            "ex_payments_amex": "yes",
            "gateway_discount_checkbox": "no",
            "enabled": "no",
            "ex_payments_master": "yes",
            "ex_payments_pec": "yes",
            "ex_payments_visa": "yes",
            "ex_payments_bolbradesco": "yes",
            "commission_checkbox": "no",
            "binary_mode": "no",
            "currency_conversion": "no",
            "installments": "1",
            "ex_payments_debvisa": "yes",
            "ex_payments_elo": "yes",
            "auto_return": "yes",
            "ex_payments_hipercard": "yes"
        },
        "checkout_type": "pix",
        "seller_website": "https:\/\/www.sekiama.com.br",
        "billing_address": {
            "city_name": "São Bernardo do Campo",
            "state_name": "SP",
            "country_name": "BR",
            "street_name": "Avenida Armando Ítalo Setti",
            "zip_code": "09760-281"
        },
        "module_version": "5.8.0",
        "sponsor_id": 208686191,
        "collector": "163745094",
        "platform": "bo2hnr2ic4p001kbgpt0",
        "ticket_settings": [],
        "platform_version": "6.6.0",
        "test_mode": false,
        "site_id": "mlb",
        "custom_settings": {
            "checkout_credential_prod": "deprecated",
            "wallet_button": "yes",
            "commission_checkbox": "no",
            "checkbox_checkout_test_mode": "yes",
            "binary_mode": "no",
            "currency_conversion": "no",
            "coupon_mode": "no",
            "gateway_discount_checkbox": "no",
            "enabled": "yes"
        },
        "pix_settings": {
            "enabled": "yes"
        },
        "details": "",
        "checkout": "custom",
        "user": {
            "user_email": null,
            "registered_user": "no",
            "user_registration_date": null
        }
    },
    "money_release_date": "2022-06-20T13:20:46.000-04:00",
    "money_release_schema": null,
    "notification_url": "https:\/\/www.sekiama.com.br\/wc-api\/WC_WooMercadoPago_Pix_Gateway\/?source_news=webhooks",
    "operation_type": "regular_payment",
    "order": [],
    "payer": {
        "email": "luiza_quadroscanassa@hotmail.com",
        "entity_type": null,
        "first_name": null,
        "id": "341645193",
        "identification": {
            "number": "44340643807",
            "type": "CPF"
        },
        "last_name": null,
        "operator_id": null,
        "phone": {
            "area_code": null,
            "extension": null,
            "number": null
        },
        "type": null
    },
    "payment_method_id": "pix",
    "payment_type_id": "bank_transfer",
    "platform_id": "bo2hnr2ic4p001kbgpt0",
    "point_of_interaction": {
        "application_data": {
            "name": null,
            "version": null
        },
        "business_info": {
            "sub_unit": "woocommerce",
            "unit": "online_payments"
        },
        "location": {
            "source": null,
            "state_id": null
        },
        "sub_type": "INTER_PSP",
        "transaction_data": {
            "bank_info": {
                "collector": {
                    "account_holder_name": "Thiago Erminio Victor",
                    "account_id": 55972707790,
                    "long_name": "Mercadopago.com Representações Ltda.",
                    "transfer_account_id": null
                },
                "is_same_bank_account_owner": false,
                "origin_bank_id": null,
                "origin_wallet_id": null,
                "payer": {
                    "account_id": 37494,
                    "external_account_id": null,
                    "id": null,
                    "long_name": "Cooperativa de Crédito de Livre Admissão e dos Transportadores Rodoviários de Veículos - Sicoob Credceg"
                }
            },
            "bank_transfer_id": 1079216061,
            "financial_institution": 1,
            "infringement_notification": {
                "status": null,
                "type": null
            },
            "qr_code": "00020126580014br.gov.bcb.pix01365c772f2f-4a19-4c09-91f1-461d82801da05204000053039865406149.305802BR5913THIAGOERMINIO6008So Paulo62240520mpqrinter2333194678963044EA7",
            "qr_code_base64": "iVBORw0KGgoAAAANSUhEUgAABWQAAAVkAQAAAAB79iscAAAI0UlEQVR42u3dQY7jNhAFUN5A97+lbqBggkkisX7RDjIIEup50eh2W9Kjdx9VLI7rf\/Q6By0tLS0tLS0tLS0tLS0tLS0tLS0tLS0tLS0tLS0tLS0tLS0tLS0tLS0tLS0tLS0tLS0tLS3tr9eO+XX8eO\/4+Y8fn53f+\/mP6\/neHx\/5\/Yry48o3vd++MmhpaWlpaWlpaWlpaV+iPe6R7X6Tcb\/Tn5eO8thxl00r+Ouy8gVN2sSgpaWlpaWlpaWlpaV9i7Ykwat4pmWEGlwfFqcFtc9NDFpaWlpaWlpaWlpa2ndqz4wvWe+xjBI+j2eA\/As6lQdpaWlpaWlpaWlpaWlp+zQ3Sv1uArRtm+0V07XrMEtLS0tLS0tLS0tLS\/sKbcY3WS+Tp6Lgt3XDY9n8SUtLS0tLS0tLS0tL+wptO6Xk3\/3xT2eq0NLS0tLS0tLS0tLS\/k+161caQXIv06XuzOa3Uiicin3ti5aWlpaWlpaWlpaWdndt7ZwsNbiRy3mpO3M9VjLXA4\/uPVpaWlpaWlpaWlpa2hdo81a38\/nE6XP1iaXhcixmk0xfVXsFLS0tLS0tLS0tLS3tm7RXaYEsU\/gfifH+3ugyYZ0tOcXLaQVfp0haWlpaWlpaWlpaWtqttOsB\/M3GtbKC1TJS7a9oayqlpaWlpaWlpaWlpaV9hfaOSqkv3em8f25xPtuRi4IplbY9mbS0tLS0tLS0tLS0tPtr63PKcdbTLrf2KOzpvdHd5QpPO0LDJS0tLS0tLS0tLS0t7Qu008dKme4IVcCrnLvWVvym7Jgza7rfQUtLS0tLS0tLS0tL+yZtW5ebKnR5b9uRc2eaS9nOOlkkVVpaWlpaWlpaWlpa2r21eRjJlAQTKjVNns\/NcSmQnmHWybGIq7S0tLS0tLS0tLS0tLtrp8BXui7HqEtLf56jKRlW3vTc9URJWlpaWlpaWlpaWlral2ibYl\/qnGzzZB5aMhant5Uv6PszCGhpaWlpaWlpaWlpabfSpsSYl\/FxIklOgtditH\/ZhbfsEaWlpaWlpaWlpaWlpd1NW+JbE+5K++SU9a7cOZm6Lkt17\/p7PaK0tLS0tLS0tLS0tLRbaXOAPEoRL\/VQLkY+pk7MUb6W\/MhrvgstLS0tLS0tLS0tLe3e2nb445WbJhfaUTonp7CYnlv21H11BgEtLS0tLS0tLS0tLe0u2jSgJF965n1sY36lEl\/dK9f2ZC5TJC0tLS0tLS0tLS0t7Y7aqbky9UZeJSym9z5lzObOZar\/6KdH0tLS0tLS0tLS0tLS7qg9w5CRZuNaO1YyT4pcbHAbeSfd+XXmpaWlpaWlpaWlpaWl3UebntgU3cr4khHOZzueoyZH6avM++yaZdDS0tLS0tLS0tLS0u6uvUfE0Z1LPc2WPEJJLh3Nlk7Bnmb5r3InLS0tLS0tLS0tLS3tK7SpxLc4AHsEwPXcEtcco92W89J2OlpaWlpaWlpaWlpa2vdoc1g8cq9lOrq6\/DbKf9uzAVJILa2XtLS0tLS0tLS0tLS0u2vbo6vrWJJcv2uuvY8qqa\/vIyctLS0tLS0tLS0tLe3e2tQ0WfbAHZ8KgJ+uvcr0\/4m8TKC0tLS0tLS0tLS0tLR7ax89lNNokXTj8oijdF3myJkaOJuOza66R0tLS0tLS0tLS0tLu5821+DOLgQepS43Bc28V26q\/V1hGe17tLS0tLS0tLS0tLS0u2un54w83rGsarV\/rjz7HGPRcJnKfgctLS0tLS0tLS0tLe2btG3CK8W+I2e9+7VpoP+ROzvbKElLS0tLS0tLS0tLS\/se7aK5Mp1V3ZydltJmXumZb19etLS0tLS0tLS0tLS0b9HmZ1doVlx5c1yJnFfB59h4flfdo6WlpaWlpaWlpaWl3U+bim5Xznql67LpyVwccT26f6SV0tLS0tLS0tLS0tLS7q1tz7T+Il7m7Fi303VVu2ZAyWJKCS0tLS0tLS0tLS0t7bbaeuJ1Mn4qCo5QGVwH0rPsswub8mhpaWlpaWlpaWlpaXfWrpshQwvkWE+KTEtLl5WbPvC0tLS0tLS0tLS0tLRv0h5leH85tbr2UOYbXN34krT6usWuzDChpaWlpaWlpaWlpaV9gTY9sb1TIpfWy+u5xa5uiSthMZX4aGlpaWlpaWlpaWlp36Itzx7hAOxU3asHYBfKGc5Te+y9my5LXwEtLS0tLS0tLS0tLe3u2gwYJUXmLWxjkQTXfZrlc48ruq5LWlpaWlpaWlpaWlra\/bRThkuRLlf86hjIqaaXf6QAWfHLzEtLS0tLS0tLS0tLS7uj9ipdl4sVpHmTzRX3VNoMN0mdmLS0tLS0tLS0tLS0tG\/SNi2VCV\/6NM8Rb3XPiW2xrznM7fNMFVpaWlpaWlpaWlpa2q20090Xw0PO7jzs1QHYpesyZcf1i5aWlpaWlpaWlpaW9hXasWypTKeo1Z1vpYHz+IRK++xK+KSlpaWlpaWlpaWlpd1bW4wfz7leQK9ctVsk1aky+FWPKC0tLS0tLS0tLS0t7Y7aUTaulTn7o0wuSRNOps7JdnDk4trPKZKWlpaWlpaWlpaWlnYjbS66HSUYptx5\/3A6v\/oKqbTGxuk0gc9dl7S0tLS0tLS0tLS0tFtpx\/w68tj9NKWk7Hc7wh64dhhJipzj6+oeLS0tLS0tLS0tLS3tPtojB8j1Vrf02NR\/mW\/a7Kn7JkXS0tLS0tLS0tLS0tJuqW0D5JQiy43PMXIMrVNKFl\/L3+kRpaWlpaWlpaWlpaWlfZc2RLp5+kg++\/pcNGa22fHL6h4tLS0tLS0tLS0tLe07tHkf29ntaKv1wHQC27pQ2C2NlpaWlpaWlpaWlpZ2e23Bp61pZ\/dnreTlgf6pufJ8upOKlpaWlpaWlpaWlpZ2d21tfEzD9suQkbqCNSpNQpmiaXkkLS0tLS0tLS0tLS3tC7T\/\/RctLS0tLS0tLS0tLS0tLS0tLS0tLS0tLS0tLS0tLS0tLS0tLS0tLS0tLS0tLS0tLS0tLS0t7S\/T\/gbEsgTZdXuodQAAAABJRU5ErkJggg==",
            "ticket_url": "https:\/\/www.mercadopago.com.br\/payments\/23331946789\/ticket?caller_id=341645193&hash=566e4d36-bdfa-4930-b64e-6c5903e26662",
            "transaction_id": "PIXE07789195202206201720RVHwZIKDM11"
        },
        "type": "OPENPLATFORM"
    },
    "pos_id": null,
    "processing_mode": "aggregator",
    "refunds": [],
    "shipping_amount": 0,
    "sponsor_id": 208686191,
    "statement_descriptor": null,
    "status": "approved",
    "status_detail": "accredited",
    "store_id": null,
    "taxes_amount": 0,
    "transaction_amount": 149.30000000000001136868377216160297393798828125,
    "transaction_amount_refunded": 0,
    "transaction_details": {
        "acquirer_reference": null,
        "bank_transfer_id": 1079216061,
        "external_resource_url": null,
        "financial_institution": "1",
        "installment_amount": 0,
        "net_received_amount": 147.81999999999999317878973670303821563720703125,
        "overpaid_amount": 0,
        "payable_deferral_period": null,
        "payment_method_reference_id": null,
        "total_paid_amount": 149.30000000000001136868377216160297393798828125,
        "transaction_id": "PIXE07789195202206201720RVHwZIKDM11"
    }
}
06-20-2022 @ 14:20:47 - [successful_request]: Changing order status to: processing
