04-08-2022 @ 09:07:41 - [process_payment]: POST Custom: {
    "installments": "1",
    "amount": "23.53",
    "currency_ratio": "1",
    "campaign_id": "",
    "campaign": "",
    "discount": "",
    "paymentMethodId": "master",
    "token": "57ddd8ac43b8d7b021c52c56a6d76047",
    "checkout_type": "custom"
}
04-08-2022 @ 09:07:41 - [process_payment]: preparing to get response of custom checkout.
04-08-2022 @ 09:07:41 - [Created preference: ]: Preference: {
    "binary_mode": false,
    "external_reference": "WC-9571",
    "notification_url": "https:\/\/www.sekiama.com.br\/wc-api\/WC_WooMercadoPago_Custom_Gateway\/?source_news=webhooks",
    "statement_descriptor": "Sekiama MP",
    "sponsor_id": 208686191,
    "transaction_amount": 23.530000000000001136868377216160297393798828125,
    "token": "57ddd8ac43b8d7b021c52c56a6d76047",
    "description": "Farofa com Muita Cebola x 1",
    "installments": 1,
    "payment_method_id": "master",
    "payer": {
        "email": "mgarciaspindola@gmail.com"
    },
    "metadata": {
        "platform": "bo2hnr2ic4p001kbgpt0",
        "platform_version": "6.3.1",
        "module_version": "5.7.5",
        "site_id": "mlb",
        "sponsor_id": 208686191,
        "collector": "163745094",
        "test_mode": false,
        "details": "",
        "basic_settings": {
            "enabled": "no",
            "currency_conversion": "no",
            "installments": "1",
            "method": "redirect",
            "auto_return": "yes",
            "binary_mode": "no",
            "ex_payments_master": "yes",
            "ex_payments_hipercard": "yes",
            "ex_payments_amex": "yes",
            "ex_payments_elo": "yes",
            "ex_payments_visa": "yes",
            "ex_payments_debvisa": "yes",
            "ex_payments_debelo": "yes",
            "ex_payments_pec": "yes",
            "ex_payments_bolbradesco": "yes",
            "gateway_discount_checkbox": "no",
            "commission_checkbox": "no",
            "checkbox_checkout_test_mode": "yes",
            "checkout_credential_prod": "deprecated"
        },
        "custom_settings": {
            "enabled": "yes",
            "currency_conversion": "no",
            "wallet_button": "yes",
            "coupon_mode": "no",
            "binary_mode": "no",
            "gateway_discount_checkbox": "no",
            "commission_checkbox": "no",
            "checkbox_checkout_test_mode": "yes",
            "checkout_credential_prod": "deprecated"
        },
        "ticket_settings": [],
        "pix_settings": [],
        "seller_website": "https:\/\/www.sekiama.com.br",
        "billing_address": {
            "zip_code": "05574-001",
            "street_name": "Av Sao Paulo Parana",
            "city_name": "Sao Paulo",
            "state_name": "SP",
            "country_name": "BR"
        },
        "user": {
            "registered_user": "no",
            "user_email": null,
            "user_registration_date": null
        },
        "checkout": "custom",
        "checkout_type": "credit_card"
    },
    "additional_info": {
        "items": [
            {
                "id": 195,
                "title": "Farofa com Muita Cebola x 1",
                "description": "Por-ser-incrivelmente-saborosa-a-Farofa-com-muita-cebola-crocante-e-a-campea-de-vendas-conquistando-todos-os-paladares.-Nesta-nobre-preparacao-a-farinha-de-mandioca-absorve-o-incrivel-sabor-da-cebola-fresca-resultando-em",
                "picture_url": "https:\/\/www.sekiama.com.br\/wp-content\/uploads\/2021\/11\/cebola-frente-1.png",
                "category_id": "others",
                "quantity": 1,
                "unit_price": 15.199999999999999289457264239899814128875732421875
            },
            {
                "title": "Sequoia SFX (Entrega em 4 dias úteis)",
                "description": "Serviço de envio usado pela loja.",
                "category_id": "others",
                "quantity": 1,
                "unit_price": 8.3300000000000000710542735760100185871124267578125
            }
        ],
        "payer": {
            "first_name": "Maria",
            "last_name": "Spindola",
            "phone": {
                "number": "(11) 98801-5731"
            },
            "address": {
                "zip_code": "05574-001",
                "street_name": "Av Sao Paulo Parana \/ Sao Paulo SP BR"
            }
        },
        "shipments": {
            "receiver_address": {
                "zip_code": "05574-001",
                "street_name": "Av Sao Paulo Parana 233 D Sao Paulo SP BR",
                "apartment": "233 D",
                "city_name": "Sao Paulo",
                "state_name": "SP"
            }
        }
    }
}
04-08-2022 @ 09:07:43 - [create_preference]: Preference created: {
    "status": 201,
    "response": {
        "id": 21448042396,
        "date_created": "2022-04-08T08:07:42.652-04:00",
        "date_approved": "2022-04-08T08:07:43.882-04:00",
        "date_last_updated": "2022-04-08T08:07:43.882-04:00",
        "date_of_expiration": null,
        "money_release_date": "2022-04-08T08:07:43.882-04:00",
        "operation_type": "regular_payment",
        "issuer_id": "24",
        "payment_method_id": "master",
        "payment_type_id": "credit_card",
        "status": "approved",
        "status_detail": "accredited",
        "currency_id": "BRL",
        "description": "Farofa com Muita Cebola x 1",
        "live_mode": true,
        "sponsor_id": 208686191,
        "authorization_code": "074376",
        "money_release_schema": null,
        "taxes_amount": 0,
        "counter_currency": null,
        "brand_id": null,
        "shipping_amount": 0,
        "pos_id": null,
        "store_id": null,
        "integrator_id": null,
        "platform_id": "bo2hnr2ic4p001kbgpt0",
        "corporation_id": null,
        "collector_id": 163745094,
        "payer": {
            "type": null,
            "id": "738909477",
            "operator_id": null,
            "email": "mgarciaspindola@gmail.com",
            "identification": {
                "type": "CPF",
                "number": "37110725855"
            },
            "phone": {
                "area_code": null,
                "number": null,
                "extension": null
            },
            "first_name": null,
            "last_name": null,
            "entity_type": null
        },
        "marketplace_owner": null,
        "metadata": {
            "basic_settings": {
                "ex_payments_debelo": "yes",
                "checkout_credential_prod": "deprecated",
                "checkbox_checkout_test_mode": "yes",
                "method": "redirect",
                "ex_payments_amex": "yes",
                "gateway_discount_checkbox": "no",
                "enabled": "no",
                "ex_payments_master": "yes",
                "ex_payments_visa": "yes",
                "ex_payments_pec": "yes",
                "ex_payments_bolbradesco": "yes",
                "commission_checkbox": "no",
                "currency_conversion": "no",
                "installments": "1",
                "binary_mode": "no",
                "ex_payments_debvisa": "yes",
                "ex_payments_elo": "yes",
                "auto_return": "yes",
                "ex_payments_hipercard": "yes"
            },
            "checkout_type": "credit_card",
            "seller_website": "https:\/\/www.sekiama.com.br",
            "billing_address": {
                "city_name": "Sao Paulo",
                "state_name": "SP",
                "country_name": "BR",
                "zip_code": "05574-001",
                "street_name": "Av Sao Paulo Parana"
            },
            "module_version": "5.7.5",
            "sponsor_id": 208686191,
            "platform": "bo2hnr2ic4p001kbgpt0",
            "collector": "163745094",
            "ticket_settings": [],
            "platform_version": "6.3.1",
            "test_mode": false,
            "site_id": "mlb",
            "custom_settings": {
                "wallet_button": "yes",
                "checkout_credential_prod": "deprecated",
                "commission_checkbox": "no",
                "checkbox_checkout_test_mode": "yes",
                "currency_conversion": "no",
                "binary_mode": "no",
                "coupon_mode": "no",
                "gateway_discount_checkbox": "no",
                "enabled": "yes"
            },
            "pix_settings": [],
            "details": "",
            "user": {
                "user_email": null,
                "registered_user": "no",
                "user_registration_date": null
            },
            "checkout": "custom"
        },
        "additional_info": {
            "items": [
                {
                    "id": "195",
                    "title": "Farofa com Muita Cebola x 1",
                    "description": "Por-ser-incrivelmente-saborosa-a-Farofa-com-muita-cebola-crocante-e-a-campea-de-vendas-conquistando-todos-os-paladares.-Nesta-nobre-preparacao-a-farinha-de-mandioca-absorve-o-incrivel-sabor-da-cebola-fresca-resultando-em",
                    "picture_url": "https:\/\/www.sekiama.com.br\/wp-content\/uploads\/2021\/11\/cebola-frente-1.png",
                    "category_id": "others",
                    "quantity": "1",
                    "unit_price": "15.2"
                },
                {
                    "id": null,
                    "title": "Sequoia SFX (Entrega em 4 dias úteis)",
                    "description": "Serviço de envio usado pela loja.",
                    "picture_url": null,
                    "category_id": "others",
                    "quantity": "1",
                    "unit_price": "8.33"
                }
            ],
            "payer": {
                "phone": {
                    "number": "(11) 98801-5731"
                },
                "address": {
                    "zip_code": "05574-001",
                    "street_name": "Av Sao Paulo Parana \/ Sao Paulo SP BR"
                },
                "first_name": "Maria",
                "last_name": "Spindola"
            },
            "shipments": {
                "receiver_address": {
                    "zip_code": "05574-001",
                    "state_name": "SP",
                    "city_name": "Sao Paulo",
                    "street_name": "Av Sao Paulo Parana 233 D Sao Paulo SP BR",
                    "apartment": "233 D"
                }
            },
            "iso_response_code": "00",
            "available_balance": null,
            "nsu_processadora": "CAQEBAQKylKE-Fgdu2ZQm5Jcz6T2N3o0O3QtkXYarnVx3YiA7cQDZnWQ-3ccAjhE",
            "authentication_code": null
        },
        "order": [],
        "external_reference": "WC-9571",
        "transaction_amount": 23.530000000000001136868377216160297393798828125,
        "transaction_amount_refunded": 0,
        "coupon_amount": 0,
        "differential_pricing_id": null,
        "deduction_schema": null,
        "installments": 1,
        "transaction_details": {
            "payment_method_reference_id": null,
            "net_received_amount": 22.3599999999999994315658113919198513031005859375,
            "total_paid_amount": 23.530000000000001136868377216160297393798828125,
            "overpaid_amount": 0,
            "external_resource_url": null,
            "installment_amount": 23.530000000000001136868377216160297393798828125,
            "financial_institution": null,
            "payable_deferral_period": null,
            "acquirer_reference": null
        },
        "fee_details": [
            {
                "type": "mercadopago_fee",
                "amount": 1.1699999999999999289457264239899814128875732421875,
                "fee_payer": "collector"
            }
        ],
        "charges_details": [],
        "captured": true,
        "binary_mode": false,
        "call_for_authorize_id": null,
        "statement_descriptor": "MERCPAGO*SEKIAMAMP",
        "card": {
            "id": null,
            "first_six_digits": "515590",
            "last_four_digits": "9694",
            "expiration_month": 12,
            "expiration_year": 2027,
            "date_created": "2022-04-08T08:07:42.000-04:00",
            "date_last_updated": "2022-04-08T08:07:42.000-04:00",
            "cardholder": {
                "name": "Maria Spindola",
                "identification": {
                    "number": "37110725855",
                    "type": "CPF"
                }
            }
        },
        "notification_url": "https:\/\/www.sekiama.com.br\/wc-api\/WC_WooMercadoPago_Custom_Gateway\/?source_news=webhooks",
        "refunds": [],
        "processing_mode": "aggregator",
        "merchant_account_id": null,
        "merchant_number": null,
        "acquirer_reconciliation": [],
        "point_of_interaction": {
            "type": "UNSPECIFIED",
            "business_info": {
                "unit": "online_payments",
                "sub_unit": "woocommerce"
            }
        }
    }
}
04-08-2022 @ 09:07:43 - [create_preference]: payment link generated with success from mercado pago, with structure as follow: {
    "status": 201,
    "response": {
        "id": 21448042396,
        "date_created": "2022-04-08T08:07:42.652-04:00",
        "date_approved": "2022-04-08T08:07:43.882-04:00",
        "date_last_updated": "2022-04-08T08:07:43.882-04:00",
        "date_of_expiration": null,
        "money_release_date": "2022-04-08T08:07:43.882-04:00",
        "operation_type": "regular_payment",
        "issuer_id": "24",
        "payment_method_id": "master",
        "payment_type_id": "credit_card",
        "status": "approved",
        "status_detail": "accredited",
        "currency_id": "BRL",
        "description": "Farofa com Muita Cebola x 1",
        "live_mode": true,
        "sponsor_id": 208686191,
        "authorization_code": "074376",
        "money_release_schema": null,
        "taxes_amount": 0,
        "counter_currency": null,
        "brand_id": null,
        "shipping_amount": 0,
        "pos_id": null,
        "store_id": null,
        "integrator_id": null,
        "platform_id": "bo2hnr2ic4p001kbgpt0",
        "corporation_id": null,
        "collector_id": 163745094,
        "payer": {
            "type": null,
            "id": "738909477",
            "operator_id": null,
            "email": "mgarciaspindola@gmail.com",
            "identification": {
                "type": "CPF",
                "number": "37110725855"
            },
            "phone": {
                "area_code": null,
                "number": null,
                "extension": null
            },
            "first_name": null,
            "last_name": null,
            "entity_type": null
        },
        "marketplace_owner": null,
        "metadata": {
            "basic_settings": {
                "ex_payments_debelo": "yes",
                "checkout_credential_prod": "deprecated",
                "checkbox_checkout_test_mode": "yes",
                "method": "redirect",
                "ex_payments_amex": "yes",
                "gateway_discount_checkbox": "no",
                "enabled": "no",
                "ex_payments_master": "yes",
                "ex_payments_visa": "yes",
                "ex_payments_pec": "yes",
                "ex_payments_bolbradesco": "yes",
                "commission_checkbox": "no",
                "currency_conversion": "no",
                "installments": "1",
                "binary_mode": "no",
                "ex_payments_debvisa": "yes",
                "ex_payments_elo": "yes",
                "auto_return": "yes",
                "ex_payments_hipercard": "yes"
            },
            "checkout_type": "credit_card",
            "seller_website": "https:\/\/www.sekiama.com.br",
            "billing_address": {
                "city_name": "Sao Paulo",
                "state_name": "SP",
                "country_name": "BR",
                "zip_code": "05574-001",
                "street_name": "Av Sao Paulo Parana"
            },
            "module_version": "5.7.5",
            "sponsor_id": 208686191,
            "platform": "bo2hnr2ic4p001kbgpt0",
            "collector": "163745094",
            "ticket_settings": [],
            "platform_version": "6.3.1",
            "test_mode": false,
            "site_id": "mlb",
            "custom_settings": {
                "wallet_button": "yes",
                "checkout_credential_prod": "deprecated",
                "commission_checkbox": "no",
                "checkbox_checkout_test_mode": "yes",
                "currency_conversion": "no",
                "binary_mode": "no",
                "coupon_mode": "no",
                "gateway_discount_checkbox": "no",
                "enabled": "yes"
            },
            "pix_settings": [],
            "details": "",
            "user": {
                "user_email": null,
                "registered_user": "no",
                "user_registration_date": null
            },
            "checkout": "custom"
        },
        "additional_info": {
            "items": [
                {
                    "id": "195",
                    "title": "Farofa com Muita Cebola x 1",
                    "description": "Por-ser-incrivelmente-saborosa-a-Farofa-com-muita-cebola-crocante-e-a-campea-de-vendas-conquistando-todos-os-paladares.-Nesta-nobre-preparacao-a-farinha-de-mandioca-absorve-o-incrivel-sabor-da-cebola-fresca-resultando-em",
                    "picture_url": "https:\/\/www.sekiama.com.br\/wp-content\/uploads\/2021\/11\/cebola-frente-1.png",
                    "category_id": "others",
                    "quantity": "1",
                    "unit_price": "15.2"
                },
                {
                    "id": null,
                    "title": "Sequoia SFX (Entrega em 4 dias úteis)",
                    "description": "Serviço de envio usado pela loja.",
                    "picture_url": null,
                    "category_id": "others",
                    "quantity": "1",
                    "unit_price": "8.33"
                }
            ],
            "payer": {
                "phone": {
                    "number": "(11) 98801-5731"
                },
                "address": {
                    "zip_code": "05574-001",
                    "street_name": "Av Sao Paulo Parana \/ Sao Paulo SP BR"
                },
                "first_name": "Maria",
                "last_name": "Spindola"
            },
            "shipments": {
                "receiver_address": {
                    "zip_code": "05574-001",
                    "state_name": "SP",
                    "city_name": "Sao Paulo",
                    "street_name": "Av Sao Paulo Parana 233 D Sao Paulo SP BR",
                    "apartment": "233 D"
                }
            },
            "iso_response_code": "00",
            "available_balance": null,
            "nsu_processadora": "CAQEBAQKylKE-Fgdu2ZQm5Jcz6T2N3o0O3QtkXYarnVx3YiA7cQDZnWQ-3ccAjhE",
            "authentication_code": null
        },
        "order": [],
        "external_reference": "WC-9571",
        "transaction_amount": 23.530000000000001136868377216160297393798828125,
        "transaction_amount_refunded": 0,
        "coupon_amount": 0,
        "differential_pricing_id": null,
        "deduction_schema": null,
        "installments": 1,
        "transaction_details": {
            "payment_method_reference_id": null,
            "net_received_amount": 22.3599999999999994315658113919198513031005859375,
            "total_paid_amount": 23.530000000000001136868377216160297393798828125,
            "overpaid_amount": 0,
            "external_resource_url": null,
            "installment_amount": 23.530000000000001136868377216160297393798828125,
            "financial_institution": null,
            "payable_deferral_period": null,
            "acquirer_reference": null
        },
        "fee_details": [
            {
                "type": "mercadopago_fee",
                "amount": 1.1699999999999999289457264239899814128875732421875,
                "fee_payer": "collector"
            }
        ],
        "charges_details": [],
        "captured": true,
        "binary_mode": false,
        "call_for_authorize_id": null,
        "statement_descriptor": "MERCPAGO*SEKIAMAMP",
        "card": {
            "id": null,
            "first_six_digits": "515590",
            "last_four_digits": "9694",
            "expiration_month": 12,
            "expiration_year": 2027,
            "date_created": "2022-04-08T08:07:42.000-04:00",
            "date_last_updated": "2022-04-08T08:07:42.000-04:00",
            "cardholder": {
                "name": "Maria Spindola",
                "identification": {
                    "number": "37110725855",
                    "type": "CPF"
                }
            }
        },
        "notification_url": "https:\/\/www.sekiama.com.br\/wc-api\/WC_WooMercadoPago_Custom_Gateway\/?source_news=webhooks",
        "refunds": [],
        "processing_mode": "aggregator",
        "merchant_account_id": null,
        "merchant_number": null,
        "acquirer_reconciliation": [],
        "point_of_interaction": {
            "type": "UNSPECIFIED",
            "business_info": {
                "unit": "online_payments",
                "sub_unit": "woocommerce"
            }
        }
    }
}
04-08-2022 @ 09:07:44 - [check_ipn_response]: received _get content: {
    "data_id": "21448042396",
    "source_news": "webhooks",
    "type": "payment"
}
04-08-2022 @ 09:07:44 - [successful_request]: starting to process  update...
04-08-2022 @ 09:07:44 - [successful_request]: updating metadata and status with data: {
    "acquirer_reconciliation": [],
    "additional_info": {
        "authentication_code": null,
        "available_balance": null,
        "items": [
            {
                "category_id": "others",
                "description": "Por-ser-incrivelmente-saborosa-a-Farofa-com-muita-cebola-crocante-e-a-campea-de-vendas-conquistando-todos-os-paladares.-Nesta-nobre-preparacao-a-farinha-de-mandioca-absorve-o-incrivel-sabor-da-cebola-fresca-resultando-em",
                "id": "195",
                "picture_url": "https:\/\/www.sekiama.com.br\/wp-content\/uploads\/2021\/11\/cebola-frente-1.png",
                "quantity": "1",
                "title": "Farofa com Muita Cebola x 1",
                "unit_price": "15.2"
            },
            {
                "category_id": "others",
                "description": "Serviço de envio usado pela loja.",
                "id": null,
                "picture_url": null,
                "quantity": "1",
                "title": "Sequoia SFX (Entrega em 4 dias úteis)",
                "unit_price": "8.33"
            }
        ],
        "nsu_processadora": null,
        "payer": {
            "address": {
                "street_name": "Av Sao Paulo Parana \/ Sao Paulo SP BR",
                "zip_code": "05574-001"
            }
        },
        "shipments": {
            "receiver_address": {
                "apartment": "233 D",
                "city_name": "Sao Paulo",
                "state_name": "SP",
                "street_name": "Av Sao Paulo Parana 233 D Sao Paulo SP BR",
                "zip_code": "05574-001"
            }
        }
    },
    "authorization_code": "074376",
    "binary_mode": false,
    "brand_id": null,
    "call_for_authorize_id": null,
    "captured": true,
    "card": {
        "cardholder": {
            "identification": {
                "number": "37110725855",
                "type": "CPF"
            },
            "name": "Maria Spindola"
        },
        "date_created": "2022-04-08T08:07:42.000-04:00",
        "date_last_updated": "2022-04-08T08:07:42.000-04:00",
        "expiration_month": 12,
        "expiration_year": 2027,
        "first_six_digits": "515590",
        "id": null,
        "last_four_digits": "9694"
    },
    "charges_details": [],
    "collector_id": 163745094,
    "corporation_id": null,
    "counter_currency": null,
    "coupon_amount": 0,
    "currency_id": "BRL",
    "date_approved": "2022-04-08T08:07:43.000-04:00",
    "date_created": "2022-04-08T08:07:42.000-04:00",
    "date_last_updated": "2022-04-08T08:07:43.000-04:00",
    "date_of_expiration": null,
    "deduction_schema": null,
    "description": "Farofa com Muita Cebola x 1",
    "differential_pricing_id": null,
    "external_reference": "WC-9571",
    "fee_details": [
        {
            "amount": 1.1699999999999999289457264239899814128875732421875,
            "fee_payer": "collector",
            "type": "mercadopago_fee"
        }
    ],
    "id": 21448042396,
    "installments": 1,
    "integrator_id": null,
    "issuer_id": "24",
    "live_mode": true,
    "marketplace_owner": null,
    "merchant_account_id": null,
    "merchant_number": null,
    "metadata": {
        "basic_settings": {
            "ex_payments_debelo": "yes",
            "checkout_credential_prod": "deprecated",
            "checkbox_checkout_test_mode": "yes",
            "method": "redirect",
            "ex_payments_amex": "yes",
            "gateway_discount_checkbox": "no",
            "enabled": "no",
            "ex_payments_master": "yes",
            "ex_payments_pec": "yes",
            "ex_payments_visa": "yes",
            "ex_payments_bolbradesco": "yes",
            "commission_checkbox": "no",
            "binary_mode": "no",
            "currency_conversion": "no",
            "installments": "1",
            "ex_payments_debvisa": "yes",
            "ex_payments_elo": "yes",
            "auto_return": "yes",
            "ex_payments_hipercard": "yes"
        },
        "checkout_type": "credit_card",
        "seller_website": "https:\/\/www.sekiama.com.br",
        "billing_address": {
            "city_name": "Sao Paulo",
            "state_name": "SP",
            "country_name": "BR",
            "street_name": "Av Sao Paulo Parana",
            "zip_code": "05574-001"
        },
        "module_version": "5.7.5",
        "sponsor_id": 208686191,
        "collector": "163745094",
        "platform": "bo2hnr2ic4p001kbgpt0",
        "ticket_settings": [],
        "platform_version": "6.3.1",
        "test_mode": false,
        "site_id": "mlb",
        "custom_settings": {
            "checkout_credential_prod": "deprecated",
            "wallet_button": "yes",
            "commission_checkbox": "no",
            "checkbox_checkout_test_mode": "yes",
            "binary_mode": "no",
            "currency_conversion": "no",
            "coupon_mode": "no",
            "gateway_discount_checkbox": "no",
            "enabled": "yes"
        },
        "pix_settings": [],
        "details": "",
        "checkout": "custom",
        "user": {
            "user_email": null,
            "registered_user": "no",
            "user_registration_date": null
        }
    },
    "money_release_date": "2022-04-08T08:07:43.000-04:00",
    "money_release_schema": null,
    "notification_url": "https:\/\/www.sekiama.com.br\/wc-api\/WC_WooMercadoPago_Custom_Gateway\/?source_news=webhooks",
    "operation_type": "regular_payment",
    "order": [],
    "payer": {
        "email": "mgarciaspindola@gmail.com",
        "entity_type": null,
        "first_name": null,
        "id": "738909477",
        "identification": {
            "number": "37110725855",
            "type": "CPF"
        },
        "last_name": null,
        "operator_id": null,
        "phone": {
            "area_code": null,
            "extension": null,
            "number": null
        },
        "type": null
    },
    "payment_method_id": "master",
    "payment_type_id": "credit_card",
    "platform_id": "bo2hnr2ic4p001kbgpt0",
    "point_of_interaction": {
        "business_info": {
            "sub_unit": "woocommerce",
            "unit": "online_payments"
        },
        "type": "UNSPECIFIED"
    },
    "pos_id": null,
    "processing_mode": "aggregator",
    "refunds": [],
    "shipping_amount": 0,
    "sponsor_id": 208686191,
    "statement_descriptor": "MERCPAGO*SEKIAMAMP",
    "status": "approved",
    "status_detail": "accredited",
    "store_id": null,
    "taxes_amount": 0,
    "transaction_amount": 23.530000000000001136868377216160297393798828125,
    "transaction_amount_refunded": 0,
    "transaction_details": {
        "acquirer_reference": null,
        "external_resource_url": null,
        "financial_institution": null,
        "installment_amount": 23.530000000000001136868377216160297393798828125,
        "net_received_amount": 22.3599999999999994315658113919198513031005859375,
        "overpaid_amount": 0,
        "payable_deferral_period": null,
        "payment_method_reference_id": null,
        "total_paid_amount": 23.530000000000001136868377216160297393798828125
    }
}
04-08-2022 @ 09:07:44 - [successful_request]: Changing order status to: processing
