08-17-2022 @ 23:03:22 - [process_payment]: POST Custom: {
    "amount": "104.4",
    "currency_ratio": "1",
    "paymentMethodId": "visa",
    "checkout_type": "custom",
    "installments": "2"
}
08-17-2022 @ 23:03:22 - [process_payment]: preparing to get response of custom checkout.
08-17-2022 @ 23:03:22 - [Created preference: ]: Preference: {
    "binary_mode": false,
    "external_reference": "WC-13878",
    "notification_url": "https:\/\/www.sekiama.com.br\/wc-api\/WC_WooMercadoPago_Custom_Gateway\/?source_news=webhooks",
    "statement_descriptor": "Sekiama MP",
    "sponsor_id": 208686191,
    "transaction_amount": 104.400000000000005684341886080801486968994140625,
    "description": "Farofa com Muitas Sementes e Castanhas x 4",
    "installments": 2,
    "payment_method_id": "visa",
    "payer": {
        "email": "lalanaves@gmail.com"
    },
    "metadata": {
        "platform": "bo2hnr2ic4p001kbgpt0",
        "platform_version": "6.8.0",
        "module_version": "6.0.2",
        "site_id": "mlb",
        "sponsor_id": 208686191,
        "collector": "163745094",
        "test_mode": false,
        "details": "",
        "basic_settings": {
            "enabled": "no",
            "currency_conversion": "no",
            "installments": "1",
            "method": "redirect",
            "auto_return": "yes",
            "binary_mode": "no",
            "ex_payments_master": "yes",
            "ex_payments_hipercard": "yes",
            "ex_payments_amex": "yes",
            "ex_payments_elo": "yes",
            "ex_payments_visa": "yes",
            "ex_payments_debvisa": "yes",
            "ex_payments_debelo": "yes",
            "ex_payments_pec": "yes",
            "ex_payments_bolbradesco": "yes",
            "gateway_discount_checkbox": "no",
            "commission_checkbox": "no",
            "checkbox_checkout_test_mode": "yes",
            "checkout_credential_prod": "deprecated"
        },
        "custom_settings": {
            "enabled": "yes",
            "currency_conversion": "no",
            "wallet_button": "yes",
            "coupon_mode": "no",
            "binary_mode": "no",
            "gateway_discount_checkbox": "no",
            "commission_checkbox": "no",
            "checkbox_checkout_test_mode": "yes",
            "checkout_credential_prod": "deprecated"
        },
        "ticket_settings": [],
        "pix_settings": {
            "enabled": "yes"
        },
        "seller_website": "https:\/\/www.sekiama.com.br",
        "billing_address": {
            "zip_code": "30411-183",
            "street_name": "Rua Chapecó",
            "city_name": "Belo Horizonte",
            "state_name": "MG",
            "country_name": "BR"
        },
        "user": {
            "registered_user": "no",
            "user_email": null,
            "user_registration_date": null
        },
        "checkout": "custom",
        "checkout_type": "credit_card"
    },
    "additional_info": {
        "items": [
            {
                "id": 197,
                "title": "Farofa com Muitas Sementes e Castanhas x 4",
                "description": "Foi-a-primeira-Farofa-lancada-no-mercado.-E-enriquecida-com-muitas-sementes-e-castanhas-e-sendo-riquissima-em-fibras-pode-ser-incluida-no-seu-dia-a-dia-de-forma-saudavel.-Farofa-sem-culpa-recheada-de-nutrientes-essenciais",
                "picture_url": "https:\/\/www.sekiama.com.br\/wp-content\/uploads\/2021\/11\/castanhas-frente.png",
                "category_id": "others",
                "quantity": 1,
                "unit_price": 74.400000000000005684341886080801486968994140625
            },
            {
                "title": "PAC (Entrega em 7 dias úteis)",
                "description": "Serviço de envio usado pela loja.",
                "category_id": "others",
                "quantity": 1,
                "unit_price": 30
            }
        ],
        "payer": {
            "first_name": "Larissa",
            "last_name": "Sales Cardoso Naves",
            "phone": {
                "number": "(31) 98309-9464"
            },
            "address": {
                "zip_code": "30411-183",
                "street_name": "Rua Chapecó \/ Belo Horizonte MG BR"
            }
        },
        "shipments": {
            "receiver_address": {
                "zip_code": "30411-183",
                "street_name": "Rua Chapecó Apto 1102 Belo Horizonte MG BR",
                "apartment": "Apto 1102",
                "city_name": "Belo Horizonte",
                "state_name": "MG"
            }
        }
    }
}
08-17-2022 @ 23:03:25 - [create_preference]: Preference created: {
    "status": 201,
    "response": {
        "id": 24981632403,
        "date_created": "2022-08-17T22:03:21.405-04:00",
        "date_approved": "2022-08-17T22:03:23.418-04:00",
        "date_last_updated": "2022-08-17T22:03:23.418-04:00",
        "date_of_expiration": null,
        "money_release_date": "2022-08-17T22:03:23.418-04:00",
        "money_release_status": null,
        "operation_type": "regular_payment",
        "issuer_id": "25",
        "payment_method_id": "visa",
        "payment_type_id": "credit_card",
        "status": "approved",
        "status_detail": "accredited",
        "currency_id": "BRL",
        "description": "Farofa com Muitas Sementes e Castanhas x 4",
        "live_mode": true,
        "sponsor_id": 208686191,
        "authorization_code": "278456",
        "money_release_schema": null,
        "taxes_amount": 0,
        "counter_currency": null,
        "brand_id": null,
        "shipping_amount": 0,
        "build_version": "2.107.4",
        "pos_id": null,
        "store_id": null,
        "integrator_id": null,
        "platform_id": "bo2hnr2ic4p001kbgpt0",
        "corporation_id": null,
        "collector_id": 163745094,
        "payer": {
            "type": null,
            "id": "40058112",
            "operator_id": null,
            "email": "lalanaves@gmail.com",
            "identification": {
                "type": "CPF",
                "number": "05555114648"
            },
            "phone": {
                "area_code": null,
                "number": null,
                "extension": null
            },
            "first_name": null,
            "last_name": null,
            "entity_type": null
        },
        "marketplace_owner": null,
        "metadata": {
            "basic_settings": {
                "ex_payments_debelo": "yes",
                "checkout_credential_prod": "deprecated",
                "checkbox_checkout_test_mode": "yes",
                "method": "redirect",
                "ex_payments_amex": "yes",
                "gateway_discount_checkbox": "no",
                "enabled": "no",
                "ex_payments_master": "yes",
                "ex_payments_visa": "yes",
                "ex_payments_pec": "yes",
                "ex_payments_bolbradesco": "yes",
                "commission_checkbox": "no",
                "currency_conversion": "no",
                "installments": "1",
                "binary_mode": "no",
                "ex_payments_debvisa": "yes",
                "ex_payments_elo": "yes",
                "auto_return": "yes",
                "ex_payments_hipercard": "yes"
            },
            "checkout_type": "credit_card",
            "seller_website": "https:\/\/www.sekiama.com.br",
            "billing_address": {
                "city_name": "Belo Horizonte",
                "state_name": "MG",
                "country_name": "BR",
                "zip_code": "30411-183",
                "street_name": "Rua Chapecó"
            },
            "module_version": "6.0.2",
            "sponsor_id": 208686191,
            "platform": "bo2hnr2ic4p001kbgpt0",
            "collector": "163745094",
            "ticket_settings": [],
            "platform_version": "6.8.0",
            "test_mode": false,
            "site_id": "mlb",
            "custom_settings": {
                "wallet_button": "yes",
                "checkout_credential_prod": "deprecated",
                "commission_checkbox": "no",
                "checkbox_checkout_test_mode": "yes",
                "currency_conversion": "no",
                "binary_mode": "no",
                "coupon_mode": "no",
                "gateway_discount_checkbox": "no",
                "enabled": "yes"
            },
            "pix_settings": {
                "enabled": "yes"
            },
            "details": "",
            "user": {
                "user_email": null,
                "registered_user": "no",
                "user_registration_date": null
            },
            "checkout": "custom"
        },
        "additional_info": {
            "items": [
                {
                    "id": "197",
                    "title": "Farofa com Muitas Sementes e Castanhas x 4",
                    "description": "Foi-a-primeira-Farofa-lancada-no-mercado.-E-enriquecida-com-muitas-sementes-e-castanhas-e-sendo-riquissima-em-fibras-pode-ser-incluida-no-seu-dia-a-dia-de-forma-saudavel.-Farofa-sem-culpa-recheada-de-nutrientes-essenciais",
                    "picture_url": "https:\/\/www.sekiama.com.br\/wp-content\/uploads\/2021\/11\/castanhas-frente.png",
                    "category_id": "others",
                    "quantity": "1",
                    "unit_price": "74.4"
                },
                {
                    "id": null,
                    "title": "PAC (Entrega em 7 dias úteis)",
                    "description": "Serviço de envio usado pela loja.",
                    "picture_url": null,
                    "category_id": "others",
                    "quantity": "1",
                    "unit_price": "30"
                }
            ],
            "payer": {
                "phone": {
                    "number": "(31) 98309-9464"
                },
                "address": {
                    "zip_code": "30411-183",
                    "street_name": "Rua Chapecó \/ Belo Horizonte MG BR"
                },
                "first_name": "Larissa",
                "last_name": "Sales Cardoso Naves"
            },
            "shipments": {
                "receiver_address": {
                    "zip_code": "30411-183",
                    "state_name": "MG",
                    "city_name": "Belo Horizonte",
                    "street_name": "Rua Chapecó Apto 1102 Belo Horizonte MG BR",
                    "apartment": "Apto 1102"
                }
            },
            "available_balance": null,
            "nsu_processadora": "11152208172255256767",
            "authentication_code": null
        },
        "order": [],
        "external_reference": "WC-13878",
        "transaction_amount": 104.400000000000005684341886080801486968994140625,
        "transaction_amount_refunded": 0,
        "coupon_amount": 0,
        "differential_pricing_id": null,
        "deduction_schema": null,
        "installments": 2,
        "transaction_details": {
            "payment_method_reference_id": "387816521",
            "net_received_amount": 99.18999999999999772626324556767940521240234375,
            "total_paid_amount": 112.3799999999999954525264911353588104248046875,
            "overpaid_amount": 0,
            "external_resource_url": null,
            "installment_amount": 56.18999999999999772626324556767940521240234375,
            "financial_institution": null,
            "payable_deferral_period": null,
            "acquirer_reference": null
        },
        "fee_details": [
            {
                "type": "financing_fee",
                "fee_payer": "payer",
                "amount": 7.980000000000000426325641456060111522674560546875
            },
            {
                "type": "mercadopago_fee",
                "amount": 5.20999999999999996447286321199499070644378662109375,
                "fee_payer": "collector"
            }
        ],
        "charges_details": [],
        "captured": true,
        "binary_mode": false,
        "call_for_authorize_id": null,
        "statement_descriptor": "EC*SEKIAMAMP",
        "card": {
            "id": null,
            "first_six_digits": "498406",
            "last_four_digits": "9332",
            "bin": "49840693",
            "expiration_month": 4,
            "expiration_year": 2026,
            "date_created": "2022-08-17T22:03:21.000-04:00",
            "date_last_updated": "2022-08-17T22:03:21.000-04:00",
            "cardholder": {
                "name": "Larissa s c naves",
                "identification": {
                    "number": "05555114648",
                    "type": "CPF"
                }
            }
        },
        "notification_url": "https:\/\/www.sekiama.com.br\/wc-api\/WC_WooMercadoPago_Custom_Gateway\/?source_news=webhooks",
        "refunds": [],
        "processing_mode": "aggregator",
        "merchant_account_id": null,
        "merchant_number": null,
        "acquirer_reconciliation": [],
        "point_of_interaction": {
            "type": "UNSPECIFIED",
            "business_info": {
                "unit": "online_payments",
                "sub_unit": "woocommerce"
            }
        }
    }
}
08-17-2022 @ 23:03:25 - [create_preference]: payment link generated with success from mercado pago, with structure as follow: {
    "status": 201,
    "response": {
        "id": 24981632403,
        "date_created": "2022-08-17T22:03:21.405-04:00",
        "date_approved": "2022-08-17T22:03:23.418-04:00",
        "date_last_updated": "2022-08-17T22:03:23.418-04:00",
        "date_of_expiration": null,
        "money_release_date": "2022-08-17T22:03:23.418-04:00",
        "money_release_status": null,
        "operation_type": "regular_payment",
        "issuer_id": "25",
        "payment_method_id": "visa",
        "payment_type_id": "credit_card",
        "status": "approved",
        "status_detail": "accredited",
        "currency_id": "BRL",
        "description": "Farofa com Muitas Sementes e Castanhas x 4",
        "live_mode": true,
        "sponsor_id": 208686191,
        "authorization_code": "278456",
        "money_release_schema": null,
        "taxes_amount": 0,
        "counter_currency": null,
        "brand_id": null,
        "shipping_amount": 0,
        "build_version": "2.107.4",
        "pos_id": null,
        "store_id": null,
        "integrator_id": null,
        "platform_id": "bo2hnr2ic4p001kbgpt0",
        "corporation_id": null,
        "collector_id": 163745094,
        "payer": {
            "type": null,
            "id": "40058112",
            "operator_id": null,
            "email": "lalanaves@gmail.com",
            "identification": {
                "type": "CPF",
                "number": "05555114648"
            },
            "phone": {
                "area_code": null,
                "number": null,
                "extension": null
            },
            "first_name": null,
            "last_name": null,
            "entity_type": null
        },
        "marketplace_owner": null,
        "metadata": {
            "basic_settings": {
                "ex_payments_debelo": "yes",
                "checkout_credential_prod": "deprecated",
                "checkbox_checkout_test_mode": "yes",
                "method": "redirect",
                "ex_payments_amex": "yes",
                "gateway_discount_checkbox": "no",
                "enabled": "no",
                "ex_payments_master": "yes",
                "ex_payments_visa": "yes",
                "ex_payments_pec": "yes",
                "ex_payments_bolbradesco": "yes",
                "commission_checkbox": "no",
                "currency_conversion": "no",
                "installments": "1",
                "binary_mode": "no",
                "ex_payments_debvisa": "yes",
                "ex_payments_elo": "yes",
                "auto_return": "yes",
                "ex_payments_hipercard": "yes"
            },
            "checkout_type": "credit_card",
            "seller_website": "https:\/\/www.sekiama.com.br",
            "billing_address": {
                "city_name": "Belo Horizonte",
                "state_name": "MG",
                "country_name": "BR",
                "zip_code": "30411-183",
                "street_name": "Rua Chapecó"
            },
            "module_version": "6.0.2",
            "sponsor_id": 208686191,
            "platform": "bo2hnr2ic4p001kbgpt0",
            "collector": "163745094",
            "ticket_settings": [],
            "platform_version": "6.8.0",
            "test_mode": false,
            "site_id": "mlb",
            "custom_settings": {
                "wallet_button": "yes",
                "checkout_credential_prod": "deprecated",
                "commission_checkbox": "no",
                "checkbox_checkout_test_mode": "yes",
                "currency_conversion": "no",
                "binary_mode": "no",
                "coupon_mode": "no",
                "gateway_discount_checkbox": "no",
                "enabled": "yes"
            },
            "pix_settings": {
                "enabled": "yes"
            },
            "details": "",
            "user": {
                "user_email": null,
                "registered_user": "no",
                "user_registration_date": null
            },
            "checkout": "custom"
        },
        "additional_info": {
            "items": [
                {
                    "id": "197",
                    "title": "Farofa com Muitas Sementes e Castanhas x 4",
                    "description": "Foi-a-primeira-Farofa-lancada-no-mercado.-E-enriquecida-com-muitas-sementes-e-castanhas-e-sendo-riquissima-em-fibras-pode-ser-incluida-no-seu-dia-a-dia-de-forma-saudavel.-Farofa-sem-culpa-recheada-de-nutrientes-essenciais",
                    "picture_url": "https:\/\/www.sekiama.com.br\/wp-content\/uploads\/2021\/11\/castanhas-frente.png",
                    "category_id": "others",
                    "quantity": "1",
                    "unit_price": "74.4"
                },
                {
                    "id": null,
                    "title": "PAC (Entrega em 7 dias úteis)",
                    "description": "Serviço de envio usado pela loja.",
                    "picture_url": null,
                    "category_id": "others",
                    "quantity": "1",
                    "unit_price": "30"
                }
            ],
            "payer": {
                "phone": {
                    "number": "(31) 98309-9464"
                },
                "address": {
                    "zip_code": "30411-183",
                    "street_name": "Rua Chapecó \/ Belo Horizonte MG BR"
                },
                "first_name": "Larissa",
                "last_name": "Sales Cardoso Naves"
            },
            "shipments": {
                "receiver_address": {
                    "zip_code": "30411-183",
                    "state_name": "MG",
                    "city_name": "Belo Horizonte",
                    "street_name": "Rua Chapecó Apto 1102 Belo Horizonte MG BR",
                    "apartment": "Apto 1102"
                }
            },
            "available_balance": null,
            "nsu_processadora": "11152208172255256767",
            "authentication_code": null
        },
        "order": [],
        "external_reference": "WC-13878",
        "transaction_amount": 104.400000000000005684341886080801486968994140625,
        "transaction_amount_refunded": 0,
        "coupon_amount": 0,
        "differential_pricing_id": null,
        "deduction_schema": null,
        "installments": 2,
        "transaction_details": {
            "payment_method_reference_id": "387816521",
            "net_received_amount": 99.18999999999999772626324556767940521240234375,
            "total_paid_amount": 112.3799999999999954525264911353588104248046875,
            "overpaid_amount": 0,
            "external_resource_url": null,
            "installment_amount": 56.18999999999999772626324556767940521240234375,
            "financial_institution": null,
            "payable_deferral_period": null,
            "acquirer_reference": null
        },
        "fee_details": [
            {
                "type": "financing_fee",
                "fee_payer": "payer",
                "amount": 7.980000000000000426325641456060111522674560546875
            },
            {
                "type": "mercadopago_fee",
                "amount": 5.20999999999999996447286321199499070644378662109375,
                "fee_payer": "collector"
            }
        ],
        "charges_details": [],
        "captured": true,
        "binary_mode": false,
        "call_for_authorize_id": null,
        "statement_descriptor": "EC*SEKIAMAMP",
        "card": {
            "id": null,
            "first_six_digits": "498406",
            "last_four_digits": "9332",
            "bin": "49840693",
            "expiration_month": 4,
            "expiration_year": 2026,
            "date_created": "2022-08-17T22:03:21.000-04:00",
            "date_last_updated": "2022-08-17T22:03:21.000-04:00",
            "cardholder": {
                "name": "Larissa s c naves",
                "identification": {
                    "number": "05555114648",
                    "type": "CPF"
                }
            }
        },
        "notification_url": "https:\/\/www.sekiama.com.br\/wc-api\/WC_WooMercadoPago_Custom_Gateway\/?source_news=webhooks",
        "refunds": [],
        "processing_mode": "aggregator",
        "merchant_account_id": null,
        "merchant_number": null,
        "acquirer_reconciliation": [],
        "point_of_interaction": {
            "type": "UNSPECIFIED",
            "business_info": {
                "unit": "online_payments",
                "sub_unit": "woocommerce"
            }
        }
    }
}
08-17-2022 @ 23:03:26 - [check_ipn_response]: received _get content: {
    "data_id": "24981632403",
    "source_news": "webhooks",
    "type": "payment"
}
08-17-2022 @ 23:03:26 - [successful_request]: starting to process  update...
08-17-2022 @ 23:03:26 - [successful_request]: updating metadata and status with data: {
    "acquirer_reconciliation": [],
    "additional_info": {
        "authentication_code": null,
        "available_balance": null,
        "items": [
            {
                "category_id": "others",
                "description": "Foi-a-primeira-Farofa-lancada-no-mercado.-E-enriquecida-com-muitas-sementes-e-castanhas-e-sendo-riquissima-em-fibras-pode-ser-incluida-no-seu-dia-a-dia-de-forma-saudavel.-Farofa-sem-culpa-recheada-de-nutrientes-essenciais",
                "id": "197",
                "picture_url": "https:\/\/www.sekiama.com.br\/wp-content\/uploads\/2021\/11\/castanhas-frente.png",
                "quantity": "1",
                "title": "Farofa com Muitas Sementes e Castanhas x 4",
                "unit_price": "74.4"
            },
            {
                "category_id": "others",
                "description": "Serviço de envio usado pela loja.",
                "id": null,
                "picture_url": null,
                "quantity": "1",
                "title": "PAC (Entrega em 7 dias úteis)",
                "unit_price": "30"
            }
        ],
        "nsu_processadora": null,
        "payer": {
            "address": {
                "street_name": "Rua Chapecó \/ Belo Horizonte MG BR",
                "zip_code": "30411-183"
            },
            "first_name": "Larissa",
            "last_name": "Sales Cardoso Naves",
            "phone": {
                "number": "(31) 98309-9464"
            }
        },
        "shipments": {
            "receiver_address": {
                "apartment": "Apto 1102",
                "city_name": "Belo Horizonte",
                "state_name": "MG",
                "street_name": "Rua Chapecó Apto 1102 Belo Horizonte MG BR",
                "zip_code": "30411-183"
            }
        }
    },
    "authorization_code": "278456",
    "binary_mode": false,
    "brand_id": null,
    "build_version": "2.107.4",
    "call_for_authorize_id": null,
    "captured": true,
    "card": {
        "bin": "49840693",
        "cardholder": {
            "identification": {
                "number": "05555114648",
                "type": "CPF"
            },
            "name": "Larissa s c naves"
        },
        "date_created": "2022-08-17T22:03:21.000-04:00",
        "date_last_updated": "2022-08-17T22:03:21.000-04:00",
        "expiration_month": 4,
        "expiration_year": 2026,
        "first_six_digits": "498406",
        "id": null,
        "last_four_digits": "9332"
    },
    "charges_details": [],
    "collector_id": 163745094,
    "corporation_id": null,
    "counter_currency": null,
    "coupon_amount": 0,
    "currency_id": "BRL",
    "date_approved": "2022-08-17T22:03:23.000-04:00",
    "date_created": "2022-08-17T22:03:21.000-04:00",
    "date_last_updated": "2022-08-17T22:03:23.000-04:00",
    "date_of_expiration": null,
    "deduction_schema": null,
    "description": "Farofa com Muitas Sementes e Castanhas x 4",
    "differential_pricing_id": null,
    "external_reference": "WC-13878",
    "fee_details": [
        {
            "amount": 7.980000000000000426325641456060111522674560546875,
            "fee_payer": "payer",
            "type": "financing_fee"
        },
        {
            "amount": 5.20999999999999996447286321199499070644378662109375,
            "fee_payer": "collector",
            "type": "mercadopago_fee"
        }
    ],
    "id": 24981632403,
    "installments": 2,
    "integrator_id": null,
    "issuer_id": "25",
    "live_mode": true,
    "marketplace_owner": null,
    "merchant_account_id": null,
    "merchant_number": null,
    "metadata": {
        "basic_settings": {
            "ex_payments_debelo": "yes",
            "checkout_credential_prod": "deprecated",
            "checkbox_checkout_test_mode": "yes",
            "method": "redirect",
            "ex_payments_amex": "yes",
            "gateway_discount_checkbox": "no",
            "enabled": "no",
            "ex_payments_master": "yes",
            "ex_payments_pec": "yes",
            "ex_payments_visa": "yes",
            "ex_payments_bolbradesco": "yes",
            "commission_checkbox": "no",
            "binary_mode": "no",
            "currency_conversion": "no",
            "installments": "1",
            "ex_payments_debvisa": "yes",
            "ex_payments_elo": "yes",
            "auto_return": "yes",
            "ex_payments_hipercard": "yes"
        },
        "checkout_type": "credit_card",
        "seller_website": "https:\/\/www.sekiama.com.br",
        "billing_address": {
            "city_name": "Belo Horizonte",
            "state_name": "MG",
            "country_name": "BR",
            "street_name": "Rua Chapecó",
            "zip_code": "30411-183"
        },
        "module_version": "6.0.2",
        "sponsor_id": 208686191,
        "collector": "163745094",
        "platform": "bo2hnr2ic4p001kbgpt0",
        "ticket_settings": [],
        "platform_version": "6.8.0",
        "test_mode": false,
        "site_id": "mlb",
        "custom_settings": {
            "checkout_credential_prod": "deprecated",
            "wallet_button": "yes",
            "commission_checkbox": "no",
            "checkbox_checkout_test_mode": "yes",
            "binary_mode": "no",
            "currency_conversion": "no",
            "coupon_mode": "no",
            "gateway_discount_checkbox": "no",
            "enabled": "yes"
        },
        "pix_settings": {
            "enabled": "yes"
        },
        "details": "",
        "checkout": "custom",
        "user": {
            "user_email": null,
            "registered_user": "no",
            "user_registration_date": null
        }
    },
    "money_release_date": "2022-08-17T22:03:23.000-04:00",
    "money_release_schema": null,
    "money_release_status": null,
    "notification_url": "https:\/\/www.sekiama.com.br\/wc-api\/WC_WooMercadoPago_Custom_Gateway\/?source_news=webhooks",
    "operation_type": "regular_payment",
    "order": [],
    "payer": {
        "email": "lalanaves@gmail.com",
        "entity_type": null,
        "first_name": null,
        "id": "40058112",
        "identification": {
            "number": "05555114648",
            "type": "CPF"
        },
        "last_name": null,
        "operator_id": null,
        "phone": {
            "area_code": null,
            "extension": null,
            "number": null
        },
        "type": null
    },
    "payment_method_id": "visa",
    "payment_type_id": "credit_card",
    "platform_id": "bo2hnr2ic4p001kbgpt0",
    "point_of_interaction": {
        "business_info": {
            "sub_unit": "woocommerce",
            "unit": "online_payments"
        },
        "type": "UNSPECIFIED"
    },
    "pos_id": null,
    "processing_mode": "aggregator",
    "refunds": [],
    "shipping_amount": 0,
    "sponsor_id": 208686191,
    "statement_descriptor": "EC*SEKIAMAMP",
    "status": "approved",
    "status_detail": "accredited",
    "store_id": null,
    "taxes_amount": 0,
    "transaction_amount": 104.400000000000005684341886080801486968994140625,
    "transaction_amount_refunded": 0,
    "transaction_details": {
        "acquirer_reference": null,
        "external_resource_url": null,
        "financial_institution": null,
        "installment_amount": 56.18999999999999772626324556767940521240234375,
        "net_received_amount": 99.18999999999999772626324556767940521240234375,
        "overpaid_amount": 0,
        "payable_deferral_period": null,
        "payment_method_reference_id": "387816521",
        "total_paid_amount": 112.3799999999999954525264911353588104248046875
    }
}
08-17-2022 @ 23:03:26 - [successful_request]: Changing order status to: processing
08-17-2022 @ 23:04:36 - [check_ipn_response]: received _get content: {
    "data_id": "24981632403",
    "source_news": "webhooks",
    "type": "payment"
}
08-17-2022 @ 23:04:36 - [successful_request]: starting to process  update...
08-17-2022 @ 23:04:36 - [successful_request]: updating metadata and status with data: {
    "acquirer_reconciliation": [],
    "additional_info": {
        "authentication_code": null,
        "available_balance": null,
        "items": [
            {
                "category_id": "others",
                "description": "Foi-a-primeira-Farofa-lancada-no-mercado.-E-enriquecida-com-muitas-sementes-e-castanhas-e-sendo-riquissima-em-fibras-pode-ser-incluida-no-seu-dia-a-dia-de-forma-saudavel.-Farofa-sem-culpa-recheada-de-nutrientes-essenciais",
                "id": "197",
                "picture_url": "https:\/\/www.sekiama.com.br\/wp-content\/uploads\/2021\/11\/castanhas-frente.png",
                "quantity": "1",
                "title": "Farofa com Muitas Sementes e Castanhas x 4",
                "unit_price": "74.4"
            },
            {
                "category_id": "others",
                "description": "Serviço de envio usado pela loja.",
                "id": null,
                "picture_url": null,
                "quantity": "1",
                "title": "PAC (Entrega em 7 dias úteis)",
                "unit_price": "30"
            }
        ],
        "nsu_processadora": null,
        "payer": {
            "address": {
                "street_name": "Rua Chapecó \/ Belo Horizonte MG BR",
                "zip_code": "30411-183"
            },
            "first_name": "Larissa",
            "last_name": "Sales Cardoso Naves",
            "phone": {
                "number": "(31) 98309-9464"
            }
        },
        "shipments": {
            "receiver_address": {
                "apartment": "Apto 1102",
                "city_name": "Belo Horizonte",
                "state_name": "MG",
                "street_name": "Rua Chapecó Apto 1102 Belo Horizonte MG BR",
                "zip_code": "30411-183"
            }
        }
    },
    "authorization_code": "278456",
    "binary_mode": false,
    "brand_id": null,
    "build_version": "2.107.4",
    "call_for_authorize_id": null,
    "captured": true,
    "card": {
        "bin": "49840693",
        "cardholder": {
            "identification": {
                "number": "05555114648",
                "type": "CPF"
            },
            "name": "Larissa s c naves"
        },
        "date_created": "2022-08-17T22:03:21.000-04:00",
        "date_last_updated": "2022-08-17T22:03:21.000-04:00",
        "expiration_month": 4,
        "expiration_year": 2026,
        "first_six_digits": "498406",
        "id": null,
        "last_four_digits": "9332"
    },
    "charges_details": [],
    "collector_id": 163745094,
    "corporation_id": null,
    "counter_currency": null,
    "coupon_amount": 0,
    "currency_id": "BRL",
    "date_approved": "2022-08-17T22:03:23.000-04:00",
    "date_created": "2022-08-17T22:03:21.000-04:00",
    "date_last_updated": "2022-08-17T22:03:34.000-04:00",
    "date_of_expiration": null,
    "deduction_schema": null,
    "description": "Farofa com Muitas Sementes e Castanhas x 4",
    "differential_pricing_id": null,
    "external_reference": "WC-13878",
    "fee_details": [
        {
            "amount": 7.980000000000000426325641456060111522674560546875,
            "fee_payer": "payer",
            "type": "financing_fee"
        },
        {
            "amount": 5.20999999999999996447286321199499070644378662109375,
            "fee_payer": "collector",
            "type": "mercadopago_fee"
        }
    ],
    "id": 24981632403,
    "installments": 2,
    "integrator_id": null,
    "issuer_id": "25",
    "live_mode": true,
    "marketplace_owner": null,
    "merchant_account_id": null,
    "merchant_number": null,
    "metadata": {
        "basic_settings": {
            "ex_payments_debelo": "yes",
            "checkout_credential_prod": "deprecated",
            "checkbox_checkout_test_mode": "yes",
            "method": "redirect",
            "ex_payments_amex": "yes",
            "gateway_discount_checkbox": "no",
            "enabled": "no",
            "ex_payments_master": "yes",
            "ex_payments_pec": "yes",
            "ex_payments_visa": "yes",
            "ex_payments_bolbradesco": "yes",
            "commission_checkbox": "no",
            "binary_mode": "no",
            "currency_conversion": "no",
            "installments": "1",
            "ex_payments_debvisa": "yes",
            "ex_payments_elo": "yes",
            "auto_return": "yes",
            "ex_payments_hipercard": "yes"
        },
        "checkout_type": "credit_card",
        "seller_website": "https:\/\/www.sekiama.com.br",
        "billing_address": {
            "city_name": "Belo Horizonte",
            "state_name": "MG",
            "country_name": "BR",
            "street_name": "Rua Chapecó",
            "zip_code": "30411-183"
        },
        "module_version": "6.0.2",
        "sponsor_id": 208686191,
        "collector": "163745094",
        "platform": "bo2hnr2ic4p001kbgpt0",
        "ticket_settings": [],
        "platform_version": "6.8.0",
        "test_mode": false,
        "site_id": "mlb",
        "custom_settings": {
            "checkout_credential_prod": "deprecated",
            "wallet_button": "yes",
            "commission_checkbox": "no",
            "checkbox_checkout_test_mode": "yes",
            "binary_mode": "no",
            "currency_conversion": "no",
            "coupon_mode": "no",
            "gateway_discount_checkbox": "no",
            "enabled": "yes"
        },
        "pix_settings": {
            "enabled": "yes"
        },
        "details": "",
        "checkout": "custom",
        "user": {
            "user_email": null,
            "registered_user": "no",
            "user_registration_date": null
        }
    },
    "money_release_date": "2022-08-17T22:03:23.000-04:00",
    "money_release_schema": null,
    "money_release_status": null,
    "notification_url": "https:\/\/www.sekiama.com.br\/wc-api\/WC_WooMercadoPago_Custom_Gateway\/?source_news=webhooks",
    "operation_type": "regular_payment",
    "order": [],
    "payer": {
        "email": "lalanaves@gmail.com",
        "entity_type": null,
        "first_name": null,
        "id": "40058112",
        "identification": {
            "number": "05555114648",
            "type": "CPF"
        },
        "last_name": null,
        "operator_id": null,
        "phone": {
            "area_code": null,
            "extension": null,
            "number": null
        },
        "type": null
    },
    "payment_method_id": "visa",
    "payment_type_id": "credit_card",
    "platform_id": "bo2hnr2ic4p001kbgpt0",
    "point_of_interaction": {
        "business_info": {
            "sub_unit": "woocommerce",
            "unit": "online_payments"
        },
        "type": "UNSPECIFIED"
    },
    "pos_id": null,
    "processing_mode": "aggregator",
    "refunds": [],
    "shipping_amount": 0,
    "sponsor_id": 208686191,
    "statement_descriptor": "EC*SEKIAMAMP",
    "status": "approved",
    "status_detail": "accredited",
    "store_id": null,
    "taxes_amount": 0,
    "transaction_amount": 104.400000000000005684341886080801486968994140625,
    "transaction_amount_refunded": 0,
    "transaction_details": {
        "acquirer_reference": null,
        "external_resource_url": null,
        "financial_institution": null,
        "installment_amount": 56.18999999999999772626324556767940521240234375,
        "net_received_amount": 99.18999999999999772626324556767940521240234375,
        "overpaid_amount": 0,
        "payable_deferral_period": null,
        "payment_method_reference_id": "387816521",
        "total_paid_amount": 112.3799999999999954525264911353588104248046875
    }
}
08-17-2022 @ 23:04:36 - [successful_request]: Changing order status to: processing
