08-29-2022 @ 09:24:23 - [process_payment]: POST Custom: {
    "amount": "101.67",
    "currency_ratio": "1",
    "paymentMethodId": "visa",
    "checkout_type": "custom",
    "installments": "1"
}
08-29-2022 @ 09:24:23 - [process_payment]: preparing to get response of custom checkout.
08-29-2022 @ 09:24:23 - [Created preference: ]: Preference: {
    "binary_mode": false,
    "external_reference": "WC-13889",
    "notification_url": "https:\/\/www.sekiama.com.br\/wc-api\/WC_WooMercadoPago_Custom_Gateway\/?source_news=webhooks",
    "statement_descriptor": "Sekiama MP",
    "sponsor_id": 208686191,
    "transaction_amount": 101.6700000000000017053025658242404460906982421875,
    "description": "Faropop x 2, Farofa com Muita Cebola x 2, Farofa Doce x 1",
    "installments": 1,
    "payment_method_id": "visa",
    "payer": {
        "email": "gabecoliveira@gmail.com"
    },
    "metadata": {
        "platform": "bo2hnr2ic4p001kbgpt0",
        "platform_version": "6.8.2",
        "module_version": "6.1.0",
        "site_id": "mlb",
        "sponsor_id": 208686191,
        "collector": "163745094",
        "test_mode": false,
        "details": "",
        "basic_settings": {
            "enabled": "no",
            "currency_conversion": "no",
            "installments": "1",
            "method": "redirect",
            "auto_return": "yes",
            "binary_mode": "no",
            "ex_payments_master": "yes",
            "ex_payments_hipercard": "yes",
            "ex_payments_amex": "yes",
            "ex_payments_elo": "yes",
            "ex_payments_visa": "yes",
            "ex_payments_debvisa": "yes",
            "ex_payments_debelo": "yes",
            "ex_payments_pec": "yes",
            "ex_payments_bolbradesco": "yes",
            "gateway_discount_checkbox": "no",
            "commission_checkbox": "no",
            "checkbox_checkout_test_mode": "yes",
            "checkout_credential_prod": "deprecated"
        },
        "custom_settings": {
            "enabled": "yes",
            "currency_conversion": "no",
            "wallet_button": "yes",
            "coupon_mode": "no",
            "binary_mode": "no",
            "gateway_discount_checkbox": "no",
            "commission_checkbox": "no",
            "checkbox_checkout_test_mode": "yes",
            "checkout_credential_prod": "deprecated"
        },
        "ticket_settings": [],
        "pix_settings": {
            "enabled": "yes"
        },
        "seller_website": "https:\/\/www.sekiama.com.br",
        "billing_address": {
            "zip_code": "04106-010",
            "street_name": "Rua Machado de Assis",
            "city_name": "São Paulo",
            "state_name": "SP",
            "country_name": "BR"
        },
        "user": {
            "registered_user": "no",
            "user_email": null,
            "user_registration_date": null
        },
        "checkout": "custom",
        "checkout_type": "credit_card"
    },
    "additional_info": {
        "items": [
            {
                "id": 200,
                "title": "Faropop x 2",
                "description": "Temperada-do-jeito-que-amamos-comer-farofa.-A-Faropop-Temperada-e-uma-das-farofas-tradicionais-que-combina-com-qualquer-refeicao.-span-stylecolor-a81414strongIngredientes-strongspanFarinha-de-Mandioca-Gor",
                "picture_url": "https:\/\/www.sekiama.com.br\/wp-content\/uploads\/2021\/11\/tradicional-frente.png",
                "category_id": "others",
                "quantity": 1,
                "unit_price": 28.39999999999999857891452847979962825775146484375
            },
            {
                "id": 195,
                "title": "Farofa com Muita Cebola x 2",
                "description": "Por-ser-incrivelmente-saborosa-a-Farofa-com-muita-cebola-crocante-e-a-campea-de-vendas-conquistando-todos-os-paladares.-Nesta-nobre-preparacao-a-farinha-de-mandioca-absorve-o-incrivel-sabor-da-cebola-fresca-resultando-em",
                "picture_url": "https:\/\/www.sekiama.com.br\/wp-content\/uploads\/2021\/11\/cebola-frente-1.png",
                "category_id": "others",
                "quantity": 1,
                "unit_price": 34.39999999999999857891452847979962825775146484375
            },
            {
                "id": 199,
                "title": "Farofa Doce x 1",
                "description": "Ideal-para-voce-que-deseja-inovar-no-sabor-das-suas-deliciosas-sobremesas-finalizando-com-um-toque-extra-crocante.-Voce-ainda-pode-experimentar-em-vitaminas-massas-de-tortas-cobertura-de-bolos-e-onde-mais-preferir.-Surpree",
                "picture_url": "https:\/\/www.sekiama.com.br\/wp-content\/uploads\/2021\/11\/doce-Frente-1.png",
                "category_id": "others",
                "quantity": 1,
                "unit_price": 19.800000000000000710542735760100185871124267578125
            },
            {
                "title": "Sedex (Entrega em 3 dias úteis)",
                "description": "Serviço de envio usado pela loja.",
                "category_id": "others",
                "quantity": 1,
                "unit_price": 19.07000000000000028421709430404007434844970703125
            }
        ],
        "payer": {
            "first_name": "Gabriela",
            "last_name": "Moraes",
            "phone": {
                "number": "(11) 98927-4147"
            },
            "address": {
                "zip_code": "04106-010",
                "street_name": "Rua Machado de Assis \/ São Paulo SP BR"
            }
        },
        "shipments": {
            "receiver_address": {
                "zip_code": "04106-010",
                "street_name": "Rua Machado de Assis Apartamento 11 São Paulo SP BR",
                "apartment": "Apartamento 11",
                "city_name": "São Paulo",
                "state_name": "SP"
            }
        }
    }
}
08-29-2022 @ 09:24:24 - [create_preference]: Preference created: {
    "status": 201,
    "response": {
        "id": 25285867171,
        "date_created": "2022-08-29T08:24:23.886-04:00",
        "date_approved": "2022-08-29T08:24:25.150-04:00",
        "date_last_updated": "2022-08-29T08:24:25.150-04:00",
        "date_of_expiration": null,
        "money_release_date": "2022-08-29T08:24:25.150-04:00",
        "money_release_status": null,
        "operation_type": "regular_payment",
        "issuer_id": "25",
        "payment_method_id": "visa",
        "payment_type_id": "credit_card",
        "status": "approved",
        "status_detail": "accredited",
        "currency_id": "BRL",
        "description": "Faropop x 2, Farofa com Muita Cebola x 2, Farofa Doce x 1",
        "live_mode": true,
        "sponsor_id": 208686191,
        "authorization_code": "417357",
        "money_release_schema": null,
        "taxes_amount": 0,
        "counter_currency": null,
        "brand_id": null,
        "shipping_amount": 0,
        "build_version": "2.108.1-hotfix-1",
        "pos_id": null,
        "store_id": null,
        "integrator_id": null,
        "platform_id": "bo2hnr2ic4p001kbgpt0",
        "corporation_id": null,
        "collector_id": 163745094,
        "payer": {
            "type": null,
            "id": "171251133",
            "operator_id": null,
            "email": "gabecoliveira@gmail.com",
            "identification": {
                "type": "CPF",
                "number": "00101018290"
            },
            "phone": {
                "area_code": null,
                "number": null,
                "extension": null
            },
            "first_name": null,
            "last_name": null,
            "entity_type": null
        },
        "marketplace_owner": null,
        "metadata": {
            "basic_settings": {
                "ex_payments_debelo": "yes",
                "checkout_credential_prod": "deprecated",
                "checkbox_checkout_test_mode": "yes",
                "method": "redirect",
                "ex_payments_amex": "yes",
                "gateway_discount_checkbox": "no",
                "enabled": "no",
                "ex_payments_master": "yes",
                "ex_payments_visa": "yes",
                "ex_payments_pec": "yes",
                "ex_payments_bolbradesco": "yes",
                "commission_checkbox": "no",
                "currency_conversion": "no",
                "installments": "1",
                "binary_mode": "no",
                "ex_payments_debvisa": "yes",
                "ex_payments_elo": "yes",
                "auto_return": "yes",
                "ex_payments_hipercard": "yes"
            },
            "checkout_type": "credit_card",
            "seller_website": "https:\/\/www.sekiama.com.br",
            "billing_address": {
                "city_name": "São Paulo",
                "state_name": "SP",
                "country_name": "BR",
                "zip_code": "04106-010",
                "street_name": "Rua Machado de Assis"
            },
            "module_version": "6.1.0",
            "sponsor_id": 208686191,
            "platform": "bo2hnr2ic4p001kbgpt0",
            "collector": "163745094",
            "ticket_settings": [],
            "platform_version": "6.8.2",
            "test_mode": false,
            "site_id": "mlb",
            "custom_settings": {
                "wallet_button": "yes",
                "checkout_credential_prod": "deprecated",
                "commission_checkbox": "no",
                "checkbox_checkout_test_mode": "yes",
                "currency_conversion": "no",
                "binary_mode": "no",
                "coupon_mode": "no",
                "gateway_discount_checkbox": "no",
                "enabled": "yes"
            },
            "pix_settings": {
                "enabled": "yes"
            },
            "details": "",
            "user": {
                "user_email": null,
                "registered_user": "no",
                "user_registration_date": null
            },
            "checkout": "custom"
        },
        "additional_info": {
            "items": [
                {
                    "id": "200",
                    "title": "Faropop x 2",
                    "description": "Temperada-do-jeito-que-amamos-comer-farofa.-A-Faropop-Temperada-e-uma-das-farofas-tradicionais-que-combina-com-qualquer-refeicao.-span-stylecolor-a81414strongIngredientes-strongspanFarinha-de-Mandioca-Gor",
                    "picture_url": "https:\/\/www.sekiama.com.br\/wp-content\/uploads\/2021\/11\/tradicional-frente.png",
                    "category_id": "others",
                    "quantity": "1",
                    "unit_price": "28.4"
                },
                {
                    "id": "195",
                    "title": "Farofa com Muita Cebola x 2",
                    "description": "Por-ser-incrivelmente-saborosa-a-Farofa-com-muita-cebola-crocante-e-a-campea-de-vendas-conquistando-todos-os-paladares.-Nesta-nobre-preparacao-a-farinha-de-mandioca-absorve-o-incrivel-sabor-da-cebola-fresca-resultando-em",
                    "picture_url": "https:\/\/www.sekiama.com.br\/wp-content\/uploads\/2021\/11\/cebola-frente-1.png",
                    "category_id": "others",
                    "quantity": "1",
                    "unit_price": "34.4"
                },
                {
                    "id": "199",
                    "title": "Farofa Doce x 1",
                    "description": "Ideal-para-voce-que-deseja-inovar-no-sabor-das-suas-deliciosas-sobremesas-finalizando-com-um-toque-extra-crocante.-Voce-ainda-pode-experimentar-em-vitaminas-massas-de-tortas-cobertura-de-bolos-e-onde-mais-preferir.-Surpree",
                    "picture_url": "https:\/\/www.sekiama.com.br\/wp-content\/uploads\/2021\/11\/doce-Frente-1.png",
                    "category_id": "others",
                    "quantity": "1",
                    "unit_price": "19.8"
                },
                {
                    "id": null,
                    "title": "Sedex (Entrega em 3 dias úteis)",
                    "description": "Serviço de envio usado pela loja.",
                    "picture_url": null,
                    "category_id": "others",
                    "quantity": "1",
                    "unit_price": "19.07"
                }
            ],
            "payer": {
                "phone": {
                    "number": "(11) 98927-4147"
                },
                "address": {
                    "zip_code": "04106-010",
                    "street_name": "Rua Machado de Assis \/ São Paulo SP BR"
                },
                "first_name": "Gabriela",
                "last_name": "Moraes"
            },
            "shipments": {
                "receiver_address": {
                    "zip_code": "04106-010",
                    "state_name": "SP",
                    "city_name": "São Paulo",
                    "street_name": "Rua Machado de Assis Apartamento 11 São Paulo SP BR",
                    "apartment": "Apartamento 11"
                }
            },
            "iso_response_code": "00",
            "available_balance": null,
            "nsu_processadora": "CAQECAQQuynAAXLjbNItfQHpG0WONQVSBMRx0Iifjb7oen-vmbQA0b3QAMVGUrnQ",
            "authentication_code": null
        },
        "order": [],
        "external_reference": "WC-13889",
        "transaction_amount": 101.6700000000000017053025658242404460906982421875,
        "transaction_amount_refunded": 0,
        "coupon_amount": 0,
        "differential_pricing_id": null,
        "deduction_schema": null,
        "installments": 1,
        "transaction_details": {
            "payment_method_reference_id": null,
            "net_received_amount": 96.599999999999994315658113919198513031005859375,
            "total_paid_amount": 101.6700000000000017053025658242404460906982421875,
            "overpaid_amount": 0,
            "external_resource_url": null,
            "installment_amount": 101.6700000000000017053025658242404460906982421875,
            "financial_institution": null,
            "payable_deferral_period": null,
            "acquirer_reference": null
        },
        "fee_details": [
            {
                "type": "mercadopago_fee",
                "amount": 5.07000000000000028421709430404007434844970703125,
                "fee_payer": "collector"
            }
        ],
        "charges_details": [],
        "captured": true,
        "binary_mode": false,
        "call_for_authorize_id": null,
        "statement_descriptor": "MERCPAGO*SEKIAMAMP",
        "card": {
            "id": null,
            "first_six_digits": "423071",
            "last_four_digits": "7504",
            "bin": "42307180",
            "expiration_month": 11,
            "expiration_year": 2026,
            "date_created": "2022-08-29T08:24:23.000-04:00",
            "date_last_updated": "2022-08-29T08:24:23.000-04:00",
            "cardholder": {
                "name": "GABRIELA C O MORAES",
                "identification": {
                    "number": "00101018290",
                    "type": "CPF"
                }
            }
        },
        "notification_url": "https:\/\/www.sekiama.com.br\/wc-api\/WC_WooMercadoPago_Custom_Gateway\/?source_news=webhooks",
        "refunds": [],
        "processing_mode": "aggregator",
        "merchant_account_id": null,
        "merchant_number": null,
        "acquirer_reconciliation": [],
        "point_of_interaction": {
            "type": "UNSPECIFIED",
            "business_info": {
                "unit": "online_payments",
                "sub_unit": "woocommerce"
            }
        }
    }
}
08-29-2022 @ 09:24:24 - [create_preference]: payment link generated with success from mercado pago, with structure as follow: {
    "status": 201,
    "response": {
        "id": 25285867171,
        "date_created": "2022-08-29T08:24:23.886-04:00",
        "date_approved": "2022-08-29T08:24:25.150-04:00",
        "date_last_updated": "2022-08-29T08:24:25.150-04:00",
        "date_of_expiration": null,
        "money_release_date": "2022-08-29T08:24:25.150-04:00",
        "money_release_status": null,
        "operation_type": "regular_payment",
        "issuer_id": "25",
        "payment_method_id": "visa",
        "payment_type_id": "credit_card",
        "status": "approved",
        "status_detail": "accredited",
        "currency_id": "BRL",
        "description": "Faropop x 2, Farofa com Muita Cebola x 2, Farofa Doce x 1",
        "live_mode": true,
        "sponsor_id": 208686191,
        "authorization_code": "417357",
        "money_release_schema": null,
        "taxes_amount": 0,
        "counter_currency": null,
        "brand_id": null,
        "shipping_amount": 0,
        "build_version": "2.108.1-hotfix-1",
        "pos_id": null,
        "store_id": null,
        "integrator_id": null,
        "platform_id": "bo2hnr2ic4p001kbgpt0",
        "corporation_id": null,
        "collector_id": 163745094,
        "payer": {
            "type": null,
            "id": "171251133",
            "operator_id": null,
            "email": "gabecoliveira@gmail.com",
            "identification": {
                "type": "CPF",
                "number": "00101018290"
            },
            "phone": {
                "area_code": null,
                "number": null,
                "extension": null
            },
            "first_name": null,
            "last_name": null,
            "entity_type": null
        },
        "marketplace_owner": null,
        "metadata": {
            "basic_settings": {
                "ex_payments_debelo": "yes",
                "checkout_credential_prod": "deprecated",
                "checkbox_checkout_test_mode": "yes",
                "method": "redirect",
                "ex_payments_amex": "yes",
                "gateway_discount_checkbox": "no",
                "enabled": "no",
                "ex_payments_master": "yes",
                "ex_payments_visa": "yes",
                "ex_payments_pec": "yes",
                "ex_payments_bolbradesco": "yes",
                "commission_checkbox": "no",
                "currency_conversion": "no",
                "installments": "1",
                "binary_mode": "no",
                "ex_payments_debvisa": "yes",
                "ex_payments_elo": "yes",
                "auto_return": "yes",
                "ex_payments_hipercard": "yes"
            },
            "checkout_type": "credit_card",
            "seller_website": "https:\/\/www.sekiama.com.br",
            "billing_address": {
                "city_name": "São Paulo",
                "state_name": "SP",
                "country_name": "BR",
                "zip_code": "04106-010",
                "street_name": "Rua Machado de Assis"
            },
            "module_version": "6.1.0",
            "sponsor_id": 208686191,
            "platform": "bo2hnr2ic4p001kbgpt0",
            "collector": "163745094",
            "ticket_settings": [],
            "platform_version": "6.8.2",
            "test_mode": false,
            "site_id": "mlb",
            "custom_settings": {
                "wallet_button": "yes",
                "checkout_credential_prod": "deprecated",
                "commission_checkbox": "no",
                "checkbox_checkout_test_mode": "yes",
                "currency_conversion": "no",
                "binary_mode": "no",
                "coupon_mode": "no",
                "gateway_discount_checkbox": "no",
                "enabled": "yes"
            },
            "pix_settings": {
                "enabled": "yes"
            },
            "details": "",
            "user": {
                "user_email": null,
                "registered_user": "no",
                "user_registration_date": null
            },
            "checkout": "custom"
        },
        "additional_info": {
            "items": [
                {
                    "id": "200",
                    "title": "Faropop x 2",
                    "description": "Temperada-do-jeito-que-amamos-comer-farofa.-A-Faropop-Temperada-e-uma-das-farofas-tradicionais-que-combina-com-qualquer-refeicao.-span-stylecolor-a81414strongIngredientes-strongspanFarinha-de-Mandioca-Gor",
                    "picture_url": "https:\/\/www.sekiama.com.br\/wp-content\/uploads\/2021\/11\/tradicional-frente.png",
                    "category_id": "others",
                    "quantity": "1",
                    "unit_price": "28.4"
                },
                {
                    "id": "195",
                    "title": "Farofa com Muita Cebola x 2",
                    "description": "Por-ser-incrivelmente-saborosa-a-Farofa-com-muita-cebola-crocante-e-a-campea-de-vendas-conquistando-todos-os-paladares.-Nesta-nobre-preparacao-a-farinha-de-mandioca-absorve-o-incrivel-sabor-da-cebola-fresca-resultando-em",
                    "picture_url": "https:\/\/www.sekiama.com.br\/wp-content\/uploads\/2021\/11\/cebola-frente-1.png",
                    "category_id": "others",
                    "quantity": "1",
                    "unit_price": "34.4"
                },
                {
                    "id": "199",
                    "title": "Farofa Doce x 1",
                    "description": "Ideal-para-voce-que-deseja-inovar-no-sabor-das-suas-deliciosas-sobremesas-finalizando-com-um-toque-extra-crocante.-Voce-ainda-pode-experimentar-em-vitaminas-massas-de-tortas-cobertura-de-bolos-e-onde-mais-preferir.-Surpree",
                    "picture_url": "https:\/\/www.sekiama.com.br\/wp-content\/uploads\/2021\/11\/doce-Frente-1.png",
                    "category_id": "others",
                    "quantity": "1",
                    "unit_price": "19.8"
                },
                {
                    "id": null,
                    "title": "Sedex (Entrega em 3 dias úteis)",
                    "description": "Serviço de envio usado pela loja.",
                    "picture_url": null,
                    "category_id": "others",
                    "quantity": "1",
                    "unit_price": "19.07"
                }
            ],
            "payer": {
                "phone": {
                    "number": "(11) 98927-4147"
                },
                "address": {
                    "zip_code": "04106-010",
                    "street_name": "Rua Machado de Assis \/ São Paulo SP BR"
                },
                "first_name": "Gabriela",
                "last_name": "Moraes"
            },
            "shipments": {
                "receiver_address": {
                    "zip_code": "04106-010",
                    "state_name": "SP",
                    "city_name": "São Paulo",
                    "street_name": "Rua Machado de Assis Apartamento 11 São Paulo SP BR",
                    "apartment": "Apartamento 11"
                }
            },
            "iso_response_code": "00",
            "available_balance": null,
            "nsu_processadora": "CAQECAQQuynAAXLjbNItfQHpG0WONQVSBMRx0Iifjb7oen-vmbQA0b3QAMVGUrnQ",
            "authentication_code": null
        },
        "order": [],
        "external_reference": "WC-13889",
        "transaction_amount": 101.6700000000000017053025658242404460906982421875,
        "transaction_amount_refunded": 0,
        "coupon_amount": 0,
        "differential_pricing_id": null,
        "deduction_schema": null,
        "installments": 1,
        "transaction_details": {
            "payment_method_reference_id": null,
            "net_received_amount": 96.599999999999994315658113919198513031005859375,
            "total_paid_amount": 101.6700000000000017053025658242404460906982421875,
            "overpaid_amount": 0,
            "external_resource_url": null,
            "installment_amount": 101.6700000000000017053025658242404460906982421875,
            "financial_institution": null,
            "payable_deferral_period": null,
            "acquirer_reference": null
        },
        "fee_details": [
            {
                "type": "mercadopago_fee",
                "amount": 5.07000000000000028421709430404007434844970703125,
                "fee_payer": "collector"
            }
        ],
        "charges_details": [],
        "captured": true,
        "binary_mode": false,
        "call_for_authorize_id": null,
        "statement_descriptor": "MERCPAGO*SEKIAMAMP",
        "card": {
            "id": null,
            "first_six_digits": "423071",
            "last_four_digits": "7504",
            "bin": "42307180",
            "expiration_month": 11,
            "expiration_year": 2026,
            "date_created": "2022-08-29T08:24:23.000-04:00",
            "date_last_updated": "2022-08-29T08:24:23.000-04:00",
            "cardholder": {
                "name": "GABRIELA C O MORAES",
                "identification": {
                    "number": "00101018290",
                    "type": "CPF"
                }
            }
        },
        "notification_url": "https:\/\/www.sekiama.com.br\/wc-api\/WC_WooMercadoPago_Custom_Gateway\/?source_news=webhooks",
        "refunds": [],
        "processing_mode": "aggregator",
        "merchant_account_id": null,
        "merchant_number": null,
        "acquirer_reconciliation": [],
        "point_of_interaction": {
            "type": "UNSPECIFIED",
            "business_info": {
                "unit": "online_payments",
                "sub_unit": "woocommerce"
            }
        }
    }
}
08-29-2022 @ 09:24:25 - [check_ipn_response]: received _get content: {
    "data_id": "25285867171",
    "source_news": "webhooks",
    "type": "payment"
}
08-29-2022 @ 09:24:25 - [successful_request]: starting to process  update...
08-29-2022 @ 09:24:25 - [successful_request]: updating metadata and status with data: {
    "acquirer_reconciliation": [],
    "additional_info": {
        "authentication_code": null,
        "available_balance": null,
        "items": [
            {
                "category_id": "others",
                "description": "Temperada-do-jeito-que-amamos-comer-farofa.-A-Faropop-Temperada-e-uma-das-farofas-tradicionais-que-combina-com-qualquer-refeicao.-span-stylecolor-a81414strongIngredientes-strongspanFarinha-de-Mandioca-Gor",
                "id": "200",
                "picture_url": "https:\/\/www.sekiama.com.br\/wp-content\/uploads\/2021\/11\/tradicional-frente.png",
                "quantity": "1",
                "title": "Faropop x 2",
                "unit_price": "28.4"
            },
            {
                "category_id": "others",
                "description": "Por-ser-incrivelmente-saborosa-a-Farofa-com-muita-cebola-crocante-e-a-campea-de-vendas-conquistando-todos-os-paladares.-Nesta-nobre-preparacao-a-farinha-de-mandioca-absorve-o-incrivel-sabor-da-cebola-fresca-resultando-em",
                "id": "195",
                "picture_url": "https:\/\/www.sekiama.com.br\/wp-content\/uploads\/2021\/11\/cebola-frente-1.png",
                "quantity": "1",
                "title": "Farofa com Muita Cebola x 2",
                "unit_price": "34.4"
            },
            {
                "category_id": "others",
                "description": "Ideal-para-voce-que-deseja-inovar-no-sabor-das-suas-deliciosas-sobremesas-finalizando-com-um-toque-extra-crocante.-Voce-ainda-pode-experimentar-em-vitaminas-massas-de-tortas-cobertura-de-bolos-e-onde-mais-preferir.-Surpree",
                "id": "199",
                "picture_url": "https:\/\/www.sekiama.com.br\/wp-content\/uploads\/2021\/11\/doce-Frente-1.png",
                "quantity": "1",
                "title": "Farofa Doce x 1",
                "unit_price": "19.8"
            },
            {
                "category_id": "others",
                "description": "Serviço de envio usado pela loja.",
                "id": null,
                "picture_url": null,
                "quantity": "1",
                "title": "Sedex (Entrega em 3 dias úteis)",
                "unit_price": "19.07"
            }
        ],
        "nsu_processadora": null,
        "payer": {
            "address": {
                "street_name": "Rua Machado de Assis \/ São Paulo SP BR",
                "zip_code": "04106-010"
            },
            "first_name": "Gabriela",
            "last_name": "Moraes",
            "phone": {
                "number": "(11) 98927-4147"
            }
        },
        "shipments": {
            "receiver_address": {
                "apartment": "Apartamento 11",
                "city_name": "São Paulo",
                "state_name": "SP",
                "street_name": "Rua Machado de Assis Apartamento 11 São Paulo SP BR",
                "zip_code": "04106-010"
            }
        }
    },
    "authorization_code": "417357",
    "binary_mode": false,
    "brand_id": null,
    "build_version": "2.108.1-hotfix-1",
    "call_for_authorize_id": null,
    "captured": true,
    "card": {
        "bin": "42307180",
        "cardholder": {
            "identification": {
                "number": "00101018290",
                "type": "CPF"
            },
            "name": "GABRIELA C O MORAES"
        },
        "date_created": "2022-08-29T08:24:23.000-04:00",
        "date_last_updated": "2022-08-29T08:24:23.000-04:00",
        "expiration_month": 11,
        "expiration_year": 2026,
        "first_six_digits": "423071",
        "id": null,
        "last_four_digits": "7504"
    },
    "charges_details": [],
    "collector_id": 163745094,
    "corporation_id": null,
    "counter_currency": null,
    "coupon_amount": 0,
    "currency_id": "BRL",
    "date_approved": "2022-08-29T08:24:25.000-04:00",
    "date_created": "2022-08-29T08:24:23.000-04:00",
    "date_last_updated": "2022-08-29T08:24:25.000-04:00",
    "date_of_expiration": null,
    "deduction_schema": null,
    "description": "Faropop x 2, Farofa com Muita Cebola x 2, Farofa Doce x 1",
    "differential_pricing_id": null,
    "external_reference": "WC-13889",
    "fee_details": [
        {
            "amount": 5.07000000000000028421709430404007434844970703125,
            "fee_payer": "collector",
            "type": "mercadopago_fee"
        }
    ],
    "id": 25285867171,
    "installments": 1,
    "integrator_id": null,
    "issuer_id": "25",
    "live_mode": true,
    "marketplace_owner": null,
    "merchant_account_id": null,
    "merchant_number": null,
    "metadata": {
        "basic_settings": {
            "ex_payments_debelo": "yes",
            "checkout_credential_prod": "deprecated",
            "checkbox_checkout_test_mode": "yes",
            "method": "redirect",
            "ex_payments_amex": "yes",
            "gateway_discount_checkbox": "no",
            "enabled": "no",
            "ex_payments_master": "yes",
            "ex_payments_pec": "yes",
            "ex_payments_visa": "yes",
            "ex_payments_bolbradesco": "yes",
            "commission_checkbox": "no",
            "binary_mode": "no",
            "currency_conversion": "no",
            "installments": "1",
            "ex_payments_debvisa": "yes",
            "ex_payments_elo": "yes",
            "auto_return": "yes",
            "ex_payments_hipercard": "yes"
        },
        "checkout_type": "credit_card",
        "seller_website": "https:\/\/www.sekiama.com.br",
        "billing_address": {
            "city_name": "São Paulo",
            "state_name": "SP",
            "country_name": "BR",
            "street_name": "Rua Machado de Assis",
            "zip_code": "04106-010"
        },
        "module_version": "6.1.0",
        "sponsor_id": 208686191,
        "collector": "163745094",
        "platform": "bo2hnr2ic4p001kbgpt0",
        "ticket_settings": [],
        "platform_version": "6.8.2",
        "test_mode": false,
        "site_id": "mlb",
        "custom_settings": {
            "checkout_credential_prod": "deprecated",
            "wallet_button": "yes",
            "commission_checkbox": "no",
            "checkbox_checkout_test_mode": "yes",
            "binary_mode": "no",
            "currency_conversion": "no",
            "coupon_mode": "no",
            "gateway_discount_checkbox": "no",
            "enabled": "yes"
        },
        "pix_settings": {
            "enabled": "yes"
        },
        "details": "",
        "checkout": "custom",
        "user": {
            "user_email": null,
            "registered_user": "no",
            "user_registration_date": null
        }
    },
    "money_release_date": "2022-08-29T08:24:25.000-04:00",
    "money_release_schema": null,
    "money_release_status": null,
    "notification_url": "https:\/\/www.sekiama.com.br\/wc-api\/WC_WooMercadoPago_Custom_Gateway\/?source_news=webhooks",
    "operation_type": "regular_payment",
    "order": [],
    "payer": {
        "email": "gabecoliveira@gmail.com",
        "entity_type": null,
        "first_name": null,
        "id": "171251133",
        "identification": {
            "number": "00101018290",
            "type": "CPF"
        },
        "last_name": null,
        "operator_id": null,
        "phone": {
            "area_code": null,
            "extension": null,
            "number": null
        },
        "type": null
    },
    "payment_method_id": "visa",
    "payment_type_id": "credit_card",
    "platform_id": "bo2hnr2ic4p001kbgpt0",
    "point_of_interaction": {
        "business_info": {
            "sub_unit": "woocommerce",
            "unit": "online_payments"
        },
        "type": "UNSPECIFIED"
    },
    "pos_id": null,
    "processing_mode": "aggregator",
    "refunds": [],
    "shipping_amount": 0,
    "sponsor_id": 208686191,
    "statement_descriptor": "MERCPAGO*SEKIAMAMP",
    "status": "approved",
    "status_detail": "accredited",
    "store_id": null,
    "taxes_amount": 0,
    "transaction_amount": 101.6700000000000017053025658242404460906982421875,
    "transaction_amount_refunded": 0,
    "transaction_details": {
        "acquirer_reference": null,
        "external_resource_url": null,
        "financial_institution": null,
        "installment_amount": 101.6700000000000017053025658242404460906982421875,
        "net_received_amount": 96.599999999999994315658113919198513031005859375,
        "overpaid_amount": 0,
        "payable_deferral_period": null,
        "payment_method_reference_id": null,
        "total_paid_amount": 101.6700000000000017053025658242404460906982421875
    }
}
08-29-2022 @ 09:24:25 - [successful_request]: Changing order status to: processing
08-29-2022 @ 09:24:36 - [check_ipn_response]: received _get content: {
    "data_id": "25285867171",
    "source_news": "webhooks",
    "type": "payment"
}
08-29-2022 @ 09:24:36 - [successful_request]: starting to process  update...
08-29-2022 @ 09:24:36 - [successful_request]: updating metadata and status with data: {
    "acquirer_reconciliation": [],
    "additional_info": {
        "authentication_code": null,
        "available_balance": null,
        "items": [
            {
                "category_id": "others",
                "description": "Temperada-do-jeito-que-amamos-comer-farofa.-A-Faropop-Temperada-e-uma-das-farofas-tradicionais-que-combina-com-qualquer-refeicao.-span-stylecolor-a81414strongIngredientes-strongspanFarinha-de-Mandioca-Gor",
                "id": "200",
                "picture_url": "https:\/\/www.sekiama.com.br\/wp-content\/uploads\/2021\/11\/tradicional-frente.png",
                "quantity": "1",
                "title": "Faropop x 2",
                "unit_price": "28.4"
            },
            {
                "category_id": "others",
                "description": "Por-ser-incrivelmente-saborosa-a-Farofa-com-muita-cebola-crocante-e-a-campea-de-vendas-conquistando-todos-os-paladares.-Nesta-nobre-preparacao-a-farinha-de-mandioca-absorve-o-incrivel-sabor-da-cebola-fresca-resultando-em",
                "id": "195",
                "picture_url": "https:\/\/www.sekiama.com.br\/wp-content\/uploads\/2021\/11\/cebola-frente-1.png",
                "quantity": "1",
                "title": "Farofa com Muita Cebola x 2",
                "unit_price": "34.4"
            },
            {
                "category_id": "others",
                "description": "Ideal-para-voce-que-deseja-inovar-no-sabor-das-suas-deliciosas-sobremesas-finalizando-com-um-toque-extra-crocante.-Voce-ainda-pode-experimentar-em-vitaminas-massas-de-tortas-cobertura-de-bolos-e-onde-mais-preferir.-Surpree",
                "id": "199",
                "picture_url": "https:\/\/www.sekiama.com.br\/wp-content\/uploads\/2021\/11\/doce-Frente-1.png",
                "quantity": "1",
                "title": "Farofa Doce x 1",
                "unit_price": "19.8"
            },
            {
                "category_id": "others",
                "description": "Serviço de envio usado pela loja.",
                "id": null,
                "picture_url": null,
                "quantity": "1",
                "title": "Sedex (Entrega em 3 dias úteis)",
                "unit_price": "19.07"
            }
        ],
        "nsu_processadora": null,
        "payer": {
            "address": {
                "street_name": "Rua Machado de Assis \/ São Paulo SP BR",
                "zip_code": "04106-010"
            },
            "first_name": "Gabriela",
            "last_name": "Moraes",
            "phone": {
                "number": "(11) 98927-4147"
            }
        },
        "shipments": {
            "receiver_address": {
                "apartment": "Apartamento 11",
                "city_name": "São Paulo",
                "state_name": "SP",
                "street_name": "Rua Machado de Assis Apartamento 11 São Paulo SP BR",
                "zip_code": "04106-010"
            }
        }
    },
    "authorization_code": "417357",
    "binary_mode": false,
    "brand_id": null,
    "build_version": "2.108.1-hotfix-1",
    "call_for_authorize_id": null,
    "captured": true,
    "card": {
        "bin": "42307180",
        "cardholder": {
            "identification": {
                "number": "00101018290",
                "type": "CPF"
            },
            "name": "GABRIELA C O MORAES"
        },
        "date_created": "2022-08-29T08:24:23.000-04:00",
        "date_last_updated": "2022-08-29T08:24:23.000-04:00",
        "expiration_month": 11,
        "expiration_year": 2026,
        "first_six_digits": "423071",
        "id": null,
        "last_four_digits": "7504"
    },
    "charges_details": [],
    "collector_id": 163745094,
    "corporation_id": null,
    "counter_currency": null,
    "coupon_amount": 0,
    "currency_id": "BRL",
    "date_approved": "2022-08-29T08:24:25.000-04:00",
    "date_created": "2022-08-29T08:24:23.000-04:00",
    "date_last_updated": "2022-08-29T08:24:35.000-04:00",
    "date_of_expiration": null,
    "deduction_schema": null,
    "description": "Faropop x 2, Farofa com Muita Cebola x 2, Farofa Doce x 1",
    "differential_pricing_id": null,
    "external_reference": "WC-13889",
    "fee_details": [
        {
            "amount": 5.07000000000000028421709430404007434844970703125,
            "fee_payer": "collector",
            "type": "mercadopago_fee"
        }
    ],
    "id": 25285867171,
    "installments": 1,
    "integrator_id": null,
    "issuer_id": "25",
    "live_mode": true,
    "marketplace_owner": null,
    "merchant_account_id": null,
    "merchant_number": null,
    "metadata": {
        "basic_settings": {
            "ex_payments_debelo": "yes",
            "checkout_credential_prod": "deprecated",
            "checkbox_checkout_test_mode": "yes",
            "method": "redirect",
            "ex_payments_amex": "yes",
            "gateway_discount_checkbox": "no",
            "enabled": "no",
            "ex_payments_master": "yes",
            "ex_payments_pec": "yes",
            "ex_payments_visa": "yes",
            "ex_payments_bolbradesco": "yes",
            "commission_checkbox": "no",
            "binary_mode": "no",
            "currency_conversion": "no",
            "installments": "1",
            "ex_payments_debvisa": "yes",
            "ex_payments_elo": "yes",
            "auto_return": "yes",
            "ex_payments_hipercard": "yes"
        },
        "checkout_type": "credit_card",
        "seller_website": "https:\/\/www.sekiama.com.br",
        "billing_address": {
            "city_name": "São Paulo",
            "state_name": "SP",
            "country_name": "BR",
            "street_name": "Rua Machado de Assis",
            "zip_code": "04106-010"
        },
        "module_version": "6.1.0",
        "sponsor_id": 208686191,
        "collector": "163745094",
        "platform": "bo2hnr2ic4p001kbgpt0",
        "ticket_settings": [],
        "platform_version": "6.8.2",
        "test_mode": false,
        "site_id": "mlb",
        "custom_settings": {
            "checkout_credential_prod": "deprecated",
            "wallet_button": "yes",
            "commission_checkbox": "no",
            "checkbox_checkout_test_mode": "yes",
            "binary_mode": "no",
            "currency_conversion": "no",
            "coupon_mode": "no",
            "gateway_discount_checkbox": "no",
            "enabled": "yes"
        },
        "pix_settings": {
            "enabled": "yes"
        },
        "details": "",
        "checkout": "custom",
        "user": {
            "user_email": null,
            "registered_user": "no",
            "user_registration_date": null
        }
    },
    "money_release_date": "2022-08-29T08:24:25.000-04:00",
    "money_release_schema": null,
    "money_release_status": null,
    "notification_url": "https:\/\/www.sekiama.com.br\/wc-api\/WC_WooMercadoPago_Custom_Gateway\/?source_news=webhooks",
    "operation_type": "regular_payment",
    "order": [],
    "payer": {
        "email": "gabecoliveira@gmail.com",
        "entity_type": null,
        "first_name": null,
        "id": "171251133",
        "identification": {
            "number": "00101018290",
            "type": "CPF"
        },
        "last_name": null,
        "operator_id": null,
        "phone": {
            "area_code": null,
            "extension": null,
            "number": null
        },
        "type": null
    },
    "payment_method_id": "visa",
    "payment_type_id": "credit_card",
    "platform_id": "bo2hnr2ic4p001kbgpt0",
    "point_of_interaction": {
        "business_info": {
            "sub_unit": "woocommerce",
            "unit": "online_payments"
        },
        "type": "UNSPECIFIED"
    },
    "pos_id": null,
    "processing_mode": "aggregator",
    "refunds": [],
    "shipping_amount": 0,
    "sponsor_id": 208686191,
    "statement_descriptor": "MERCPAGO*SEKIAMAMP",
    "status": "approved",
    "status_detail": "accredited",
    "store_id": null,
    "taxes_amount": 0,
    "transaction_amount": 101.6700000000000017053025658242404460906982421875,
    "transaction_amount_refunded": 0,
    "transaction_details": {
        "acquirer_reference": null,
        "external_resource_url": null,
        "financial_institution": null,
        "installment_amount": 101.6700000000000017053025658242404460906982421875,
        "net_received_amount": 96.599999999999994315658113919198513031005859375,
        "overpaid_amount": 0,
        "payable_deferral_period": null,
        "payment_method_reference_id": null,
        "total_paid_amount": 101.6700000000000017053025658242404460906982421875
    }
}
08-29-2022 @ 09:24:36 - [successful_request]: Changing order status to: processing
08-29-2022 @ 09:42:22 - [process_payment]: POST Custom: {
    "amount": "92.12",
    "currency_ratio": "1",
    "paymentMethodId": "visa",
    "checkout_type": "custom",
    "installments": "1"
}
08-29-2022 @ 09:42:22 - [process_payment]: preparing to get response of custom checkout.
08-29-2022 @ 09:42:22 - [Created preference: ]: Preference: {
    "binary_mode": false,
    "external_reference": "WC-13891",
    "notification_url": "https:\/\/www.sekiama.com.br\/wc-api\/WC_WooMercadoPago_Custom_Gateway\/?source_news=webhooks",
    "statement_descriptor": "Sekiama MP",
    "sponsor_id": 208686191,
    "transaction_amount": 92.1200000000000045474735088646411895751953125,
    "description": "Kit Favoritas x 1, Farofa com Muitas Sementes e Castanhas x 1",
    "installments": 1,
    "payment_method_id": "visa",
    "payer": {
        "email": "claudiacoronas@gmail.com"
    },
    "metadata": {
        "platform": "bo2hnr2ic4p001kbgpt0",
        "platform_version": "6.8.2",
        "module_version": "6.1.0",
        "site_id": "mlb",
        "sponsor_id": 208686191,
        "collector": "163745094",
        "test_mode": false,
        "details": "",
        "basic_settings": {
            "enabled": "no",
            "currency_conversion": "no",
            "installments": "1",
            "method": "redirect",
            "auto_return": "yes",
            "binary_mode": "no",
            "ex_payments_master": "yes",
            "ex_payments_hipercard": "yes",
            "ex_payments_amex": "yes",
            "ex_payments_elo": "yes",
            "ex_payments_visa": "yes",
            "ex_payments_debvisa": "yes",
            "ex_payments_debelo": "yes",
            "ex_payments_pec": "yes",
            "ex_payments_bolbradesco": "yes",
            "gateway_discount_checkbox": "no",
            "commission_checkbox": "no",
            "checkbox_checkout_test_mode": "yes",
            "checkout_credential_prod": "deprecated"
        },
        "custom_settings": {
            "enabled": "yes",
            "currency_conversion": "no",
            "wallet_button": "yes",
            "coupon_mode": "no",
            "binary_mode": "no",
            "gateway_discount_checkbox": "no",
            "commission_checkbox": "no",
            "checkbox_checkout_test_mode": "yes",
            "checkout_credential_prod": "deprecated"
        },
        "ticket_settings": [],
        "pix_settings": {
            "enabled": "yes"
        },
        "seller_website": "https:\/\/www.sekiama.com.br",
        "billing_address": {
            "zip_code": "90670-040",
            "street_name": "Rua La Plata",
            "city_name": "Porto Alegre",
            "state_name": "RS",
            "country_name": "BR"
        },
        "user": {
            "registered_user": "no",
            "user_email": null,
            "user_registration_date": null
        },
        "checkout": "custom",
        "checkout_type": "credit_card"
    },
    "additional_info": {
        "items": [
            {
                "id": 203,
                "title": "Kit Favoritas x 1",
                "description": "O-Kit-perfeito-para-voce-experimentar-as-mais-vendidas.-Contem-as-farofas-bDoce-Com-Muita-Cebola-e-Com-Muitas-Sementesb",
                "picture_url": "https:\/\/www.sekiama.com.br\/wp-content\/uploads\/2021\/11\/kit-fav-2.png",
                "category_id": "others",
                "quantity": 1,
                "unit_price": 50
            },
            {
                "id": 197,
                "title": "Farofa com Muitas Sementes e Castanhas x 1",
                "description": "Foi-a-primeira-Farofa-lancada-no-mercado.-E-enriquecida-com-muitas-sementes-e-castanhas-e-sendo-riquissima-em-fibras-pode-ser-incluida-no-seu-dia-a-dia-de-forma-saudavel.-Farofa-sem-culpa-recheada-de-nutrientes-essenciais",
                "picture_url": "https:\/\/www.sekiama.com.br\/wp-content\/uploads\/2021\/11\/castanhas-frente.png",
                "category_id": "others",
                "quantity": 1,
                "unit_price": 18.60000000000000142108547152020037174224853515625
            },
            {
                "title": "PAC (Entrega em 7 dias úteis)",
                "description": "Serviço de envio usado pela loja.",
                "category_id": "others",
                "quantity": 1,
                "unit_price": 23.519999999999999573674358543939888477325439453125
            }
        ],
        "payer": {
            "first_name": "Claudia",
            "last_name": "Coronas",
            "phone": {
                "number": "(51) 99901-5140"
            },
            "address": {
                "zip_code": "90670-040",
                "street_name": "Rua La Plata \/ Porto Alegre RS BR"
            }
        },
        "shipments": {
            "receiver_address": {
                "zip_code": "90670-040",
                "street_name": "Rua La Plata Ap 604 Porto Alegre RS BR",
                "apartment": "Ap 604",
                "city_name": "Porto Alegre",
                "state_name": "RS"
            }
        }
    }
}
08-29-2022 @ 09:42:24 - [create_preference]: Preference created: {
    "status": 201,
    "response": {
        "id": 25286145926,
        "date_created": "2022-08-29T08:42:23.385-04:00",
        "date_approved": "2022-08-29T08:42:24.639-04:00",
        "date_last_updated": "2022-08-29T08:42:24.639-04:00",
        "date_of_expiration": null,
        "money_release_date": "2022-08-29T08:42:24.639-04:00",
        "money_release_status": null,
        "operation_type": "regular_payment",
        "issuer_id": "25",
        "payment_method_id": "visa",
        "payment_type_id": "credit_card",
        "status": "approved",
        "status_detail": "accredited",
        "currency_id": "BRL",
        "description": "Kit Favoritas x 1, Farofa com Muitas Sementes e Castanhas x 1",
        "live_mode": true,
        "sponsor_id": 208686191,
        "authorization_code": "057928",
        "money_release_schema": null,
        "taxes_amount": 0,
        "counter_currency": null,
        "brand_id": null,
        "shipping_amount": 0,
        "build_version": "2.108.1-hotfix-1",
        "pos_id": null,
        "store_id": null,
        "integrator_id": null,
        "platform_id": "bo2hnr2ic4p001kbgpt0",
        "corporation_id": null,
        "collector_id": 163745094,
        "payer": {
            "type": null,
            "id": "2244326",
            "operator_id": null,
            "email": "claudiacoronas@gmail.com",
            "identification": {
                "type": "CPF",
                "number": "39601641068"
            },
            "phone": {
                "area_code": null,
                "number": null,
                "extension": null
            },
            "first_name": null,
            "last_name": null,
            "entity_type": null
        },
        "marketplace_owner": null,
        "metadata": {
            "basic_settings": {
                "ex_payments_debelo": "yes",
                "checkout_credential_prod": "deprecated",
                "checkbox_checkout_test_mode": "yes",
                "method": "redirect",
                "ex_payments_amex": "yes",
                "gateway_discount_checkbox": "no",
                "enabled": "no",
                "ex_payments_master": "yes",
                "ex_payments_visa": "yes",
                "ex_payments_pec": "yes",
                "ex_payments_bolbradesco": "yes",
                "commission_checkbox": "no",
                "currency_conversion": "no",
                "installments": "1",
                "binary_mode": "no",
                "ex_payments_debvisa": "yes",
                "ex_payments_elo": "yes",
                "auto_return": "yes",
                "ex_payments_hipercard": "yes"
            },
            "checkout_type": "credit_card",
            "seller_website": "https:\/\/www.sekiama.com.br",
            "billing_address": {
                "city_name": "Porto Alegre",
                "state_name": "RS",
                "country_name": "BR",
                "zip_code": "90670-040",
                "street_name": "Rua La Plata"
            },
            "module_version": "6.1.0",
            "sponsor_id": 208686191,
            "platform": "bo2hnr2ic4p001kbgpt0",
            "collector": "163745094",
            "ticket_settings": [],
            "platform_version": "6.8.2",
            "test_mode": false,
            "site_id": "mlb",
            "custom_settings": {
                "wallet_button": "yes",
                "checkout_credential_prod": "deprecated",
                "commission_checkbox": "no",
                "checkbox_checkout_test_mode": "yes",
                "currency_conversion": "no",
                "binary_mode": "no",
                "coupon_mode": "no",
                "gateway_discount_checkbox": "no",
                "enabled": "yes"
            },
            "pix_settings": {
                "enabled": "yes"
            },
            "details": "",
            "user": {
                "user_email": null,
                "registered_user": "no",
                "user_registration_date": null
            },
            "checkout": "custom"
        },
        "additional_info": {
            "items": [
                {
                    "id": "203",
                    "title": "Kit Favoritas x 1",
                    "description": "O-Kit-perfeito-para-voce-experimentar-as-mais-vendidas.-Contem-as-farofas-bDoce-Com-Muita-Cebola-e-Com-Muitas-Sementesb",
                    "picture_url": "https:\/\/www.sekiama.com.br\/wp-content\/uploads\/2021\/11\/kit-fav-2.png",
                    "category_id": "others",
                    "quantity": "1",
                    "unit_price": "50"
                },
                {
                    "id": "197",
                    "title": "Farofa com Muitas Sementes e Castanhas x 1",
                    "description": "Foi-a-primeira-Farofa-lancada-no-mercado.-E-enriquecida-com-muitas-sementes-e-castanhas-e-sendo-riquissima-em-fibras-pode-ser-incluida-no-seu-dia-a-dia-de-forma-saudavel.-Farofa-sem-culpa-recheada-de-nutrientes-essenciais",
                    "picture_url": "https:\/\/www.sekiama.com.br\/wp-content\/uploads\/2021\/11\/castanhas-frente.png",
                    "category_id": "others",
                    "quantity": "1",
                    "unit_price": "18.6"
                },
                {
                    "id": null,
                    "title": "PAC (Entrega em 7 dias úteis)",
                    "description": "Serviço de envio usado pela loja.",
                    "picture_url": null,
                    "category_id": "others",
                    "quantity": "1",
                    "unit_price": "23.52"
                }
            ],
            "payer": {
                "phone": {
                    "number": "(51) 99901-5140"
                },
                "address": {
                    "zip_code": "90670-040",
                    "street_name": "Rua La Plata \/ Porto Alegre RS BR"
                },
                "first_name": "Claudia",
                "last_name": "Coronas"
            },
            "shipments": {
                "receiver_address": {
                    "zip_code": "90670-040",
                    "state_name": "RS",
                    "city_name": "Porto Alegre",
                    "street_name": "Rua La Plata Ap 604 Porto Alegre RS BR",
                    "apartment": "Ap 604"
                }
            },
            "iso_response_code": "00",
            "available_balance": null,
            "nsu_processadora": "CAQECAQQaEpT6N18tfzpYYHiksakY9ClCXpAu5tyVrjZWSbMHUQB_ri76Xlxc7Gc",
            "authentication_code": null
        },
        "order": [],
        "external_reference": "WC-13891",
        "transaction_amount": 92.1200000000000045474735088646411895751953125,
        "transaction_amount_refunded": 0,
        "coupon_amount": 0,
        "differential_pricing_id": null,
        "deduction_schema": null,
        "installments": 1,
        "transaction_details": {
            "payment_method_reference_id": null,
            "net_received_amount": 87.5199999999999960209606797434389591217041015625,
            "total_paid_amount": 92.1200000000000045474735088646411895751953125,
            "overpaid_amount": 0,
            "external_resource_url": null,
            "installment_amount": 92.1200000000000045474735088646411895751953125,
            "financial_institution": null,
            "payable_deferral_period": null,
            "acquirer_reference": null
        },
        "fee_details": [
            {
                "type": "mercadopago_fee",
                "amount": 4.5999999999999996447286321199499070644378662109375,
                "fee_payer": "collector"
            }
        ],
        "charges_details": [],
        "captured": true,
        "binary_mode": false,
        "call_for_authorize_id": null,
        "statement_descriptor": "MERCPAGO*SEKIAMAMP",
        "card": {
            "id": null,
            "first_six_digits": "484132",
            "last_four_digits": "3237",
            "bin": "48413209",
            "expiration_month": 11,
            "expiration_year": 2028,
            "date_created": "2022-08-29T08:42:23.000-04:00",
            "date_last_updated": "2022-08-29T08:42:23.000-04:00",
            "cardholder": {
                "name": "Claudia Coronas ",
                "identification": {
                    "number": "39601641068",
                    "type": "CPF"
                }
            }
        },
        "notification_url": "https:\/\/www.sekiama.com.br\/wc-api\/WC_WooMercadoPago_Custom_Gateway\/?source_news=webhooks",
        "refunds": [],
        "processing_mode": "aggregator",
        "merchant_account_id": null,
        "merchant_number": null,
        "acquirer_reconciliation": [],
        "point_of_interaction": {
            "type": "UNSPECIFIED",
            "business_info": {
                "unit": "online_payments",
                "sub_unit": "woocommerce"
            }
        }
    }
}
08-29-2022 @ 09:42:24 - [create_preference]: payment link generated with success from mercado pago, with structure as follow: {
    "status": 201,
    "response": {
        "id": 25286145926,
        "date_created": "2022-08-29T08:42:23.385-04:00",
        "date_approved": "2022-08-29T08:42:24.639-04:00",
        "date_last_updated": "2022-08-29T08:42:24.639-04:00",
        "date_of_expiration": null,
        "money_release_date": "2022-08-29T08:42:24.639-04:00",
        "money_release_status": null,
        "operation_type": "regular_payment",
        "issuer_id": "25",
        "payment_method_id": "visa",
        "payment_type_id": "credit_card",
        "status": "approved",
        "status_detail": "accredited",
        "currency_id": "BRL",
        "description": "Kit Favoritas x 1, Farofa com Muitas Sementes e Castanhas x 1",
        "live_mode": true,
        "sponsor_id": 208686191,
        "authorization_code": "057928",
        "money_release_schema": null,
        "taxes_amount": 0,
        "counter_currency": null,
        "brand_id": null,
        "shipping_amount": 0,
        "build_version": "2.108.1-hotfix-1",
        "pos_id": null,
        "store_id": null,
        "integrator_id": null,
        "platform_id": "bo2hnr2ic4p001kbgpt0",
        "corporation_id": null,
        "collector_id": 163745094,
        "payer": {
            "type": null,
            "id": "2244326",
            "operator_id": null,
            "email": "claudiacoronas@gmail.com",
            "identification": {
                "type": "CPF",
                "number": "39601641068"
            },
            "phone": {
                "area_code": null,
                "number": null,
                "extension": null
            },
            "first_name": null,
            "last_name": null,
            "entity_type": null
        },
        "marketplace_owner": null,
        "metadata": {
            "basic_settings": {
                "ex_payments_debelo": "yes",
                "checkout_credential_prod": "deprecated",
                "checkbox_checkout_test_mode": "yes",
                "method": "redirect",
                "ex_payments_amex": "yes",
                "gateway_discount_checkbox": "no",
                "enabled": "no",
                "ex_payments_master": "yes",
                "ex_payments_visa": "yes",
                "ex_payments_pec": "yes",
                "ex_payments_bolbradesco": "yes",
                "commission_checkbox": "no",
                "currency_conversion": "no",
                "installments": "1",
                "binary_mode": "no",
                "ex_payments_debvisa": "yes",
                "ex_payments_elo": "yes",
                "auto_return": "yes",
                "ex_payments_hipercard": "yes"
            },
            "checkout_type": "credit_card",
            "seller_website": "https:\/\/www.sekiama.com.br",
            "billing_address": {
                "city_name": "Porto Alegre",
                "state_name": "RS",
                "country_name": "BR",
                "zip_code": "90670-040",
                "street_name": "Rua La Plata"
            },
            "module_version": "6.1.0",
            "sponsor_id": 208686191,
            "platform": "bo2hnr2ic4p001kbgpt0",
            "collector": "163745094",
            "ticket_settings": [],
            "platform_version": "6.8.2",
            "test_mode": false,
            "site_id": "mlb",
            "custom_settings": {
                "wallet_button": "yes",
                "checkout_credential_prod": "deprecated",
                "commission_checkbox": "no",
                "checkbox_checkout_test_mode": "yes",
                "currency_conversion": "no",
                "binary_mode": "no",
                "coupon_mode": "no",
                "gateway_discount_checkbox": "no",
                "enabled": "yes"
            },
            "pix_settings": {
                "enabled": "yes"
            },
            "details": "",
            "user": {
                "user_email": null,
                "registered_user": "no",
                "user_registration_date": null
            },
            "checkout": "custom"
        },
        "additional_info": {
            "items": [
                {
                    "id": "203",
                    "title": "Kit Favoritas x 1",
                    "description": "O-Kit-perfeito-para-voce-experimentar-as-mais-vendidas.-Contem-as-farofas-bDoce-Com-Muita-Cebola-e-Com-Muitas-Sementesb",
                    "picture_url": "https:\/\/www.sekiama.com.br\/wp-content\/uploads\/2021\/11\/kit-fav-2.png",
                    "category_id": "others",
                    "quantity": "1",
                    "unit_price": "50"
                },
                {
                    "id": "197",
                    "title": "Farofa com Muitas Sementes e Castanhas x 1",
                    "description": "Foi-a-primeira-Farofa-lancada-no-mercado.-E-enriquecida-com-muitas-sementes-e-castanhas-e-sendo-riquissima-em-fibras-pode-ser-incluida-no-seu-dia-a-dia-de-forma-saudavel.-Farofa-sem-culpa-recheada-de-nutrientes-essenciais",
                    "picture_url": "https:\/\/www.sekiama.com.br\/wp-content\/uploads\/2021\/11\/castanhas-frente.png",
                    "category_id": "others",
                    "quantity": "1",
                    "unit_price": "18.6"
                },
                {
                    "id": null,
                    "title": "PAC (Entrega em 7 dias úteis)",
                    "description": "Serviço de envio usado pela loja.",
                    "picture_url": null,
                    "category_id": "others",
                    "quantity": "1",
                    "unit_price": "23.52"
                }
            ],
            "payer": {
                "phone": {
                    "number": "(51) 99901-5140"
                },
                "address": {
                    "zip_code": "90670-040",
                    "street_name": "Rua La Plata \/ Porto Alegre RS BR"
                },
                "first_name": "Claudia",
                "last_name": "Coronas"
            },
            "shipments": {
                "receiver_address": {
                    "zip_code": "90670-040",
                    "state_name": "RS",
                    "city_name": "Porto Alegre",
                    "street_name": "Rua La Plata Ap 604 Porto Alegre RS BR",
                    "apartment": "Ap 604"
                }
            },
            "iso_response_code": "00",
            "available_balance": null,
            "nsu_processadora": "CAQECAQQaEpT6N18tfzpYYHiksakY9ClCXpAu5tyVrjZWSbMHUQB_ri76Xlxc7Gc",
            "authentication_code": null
        },
        "order": [],
        "external_reference": "WC-13891",
        "transaction_amount": 92.1200000000000045474735088646411895751953125,
        "transaction_amount_refunded": 0,
        "coupon_amount": 0,
        "differential_pricing_id": null,
        "deduction_schema": null,
        "installments": 1,
        "transaction_details": {
            "payment_method_reference_id": null,
            "net_received_amount": 87.5199999999999960209606797434389591217041015625,
            "total_paid_amount": 92.1200000000000045474735088646411895751953125,
            "overpaid_amount": 0,
            "external_resource_url": null,
            "installment_amount": 92.1200000000000045474735088646411895751953125,
            "financial_institution": null,
            "payable_deferral_period": null,
            "acquirer_reference": null
        },
        "fee_details": [
            {
                "type": "mercadopago_fee",
                "amount": 4.5999999999999996447286321199499070644378662109375,
                "fee_payer": "collector"
            }
        ],
        "charges_details": [],
        "captured": true,
        "binary_mode": false,
        "call_for_authorize_id": null,
        "statement_descriptor": "MERCPAGO*SEKIAMAMP",
        "card": {
            "id": null,
            "first_six_digits": "484132",
            "last_four_digits": "3237",
            "bin": "48413209",
            "expiration_month": 11,
            "expiration_year": 2028,
            "date_created": "2022-08-29T08:42:23.000-04:00",
            "date_last_updated": "2022-08-29T08:42:23.000-04:00",
            "cardholder": {
                "name": "Claudia Coronas ",
                "identification": {
                    "number": "39601641068",
                    "type": "CPF"
                }
            }
        },
        "notification_url": "https:\/\/www.sekiama.com.br\/wc-api\/WC_WooMercadoPago_Custom_Gateway\/?source_news=webhooks",
        "refunds": [],
        "processing_mode": "aggregator",
        "merchant_account_id": null,
        "merchant_number": null,
        "acquirer_reconciliation": [],
        "point_of_interaction": {
            "type": "UNSPECIFIED",
            "business_info": {
                "unit": "online_payments",
                "sub_unit": "woocommerce"
            }
        }
    }
}
08-29-2022 @ 09:42:25 - [check_ipn_response]: received _get content: {
    "data_id": "25286145926",
    "source_news": "webhooks",
    "type": "payment"
}
08-29-2022 @ 09:42:25 - [successful_request]: starting to process  update...
08-29-2022 @ 09:42:25 - [successful_request]: updating metadata and status with data: {
    "acquirer_reconciliation": [],
    "additional_info": {
        "authentication_code": null,
        "available_balance": null,
        "items": [
            {
                "category_id": "others",
                "description": "O-Kit-perfeito-para-voce-experimentar-as-mais-vendidas.-Contem-as-farofas-bDoce-Com-Muita-Cebola-e-Com-Muitas-Sementesb",
                "id": "203",
                "picture_url": "https:\/\/www.sekiama.com.br\/wp-content\/uploads\/2021\/11\/kit-fav-2.png",
                "quantity": "1",
                "title": "Kit Favoritas x 1",
                "unit_price": "50"
            },
            {
                "category_id": "others",
                "description": "Foi-a-primeira-Farofa-lancada-no-mercado.-E-enriquecida-com-muitas-sementes-e-castanhas-e-sendo-riquissima-em-fibras-pode-ser-incluida-no-seu-dia-a-dia-de-forma-saudavel.-Farofa-sem-culpa-recheada-de-nutrientes-essenciais",
                "id": "197",
                "picture_url": "https:\/\/www.sekiama.com.br\/wp-content\/uploads\/2021\/11\/castanhas-frente.png",
                "quantity": "1",
                "title": "Farofa com Muitas Sementes e Castanhas x 1",
                "unit_price": "18.6"
            },
            {
                "category_id": "others",
                "description": "Serviço de envio usado pela loja.",
                "id": null,
                "picture_url": null,
                "quantity": "1",
                "title": "PAC (Entrega em 7 dias úteis)",
                "unit_price": "23.52"
            }
        ],
        "nsu_processadora": null,
        "payer": {
            "address": {
                "street_name": "Rua La Plata \/ Porto Alegre RS BR",
                "zip_code": "90670-040"
            },
            "first_name": "Claudia",
            "last_name": "Coronas",
            "phone": {
                "number": "(51) 99901-5140"
            }
        },
        "shipments": {
            "receiver_address": {
                "apartment": "Ap 604",
                "city_name": "Porto Alegre",
                "state_name": "RS",
                "street_name": "Rua La Plata Ap 604 Porto Alegre RS BR",
                "zip_code": "90670-040"
            }
        }
    },
    "authorization_code": "057928",
    "binary_mode": false,
    "brand_id": null,
    "build_version": "2.108.1-hotfix-1",
    "call_for_authorize_id": null,
    "captured": true,
    "card": {
        "bin": "48413209",
        "cardholder": {
            "identification": {
                "number": "39601641068",
                "type": "CPF"
            },
            "name": "Claudia Coronas "
        },
        "date_created": "2022-08-29T08:42:23.000-04:00",
        "date_last_updated": "2022-08-29T08:42:23.000-04:00",
        "expiration_month": 11,
        "expiration_year": 2028,
        "first_six_digits": "484132",
        "id": null,
        "last_four_digits": "3237"
    },
    "charges_details": [],
    "collector_id": 163745094,
    "corporation_id": null,
    "counter_currency": null,
    "coupon_amount": 0,
    "currency_id": "BRL",
    "date_approved": "2022-08-29T08:42:24.000-04:00",
    "date_created": "2022-08-29T08:42:23.000-04:00",
    "date_last_updated": "2022-08-29T08:42:24.000-04:00",
    "date_of_expiration": null,
    "deduction_schema": null,
    "description": "Kit Favoritas x 1, Farofa com Muitas Sementes e Castanhas x 1",
    "differential_pricing_id": null,
    "external_reference": "WC-13891",
    "fee_details": [
        {
            "amount": 4.5999999999999996447286321199499070644378662109375,
            "fee_payer": "collector",
            "type": "mercadopago_fee"
        }
    ],
    "id": 25286145926,
    "installments": 1,
    "integrator_id": null,
    "issuer_id": "25",
    "live_mode": true,
    "marketplace_owner": null,
    "merchant_account_id": null,
    "merchant_number": null,
    "metadata": {
        "basic_settings": {
            "ex_payments_debelo": "yes",
            "checkout_credential_prod": "deprecated",
            "checkbox_checkout_test_mode": "yes",
            "method": "redirect",
            "ex_payments_amex": "yes",
            "gateway_discount_checkbox": "no",
            "enabled": "no",
            "ex_payments_master": "yes",
            "ex_payments_pec": "yes",
            "ex_payments_visa": "yes",
            "ex_payments_bolbradesco": "yes",
            "commission_checkbox": "no",
            "binary_mode": "no",
            "currency_conversion": "no",
            "installments": "1",
            "ex_payments_debvisa": "yes",
            "ex_payments_elo": "yes",
            "auto_return": "yes",
            "ex_payments_hipercard": "yes"
        },
        "checkout_type": "credit_card",
        "seller_website": "https:\/\/www.sekiama.com.br",
        "billing_address": {
            "city_name": "Porto Alegre",
            "state_name": "RS",
            "country_name": "BR",
            "street_name": "Rua La Plata",
            "zip_code": "90670-040"
        },
        "module_version": "6.1.0",
        "sponsor_id": 208686191,
        "collector": "163745094",
        "platform": "bo2hnr2ic4p001kbgpt0",
        "ticket_settings": [],
        "platform_version": "6.8.2",
        "test_mode": false,
        "site_id": "mlb",
        "custom_settings": {
            "checkout_credential_prod": "deprecated",
            "wallet_button": "yes",
            "commission_checkbox": "no",
            "checkbox_checkout_test_mode": "yes",
            "binary_mode": "no",
            "currency_conversion": "no",
            "coupon_mode": "no",
            "gateway_discount_checkbox": "no",
            "enabled": "yes"
        },
        "pix_settings": {
            "enabled": "yes"
        },
        "details": "",
        "checkout": "custom",
        "user": {
            "user_email": null,
            "registered_user": "no",
            "user_registration_date": null
        }
    },
    "money_release_date": "2022-08-29T08:42:24.000-04:00",
    "money_release_schema": null,
    "money_release_status": null,
    "notification_url": "https:\/\/www.sekiama.com.br\/wc-api\/WC_WooMercadoPago_Custom_Gateway\/?source_news=webhooks",
    "operation_type": "regular_payment",
    "order": [],
    "payer": {
        "email": "claudiacoronas@gmail.com",
        "entity_type": null,
        "first_name": null,
        "id": "2244326",
        "identification": {
            "number": "39601641068",
            "type": "CPF"
        },
        "last_name": null,
        "operator_id": null,
        "phone": {
            "area_code": null,
            "extension": null,
            "number": null
        },
        "type": null
    },
    "payment_method_id": "visa",
    "payment_type_id": "credit_card",
    "platform_id": "bo2hnr2ic4p001kbgpt0",
    "point_of_interaction": {
        "business_info": {
            "sub_unit": "woocommerce",
            "unit": "online_payments"
        },
        "type": "UNSPECIFIED"
    },
    "pos_id": null,
    "processing_mode": "aggregator",
    "refunds": [],
    "shipping_amount": 0,
    "sponsor_id": 208686191,
    "statement_descriptor": "MERCPAGO*SEKIAMAMP",
    "status": "approved",
    "status_detail": "accredited",
    "store_id": null,
    "taxes_amount": 0,
    "transaction_amount": 92.1200000000000045474735088646411895751953125,
    "transaction_amount_refunded": 0,
    "transaction_details": {
        "acquirer_reference": null,
        "external_resource_url": null,
        "financial_institution": null,
        "installment_amount": 92.1200000000000045474735088646411895751953125,
        "net_received_amount": 87.5199999999999960209606797434389591217041015625,
        "overpaid_amount": 0,
        "payable_deferral_period": null,
        "payment_method_reference_id": null,
        "total_paid_amount": 92.1200000000000045474735088646411895751953125
    }
}
08-29-2022 @ 09:42:25 - [successful_request]: Changing order status to: processing
