05-21-2022 @ 15:38:18 - [process_payment]: POST Custom: {
    "installments": "1",
    "amount": "30.26",
    "currency_ratio": "1",
    "campaign_id": "",
    "campaign": "",
    "discount": "",
    "paymentMethodId": "master",
    "token": "7eca59255c1fd9978661c671364f1d1a",
    "checkout_type": "custom"
}
05-21-2022 @ 15:38:18 - [process_payment]: preparing to get response of custom checkout.
05-21-2022 @ 15:38:18 - [Created preference: ]: Preference: {
    "binary_mode": false,
    "external_reference": "WC-13761",
    "notification_url": "https:\/\/www.sekiama.com.br\/wc-api\/WC_WooMercadoPago_Custom_Gateway\/?source_news=webhooks",
    "statement_descriptor": "Sekiama MP",
    "sponsor_id": 208686191,
    "transaction_amount": 30.260000000000001563194018672220408916473388671875,
    "token": "7eca59255c1fd9978661c671364f1d1a",
    "description": "Farofa com Muitas Sementes e Castanhas x 1",
    "installments": 1,
    "payment_method_id": "master",
    "payer": {
        "email": "satieko@uol.com.br"
    },
    "metadata": {
        "platform": "bo2hnr2ic4p001kbgpt0",
        "platform_version": "6.5.1",
        "module_version": "5.7.6",
        "site_id": "mlb",
        "sponsor_id": 208686191,
        "collector": "163745094",
        "test_mode": false,
        "details": "",
        "basic_settings": {
            "enabled": "no",
            "currency_conversion": "no",
            "installments": "1",
            "method": "redirect",
            "auto_return": "yes",
            "binary_mode": "no",
            "ex_payments_master": "yes",
            "ex_payments_hipercard": "yes",
            "ex_payments_amex": "yes",
            "ex_payments_elo": "yes",
            "ex_payments_visa": "yes",
            "ex_payments_debvisa": "yes",
            "ex_payments_debelo": "yes",
            "ex_payments_pec": "yes",
            "ex_payments_bolbradesco": "yes",
            "gateway_discount_checkbox": "no",
            "commission_checkbox": "no",
            "checkbox_checkout_test_mode": "yes",
            "checkout_credential_prod": "deprecated"
        },
        "custom_settings": {
            "enabled": "yes",
            "currency_conversion": "no",
            "wallet_button": "yes",
            "coupon_mode": "no",
            "binary_mode": "no",
            "gateway_discount_checkbox": "no",
            "commission_checkbox": "no",
            "checkbox_checkout_test_mode": "yes",
            "checkout_credential_prod": "deprecated"
        },
        "ticket_settings": [],
        "pix_settings": {
            "enabled": "yes"
        },
        "seller_website": "https:\/\/www.sekiama.com.br",
        "billing_address": {
            "zip_code": "01542-000",
            "street_name": "Rua Dom Duarte Leopoldo",
            "city_name": "São Paulo",
            "state_name": "SP",
            "country_name": "BR"
        },
        "user": {
            "registered_user": "no",
            "user_email": null,
            "user_registration_date": null
        },
        "checkout": "custom",
        "checkout_type": "credit_card"
    },
    "additional_info": {
        "items": [
            {
                "id": 197,
                "title": "Farofa com Muitas Sementes e Castanhas x 1",
                "description": "Foi-a-primeira-Farofa-lancada-no-mercado.-E-enriquecida-com-muitas-sementes-e-castanhas-e-sendo-riquissima-em-fibras-pode-ser-incluida-no-seu-dia-a-dia-de-forma-saudavel.-Farofa-sem-culpa-recheada-de-nutrientes-essenciais",
                "picture_url": "https:\/\/www.sekiama.com.br\/wp-content\/uploads\/2021\/11\/castanhas-frente.png",
                "category_id": "others",
                "quantity": 1,
                "unit_price": 18.60000000000000142108547152020037174224853515625
            },
            {
                "title": "Sedex (Entrega em 3 dias úteis)",
                "description": "Serviço de envio usado pela loja.",
                "category_id": "others",
                "quantity": 1,
                "unit_price": 11.660000000000000142108547152020037174224853515625
            }
        ],
        "payer": {
            "first_name": "SATIE",
            "last_name": "KUWANA OHARA",
            "phone": {
                "number": "(11) 98235-9586"
            },
            "address": {
                "zip_code": "01542-000",
                "street_name": "Rua Dom Duarte Leopoldo \/ São Paulo SP BR"
            }
        },
        "shipments": {
            "receiver_address": {
                "zip_code": "01542-000",
                "street_name": "Rua Dom Duarte Leopoldo apto 31 São Paulo SP BR",
                "apartment": "apto 31",
                "city_name": "São Paulo",
                "state_name": "SP"
            }
        }
    }
}
05-21-2022 @ 15:38:20 - [create_preference]: Preference created: {
    "status": 201,
    "response": {
        "id": 22534868374,
        "date_created": "2022-05-21T14:38:17.931-04:00",
        "date_approved": "2022-05-21T14:38:19.285-04:00",
        "date_last_updated": "2022-05-21T14:38:19.285-04:00",
        "date_of_expiration": null,
        "money_release_date": "2022-05-21T14:38:19.285-04:00",
        "operation_type": "regular_payment",
        "issuer_id": "24",
        "payment_method_id": "master",
        "payment_type_id": "credit_card",
        "status": "approved",
        "status_detail": "accredited",
        "currency_id": "BRL",
        "description": "Farofa com Muitas Sementes e Castanhas x 1",
        "live_mode": true,
        "sponsor_id": 208686191,
        "authorization_code": "381863",
        "money_release_schema": null,
        "taxes_amount": 0,
        "counter_currency": null,
        "brand_id": null,
        "shipping_amount": 0,
        "pos_id": null,
        "store_id": null,
        "integrator_id": null,
        "platform_id": "bo2hnr2ic4p001kbgpt0",
        "corporation_id": null,
        "collector_id": 163745094,
        "payer": {
            "type": null,
            "id": "169153946",
            "operator_id": null,
            "email": "satieko@uol.com.br",
            "identification": {
                "type": "CPF",
                "number": "04143500817"
            },
            "phone": {
                "area_code": null,
                "number": null,
                "extension": null
            },
            "first_name": null,
            "last_name": null,
            "entity_type": null
        },
        "marketplace_owner": null,
        "metadata": {
            "basic_settings": {
                "ex_payments_debelo": "yes",
                "checkout_credential_prod": "deprecated",
                "checkbox_checkout_test_mode": "yes",
                "method": "redirect",
                "ex_payments_amex": "yes",
                "gateway_discount_checkbox": "no",
                "enabled": "no",
                "ex_payments_master": "yes",
                "ex_payments_visa": "yes",
                "ex_payments_pec": "yes",
                "ex_payments_bolbradesco": "yes",
                "commission_checkbox": "no",
                "currency_conversion": "no",
                "installments": "1",
                "binary_mode": "no",
                "ex_payments_debvisa": "yes",
                "ex_payments_elo": "yes",
                "auto_return": "yes",
                "ex_payments_hipercard": "yes"
            },
            "checkout_type": "credit_card",
            "seller_website": "https:\/\/www.sekiama.com.br",
            "billing_address": {
                "city_name": "São Paulo",
                "state_name": "SP",
                "country_name": "BR",
                "zip_code": "01542-000",
                "street_name": "Rua Dom Duarte Leopoldo"
            },
            "module_version": "5.7.6",
            "sponsor_id": 208686191,
            "platform": "bo2hnr2ic4p001kbgpt0",
            "collector": "163745094",
            "ticket_settings": [],
            "platform_version": "6.5.1",
            "test_mode": false,
            "site_id": "mlb",
            "custom_settings": {
                "wallet_button": "yes",
                "checkout_credential_prod": "deprecated",
                "commission_checkbox": "no",
                "checkbox_checkout_test_mode": "yes",
                "currency_conversion": "no",
                "binary_mode": "no",
                "coupon_mode": "no",
                "gateway_discount_checkbox": "no",
                "enabled": "yes"
            },
            "pix_settings": {
                "enabled": "yes"
            },
            "details": "",
            "user": {
                "user_email": null,
                "registered_user": "no",
                "user_registration_date": null
            },
            "checkout": "custom"
        },
        "additional_info": {
            "items": [
                {
                    "id": "197",
                    "title": "Farofa com Muitas Sementes e Castanhas x 1",
                    "description": "Foi-a-primeira-Farofa-lancada-no-mercado.-E-enriquecida-com-muitas-sementes-e-castanhas-e-sendo-riquissima-em-fibras-pode-ser-incluida-no-seu-dia-a-dia-de-forma-saudavel.-Farofa-sem-culpa-recheada-de-nutrientes-essenciais",
                    "picture_url": "https:\/\/www.sekiama.com.br\/wp-content\/uploads\/2021\/11\/castanhas-frente.png",
                    "category_id": "others",
                    "quantity": "1",
                    "unit_price": "18.6"
                },
                {
                    "id": null,
                    "title": "Sedex (Entrega em 3 dias úteis)",
                    "description": "Serviço de envio usado pela loja.",
                    "picture_url": null,
                    "category_id": "others",
                    "quantity": "1",
                    "unit_price": "11.66"
                }
            ],
            "payer": {
                "phone": {
                    "number": "(11) 98235-9586"
                },
                "address": {
                    "zip_code": "01542-000",
                    "street_name": "Rua Dom Duarte Leopoldo \/ São Paulo SP BR"
                },
                "first_name": "SATIE",
                "last_name": "KUWANA OHARA"
            },
            "shipments": {
                "receiver_address": {
                    "zip_code": "01542-000",
                    "state_name": "SP",
                    "city_name": "São Paulo",
                    "street_name": "Rua Dom Duarte Leopoldo apto 31 São Paulo SP BR",
                    "apartment": "apto 31"
                }
            },
            "iso_response_code": "00",
            "available_balance": null,
            "nsu_processadora": "CAQEBAQKoUJvB35KU_tTSHOOICz4QvKvThoHQU84cVp5SGaFHUgD-VtDBhnXW67Q",
            "authentication_code": null
        },
        "order": [],
        "external_reference": "WC-13761",
        "transaction_amount": 30.260000000000001563194018672220408916473388671875,
        "transaction_amount_refunded": 0,
        "coupon_amount": 0,
        "differential_pricing_id": null,
        "deduction_schema": null,
        "installments": 1,
        "transaction_details": {
            "payment_method_reference_id": null,
            "net_received_amount": 28.75,
            "total_paid_amount": 30.260000000000001563194018672220408916473388671875,
            "overpaid_amount": 0,
            "external_resource_url": null,
            "installment_amount": 30.260000000000001563194018672220408916473388671875,
            "financial_institution": null,
            "payable_deferral_period": null,
            "acquirer_reference": null
        },
        "fee_details": [
            {
                "type": "mercadopago_fee",
                "amount": 1.5100000000000000088817841970012523233890533447265625,
                "fee_payer": "collector"
            }
        ],
        "charges_details": [],
        "captured": true,
        "binary_mode": false,
        "call_for_authorize_id": null,
        "statement_descriptor": "MERCPAGO*SEKIAMAMP",
        "card": {
            "id": null,
            "first_six_digits": "515590",
            "last_four_digits": "1983",
            "bin": "51559015",
            "expiration_month": 3,
            "expiration_year": 2028,
            "date_created": "2022-05-21T14:38:17.000-04:00",
            "date_last_updated": "2022-05-21T14:38:17.000-04:00",
            "cardholder": {
                "name": "satie kuwana ohara",
                "identification": {
                    "number": "04143500817",
                    "type": "CPF"
                }
            }
        },
        "notification_url": "https:\/\/www.sekiama.com.br\/wc-api\/WC_WooMercadoPago_Custom_Gateway\/?source_news=webhooks",
        "refunds": [],
        "processing_mode": "aggregator",
        "merchant_account_id": null,
        "merchant_number": null,
        "acquirer_reconciliation": [],
        "point_of_interaction": {
            "type": "UNSPECIFIED",
            "business_info": {
                "unit": "online_payments",
                "sub_unit": "woocommerce"
            }
        }
    }
}
05-21-2022 @ 15:38:20 - [create_preference]: payment link generated with success from mercado pago, with structure as follow: {
    "status": 201,
    "response": {
        "id": 22534868374,
        "date_created": "2022-05-21T14:38:17.931-04:00",
        "date_approved": "2022-05-21T14:38:19.285-04:00",
        "date_last_updated": "2022-05-21T14:38:19.285-04:00",
        "date_of_expiration": null,
        "money_release_date": "2022-05-21T14:38:19.285-04:00",
        "operation_type": "regular_payment",
        "issuer_id": "24",
        "payment_method_id": "master",
        "payment_type_id": "credit_card",
        "status": "approved",
        "status_detail": "accredited",
        "currency_id": "BRL",
        "description": "Farofa com Muitas Sementes e Castanhas x 1",
        "live_mode": true,
        "sponsor_id": 208686191,
        "authorization_code": "381863",
        "money_release_schema": null,
        "taxes_amount": 0,
        "counter_currency": null,
        "brand_id": null,
        "shipping_amount": 0,
        "pos_id": null,
        "store_id": null,
        "integrator_id": null,
        "platform_id": "bo2hnr2ic4p001kbgpt0",
        "corporation_id": null,
        "collector_id": 163745094,
        "payer": {
            "type": null,
            "id": "169153946",
            "operator_id": null,
            "email": "satieko@uol.com.br",
            "identification": {
                "type": "CPF",
                "number": "04143500817"
            },
            "phone": {
                "area_code": null,
                "number": null,
                "extension": null
            },
            "first_name": null,
            "last_name": null,
            "entity_type": null
        },
        "marketplace_owner": null,
        "metadata": {
            "basic_settings": {
                "ex_payments_debelo": "yes",
                "checkout_credential_prod": "deprecated",
                "checkbox_checkout_test_mode": "yes",
                "method": "redirect",
                "ex_payments_amex": "yes",
                "gateway_discount_checkbox": "no",
                "enabled": "no",
                "ex_payments_master": "yes",
                "ex_payments_visa": "yes",
                "ex_payments_pec": "yes",
                "ex_payments_bolbradesco": "yes",
                "commission_checkbox": "no",
                "currency_conversion": "no",
                "installments": "1",
                "binary_mode": "no",
                "ex_payments_debvisa": "yes",
                "ex_payments_elo": "yes",
                "auto_return": "yes",
                "ex_payments_hipercard": "yes"
            },
            "checkout_type": "credit_card",
            "seller_website": "https:\/\/www.sekiama.com.br",
            "billing_address": {
                "city_name": "São Paulo",
                "state_name": "SP",
                "country_name": "BR",
                "zip_code": "01542-000",
                "street_name": "Rua Dom Duarte Leopoldo"
            },
            "module_version": "5.7.6",
            "sponsor_id": 208686191,
            "platform": "bo2hnr2ic4p001kbgpt0",
            "collector": "163745094",
            "ticket_settings": [],
            "platform_version": "6.5.1",
            "test_mode": false,
            "site_id": "mlb",
            "custom_settings": {
                "wallet_button": "yes",
                "checkout_credential_prod": "deprecated",
                "commission_checkbox": "no",
                "checkbox_checkout_test_mode": "yes",
                "currency_conversion": "no",
                "binary_mode": "no",
                "coupon_mode": "no",
                "gateway_discount_checkbox": "no",
                "enabled": "yes"
            },
            "pix_settings": {
                "enabled": "yes"
            },
            "details": "",
            "user": {
                "user_email": null,
                "registered_user": "no",
                "user_registration_date": null
            },
            "checkout": "custom"
        },
        "additional_info": {
            "items": [
                {
                    "id": "197",
                    "title": "Farofa com Muitas Sementes e Castanhas x 1",
                    "description": "Foi-a-primeira-Farofa-lancada-no-mercado.-E-enriquecida-com-muitas-sementes-e-castanhas-e-sendo-riquissima-em-fibras-pode-ser-incluida-no-seu-dia-a-dia-de-forma-saudavel.-Farofa-sem-culpa-recheada-de-nutrientes-essenciais",
                    "picture_url": "https:\/\/www.sekiama.com.br\/wp-content\/uploads\/2021\/11\/castanhas-frente.png",
                    "category_id": "others",
                    "quantity": "1",
                    "unit_price": "18.6"
                },
                {
                    "id": null,
                    "title": "Sedex (Entrega em 3 dias úteis)",
                    "description": "Serviço de envio usado pela loja.",
                    "picture_url": null,
                    "category_id": "others",
                    "quantity": "1",
                    "unit_price": "11.66"
                }
            ],
            "payer": {
                "phone": {
                    "number": "(11) 98235-9586"
                },
                "address": {
                    "zip_code": "01542-000",
                    "street_name": "Rua Dom Duarte Leopoldo \/ São Paulo SP BR"
                },
                "first_name": "SATIE",
                "last_name": "KUWANA OHARA"
            },
            "shipments": {
                "receiver_address": {
                    "zip_code": "01542-000",
                    "state_name": "SP",
                    "city_name": "São Paulo",
                    "street_name": "Rua Dom Duarte Leopoldo apto 31 São Paulo SP BR",
                    "apartment": "apto 31"
                }
            },
            "iso_response_code": "00",
            "available_balance": null,
            "nsu_processadora": "CAQEBAQKoUJvB35KU_tTSHOOICz4QvKvThoHQU84cVp5SGaFHUgD-VtDBhnXW67Q",
            "authentication_code": null
        },
        "order": [],
        "external_reference": "WC-13761",
        "transaction_amount": 30.260000000000001563194018672220408916473388671875,
        "transaction_amount_refunded": 0,
        "coupon_amount": 0,
        "differential_pricing_id": null,
        "deduction_schema": null,
        "installments": 1,
        "transaction_details": {
            "payment_method_reference_id": null,
            "net_received_amount": 28.75,
            "total_paid_amount": 30.260000000000001563194018672220408916473388671875,
            "overpaid_amount": 0,
            "external_resource_url": null,
            "installment_amount": 30.260000000000001563194018672220408916473388671875,
            "financial_institution": null,
            "payable_deferral_period": null,
            "acquirer_reference": null
        },
        "fee_details": [
            {
                "type": "mercadopago_fee",
                "amount": 1.5100000000000000088817841970012523233890533447265625,
                "fee_payer": "collector"
            }
        ],
        "charges_details": [],
        "captured": true,
        "binary_mode": false,
        "call_for_authorize_id": null,
        "statement_descriptor": "MERCPAGO*SEKIAMAMP",
        "card": {
            "id": null,
            "first_six_digits": "515590",
            "last_four_digits": "1983",
            "bin": "51559015",
            "expiration_month": 3,
            "expiration_year": 2028,
            "date_created": "2022-05-21T14:38:17.000-04:00",
            "date_last_updated": "2022-05-21T14:38:17.000-04:00",
            "cardholder": {
                "name": "satie kuwana ohara",
                "identification": {
                    "number": "04143500817",
                    "type": "CPF"
                }
            }
        },
        "notification_url": "https:\/\/www.sekiama.com.br\/wc-api\/WC_WooMercadoPago_Custom_Gateway\/?source_news=webhooks",
        "refunds": [],
        "processing_mode": "aggregator",
        "merchant_account_id": null,
        "merchant_number": null,
        "acquirer_reconciliation": [],
        "point_of_interaction": {
            "type": "UNSPECIFIED",
            "business_info": {
                "unit": "online_payments",
                "sub_unit": "woocommerce"
            }
        }
    }
}
05-21-2022 @ 15:38:20 - [check_ipn_response]: received _get content: {
    "data_id": "22534868374",
    "source_news": "webhooks",
    "type": "payment"
}
05-21-2022 @ 15:38:20 - [successful_request]: starting to process  update...
05-21-2022 @ 15:38:20 - [successful_request]: updating metadata and status with data: {
    "acquirer_reconciliation": [],
    "additional_info": {
        "authentication_code": null,
        "available_balance": null,
        "items": [
            {
                "category_id": "others",
                "description": "Foi-a-primeira-Farofa-lancada-no-mercado.-E-enriquecida-com-muitas-sementes-e-castanhas-e-sendo-riquissima-em-fibras-pode-ser-incluida-no-seu-dia-a-dia-de-forma-saudavel.-Farofa-sem-culpa-recheada-de-nutrientes-essenciais",
                "id": "197",
                "picture_url": "https:\/\/www.sekiama.com.br\/wp-content\/uploads\/2021\/11\/castanhas-frente.png",
                "quantity": "1",
                "title": "Farofa com Muitas Sementes e Castanhas x 1",
                "unit_price": "18.6"
            },
            {
                "category_id": "others",
                "description": "Serviço de envio usado pela loja.",
                "id": null,
                "picture_url": null,
                "quantity": "1",
                "title": "Sedex (Entrega em 3 dias úteis)",
                "unit_price": "11.66"
            }
        ],
        "nsu_processadora": null,
        "payer": {
            "address": {
                "street_name": "Rua Dom Duarte Leopoldo \/ São Paulo SP BR",
                "zip_code": "01542-000"
            },
            "first_name": "SATIE",
            "last_name": "KUWANA OHARA",
            "phone": {
                "number": "(11) 98235-9586"
            }
        },
        "shipments": {
            "receiver_address": {
                "apartment": "apto 31",
                "city_name": "São Paulo",
                "state_name": "SP",
                "street_name": "Rua Dom Duarte Leopoldo apto 31 São Paulo SP BR",
                "zip_code": "01542-000"
            }
        }
    },
    "authorization_code": "381863",
    "binary_mode": false,
    "brand_id": null,
    "call_for_authorize_id": null,
    "captured": true,
    "card": {
        "bin": "51559015",
        "cardholder": {
            "identification": {
                "number": "04143500817",
                "type": "CPF"
            },
            "name": "satie kuwana ohara"
        },
        "date_created": "2022-05-21T14:38:17.000-04:00",
        "date_last_updated": "2022-05-21T14:38:17.000-04:00",
        "expiration_month": 3,
        "expiration_year": 2028,
        "first_six_digits": "515590",
        "id": null,
        "last_four_digits": "1983"
    },
    "charges_details": [],
    "collector_id": 163745094,
    "corporation_id": null,
    "counter_currency": null,
    "coupon_amount": 0,
    "currency_id": "BRL",
    "date_approved": "2022-05-21T14:38:19.000-04:00",
    "date_created": "2022-05-21T14:38:17.000-04:00",
    "date_last_updated": "2022-05-21T14:38:19.000-04:00",
    "date_of_expiration": null,
    "deduction_schema": null,
    "description": "Farofa com Muitas Sementes e Castanhas x 1",
    "differential_pricing_id": null,
    "external_reference": "WC-13761",
    "fee_details": [
        {
            "amount": 1.5100000000000000088817841970012523233890533447265625,
            "fee_payer": "collector",
            "type": "mercadopago_fee"
        }
    ],
    "id": 22534868374,
    "installments": 1,
    "integrator_id": null,
    "issuer_id": "24",
    "live_mode": true,
    "marketplace_owner": null,
    "merchant_account_id": null,
    "merchant_number": null,
    "metadata": {
        "basic_settings": {
            "ex_payments_debelo": "yes",
            "checkout_credential_prod": "deprecated",
            "checkbox_checkout_test_mode": "yes",
            "method": "redirect",
            "ex_payments_amex": "yes",
            "gateway_discount_checkbox": "no",
            "enabled": "no",
            "ex_payments_master": "yes",
            "ex_payments_pec": "yes",
            "ex_payments_visa": "yes",
            "ex_payments_bolbradesco": "yes",
            "commission_checkbox": "no",
            "binary_mode": "no",
            "currency_conversion": "no",
            "installments": "1",
            "ex_payments_debvisa": "yes",
            "ex_payments_elo": "yes",
            "auto_return": "yes",
            "ex_payments_hipercard": "yes"
        },
        "checkout_type": "credit_card",
        "seller_website": "https:\/\/www.sekiama.com.br",
        "billing_address": {
            "city_name": "São Paulo",
            "state_name": "SP",
            "country_name": "BR",
            "street_name": "Rua Dom Duarte Leopoldo",
            "zip_code": "01542-000"
        },
        "module_version": "5.7.6",
        "sponsor_id": 208686191,
        "collector": "163745094",
        "platform": "bo2hnr2ic4p001kbgpt0",
        "ticket_settings": [],
        "platform_version": "6.5.1",
        "test_mode": false,
        "site_id": "mlb",
        "custom_settings": {
            "checkout_credential_prod": "deprecated",
            "wallet_button": "yes",
            "commission_checkbox": "no",
            "checkbox_checkout_test_mode": "yes",
            "binary_mode": "no",
            "currency_conversion": "no",
            "coupon_mode": "no",
            "gateway_discount_checkbox": "no",
            "enabled": "yes"
        },
        "pix_settings": {
            "enabled": "yes"
        },
        "details": "",
        "checkout": "custom",
        "user": {
            "user_email": null,
            "registered_user": "no",
            "user_registration_date": null
        }
    },
    "money_release_date": "2022-05-21T14:38:19.000-04:00",
    "money_release_schema": null,
    "notification_url": "https:\/\/www.sekiama.com.br\/wc-api\/WC_WooMercadoPago_Custom_Gateway\/?source_news=webhooks",
    "operation_type": "regular_payment",
    "order": [],
    "payer": {
        "email": "satieko@uol.com.br",
        "entity_type": null,
        "first_name": null,
        "id": "169153946",
        "identification": {
            "number": "04143500817",
            "type": "CPF"
        },
        "last_name": null,
        "operator_id": null,
        "phone": {
            "area_code": null,
            "extension": null,
            "number": null
        },
        "type": null
    },
    "payment_method_id": "master",
    "payment_type_id": "credit_card",
    "platform_id": "bo2hnr2ic4p001kbgpt0",
    "point_of_interaction": {
        "business_info": {
            "sub_unit": "woocommerce",
            "unit": "online_payments"
        },
        "type": "UNSPECIFIED"
    },
    "pos_id": null,
    "processing_mode": "aggregator",
    "refunds": [],
    "shipping_amount": 0,
    "sponsor_id": 208686191,
    "statement_descriptor": "MERCPAGO*SEKIAMAMP",
    "status": "approved",
    "status_detail": "accredited",
    "store_id": null,
    "taxes_amount": 0,
    "transaction_amount": 30.260000000000001563194018672220408916473388671875,
    "transaction_amount_refunded": 0,
    "transaction_details": {
        "acquirer_reference": null,
        "external_resource_url": null,
        "financial_institution": null,
        "installment_amount": 30.260000000000001563194018672220408916473388671875,
        "net_received_amount": 28.75,
        "overpaid_amount": 0,
        "payable_deferral_period": null,
        "payment_method_reference_id": null,
        "total_paid_amount": 30.260000000000001563194018672220408916473388671875
    }
}
05-21-2022 @ 15:38:20 - [successful_request]: Changing order status to: processing
