08-16-2022 @ 09:15:08 - [process_payment]: POST Custom: {
    "amount": "66.32",
    "currency_ratio": "1",
    "paymentMethodId": "master",
    "checkout_type": "custom",
    "installments": "1"
}
08-16-2022 @ 09:15:08 - [process_payment]: preparing to get response of custom checkout.
08-16-2022 @ 09:15:08 - [Created preference: ]: Preference: {
    "binary_mode": false,
    "external_reference": "WC-13876",
    "notification_url": "https:\/\/www.sekiama.com.br\/wc-api\/WC_WooMercadoPago_Custom_Gateway\/?source_news=webhooks",
    "statement_descriptor": "Sekiama MP",
    "sponsor_id": 208686191,
    "transaction_amount": 66.31999999999999317878973670303821563720703125,
    "description": "Kit Fit x 1, Farofa Doce x 1",
    "installments": 1,
    "payment_method_id": "master",
    "payer": {
        "email": "contato@joaocristofolini.com.br"
    },
    "metadata": {
        "platform": "bo2hnr2ic4p001kbgpt0",
        "platform_version": "6.8.0",
        "module_version": "6.0.2",
        "site_id": "mlb",
        "sponsor_id": 208686191,
        "collector": "163745094",
        "test_mode": false,
        "details": "",
        "basic_settings": {
            "enabled": "no",
            "currency_conversion": "no",
            "installments": "1",
            "method": "redirect",
            "auto_return": "yes",
            "binary_mode": "no",
            "ex_payments_master": "yes",
            "ex_payments_hipercard": "yes",
            "ex_payments_amex": "yes",
            "ex_payments_elo": "yes",
            "ex_payments_visa": "yes",
            "ex_payments_debvisa": "yes",
            "ex_payments_debelo": "yes",
            "ex_payments_pec": "yes",
            "ex_payments_bolbradesco": "yes",
            "gateway_discount_checkbox": "no",
            "commission_checkbox": "no",
            "checkbox_checkout_test_mode": "yes",
            "checkout_credential_prod": "deprecated"
        },
        "custom_settings": {
            "enabled": "yes",
            "currency_conversion": "no",
            "wallet_button": "yes",
            "coupon_mode": "no",
            "binary_mode": "no",
            "gateway_discount_checkbox": "no",
            "commission_checkbox": "no",
            "checkbox_checkout_test_mode": "yes",
            "checkout_credential_prod": "deprecated"
        },
        "ticket_settings": [],
        "pix_settings": {
            "enabled": "yes"
        },
        "seller_website": "https:\/\/www.sekiama.com.br",
        "billing_address": {
            "zip_code": "88330-428",
            "street_name": "Rua 2300",
            "city_name": "Balneário Camboriú",
            "state_name": "SC",
            "country_name": "BR"
        },
        "user": {
            "registered_user": "no",
            "user_email": null,
            "user_registration_date": null
        },
        "checkout": "custom",
        "checkout_type": "credit_card"
    },
    "additional_info": {
        "items": [
            {
                "id": 205,
                "title": "Kit Fit x 1",
                "description": "As-farofas-que-cabem-no-seu-plano-alimentar.-Otima-fonte-de-fibras-nutricionais.-Neste-kit-contem-as-farofas-strongCom-Muitas-Sementes-e-Com-Muitas-Sementes-Castanhas.strong",
                "picture_url": "https:\/\/www.sekiama.com.br\/wp-content\/uploads\/2021\/11\/kit-fit-1.png",
                "category_id": "others",
                "quantity": 1,
                "unit_price": 28
            },
            {
                "id": 199,
                "title": "Farofa Doce x 1",
                "description": "Ideal-para-voce-que-deseja-inovar-no-sabor-das-suas-deliciosas-sobremesas-finalizando-com-um-toque-extra-crocante.-Voce-ainda-pode-experimentar-em-vitaminas-massas-de-tortas-cobertura-de-bolos-e-onde-mais-preferir.-Surpree",
                "picture_url": "https:\/\/www.sekiama.com.br\/wp-content\/uploads\/2021\/11\/doce-Frente-1.png",
                "category_id": "others",
                "quantity": 1,
                "unit_price": 14.800000000000000710542735760100185871124267578125
            },
            {
                "title": "PAC (Entrega em 8 dias úteis)",
                "description": "Serviço de envio usado pela loja.",
                "category_id": "others",
                "quantity": 1,
                "unit_price": 23.519999999999999573674358543939888477325439453125
            }
        ],
        "payer": {
            "first_name": "Joao Henrique",
            "last_name": "Cristofolini",
            "phone": {
                "number": "(47) 98802-8223"
            },
            "address": {
                "zip_code": "88330-428",
                "street_name": "Rua 2300 \/ Balneário Camboriú SC BR"
            }
        },
        "shipments": {
            "receiver_address": {
                "zip_code": "88330-428",
                "street_name": "Rua 2300 apto 502 Balneário Camboriú SC BR",
                "apartment": "apto 502",
                "city_name": "Balneário Camboriú",
                "state_name": "SC"
            }
        }
    }
}
08-16-2022 @ 09:15:10 - [create_preference]: Preference created: {
    "status": 201,
    "response": {
        "id": 24927295204,
        "date_created": "2022-08-16T08:15:08.961-04:00",
        "date_approved": "2022-08-16T08:15:10.690-04:00",
        "date_last_updated": "2022-08-16T08:15:10.690-04:00",
        "date_of_expiration": null,
        "money_release_date": "2022-08-16T08:15:10.690-04:00",
        "money_release_status": null,
        "operation_type": "regular_payment",
        "issuer_id": "12518",
        "payment_method_id": "master",
        "payment_type_id": "credit_card",
        "status": "approved",
        "status_detail": "accredited",
        "currency_id": "BRL",
        "description": "Kit Fit x 1, Farofa Doce x 1",
        "live_mode": true,
        "sponsor_id": 208686191,
        "authorization_code": "443310",
        "money_release_schema": null,
        "taxes_amount": 0,
        "counter_currency": null,
        "brand_id": null,
        "shipping_amount": 0,
        "build_version": "2.107.4",
        "pos_id": null,
        "store_id": null,
        "integrator_id": null,
        "platform_id": "bo2hnr2ic4p001kbgpt0",
        "corporation_id": null,
        "collector_id": 163745094,
        "payer": {
            "type": null,
            "id": "250756878",
            "operator_id": null,
            "email": "contato@joaocristofolini.com.br",
            "identification": {
                "type": "CPF",
                "number": "07240296997"
            },
            "phone": {
                "area_code": null,
                "number": null,
                "extension": null
            },
            "first_name": null,
            "last_name": null,
            "entity_type": null
        },
        "marketplace_owner": null,
        "metadata": {
            "basic_settings": {
                "ex_payments_debelo": "yes",
                "checkout_credential_prod": "deprecated",
                "checkbox_checkout_test_mode": "yes",
                "method": "redirect",
                "ex_payments_amex": "yes",
                "gateway_discount_checkbox": "no",
                "enabled": "no",
                "ex_payments_master": "yes",
                "ex_payments_visa": "yes",
                "ex_payments_pec": "yes",
                "ex_payments_bolbradesco": "yes",
                "commission_checkbox": "no",
                "currency_conversion": "no",
                "installments": "1",
                "binary_mode": "no",
                "ex_payments_debvisa": "yes",
                "ex_payments_elo": "yes",
                "auto_return": "yes",
                "ex_payments_hipercard": "yes"
            },
            "checkout_type": "credit_card",
            "seller_website": "https:\/\/www.sekiama.com.br",
            "billing_address": {
                "city_name": "Balneário Camboriú",
                "state_name": "SC",
                "country_name": "BR",
                "zip_code": "88330-428",
                "street_name": "Rua 2300"
            },
            "module_version": "6.0.2",
            "sponsor_id": 208686191,
            "platform": "bo2hnr2ic4p001kbgpt0",
            "collector": "163745094",
            "ticket_settings": [],
            "platform_version": "6.8.0",
            "test_mode": false,
            "site_id": "mlb",
            "custom_settings": {
                "wallet_button": "yes",
                "checkout_credential_prod": "deprecated",
                "commission_checkbox": "no",
                "checkbox_checkout_test_mode": "yes",
                "currency_conversion": "no",
                "binary_mode": "no",
                "coupon_mode": "no",
                "gateway_discount_checkbox": "no",
                "enabled": "yes"
            },
            "pix_settings": {
                "enabled": "yes"
            },
            "details": "",
            "user": {
                "user_email": null,
                "registered_user": "no",
                "user_registration_date": null
            },
            "checkout": "custom"
        },
        "additional_info": {
            "items": [
                {
                    "id": "205",
                    "title": "Kit Fit x 1",
                    "description": "As-farofas-que-cabem-no-seu-plano-alimentar.-Otima-fonte-de-fibras-nutricionais.-Neste-kit-contem-as-farofas-strongCom-Muitas-Sementes-e-Com-Muitas-Sementes-Castanhas.strong",
                    "picture_url": "https:\/\/www.sekiama.com.br\/wp-content\/uploads\/2021\/11\/kit-fit-1.png",
                    "category_id": "others",
                    "quantity": "1",
                    "unit_price": "28"
                },
                {
                    "id": "199",
                    "title": "Farofa Doce x 1",
                    "description": "Ideal-para-voce-que-deseja-inovar-no-sabor-das-suas-deliciosas-sobremesas-finalizando-com-um-toque-extra-crocante.-Voce-ainda-pode-experimentar-em-vitaminas-massas-de-tortas-cobertura-de-bolos-e-onde-mais-preferir.-Surpree",
                    "picture_url": "https:\/\/www.sekiama.com.br\/wp-content\/uploads\/2021\/11\/doce-Frente-1.png",
                    "category_id": "others",
                    "quantity": "1",
                    "unit_price": "14.8"
                },
                {
                    "id": null,
                    "title": "PAC (Entrega em 8 dias úteis)",
                    "description": "Serviço de envio usado pela loja.",
                    "picture_url": null,
                    "category_id": "others",
                    "quantity": "1",
                    "unit_price": "23.52"
                }
            ],
            "payer": {
                "phone": {
                    "number": "(47) 98802-8223"
                },
                "address": {
                    "zip_code": "88330-428",
                    "street_name": "Rua 2300 \/ Balneário Camboriú SC BR"
                },
                "first_name": "Joao Henrique",
                "last_name": "Cristofolini"
            },
            "shipments": {
                "receiver_address": {
                    "zip_code": "88330-428",
                    "state_name": "SC",
                    "city_name": "Balneário Camboriú",
                    "street_name": "Rua 2300 apto 502 Balneário Camboriú SC BR",
                    "apartment": "apto 502"
                }
            },
            "iso_response_code": "00",
            "available_balance": null,
            "nsu_processadora": "CAQEBAQOBHDOK8gu7rjVcf4OcveoW90WHuKe3OdPEj194C4udEYCuj7eKuMl9gk8",
            "authentication_code": null
        },
        "order": [],
        "external_reference": "WC-13876",
        "transaction_amount": 66.31999999999999317878973670303821563720703125,
        "transaction_amount_refunded": 0,
        "coupon_amount": 0,
        "differential_pricing_id": null,
        "deduction_schema": null,
        "installments": 1,
        "transaction_details": {
            "payment_method_reference_id": null,
            "net_received_amount": 63.00999999999999801048033987171947956085205078125,
            "total_paid_amount": 66.31999999999999317878973670303821563720703125,
            "overpaid_amount": 0,
            "external_resource_url": null,
            "installment_amount": 66.31999999999999317878973670303821563720703125,
            "financial_institution": null,
            "payable_deferral_period": null,
            "acquirer_reference": null
        },
        "fee_details": [
            {
                "type": "mercadopago_fee",
                "amount": 3.310000000000000053290705182007513940334320068359375,
                "fee_payer": "collector"
            }
        ],
        "charges_details": [],
        "captured": true,
        "binary_mode": false,
        "call_for_authorize_id": null,
        "statement_descriptor": "MERCPAGO*SEKIAMAMP",
        "card": {
            "id": null,
            "first_six_digits": "520048",
            "last_four_digits": "4320",
            "bin": "52004887",
            "expiration_month": 12,
            "expiration_year": 2029,
            "date_created": "2022-08-16T08:15:08.000-04:00",
            "date_last_updated": "2022-08-16T08:15:08.000-04:00",
            "cardholder": {
                "name": "Joao H Cristofolini",
                "identification": {
                    "number": "07240296997",
                    "type": "CPF"
                }
            }
        },
        "notification_url": "https:\/\/www.sekiama.com.br\/wc-api\/WC_WooMercadoPago_Custom_Gateway\/?source_news=webhooks",
        "refunds": [],
        "processing_mode": "aggregator",
        "merchant_account_id": null,
        "merchant_number": null,
        "acquirer_reconciliation": [],
        "point_of_interaction": {
            "type": "UNSPECIFIED",
            "business_info": {
                "unit": "online_payments",
                "sub_unit": "woocommerce"
            }
        }
    }
}
08-16-2022 @ 09:15:10 - [create_preference]: payment link generated with success from mercado pago, with structure as follow: {
    "status": 201,
    "response": {
        "id": 24927295204,
        "date_created": "2022-08-16T08:15:08.961-04:00",
        "date_approved": "2022-08-16T08:15:10.690-04:00",
        "date_last_updated": "2022-08-16T08:15:10.690-04:00",
        "date_of_expiration": null,
        "money_release_date": "2022-08-16T08:15:10.690-04:00",
        "money_release_status": null,
        "operation_type": "regular_payment",
        "issuer_id": "12518",
        "payment_method_id": "master",
        "payment_type_id": "credit_card",
        "status": "approved",
        "status_detail": "accredited",
        "currency_id": "BRL",
        "description": "Kit Fit x 1, Farofa Doce x 1",
        "live_mode": true,
        "sponsor_id": 208686191,
        "authorization_code": "443310",
        "money_release_schema": null,
        "taxes_amount": 0,
        "counter_currency": null,
        "brand_id": null,
        "shipping_amount": 0,
        "build_version": "2.107.4",
        "pos_id": null,
        "store_id": null,
        "integrator_id": null,
        "platform_id": "bo2hnr2ic4p001kbgpt0",
        "corporation_id": null,
        "collector_id": 163745094,
        "payer": {
            "type": null,
            "id": "250756878",
            "operator_id": null,
            "email": "contato@joaocristofolini.com.br",
            "identification": {
                "type": "CPF",
                "number": "07240296997"
            },
            "phone": {
                "area_code": null,
                "number": null,
                "extension": null
            },
            "first_name": null,
            "last_name": null,
            "entity_type": null
        },
        "marketplace_owner": null,
        "metadata": {
            "basic_settings": {
                "ex_payments_debelo": "yes",
                "checkout_credential_prod": "deprecated",
                "checkbox_checkout_test_mode": "yes",
                "method": "redirect",
                "ex_payments_amex": "yes",
                "gateway_discount_checkbox": "no",
                "enabled": "no",
                "ex_payments_master": "yes",
                "ex_payments_visa": "yes",
                "ex_payments_pec": "yes",
                "ex_payments_bolbradesco": "yes",
                "commission_checkbox": "no",
                "currency_conversion": "no",
                "installments": "1",
                "binary_mode": "no",
                "ex_payments_debvisa": "yes",
                "ex_payments_elo": "yes",
                "auto_return": "yes",
                "ex_payments_hipercard": "yes"
            },
            "checkout_type": "credit_card",
            "seller_website": "https:\/\/www.sekiama.com.br",
            "billing_address": {
                "city_name": "Balneário Camboriú",
                "state_name": "SC",
                "country_name": "BR",
                "zip_code": "88330-428",
                "street_name": "Rua 2300"
            },
            "module_version": "6.0.2",
            "sponsor_id": 208686191,
            "platform": "bo2hnr2ic4p001kbgpt0",
            "collector": "163745094",
            "ticket_settings": [],
            "platform_version": "6.8.0",
            "test_mode": false,
            "site_id": "mlb",
            "custom_settings": {
                "wallet_button": "yes",
                "checkout_credential_prod": "deprecated",
                "commission_checkbox": "no",
                "checkbox_checkout_test_mode": "yes",
                "currency_conversion": "no",
                "binary_mode": "no",
                "coupon_mode": "no",
                "gateway_discount_checkbox": "no",
                "enabled": "yes"
            },
            "pix_settings": {
                "enabled": "yes"
            },
            "details": "",
            "user": {
                "user_email": null,
                "registered_user": "no",
                "user_registration_date": null
            },
            "checkout": "custom"
        },
        "additional_info": {
            "items": [
                {
                    "id": "205",
                    "title": "Kit Fit x 1",
                    "description": "As-farofas-que-cabem-no-seu-plano-alimentar.-Otima-fonte-de-fibras-nutricionais.-Neste-kit-contem-as-farofas-strongCom-Muitas-Sementes-e-Com-Muitas-Sementes-Castanhas.strong",
                    "picture_url": "https:\/\/www.sekiama.com.br\/wp-content\/uploads\/2021\/11\/kit-fit-1.png",
                    "category_id": "others",
                    "quantity": "1",
                    "unit_price": "28"
                },
                {
                    "id": "199",
                    "title": "Farofa Doce x 1",
                    "description": "Ideal-para-voce-que-deseja-inovar-no-sabor-das-suas-deliciosas-sobremesas-finalizando-com-um-toque-extra-crocante.-Voce-ainda-pode-experimentar-em-vitaminas-massas-de-tortas-cobertura-de-bolos-e-onde-mais-preferir.-Surpree",
                    "picture_url": "https:\/\/www.sekiama.com.br\/wp-content\/uploads\/2021\/11\/doce-Frente-1.png",
                    "category_id": "others",
                    "quantity": "1",
                    "unit_price": "14.8"
                },
                {
                    "id": null,
                    "title": "PAC (Entrega em 8 dias úteis)",
                    "description": "Serviço de envio usado pela loja.",
                    "picture_url": null,
                    "category_id": "others",
                    "quantity": "1",
                    "unit_price": "23.52"
                }
            ],
            "payer": {
                "phone": {
                    "number": "(47) 98802-8223"
                },
                "address": {
                    "zip_code": "88330-428",
                    "street_name": "Rua 2300 \/ Balneário Camboriú SC BR"
                },
                "first_name": "Joao Henrique",
                "last_name": "Cristofolini"
            },
            "shipments": {
                "receiver_address": {
                    "zip_code": "88330-428",
                    "state_name": "SC",
                    "city_name": "Balneário Camboriú",
                    "street_name": "Rua 2300 apto 502 Balneário Camboriú SC BR",
                    "apartment": "apto 502"
                }
            },
            "iso_response_code": "00",
            "available_balance": null,
            "nsu_processadora": "CAQEBAQOBHDOK8gu7rjVcf4OcveoW90WHuKe3OdPEj194C4udEYCuj7eKuMl9gk8",
            "authentication_code": null
        },
        "order": [],
        "external_reference": "WC-13876",
        "transaction_amount": 66.31999999999999317878973670303821563720703125,
        "transaction_amount_refunded": 0,
        "coupon_amount": 0,
        "differential_pricing_id": null,
        "deduction_schema": null,
        "installments": 1,
        "transaction_details": {
            "payment_method_reference_id": null,
            "net_received_amount": 63.00999999999999801048033987171947956085205078125,
            "total_paid_amount": 66.31999999999999317878973670303821563720703125,
            "overpaid_amount": 0,
            "external_resource_url": null,
            "installment_amount": 66.31999999999999317878973670303821563720703125,
            "financial_institution": null,
            "payable_deferral_period": null,
            "acquirer_reference": null
        },
        "fee_details": [
            {
                "type": "mercadopago_fee",
                "amount": 3.310000000000000053290705182007513940334320068359375,
                "fee_payer": "collector"
            }
        ],
        "charges_details": [],
        "captured": true,
        "binary_mode": false,
        "call_for_authorize_id": null,
        "statement_descriptor": "MERCPAGO*SEKIAMAMP",
        "card": {
            "id": null,
            "first_six_digits": "520048",
            "last_four_digits": "4320",
            "bin": "52004887",
            "expiration_month": 12,
            "expiration_year": 2029,
            "date_created": "2022-08-16T08:15:08.000-04:00",
            "date_last_updated": "2022-08-16T08:15:08.000-04:00",
            "cardholder": {
                "name": "Joao H Cristofolini",
                "identification": {
                    "number": "07240296997",
                    "type": "CPF"
                }
            }
        },
        "notification_url": "https:\/\/www.sekiama.com.br\/wc-api\/WC_WooMercadoPago_Custom_Gateway\/?source_news=webhooks",
        "refunds": [],
        "processing_mode": "aggregator",
        "merchant_account_id": null,
        "merchant_number": null,
        "acquirer_reconciliation": [],
        "point_of_interaction": {
            "type": "UNSPECIFIED",
            "business_info": {
                "unit": "online_payments",
                "sub_unit": "woocommerce"
            }
        }
    }
}
08-16-2022 @ 09:15:11 - [check_ipn_response]: received _get content: {
    "data_id": "24927295204",
    "source_news": "webhooks",
    "type": "payment"
}
08-16-2022 @ 09:15:11 - [successful_request]: starting to process  update...
08-16-2022 @ 09:15:11 - [successful_request]: updating metadata and status with data: {
    "acquirer_reconciliation": [],
    "additional_info": {
        "authentication_code": null,
        "available_balance": null,
        "items": [
            {
                "category_id": "others",
                "description": "As-farofas-que-cabem-no-seu-plano-alimentar.-Otima-fonte-de-fibras-nutricionais.-Neste-kit-contem-as-farofas-strongCom-Muitas-Sementes-e-Com-Muitas-Sementes-Castanhas.strong",
                "id": "205",
                "picture_url": "https:\/\/www.sekiama.com.br\/wp-content\/uploads\/2021\/11\/kit-fit-1.png",
                "quantity": "1",
                "title": "Kit Fit x 1",
                "unit_price": "28"
            },
            {
                "category_id": "others",
                "description": "Ideal-para-voce-que-deseja-inovar-no-sabor-das-suas-deliciosas-sobremesas-finalizando-com-um-toque-extra-crocante.-Voce-ainda-pode-experimentar-em-vitaminas-massas-de-tortas-cobertura-de-bolos-e-onde-mais-preferir.-Surpree",
                "id": "199",
                "picture_url": "https:\/\/www.sekiama.com.br\/wp-content\/uploads\/2021\/11\/doce-Frente-1.png",
                "quantity": "1",
                "title": "Farofa Doce x 1",
                "unit_price": "14.8"
            },
            {
                "category_id": "others",
                "description": "Serviço de envio usado pela loja.",
                "id": null,
                "picture_url": null,
                "quantity": "1",
                "title": "PAC (Entrega em 8 dias úteis)",
                "unit_price": "23.52"
            }
        ],
        "nsu_processadora": null,
        "payer": {
            "address": {
                "street_name": "Rua 2300 \/ Balneário Camboriú SC BR",
                "zip_code": "88330-428"
            },
            "first_name": "Joao Henrique",
            "last_name": "Cristofolini",
            "phone": {
                "number": "(47) 98802-8223"
            }
        },
        "shipments": {
            "receiver_address": {
                "apartment": "apto 502",
                "city_name": "Balneário Camboriú",
                "state_name": "SC",
                "street_name": "Rua 2300 apto 502 Balneário Camboriú SC BR",
                "zip_code": "88330-428"
            }
        }
    },
    "authorization_code": "443310",
    "binary_mode": false,
    "brand_id": null,
    "build_version": "2.107.4",
    "call_for_authorize_id": null,
    "captured": true,
    "card": {
        "bin": "52004887",
        "cardholder": {
            "identification": {
                "number": "07240296997",
                "type": "CPF"
            },
            "name": "Joao H Cristofolini"
        },
        "date_created": "2022-08-16T08:15:08.000-04:00",
        "date_last_updated": "2022-08-16T08:15:08.000-04:00",
        "expiration_month": 12,
        "expiration_year": 2029,
        "first_six_digits": "520048",
        "id": null,
        "last_four_digits": "4320"
    },
    "charges_details": [],
    "collector_id": 163745094,
    "corporation_id": null,
    "counter_currency": null,
    "coupon_amount": 0,
    "currency_id": "BRL",
    "date_approved": "2022-08-16T08:15:10.000-04:00",
    "date_created": "2022-08-16T08:15:08.000-04:00",
    "date_last_updated": "2022-08-16T08:15:10.000-04:00",
    "date_of_expiration": null,
    "deduction_schema": null,
    "description": "Kit Fit x 1, Farofa Doce x 1",
    "differential_pricing_id": null,
    "external_reference": "WC-13876",
    "fee_details": [
        {
            "amount": 3.310000000000000053290705182007513940334320068359375,
            "fee_payer": "collector",
            "type": "mercadopago_fee"
        }
    ],
    "id": 24927295204,
    "installments": 1,
    "integrator_id": null,
    "issuer_id": "12518",
    "live_mode": true,
    "marketplace_owner": null,
    "merchant_account_id": null,
    "merchant_number": null,
    "metadata": {
        "basic_settings": {
            "ex_payments_debelo": "yes",
            "checkout_credential_prod": "deprecated",
            "checkbox_checkout_test_mode": "yes",
            "method": "redirect",
            "ex_payments_amex": "yes",
            "gateway_discount_checkbox": "no",
            "enabled": "no",
            "ex_payments_master": "yes",
            "ex_payments_pec": "yes",
            "ex_payments_visa": "yes",
            "ex_payments_bolbradesco": "yes",
            "commission_checkbox": "no",
            "binary_mode": "no",
            "currency_conversion": "no",
            "installments": "1",
            "ex_payments_debvisa": "yes",
            "ex_payments_elo": "yes",
            "auto_return": "yes",
            "ex_payments_hipercard": "yes"
        },
        "checkout_type": "credit_card",
        "seller_website": "https:\/\/www.sekiama.com.br",
        "billing_address": {
            "city_name": "Balneário Camboriú",
            "state_name": "SC",
            "country_name": "BR",
            "street_name": "Rua 2300",
            "zip_code": "88330-428"
        },
        "module_version": "6.0.2",
        "sponsor_id": 208686191,
        "collector": "163745094",
        "platform": "bo2hnr2ic4p001kbgpt0",
        "ticket_settings": [],
        "platform_version": "6.8.0",
        "test_mode": false,
        "site_id": "mlb",
        "custom_settings": {
            "checkout_credential_prod": "deprecated",
            "wallet_button": "yes",
            "commission_checkbox": "no",
            "checkbox_checkout_test_mode": "yes",
            "binary_mode": "no",
            "currency_conversion": "no",
            "coupon_mode": "no",
            "gateway_discount_checkbox": "no",
            "enabled": "yes"
        },
        "pix_settings": {
            "enabled": "yes"
        },
        "details": "",
        "checkout": "custom",
        "user": {
            "user_email": null,
            "registered_user": "no",
            "user_registration_date": null
        }
    },
    "money_release_date": "2022-08-16T08:15:10.000-04:00",
    "money_release_schema": null,
    "money_release_status": null,
    "notification_url": "https:\/\/www.sekiama.com.br\/wc-api\/WC_WooMercadoPago_Custom_Gateway\/?source_news=webhooks",
    "operation_type": "regular_payment",
    "order": [],
    "payer": {
        "email": "contato@joaocristofolini.com.br",
        "entity_type": null,
        "first_name": null,
        "id": "250756878",
        "identification": {
            "number": "07240296997",
            "type": "CPF"
        },
        "last_name": null,
        "operator_id": null,
        "phone": {
            "area_code": null,
            "extension": null,
            "number": null
        },
        "type": null
    },
    "payment_method_id": "master",
    "payment_type_id": "credit_card",
    "platform_id": "bo2hnr2ic4p001kbgpt0",
    "point_of_interaction": {
        "business_info": {
            "sub_unit": "woocommerce",
            "unit": "online_payments"
        },
        "type": "UNSPECIFIED"
    },
    "pos_id": null,
    "processing_mode": "aggregator",
    "refunds": [],
    "shipping_amount": 0,
    "sponsor_id": 208686191,
    "statement_descriptor": "MERCPAGO*SEKIAMAMP",
    "status": "approved",
    "status_detail": "accredited",
    "store_id": null,
    "taxes_amount": 0,
    "transaction_amount": 66.31999999999999317878973670303821563720703125,
    "transaction_amount_refunded": 0,
    "transaction_details": {
        "acquirer_reference": null,
        "external_resource_url": null,
        "financial_institution": null,
        "installment_amount": 66.31999999999999317878973670303821563720703125,
        "net_received_amount": 63.00999999999999801048033987171947956085205078125,
        "overpaid_amount": 0,
        "payable_deferral_period": null,
        "payment_method_reference_id": null,
        "total_paid_amount": 66.31999999999999317878973670303821563720703125
    }
}
08-16-2022 @ 09:15:12 - [successful_request]: Changing order status to: processing
08-16-2022 @ 09:15:22 - [check_ipn_response]: received _get content: {
    "data_id": "24927295204",
    "source_news": "webhooks",
    "type": "payment"
}
08-16-2022 @ 09:15:23 - [successful_request]: starting to process  update...
08-16-2022 @ 09:15:23 - [successful_request]: updating metadata and status with data: {
    "acquirer_reconciliation": [],
    "additional_info": {
        "authentication_code": null,
        "available_balance": null,
        "items": [
            {
                "category_id": "others",
                "description": "As-farofas-que-cabem-no-seu-plano-alimentar.-Otima-fonte-de-fibras-nutricionais.-Neste-kit-contem-as-farofas-strongCom-Muitas-Sementes-e-Com-Muitas-Sementes-Castanhas.strong",
                "id": "205",
                "picture_url": "https:\/\/www.sekiama.com.br\/wp-content\/uploads\/2021\/11\/kit-fit-1.png",
                "quantity": "1",
                "title": "Kit Fit x 1",
                "unit_price": "28"
            },
            {
                "category_id": "others",
                "description": "Ideal-para-voce-que-deseja-inovar-no-sabor-das-suas-deliciosas-sobremesas-finalizando-com-um-toque-extra-crocante.-Voce-ainda-pode-experimentar-em-vitaminas-massas-de-tortas-cobertura-de-bolos-e-onde-mais-preferir.-Surpree",
                "id": "199",
                "picture_url": "https:\/\/www.sekiama.com.br\/wp-content\/uploads\/2021\/11\/doce-Frente-1.png",
                "quantity": "1",
                "title": "Farofa Doce x 1",
                "unit_price": "14.8"
            },
            {
                "category_id": "others",
                "description": "Serviço de envio usado pela loja.",
                "id": null,
                "picture_url": null,
                "quantity": "1",
                "title": "PAC (Entrega em 8 dias úteis)",
                "unit_price": "23.52"
            }
        ],
        "nsu_processadora": null,
        "payer": {
            "address": {
                "street_name": "Rua 2300 \/ Balneário Camboriú SC BR",
                "zip_code": "88330-428"
            },
            "first_name": "Joao Henrique",
            "last_name": "Cristofolini",
            "phone": {
                "number": "(47) 98802-8223"
            }
        },
        "shipments": {
            "receiver_address": {
                "apartment": "apto 502",
                "city_name": "Balneário Camboriú",
                "state_name": "SC",
                "street_name": "Rua 2300 apto 502 Balneário Camboriú SC BR",
                "zip_code": "88330-428"
            }
        }
    },
    "authorization_code": "443310",
    "binary_mode": false,
    "brand_id": null,
    "build_version": "2.107.4",
    "call_for_authorize_id": null,
    "captured": true,
    "card": {
        "bin": "52004887",
        "cardholder": {
            "identification": {
                "number": "07240296997",
                "type": "CPF"
            },
            "name": "Joao H Cristofolini"
        },
        "date_created": "2022-08-16T08:15:08.000-04:00",
        "date_last_updated": "2022-08-16T08:15:08.000-04:00",
        "expiration_month": 12,
        "expiration_year": 2029,
        "first_six_digits": "520048",
        "id": null,
        "last_four_digits": "4320"
    },
    "charges_details": [],
    "collector_id": 163745094,
    "corporation_id": null,
    "counter_currency": null,
    "coupon_amount": 0,
    "currency_id": "BRL",
    "date_approved": "2022-08-16T08:15:10.000-04:00",
    "date_created": "2022-08-16T08:15:08.000-04:00",
    "date_last_updated": "2022-08-16T08:15:21.000-04:00",
    "date_of_expiration": null,
    "deduction_schema": null,
    "description": "Kit Fit x 1, Farofa Doce x 1",
    "differential_pricing_id": null,
    "external_reference": "WC-13876",
    "fee_details": [
        {
            "amount": 3.310000000000000053290705182007513940334320068359375,
            "fee_payer": "collector",
            "type": "mercadopago_fee"
        }
    ],
    "id": 24927295204,
    "installments": 1,
    "integrator_id": null,
    "issuer_id": "12518",
    "live_mode": true,
    "marketplace_owner": null,
    "merchant_account_id": null,
    "merchant_number": null,
    "metadata": {
        "basic_settings": {
            "ex_payments_debelo": "yes",
            "checkout_credential_prod": "deprecated",
            "checkbox_checkout_test_mode": "yes",
            "method": "redirect",
            "ex_payments_amex": "yes",
            "gateway_discount_checkbox": "no",
            "enabled": "no",
            "ex_payments_master": "yes",
            "ex_payments_pec": "yes",
            "ex_payments_visa": "yes",
            "ex_payments_bolbradesco": "yes",
            "commission_checkbox": "no",
            "binary_mode": "no",
            "currency_conversion": "no",
            "installments": "1",
            "ex_payments_debvisa": "yes",
            "ex_payments_elo": "yes",
            "auto_return": "yes",
            "ex_payments_hipercard": "yes"
        },
        "checkout_type": "credit_card",
        "seller_website": "https:\/\/www.sekiama.com.br",
        "billing_address": {
            "city_name": "Balneário Camboriú",
            "state_name": "SC",
            "country_name": "BR",
            "street_name": "Rua 2300",
            "zip_code": "88330-428"
        },
        "module_version": "6.0.2",
        "sponsor_id": 208686191,
        "collector": "163745094",
        "platform": "bo2hnr2ic4p001kbgpt0",
        "ticket_settings": [],
        "platform_version": "6.8.0",
        "test_mode": false,
        "site_id": "mlb",
        "custom_settings": {
            "checkout_credential_prod": "deprecated",
            "wallet_button": "yes",
            "commission_checkbox": "no",
            "checkbox_checkout_test_mode": "yes",
            "binary_mode": "no",
            "currency_conversion": "no",
            "coupon_mode": "no",
            "gateway_discount_checkbox": "no",
            "enabled": "yes"
        },
        "pix_settings": {
            "enabled": "yes"
        },
        "details": "",
        "checkout": "custom",
        "user": {
            "user_email": null,
            "registered_user": "no",
            "user_registration_date": null
        }
    },
    "money_release_date": "2022-08-16T08:15:10.000-04:00",
    "money_release_schema": null,
    "money_release_status": null,
    "notification_url": "https:\/\/www.sekiama.com.br\/wc-api\/WC_WooMercadoPago_Custom_Gateway\/?source_news=webhooks",
    "operation_type": "regular_payment",
    "order": [],
    "payer": {
        "email": "contato@joaocristofolini.com.br",
        "entity_type": null,
        "first_name": null,
        "id": "250756878",
        "identification": {
            "number": "07240296997",
            "type": "CPF"
        },
        "last_name": null,
        "operator_id": null,
        "phone": {
            "area_code": null,
            "extension": null,
            "number": null
        },
        "type": null
    },
    "payment_method_id": "master",
    "payment_type_id": "credit_card",
    "platform_id": "bo2hnr2ic4p001kbgpt0",
    "point_of_interaction": {
        "business_info": {
            "sub_unit": "woocommerce",
            "unit": "online_payments"
        },
        "type": "UNSPECIFIED"
    },
    "pos_id": null,
    "processing_mode": "aggregator",
    "refunds": [],
    "shipping_amount": 0,
    "sponsor_id": 208686191,
    "statement_descriptor": "MERCPAGO*SEKIAMAMP",
    "status": "approved",
    "status_detail": "accredited",
    "store_id": null,
    "taxes_amount": 0,
    "transaction_amount": 66.31999999999999317878973670303821563720703125,
    "transaction_amount_refunded": 0,
    "transaction_details": {
        "acquirer_reference": null,
        "external_resource_url": null,
        "financial_institution": null,
        "installment_amount": 66.31999999999999317878973670303821563720703125,
        "net_received_amount": 63.00999999999999801048033987171947956085205078125,
        "overpaid_amount": 0,
        "payable_deferral_period": null,
        "payment_method_reference_id": null,
        "total_paid_amount": 66.31999999999999317878973670303821563720703125
    }
}
08-16-2022 @ 09:15:23 - [successful_request]: Changing order status to: processing
