09-05-2022 @ 18:14:54 - [process_payment]: Payment via Pix POST: 
09-05-2022 @ 18:14:54 - [Created preference: ]: Preference: {
    "binary_mode": false,
    "external_reference": "WC-13905",
    "notification_url": "https:\/\/www.sekiama.com.br\/wc-api\/WC_WooMercadoPago_Pix_Gateway\/?source_news=webhooks",
    "statement_descriptor": "Sekiama MP",
    "sponsor_id": 208686191,
    "date_of_expiration": "2022-09-05T21:44:54.000+0000",
    "transaction_amount": 87.0499999999999971578290569595992565155029296875,
    "description": "Farofa Doce x 1, Farofa com Muita Cebola x 1, Farofa com Muitas Sementes x 1, Faropop x 1",
    "payment_method_id": "pix",
    "payer": {
        "email": "midorichibana@gmail.com",
        "first_name": "Adriana",
        "last_name": "Midori Chibana",
        "address": {
            "zip_code": "03177-010",
            "street_name": "Rua Dr João Batista De Lacerda 693",
            "street_number": "",
            "neighborhood": "",
            "city": "São Paulo",
            "federal_unit": "SP"
        }
    },
    "additional_info": {
        "items": [
            {
                "id": 199,
                "title": "Farofa Doce x 1",
                "description": "Ideal-para-voce-que-deseja-inovar-no-sabor-das-suas-deliciosas-sobremesas-finalizando-com-um-toque-extra-crocante.-Voce-ainda-pode-experimentar-em-vitaminas-massas-de-tortas-cobertura-de-bolos-e-onde-mais-preferir.-Surpree",
                "picture_url": "https:\/\/www.sekiama.com.br\/wp-content\/uploads\/2021\/11\/doce-Frente-1.png",
                "category_id": "others",
                "quantity": 1,
                "unit_price": 19.800000000000000710542735760100185871124267578125
            },
            {
                "id": 195,
                "title": "Farofa com Muita Cebola x 1",
                "description": "Por-ser-incrivelmente-saborosa-a-Farofa-com-muita-cebola-crocante-e-a-campea-de-vendas-conquistando-todos-os-paladares.-Nesta-nobre-preparacao-a-farinha-de-mandioca-absorve-o-incrivel-sabor-da-cebola-fresca-resultando-em",
                "picture_url": "https:\/\/www.sekiama.com.br\/wp-content\/uploads\/2021\/11\/cebola-frente-1.png",
                "category_id": "others",
                "quantity": 1,
                "unit_price": 17.199999999999999289457264239899814128875732421875
            },
            {
                "id": 194,
                "title": "Farofa com Muitas Sementes x 1",
                "description": "A-Farofa-com-muitas-sementes-e-incrivel-e-vai-te-saciar-de-forma-natural-e-saudavel.-As-sementes-permitem-melhorar-o-seu-consumo-de-fibras-e-micronutrientes.-Voce-vai-amar-o-resultado-crocante-saboroso-e-saudavel-desta-Faro",
                "picture_url": "https:\/\/www.sekiama.com.br\/wp-content\/uploads\/2021\/11\/sementes-Frente-1.png",
                "category_id": "others",
                "quantity": 1,
                "unit_price": 18.199999999999999289457264239899814128875732421875
            },
            {
                "id": 200,
                "title": "Faropop x 1",
                "description": "Temperada-do-jeito-que-amamos-comer-farofa.-A-Faropop-Temperada-e-uma-das-farofas-tradicionais-que-combina-com-qualquer-refeicao.-span-stylecolor-a81414strongIngredientes-strongspanFarinha-de-Mandioca-Gor",
                "picture_url": "https:\/\/www.sekiama.com.br\/wp-content\/uploads\/2021\/11\/tradicional-frente.png",
                "category_id": "others",
                "quantity": 1,
                "unit_price": 14.199999999999999289457264239899814128875732421875
            },
            {
                "title": "Sedex (Entrega em 3 dias úteis)",
                "description": "Serviço de envio usado pela loja.",
                "category_id": "others",
                "quantity": 1,
                "unit_price": 17.64999999999999857891452847979962825775146484375
            }
        ],
        "payer": {
            "first_name": "Adriana",
            "last_name": "Midori Chibana",
            "phone": {
                "number": "(11"
            },
            "address": {
                "zip_code": "03177-010",
                "street_name": "Rua Dr João Batista De Lacerda 693 \/ São Paulo SP BR"
            }
        },
        "shipments": {
            "receiver_address": {
                "zip_code": "03177-010",
                "street_name": "Rua Dr João Batista De Lacerda 693  São Paulo SP BR",
                "apartment": "",
                "city_name": "São Paulo",
                "state_name": "SP"
            }
        }
    },
    "metadata": {
        "platform": "bo2hnr2ic4p001kbgpt0",
        "platform_version": "6.8.2",
        "module_version": "6.1.0",
        "site_id": "mlb",
        "sponsor_id": 208686191,
        "collector": "163745094",
        "test_mode": false,
        "details": "",
        "basic_settings": {
            "enabled": "no",
            "currency_conversion": "no",
            "installments": "1",
            "method": "redirect",
            "auto_return": "yes",
            "binary_mode": "no",
            "ex_payments_master": "yes",
            "ex_payments_hipercard": "yes",
            "ex_payments_amex": "yes",
            "ex_payments_elo": "yes",
            "ex_payments_visa": "yes",
            "ex_payments_debvisa": "yes",
            "ex_payments_debelo": "yes",
            "ex_payments_pec": "yes",
            "ex_payments_bolbradesco": "yes",
            "gateway_discount_checkbox": "no",
            "commission_checkbox": "no",
            "checkbox_checkout_test_mode": "yes",
            "checkout_credential_prod": "deprecated"
        },
        "custom_settings": {
            "enabled": "yes",
            "currency_conversion": "no",
            "wallet_button": "yes",
            "coupon_mode": "no",
            "binary_mode": "no",
            "gateway_discount_checkbox": "no",
            "commission_checkbox": "no",
            "checkbox_checkout_test_mode": "yes",
            "checkout_credential_prod": "deprecated"
        },
        "ticket_settings": [],
        "pix_settings": {
            "enabled": "yes"
        },
        "seller_website": "https:\/\/www.sekiama.com.br",
        "billing_address": {
            "zip_code": "03177-010",
            "street_name": "Rua Dr João Batista De Lacerda 693",
            "city_name": "São Paulo",
            "state_name": "SP",
            "country_name": "BR"
        },
        "user": {
            "registered_user": "no",
            "user_email": null,
            "user_registration_date": null
        },
        "checkout": "custom",
        "checkout_type": "pix"
    }
}
09-05-2022 @ 18:14:54 - [create_preference]: Created Preference: {
    "status": 201,
    "response": {
        "id": 25505849042,
        "date_created": "2022-09-05T17:14:53.461-04:00",
        "date_approved": null,
        "date_last_updated": "2022-09-05T17:14:53.461-04:00",
        "date_of_expiration": "2022-09-05T17:44:54.000-04:00",
        "money_release_date": null,
        "money_release_status": null,
        "operation_type": "regular_payment",
        "issuer_id": null,
        "payment_method_id": "pix",
        "payment_type_id": "bank_transfer",
        "status": "pending",
        "status_detail": "pending_waiting_transfer",
        "currency_id": "BRL",
        "description": "Farofa Doce x 1, Farofa com Muita Cebola x 1, Farofa com Muitas Sementes x 1, Faropop x 1",
        "live_mode": true,
        "sponsor_id": 208686191,
        "authorization_code": null,
        "money_release_schema": null,
        "taxes_amount": 0,
        "counter_currency": null,
        "brand_id": null,
        "shipping_amount": 0,
        "build_version": "2.109.0",
        "pos_id": null,
        "store_id": null,
        "integrator_id": null,
        "platform_id": "bo2hnr2ic4p001kbgpt0",
        "corporation_id": null,
        "collector_id": 163745094,
        "payer": {
            "type": null,
            "id": "303821548",
            "operator_id": null,
            "email": null,
            "identification": {
                "type": null,
                "number": null
            },
            "phone": {
                "area_code": null,
                "number": null,
                "extension": null
            },
            "first_name": null,
            "last_name": null,
            "entity_type": null
        },
        "marketplace_owner": null,
        "metadata": {
            "basic_settings": {
                "ex_payments_debelo": "yes",
                "checkout_credential_prod": "deprecated",
                "checkbox_checkout_test_mode": "yes",
                "method": "redirect",
                "ex_payments_amex": "yes",
                "gateway_discount_checkbox": "no",
                "enabled": "no",
                "ex_payments_master": "yes",
                "ex_payments_visa": "yes",
                "ex_payments_pec": "yes",
                "ex_payments_bolbradesco": "yes",
                "commission_checkbox": "no",
                "currency_conversion": "no",
                "installments": "1",
                "binary_mode": "no",
                "ex_payments_debvisa": "yes",
                "ex_payments_elo": "yes",
                "auto_return": "yes",
                "ex_payments_hipercard": "yes"
            },
            "checkout_type": "pix",
            "seller_website": "https:\/\/www.sekiama.com.br",
            "billing_address": {
                "city_name": "São Paulo",
                "state_name": "SP",
                "country_name": "BR",
                "zip_code": "03177-010",
                "street_name": "Rua Dr João Batista De Lacerda 693"
            },
            "module_version": "6.1.0",
            "sponsor_id": 208686191,
            "platform": "bo2hnr2ic4p001kbgpt0",
            "collector": "163745094",
            "ticket_settings": [],
            "platform_version": "6.8.2",
            "test_mode": false,
            "site_id": "mlb",
            "custom_settings": {
                "wallet_button": "yes",
                "checkout_credential_prod": "deprecated",
                "commission_checkbox": "no",
                "checkbox_checkout_test_mode": "yes",
                "currency_conversion": "no",
                "binary_mode": "no",
                "coupon_mode": "no",
                "gateway_discount_checkbox": "no",
                "enabled": "yes"
            },
            "pix_settings": {
                "enabled": "yes"
            },
            "details": "",
            "user": {
                "user_email": null,
                "registered_user": "no",
                "user_registration_date": null
            },
            "checkout": "custom"
        },
        "additional_info": {
            "items": [
                {
                    "id": "199",
                    "title": "Farofa Doce x 1",
                    "description": "Ideal-para-voce-que-deseja-inovar-no-sabor-das-suas-deliciosas-sobremesas-finalizando-com-um-toque-extra-crocante.-Voce-ainda-pode-experimentar-em-vitaminas-massas-de-tortas-cobertura-de-bolos-e-onde-mais-preferir.-Surpree",
                    "picture_url": "https:\/\/www.sekiama.com.br\/wp-content\/uploads\/2021\/11\/doce-Frente-1.png",
                    "category_id": "others",
                    "quantity": "1",
                    "unit_price": "19.8"
                },
                {
                    "id": "195",
                    "title": "Farofa com Muita Cebola x 1",
                    "description": "Por-ser-incrivelmente-saborosa-a-Farofa-com-muita-cebola-crocante-e-a-campea-de-vendas-conquistando-todos-os-paladares.-Nesta-nobre-preparacao-a-farinha-de-mandioca-absorve-o-incrivel-sabor-da-cebola-fresca-resultando-em",
                    "picture_url": "https:\/\/www.sekiama.com.br\/wp-content\/uploads\/2021\/11\/cebola-frente-1.png",
                    "category_id": "others",
                    "quantity": "1",
                    "unit_price": "17.2"
                },
                {
                    "id": "194",
                    "title": "Farofa com Muitas Sementes x 1",
                    "description": "A-Farofa-com-muitas-sementes-e-incrivel-e-vai-te-saciar-de-forma-natural-e-saudavel.-As-sementes-permitem-melhorar-o-seu-consumo-de-fibras-e-micronutrientes.-Voce-vai-amar-o-resultado-crocante-saboroso-e-saudavel-desta-Faro",
                    "picture_url": "https:\/\/www.sekiama.com.br\/wp-content\/uploads\/2021\/11\/sementes-Frente-1.png",
                    "category_id": "others",
                    "quantity": "1",
                    "unit_price": "18.2"
                },
                {
                    "id": "200",
                    "title": "Faropop x 1",
                    "description": "Temperada-do-jeito-que-amamos-comer-farofa.-A-Faropop-Temperada-e-uma-das-farofas-tradicionais-que-combina-com-qualquer-refeicao.-span-stylecolor-a81414strongIngredientes-strongspanFarinha-de-Mandioca-Gor",
                    "picture_url": "https:\/\/www.sekiama.com.br\/wp-content\/uploads\/2021\/11\/tradicional-frente.png",
                    "category_id": "others",
                    "quantity": "1",
                    "unit_price": "14.2"
                },
                {
                    "id": null,
                    "title": "Sedex (Entrega em 3 dias úteis)",
                    "description": "Serviço de envio usado pela loja.",
                    "picture_url": null,
                    "category_id": "others",
                    "quantity": "1",
                    "unit_price": "17.65"
                }
            ],
            "payer": {
                "phone": {
                    "number": "(11"
                },
                "address": {
                    "zip_code": "03177-010",
                    "street_name": "Rua Dr João Batista De Lacerda 693 \/ São Paulo SP BR"
                },
                "first_name": "Adriana",
                "last_name": "Midori Chibana"
            },
            "shipments": {
                "receiver_address": {
                    "zip_code": "03177-010",
                    "state_name": "SP",
                    "city_name": "São Paulo",
                    "street_name": "Rua Dr João Batista De Lacerda 693  São Paulo SP BR"
                }
            },
            "available_balance": null,
            "nsu_processadora": null,
            "authentication_code": null
        },
        "order": [],
        "external_reference": "WC-13905",
        "transaction_amount": 87.0499999999999971578290569595992565155029296875,
        "transaction_amount_refunded": 0,
        "coupon_amount": 0,
        "differential_pricing_id": null,
        "deduction_schema": null,
        "callback_url": null,
        "installments": 1,
        "transaction_details": {
            "payment_method_reference_id": null,
            "net_received_amount": 0,
            "total_paid_amount": 87.0499999999999971578290569595992565155029296875,
            "overpaid_amount": 0,
            "external_resource_url": null,
            "installment_amount": 0,
            "financial_institution": null,
            "payable_deferral_period": null,
            "acquirer_reference": null,
            "bank_transfer_id": null,
            "transaction_id": null
        },
        "fee_details": [],
        "charges_details": [],
        "captured": true,
        "binary_mode": false,
        "call_for_authorize_id": null,
        "statement_descriptor": null,
        "card": [],
        "notification_url": "https:\/\/www.sekiama.com.br\/wc-api\/WC_WooMercadoPago_Pix_Gateway\/?source_news=webhooks",
        "refunds": [],
        "processing_mode": "aggregator",
        "merchant_account_id": null,
        "merchant_number": null,
        "acquirer_reconciliation": [],
        "point_of_interaction": {
            "type": "OPENPLATFORM",
            "business_info": {
                "unit": "online_payments",
                "sub_unit": "woocommerce"
            },
            "location": {
                "state_id": null,
                "source": null
            },
            "application_data": {
                "name": null,
                "version": null
            },
            "transaction_data": {
                "qr_code": "00020126580014br.gov.bcb.pix01365c772f2f-4a19-4c09-91f1-461d82801da0520400005303986540587.055802BR5913THIAGOERMINIO6008So Paulo62240520mpqrinter255058490426304570F",
                "bank_transfer_id": null,
                "transaction_id": null,
                "financial_institution": null,
                "ticket_url": "https:\/\/www.mercadopago.com.br\/payments\/25505849042\/ticket?caller_id=303821548&hash=5d9e22b6-5d76-4945-ad9b-85988623dd10",
                "bank_info": {
                    "payer": {
                        "account_id": null,
                        "id": null,
                        "long_name": null,
                        "external_account_id": null
                    },
                    "collector": {
                        "account_id": null,
                        "long_name": null,
                        "account_holder_name": "Thiago Erminio Victor",
                        "transfer_account_id": null
                    },
                    "is_same_bank_account_owner": null,
                    "origin_bank_id": null,
                    "origin_wallet_id": null
                },
                "qr_code_base64": "iVBORw0KGgoAAAANSUhEUgAABWQAAAVkAQAAAAB79iscAAAIwUlEQVR42u3dQY7kNgwFUN3A97+lb6AgQYK4xE+5JhMEGfvVYtA9dklPvSNIkWP+Qp9z0NLS0tLS0tLS0tLS0tLS0tLS0tLS0tLS0tLS0tLS0tLS0tLS0tLS0tLS0tLS0tLS0tLS0tL++9qxfo7f\/+\/488Hv717+7+9vXB+Mz5\/+ePrxXvn1r++WVT4YtLS0tLS0tLS0tLS0L9Ee15DtusiH4nq0o7y3KK47Lq\/M8PToGLS0tLS0tLS0tLS0tG\/RFkUT9X0ussR6Y4NvQ9MauIaNaGlpaWlpaWlpaWlp36c9r2m6K36WvZcQMeUNl\/XKCWhpaWlpaWlpaWlpaWm7aG4JEVPsmD5LorD8euaXaWlpaWlpaWlpaWlpX6tt8WmzFDZek4JHd4yj22P+VI0oLS0tLS0tLS0tLS3tr65tu5T8t\/\/8bE8VWlpaWlpaWlpaWlraX1S7+Sw5uH2a7sjxZC7RXFKGdwxaWlpaWlpaWlpaWtpna8+uaPKj3ch14S+a8i\/pwaZYs+QDj5vsHi0tLS0tLS0tLS0t7RO1e1l6ZUcuHU6WaWuzVGculZhlc1paWlpaWlpaWlpa2mdr98WQ+ynY7bC0NOw613guS33ZU4WWlpaWlpaWlpaWlvZ52tGVQLbaGlmWXpAf31h4KXBNeT5aWlpaWlpaWlpaWtqnaxdybv545GtypWgyXXWrFZtpPHYOPmlpaWlpaWlpaWlpaV+gzRm1WZqRtLFeOcssgNSlJL2SP7S0tLS0tLS0tLS0tE\/XHqHl4wiX3uamNWQ50AixY\/07dG1Jxn2NKC0tLS0tLS0tLS0t7VO0yVgqMc\/cEHLT2n98PkjNKetU7etPtLS0tLS0tLS0tLS0b9GmXF2qg1wKLsvdttQLsv4JUjOSctK7LiW0tLS0tLS0tLS0tLSP0u7vrJV8W+m4P+5yhEvP\/2bfcpNu0tLS0tLS0tLS0tLSvks7r3m5ss9RekamXN3iyTnCY\/s03cyjpaWlpaWlpaWlpaV9tnbh5Y77syTiSv3l3PaRTBt9hJIp7qSlpaWlpaWlpaWlpX2Jdql+XKLDusXd0\/1U7fmDv9LS0tLS0tLS0tLS0r5E2+yYgsrUgqTUaTYhYmpk0qYHaWlpaWlpaWlpaWlp36NNHSBzf8jRNZNcbs3N3KokDWkrxZrju+6RtLS0tLS0tLS0tLS0z9BmyhHaStY1lwrL6zopuze6XiezzMjuokhaWlpaWlpaWlpaWtonameJItv4r4R5Z3e3rb5yDQxnmO3WBJW0tLS0tLS0tLS0tLTP19bVN3PS0k+7C3MljVizgMseX8e8tLS0tLS0tLS0tLS0T9HWFN8mJXeGUx1llU1hZnP69hi0tLS0tLS0tLS0tLRP1y61lmUodm0y0mYBN31Nmvxdei+EnLS0tLS0tLS0tLS0tE\/WXgspRwklU6BZ+kjOchGuVFM2QWre\/KClpaWlpaWlpaWlpX2Ttt0n32NL0DosrV0l9\/dvOv3T0tLS0tLS0tLS0tK+RNt24W+ScyUBODeztJf12rizPTMtLS0tLS0tLS0tLe3TtTkSHCVOXK6rbWLHUVAluzdCI8r5zRRsWlpaWlpaWlpaWlraJ2rPbrkzkze34dq9a0eSb+NJWlpaWlpaWlpaWlrap2tTwLdk7a6B5kfCLj0tniUBOLbt\/uf1QLS0tLS0tLS0tLS0tC\/RHl0Lyblp7Z8a9ed8YAWUiHHkfWlpaWlpaWlpaWlpaV+hLYPRZmn5uGnPf+RIcB9PptzfJrKkpaWlpaWlpaWlpaV9hfbYXk1LE9hGmJN2dhm\/Wt6Z\/lRLeElLS0tLS0tLS0tLS\/sKbekKOXOf\/Tbq21yOO0J2r5RUjtRgkpaWlpaWlpaWlpaW9k3aUaLDVGGZAEvs2B7y7mndkpaWlpaWlpaWlpaW9mXa1Ogx5fk2vNrDJPelbC+9TVpaWlpaWlpaWlpa2rdqj3IvbnM1LR2ynQhwhFXOu7DxR3KRtLS0tLS0tLS0tLS0D9CWu22zxHXtoLW7LpM\/tMcoY9hoaWlpaWlpaWlpaWlfol3SauOzU+QoK6VX8lC15hJdrskco41taWlpaWlpaWlpaWlpn6wtHfxnqLXcJ\/Ga+27tJ8WYi5GWlpaWlpaWlpaWlvY92iybnwWSTdSXeCWeXJJ95+ZiXbl2R0tLS0tLS0tLS0tL+wLt0o8\/ZejyOOs6cm1BXT9NFjAFsyHGpKWlpaWlpaWlpaWlfba2pu7y\/bRdlWS6x5ZmA5Src7We82YKNi0tLS0tLS0tLS0t7fO0Nbe2VESWE5z5fJs83\/jq6lyOMWlpaWlpaWlpaWlpaV+gvcpSCWQT8JWvjbJAmqeW3GVzWlpaWlpaWlpaWlrat2i\/KLPMg62PUFw5csiZA8hmvRDH0tLS0tLS0tLS0tLSvkC7qXkcy6\/lG\/VAS\/uSRVECzRSkHrS0tLS0tLS0tLS0tC\/RFmMdtFbaQNYTbELEtrzz7K7OzZu7e7S0tLS0tLS0tLS0tE\/UphguuZsTpAf7q2555eO7KJKWlpaWlpaWlpaWlvZB2vTZttiP+bs8v7pmENtpa9dX7qouaWlpaWlpaWlpaWlpH6XdlE\/O0tA\/dRXJqbvZRZFnqez8sSnYtLS0tLS0tLS0tLS0z9PWadQLfhm+lqZgpygyTdW+O\/N9FElLS0tLS0tLS0tLS\/tIbVsvuQSBywmuOzaVky3vn9aI0tLS0tLS0tLS0tLSvkbbxnppMvZmx9S3\/7vMIC0tLS0tLS0tLS0t7Yu1bRHmUi\/ZJgBnCUNTp\/\/Eu5\/ZTUtLS0tLS0tLS0tL+zxtwpduj+Nz9VHmri2UkhQcpY9kiUqTipaWlpaWlpaWlpaW9unampwr1ZR1Cna+OlejyJweLJ46WpuWlpaWlpaWlpaWlvYt2v\/\/h5aWlpaWlpaWlpaWlpaWlpaWlpaWlpaWlpaWlpaWlpaWlpaWlpaWlpaWlpaWlpaWlpaWlpb2X9P+BtM+C3Lzww1bAAAAAElFTkSuQmCC"
            }
        }
    }
}
09-05-2022 @ 18:14:54 - [create_preference]: payment link generated with success from mercado pago, with structure as follow: {
    "status": 201,
    "response": {
        "id": 25505849042,
        "date_created": "2022-09-05T17:14:53.461-04:00",
        "date_approved": null,
        "date_last_updated": "2022-09-05T17:14:53.461-04:00",
        "date_of_expiration": "2022-09-05T17:44:54.000-04:00",
        "money_release_date": null,
        "money_release_status": null,
        "operation_type": "regular_payment",
        "issuer_id": null,
        "payment_method_id": "pix",
        "payment_type_id": "bank_transfer",
        "status": "pending",
        "status_detail": "pending_waiting_transfer",
        "currency_id": "BRL",
        "description": "Farofa Doce x 1, Farofa com Muita Cebola x 1, Farofa com Muitas Sementes x 1, Faropop x 1",
        "live_mode": true,
        "sponsor_id": 208686191,
        "authorization_code": null,
        "money_release_schema": null,
        "taxes_amount": 0,
        "counter_currency": null,
        "brand_id": null,
        "shipping_amount": 0,
        "build_version": "2.109.0",
        "pos_id": null,
        "store_id": null,
        "integrator_id": null,
        "platform_id": "bo2hnr2ic4p001kbgpt0",
        "corporation_id": null,
        "collector_id": 163745094,
        "payer": {
            "type": null,
            "id": "303821548",
            "operator_id": null,
            "email": null,
            "identification": {
                "type": null,
                "number": null
            },
            "phone": {
                "area_code": null,
                "number": null,
                "extension": null
            },
            "first_name": null,
            "last_name": null,
            "entity_type": null
        },
        "marketplace_owner": null,
        "metadata": {
            "basic_settings": {
                "ex_payments_debelo": "yes",
                "checkout_credential_prod": "deprecated",
                "checkbox_checkout_test_mode": "yes",
                "method": "redirect",
                "ex_payments_amex": "yes",
                "gateway_discount_checkbox": "no",
                "enabled": "no",
                "ex_payments_master": "yes",
                "ex_payments_visa": "yes",
                "ex_payments_pec": "yes",
                "ex_payments_bolbradesco": "yes",
                "commission_checkbox": "no",
                "currency_conversion": "no",
                "installments": "1",
                "binary_mode": "no",
                "ex_payments_debvisa": "yes",
                "ex_payments_elo": "yes",
                "auto_return": "yes",
                "ex_payments_hipercard": "yes"
            },
            "checkout_type": "pix",
            "seller_website": "https:\/\/www.sekiama.com.br",
            "billing_address": {
                "city_name": "São Paulo",
                "state_name": "SP",
                "country_name": "BR",
                "zip_code": "03177-010",
                "street_name": "Rua Dr João Batista De Lacerda 693"
            },
            "module_version": "6.1.0",
            "sponsor_id": 208686191,
            "platform": "bo2hnr2ic4p001kbgpt0",
            "collector": "163745094",
            "ticket_settings": [],
            "platform_version": "6.8.2",
            "test_mode": false,
            "site_id": "mlb",
            "custom_settings": {
                "wallet_button": "yes",
                "checkout_credential_prod": "deprecated",
                "commission_checkbox": "no",
                "checkbox_checkout_test_mode": "yes",
                "currency_conversion": "no",
                "binary_mode": "no",
                "coupon_mode": "no",
                "gateway_discount_checkbox": "no",
                "enabled": "yes"
            },
            "pix_settings": {
                "enabled": "yes"
            },
            "details": "",
            "user": {
                "user_email": null,
                "registered_user": "no",
                "user_registration_date": null
            },
            "checkout": "custom"
        },
        "additional_info": {
            "items": [
                {
                    "id": "199",
                    "title": "Farofa Doce x 1",
                    "description": "Ideal-para-voce-que-deseja-inovar-no-sabor-das-suas-deliciosas-sobremesas-finalizando-com-um-toque-extra-crocante.-Voce-ainda-pode-experimentar-em-vitaminas-massas-de-tortas-cobertura-de-bolos-e-onde-mais-preferir.-Surpree",
                    "picture_url": "https:\/\/www.sekiama.com.br\/wp-content\/uploads\/2021\/11\/doce-Frente-1.png",
                    "category_id": "others",
                    "quantity": "1",
                    "unit_price": "19.8"
                },
                {
                    "id": "195",
                    "title": "Farofa com Muita Cebola x 1",
                    "description": "Por-ser-incrivelmente-saborosa-a-Farofa-com-muita-cebola-crocante-e-a-campea-de-vendas-conquistando-todos-os-paladares.-Nesta-nobre-preparacao-a-farinha-de-mandioca-absorve-o-incrivel-sabor-da-cebola-fresca-resultando-em",
                    "picture_url": "https:\/\/www.sekiama.com.br\/wp-content\/uploads\/2021\/11\/cebola-frente-1.png",
                    "category_id": "others",
                    "quantity": "1",
                    "unit_price": "17.2"
                },
                {
                    "id": "194",
                    "title": "Farofa com Muitas Sementes x 1",
                    "description": "A-Farofa-com-muitas-sementes-e-incrivel-e-vai-te-saciar-de-forma-natural-e-saudavel.-As-sementes-permitem-melhorar-o-seu-consumo-de-fibras-e-micronutrientes.-Voce-vai-amar-o-resultado-crocante-saboroso-e-saudavel-desta-Faro",
                    "picture_url": "https:\/\/www.sekiama.com.br\/wp-content\/uploads\/2021\/11\/sementes-Frente-1.png",
                    "category_id": "others",
                    "quantity": "1",
                    "unit_price": "18.2"
                },
                {
                    "id": "200",
                    "title": "Faropop x 1",
                    "description": "Temperada-do-jeito-que-amamos-comer-farofa.-A-Faropop-Temperada-e-uma-das-farofas-tradicionais-que-combina-com-qualquer-refeicao.-span-stylecolor-a81414strongIngredientes-strongspanFarinha-de-Mandioca-Gor",
                    "picture_url": "https:\/\/www.sekiama.com.br\/wp-content\/uploads\/2021\/11\/tradicional-frente.png",
                    "category_id": "others",
                    "quantity": "1",
                    "unit_price": "14.2"
                },
                {
                    "id": null,
                    "title": "Sedex (Entrega em 3 dias úteis)",
                    "description": "Serviço de envio usado pela loja.",
                    "picture_url": null,
                    "category_id": "others",
                    "quantity": "1",
                    "unit_price": "17.65"
                }
            ],
            "payer": {
                "phone": {
                    "number": "(11"
                },
                "address": {
                    "zip_code": "03177-010",
                    "street_name": "Rua Dr João Batista De Lacerda 693 \/ São Paulo SP BR"
                },
                "first_name": "Adriana",
                "last_name": "Midori Chibana"
            },
            "shipments": {
                "receiver_address": {
                    "zip_code": "03177-010",
                    "state_name": "SP",
                    "city_name": "São Paulo",
                    "street_name": "Rua Dr João Batista De Lacerda 693  São Paulo SP BR"
                }
            },
            "available_balance": null,
            "nsu_processadora": null,
            "authentication_code": null
        },
        "order": [],
        "external_reference": "WC-13905",
        "transaction_amount": 87.0499999999999971578290569595992565155029296875,
        "transaction_amount_refunded": 0,
        "coupon_amount": 0,
        "differential_pricing_id": null,
        "deduction_schema": null,
        "callback_url": null,
        "installments": 1,
        "transaction_details": {
            "payment_method_reference_id": null,
            "net_received_amount": 0,
            "total_paid_amount": 87.0499999999999971578290569595992565155029296875,
            "overpaid_amount": 0,
            "external_resource_url": null,
            "installment_amount": 0,
            "financial_institution": null,
            "payable_deferral_period": null,
            "acquirer_reference": null,
            "bank_transfer_id": null,
            "transaction_id": null
        },
        "fee_details": [],
        "charges_details": [],
        "captured": true,
        "binary_mode": false,
        "call_for_authorize_id": null,
        "statement_descriptor": null,
        "card": [],
        "notification_url": "https:\/\/www.sekiama.com.br\/wc-api\/WC_WooMercadoPago_Pix_Gateway\/?source_news=webhooks",
        "refunds": [],
        "processing_mode": "aggregator",
        "merchant_account_id": null,
        "merchant_number": null,
        "acquirer_reconciliation": [],
        "point_of_interaction": {
            "type": "OPENPLATFORM",
            "business_info": {
                "unit": "online_payments",
                "sub_unit": "woocommerce"
            },
            "location": {
                "state_id": null,
                "source": null
            },
            "application_data": {
                "name": null,
                "version": null
            },
            "transaction_data": {
                "qr_code": "00020126580014br.gov.bcb.pix01365c772f2f-4a19-4c09-91f1-461d82801da0520400005303986540587.055802BR5913THIAGOERMINIO6008So Paulo62240520mpqrinter255058490426304570F",
                "bank_transfer_id": null,
                "transaction_id": null,
                "financial_institution": null,
                "ticket_url": "https:\/\/www.mercadopago.com.br\/payments\/25505849042\/ticket?caller_id=303821548&hash=5d9e22b6-5d76-4945-ad9b-85988623dd10",
                "bank_info": {
                    "payer": {
                        "account_id": null,
                        "id": null,
                        "long_name": null,
                        "external_account_id": null
                    },
                    "collector": {
                        "account_id": null,
                        "long_name": null,
                        "account_holder_name": "Thiago Erminio Victor",
                        "transfer_account_id": null
                    },
                    "is_same_bank_account_owner": null,
                    "origin_bank_id": null,
                    "origin_wallet_id": null
                },
                "qr_code_base64": "iVBORw0KGgoAAAANSUhEUgAABWQAAAVkAQAAAAB79iscAAAIwUlEQVR42u3dQY7kNgwFUN3A97+lb6AgQYK4xE+5JhMEGfvVYtA9dklPvSNIkWP+Qp9z0NLS0tLS0tLS0tLS0tLS0tLS0tLS0tLS0tLS0tLS0tLS0tLS0tLS0tLS0tLS0tLS0tLS0tL++9qxfo7f\/+\/488Hv717+7+9vXB+Mz5\/+ePrxXvn1r++WVT4YtLS0tLS0tLS0tLS0L9Ee15DtusiH4nq0o7y3KK47Lq\/M8PToGLS0tLS0tLS0tLS0tG\/RFkUT9X0ussR6Y4NvQ9MauIaNaGlpaWlpaWlpaWlp36c9r2m6K36WvZcQMeUNl\/XKCWhpaWlpaWlpaWlpaWm7aG4JEVPsmD5LorD8euaXaWlpaWlpaWlpaWlpX6tt8WmzFDZek4JHd4yj22P+VI0oLS0tLS0tLS0tLS3tr65tu5T8t\/\/8bE8VWlpaWlpaWlpaWlraX1S7+Sw5uH2a7sjxZC7RXFKGdwxaWlpaWlpaWlpaWtpna8+uaPKj3ch14S+a8i\/pwaZYs+QDj5vsHi0tLS0tLS0tLS0t7RO1e1l6ZUcuHU6WaWuzVGculZhlc1paWlpaWlpaWlpa2mdr98WQ+ynY7bC0NOw613guS33ZU4WWlpaWlpaWlpaWlvZ52tGVQLbaGlmWXpAf31h4KXBNeT5aWlpaWlpaWlpaWtqnaxdybv545GtypWgyXXWrFZtpPHYOPmlpaWlpaWlpaWlpaV+gzRm1WZqRtLFeOcssgNSlJL2SP7S0tLS0tLS0tLS0tE\/XHqHl4wiX3uamNWQ50AixY\/07dG1Jxn2NKC0tLS0tLS0tLS0t7VO0yVgqMc\/cEHLT2n98PkjNKetU7etPtLS0tLS0tLS0tLS0b9GmXF2qg1wKLsvdttQLsv4JUjOSctK7LiW0tLS0tLS0tLS0tLSP0u7vrJV8W+m4P+5yhEvP\/2bfcpNu0tLS0tLS0tLS0tLSvks7r3m5ss9RekamXN3iyTnCY\/s03cyjpaWlpaWlpaWlpaV9tnbh5Y77syTiSv3l3PaRTBt9hJIp7qSlpaWlpaWlpaWlpX2Jdql+XKLDusXd0\/1U7fmDv9LS0tLS0tLS0tLS0r5E2+yYgsrUgqTUaTYhYmpk0qYHaWlpaWlpaWlpaWlp36NNHSBzf8jRNZNcbs3N3KokDWkrxZrju+6RtLS0tLS0tLS0tLS0z9BmyhHaStY1lwrL6zopuze6XiezzMjuokhaWlpaWlpaWlpaWtonameJItv4r4R5Z3e3rb5yDQxnmO3WBJW0tLS0tLS0tLS0tLTP19bVN3PS0k+7C3MljVizgMseX8e8tLS0tLS0tLS0tLS0T9HWFN8mJXeGUx1llU1hZnP69hi0tLS0tLS0tLS0tLRP1y61lmUodm0y0mYBN31Nmvxdei+EnLS0tLS0tLS0tLS0tE\/WXgspRwklU6BZ+kjOchGuVFM2QWre\/KClpaWlpaWlpaWlpX2Ttt0n32NL0DosrV0l9\/dvOv3T0tLS0tLS0tLS0tK+RNt24W+ScyUBODeztJf12rizPTMtLS0tLS0tLS0tLe3TtTkSHCVOXK6rbWLHUVAluzdCI8r5zRRsWlpaWlpaWlpaWlraJ2rPbrkzkze34dq9a0eSb+NJWlpaWlpaWlpaWlrap2tTwLdk7a6B5kfCLj0tniUBOLbt\/uf1QLS0tLS0tLS0tLS0tC\/RHl0Lyblp7Z8a9ed8YAWUiHHkfWlpaWlpaWlpaWlpaV+hLYPRZmn5uGnPf+RIcB9PptzfJrKkpaWlpaWlpaWlpaV9hfbYXk1LE9hGmJN2dhm\/Wt6Z\/lRLeElLS0tLS0tLS0tLS\/sKbekKOXOf\/Tbq21yOO0J2r5RUjtRgkpaWlpaWlpaWlpaW9k3aUaLDVGGZAEvs2B7y7mndkpaWlpaWlpaWlpaW9mXa1Ogx5fk2vNrDJPelbC+9TVpaWlpaWlpaWlpa2rdqj3IvbnM1LR2ynQhwhFXOu7DxR3KRtLS0tLS0tLS0tLS0D9CWu22zxHXtoLW7LpM\/tMcoY9hoaWlpaWlpaWlpaWlfol3SauOzU+QoK6VX8lC15hJdrskco41taWlpaWlpaWlpaWlpn6wtHfxnqLXcJ\/Ga+27tJ8WYi5GWlpaWlpaWlpaWlvY92iybnwWSTdSXeCWeXJJ95+ZiXbl2R0tLS0tLS0tLS0tL+wLt0o8\/ZejyOOs6cm1BXT9NFjAFsyHGpKWlpaWlpaWlpaWlfba2pu7y\/bRdlWS6x5ZmA5Src7We82YKNi0tLS0tLS0tLS0t7fO0Nbe2VESWE5z5fJs83\/jq6lyOMWlpaWlpaWlpaWlpaV+gvcpSCWQT8JWvjbJAmqeW3GVzWlpaWlpaWlpaWlrat2i\/KLPMg62PUFw5csiZA8hmvRDH0tLS0tLS0tLS0tLSvkC7qXkcy6\/lG\/VAS\/uSRVECzRSkHrS0tLS0tLS0tLS0tC\/RFmMdtFbaQNYTbELEtrzz7K7OzZu7e7S0tLS0tLS0tLS0tE\/UphguuZsTpAf7q2555eO7KJKWlpaWlpaWlpaWlvZB2vTZttiP+bs8v7pmENtpa9dX7qouaWlpaWlpaWlpaWlpH6XdlE\/O0tA\/dRXJqbvZRZFnqez8sSnYtLS0tLS0tLS0tLS0z9PWadQLfhm+lqZgpygyTdW+O\/N9FElLS0tLS0tLS0tLS\/tIbVsvuQSBywmuOzaVky3vn9aI0tLS0tLS0tLS0tLSvkbbxnppMvZmx9S3\/7vMIC0tLS0tLS0tLS0t7Yu1bRHmUi\/ZJgBnCUNTp\/\/Eu5\/ZTUtLS0tLS0tLS0tL+zxtwpduj+Nz9VHmri2UkhQcpY9kiUqTipaWlpaWlpaWlpaW9unampwr1ZR1Cna+OlejyJweLJ46WpuWlpaWlpaWlpaWlvYt2v\/\/h5aWlpaWlpaWlpaWlpaWlpaWlpaWlpaWlpaWlpaWlpaWlpaWlpaWlpaWlpaWlpaWlpaWlpb2X9P+BtM+C3Lzww1bAAAAAElFTkSuQmCC"
            }
        }
    }
}
09-05-2022 @ 18:14:55 - [check_ipn_response]: received _get content: {
    "data_id": "25505849042",
    "source_news": "webhooks",
    "type": "payment"
}
09-05-2022 @ 18:14:55 - [successful_request]: starting to process  update...
09-05-2022 @ 18:14:55 - [successful_request]: updating metadata and status with data: {
    "acquirer_reconciliation": [],
    "additional_info": {
        "authentication_code": null,
        "available_balance": null,
        "items": [
            {
                "category_id": "others",
                "description": "Ideal-para-voce-que-deseja-inovar-no-sabor-das-suas-deliciosas-sobremesas-finalizando-com-um-toque-extra-crocante.-Voce-ainda-pode-experimentar-em-vitaminas-massas-de-tortas-cobertura-de-bolos-e-onde-mais-preferir.-Surpree",
                "id": "199",
                "picture_url": "https:\/\/www.sekiama.com.br\/wp-content\/uploads\/2021\/11\/doce-Frente-1.png",
                "quantity": "1",
                "title": "Farofa Doce x 1",
                "unit_price": "19.8"
            },
            {
                "category_id": "others",
                "description": "Por-ser-incrivelmente-saborosa-a-Farofa-com-muita-cebola-crocante-e-a-campea-de-vendas-conquistando-todos-os-paladares.-Nesta-nobre-preparacao-a-farinha-de-mandioca-absorve-o-incrivel-sabor-da-cebola-fresca-resultando-em",
                "id": "195",
                "picture_url": "https:\/\/www.sekiama.com.br\/wp-content\/uploads\/2021\/11\/cebola-frente-1.png",
                "quantity": "1",
                "title": "Farofa com Muita Cebola x 1",
                "unit_price": "17.2"
            },
            {
                "category_id": "others",
                "description": "A-Farofa-com-muitas-sementes-e-incrivel-e-vai-te-saciar-de-forma-natural-e-saudavel.-As-sementes-permitem-melhorar-o-seu-consumo-de-fibras-e-micronutrientes.-Voce-vai-amar-o-resultado-crocante-saboroso-e-saudavel-desta-Faro",
                "id": "194",
                "picture_url": "https:\/\/www.sekiama.com.br\/wp-content\/uploads\/2021\/11\/sementes-Frente-1.png",
                "quantity": "1",
                "title": "Farofa com Muitas Sementes x 1",
                "unit_price": "18.2"
            },
            {
                "category_id": "others",
                "description": "Temperada-do-jeito-que-amamos-comer-farofa.-A-Faropop-Temperada-e-uma-das-farofas-tradicionais-que-combina-com-qualquer-refeicao.-span-stylecolor-a81414strongIngredientes-strongspanFarinha-de-Mandioca-Gor",
                "id": "200",
                "picture_url": "https:\/\/www.sekiama.com.br\/wp-content\/uploads\/2021\/11\/tradicional-frente.png",
                "quantity": "1",
                "title": "Faropop x 1",
                "unit_price": "14.2"
            },
            {
                "category_id": "others",
                "description": "Serviço de envio usado pela loja.",
                "id": null,
                "picture_url": null,
                "quantity": "1",
                "title": "Sedex (Entrega em 3 dias úteis)",
                "unit_price": "17.65"
            }
        ],
        "nsu_processadora": null,
        "payer": {
            "address": {
                "street_name": "Rua Dr João Batista De Lacerda 693 \/ São Paulo SP BR",
                "zip_code": "03177-010"
            },
            "first_name": "Adriana",
            "last_name": "Midori Chibana",
            "phone": {
                "number": "(11"
            }
        },
        "shipments": {
            "receiver_address": {
                "city_name": "São Paulo",
                "state_name": "SP",
                "street_name": "Rua Dr João Batista De Lacerda 693  São Paulo SP BR",
                "zip_code": "03177-010"
            }
        }
    },
    "authorization_code": null,
    "binary_mode": false,
    "brand_id": null,
    "build_version": "2.109.0",
    "call_for_authorize_id": null,
    "callback_url": null,
    "captured": true,
    "card": [],
    "charges_details": [],
    "collector_id": 163745094,
    "corporation_id": null,
    "counter_currency": null,
    "coupon_amount": 0,
    "currency_id": "BRL",
    "date_approved": null,
    "date_created": "2022-09-05T17:14:53.000-04:00",
    "date_last_updated": "2022-09-05T17:14:53.000-04:00",
    "date_of_expiration": "2022-09-05T17:44:54.000-04:00",
    "deduction_schema": null,
    "description": "Farofa Doce x 1, Farofa com Muita Cebola x 1, Farofa com Muitas Sementes x 1, Faropop x 1",
    "differential_pricing_id": null,
    "external_reference": "WC-13905",
    "fee_details": [],
    "id": 25505849042,
    "installments": 1,
    "integrator_id": null,
    "issuer_id": null,
    "live_mode": true,
    "marketplace_owner": null,
    "merchant_account_id": null,
    "merchant_number": null,
    "metadata": {
        "basic_settings": {
            "ex_payments_debelo": "yes",
            "checkout_credential_prod": "deprecated",
            "checkbox_checkout_test_mode": "yes",
            "method": "redirect",
            "ex_payments_amex": "yes",
            "gateway_discount_checkbox": "no",
            "enabled": "no",
            "ex_payments_master": "yes",
            "ex_payments_pec": "yes",
            "ex_payments_visa": "yes",
            "ex_payments_bolbradesco": "yes",
            "commission_checkbox": "no",
            "binary_mode": "no",
            "currency_conversion": "no",
            "installments": "1",
            "ex_payments_debvisa": "yes",
            "ex_payments_elo": "yes",
            "auto_return": "yes",
            "ex_payments_hipercard": "yes"
        },
        "checkout_type": "pix",
        "seller_website": "https:\/\/www.sekiama.com.br",
        "billing_address": {
            "city_name": "São Paulo",
            "state_name": "SP",
            "country_name": "BR",
            "street_name": "Rua Dr João Batista De Lacerda 693",
            "zip_code": "03177-010"
        },
        "module_version": "6.1.0",
        "sponsor_id": 208686191,
        "collector": "163745094",
        "platform": "bo2hnr2ic4p001kbgpt0",
        "ticket_settings": [],
        "platform_version": "6.8.2",
        "test_mode": false,
        "site_id": "mlb",
        "custom_settings": {
            "checkout_credential_prod": "deprecated",
            "wallet_button": "yes",
            "commission_checkbox": "no",
            "checkbox_checkout_test_mode": "yes",
            "binary_mode": "no",
            "currency_conversion": "no",
            "coupon_mode": "no",
            "gateway_discount_checkbox": "no",
            "enabled": "yes"
        },
        "pix_settings": {
            "enabled": "yes"
        },
        "details": "",
        "checkout": "custom",
        "user": {
            "user_email": null,
            "registered_user": "no",
            "user_registration_date": null
        }
    },
    "money_release_date": null,
    "money_release_schema": null,
    "money_release_status": null,
    "notification_url": "https:\/\/www.sekiama.com.br\/wc-api\/WC_WooMercadoPago_Pix_Gateway\/?source_news=webhooks",
    "operation_type": "regular_payment",
    "order": [],
    "payer": {
        "email": null,
        "entity_type": null,
        "first_name": null,
        "id": "303821548",
        "identification": {
            "number": null,
            "type": null
        },
        "last_name": null,
        "operator_id": null,
        "phone": {
            "area_code": null,
            "extension": null,
            "number": null
        },
        "type": null
    },
    "payment_method_id": "pix",
    "payment_type_id": "bank_transfer",
    "platform_id": "bo2hnr2ic4p001kbgpt0",
    "point_of_interaction": {
        "application_data": {
            "name": null,
            "version": null
        },
        "business_info": {
            "sub_unit": "woocommerce",
            "unit": "online_payments"
        },
        "location": {
            "source": null,
            "state_id": null
        },
        "transaction_data": {
            "bank_info": {
                "collector": {
                    "account_holder_name": "Thiago Erminio Victor",
                    "account_id": null,
                    "long_name": null,
                    "transfer_account_id": null
                },
                "is_same_bank_account_owner": null,
                "origin_bank_id": null,
                "origin_wallet_id": null,
                "payer": {
                    "account_id": null,
                    "external_account_id": null,
                    "id": null,
                    "long_name": null
                }
            },
            "bank_transfer_id": null,
            "financial_institution": null,
            "infringement_notification": {
                "status": null,
                "type": null
            },
            "qr_code": "00020126580014br.gov.bcb.pix01365c772f2f-4a19-4c09-91f1-461d82801da0520400005303986540587.055802BR5913THIAGOERMINIO6008So Paulo62240520mpqrinter255058490426304570F",
            "qr_code_base64": "iVBORw0KGgoAAAANSUhEUgAABWQAAAVkAQAAAAB79iscAAAIwUlEQVR42u3dQY7kNgwFUN3A97+lb6AgQYK4xE+5JhMEGfvVYtA9dklPvSNIkWP+Qp9z0NLS0tLS0tLS0tLS0tLS0tLS0tLS0tLS0tLS0tLS0tLS0tLS0tLS0tLS0tLS0tLS0tLS0tL++9qxfo7f\/+\/488Hv717+7+9vXB+Mz5\/+ePrxXvn1r++WVT4YtLS0tLS0tLS0tLS0L9Ee15DtusiH4nq0o7y3KK47Lq\/M8PToGLS0tLS0tLS0tLS0tG\/RFkUT9X0ussR6Y4NvQ9MauIaNaGlpaWlpaWlpaWlp36c9r2m6K36WvZcQMeUNl\/XKCWhpaWlpaWlpaWlpaWm7aG4JEVPsmD5LorD8euaXaWlpaWlpaWlpaWlpX6tt8WmzFDZek4JHd4yj22P+VI0oLS0tLS0tLS0tLS3tr65tu5T8t\/\/8bE8VWlpaWlpaWlpaWlraX1S7+Sw5uH2a7sjxZC7RXFKGdwxaWlpaWlpaWlpaWtpna8+uaPKj3ch14S+a8i\/pwaZYs+QDj5vsHi0tLS0tLS0tLS0t7RO1e1l6ZUcuHU6WaWuzVGculZhlc1paWlpaWlpaWlpa2mdr98WQ+ynY7bC0NOw613guS33ZU4WWlpaWlpaWlpaWlvZ52tGVQLbaGlmWXpAf31h4KXBNeT5aWlpaWlpaWlpaWtqnaxdybv545GtypWgyXXWrFZtpPHYOPmlpaWlpaWlpaWlpaV+gzRm1WZqRtLFeOcssgNSlJL2SP7S0tLS0tLS0tLS0tE\/XHqHl4wiX3uamNWQ50AixY\/07dG1Jxn2NKC0tLS0tLS0tLS0t7VO0yVgqMc\/cEHLT2n98PkjNKetU7etPtLS0tLS0tLS0tLS0b9GmXF2qg1wKLsvdttQLsv4JUjOSctK7LiW0tLS0tLS0tLS0tLSP0u7vrJV8W+m4P+5yhEvP\/2bfcpNu0tLS0tLS0tLS0tLSvks7r3m5ss9RekamXN3iyTnCY\/s03cyjpaWlpaWlpaWlpaV9tnbh5Y77syTiSv3l3PaRTBt9hJIp7qSlpaWlpaWlpaWlpX2Jdql+XKLDusXd0\/1U7fmDv9LS0tLS0tLS0tLS0r5E2+yYgsrUgqTUaTYhYmpk0qYHaWlpaWlpaWlpaWlp36NNHSBzf8jRNZNcbs3N3KokDWkrxZrju+6RtLS0tLS0tLS0tLS0z9BmyhHaStY1lwrL6zopuze6XiezzMjuokhaWlpaWlpaWlpaWtonameJItv4r4R5Z3e3rb5yDQxnmO3WBJW0tLS0tLS0tLS0tLTP19bVN3PS0k+7C3MljVizgMseX8e8tLS0tLS0tLS0tLS0T9HWFN8mJXeGUx1llU1hZnP69hi0tLS0tLS0tLS0tLRP1y61lmUodm0y0mYBN31Nmvxdei+EnLS0tLS0tLS0tLS0tE\/WXgspRwklU6BZ+kjOchGuVFM2QWre\/KClpaWlpaWlpaWlpX2Ttt0n32NL0DosrV0l9\/dvOv3T0tLS0tLS0tLS0tK+RNt24W+ScyUBODeztJf12rizPTMtLS0tLS0tLS0tLe3TtTkSHCVOXK6rbWLHUVAluzdCI8r5zRRsWlpaWlpaWlpaWlraJ2rPbrkzkze34dq9a0eSb+NJWlpaWlpaWlpaWlrap2tTwLdk7a6B5kfCLj0tniUBOLbt\/uf1QLS0tLS0tLS0tLS0tC\/RHl0Lyblp7Z8a9ed8YAWUiHHkfWlpaWlpaWlpaWlpaV+hLYPRZmn5uGnPf+RIcB9PptzfJrKkpaWlpaWlpaWlpaV9hfbYXk1LE9hGmJN2dhm\/Wt6Z\/lRLeElLS0tLS0tLS0tLS\/sKbekKOXOf\/Tbq21yOO0J2r5RUjtRgkpaWlpaWlpaWlpaW9k3aUaLDVGGZAEvs2B7y7mndkpaWlpaWlpaWlpaW9mXa1Ogx5fk2vNrDJPelbC+9TVpaWlpaWlpaWlpa2rdqj3IvbnM1LR2ynQhwhFXOu7DxR3KRtLS0tLS0tLS0tLS0D9CWu22zxHXtoLW7LpM\/tMcoY9hoaWlpaWlpaWlpaWlfol3SauOzU+QoK6VX8lC15hJdrskco41taWlpaWlpaWlpaWlpn6wtHfxnqLXcJ\/Ga+27tJ8WYi5GWlpaWlpaWlpaWlvY92iybnwWSTdSXeCWeXJJ95+ZiXbl2R0tLS0tLS0tLS0tL+wLt0o8\/ZejyOOs6cm1BXT9NFjAFsyHGpKWlpaWlpaWlpaWlfba2pu7y\/bRdlWS6x5ZmA5Src7We82YKNi0tLS0tLS0tLS0t7fO0Nbe2VESWE5z5fJs83\/jq6lyOMWlpaWlpaWlpaWlpaV+gvcpSCWQT8JWvjbJAmqeW3GVzWlpaWlpaWlpaWlrat2i\/KLPMg62PUFw5csiZA8hmvRDH0tLS0tLS0tLS0tLSvkC7qXkcy6\/lG\/VAS\/uSRVECzRSkHrS0tLS0tLS0tLS0tC\/RFmMdtFbaQNYTbELEtrzz7K7OzZu7e7S0tLS0tLS0tLS0tE\/UphguuZsTpAf7q2555eO7KJKWlpaWlpaWlpaWlvZB2vTZttiP+bs8v7pmENtpa9dX7qouaWlpaWlpaWlpaWlpH6XdlE\/O0tA\/dRXJqbvZRZFnqez8sSnYtLS0tLS0tLS0tLS0z9PWadQLfhm+lqZgpygyTdW+O\/N9FElLS0tLS0tLS0tLS\/tIbVsvuQSBywmuOzaVky3vn9aI0tLS0tLS0tLS0tLSvkbbxnppMvZmx9S3\/7vMIC0tLS0tLS0tLS0t7Yu1bRHmUi\/ZJgBnCUNTp\/\/Eu5\/ZTUtLS0tLS0tLS0tL+zxtwpduj+Nz9VHmri2UkhQcpY9kiUqTipaWlpaWlpaWlpaW9unampwr1ZR1Cna+OlejyJweLJ46WpuWlpaWlpaWlpaWlvYt2v\/\/h5aWlpaWlpaWlpaWlpaWlpaWlpaWlpaWlpaWlpaWlpaWlpaWlpaWlpaWlpaWlpaWlpaWlpb2X9P+BtM+C3Lzww1bAAAAAElFTkSuQmCC",
            "ticket_url": "https:\/\/www.mercadopago.com.br\/payments\/25505849042\/ticket?caller_id=303821548&hash=5d9e22b6-5d76-4945-ad9b-85988623dd10",
            "transaction_id": null
        },
        "type": "OPENPLATFORM"
    },
    "pos_id": null,
    "processing_mode": "aggregator",
    "refunds": [],
    "shipping_amount": 0,
    "sponsor_id": 208686191,
    "statement_descriptor": null,
    "status": "pending",
    "status_detail": "pending_waiting_transfer",
    "store_id": null,
    "taxes_amount": 0,
    "transaction_amount": 87.0499999999999971578290569595992565155029296875,
    "transaction_amount_refunded": 0,
    "transaction_details": {
        "acquirer_reference": null,
        "bank_transfer_id": null,
        "external_resource_url": null,
        "financial_institution": null,
        "installment_amount": 0,
        "net_received_amount": 0,
        "overpaid_amount": 0,
        "payable_deferral_period": null,
        "payment_method_reference_id": null,
        "total_paid_amount": 87.0499999999999971578290569595992565155029296875,
        "transaction_id": null
    }
}
09-05-2022 @ 18:14:55 - [successful_request]: Changing order status to: pending
09-05-2022 @ 18:16:45 - [check_ipn_response]: received _get content: {
    "data_id": "25505849042",
    "source_news": "webhooks",
    "type": "payment"
}
09-05-2022 @ 18:16:45 - [successful_request]: starting to process  update...
09-05-2022 @ 18:16:45 - [successful_request]: updating metadata and status with data: {
    "acquirer_reconciliation": [],
    "additional_info": {
        "authentication_code": null,
        "available_balance": null,
        "bank_info": {
            "is_same_bank_account_owner": false
        },
        "items": [
            {
                "category_id": "others",
                "description": "Ideal-para-voce-que-deseja-inovar-no-sabor-das-suas-deliciosas-sobremesas-finalizando-com-um-toque-extra-crocante.-Voce-ainda-pode-experimentar-em-vitaminas-massas-de-tortas-cobertura-de-bolos-e-onde-mais-preferir.-Surpree",
                "id": "199",
                "picture_url": "https:\/\/www.sekiama.com.br\/wp-content\/uploads\/2021\/11\/doce-Frente-1.png",
                "quantity": "1",
                "title": "Farofa Doce x 1",
                "unit_price": "19.8"
            },
            {
                "category_id": "others",
                "description": "Por-ser-incrivelmente-saborosa-a-Farofa-com-muita-cebola-crocante-e-a-campea-de-vendas-conquistando-todos-os-paladares.-Nesta-nobre-preparacao-a-farinha-de-mandioca-absorve-o-incrivel-sabor-da-cebola-fresca-resultando-em",
                "id": "195",
                "picture_url": "https:\/\/www.sekiama.com.br\/wp-content\/uploads\/2021\/11\/cebola-frente-1.png",
                "quantity": "1",
                "title": "Farofa com Muita Cebola x 1",
                "unit_price": "17.2"
            },
            {
                "category_id": "others",
                "description": "A-Farofa-com-muitas-sementes-e-incrivel-e-vai-te-saciar-de-forma-natural-e-saudavel.-As-sementes-permitem-melhorar-o-seu-consumo-de-fibras-e-micronutrientes.-Voce-vai-amar-o-resultado-crocante-saboroso-e-saudavel-desta-Faro",
                "id": "194",
                "picture_url": "https:\/\/www.sekiama.com.br\/wp-content\/uploads\/2021\/11\/sementes-Frente-1.png",
                "quantity": "1",
                "title": "Farofa com Muitas Sementes x 1",
                "unit_price": "18.2"
            },
            {
                "category_id": "others",
                "description": "Temperada-do-jeito-que-amamos-comer-farofa.-A-Faropop-Temperada-e-uma-das-farofas-tradicionais-que-combina-com-qualquer-refeicao.-span-stylecolor-a81414strongIngredientes-strongspanFarinha-de-Mandioca-Gor",
                "id": "200",
                "picture_url": "https:\/\/www.sekiama.com.br\/wp-content\/uploads\/2021\/11\/tradicional-frente.png",
                "quantity": "1",
                "title": "Faropop x 1",
                "unit_price": "14.2"
            },
            {
                "category_id": "others",
                "description": "Serviço de envio usado pela loja.",
                "id": null,
                "picture_url": null,
                "quantity": "1",
                "title": "Sedex (Entrega em 3 dias úteis)",
                "unit_price": "17.65"
            }
        ],
        "nsu_processadora": null,
        "payer": {
            "address": {
                "street_name": "Rua Dr João Batista De Lacerda 693 \/ São Paulo SP BR",
                "zip_code": "03177-010"
            },
            "first_name": "Adriana",
            "last_name": "Midori Chibana",
            "phone": {
                "number": "(11"
            }
        },
        "shipments": {
            "receiver_address": {
                "city_name": "São Paulo",
                "state_name": "SP",
                "street_name": "Rua Dr João Batista De Lacerda 693  São Paulo SP BR",
                "zip_code": "03177-010"
            }
        }
    },
    "authorization_code": null,
    "binary_mode": false,
    "brand_id": null,
    "build_version": "2.109.0",
    "call_for_authorize_id": null,
    "callback_url": null,
    "captured": true,
    "card": [],
    "charges_details": [],
    "collector_id": 163745094,
    "corporation_id": null,
    "counter_currency": null,
    "coupon_amount": 0,
    "currency_id": "BRL",
    "date_approved": "2022-09-05T17:16:40.000-04:00",
    "date_created": "2022-09-05T17:14:53.000-04:00",
    "date_last_updated": "2022-09-05T17:16:40.000-04:00",
    "date_of_expiration": "2022-09-05T17:44:54.000-04:00",
    "deduction_schema": null,
    "description": "Farofa Doce x 1, Farofa com Muita Cebola x 1, Farofa com Muitas Sementes x 1, Faropop x 1",
    "differential_pricing_id": null,
    "external_reference": "WC-13905",
    "fee_details": [
        {
            "amount": 0.85999999999999998667732370449812151491641998291015625,
            "fee_payer": "collector",
            "type": "mercadopago_fee"
        }
    ],
    "id": 25505849042,
    "installments": 1,
    "integrator_id": null,
    "issuer_id": null,
    "live_mode": true,
    "marketplace_owner": null,
    "merchant_account_id": null,
    "merchant_number": null,
    "metadata": {
        "basic_settings": {
            "ex_payments_debelo": "yes",
            "checkout_credential_prod": "deprecated",
            "checkbox_checkout_test_mode": "yes",
            "method": "redirect",
            "ex_payments_amex": "yes",
            "gateway_discount_checkbox": "no",
            "enabled": "no",
            "ex_payments_master": "yes",
            "ex_payments_pec": "yes",
            "ex_payments_visa": "yes",
            "ex_payments_bolbradesco": "yes",
            "commission_checkbox": "no",
            "binary_mode": "no",
            "currency_conversion": "no",
            "installments": "1",
            "ex_payments_debvisa": "yes",
            "ex_payments_elo": "yes",
            "auto_return": "yes",
            "ex_payments_hipercard": "yes"
        },
        "checkout_type": "pix",
        "seller_website": "https:\/\/www.sekiama.com.br",
        "billing_address": {
            "city_name": "São Paulo",
            "state_name": "SP",
            "country_name": "BR",
            "street_name": "Rua Dr João Batista De Lacerda 693",
            "zip_code": "03177-010"
        },
        "module_version": "6.1.0",
        "sponsor_id": 208686191,
        "collector": "163745094",
        "platform": "bo2hnr2ic4p001kbgpt0",
        "ticket_settings": [],
        "platform_version": "6.8.2",
        "test_mode": false,
        "site_id": "mlb",
        "custom_settings": {
            "checkout_credential_prod": "deprecated",
            "wallet_button": "yes",
            "commission_checkbox": "no",
            "checkbox_checkout_test_mode": "yes",
            "binary_mode": "no",
            "currency_conversion": "no",
            "coupon_mode": "no",
            "gateway_discount_checkbox": "no",
            "enabled": "yes"
        },
        "pix_settings": {
            "enabled": "yes"
        },
        "details": "",
        "checkout": "custom",
        "user": {
            "user_email": null,
            "registered_user": "no",
            "user_registration_date": null
        }
    },
    "money_release_date": "2022-09-05T17:16:40.000-04:00",
    "money_release_schema": null,
    "money_release_status": null,
    "notification_url": "https:\/\/www.sekiama.com.br\/wc-api\/WC_WooMercadoPago_Pix_Gateway\/?source_news=webhooks",
    "operation_type": "regular_payment",
    "order": [],
    "payer": {
        "email": "midorichibana@gmail.com",
        "entity_type": null,
        "first_name": null,
        "id": "303821548",
        "identification": {
            "number": "28667741833",
            "type": "CPF"
        },
        "last_name": null,
        "operator_id": null,
        "phone": {
            "area_code": null,
            "extension": null,
            "number": null
        },
        "type": null
    },
    "payment_method_id": "pix",
    "payment_type_id": "bank_transfer",
    "platform_id": "bo2hnr2ic4p001kbgpt0",
    "point_of_interaction": {
        "application_data": {
            "name": null,
            "version": null
        },
        "business_info": {
            "sub_unit": "woocommerce",
            "unit": "online_payments"
        },
        "location": {
            "source": null,
            "state_id": null
        },
        "sub_type": "INTER_PSP",
        "transaction_data": {
            "bank_info": {
                "collector": {
                    "account_holder_name": "Thiago Erminio Victor",
                    "account_id": 55972707790,
                    "long_name": "Mercadopago.com Representações Ltda.",
                    "transfer_account_id": null
                },
                "is_same_bank_account_owner": false,
                "origin_bank_id": null,
                "origin_wallet_id": null,
                "payer": {
                    "account_id": 17753,
                    "external_account_id": null,
                    "id": null,
                    "long_name": "Itaú Unibanco S.A."
                }
            },
            "bank_transfer_id": 1465512396,
            "financial_institution": 1,
            "infringement_notification": {
                "status": null,
                "type": null
            },
            "qr_code": "00020126580014br.gov.bcb.pix01365c772f2f-4a19-4c09-91f1-461d82801da0520400005303986540587.055802BR5913THIAGOERMINIO6008So Paulo62240520mpqrinter255058490426304570F",
            "qr_code_base64": "iVBORw0KGgoAAAANSUhEUgAABWQAAAVkAQAAAAB79iscAAAIwUlEQVR42u3dQY7kNgwFUN3A97+lb6AgQYK4xE+5JhMEGfvVYtA9dklPvSNIkWP+Qp9z0NLS0tLS0tLS0tLS0tLS0tLS0tLS0tLS0tLS0tLS0tLS0tLS0tLS0tLS0tLS0tLS0tLS0tL++9qxfo7f\/+\/488Hv717+7+9vXB+Mz5\/+ePrxXvn1r++WVT4YtLS0tLS0tLS0tLS0L9Ee15DtusiH4nq0o7y3KK47Lq\/M8PToGLS0tLS0tLS0tLS0tG\/RFkUT9X0ussR6Y4NvQ9MauIaNaGlpaWlpaWlpaWlp36c9r2m6K36WvZcQMeUNl\/XKCWhpaWlpaWlpaWlpaWm7aG4JEVPsmD5LorD8euaXaWlpaWlpaWlpaWlpX6tt8WmzFDZek4JHd4yj22P+VI0oLS0tLS0tLS0tLS3tr65tu5T8t\/\/8bE8VWlpaWlpaWlpaWlraX1S7+Sw5uH2a7sjxZC7RXFKGdwxaWlpaWlpaWlpaWtpna8+uaPKj3ch14S+a8i\/pwaZYs+QDj5vsHi0tLS0tLS0tLS0t7RO1e1l6ZUcuHU6WaWuzVGculZhlc1paWlpaWlpaWlpa2mdr98WQ+ynY7bC0NOw613guS33ZU4WWlpaWlpaWlpaWlvZ52tGVQLbaGlmWXpAf31h4KXBNeT5aWlpaWlpaWlpaWtqnaxdybv545GtypWgyXXWrFZtpPHYOPmlpaWlpaWlpaWlpaV+gzRm1WZqRtLFeOcssgNSlJL2SP7S0tLS0tLS0tLS0tE\/XHqHl4wiX3uamNWQ50AixY\/07dG1Jxn2NKC0tLS0tLS0tLS0t7VO0yVgqMc\/cEHLT2n98PkjNKetU7etPtLS0tLS0tLS0tLS0b9GmXF2qg1wKLsvdttQLsv4JUjOSctK7LiW0tLS0tLS0tLS0tLSP0u7vrJV8W+m4P+5yhEvP\/2bfcpNu0tLS0tLS0tLS0tLSvks7r3m5ss9RekamXN3iyTnCY\/s03cyjpaWlpaWlpaWlpaV9tnbh5Y77syTiSv3l3PaRTBt9hJIp7qSlpaWlpaWlpaWlpX2Jdql+XKLDusXd0\/1U7fmDv9LS0tLS0tLS0tLS0r5E2+yYgsrUgqTUaTYhYmpk0qYHaWlpaWlpaWlpaWlp36NNHSBzf8jRNZNcbs3N3KokDWkrxZrju+6RtLS0tLS0tLS0tLS0z9BmyhHaStY1lwrL6zopuze6XiezzMjuokhaWlpaWlpaWlpaWtonameJItv4r4R5Z3e3rb5yDQxnmO3WBJW0tLS0tLS0tLS0tLTP19bVN3PS0k+7C3MljVizgMseX8e8tLS0tLS0tLS0tLS0T9HWFN8mJXeGUx1llU1hZnP69hi0tLS0tLS0tLS0tLRP1y61lmUodm0y0mYBN31Nmvxdei+EnLS0tLS0tLS0tLS0tE\/WXgspRwklU6BZ+kjOchGuVFM2QWre\/KClpaWlpaWlpaWlpX2Ttt0n32NL0DosrV0l9\/dvOv3T0tLS0tLS0tLS0tK+RNt24W+ScyUBODeztJf12rizPTMtLS0tLS0tLS0tLe3TtTkSHCVOXK6rbWLHUVAluzdCI8r5zRRsWlpaWlpaWlpaWlraJ2rPbrkzkze34dq9a0eSb+NJWlpaWlpaWlpaWlrap2tTwLdk7a6B5kfCLj0tniUBOLbt\/uf1QLS0tLS0tLS0tLS0tC\/RHl0Lyblp7Z8a9ed8YAWUiHHkfWlpaWlpaWlpaWlpaV+hLYPRZmn5uGnPf+RIcB9PptzfJrKkpaWlpaWlpaWlpaV9hfbYXk1LE9hGmJN2dhm\/Wt6Z\/lRLeElLS0tLS0tLS0tLS\/sKbekKOXOf\/Tbq21yOO0J2r5RUjtRgkpaWlpaWlpaWlpaW9k3aUaLDVGGZAEvs2B7y7mndkpaWlpaWlpaWlpaW9mXa1Ogx5fk2vNrDJPelbC+9TVpaWlpaWlpaWlpa2rdqj3IvbnM1LR2ynQhwhFXOu7DxR3KRtLS0tLS0tLS0tLS0D9CWu22zxHXtoLW7LpM\/tMcoY9hoaWlpaWlpaWlpaWlfol3SauOzU+QoK6VX8lC15hJdrskco41taWlpaWlpaWlpaWlpn6wtHfxnqLXcJ\/Ga+27tJ8WYi5GWlpaWlpaWlpaWlvY92iybnwWSTdSXeCWeXJJ95+ZiXbl2R0tLS0tLS0tLS0tL+wLt0o8\/ZejyOOs6cm1BXT9NFjAFsyHGpKWlpaWlpaWlpaWlfba2pu7y\/bRdlWS6x5ZmA5Src7We82YKNi0tLS0tLS0tLS0t7fO0Nbe2VESWE5z5fJs83\/jq6lyOMWlpaWlpaWlpaWlpaV+gvcpSCWQT8JWvjbJAmqeW3GVzWlpaWlpaWlpaWlrat2i\/KLPMg62PUFw5csiZA8hmvRDH0tLS0tLS0tLS0tLSvkC7qXkcy6\/lG\/VAS\/uSRVECzRSkHrS0tLS0tLS0tLS0tC\/RFmMdtFbaQNYTbELEtrzz7K7OzZu7e7S0tLS0tLS0tLS0tE\/UphguuZsTpAf7q2555eO7KJKWlpaWlpaWlpaWlvZB2vTZttiP+bs8v7pmENtpa9dX7qouaWlpaWlpaWlpaWlpH6XdlE\/O0tA\/dRXJqbvZRZFnqez8sSnYtLS0tLS0tLS0tLS0z9PWadQLfhm+lqZgpygyTdW+O\/N9FElLS0tLS0tLS0tLS\/tIbVsvuQSBywmuOzaVky3vn9aI0tLS0tLS0tLS0tLSvkbbxnppMvZmx9S3\/7vMIC0tLS0tLS0tLS0t7Yu1bRHmUi\/ZJgBnCUNTp\/\/Eu5\/ZTUtLS0tLS0tLS0tL+zxtwpduj+Nz9VHmri2UkhQcpY9kiUqTipaWlpaWlpaWlpaW9unampwr1ZR1Cna+OlejyJweLJ46WpuWlpaWlpaWlpaWlvYt2v\/\/h5aWlpaWlpaWlpaWlpaWlpaWlpaWlpaWlpaWlpaWlpaWlpaWlpaWlpaWlpaWlpaWlpaWlpb2X9P+BtM+C3Lzww1bAAAAAElFTkSuQmCC",
            "ticket_url": "https:\/\/www.mercadopago.com.br\/payments\/25505849042\/ticket?caller_id=303821548&hash=5d9e22b6-5d76-4945-ad9b-85988623dd10",
            "transaction_id": "PIXE60701190202209052116DY59TEEEDMU"
        },
        "type": "OPENPLATFORM"
    },
    "pos_id": null,
    "processing_mode": "aggregator",
    "refunds": [],
    "shipping_amount": 0,
    "sponsor_id": 208686191,
    "statement_descriptor": null,
    "status": "approved",
    "status_detail": "accredited",
    "store_id": null,
    "taxes_amount": 0,
    "transaction_amount": 87.0499999999999971578290569595992565155029296875,
    "transaction_amount_refunded": 0,
    "transaction_details": {
        "acquirer_reference": null,
        "bank_transfer_id": 1465512396,
        "external_resource_url": null,
        "financial_institution": "1",
        "installment_amount": 0,
        "net_received_amount": 86.18999999999999772626324556767940521240234375,
        "overpaid_amount": 0,
        "payable_deferral_period": null,
        "payment_method_reference_id": null,
        "total_paid_amount": 87.0499999999999971578290569595992565155029296875,
        "transaction_id": "PIXE60701190202209052116DY59TEEEDMU"
    }
}
09-05-2022 @ 18:16:45 - [successful_request]: Changing order status to: processing
