08-18-2022 @ 21:05:57 - [process_payment]: Payment via Pix POST: 
08-18-2022 @ 21:05:57 - [Created preference: ]: Preference: {
    "binary_mode": false,
    "external_reference": "WC-13879",
    "notification_url": "https:\/\/www.sekiama.com.br\/wc-api\/WC_WooMercadoPago_Pix_Gateway\/?source_news=webhooks",
    "statement_descriptor": "Sekiama MP",
    "sponsor_id": 208686191,
    "date_of_expiration": "2022-08-19T00:35:57.000+0000",
    "transaction_amount": 60.25999999999999801048033987171947956085205078125,
    "description": "Farofa com Muita Cebola x 2",
    "payment_method_id": "pix",
    "payer": {
        "email": "anabmcosta@hotmail.com",
        "first_name": "Ana Paula",
        "last_name": "Morais Costa",
        "address": {
            "zip_code": "28908-060",
            "street_name": "Av vereador Manoel Antunes",
            "street_number": "",
            "neighborhood": "",
            "city": "Cabo Frio",
            "federal_unit": "RJ"
        }
    },
    "additional_info": {
        "items": [
            {
                "id": 195,
                "title": "Farofa com Muita Cebola x 2",
                "description": "Por-ser-incrivelmente-saborosa-a-Farofa-com-muita-cebola-crocante-e-a-campea-de-vendas-conquistando-todos-os-paladares.-Nesta-nobre-preparacao-a-farinha-de-mandioca-absorve-o-incrivel-sabor-da-cebola-fresca-resultando-em",
                "picture_url": "https:\/\/www.sekiama.com.br\/wp-content\/uploads\/2021\/11\/cebola-frente-1.png",
                "category_id": "others",
                "quantity": 1,
                "unit_price": 34.39999999999999857891452847979962825775146484375
            },
            {
                "title": "PAC (Entrega em 8 dias úteis)",
                "description": "Serviço de envio usado pela loja.",
                "category_id": "others",
                "quantity": 1,
                "unit_price": 25.8599999999999994315658113919198513031005859375
            }
        ],
        "payer": {
            "first_name": "Ana Paula",
            "last_name": "Morais Costa",
            "phone": {
                "number": "(31) 99134-6886"
            },
            "address": {
                "zip_code": "28908-060",
                "street_name": "Av vereador Manoel Antunes \/ Cabo Frio RJ BR"
            }
        },
        "shipments": {
            "receiver_address": {
                "zip_code": "28908-060",
                "street_name": "Av vereador Manoel Antunes Apt 205- Ed Cores do mar Cabo Frio RJ BR",
                "apartment": "Apt 205- Ed Cores do mar",
                "city_name": "Cabo Frio",
                "state_name": "RJ"
            }
        }
    },
    "metadata": {
        "platform": "bo2hnr2ic4p001kbgpt0",
        "platform_version": "6.8.0",
        "module_version": "6.0.2",
        "site_id": "mlb",
        "sponsor_id": 208686191,
        "collector": "163745094",
        "test_mode": false,
        "details": "",
        "basic_settings": {
            "enabled": "no",
            "currency_conversion": "no",
            "installments": "1",
            "method": "redirect",
            "auto_return": "yes",
            "binary_mode": "no",
            "ex_payments_master": "yes",
            "ex_payments_hipercard": "yes",
            "ex_payments_amex": "yes",
            "ex_payments_elo": "yes",
            "ex_payments_visa": "yes",
            "ex_payments_debvisa": "yes",
            "ex_payments_debelo": "yes",
            "ex_payments_pec": "yes",
            "ex_payments_bolbradesco": "yes",
            "gateway_discount_checkbox": "no",
            "commission_checkbox": "no",
            "checkbox_checkout_test_mode": "yes",
            "checkout_credential_prod": "deprecated"
        },
        "custom_settings": {
            "enabled": "yes",
            "currency_conversion": "no",
            "wallet_button": "yes",
            "coupon_mode": "no",
            "binary_mode": "no",
            "gateway_discount_checkbox": "no",
            "commission_checkbox": "no",
            "checkbox_checkout_test_mode": "yes",
            "checkout_credential_prod": "deprecated"
        },
        "ticket_settings": [],
        "pix_settings": {
            "enabled": "yes"
        },
        "seller_website": "https:\/\/www.sekiama.com.br",
        "billing_address": {
            "zip_code": "28908-060",
            "street_name": "Av vereador Manoel Antunes",
            "city_name": "Cabo Frio",
            "state_name": "RJ",
            "country_name": "BR"
        },
        "user": {
            "registered_user": "no",
            "user_email": null,
            "user_registration_date": null
        },
        "checkout": "custom",
        "checkout_type": "pix"
    }
}
08-18-2022 @ 21:05:58 - [create_preference]: Created Preference: {
    "status": 201,
    "response": {
        "id": 25008040877,
        "date_created": "2022-08-18T20:05:56.758-04:00",
        "date_approved": null,
        "date_last_updated": "2022-08-18T20:05:56.758-04:00",
        "date_of_expiration": "2022-08-18T20:35:57.000-04:00",
        "money_release_date": null,
        "money_release_status": null,
        "operation_type": "regular_payment",
        "issuer_id": null,
        "payment_method_id": "pix",
        "payment_type_id": "bank_transfer",
        "status": "pending",
        "status_detail": "pending_waiting_transfer",
        "currency_id": "BRL",
        "description": "Farofa com Muita Cebola x 2",
        "live_mode": true,
        "sponsor_id": 208686191,
        "authorization_code": null,
        "money_release_schema": null,
        "taxes_amount": 0,
        "counter_currency": null,
        "brand_id": null,
        "shipping_amount": 0,
        "build_version": "2.107.4",
        "pos_id": null,
        "store_id": null,
        "integrator_id": null,
        "platform_id": "bo2hnr2ic4p001kbgpt0",
        "corporation_id": null,
        "collector_id": 163745094,
        "payer": {
            "type": null,
            "id": "212135655",
            "operator_id": null,
            "email": null,
            "identification": {
                "type": null,
                "number": null
            },
            "phone": {
                "area_code": null,
                "number": null,
                "extension": null
            },
            "first_name": null,
            "last_name": null,
            "entity_type": null
        },
        "marketplace_owner": null,
        "metadata": {
            "basic_settings": {
                "ex_payments_debelo": "yes",
                "checkout_credential_prod": "deprecated",
                "checkbox_checkout_test_mode": "yes",
                "method": "redirect",
                "ex_payments_amex": "yes",
                "gateway_discount_checkbox": "no",
                "enabled": "no",
                "ex_payments_master": "yes",
                "ex_payments_visa": "yes",
                "ex_payments_pec": "yes",
                "ex_payments_bolbradesco": "yes",
                "commission_checkbox": "no",
                "currency_conversion": "no",
                "installments": "1",
                "binary_mode": "no",
                "ex_payments_debvisa": "yes",
                "ex_payments_elo": "yes",
                "auto_return": "yes",
                "ex_payments_hipercard": "yes"
            },
            "checkout_type": "pix",
            "seller_website": "https:\/\/www.sekiama.com.br",
            "billing_address": {
                "city_name": "Cabo Frio",
                "state_name": "RJ",
                "country_name": "BR",
                "zip_code": "28908-060",
                "street_name": "Av vereador Manoel Antunes"
            },
            "module_version": "6.0.2",
            "sponsor_id": 208686191,
            "platform": "bo2hnr2ic4p001kbgpt0",
            "collector": "163745094",
            "ticket_settings": [],
            "platform_version": "6.8.0",
            "test_mode": false,
            "site_id": "mlb",
            "custom_settings": {
                "wallet_button": "yes",
                "checkout_credential_prod": "deprecated",
                "commission_checkbox": "no",
                "checkbox_checkout_test_mode": "yes",
                "currency_conversion": "no",
                "binary_mode": "no",
                "coupon_mode": "no",
                "gateway_discount_checkbox": "no",
                "enabled": "yes"
            },
            "pix_settings": {
                "enabled": "yes"
            },
            "details": "",
            "user": {
                "user_email": null,
                "registered_user": "no",
                "user_registration_date": null
            },
            "checkout": "custom"
        },
        "additional_info": {
            "items": [
                {
                    "id": "195",
                    "title": "Farofa com Muita Cebola x 2",
                    "description": "Por-ser-incrivelmente-saborosa-a-Farofa-com-muita-cebola-crocante-e-a-campea-de-vendas-conquistando-todos-os-paladares.-Nesta-nobre-preparacao-a-farinha-de-mandioca-absorve-o-incrivel-sabor-da-cebola-fresca-resultando-em",
                    "picture_url": "https:\/\/www.sekiama.com.br\/wp-content\/uploads\/2021\/11\/cebola-frente-1.png",
                    "category_id": "others",
                    "quantity": "1",
                    "unit_price": "34.4"
                },
                {
                    "id": null,
                    "title": "PAC (Entrega em 8 dias úteis)",
                    "description": "Serviço de envio usado pela loja.",
                    "picture_url": null,
                    "category_id": "others",
                    "quantity": "1",
                    "unit_price": "25.86"
                }
            ],
            "payer": {
                "phone": {
                    "number": "(31) 99134-6886"
                },
                "address": {
                    "zip_code": "28908-060",
                    "street_name": "Av vereador Manoel Antunes \/ Cabo Frio RJ BR"
                },
                "first_name": "Ana Paula",
                "last_name": "Morais Costa"
            },
            "shipments": {
                "receiver_address": {
                    "zip_code": "28908-060",
                    "state_name": "RJ",
                    "city_name": "Cabo Frio",
                    "street_name": "Av vereador Manoel Antunes Apt 205- Ed Cores do mar Cabo Frio RJ BR",
                    "apartment": "Apt 205- Ed Cores do mar"
                }
            },
            "available_balance": null,
            "nsu_processadora": null,
            "authentication_code": null
        },
        "order": [],
        "external_reference": "WC-13879",
        "transaction_amount": 60.25999999999999801048033987171947956085205078125,
        "transaction_amount_refunded": 0,
        "coupon_amount": 0,
        "differential_pricing_id": null,
        "deduction_schema": null,
        "callback_url": null,
        "installments": 1,
        "transaction_details": {
            "payment_method_reference_id": null,
            "net_received_amount": 0,
            "total_paid_amount": 60.25999999999999801048033987171947956085205078125,
            "overpaid_amount": 0,
            "external_resource_url": null,
            "installment_amount": 0,
            "financial_institution": null,
            "payable_deferral_period": null,
            "acquirer_reference": null,
            "bank_transfer_id": null,
            "transaction_id": null
        },
        "fee_details": [],
        "charges_details": [],
        "captured": true,
        "binary_mode": false,
        "call_for_authorize_id": null,
        "statement_descriptor": null,
        "card": [],
        "notification_url": "https:\/\/www.sekiama.com.br\/wc-api\/WC_WooMercadoPago_Pix_Gateway\/?source_news=webhooks",
        "refunds": [],
        "processing_mode": "aggregator",
        "merchant_account_id": null,
        "merchant_number": null,
        "acquirer_reconciliation": [],
        "point_of_interaction": {
            "type": "OPENPLATFORM",
            "business_info": {
                "unit": "online_payments",
                "sub_unit": "woocommerce"
            },
            "location": {
                "state_id": null,
                "source": null
            },
            "application_data": {
                "name": null,
                "version": null
            },
            "transaction_data": {
                "qr_code": "00020126580014br.gov.bcb.pix01365c772f2f-4a19-4c09-91f1-461d82801da0520400005303986540560.265802BR5913THIAGOERMINIO6008So Paulo62240520mpqrinter2500804087763049DEE",
                "bank_transfer_id": null,
                "transaction_id": null,
                "financial_institution": null,
                "ticket_url": "https:\/\/www.mercadopago.com.br\/payments\/25008040877\/ticket?caller_id=212135655&hash=1e29f393-0a53-4da6-82d9-1050ee6b9eec",
                "bank_info": {
                    "payer": {
                        "account_id": null,
                        "id": null,
                        "long_name": null,
                        "external_account_id": null
                    },
                    "collector": {
                        "account_id": null,
                        "long_name": null,
                        "account_holder_name": "Thiago Erminio Victor",
                        "transfer_account_id": null
                    },
                    "is_same_bank_account_owner": null,
                    "origin_bank_id": null,
                    "origin_wallet_id": null
                },
                "qr_code_base64": "iVBORw0KGgoAAAANSUhEUgAABWQAAAVkAQAAAAB79iscAAAIuklEQVR42u3dUY6kRgwG4LoB978lNyDaaJVpyr8LZrOKsvDxMJpuoPjoN8suexx\/0LEPWlpaWlpaWlpaWlpaWlpaWlpaWlpaWlpaWlpaWlpaWlpaWlpaWlpaWlpaWlpaWlpaWlpaWtrfrx3zsf34bvt54se1H9993fH3ic8Fts+lfp7dy3Vf3\/1cby\/3fq1HS0tLS0tLS0tLS0v7Eu32GbJ9LnI6\/rn1hN8L7\/PZ6ZIjnN06Bi0tLS0tLS0tLS0t7Vu0UwC5iPo+k26jfGzxbWhaA9eCp6WlpaWlpaWlpaWlfaN2HfrVpGDBHyXZ9xWLljegpaWlpaWlpaWlpaWl7aK5KUScUKM7pkRh+bjni2lpaWlpaWlpaWlpaV+rbfFtqWRxb1dlm9Ml6btfqxGlpaWlpaWlpaWlpaX907Vtl5L\/9s+\/7alCS0tLS0tLS0tLS0v7h2oXx77oUlIu2bp48iiekjK8YtDS0tLS0tLS0tLS0j5bu3dFkyO357\/VlL+mAtNLlnzgdpHdo6WlpaWlpaWlpaWlfaJ2JWtnrN0gfwaLXwscpTpzCjRDX0paWlpaWlpaWlpaWtpna\/dca\/m5yGW7\/+nZadh1rvGclrrqUkJLS0tLS0tLS0tLS\/tEbRMiXmmnZ2\/nE\/WOiZcC15Tno6WlpaWlpaWlpaWlfb52z+1BcqrtKOm8RTzZVGymwDUHn7S0tLS0tLS0tLS0tK\/QHmG8Wq2rTCtNhZSFfOSazLDfrT78oKWlpaWlpaWlpaWlfYk2LTIFkLkh5OgUUzXlcS7HPO60JRnXMwhoaWlpaWlpaWlpaWkfpS1BZVs02Wx6Kwm7cd7glppTnqZll\/9oaWlpaWlpaWlpaWnfok15uVIH2ZZojryPrbgrrwzA3vJPRUtLS0tLS0tLS0tL+zJtig5TG8hyXQpDxzm8HN29p+Fr1zMIaGlpaWlpaWlpaWlpH6adKiJrdJg687fpvOIe3U661OZkxO10tLS0tLS0tLS0tLS0T9am3WvluzTneiqarAnA6cdIi6blb+\/do6WlpaWlpaWlpaWlfYp2qn4c4dbatKTtZrL+kwPIIw\/epqWlpaWlpaWlpaWlfZO2eWyO8OpuuPTYHIE2EwFyYSYtLS0tLS0tLS0tLe1btFPN49WetdRpJDX+34KinZY9pRs3WlpaWlpaWlpaWlral2hL\/m7VLrLd5baApiaRza656yiSlpaWlpaWlpaWlpb2idpjEUWWbW173g13NZptX6ycZrvR0tLS0tLS0tLS0tK+SbvqKpISgKkNZLkjrbedHznhm\/CSlpaWlpaWlpaWlpb2+dqjCwe3WAI5k1OwOMKRZMW4x7pPWlpaWlpaWlpaWlraJ2tL+eSq436Zu9aUVE6Ltvm7dF0IOWlpaWlpaWlpaWlpaZ+sLaWSo6u\/3ELp5Sij1HJ7\/r2snOs061laWlpaWlpaWlpaWtqna9vnJNnncu1mtnaVLacMS3i597vhaGlpaWlpaWlpaWlpn6htu\/Cn\/iJ7aVqS83zp1fZF3Nm+My0tLS0tLS0tLS0t7dO1ORKcUnfp7I3YsVZY5qTg\/SiSlpaWlpaWlpaWlpb2idq9W24v5BLhHdex4\/Gd19juTMGmpaWlpaWlpaWlpaV9lHa662qw9ddK+2IodskRHue8YQ1h089HS0tLS0tLS0tLS0v7Cm0pmty6yLIB5BBxBSi1lvUnuFl1SUtLS0tLS0tLS0tL+wDtlM6bnr1O06VKzFQ+maopPxfdl5ElLS0tLS0tLS0tLS3ts7UlYtxKIi4lAHP3kToxraBOpZztRDdaWlpaWlpaWlpaWtr3aEtryD2Hg20OLr\/kuulkSi2e3oCWlpaWlpaWlpaWlvZN2pOilF42Y6+nMPTqti0PVZuKOsvPQktLS0tLS0tLS0tL+x5trassqzdhYz4x8pve2jW309LS0tLS0tLS0tLSvku7ncPB1p06jaRwMGX3pk10k3u1sY6WlpaWlpaWlpaWlvbp2mkzWzqRFl7XX7ZLparLMtZtXEzBpqWlpaWlpaWlpaWlfZh2SquNxYi0HCfu3R2pI8mRt9il6JWWlpaWlpaWlpaWlvYl2qap4yTLSbyjK8JcHSnGnIy0tLS0tLS0tLS0tLRv0h7n2sgR2pK0PUdOoWSOQKdkXzvRbSvb7mhpaWlpaWlpaWlpaV+h\/WStZ1ofpfvIYs517U2S3qVNMnZVl7S0tLS0tLS0tLS0tE\/Ubjmdd6NHf4kEU+VkerWtdK3McwVoaWlpaWlpaWlpaWlfoC273JpkX87fje9814SSecMcLS0tLS0tLS0tLS3tW7Slq39TAlm2v01b506RZWkmeYRnpHzgVka90dLS0tLS0tLS0tLSPl1bPE01ZYknt1xcme9NAWSzXqjEpKWlpaWlpaWlpaWlfYF2XJVUlvTbONdptquMssGtBJpplY2WlpaWlpaWlpaWlvYl2mn1WyHi3g1QO+4b09k7VZe0tLS0tLS0tLS0tLQP1Y5vz05rL9k62WpQ9rRhjpaWlpaWlpaWlpaW9j3adHy+QZ2OlnpL5vnVddF22toUiy6rLmlpaWlpaWlpaWlpaR+lzdFhUwyZuork1N3RRZF7iEB\/bQo2LS0tLS0tLS0tLS3tU7TbOdZr6i9LreWes3Htfyk0\/YUokpaWlpaWlpaWlpaW9pHatl5yCgLTvrhFGHqjef\/4bo0oLS0tLS0tLS0tLS3tO7SrWO+zyf\/p4\/Qut+o0926iGy0tLS0tLS0tLS0t7eu1bSSYWpqkZN8UhpYk3r5ICtLS0tLS0tLS0tLS0r5Mm\/AlwqudIst2unb7W00Unusqx1RwSUtLS0tLS0tLS0tL+ybtCMm5mrVL29Xavv3l4ik9eJx33DUvTktLS0tLS0tLS0tL+wrt\/\/+gpaWlpaWlpaWlpaWlpaWlpaWlpaWlpaWlpaWlpaWlpaWlpaWlpaWlpaWlpaWlpaWlpaWlpf1t2r8ArJaAY1NqwigAAAAASUVORK5CYII="
            }
        }
    }
}
08-18-2022 @ 21:05:58 - [create_preference]: payment link generated with success from mercado pago, with structure as follow: {
    "status": 201,
    "response": {
        "id": 25008040877,
        "date_created": "2022-08-18T20:05:56.758-04:00",
        "date_approved": null,
        "date_last_updated": "2022-08-18T20:05:56.758-04:00",
        "date_of_expiration": "2022-08-18T20:35:57.000-04:00",
        "money_release_date": null,
        "money_release_status": null,
        "operation_type": "regular_payment",
        "issuer_id": null,
        "payment_method_id": "pix",
        "payment_type_id": "bank_transfer",
        "status": "pending",
        "status_detail": "pending_waiting_transfer",
        "currency_id": "BRL",
        "description": "Farofa com Muita Cebola x 2",
        "live_mode": true,
        "sponsor_id": 208686191,
        "authorization_code": null,
        "money_release_schema": null,
        "taxes_amount": 0,
        "counter_currency": null,
        "brand_id": null,
        "shipping_amount": 0,
        "build_version": "2.107.4",
        "pos_id": null,
        "store_id": null,
        "integrator_id": null,
        "platform_id": "bo2hnr2ic4p001kbgpt0",
        "corporation_id": null,
        "collector_id": 163745094,
        "payer": {
            "type": null,
            "id": "212135655",
            "operator_id": null,
            "email": null,
            "identification": {
                "type": null,
                "number": null
            },
            "phone": {
                "area_code": null,
                "number": null,
                "extension": null
            },
            "first_name": null,
            "last_name": null,
            "entity_type": null
        },
        "marketplace_owner": null,
        "metadata": {
            "basic_settings": {
                "ex_payments_debelo": "yes",
                "checkout_credential_prod": "deprecated",
                "checkbox_checkout_test_mode": "yes",
                "method": "redirect",
                "ex_payments_amex": "yes",
                "gateway_discount_checkbox": "no",
                "enabled": "no",
                "ex_payments_master": "yes",
                "ex_payments_visa": "yes",
                "ex_payments_pec": "yes",
                "ex_payments_bolbradesco": "yes",
                "commission_checkbox": "no",
                "currency_conversion": "no",
                "installments": "1",
                "binary_mode": "no",
                "ex_payments_debvisa": "yes",
                "ex_payments_elo": "yes",
                "auto_return": "yes",
                "ex_payments_hipercard": "yes"
            },
            "checkout_type": "pix",
            "seller_website": "https:\/\/www.sekiama.com.br",
            "billing_address": {
                "city_name": "Cabo Frio",
                "state_name": "RJ",
                "country_name": "BR",
                "zip_code": "28908-060",
                "street_name": "Av vereador Manoel Antunes"
            },
            "module_version": "6.0.2",
            "sponsor_id": 208686191,
            "platform": "bo2hnr2ic4p001kbgpt0",
            "collector": "163745094",
            "ticket_settings": [],
            "platform_version": "6.8.0",
            "test_mode": false,
            "site_id": "mlb",
            "custom_settings": {
                "wallet_button": "yes",
                "checkout_credential_prod": "deprecated",
                "commission_checkbox": "no",
                "checkbox_checkout_test_mode": "yes",
                "currency_conversion": "no",
                "binary_mode": "no",
                "coupon_mode": "no",
                "gateway_discount_checkbox": "no",
                "enabled": "yes"
            },
            "pix_settings": {
                "enabled": "yes"
            },
            "details": "",
            "user": {
                "user_email": null,
                "registered_user": "no",
                "user_registration_date": null
            },
            "checkout": "custom"
        },
        "additional_info": {
            "items": [
                {
                    "id": "195",
                    "title": "Farofa com Muita Cebola x 2",
                    "description": "Por-ser-incrivelmente-saborosa-a-Farofa-com-muita-cebola-crocante-e-a-campea-de-vendas-conquistando-todos-os-paladares.-Nesta-nobre-preparacao-a-farinha-de-mandioca-absorve-o-incrivel-sabor-da-cebola-fresca-resultando-em",
                    "picture_url": "https:\/\/www.sekiama.com.br\/wp-content\/uploads\/2021\/11\/cebola-frente-1.png",
                    "category_id": "others",
                    "quantity": "1",
                    "unit_price": "34.4"
                },
                {
                    "id": null,
                    "title": "PAC (Entrega em 8 dias úteis)",
                    "description": "Serviço de envio usado pela loja.",
                    "picture_url": null,
                    "category_id": "others",
                    "quantity": "1",
                    "unit_price": "25.86"
                }
            ],
            "payer": {
                "phone": {
                    "number": "(31) 99134-6886"
                },
                "address": {
                    "zip_code": "28908-060",
                    "street_name": "Av vereador Manoel Antunes \/ Cabo Frio RJ BR"
                },
                "first_name": "Ana Paula",
                "last_name": "Morais Costa"
            },
            "shipments": {
                "receiver_address": {
                    "zip_code": "28908-060",
                    "state_name": "RJ",
                    "city_name": "Cabo Frio",
                    "street_name": "Av vereador Manoel Antunes Apt 205- Ed Cores do mar Cabo Frio RJ BR",
                    "apartment": "Apt 205- Ed Cores do mar"
                }
            },
            "available_balance": null,
            "nsu_processadora": null,
            "authentication_code": null
        },
        "order": [],
        "external_reference": "WC-13879",
        "transaction_amount": 60.25999999999999801048033987171947956085205078125,
        "transaction_amount_refunded": 0,
        "coupon_amount": 0,
        "differential_pricing_id": null,
        "deduction_schema": null,
        "callback_url": null,
        "installments": 1,
        "transaction_details": {
            "payment_method_reference_id": null,
            "net_received_amount": 0,
            "total_paid_amount": 60.25999999999999801048033987171947956085205078125,
            "overpaid_amount": 0,
            "external_resource_url": null,
            "installment_amount": 0,
            "financial_institution": null,
            "payable_deferral_period": null,
            "acquirer_reference": null,
            "bank_transfer_id": null,
            "transaction_id": null
        },
        "fee_details": [],
        "charges_details": [],
        "captured": true,
        "binary_mode": false,
        "call_for_authorize_id": null,
        "statement_descriptor": null,
        "card": [],
        "notification_url": "https:\/\/www.sekiama.com.br\/wc-api\/WC_WooMercadoPago_Pix_Gateway\/?source_news=webhooks",
        "refunds": [],
        "processing_mode": "aggregator",
        "merchant_account_id": null,
        "merchant_number": null,
        "acquirer_reconciliation": [],
        "point_of_interaction": {
            "type": "OPENPLATFORM",
            "business_info": {
                "unit": "online_payments",
                "sub_unit": "woocommerce"
            },
            "location": {
                "state_id": null,
                "source": null
            },
            "application_data": {
                "name": null,
                "version": null
            },
            "transaction_data": {
                "qr_code": "00020126580014br.gov.bcb.pix01365c772f2f-4a19-4c09-91f1-461d82801da0520400005303986540560.265802BR5913THIAGOERMINIO6008So Paulo62240520mpqrinter2500804087763049DEE",
                "bank_transfer_id": null,
                "transaction_id": null,
                "financial_institution": null,
                "ticket_url": "https:\/\/www.mercadopago.com.br\/payments\/25008040877\/ticket?caller_id=212135655&hash=1e29f393-0a53-4da6-82d9-1050ee6b9eec",
                "bank_info": {
                    "payer": {
                        "account_id": null,
                        "id": null,
                        "long_name": null,
                        "external_account_id": null
                    },
                    "collector": {
                        "account_id": null,
                        "long_name": null,
                        "account_holder_name": "Thiago Erminio Victor",
                        "transfer_account_id": null
                    },
                    "is_same_bank_account_owner": null,
                    "origin_bank_id": null,
                    "origin_wallet_id": null
                },
                "qr_code_base64": "iVBORw0KGgoAAAANSUhEUgAABWQAAAVkAQAAAAB79iscAAAIuklEQVR42u3dUY6kRgwG4LoB978lNyDaaJVpyr8LZrOKsvDxMJpuoPjoN8suexx\/0LEPWlpaWlpaWlpaWlpaWlpaWlpaWlpaWlpaWlpaWlpaWlpaWlpaWlpaWlpaWlpaWlpaWlpaWtrfrx3zsf34bvt54se1H9993fH3ic8Fts+lfp7dy3Vf3\/1cby\/3fq1HS0tLS0tLS0tLS0v7Eu32GbJ9LnI6\/rn1hN8L7\/PZ6ZIjnN06Bi0tLS0tLS0tLS0t7Vu0UwC5iPo+k26jfGzxbWhaA9eCp6WlpaWlpaWlpaWlfaN2HfrVpGDBHyXZ9xWLljegpaWlpaWlpaWlpaWl7aK5KUScUKM7pkRh+bjni2lpaWlpaWlpaWlpaV+rbfFtqWRxb1dlm9Ml6btfqxGlpaWlpaWlpaWlpaX907Vtl5L\/9s+\/7alCS0tLS0tLS0tLS0v7h2oXx77oUlIu2bp48iiekjK8YtDS0tLS0tLS0tLS0j5bu3dFkyO357\/VlL+mAtNLlnzgdpHdo6WlpaWlpaWlpaWlfaJ2JWtnrN0gfwaLXwscpTpzCjRDX0paWlpaWlpaWlpaWtpna\/dca\/m5yGW7\/+nZadh1rvGclrrqUkJLS0tLS0tLS0tLS\/tEbRMiXmmnZ2\/nE\/WOiZcC15Tno6WlpaWlpaWlpaWlfb52z+1BcqrtKOm8RTzZVGymwDUHn7S0tLS0tLS0tLS0tK\/QHmG8Wq2rTCtNhZSFfOSazLDfrT78oKWlpaWlpaWlpaWlfYk2LTIFkLkh5OgUUzXlcS7HPO60JRnXMwhoaWlpaWlpaWlpaWkfpS1BZVs02Wx6Kwm7cd7glppTnqZll\/9oaWlpaWlpaWlpaWnfok15uVIH2ZZojryPrbgrrwzA3vJPRUtLS0tLS0tLS0tL+zJtig5TG8hyXQpDxzm8HN29p+Fr1zMIaGlpaWlpaWlpaWlpH6adKiJrdJg687fpvOIe3U661OZkxO10tLS0tLS0tLS0tLS0T9am3WvluzTneiqarAnA6cdIi6blb+\/do6WlpaWlpaWlpaWlfYp2qn4c4dbatKTtZrL+kwPIIw\/epqWlpaWlpaWlpaWlfZO2eWyO8OpuuPTYHIE2EwFyYSYtLS0tLS0tLS0tLe1btFPN49WetdRpJDX+34KinZY9pRs3WlpaWlpaWlpaWlral2hL\/m7VLrLd5baApiaRza656yiSlpaWlpaWlpaWlpb2idpjEUWWbW173g13NZptX6ycZrvR0tLS0tLS0tLS0tK+SbvqKpISgKkNZLkjrbedHznhm\/CSlpaWlpaWlpaWlpb2+dqjCwe3WAI5k1OwOMKRZMW4x7pPWlpaWlpaWlpaWlraJ2tL+eSq436Zu9aUVE6Ltvm7dF0IOWlpaWlpaWlpaWlpaZ+sLaWSo6u\/3ELp5Sij1HJ7\/r2snOs061laWlpaWlpaWlpaWtqna9vnJNnncu1mtnaVLacMS3i597vhaGlpaWlpaWlpaWlpn6htu\/Cn\/iJ7aVqS83zp1fZF3Nm+My0tLS0tLS0tLS0t7dO1ORKcUnfp7I3YsVZY5qTg\/SiSlpaWlpaWlpaWlpb2idq9W24v5BLhHdex4\/Gd19juTMGmpaWlpaWlpaWlpaV9lHa662qw9ddK+2IodskRHue8YQ1h089HS0tLS0tLS0tLS0v7Cm0pmty6yLIB5BBxBSi1lvUnuFl1SUtLS0tLS0tLS0tL+wDtlM6bnr1O06VKzFQ+maopPxfdl5ElLS0tLS0tLS0tLS3ts7UlYtxKIi4lAHP3kToxraBOpZztRDdaWlpaWlpaWlpaWtr3aEtryD2Hg20OLr\/kuulkSi2e3oCWlpaWlpaWlpaWlvZN2pOilF42Y6+nMPTqti0PVZuKOsvPQktLS0tLS0tLS0tL+x5trassqzdhYz4x8pve2jW309LS0tLS0tLS0tLSvku7ncPB1p06jaRwMGX3pk10k3u1sY6WlpaWlpaWlpaWlvbp2mkzWzqRFl7XX7ZLparLMtZtXEzBpqWlpaWlpaWlpaWlfZh2SquNxYi0HCfu3R2pI8mRt9il6JWWlpaWlpaWlpaWlvYl2qap4yTLSbyjK8JcHSnGnIy0tLS0tLS0tLS0tLRv0h7n2sgR2pK0PUdOoWSOQKdkXzvRbSvb7mhpaWlpaWlpaWlpaV+h\/WStZ1ofpfvIYs517U2S3qVNMnZVl7S0tLS0tLS0tLS0tE\/Ubjmdd6NHf4kEU+VkerWtdK3McwVoaWlpaWlpaWlpaWlfoC273JpkX87fje9814SSecMcLS0tLS0tLS0tLS3tW7Slq39TAlm2v01b506RZWkmeYRnpHzgVka90dLS0tLS0tLS0tLSPl1bPE01ZYknt1xcme9NAWSzXqjEpKWlpaWlpaWlpaWlfYF2XJVUlvTbONdptquMssGtBJpplY2WlpaWlpaWlpaWlvYl2mn1WyHi3g1QO+4b09k7VZe0tLS0tLS0tLS0tLQP1Y5vz05rL9k62WpQ9rRhjpaWlpaWlpaWlpaW9j3adHy+QZ2OlnpL5vnVddF22toUiy6rLmlpaWlpaWlpaWlpaR+lzdFhUwyZuork1N3RRZF7iEB\/bQo2LS0tLS0tLS0tLS3tU7TbOdZr6i9LreWes3Htfyk0\/YUokpaWlpaWlpaWlpaW9pHatl5yCgLTvrhFGHqjef\/4bo0oLS0tLS0tLS0tLS3tO7SrWO+zyf\/p4\/Qut+o0926iGy0tLS0tLS0tLS0t7eu1bSSYWpqkZN8UhpYk3r5ICtLS0tLS0tLS0tLS0r5Mm\/AlwqudIst2unb7W00Unusqx1RwSUtLS0tLS0tLS0tL+ybtCMm5mrVL29Xavv3l4ik9eJx33DUvTktLS0tLS0tLS0tL+wrt\/\/+gpaWlpaWlpaWlpaWlpaWlpaWlpaWlpaWlpaWlpaWlpaWlpaWlpaWlpaWlpaWlpaWlpaWlpf1t2r8ArJaAY1NqwigAAAAASUVORK5CYII="
            }
        }
    }
}
08-18-2022 @ 21:05:59 - [check_ipn_response]: received _get content: {
    "data_id": "25008040877",
    "source_news": "webhooks",
    "type": "payment"
}
08-18-2022 @ 21:05:59 - [successful_request]: starting to process  update...
08-18-2022 @ 21:05:59 - [successful_request]: updating metadata and status with data: {
    "acquirer_reconciliation": [],
    "additional_info": {
        "authentication_code": null,
        "available_balance": null,
        "items": [
            {
                "category_id": "others",
                "description": "Por-ser-incrivelmente-saborosa-a-Farofa-com-muita-cebola-crocante-e-a-campea-de-vendas-conquistando-todos-os-paladares.-Nesta-nobre-preparacao-a-farinha-de-mandioca-absorve-o-incrivel-sabor-da-cebola-fresca-resultando-em",
                "id": "195",
                "picture_url": "https:\/\/www.sekiama.com.br\/wp-content\/uploads\/2021\/11\/cebola-frente-1.png",
                "quantity": "1",
                "title": "Farofa com Muita Cebola x 2",
                "unit_price": "34.4"
            },
            {
                "category_id": "others",
                "description": "Serviço de envio usado pela loja.",
                "id": null,
                "picture_url": null,
                "quantity": "1",
                "title": "PAC (Entrega em 8 dias úteis)",
                "unit_price": "25.86"
            }
        ],
        "nsu_processadora": null,
        "payer": {
            "address": {
                "street_name": "Av vereador Manoel Antunes \/ Cabo Frio RJ BR",
                "zip_code": "28908-060"
            },
            "first_name": "Ana Paula",
            "last_name": "Morais Costa",
            "phone": {
                "number": "(31) 99134-6886"
            }
        },
        "shipments": {
            "receiver_address": {
                "apartment": "Apt 205- Ed Cores do mar",
                "city_name": "Cabo Frio",
                "state_name": "RJ",
                "street_name": "Av vereador Manoel Antunes Apt 205- Ed Cores do mar Cabo Frio RJ BR",
                "zip_code": "28908-060"
            }
        }
    },
    "authorization_code": null,
    "binary_mode": false,
    "brand_id": null,
    "build_version": "2.107.4",
    "call_for_authorize_id": null,
    "callback_url": null,
    "captured": true,
    "card": [],
    "charges_details": [],
    "collector_id": 163745094,
    "corporation_id": null,
    "counter_currency": null,
    "coupon_amount": 0,
    "currency_id": "BRL",
    "date_approved": null,
    "date_created": "2022-08-18T20:05:56.000-04:00",
    "date_last_updated": "2022-08-18T20:05:56.000-04:00",
    "date_of_expiration": "2022-08-18T20:35:57.000-04:00",
    "deduction_schema": null,
    "description": "Farofa com Muita Cebola x 2",
    "differential_pricing_id": null,
    "external_reference": "WC-13879",
    "fee_details": [],
    "id": 25008040877,
    "installments": 1,
    "integrator_id": null,
    "issuer_id": null,
    "live_mode": true,
    "marketplace_owner": null,
    "merchant_account_id": null,
    "merchant_number": null,
    "metadata": {
        "basic_settings": {
            "ex_payments_debelo": "yes",
            "checkout_credential_prod": "deprecated",
            "checkbox_checkout_test_mode": "yes",
            "method": "redirect",
            "ex_payments_amex": "yes",
            "gateway_discount_checkbox": "no",
            "enabled": "no",
            "ex_payments_master": "yes",
            "ex_payments_pec": "yes",
            "ex_payments_visa": "yes",
            "ex_payments_bolbradesco": "yes",
            "commission_checkbox": "no",
            "binary_mode": "no",
            "currency_conversion": "no",
            "installments": "1",
            "ex_payments_debvisa": "yes",
            "ex_payments_elo": "yes",
            "auto_return": "yes",
            "ex_payments_hipercard": "yes"
        },
        "checkout_type": "pix",
        "seller_website": "https:\/\/www.sekiama.com.br",
        "billing_address": {
            "city_name": "Cabo Frio",
            "state_name": "RJ",
            "country_name": "BR",
            "street_name": "Av vereador Manoel Antunes",
            "zip_code": "28908-060"
        },
        "module_version": "6.0.2",
        "sponsor_id": 208686191,
        "collector": "163745094",
        "platform": "bo2hnr2ic4p001kbgpt0",
        "ticket_settings": [],
        "platform_version": "6.8.0",
        "test_mode": false,
        "site_id": "mlb",
        "custom_settings": {
            "checkout_credential_prod": "deprecated",
            "wallet_button": "yes",
            "commission_checkbox": "no",
            "checkbox_checkout_test_mode": "yes",
            "binary_mode": "no",
            "currency_conversion": "no",
            "coupon_mode": "no",
            "gateway_discount_checkbox": "no",
            "enabled": "yes"
        },
        "pix_settings": {
            "enabled": "yes"
        },
        "details": "",
        "checkout": "custom",
        "user": {
            "user_email": null,
            "registered_user": "no",
            "user_registration_date": null
        }
    },
    "money_release_date": null,
    "money_release_schema": null,
    "money_release_status": null,
    "notification_url": "https:\/\/www.sekiama.com.br\/wc-api\/WC_WooMercadoPago_Pix_Gateway\/?source_news=webhooks",
    "operation_type": "regular_payment",
    "order": [],
    "payer": {
        "email": null,
        "entity_type": null,
        "first_name": null,
        "id": "212135655",
        "identification": {
            "number": null,
            "type": null
        },
        "last_name": null,
        "operator_id": null,
        "phone": {
            "area_code": null,
            "extension": null,
            "number": null
        },
        "type": null
    },
    "payment_method_id": "pix",
    "payment_type_id": "bank_transfer",
    "platform_id": "bo2hnr2ic4p001kbgpt0",
    "point_of_interaction": {
        "application_data": {
            "name": null,
            "version": null
        },
        "business_info": {
            "sub_unit": "woocommerce",
            "unit": "online_payments"
        },
        "location": {
            "source": null,
            "state_id": null
        },
        "transaction_data": {
            "bank_info": {
                "collector": {
                    "account_holder_name": "Thiago Erminio Victor",
                    "account_id": null,
                    "long_name": null,
                    "transfer_account_id": null
                },
                "is_same_bank_account_owner": null,
                "origin_bank_id": null,
                "origin_wallet_id": null,
                "payer": {
                    "account_id": null,
                    "external_account_id": null,
                    "id": null,
                    "long_name": null
                }
            },
            "bank_transfer_id": null,
            "financial_institution": null,
            "infringement_notification": {
                "status": null,
                "type": null
            },
            "qr_code": "00020126580014br.gov.bcb.pix01365c772f2f-4a19-4c09-91f1-461d82801da0520400005303986540560.265802BR5913THIAGOERMINIO6008So Paulo62240520mpqrinter2500804087763049DEE",
            "qr_code_base64": "iVBORw0KGgoAAAANSUhEUgAABWQAAAVkAQAAAAB79iscAAAIuklEQVR42u3dUY6kRgwG4LoB978lNyDaaJVpyr8LZrOKsvDxMJpuoPjoN8suexx\/0LEPWlpaWlpaWlpaWlpaWlpaWlpaWlpaWlpaWlpaWlpaWlpaWlpaWlpaWlpaWlpaWlpaWlpaWtrfrx3zsf34bvt54se1H9993fH3ic8Fts+lfp7dy3Vf3\/1cby\/3fq1HS0tLS0tLS0tLS0v7Eu32GbJ9LnI6\/rn1hN8L7\/PZ6ZIjnN06Bi0tLS0tLS0tLS0t7Vu0UwC5iPo+k26jfGzxbWhaA9eCp6WlpaWlpaWlpaWlfaN2HfrVpGDBHyXZ9xWLljegpaWlpaWlpaWlpaWl7aK5KUScUKM7pkRh+bjni2lpaWlpaWlpaWlpaV+rbfFtqWRxb1dlm9Ml6btfqxGlpaWlpaWlpaWlpaX907Vtl5L\/9s+\/7alCS0tLS0tLS0tLS0v7h2oXx77oUlIu2bp48iiekjK8YtDS0tLS0tLS0tLS0j5bu3dFkyO357\/VlL+mAtNLlnzgdpHdo6WlpaWlpaWlpaWlfaJ2JWtnrN0gfwaLXwscpTpzCjRDX0paWlpaWlpaWlpaWtpna\/dca\/m5yGW7\/+nZadh1rvGclrrqUkJLS0tLS0tLS0tLS\/tEbRMiXmmnZ2\/nE\/WOiZcC15Tno6WlpaWlpaWlpaWlfb52z+1BcqrtKOm8RTzZVGymwDUHn7S0tLS0tLS0tLS0tK\/QHmG8Wq2rTCtNhZSFfOSazLDfrT78oKWlpaWlpaWlpaWlfYk2LTIFkLkh5OgUUzXlcS7HPO60JRnXMwhoaWlpaWlpaWlpaWkfpS1BZVs02Wx6Kwm7cd7glppTnqZll\/9oaWlpaWlpaWlpaWnfok15uVIH2ZZojryPrbgrrwzA3vJPRUtLS0tLS0tLS0tL+zJtig5TG8hyXQpDxzm8HN29p+Fr1zMIaGlpaWlpaWlpaWlpH6adKiJrdJg687fpvOIe3U661OZkxO10tLS0tLS0tLS0tLS0T9am3WvluzTneiqarAnA6cdIi6blb+\/do6WlpaWlpaWlpaWlfYp2qn4c4dbatKTtZrL+kwPIIw\/epqWlpaWlpaWlpaWlfZO2eWyO8OpuuPTYHIE2EwFyYSYtLS0tLS0tLS0tLe1btFPN49WetdRpJDX+34KinZY9pRs3WlpaWlpaWlpaWlral2hL\/m7VLrLd5baApiaRza656yiSlpaWlpaWlpaWlpb2idpjEUWWbW173g13NZptX6ycZrvR0tLS0tLS0tLS0tK+SbvqKpISgKkNZLkjrbedHznhm\/CSlpaWlpaWlpaWlpb2+dqjCwe3WAI5k1OwOMKRZMW4x7pPWlpaWlpaWlpaWlraJ2tL+eSq436Zu9aUVE6Ltvm7dF0IOWlpaWlpaWlpaWlpaZ+sLaWSo6u\/3ELp5Sij1HJ7\/r2snOs061laWlpaWlpaWlpaWtqna9vnJNnncu1mtnaVLacMS3i597vhaGlpaWlpaWlpaWlpn6htu\/Cn\/iJ7aVqS83zp1fZF3Nm+My0tLS0tLS0tLS0t7dO1ORKcUnfp7I3YsVZY5qTg\/SiSlpaWlpaWlpaWlpb2idq9W24v5BLhHdex4\/Gd19juTMGmpaWlpaWlpaWlpaV9lHa662qw9ddK+2IodskRHue8YQ1h089HS0tLS0tLS0tLS0v7Cm0pmty6yLIB5BBxBSi1lvUnuFl1SUtLS0tLS0tLS0tL+wDtlM6bnr1O06VKzFQ+maopPxfdl5ElLS0tLS0tLS0tLS3ts7UlYtxKIi4lAHP3kToxraBOpZztRDdaWlpaWlpaWlpaWtr3aEtryD2Hg20OLr\/kuulkSi2e3oCWlpaWlpaWlpaWlvZN2pOilF42Y6+nMPTqti0PVZuKOsvPQktLS0tLS0tLS0tL+x5trassqzdhYz4x8pve2jW309LS0tLS0tLS0tLSvku7ncPB1p06jaRwMGX3pk10k3u1sY6WlpaWlpaWlpaWlvbp2mkzWzqRFl7XX7ZLparLMtZtXEzBpqWlpaWlpaWlpaWlfZh2SquNxYi0HCfu3R2pI8mRt9il6JWWlpaWlpaWlpaWlvYl2qap4yTLSbyjK8JcHSnGnIy0tLS0tLS0tLS0tLRv0h7n2sgR2pK0PUdOoWSOQKdkXzvRbSvb7mhpaWlpaWlpaWlpaV+h\/WStZ1ofpfvIYs517U2S3qVNMnZVl7S0tLS0tLS0tLS0tE\/Ubjmdd6NHf4kEU+VkerWtdK3McwVoaWlpaWlpaWlpaWlfoC273JpkX87fje9814SSecMcLS0tLS0tLS0tLS3tW7Slq39TAlm2v01b506RZWkmeYRnpHzgVka90dLS0tLS0tLS0tLSPl1bPE01ZYknt1xcme9NAWSzXqjEpKWlpaWlpaWlpaWlfYF2XJVUlvTbONdptquMssGtBJpplY2WlpaWlpaWlpaWlvYl2mn1WyHi3g1QO+4b09k7VZe0tLS0tLS0tLS0tLQP1Y5vz05rL9k62WpQ9rRhjpaWlpaWlpaWlpaW9j3adHy+QZ2OlnpL5vnVddF22toUiy6rLmlpaWlpaWlpaWlpaR+lzdFhUwyZuork1N3RRZF7iEB\/bQo2LS0tLS0tLS0tLS3tU7TbOdZr6i9LreWes3Htfyk0\/YUokpaWlpaWlpaWlpaW9pHatl5yCgLTvrhFGHqjef\/4bo0oLS0tLS0tLS0tLS3tO7SrWO+zyf\/p4\/Qut+o0926iGy0tLS0tLS0tLS0t7eu1bSSYWpqkZN8UhpYk3r5ICtLS0tLS0tLS0tLS0r5Mm\/AlwqudIst2unb7W00Unusqx1RwSUtLS0tLS0tLS0tL+ybtCMm5mrVL29Xavv3l4ik9eJx33DUvTktLS0tLS0tLS0tL+wrt\/\/+gpaWlpaWlpaWlpaWlpaWlpaWlpaWlpaWlpaWlpaWlpaWlpaWlpaWlpaWlpaWlpaWlpaWlpf1t2r8ArJaAY1NqwigAAAAASUVORK5CYII=",
            "ticket_url": "https:\/\/www.mercadopago.com.br\/payments\/25008040877\/ticket?caller_id=212135655&hash=1e29f393-0a53-4da6-82d9-1050ee6b9eec",
            "transaction_id": null
        },
        "type": "OPENPLATFORM"
    },
    "pos_id": null,
    "processing_mode": "aggregator",
    "refunds": [],
    "shipping_amount": 0,
    "sponsor_id": 208686191,
    "statement_descriptor": null,
    "status": "pending",
    "status_detail": "pending_waiting_transfer",
    "store_id": null,
    "taxes_amount": 0,
    "transaction_amount": 60.25999999999999801048033987171947956085205078125,
    "transaction_amount_refunded": 0,
    "transaction_details": {
        "acquirer_reference": null,
        "bank_transfer_id": null,
        "external_resource_url": null,
        "financial_institution": null,
        "installment_amount": 0,
        "net_received_amount": 0,
        "overpaid_amount": 0,
        "payable_deferral_period": null,
        "payment_method_reference_id": null,
        "total_paid_amount": 60.25999999999999801048033987171947956085205078125,
        "transaction_id": null
    }
}
08-18-2022 @ 21:05:59 - [successful_request]: Changing order status to: pending
08-18-2022 @ 21:06:32 - [check_ipn_response]: received _get content: {
    "data_id": "25008040877",
    "source_news": "webhooks",
    "type": "payment"
}
08-18-2022 @ 21:06:32 - [successful_request]: starting to process  update...
08-18-2022 @ 21:06:32 - [successful_request]: updating metadata and status with data: {
    "acquirer_reconciliation": [],
    "additional_info": {
        "authentication_code": null,
        "available_balance": null,
        "bank_info": {
            "is_same_bank_account_owner": false
        },
        "items": [
            {
                "category_id": "others",
                "description": "Por-ser-incrivelmente-saborosa-a-Farofa-com-muita-cebola-crocante-e-a-campea-de-vendas-conquistando-todos-os-paladares.-Nesta-nobre-preparacao-a-farinha-de-mandioca-absorve-o-incrivel-sabor-da-cebola-fresca-resultando-em",
                "id": "195",
                "picture_url": "https:\/\/www.sekiama.com.br\/wp-content\/uploads\/2021\/11\/cebola-frente-1.png",
                "quantity": "1",
                "title": "Farofa com Muita Cebola x 2",
                "unit_price": "34.4"
            },
            {
                "category_id": "others",
                "description": "Serviço de envio usado pela loja.",
                "id": null,
                "picture_url": null,
                "quantity": "1",
                "title": "PAC (Entrega em 8 dias úteis)",
                "unit_price": "25.86"
            }
        ],
        "nsu_processadora": null,
        "payer": {
            "address": {
                "street_name": "Av vereador Manoel Antunes \/ Cabo Frio RJ BR",
                "zip_code": "28908-060"
            },
            "first_name": "Ana Paula",
            "last_name": "Morais Costa",
            "phone": {
                "number": "(31) 99134-6886"
            }
        },
        "shipments": {
            "receiver_address": {
                "apartment": "Apt 205- Ed Cores do mar",
                "city_name": "Cabo Frio",
                "state_name": "RJ",
                "street_name": "Av vereador Manoel Antunes Apt 205- Ed Cores do mar Cabo Frio RJ BR",
                "zip_code": "28908-060"
            }
        }
    },
    "authorization_code": null,
    "binary_mode": false,
    "brand_id": null,
    "build_version": "2.107.4",
    "call_for_authorize_id": null,
    "callback_url": null,
    "captured": true,
    "card": [],
    "charges_details": [],
    "collector_id": 163745094,
    "corporation_id": null,
    "counter_currency": null,
    "coupon_amount": 0,
    "currency_id": "BRL",
    "date_approved": "2022-08-18T20:06:30.000-04:00",
    "date_created": "2022-08-18T20:05:56.000-04:00",
    "date_last_updated": "2022-08-18T20:06:30.000-04:00",
    "date_of_expiration": "2022-08-18T20:35:57.000-04:00",
    "deduction_schema": null,
    "description": "Farofa com Muita Cebola x 2",
    "differential_pricing_id": null,
    "external_reference": "WC-13879",
    "fee_details": [
        {
            "amount": 0.59999999999999997779553950749686919152736663818359375,
            "fee_payer": "collector",
            "type": "mercadopago_fee"
        }
    ],
    "id": 25008040877,
    "installments": 1,
    "integrator_id": null,
    "issuer_id": null,
    "live_mode": true,
    "marketplace_owner": null,
    "merchant_account_id": null,
    "merchant_number": null,
    "metadata": {
        "basic_settings": {
            "ex_payments_debelo": "yes",
            "checkout_credential_prod": "deprecated",
            "checkbox_checkout_test_mode": "yes",
            "method": "redirect",
            "ex_payments_amex": "yes",
            "gateway_discount_checkbox": "no",
            "enabled": "no",
            "ex_payments_master": "yes",
            "ex_payments_pec": "yes",
            "ex_payments_visa": "yes",
            "ex_payments_bolbradesco": "yes",
            "commission_checkbox": "no",
            "binary_mode": "no",
            "currency_conversion": "no",
            "installments": "1",
            "ex_payments_debvisa": "yes",
            "ex_payments_elo": "yes",
            "auto_return": "yes",
            "ex_payments_hipercard": "yes"
        },
        "checkout_type": "pix",
        "seller_website": "https:\/\/www.sekiama.com.br",
        "billing_address": {
            "city_name": "Cabo Frio",
            "state_name": "RJ",
            "country_name": "BR",
            "street_name": "Av vereador Manoel Antunes",
            "zip_code": "28908-060"
        },
        "module_version": "6.0.2",
        "sponsor_id": 208686191,
        "collector": "163745094",
        "platform": "bo2hnr2ic4p001kbgpt0",
        "ticket_settings": [],
        "platform_version": "6.8.0",
        "test_mode": false,
        "site_id": "mlb",
        "custom_settings": {
            "checkout_credential_prod": "deprecated",
            "wallet_button": "yes",
            "commission_checkbox": "no",
            "checkbox_checkout_test_mode": "yes",
            "binary_mode": "no",
            "currency_conversion": "no",
            "coupon_mode": "no",
            "gateway_discount_checkbox": "no",
            "enabled": "yes"
        },
        "pix_settings": {
            "enabled": "yes"
        },
        "details": "",
        "checkout": "custom",
        "user": {
            "user_email": null,
            "registered_user": "no",
            "user_registration_date": null
        }
    },
    "money_release_date": "2022-08-18T20:06:30.000-04:00",
    "money_release_schema": null,
    "money_release_status": null,
    "notification_url": "https:\/\/www.sekiama.com.br\/wc-api\/WC_WooMercadoPago_Pix_Gateway\/?source_news=webhooks",
    "operation_type": "regular_payment",
    "order": [],
    "payer": {
        "email": "anabmcosta@hotmail.com",
        "entity_type": null,
        "first_name": null,
        "id": "212135655",
        "identification": {
            "number": null,
            "type": null
        },
        "last_name": null,
        "operator_id": null,
        "phone": {
            "area_code": null,
            "extension": null,
            "number": null
        },
        "type": null
    },
    "payment_method_id": "pix",
    "payment_type_id": "bank_transfer",
    "platform_id": "bo2hnr2ic4p001kbgpt0",
    "point_of_interaction": {
        "application_data": {
            "name": null,
            "version": null
        },
        "business_info": {
            "sub_unit": "woocommerce",
            "unit": "online_payments"
        },
        "location": {
            "source": null,
            "state_id": null
        },
        "sub_type": "INTER_PSP",
        "transaction_data": {
            "bank_info": {
                "collector": {
                    "account_holder_name": "Thiago Erminio Victor",
                    "account_id": 55972707790,
                    "long_name": "Mercadopago.com Representações Ltda.",
                    "transfer_account_id": null
                },
                "is_same_bank_account_owner": false,
                "origin_bank_id": null,
                "origin_wallet_id": null,
                "payer": {
                    "account_id": 10278629,
                    "external_account_id": null,
                    "id": null,
                    "long_name": "Banco Santander (Brasil) S.A."
                }
            },
            "bank_transfer_id": 1375464736,
            "financial_institution": 1,
            "infringement_notification": {
                "status": null,
                "type": null
            },
            "qr_code": "00020126580014br.gov.bcb.pix01365c772f2f-4a19-4c09-91f1-461d82801da0520400005303986540560.265802BR5913THIAGOERMINIO6008So Paulo62240520mpqrinter2500804087763049DEE",
            "qr_code_base64": "iVBORw0KGgoAAAANSUhEUgAABWQAAAVkAQAAAAB79iscAAAIuklEQVR42u3dUY6kRgwG4LoB978lNyDaaJVpyr8LZrOKsvDxMJpuoPjoN8suexx\/0LEPWlpaWlpaWlpaWlpaWlpaWlpaWlpaWlpaWlpaWlpaWlpaWlpaWlpaWlpaWlpaWlpaWlpaWtrfrx3zsf34bvt54se1H9993fH3ic8Fts+lfp7dy3Vf3\/1cby\/3fq1HS0tLS0tLS0tLS0v7Eu32GbJ9LnI6\/rn1hN8L7\/PZ6ZIjnN06Bi0tLS0tLS0tLS0t7Vu0UwC5iPo+k26jfGzxbWhaA9eCp6WlpaWlpaWlpaWlfaN2HfrVpGDBHyXZ9xWLljegpaWlpaWlpaWlpaWl7aK5KUScUKM7pkRh+bjni2lpaWlpaWlpaWlpaV+rbfFtqWRxb1dlm9Ml6btfqxGlpaWlpaWlpaWlpaX907Vtl5L\/9s+\/7alCS0tLS0tLS0tLS0v7h2oXx77oUlIu2bp48iiekjK8YtDS0tLS0tLS0tLS0j5bu3dFkyO357\/VlL+mAtNLlnzgdpHdo6WlpaWlpaWlpaWlfaJ2JWtnrN0gfwaLXwscpTpzCjRDX0paWlpaWlpaWlpaWtpna\/dca\/m5yGW7\/+nZadh1rvGclrrqUkJLS0tLS0tLS0tLS\/tEbRMiXmmnZ2\/nE\/WOiZcC15Tno6WlpaWlpaWlpaWlfb52z+1BcqrtKOm8RTzZVGymwDUHn7S0tLS0tLS0tLS0tK\/QHmG8Wq2rTCtNhZSFfOSazLDfrT78oKWlpaWlpaWlpaWlfYk2LTIFkLkh5OgUUzXlcS7HPO60JRnXMwhoaWlpaWlpaWlpaWkfpS1BZVs02Wx6Kwm7cd7glppTnqZll\/9oaWlpaWlpaWlpaWnfok15uVIH2ZZojryPrbgrrwzA3vJPRUtLS0tLS0tLS0tL+zJtig5TG8hyXQpDxzm8HN29p+Fr1zMIaGlpaWlpaWlpaWlpH6adKiJrdJg687fpvOIe3U661OZkxO10tLS0tLS0tLS0tLS0T9am3WvluzTneiqarAnA6cdIi6blb+\/do6WlpaWlpaWlpaWlfYp2qn4c4dbatKTtZrL+kwPIIw\/epqWlpaWlpaWlpaWlfZO2eWyO8OpuuPTYHIE2EwFyYSYtLS0tLS0tLS0tLe1btFPN49WetdRpJDX+34KinZY9pRs3WlpaWlpaWlpaWlral2hL\/m7VLrLd5baApiaRza656yiSlpaWlpaWlpaWlpb2idpjEUWWbW173g13NZptX6ycZrvR0tLS0tLS0tLS0tK+SbvqKpISgKkNZLkjrbedHznhm\/CSlpaWlpaWlpaWlpb2+dqjCwe3WAI5k1OwOMKRZMW4x7pPWlpaWlpaWlpaWlraJ2tL+eSq436Zu9aUVE6Ltvm7dF0IOWlpaWlpaWlpaWlpaZ+sLaWSo6u\/3ELp5Sij1HJ7\/r2snOs061laWlpaWlpaWlpaWtqna9vnJNnncu1mtnaVLacMS3i597vhaGlpaWlpaWlpaWlpn6htu\/Cn\/iJ7aVqS83zp1fZF3Nm+My0tLS0tLS0tLS0t7dO1ORKcUnfp7I3YsVZY5qTg\/SiSlpaWlpaWlpaWlpb2idq9W24v5BLhHdex4\/Gd19juTMGmpaWlpaWlpaWlpaV9lHa662qw9ddK+2IodskRHue8YQ1h089HS0tLS0tLS0tLS0v7Cm0pmty6yLIB5BBxBSi1lvUnuFl1SUtLS0tLS0tLS0tL+wDtlM6bnr1O06VKzFQ+maopPxfdl5ElLS0tLS0tLS0tLS3ts7UlYtxKIi4lAHP3kToxraBOpZztRDdaWlpaWlpaWlpaWtr3aEtryD2Hg20OLr\/kuulkSi2e3oCWlpaWlpaWlpaWlvZN2pOilF42Y6+nMPTqti0PVZuKOsvPQktLS0tLS0tLS0tL+x5trassqzdhYz4x8pve2jW309LS0tLS0tLS0tLSvku7ncPB1p06jaRwMGX3pk10k3u1sY6WlpaWlpaWlpaWlvbp2mkzWzqRFl7XX7ZLparLMtZtXEzBpqWlpaWlpaWlpaWlfZh2SquNxYi0HCfu3R2pI8mRt9il6JWWlpaWlpaWlpaWlvYl2qap4yTLSbyjK8JcHSnGnIy0tLS0tLS0tLS0tLRv0h7n2sgR2pK0PUdOoWSOQKdkXzvRbSvb7mhpaWlpaWlpaWlpaV+h\/WStZ1ofpfvIYs517U2S3qVNMnZVl7S0tLS0tLS0tLS0tE\/Ubjmdd6NHf4kEU+VkerWtdK3McwVoaWlpaWlpaWlpaWlfoC273JpkX87fje9814SSecMcLS0tLS0tLS0tLS3tW7Slq39TAlm2v01b506RZWkmeYRnpHzgVka90dLS0tLS0tLS0tLSPl1bPE01ZYknt1xcme9NAWSzXqjEpKWlpaWlpaWlpaWlfYF2XJVUlvTbONdptquMssGtBJpplY2WlpaWlpaWlpaWlvYl2mn1WyHi3g1QO+4b09k7VZe0tLS0tLS0tLS0tLQP1Y5vz05rL9k62WpQ9rRhjpaWlpaWlpaWlpaW9j3adHy+QZ2OlnpL5vnVddF22toUiy6rLmlpaWlpaWlpaWlpaR+lzdFhUwyZuork1N3RRZF7iEB\/bQo2LS0tLS0tLS0tLS3tU7TbOdZr6i9LreWes3Htfyk0\/YUokpaWlpaWlpaWlpaW9pHatl5yCgLTvrhFGHqjef\/4bo0oLS0tLS0tLS0tLS3tO7SrWO+zyf\/p4\/Qut+o0926iGy0tLS0tLS0tLS0t7eu1bSSYWpqkZN8UhpYk3r5ICtLS0tLS0tLS0tLS0r5Mm\/AlwqudIst2unb7W00Unusqx1RwSUtLS0tLS0tLS0tL+ybtCMm5mrVL29Xavv3l4ik9eJx33DUvTktLS0tLS0tLS0tL+wrt\/\/+gpaWlpaWlpaWlpaWlpaWlpaWlpaWlpaWlpaWlpaWlpaWlpaWlpaWlpaWlpaWlpaWlpaWlpf1t2r8ArJaAY1NqwigAAAAASUVORK5CYII=",
            "ticket_url": "https:\/\/www.mercadopago.com.br\/payments\/25008040877\/ticket?caller_id=212135655&hash=1e29f393-0a53-4da6-82d9-1050ee6b9eec",
            "transaction_id": "PIXE9040088820220819000605713879589"
        },
        "type": "OPENPLATFORM"
    },
    "pos_id": null,
    "processing_mode": "aggregator",
    "refunds": [],
    "shipping_amount": 0,
    "sponsor_id": 208686191,
    "statement_descriptor": null,
    "status": "approved",
    "status_detail": "accredited",
    "store_id": null,
    "taxes_amount": 0,
    "transaction_amount": 60.25999999999999801048033987171947956085205078125,
    "transaction_amount_refunded": 0,
    "transaction_details": {
        "acquirer_reference": null,
        "bank_transfer_id": 1375464736,
        "external_resource_url": null,
        "financial_institution": "1",
        "installment_amount": 0,
        "net_received_amount": 59.659999999999996589394868351519107818603515625,
        "overpaid_amount": 0,
        "payable_deferral_period": null,
        "payment_method_reference_id": null,
        "total_paid_amount": 60.25999999999999801048033987171947956085205078125,
        "transaction_id": "PIXE9040088820220819000605713879589"
    }
}
08-18-2022 @ 21:06:32 - [successful_request]: Changing order status to: processing
