05-02-2022 @ 16:48:37 - [process_payment]: POST Custom: {
    "amount": "46.74",
    "currency_ratio": "1",
    "campaign_id": "",
    "campaign": "",
    "discount": "",
    "paymentMethodId": "",
    "token": "",
    "checkout_type": "wallet_button"
}
05-02-2022 @ 16:48:37 - [process_payment]: preparing to render wallet button checkout.
05-02-2022 @ 16:48:38 - [Created preference: ]: Preference: {
    "binary_mode": false,
    "external_reference": "WC-13742",
    "notification_url": "https:\/\/www.sekiama.com.br\/wc-api\/WC_WooMercadoPago_Custom_Gateway\/?source_news=webhooks",
    "statement_descriptor": "Sekiama MP",
    "sponsor_id": 208686191,
    "items": [
        {
            "id": 197,
            "title": "Farofa com Muitas Sementes e Castanhas x 1",
            "description": "Foi-a-primeira-Farofa-lancada-no-mercado.-E-enriquecida-com-muitas-sementes-e-castanhas-e-sendo-riquissima-em-fibras-pode-ser-incluida-no-seu-dia-a-dia-de-forma-saudavel.-Farofa-sem-culpa-recheada-de-nutrientes-essenciais",
            "picture_url": "https:\/\/www.sekiama.com.br\/wp-content\/uploads\/2021\/11\/castanhas-frente.png",
            "category_id": "others",
            "quantity": 1,
            "unit_price": 16.89999999999999857891452847979962825775146484375,
            "currency_id": "BRL"
        },
        {
            "id": 195,
            "title": "Farofa com Muita Cebola x 1",
            "description": "Por-ser-incrivelmente-saborosa-a-Farofa-com-muita-cebola-crocante-e-a-campea-de-vendas-conquistando-todos-os-paladares.-Nesta-nobre-preparacao-a-farinha-de-mandioca-absorve-o-incrivel-sabor-da-cebola-fresca-resultando-em",
            "picture_url": "https:\/\/www.sekiama.com.br\/wp-content\/uploads\/2021\/11\/cebola-frente-1.png",
            "category_id": "others",
            "quantity": 1,
            "unit_price": 15.199999999999999289457264239899814128875732421875,
            "currency_id": "BRL"
        },
        {
            "title": "Sedex (Entrega em 10 dias úteis)",
            "description": "Serviço de envio usado pela loja.",
            "category_id": "others",
            "quantity": 1,
            "unit_price": 14.6400000000000005684341886080801486968994140625
        }
    ],
    "payer": {
        "name": "Lourdes",
        "surname": "Cabral",
        "email": "centercabral01@gmail.com",
        "phone": {
            "number": "(11) 5512-7848"
        },
        "address": {
            "zip_code": "05777-100",
            "street_name": "Manoel de Oliveira Falcão \/ São Paulo SP BR"
        }
    },
    "back_urls": {
        "success": "https:\/\/www.sekiama.com.br\/finalizar-compra\/order-received\/13742\/?key=wc_order_CUxBRcyRsDOHP",
        "failure": "https:\/\/www.sekiama.com.br\/carrinho\/?cancel_order=true&order=wc_order_CUxBRcyRsDOHP&order_id=13742&redirect&_wpnonce=c650502fd7",
        "pending": "https:\/\/www.sekiama.com.br\/finalizar-compra\/order-received\/13742\/?key=wc_order_CUxBRcyRsDOHP"
    },
    "shipments": {
        "receiver_address": {
            "zip_code": "05777-100",
            "street_name": "Manoel de Oliveira Falcão Casa São Paulo SP BR",
            "apartment": "Casa",
            "city_name": "São Paulo",
            "state_name": "SP"
        }
    },
    "payment_methods": {
        "installments": 12,
        "excluded_payment_methods": []
    },
    "auto_return": "approved",
    "metadata": {
        "platform": "bo2hnr2ic4p001kbgpt0",
        "platform_version": "6.4.1",
        "module_version": "5.7.6",
        "site_id": "mlb",
        "sponsor_id": 208686191,
        "collector": "163745094",
        "test_mode": false,
        "details": "",
        "basic_settings": {
            "enabled": "no",
            "currency_conversion": "no",
            "installments": "1",
            "method": "redirect",
            "auto_return": "yes",
            "binary_mode": "no",
            "ex_payments_master": "yes",
            "ex_payments_hipercard": "yes",
            "ex_payments_amex": "yes",
            "ex_payments_elo": "yes",
            "ex_payments_visa": "yes",
            "ex_payments_debvisa": "yes",
            "ex_payments_debelo": "yes",
            "ex_payments_pec": "yes",
            "ex_payments_bolbradesco": "yes",
            "gateway_discount_checkbox": "no",
            "commission_checkbox": "no",
            "checkbox_checkout_test_mode": "yes",
            "checkout_credential_prod": "deprecated"
        },
        "custom_settings": {
            "enabled": "yes",
            "currency_conversion": "no",
            "wallet_button": "yes",
            "coupon_mode": "no",
            "binary_mode": "no",
            "gateway_discount_checkbox": "no",
            "commission_checkbox": "no",
            "checkbox_checkout_test_mode": "yes",
            "checkout_credential_prod": "deprecated"
        },
        "ticket_settings": [],
        "pix_settings": {
            "enabled": "yes"
        },
        "seller_website": "https:\/\/www.sekiama.com.br",
        "billing_address": {
            "zip_code": "05777-100",
            "street_name": "Manoel de Oliveira Falcão",
            "city_name": "São Paulo",
            "state_name": "SP",
            "country_name": "BR"
        },
        "user": {
            "registered_user": "no",
            "user_email": null,
            "user_registration_date": null
        },
        "checkout": "pro",
        "checkout_type": "wallet_button"
    },
    "purpose": "wallet_purchase"
}
05-02-2022 @ 16:48:38 - [create_preference_wallet_button]: Created Preference: {
    "status": 201,
    "response": {
        "additional_info": "",
        "auto_return": "approved",
        "back_urls": {
            "failure": "https:\/\/www.sekiama.com.br\/carrinho\/?cancel_order=true&order=wc_order_CUxBRcyRsDOHP&order_id=13742&redirect&_wpnonce=c650502fd7",
            "pending": "https:\/\/www.sekiama.com.br\/finalizar-compra\/order-received\/13742\/?key=wc_order_CUxBRcyRsDOHP",
            "success": "https:\/\/www.sekiama.com.br\/finalizar-compra\/order-received\/13742\/?key=wc_order_CUxBRcyRsDOHP"
        },
        "binary_mode": false,
        "client_id": "6290074584163570",
        "collector_id": 163745094,
        "coupon_code": null,
        "coupon_labels": null,
        "date_created": "2022-05-02T19:48:38.330+00:00",
        "date_of_expiration": null,
        "expiration_date_from": null,
        "expiration_date_to": null,
        "expires": false,
        "external_reference": "WC-13742",
        "id": "163745094-51a881e9-83e3-4bbc-a06a-1e4e2319b0bd",
        "init_point": "https:\/\/www.mercadopago.com.br\/checkout\/v1\/redirect?pref_id=163745094-51a881e9-83e3-4bbc-a06a-1e4e2319b0bd",
        "internal_metadata": null,
        "items": [
            {
                "id": "197",
                "category_id": "others",
                "currency_id": "BRL",
                "description": "Foi-a-primeira-Farofa-lancada-no-mercado.-E-enriquecida-com-muitas-sementes-e-castanhas-e-sendo-riquissima-em-fibras-pode-ser-incluida-no-seu-dia-a-dia-de-forma-saudavel.-Farofa-sem-culpa-recheada-de-nutrientes-essenciais",
                "picture_url": "https:\/\/www.sekiama.com.br\/wp-content\/uploads\/2021\/11\/castanhas-frente.png",
                "title": "Farofa com Muitas Sementes e Castanhas x 1",
                "quantity": 1,
                "unit_price": 16.89999999999999857891452847979962825775146484375
            },
            {
                "id": "195",
                "category_id": "others",
                "currency_id": "BRL",
                "description": "Por-ser-incrivelmente-saborosa-a-Farofa-com-muita-cebola-crocante-e-a-campea-de-vendas-conquistando-todos-os-paladares.-Nesta-nobre-preparacao-a-farinha-de-mandioca-absorve-o-incrivel-sabor-da-cebola-fresca-resultando-em",
                "picture_url": "https:\/\/www.sekiama.com.br\/wp-content\/uploads\/2021\/11\/cebola-frente-1.png",
                "title": "Farofa com Muita Cebola x 1",
                "quantity": 1,
                "unit_price": 15.199999999999999289457264239899814128875732421875
            },
            {
                "id": "",
                "category_id": "others",
                "currency_id": "BRL",
                "description": "Serviço de envio usado pela loja.",
                "title": "Sedex (Entrega em 10 dias úteis)",
                "quantity": 1,
                "unit_price": 14.6400000000000005684341886080801486968994140625
            }
        ],
        "marketplace": "NONE",
        "marketplace_fee": 0,
        "metadata": {
            "basic_settings": {
                "auto_return": "yes",
                "binary_mode": "no",
                "checkbox_checkout_test_mode": "yes",
                "checkout_credential_prod": "deprecated",
                "commission_checkbox": "no",
                "currency_conversion": "no",
                "enabled": "no",
                "ex_payments_amex": "yes",
                "ex_payments_bolbradesco": "yes",
                "ex_payments_debelo": "yes",
                "ex_payments_debvisa": "yes",
                "ex_payments_elo": "yes",
                "ex_payments_hipercard": "yes",
                "ex_payments_master": "yes",
                "ex_payments_pec": "yes",
                "ex_payments_visa": "yes",
                "gateway_discount_checkbox": "no",
                "installments": "1",
                "method": "redirect"
            },
            "billing_address": {
                "city_name": "São Paulo",
                "country_name": "BR",
                "state_name": "SP",
                "street_name": "Manoel de Oliveira Falcão",
                "zip_code": "05777-100"
            },
            "checkout": "pro",
            "checkout_type": "wallet_button",
            "collector": "163745094",
            "custom_settings": {
                "binary_mode": "no",
                "checkbox_checkout_test_mode": "yes",
                "checkout_credential_prod": "deprecated",
                "commission_checkbox": "no",
                "coupon_mode": "no",
                "currency_conversion": "no",
                "enabled": "yes",
                "gateway_discount_checkbox": "no",
                "wallet_button": "yes"
            },
            "details": "",
            "module_version": "5.7.6",
            "pix_settings": {
                "enabled": "yes"
            },
            "platform": "bo2hnr2ic4p001kbgpt0",
            "platform_version": "6.4.1",
            "seller_website": "https:\/\/www.sekiama.com.br",
            "site_id": "mlb",
            "sponsor_id": 208686191,
            "test_mode": false,
            "ticket_settings": [],
            "user": {
                "registered_user": "no",
                "user_email": null,
                "user_registration_date": null
            }
        },
        "notification_url": "https:\/\/www.sekiama.com.br\/wc-api\/WC_WooMercadoPago_Custom_Gateway\/?source_news=webhooks",
        "operation_type": "regular_payment",
        "payer": {
            "phone": {
                "area_code": "",
                "number": "(11) 5512-7848"
            },
            "address": {
                "zip_code": "05777-100",
                "street_name": "Manoel de Oliveira Falcão  São Paulo SP BR",
                "street_number": null
            },
            "email": "centercabral01@gmail.com",
            "identification": {
                "number": "",
                "type": ""
            },
            "name": "Lourdes",
            "surname": "Cabral",
            "date_created": null,
            "last_purchase": null
        },
        "payment_methods": {
            "default_card_id": null,
            "default_payment_method_id": null,
            "excluded_payment_methods": [
                {
                    "id": ""
                }
            ],
            "excluded_payment_types": [
                {
                    "id": ""
                }
            ],
            "installments": 12,
            "default_installments": null
        },
        "processing_modes": null,
        "product_id": null,
        "redirect_urls": {
            "failure": "",
            "pending": "",
            "success": ""
        },
        "sandbox_init_point": "https:\/\/sandbox.mercadopago.com.br\/checkout\/v1\/redirect?pref_id=163745094-51a881e9-83e3-4bbc-a06a-1e4e2319b0bd",
        "site_id": "MLB",
        "shipments": {
            "default_shipping_method": null,
            "receiver_address": {
                "zip_code": "05777-100",
                "street_name": "Manoel de Oliveira Falcão Casa São Paulo SP BR",
                "street_number": null,
                "floor": "",
                "apartment": "Casa",
                "city_name": "São Paulo",
                "state_name": "SP",
                "country_name": null
            }
        },
        "sponsor_id": 208686191,
        "statement_descriptor": "Sekiama MP",
        "total_amount": null,
        "last_updated": null
    }
}
05-02-2022 @ 16:48:38 - [create_preference_wallet_button]: payment link generated with success from mercado pago, with structure as follow: {
    "status": 201,
    "response": {
        "additional_info": "",
        "auto_return": "approved",
        "back_urls": {
            "failure": "https:\/\/www.sekiama.com.br\/carrinho\/?cancel_order=true&order=wc_order_CUxBRcyRsDOHP&order_id=13742&redirect&_wpnonce=c650502fd7",
            "pending": "https:\/\/www.sekiama.com.br\/finalizar-compra\/order-received\/13742\/?key=wc_order_CUxBRcyRsDOHP",
            "success": "https:\/\/www.sekiama.com.br\/finalizar-compra\/order-received\/13742\/?key=wc_order_CUxBRcyRsDOHP"
        },
        "binary_mode": false,
        "client_id": "6290074584163570",
        "collector_id": 163745094,
        "coupon_code": null,
        "coupon_labels": null,
        "date_created": "2022-05-02T19:48:38.330+00:00",
        "date_of_expiration": null,
        "expiration_date_from": null,
        "expiration_date_to": null,
        "expires": false,
        "external_reference": "WC-13742",
        "id": "163745094-51a881e9-83e3-4bbc-a06a-1e4e2319b0bd",
        "init_point": "https:\/\/www.mercadopago.com.br\/checkout\/v1\/redirect?pref_id=163745094-51a881e9-83e3-4bbc-a06a-1e4e2319b0bd",
        "internal_metadata": null,
        "items": [
            {
                "id": "197",
                "category_id": "others",
                "currency_id": "BRL",
                "description": "Foi-a-primeira-Farofa-lancada-no-mercado.-E-enriquecida-com-muitas-sementes-e-castanhas-e-sendo-riquissima-em-fibras-pode-ser-incluida-no-seu-dia-a-dia-de-forma-saudavel.-Farofa-sem-culpa-recheada-de-nutrientes-essenciais",
                "picture_url": "https:\/\/www.sekiama.com.br\/wp-content\/uploads\/2021\/11\/castanhas-frente.png",
                "title": "Farofa com Muitas Sementes e Castanhas x 1",
                "quantity": 1,
                "unit_price": 16.89999999999999857891452847979962825775146484375
            },
            {
                "id": "195",
                "category_id": "others",
                "currency_id": "BRL",
                "description": "Por-ser-incrivelmente-saborosa-a-Farofa-com-muita-cebola-crocante-e-a-campea-de-vendas-conquistando-todos-os-paladares.-Nesta-nobre-preparacao-a-farinha-de-mandioca-absorve-o-incrivel-sabor-da-cebola-fresca-resultando-em",
                "picture_url": "https:\/\/www.sekiama.com.br\/wp-content\/uploads\/2021\/11\/cebola-frente-1.png",
                "title": "Farofa com Muita Cebola x 1",
                "quantity": 1,
                "unit_price": 15.199999999999999289457264239899814128875732421875
            },
            {
                "id": "",
                "category_id": "others",
                "currency_id": "BRL",
                "description": "Serviço de envio usado pela loja.",
                "title": "Sedex (Entrega em 10 dias úteis)",
                "quantity": 1,
                "unit_price": 14.6400000000000005684341886080801486968994140625
            }
        ],
        "marketplace": "NONE",
        "marketplace_fee": 0,
        "metadata": {
            "basic_settings": {
                "auto_return": "yes",
                "binary_mode": "no",
                "checkbox_checkout_test_mode": "yes",
                "checkout_credential_prod": "deprecated",
                "commission_checkbox": "no",
                "currency_conversion": "no",
                "enabled": "no",
                "ex_payments_amex": "yes",
                "ex_payments_bolbradesco": "yes",
                "ex_payments_debelo": "yes",
                "ex_payments_debvisa": "yes",
                "ex_payments_elo": "yes",
                "ex_payments_hipercard": "yes",
                "ex_payments_master": "yes",
                "ex_payments_pec": "yes",
                "ex_payments_visa": "yes",
                "gateway_discount_checkbox": "no",
                "installments": "1",
                "method": "redirect"
            },
            "billing_address": {
                "city_name": "São Paulo",
                "country_name": "BR",
                "state_name": "SP",
                "street_name": "Manoel de Oliveira Falcão",
                "zip_code": "05777-100"
            },
            "checkout": "pro",
            "checkout_type": "wallet_button",
            "collector": "163745094",
            "custom_settings": {
                "binary_mode": "no",
                "checkbox_checkout_test_mode": "yes",
                "checkout_credential_prod": "deprecated",
                "commission_checkbox": "no",
                "coupon_mode": "no",
                "currency_conversion": "no",
                "enabled": "yes",
                "gateway_discount_checkbox": "no",
                "wallet_button": "yes"
            },
            "details": "",
            "module_version": "5.7.6",
            "pix_settings": {
                "enabled": "yes"
            },
            "platform": "bo2hnr2ic4p001kbgpt0",
            "platform_version": "6.4.1",
            "seller_website": "https:\/\/www.sekiama.com.br",
            "site_id": "mlb",
            "sponsor_id": 208686191,
            "test_mode": false,
            "ticket_settings": [],
            "user": {
                "registered_user": "no",
                "user_email": null,
                "user_registration_date": null
            }
        },
        "notification_url": "https:\/\/www.sekiama.com.br\/wc-api\/WC_WooMercadoPago_Custom_Gateway\/?source_news=webhooks",
        "operation_type": "regular_payment",
        "payer": {
            "phone": {
                "area_code": "",
                "number": "(11) 5512-7848"
            },
            "address": {
                "zip_code": "05777-100",
                "street_name": "Manoel de Oliveira Falcão  São Paulo SP BR",
                "street_number": null
            },
            "email": "centercabral01@gmail.com",
            "identification": {
                "number": "",
                "type": ""
            },
            "name": "Lourdes",
            "surname": "Cabral",
            "date_created": null,
            "last_purchase": null
        },
        "payment_methods": {
            "default_card_id": null,
            "default_payment_method_id": null,
            "excluded_payment_methods": [
                {
                    "id": ""
                }
            ],
            "excluded_payment_types": [
                {
                    "id": ""
                }
            ],
            "installments": 12,
            "default_installments": null
        },
        "processing_modes": null,
        "product_id": null,
        "redirect_urls": {
            "failure": "",
            "pending": "",
            "success": ""
        },
        "sandbox_init_point": "https:\/\/sandbox.mercadopago.com.br\/checkout\/v1\/redirect?pref_id=163745094-51a881e9-83e3-4bbc-a06a-1e4e2319b0bd",
        "site_id": "MLB",
        "shipments": {
            "default_shipping_method": null,
            "receiver_address": {
                "zip_code": "05777-100",
                "street_name": "Manoel de Oliveira Falcão Casa São Paulo SP BR",
                "street_number": null,
                "floor": "",
                "apartment": "Casa",
                "city_name": "São Paulo",
                "state_name": "SP",
                "country_name": null
            }
        },
        "sponsor_id": 208686191,
        "statement_descriptor": "Sekiama MP",
        "total_amount": null,
        "last_updated": null
    }
}
