07-04-2022 @ 01:55:11 - [process_payment]: POST Custom: {
    "amount": "97.74",
    "currency_ratio": "1",
    "paymentMethodId": "",
    "checkout_type": "wallet_button",
    "installments": ""
}
07-04-2022 @ 01:55:11 - [process_payment]: preparing to render wallet button checkout.
07-04-2022 @ 01:55:12 - [Created preference: ]: Preference: {
    "binary_mode": false,
    "external_reference": "WC-13817",
    "notification_url": "https:\/\/www.sekiama.com.br\/wc-api\/WC_WooMercadoPago_Custom_Gateway\/?source_news=webhooks",
    "statement_descriptor": "Sekiama MP",
    "sponsor_id": 208686191,
    "items": [
        {
            "id": 196,
            "title": "Farofa para Churrasco com Manteiga x 4",
            "description": "Baseada-em-uma-receita-caseira-esta-farofa-consegue-ao-mesmo-tempo-ser-crocante-e-ter-um-sabor-bastante-marcado-de-manteiga.-Desenvolvida-especialmente-para-os-apreciadores-de-churrasco-esta-farofa-ira-conquistar-um-espaco-em",
            "picture_url": "https:\/\/www.sekiama.com.br\/wp-content\/uploads\/2021\/11\/churrasco-frente-1.png",
            "category_id": "others",
            "quantity": 1,
            "unit_price": 69.2000000000000028421709430404007434844970703125,
            "currency_id": "BRL"
        },
        {
            "title": "Sequoia SFX (Entrega em 6 dias úteis)",
            "description": "Serviço de envio usado pela loja.",
            "category_id": "others",
            "quantity": 1,
            "unit_price": 28.53999999999999914734871708787977695465087890625
        }
    ],
    "payer": {
        "name": "ATTILA",
        "surname": "MAGNO E SILVA BARBOSA",
        "email": "barbosaattila@uol.com.br",
        "phone": {
            "number": "(53) 3307-7601"
        },
        "address": {
            "zip_code": "96020-045",
            "street_name": "Av. Pres. Juscelino Kubitscheck de Oliveira \/ Pelotas RS BR"
        }
    },
    "back_urls": {
        "success": "https:\/\/www.sekiama.com.br\/finalizar-compra\/order-received\/13817\/?key=wc_order_ZOr59yGsWp2RQ",
        "failure": "https:\/\/www.sekiama.com.br\/carrinho\/?cancel_order=true&order=wc_order_ZOr59yGsWp2RQ&order_id=13817&redirect&_wpnonce=f62c09e777",
        "pending": "https:\/\/www.sekiama.com.br\/finalizar-compra\/order-received\/13817\/?key=wc_order_ZOr59yGsWp2RQ"
    },
    "shipments": {
        "receiver_address": {
            "zip_code": "96020-045",
            "street_name": "Av. Pres. Juscelino Kubitscheck de Oliveira 705 B Pelotas RS BR",
            "apartment": "705 B",
            "city_name": "Pelotas",
            "state_name": "RS"
        }
    },
    "payment_methods": {
        "installments": 12,
        "excluded_payment_methods": []
    },
    "auto_return": "approved",
    "metadata": {
        "platform": "bo2hnr2ic4p001kbgpt0",
        "platform_version": "6.6.1",
        "module_version": "6.0.1",
        "site_id": "mlb",
        "sponsor_id": 208686191,
        "collector": "163745094",
        "test_mode": false,
        "details": "",
        "basic_settings": {
            "enabled": "no",
            "currency_conversion": "no",
            "installments": "1",
            "method": "redirect",
            "auto_return": "yes",
            "binary_mode": "no",
            "ex_payments_master": "yes",
            "ex_payments_hipercard": "yes",
            "ex_payments_amex": "yes",
            "ex_payments_elo": "yes",
            "ex_payments_visa": "yes",
            "ex_payments_debvisa": "yes",
            "ex_payments_debelo": "yes",
            "ex_payments_pec": "yes",
            "ex_payments_bolbradesco": "yes",
            "gateway_discount_checkbox": "no",
            "commission_checkbox": "no",
            "checkbox_checkout_test_mode": "yes",
            "checkout_credential_prod": "deprecated"
        },
        "custom_settings": {
            "enabled": "yes",
            "currency_conversion": "no",
            "wallet_button": "yes",
            "coupon_mode": "no",
            "binary_mode": "no",
            "gateway_discount_checkbox": "no",
            "commission_checkbox": "no",
            "checkbox_checkout_test_mode": "yes",
            "checkout_credential_prod": "deprecated"
        },
        "ticket_settings": [],
        "pix_settings": {
            "enabled": "yes"
        },
        "seller_website": "https:\/\/www.sekiama.com.br",
        "billing_address": {
            "zip_code": "96020-045",
            "street_name": "Av. Pres. Juscelino Kubitscheck de Oliveira",
            "city_name": "Pelotas",
            "state_name": "RS",
            "country_name": "BR"
        },
        "user": {
            "registered_user": "yes",
            "user_email": "barbosaattila@uol.com.br",
            "user_registration_date": "2022-05-18T00:58:31.000+00:00"
        },
        "checkout": "pro",
        "checkout_type": "wallet_button"
    },
    "purpose": "wallet_purchase"
}
07-04-2022 @ 01:55:13 - [create_preference_wallet_button]: Created Preference: {
    "status": 201,
    "response": {
        "additional_info": "",
        "auto_return": "approved",
        "back_urls": {
            "failure": "https:\/\/www.sekiama.com.br\/carrinho\/?cancel_order=true&order=wc_order_ZOr59yGsWp2RQ&order_id=13817&redirect&_wpnonce=f62c09e777",
            "pending": "https:\/\/www.sekiama.com.br\/finalizar-compra\/order-received\/13817\/?key=wc_order_ZOr59yGsWp2RQ",
            "success": "https:\/\/www.sekiama.com.br\/finalizar-compra\/order-received\/13817\/?key=wc_order_ZOr59yGsWp2RQ"
        },
        "binary_mode": false,
        "client_id": "6290074584163570",
        "collector_id": 163745094,
        "coupon_code": null,
        "coupon_labels": null,
        "date_created": "2022-07-04T00:55:10.686-04:00",
        "date_of_expiration": null,
        "expiration_date_from": null,
        "expiration_date_to": null,
        "expires": false,
        "external_reference": "WC-13817",
        "id": "163745094-c61b14a4-d428-4706-9915-0edb17a3a427",
        "init_point": "https:\/\/www.mercadopago.com.br\/checkout\/v1\/redirect?pref_id=163745094-c61b14a4-d428-4706-9915-0edb17a3a427",
        "internal_metadata": null,
        "items": [
            {
                "id": "196",
                "category_id": "others",
                "currency_id": "BRL",
                "description": "Baseada-em-uma-receita-caseira-esta-farofa-consegue-ao-mesmo-tempo-ser-crocante-e-ter-um-sabor-bastante-marcado-de-manteiga.-Desenvolvida-especialmente-para-os-apreciadores-de-churrasco-esta-farofa-ira-conquistar-um-espaco-em",
                "picture_url": "https:\/\/www.sekiama.com.br\/wp-content\/uploads\/2021\/11\/churrasco-frente-1.png",
                "title": "Farofa para Churrasco com Manteiga x 4",
                "quantity": 1,
                "unit_price": 69.2000000000000028421709430404007434844970703125
            },
            {
                "id": "",
                "category_id": "others",
                "currency_id": "BRL",
                "description": "Serviço de envio usado pela loja.",
                "title": "Sequoia SFX (Entrega em 6 dias úteis)",
                "quantity": 1,
                "unit_price": 28.53999999999999914734871708787977695465087890625
            }
        ],
        "marketplace": "NONE",
        "marketplace_fee": 0,
        "metadata": {
            "basic_settings": {
                "auto_return": "yes",
                "binary_mode": "no",
                "checkbox_checkout_test_mode": "yes",
                "checkout_credential_prod": "deprecated",
                "commission_checkbox": "no",
                "currency_conversion": "no",
                "enabled": "no",
                "ex_payments_amex": "yes",
                "ex_payments_bolbradesco": "yes",
                "ex_payments_debelo": "yes",
                "ex_payments_debvisa": "yes",
                "ex_payments_elo": "yes",
                "ex_payments_hipercard": "yes",
                "ex_payments_master": "yes",
                "ex_payments_pec": "yes",
                "ex_payments_visa": "yes",
                "gateway_discount_checkbox": "no",
                "installments": "1",
                "method": "redirect"
            },
            "billing_address": {
                "city_name": "Pelotas",
                "country_name": "BR",
                "state_name": "RS",
                "street_name": "Av. Pres. Juscelino Kubitscheck de Oliveira",
                "zip_code": "96020-045"
            },
            "checkout": "pro",
            "checkout_type": "wallet_button",
            "collector": "163745094",
            "custom_settings": {
                "binary_mode": "no",
                "checkbox_checkout_test_mode": "yes",
                "checkout_credential_prod": "deprecated",
                "commission_checkbox": "no",
                "coupon_mode": "no",
                "currency_conversion": "no",
                "enabled": "yes",
                "gateway_discount_checkbox": "no",
                "wallet_button": "yes"
            },
            "details": "",
            "module_version": "6.0.1",
            "pix_settings": {
                "enabled": "yes"
            },
            "platform": "bo2hnr2ic4p001kbgpt0",
            "platform_version": "6.6.1",
            "seller_website": "https:\/\/www.sekiama.com.br",
            "site_id": "mlb",
            "sponsor_id": 208686191,
            "test_mode": false,
            "ticket_settings": [],
            "user": {
                "registered_user": "yes",
                "user_email": "barbosaattila@uol.com.br",
                "user_registration_date": "2022-05-18T00:58:31.000+00:00"
            }
        },
        "notification_url": "https:\/\/www.sekiama.com.br\/wc-api\/WC_WooMercadoPago_Custom_Gateway\/?source_news=webhooks",
        "operation_type": "regular_payment",
        "payer": {
            "phone": {
                "area_code": "",
                "number": "(53) 3307-7601"
            },
            "address": {
                "zip_code": "96020-045",
                "street_name": "Av. Pres. Juscelino Kubitscheck de Oliveira  Pelotas RS BR",
                "street_number": null
            },
            "email": "barbosaattila@uol.com.br",
            "identification": {
                "number": "",
                "type": ""
            },
            "name": "ATTILA",
            "surname": "MAGNO E SILVA BARBOSA",
            "date_created": null,
            "last_purchase": null
        },
        "payment_methods": {
            "default_card_id": null,
            "default_payment_method_id": null,
            "excluded_payment_methods": [
                {
                    "id": ""
                }
            ],
            "excluded_payment_types": [
                {
                    "id": ""
                }
            ],
            "installments": 12,
            "default_installments": null
        },
        "processing_modes": null,
        "product_id": null,
        "redirect_urls": {
            "failure": "",
            "pending": "",
            "success": ""
        },
        "sandbox_init_point": "https:\/\/sandbox.mercadopago.com.br\/checkout\/v1\/redirect?pref_id=163745094-c61b14a4-d428-4706-9915-0edb17a3a427",
        "site_id": "MLB",
        "shipments": {
            "default_shipping_method": null,
            "receiver_address": {
                "zip_code": "96020-045",
                "street_name": "Av. Pres. Juscelino Kubitscheck de Oliveira 705 B Pelotas RS BR",
                "street_number": null,
                "floor": "",
                "apartment": "705 B",
                "city_name": "Pelotas",
                "state_name": "RS",
                "country_name": null
            }
        },
        "sponsor_id": 208686191,
        "statement_descriptor": "Sekiama MP",
        "total_amount": null,
        "last_updated": null
    }
}
07-04-2022 @ 01:55:13 - [create_preference_wallet_button]: payment link generated with success from mercado pago, with structure as follow: {
    "status": 201,
    "response": {
        "additional_info": "",
        "auto_return": "approved",
        "back_urls": {
            "failure": "https:\/\/www.sekiama.com.br\/carrinho\/?cancel_order=true&order=wc_order_ZOr59yGsWp2RQ&order_id=13817&redirect&_wpnonce=f62c09e777",
            "pending": "https:\/\/www.sekiama.com.br\/finalizar-compra\/order-received\/13817\/?key=wc_order_ZOr59yGsWp2RQ",
            "success": "https:\/\/www.sekiama.com.br\/finalizar-compra\/order-received\/13817\/?key=wc_order_ZOr59yGsWp2RQ"
        },
        "binary_mode": false,
        "client_id": "6290074584163570",
        "collector_id": 163745094,
        "coupon_code": null,
        "coupon_labels": null,
        "date_created": "2022-07-04T00:55:10.686-04:00",
        "date_of_expiration": null,
        "expiration_date_from": null,
        "expiration_date_to": null,
        "expires": false,
        "external_reference": "WC-13817",
        "id": "163745094-c61b14a4-d428-4706-9915-0edb17a3a427",
        "init_point": "https:\/\/www.mercadopago.com.br\/checkout\/v1\/redirect?pref_id=163745094-c61b14a4-d428-4706-9915-0edb17a3a427",
        "internal_metadata": null,
        "items": [
            {
                "id": "196",
                "category_id": "others",
                "currency_id": "BRL",
                "description": "Baseada-em-uma-receita-caseira-esta-farofa-consegue-ao-mesmo-tempo-ser-crocante-e-ter-um-sabor-bastante-marcado-de-manteiga.-Desenvolvida-especialmente-para-os-apreciadores-de-churrasco-esta-farofa-ira-conquistar-um-espaco-em",
                "picture_url": "https:\/\/www.sekiama.com.br\/wp-content\/uploads\/2021\/11\/churrasco-frente-1.png",
                "title": "Farofa para Churrasco com Manteiga x 4",
                "quantity": 1,
                "unit_price": 69.2000000000000028421709430404007434844970703125
            },
            {
                "id": "",
                "category_id": "others",
                "currency_id": "BRL",
                "description": "Serviço de envio usado pela loja.",
                "title": "Sequoia SFX (Entrega em 6 dias úteis)",
                "quantity": 1,
                "unit_price": 28.53999999999999914734871708787977695465087890625
            }
        ],
        "marketplace": "NONE",
        "marketplace_fee": 0,
        "metadata": {
            "basic_settings": {
                "auto_return": "yes",
                "binary_mode": "no",
                "checkbox_checkout_test_mode": "yes",
                "checkout_credential_prod": "deprecated",
                "commission_checkbox": "no",
                "currency_conversion": "no",
                "enabled": "no",
                "ex_payments_amex": "yes",
                "ex_payments_bolbradesco": "yes",
                "ex_payments_debelo": "yes",
                "ex_payments_debvisa": "yes",
                "ex_payments_elo": "yes",
                "ex_payments_hipercard": "yes",
                "ex_payments_master": "yes",
                "ex_payments_pec": "yes",
                "ex_payments_visa": "yes",
                "gateway_discount_checkbox": "no",
                "installments": "1",
                "method": "redirect"
            },
            "billing_address": {
                "city_name": "Pelotas",
                "country_name": "BR",
                "state_name": "RS",
                "street_name": "Av. Pres. Juscelino Kubitscheck de Oliveira",
                "zip_code": "96020-045"
            },
            "checkout": "pro",
            "checkout_type": "wallet_button",
            "collector": "163745094",
            "custom_settings": {
                "binary_mode": "no",
                "checkbox_checkout_test_mode": "yes",
                "checkout_credential_prod": "deprecated",
                "commission_checkbox": "no",
                "coupon_mode": "no",
                "currency_conversion": "no",
                "enabled": "yes",
                "gateway_discount_checkbox": "no",
                "wallet_button": "yes"
            },
            "details": "",
            "module_version": "6.0.1",
            "pix_settings": {
                "enabled": "yes"
            },
            "platform": "bo2hnr2ic4p001kbgpt0",
            "platform_version": "6.6.1",
            "seller_website": "https:\/\/www.sekiama.com.br",
            "site_id": "mlb",
            "sponsor_id": 208686191,
            "test_mode": false,
            "ticket_settings": [],
            "user": {
                "registered_user": "yes",
                "user_email": "barbosaattila@uol.com.br",
                "user_registration_date": "2022-05-18T00:58:31.000+00:00"
            }
        },
        "notification_url": "https:\/\/www.sekiama.com.br\/wc-api\/WC_WooMercadoPago_Custom_Gateway\/?source_news=webhooks",
        "operation_type": "regular_payment",
        "payer": {
            "phone": {
                "area_code": "",
                "number": "(53) 3307-7601"
            },
            "address": {
                "zip_code": "96020-045",
                "street_name": "Av. Pres. Juscelino Kubitscheck de Oliveira  Pelotas RS BR",
                "street_number": null
            },
            "email": "barbosaattila@uol.com.br",
            "identification": {
                "number": "",
                "type": ""
            },
            "name": "ATTILA",
            "surname": "MAGNO E SILVA BARBOSA",
            "date_created": null,
            "last_purchase": null
        },
        "payment_methods": {
            "default_card_id": null,
            "default_payment_method_id": null,
            "excluded_payment_methods": [
                {
                    "id": ""
                }
            ],
            "excluded_payment_types": [
                {
                    "id": ""
                }
            ],
            "installments": 12,
            "default_installments": null
        },
        "processing_modes": null,
        "product_id": null,
        "redirect_urls": {
            "failure": "",
            "pending": "",
            "success": ""
        },
        "sandbox_init_point": "https:\/\/sandbox.mercadopago.com.br\/checkout\/v1\/redirect?pref_id=163745094-c61b14a4-d428-4706-9915-0edb17a3a427",
        "site_id": "MLB",
        "shipments": {
            "default_shipping_method": null,
            "receiver_address": {
                "zip_code": "96020-045",
                "street_name": "Av. Pres. Juscelino Kubitscheck de Oliveira 705 B Pelotas RS BR",
                "street_number": null,
                "floor": "",
                "apartment": "705 B",
                "city_name": "Pelotas",
                "state_name": "RS",
                "country_name": null
            }
        },
        "sponsor_id": 208686191,
        "statement_descriptor": "Sekiama MP",
        "total_amount": null,
        "last_updated": null
    }
}
07-04-2022 @ 01:56:48 - [check_ipn_response]: received _get content: {
    "data_id": "23695308683",
    "source_news": "webhooks",
    "type": "payment"
}
07-04-2022 @ 01:56:49 - [successful_request]: starting to process  update...
07-04-2022 @ 01:56:49 - [successful_request]: updating metadata and status with data: {
    "acquirer_reconciliation": [],
    "additional_info": {
        "authentication_code": null,
        "available_balance": null,
        "ip_address": "181.220.18.12",
        "items": [
            {
                "category_id": "others",
                "description": "Baseada-em-uma-receita-caseira-esta-farofa-consegue-ao-mesmo-tempo-ser-crocante-e-ter-um-sabor-bastante-marcado-de-manteiga.-Desenvolvida-especialmente-para-os-apreciadores-de-churrasco-esta-farofa-ira-conquistar-um-espaco-em",
                "id": "196",
                "picture_url": "https:\/\/www.sekiama.com.br\/wp-content\/uploads\/2021\/11\/churrasco-frente-1.png",
                "quantity": "1",
                "title": "Farofa para Churrasco com Manteiga x 4",
                "unit_price": "69.19999694824219"
            },
            {
                "category_id": "others",
                "description": "Serviço de envio usado pela loja.",
                "id": null,
                "picture_url": null,
                "quantity": "1",
                "title": "Sequoia SFX (Entrega em 6 dias úteis)",
                "unit_price": "28.540000915527344"
            }
        ],
        "nsu_processadora": null,
        "payer": {
            "address": {
                "street_name": "Av. Pres. Juscelino Kubitscheck de Oliveira  Pelotas RS BR",
                "zip_code": "96020-045"
            },
            "first_name": "ATTILA",
            "last_name": "MAGNO E SILVA BARBOSA",
            "phone": {
                "number": "(53) 3307-7601"
            }
        },
        "shipments": {
            "receiver_address": {
                "city_name": "Pelotas",
                "state_name": "RS",
                "street_name": "Av. Pres. Juscelino Kubitscheck de Oliveira 705 B Pelotas RS BR",
                "zip_code": "96020-045"
            }
        }
    },
    "authorization_code": "408696",
    "binary_mode": true,
    "brand_id": null,
    "call_for_authorize_id": null,
    "captured": true,
    "card": {
        "bin": "498407",
        "cardholder": {
            "identification": {
                "number": "46814329204",
                "type": "CPF"
            },
            "name": "ATTILA M S BARBOSA"
        },
        "date_created": "2022-07-04T00:56:38.000-04:00",
        "date_last_updated": "2022-07-04T00:56:38.000-04:00",
        "expiration_month": 6,
        "expiration_year": 2025,
        "first_six_digits": "498407",
        "id": "9097542598",
        "last_four_digits": "3559"
    },
    "charges_details": [],
    "collector_id": 163745094,
    "corporation_id": null,
    "counter_currency": null,
    "coupon_amount": 0,
    "currency_id": "BRL",
    "date_approved": null,
    "date_created": "2022-07-04T00:56:38.000-04:00",
    "date_last_updated": "2022-07-04T00:56:38.000-04:00",
    "date_of_expiration": null,
    "deduction_schema": null,
    "description": "Farofa para Churrasco com Manteiga x 4",
    "differential_pricing_id": null,
    "external_reference": "WC-13817",
    "fee_details": [],
    "id": 23695308683,
    "installments": 1,
    "integrator_id": null,
    "issuer_id": "25",
    "live_mode": true,
    "marketplace_owner": null,
    "merchant_account_id": null,
    "merchant_number": null,
    "metadata": {
        "basic_settings": {
            "ex_payments_debelo": "yes",
            "checkout_credential_prod": "deprecated",
            "checkbox_checkout_test_mode": "yes",
            "method": "redirect",
            "ex_payments_amex": "yes",
            "gateway_discount_checkbox": "no",
            "enabled": "no",
            "ex_payments_master": "yes",
            "ex_payments_pec": "yes",
            "ex_payments_visa": "yes",
            "ex_payments_bolbradesco": "yes",
            "commission_checkbox": "no",
            "binary_mode": "no",
            "currency_conversion": "no",
            "installments": "1",
            "ex_payments_debvisa": "yes",
            "ex_payments_elo": "yes",
            "auto_return": "yes",
            "ex_payments_hipercard": "yes"
        },
        "checkout_type": "wallet_button",
        "seller_website": "https:\/\/www.sekiama.com.br",
        "billing_address": {
            "city_name": "Pelotas",
            "state_name": "RS",
            "country_name": "BR",
            "street_name": "Av. Pres. Juscelino Kubitscheck de Oliveira",
            "zip_code": "96020-045"
        },
        "module_version": "6.0.1",
        "sponsor_id": 208686191,
        "collector": "163745094",
        "platform": "bo2hnr2ic4p001kbgpt0",
        "ticket_settings": [],
        "platform_version": "6.6.1",
        "test_mode": false,
        "site_id": "mlb",
        "custom_settings": {
            "checkout_credential_prod": "deprecated",
            "wallet_button": "yes",
            "commission_checkbox": "no",
            "checkbox_checkout_test_mode": "yes",
            "binary_mode": "no",
            "currency_conversion": "no",
            "coupon_mode": "no",
            "gateway_discount_checkbox": "no",
            "enabled": "yes"
        },
        "pix_settings": {
            "enabled": "yes"
        },
        "details": "",
        "checkout": "pro",
        "user": {
            "user_email": "barbosaattila@uol.com.br",
            "registered_user": "yes",
            "user_registration_date": "2022-05-18T00:58:31.000+00:00"
        }
    },
    "money_release_date": null,
    "money_release_schema": null,
    "money_release_status": null,
    "notification_url": "https:\/\/www.sekiama.com.br\/wc-api\/WC_WooMercadoPago_Custom_Gateway\/?source_news=webhooks",
    "operation_type": "regular_payment",
    "order": {
        "id": "5119041600",
        "type": "mercadopago"
    },
    "payer": {
        "email": null,
        "entity_type": null,
        "first_name": null,
        "id": "26739457",
        "identification": {
            "number": null,
            "type": null
        },
        "last_name": null,
        "operator_id": null,
        "phone": {
            "area_code": null,
            "extension": null,
            "number": null
        },
        "type": null
    },
    "payment_method_id": "visa",
    "payment_type_id": "credit_card",
    "platform_id": "bo2hnr2ic4p001kbgpt0",
    "point_of_interaction": {
        "business_info": {
            "sub_unit": "checkout_pro",
            "unit": "online_payments"
        },
        "type": "UNSPECIFIED"
    },
    "pos_id": null,
    "processing_mode": "aggregator",
    "refunds": [],
    "shipping_amount": 0,
    "sponsor_id": 208686191,
    "statement_descriptor": "MERCPAGO*SEKIAMAMP",
    "status": "rejected",
    "status_detail": "cc_rejected_high_risk",
    "store_id": null,
    "taxes_amount": 0,
    "transaction_amount": 97.7399999999999948840923025272786617279052734375,
    "transaction_amount_refunded": 0,
    "transaction_details": {
        "acquirer_reference": null,
        "external_resource_url": null,
        "financial_institution": null,
        "installment_amount": 97.7399999999999948840923025272786617279052734375,
        "net_received_amount": 0,
        "overpaid_amount": 0,
        "payable_deferral_period": null,
        "payment_method_reference_id": null,
        "total_paid_amount": 97.7399999999999948840923025272786617279052734375
    }
}
07-04-2022 @ 01:56:49 - [successful_request]: Changing order status to: failed
07-04-2022 @ 02:02:03 - [process_payment]: POST Custom: {
    "amount": "97.74",
    "currency_ratio": "1",
    "paymentMethodId": "visa",
    "checkout_type": "custom",
    "installments": "1"
}
07-04-2022 @ 02:02:03 - [process_payment]: preparing to get response of custom checkout.
07-04-2022 @ 02:02:03 - [Created preference: ]: Preference: {
    "binary_mode": false,
    "external_reference": "WC-13818",
    "notification_url": "https:\/\/www.sekiama.com.br\/wc-api\/WC_WooMercadoPago_Custom_Gateway\/?source_news=webhooks",
    "statement_descriptor": "Sekiama MP",
    "sponsor_id": 208686191,
    "transaction_amount": 97.7399999999999948840923025272786617279052734375,
    "description": "Farofa para Churrasco com Manteiga x 4",
    "installments": 1,
    "payment_method_id": "visa",
    "payer": {
        "email": "barbosaattila@uol.com.br"
    },
    "metadata": {
        "platform": "bo2hnr2ic4p001kbgpt0",
        "platform_version": "6.6.1",
        "module_version": "6.0.1",
        "site_id": "mlb",
        "sponsor_id": 208686191,
        "collector": "163745094",
        "test_mode": false,
        "details": "",
        "basic_settings": {
            "enabled": "no",
            "currency_conversion": "no",
            "installments": "1",
            "method": "redirect",
            "auto_return": "yes",
            "binary_mode": "no",
            "ex_payments_master": "yes",
            "ex_payments_hipercard": "yes",
            "ex_payments_amex": "yes",
            "ex_payments_elo": "yes",
            "ex_payments_visa": "yes",
            "ex_payments_debvisa": "yes",
            "ex_payments_debelo": "yes",
            "ex_payments_pec": "yes",
            "ex_payments_bolbradesco": "yes",
            "gateway_discount_checkbox": "no",
            "commission_checkbox": "no",
            "checkbox_checkout_test_mode": "yes",
            "checkout_credential_prod": "deprecated"
        },
        "custom_settings": {
            "enabled": "yes",
            "currency_conversion": "no",
            "wallet_button": "yes",
            "coupon_mode": "no",
            "binary_mode": "no",
            "gateway_discount_checkbox": "no",
            "commission_checkbox": "no",
            "checkbox_checkout_test_mode": "yes",
            "checkout_credential_prod": "deprecated"
        },
        "ticket_settings": [],
        "pix_settings": {
            "enabled": "yes"
        },
        "seller_website": "https:\/\/www.sekiama.com.br",
        "billing_address": {
            "zip_code": "96020-045",
            "street_name": "Av. Pres. Juscelino Kubitscheck de Oliveira",
            "city_name": "Pelotas",
            "state_name": "RS",
            "country_name": "BR"
        },
        "user": {
            "registered_user": "yes",
            "user_email": "barbosaattila@uol.com.br",
            "user_registration_date": "2022-05-18T00:58:31.000+00:00"
        },
        "checkout": "custom",
        "checkout_type": "credit_card"
    },
    "additional_info": {
        "items": [
            {
                "id": 196,
                "title": "Farofa para Churrasco com Manteiga x 4",
                "description": "Baseada-em-uma-receita-caseira-esta-farofa-consegue-ao-mesmo-tempo-ser-crocante-e-ter-um-sabor-bastante-marcado-de-manteiga.-Desenvolvida-especialmente-para-os-apreciadores-de-churrasco-esta-farofa-ira-conquistar-um-espaco-em",
                "picture_url": "https:\/\/www.sekiama.com.br\/wp-content\/uploads\/2021\/11\/churrasco-frente-1.png",
                "category_id": "others",
                "quantity": 1,
                "unit_price": 69.2000000000000028421709430404007434844970703125
            },
            {
                "title": "Sequoia SFX (Entrega em 6 dias úteis)",
                "description": "Serviço de envio usado pela loja.",
                "category_id": "others",
                "quantity": 1,
                "unit_price": 28.53999999999999914734871708787977695465087890625
            }
        ],
        "payer": {
            "first_name": "ATTILA",
            "last_name": "MAGNO E SILVA BARBOSA",
            "phone": {
                "number": "(53) 3307-7601"
            },
            "address": {
                "zip_code": "96020-045",
                "street_name": "Av. Pres. Juscelino Kubitscheck de Oliveira \/ Pelotas RS BR"
            }
        },
        "shipments": {
            "receiver_address": {
                "zip_code": "96020-045",
                "street_name": "Av. Pres. Juscelino Kubitscheck de Oliveira 705 B Pelotas RS BR",
                "apartment": "705 B",
                "city_name": "Pelotas",
                "state_name": "RS"
            }
        }
    }
}
07-04-2022 @ 02:02:05 - [create_preference]: Preference created: {
    "status": 201,
    "response": {
        "id": 23695292988,
        "date_created": "2022-07-04T01:02:01.916-04:00",
        "date_approved": "2022-07-04T01:02:03.017-04:00",
        "date_last_updated": "2022-07-04T01:02:03.017-04:00",
        "date_of_expiration": null,
        "money_release_date": "2022-07-04T01:02:03.017-04:00",
        "money_release_status": null,
        "operation_type": "regular_payment",
        "issuer_id": "25",
        "payment_method_id": "visa",
        "payment_type_id": "credit_card",
        "status": "approved",
        "status_detail": "accredited",
        "currency_id": "BRL",
        "description": "Farofa para Churrasco com Manteiga x 4",
        "live_mode": true,
        "sponsor_id": 208686191,
        "authorization_code": "409725",
        "money_release_schema": null,
        "taxes_amount": 0,
        "counter_currency": null,
        "brand_id": null,
        "shipping_amount": 0,
        "pos_id": null,
        "store_id": null,
        "integrator_id": null,
        "platform_id": "bo2hnr2ic4p001kbgpt0",
        "corporation_id": null,
        "collector_id": 163745094,
        "payer": {
            "type": null,
            "id": "26739457",
            "operator_id": null,
            "email": "barbosaattila@uol.com.br",
            "identification": {
                "type": "CPF",
                "number": "46814329204"
            },
            "phone": {
                "area_code": null,
                "number": null,
                "extension": null
            },
            "first_name": null,
            "last_name": null,
            "entity_type": null
        },
        "marketplace_owner": null,
        "metadata": {
            "basic_settings": {
                "ex_payments_debelo": "yes",
                "checkout_credential_prod": "deprecated",
                "checkbox_checkout_test_mode": "yes",
                "method": "redirect",
                "ex_payments_amex": "yes",
                "gateway_discount_checkbox": "no",
                "enabled": "no",
                "ex_payments_master": "yes",
                "ex_payments_visa": "yes",
                "ex_payments_pec": "yes",
                "ex_payments_bolbradesco": "yes",
                "commission_checkbox": "no",
                "currency_conversion": "no",
                "installments": "1",
                "binary_mode": "no",
                "ex_payments_debvisa": "yes",
                "ex_payments_elo": "yes",
                "auto_return": "yes",
                "ex_payments_hipercard": "yes"
            },
            "checkout_type": "credit_card",
            "seller_website": "https:\/\/www.sekiama.com.br",
            "billing_address": {
                "city_name": "Pelotas",
                "state_name": "RS",
                "country_name": "BR",
                "zip_code": "96020-045",
                "street_name": "Av. Pres. Juscelino Kubitscheck de Oliveira"
            },
            "module_version": "6.0.1",
            "sponsor_id": 208686191,
            "platform": "bo2hnr2ic4p001kbgpt0",
            "collector": "163745094",
            "ticket_settings": [],
            "platform_version": "6.6.1",
            "test_mode": false,
            "site_id": "mlb",
            "custom_settings": {
                "wallet_button": "yes",
                "checkout_credential_prod": "deprecated",
                "commission_checkbox": "no",
                "checkbox_checkout_test_mode": "yes",
                "currency_conversion": "no",
                "binary_mode": "no",
                "coupon_mode": "no",
                "gateway_discount_checkbox": "no",
                "enabled": "yes"
            },
            "pix_settings": {
                "enabled": "yes"
            },
            "details": "",
            "user": {
                "user_email": "barbosaattila@uol.com.br",
                "registered_user": "yes",
                "user_registration_date": "2022-05-18T00:58:31.000+00:00"
            },
            "checkout": "custom"
        },
        "additional_info": {
            "items": [
                {
                    "id": "196",
                    "title": "Farofa para Churrasco com Manteiga x 4",
                    "description": "Baseada-em-uma-receita-caseira-esta-farofa-consegue-ao-mesmo-tempo-ser-crocante-e-ter-um-sabor-bastante-marcado-de-manteiga.-Desenvolvida-especialmente-para-os-apreciadores-de-churrasco-esta-farofa-ira-conquistar-um-espaco-em",
                    "picture_url": "https:\/\/www.sekiama.com.br\/wp-content\/uploads\/2021\/11\/churrasco-frente-1.png",
                    "category_id": "others",
                    "quantity": "1",
                    "unit_price": "69.2"
                },
                {
                    "id": null,
                    "title": "Sequoia SFX (Entrega em 6 dias úteis)",
                    "description": "Serviço de envio usado pela loja.",
                    "picture_url": null,
                    "category_id": "others",
                    "quantity": "1",
                    "unit_price": "28.54"
                }
            ],
            "payer": {
                "phone": {
                    "number": "(53) 3307-7601"
                },
                "address": {
                    "zip_code": "96020-045",
                    "street_name": "Av. Pres. Juscelino Kubitscheck de Oliveira \/ Pelotas RS BR"
                },
                "first_name": "ATTILA",
                "last_name": "MAGNO E SILVA BARBOSA"
            },
            "shipments": {
                "receiver_address": {
                    "zip_code": "96020-045",
                    "state_name": "RS",
                    "city_name": "Pelotas",
                    "street_name": "Av. Pres. Juscelino Kubitscheck de Oliveira 705 B Pelotas RS BR",
                    "apartment": "705 B"
                }
            },
            "iso_response_code": "00",
            "available_balance": null,
            "nsu_processadora": "CAQECAQOL3H-LnbroU7NTry-O-PD-U_W7K1Nlr7CgwEKQ6KqNzwBTwGWLK_0oHF4",
            "authentication_code": null
        },
        "order": [],
        "external_reference": "WC-13818",
        "transaction_amount": 97.7399999999999948840923025272786617279052734375,
        "transaction_amount_refunded": 0,
        "coupon_amount": 0,
        "differential_pricing_id": null,
        "deduction_schema": null,
        "installments": 1,
        "transaction_details": {
            "payment_method_reference_id": null,
            "net_received_amount": 92.8599999999999994315658113919198513031005859375,
            "total_paid_amount": 97.7399999999999948840923025272786617279052734375,
            "overpaid_amount": 0,
            "external_resource_url": null,
            "installment_amount": 97.7399999999999948840923025272786617279052734375,
            "financial_institution": null,
            "payable_deferral_period": null,
            "acquirer_reference": null
        },
        "fee_details": [
            {
                "type": "mercadopago_fee",
                "amount": 4.87999999999999989341858963598497211933135986328125,
                "fee_payer": "collector"
            }
        ],
        "charges_details": [],
        "captured": true,
        "binary_mode": false,
        "call_for_authorize_id": null,
        "statement_descriptor": "MERCPAGO*SEKIAMAMP",
        "card": {
            "id": null,
            "first_six_digits": "498407",
            "last_four_digits": "3559",
            "bin": "49840761",
            "expiration_month": 6,
            "expiration_year": 2025,
            "date_created": "2022-07-04T01:02:01.000-04:00",
            "date_last_updated": "2022-07-04T01:02:01.000-04:00",
            "cardholder": {
                "name": "ATTILA M S BARBOSA",
                "identification": {
                    "number": "46814329204",
                    "type": "CPF"
                }
            }
        },
        "notification_url": "https:\/\/www.sekiama.com.br\/wc-api\/WC_WooMercadoPago_Custom_Gateway\/?source_news=webhooks",
        "refunds": [],
        "processing_mode": "aggregator",
        "merchant_account_id": null,
        "merchant_number": null,
        "acquirer_reconciliation": [],
        "point_of_interaction": {
            "type": "UNSPECIFIED",
            "business_info": {
                "unit": "online_payments",
                "sub_unit": "woocommerce"
            }
        }
    }
}
07-04-2022 @ 02:02:05 - [create_preference]: payment link generated with success from mercado pago, with structure as follow: {
    "status": 201,
    "response": {
        "id": 23695292988,
        "date_created": "2022-07-04T01:02:01.916-04:00",
        "date_approved": "2022-07-04T01:02:03.017-04:00",
        "date_last_updated": "2022-07-04T01:02:03.017-04:00",
        "date_of_expiration": null,
        "money_release_date": "2022-07-04T01:02:03.017-04:00",
        "money_release_status": null,
        "operation_type": "regular_payment",
        "issuer_id": "25",
        "payment_method_id": "visa",
        "payment_type_id": "credit_card",
        "status": "approved",
        "status_detail": "accredited",
        "currency_id": "BRL",
        "description": "Farofa para Churrasco com Manteiga x 4",
        "live_mode": true,
        "sponsor_id": 208686191,
        "authorization_code": "409725",
        "money_release_schema": null,
        "taxes_amount": 0,
        "counter_currency": null,
        "brand_id": null,
        "shipping_amount": 0,
        "pos_id": null,
        "store_id": null,
        "integrator_id": null,
        "platform_id": "bo2hnr2ic4p001kbgpt0",
        "corporation_id": null,
        "collector_id": 163745094,
        "payer": {
            "type": null,
            "id": "26739457",
            "operator_id": null,
            "email": "barbosaattila@uol.com.br",
            "identification": {
                "type": "CPF",
                "number": "46814329204"
            },
            "phone": {
                "area_code": null,
                "number": null,
                "extension": null
            },
            "first_name": null,
            "last_name": null,
            "entity_type": null
        },
        "marketplace_owner": null,
        "metadata": {
            "basic_settings": {
                "ex_payments_debelo": "yes",
                "checkout_credential_prod": "deprecated",
                "checkbox_checkout_test_mode": "yes",
                "method": "redirect",
                "ex_payments_amex": "yes",
                "gateway_discount_checkbox": "no",
                "enabled": "no",
                "ex_payments_master": "yes",
                "ex_payments_visa": "yes",
                "ex_payments_pec": "yes",
                "ex_payments_bolbradesco": "yes",
                "commission_checkbox": "no",
                "currency_conversion": "no",
                "installments": "1",
                "binary_mode": "no",
                "ex_payments_debvisa": "yes",
                "ex_payments_elo": "yes",
                "auto_return": "yes",
                "ex_payments_hipercard": "yes"
            },
            "checkout_type": "credit_card",
            "seller_website": "https:\/\/www.sekiama.com.br",
            "billing_address": {
                "city_name": "Pelotas",
                "state_name": "RS",
                "country_name": "BR",
                "zip_code": "96020-045",
                "street_name": "Av. Pres. Juscelino Kubitscheck de Oliveira"
            },
            "module_version": "6.0.1",
            "sponsor_id": 208686191,
            "platform": "bo2hnr2ic4p001kbgpt0",
            "collector": "163745094",
            "ticket_settings": [],
            "platform_version": "6.6.1",
            "test_mode": false,
            "site_id": "mlb",
            "custom_settings": {
                "wallet_button": "yes",
                "checkout_credential_prod": "deprecated",
                "commission_checkbox": "no",
                "checkbox_checkout_test_mode": "yes",
                "currency_conversion": "no",
                "binary_mode": "no",
                "coupon_mode": "no",
                "gateway_discount_checkbox": "no",
                "enabled": "yes"
            },
            "pix_settings": {
                "enabled": "yes"
            },
            "details": "",
            "user": {
                "user_email": "barbosaattila@uol.com.br",
                "registered_user": "yes",
                "user_registration_date": "2022-05-18T00:58:31.000+00:00"
            },
            "checkout": "custom"
        },
        "additional_info": {
            "items": [
                {
                    "id": "196",
                    "title": "Farofa para Churrasco com Manteiga x 4",
                    "description": "Baseada-em-uma-receita-caseira-esta-farofa-consegue-ao-mesmo-tempo-ser-crocante-e-ter-um-sabor-bastante-marcado-de-manteiga.-Desenvolvida-especialmente-para-os-apreciadores-de-churrasco-esta-farofa-ira-conquistar-um-espaco-em",
                    "picture_url": "https:\/\/www.sekiama.com.br\/wp-content\/uploads\/2021\/11\/churrasco-frente-1.png",
                    "category_id": "others",
                    "quantity": "1",
                    "unit_price": "69.2"
                },
                {
                    "id": null,
                    "title": "Sequoia SFX (Entrega em 6 dias úteis)",
                    "description": "Serviço de envio usado pela loja.",
                    "picture_url": null,
                    "category_id": "others",
                    "quantity": "1",
                    "unit_price": "28.54"
                }
            ],
            "payer": {
                "phone": {
                    "number": "(53) 3307-7601"
                },
                "address": {
                    "zip_code": "96020-045",
                    "street_name": "Av. Pres. Juscelino Kubitscheck de Oliveira \/ Pelotas RS BR"
                },
                "first_name": "ATTILA",
                "last_name": "MAGNO E SILVA BARBOSA"
            },
            "shipments": {
                "receiver_address": {
                    "zip_code": "96020-045",
                    "state_name": "RS",
                    "city_name": "Pelotas",
                    "street_name": "Av. Pres. Juscelino Kubitscheck de Oliveira 705 B Pelotas RS BR",
                    "apartment": "705 B"
                }
            },
            "iso_response_code": "00",
            "available_balance": null,
            "nsu_processadora": "CAQECAQOL3H-LnbroU7NTry-O-PD-U_W7K1Nlr7CgwEKQ6KqNzwBTwGWLK_0oHF4",
            "authentication_code": null
        },
        "order": [],
        "external_reference": "WC-13818",
        "transaction_amount": 97.7399999999999948840923025272786617279052734375,
        "transaction_amount_refunded": 0,
        "coupon_amount": 0,
        "differential_pricing_id": null,
        "deduction_schema": null,
        "installments": 1,
        "transaction_details": {
            "payment_method_reference_id": null,
            "net_received_amount": 92.8599999999999994315658113919198513031005859375,
            "total_paid_amount": 97.7399999999999948840923025272786617279052734375,
            "overpaid_amount": 0,
            "external_resource_url": null,
            "installment_amount": 97.7399999999999948840923025272786617279052734375,
            "financial_institution": null,
            "payable_deferral_period": null,
            "acquirer_reference": null
        },
        "fee_details": [
            {
                "type": "mercadopago_fee",
                "amount": 4.87999999999999989341858963598497211933135986328125,
                "fee_payer": "collector"
            }
        ],
        "charges_details": [],
        "captured": true,
        "binary_mode": false,
        "call_for_authorize_id": null,
        "statement_descriptor": "MERCPAGO*SEKIAMAMP",
        "card": {
            "id": null,
            "first_six_digits": "498407",
            "last_four_digits": "3559",
            "bin": "49840761",
            "expiration_month": 6,
            "expiration_year": 2025,
            "date_created": "2022-07-04T01:02:01.000-04:00",
            "date_last_updated": "2022-07-04T01:02:01.000-04:00",
            "cardholder": {
                "name": "ATTILA M S BARBOSA",
                "identification": {
                    "number": "46814329204",
                    "type": "CPF"
                }
            }
        },
        "notification_url": "https:\/\/www.sekiama.com.br\/wc-api\/WC_WooMercadoPago_Custom_Gateway\/?source_news=webhooks",
        "refunds": [],
        "processing_mode": "aggregator",
        "merchant_account_id": null,
        "merchant_number": null,
        "acquirer_reconciliation": [],
        "point_of_interaction": {
            "type": "UNSPECIFIED",
            "business_info": {
                "unit": "online_payments",
                "sub_unit": "woocommerce"
            }
        }
    }
}
07-04-2022 @ 02:02:07 - [check_ipn_response]: received _get content: {
    "data_id": "23695292988",
    "source_news": "webhooks",
    "type": "payment"
}
07-04-2022 @ 02:02:07 - [successful_request]: starting to process  update...
07-04-2022 @ 02:02:07 - [successful_request]: updating metadata and status with data: {
    "acquirer_reconciliation": [],
    "additional_info": {
        "authentication_code": null,
        "available_balance": null,
        "items": [
            {
                "category_id": "others",
                "description": "Baseada-em-uma-receita-caseira-esta-farofa-consegue-ao-mesmo-tempo-ser-crocante-e-ter-um-sabor-bastante-marcado-de-manteiga.-Desenvolvida-especialmente-para-os-apreciadores-de-churrasco-esta-farofa-ira-conquistar-um-espaco-em",
                "id": "196",
                "picture_url": "https:\/\/www.sekiama.com.br\/wp-content\/uploads\/2021\/11\/churrasco-frente-1.png",
                "quantity": "1",
                "title": "Farofa para Churrasco com Manteiga x 4",
                "unit_price": "69.2"
            },
            {
                "category_id": "others",
                "description": "Serviço de envio usado pela loja.",
                "id": null,
                "picture_url": null,
                "quantity": "1",
                "title": "Sequoia SFX (Entrega em 6 dias úteis)",
                "unit_price": "28.54"
            }
        ],
        "nsu_processadora": null,
        "payer": {
            "address": {
                "street_name": "Av. Pres. Juscelino Kubitscheck de Oliveira \/ Pelotas RS BR",
                "zip_code": "96020-045"
            },
            "first_name": "ATTILA",
            "last_name": "MAGNO E SILVA BARBOSA",
            "phone": {
                "number": "(53) 3307-7601"
            }
        },
        "shipments": {
            "receiver_address": {
                "apartment": "705 B",
                "city_name": "Pelotas",
                "state_name": "RS",
                "street_name": "Av. Pres. Juscelino Kubitscheck de Oliveira 705 B Pelotas RS BR",
                "zip_code": "96020-045"
            }
        }
    },
    "authorization_code": "409725",
    "binary_mode": false,
    "brand_id": null,
    "call_for_authorize_id": null,
    "captured": true,
    "card": {
        "bin": "49840761",
        "cardholder": {
            "identification": {
                "number": "46814329204",
                "type": "CPF"
            },
            "name": "ATTILA M S BARBOSA"
        },
        "date_created": "2022-07-04T01:02:01.000-04:00",
        "date_last_updated": "2022-07-04T01:02:01.000-04:00",
        "expiration_month": 6,
        "expiration_year": 2025,
        "first_six_digits": "498407",
        "id": null,
        "last_four_digits": "3559"
    },
    "charges_details": [],
    "collector_id": 163745094,
    "corporation_id": null,
    "counter_currency": null,
    "coupon_amount": 0,
    "currency_id": "BRL",
    "date_approved": "2022-07-04T01:02:03.000-04:00",
    "date_created": "2022-07-04T01:02:01.000-04:00",
    "date_last_updated": "2022-07-04T01:02:03.000-04:00",
    "date_of_expiration": null,
    "deduction_schema": null,
    "description": "Farofa para Churrasco com Manteiga x 4",
    "differential_pricing_id": null,
    "external_reference": "WC-13818",
    "fee_details": [
        {
            "amount": 4.87999999999999989341858963598497211933135986328125,
            "fee_payer": "collector",
            "type": "mercadopago_fee"
        }
    ],
    "id": 23695292988,
    "installments": 1,
    "integrator_id": null,
    "issuer_id": "25",
    "live_mode": true,
    "marketplace_owner": null,
    "merchant_account_id": null,
    "merchant_number": null,
    "metadata": {
        "basic_settings": {
            "ex_payments_debelo": "yes",
            "checkout_credential_prod": "deprecated",
            "checkbox_checkout_test_mode": "yes",
            "method": "redirect",
            "ex_payments_amex": "yes",
            "gateway_discount_checkbox": "no",
            "enabled": "no",
            "ex_payments_master": "yes",
            "ex_payments_pec": "yes",
            "ex_payments_visa": "yes",
            "ex_payments_bolbradesco": "yes",
            "commission_checkbox": "no",
            "binary_mode": "no",
            "currency_conversion": "no",
            "installments": "1",
            "ex_payments_debvisa": "yes",
            "ex_payments_elo": "yes",
            "auto_return": "yes",
            "ex_payments_hipercard": "yes"
        },
        "checkout_type": "credit_card",
        "seller_website": "https:\/\/www.sekiama.com.br",
        "billing_address": {
            "city_name": "Pelotas",
            "state_name": "RS",
            "country_name": "BR",
            "street_name": "Av. Pres. Juscelino Kubitscheck de Oliveira",
            "zip_code": "96020-045"
        },
        "module_version": "6.0.1",
        "sponsor_id": 208686191,
        "collector": "163745094",
        "platform": "bo2hnr2ic4p001kbgpt0",
        "ticket_settings": [],
        "platform_version": "6.6.1",
        "test_mode": false,
        "site_id": "mlb",
        "custom_settings": {
            "checkout_credential_prod": "deprecated",
            "wallet_button": "yes",
            "commission_checkbox": "no",
            "checkbox_checkout_test_mode": "yes",
            "binary_mode": "no",
            "currency_conversion": "no",
            "coupon_mode": "no",
            "gateway_discount_checkbox": "no",
            "enabled": "yes"
        },
        "pix_settings": {
            "enabled": "yes"
        },
        "details": "",
        "checkout": "custom",
        "user": {
            "user_email": "barbosaattila@uol.com.br",
            "registered_user": "yes",
            "user_registration_date": "2022-05-18T00:58:31.000+00:00"
        }
    },
    "money_release_date": "2022-07-04T01:02:03.000-04:00",
    "money_release_schema": null,
    "money_release_status": null,
    "notification_url": "https:\/\/www.sekiama.com.br\/wc-api\/WC_WooMercadoPago_Custom_Gateway\/?source_news=webhooks",
    "operation_type": "regular_payment",
    "order": [],
    "payer": {
        "email": "barbosaattila@uol.com.br",
        "entity_type": null,
        "first_name": null,
        "id": "26739457",
        "identification": {
            "number": "46814329204",
            "type": "CPF"
        },
        "last_name": null,
        "operator_id": null,
        "phone": {
            "area_code": null,
            "extension": null,
            "number": null
        },
        "type": null
    },
    "payment_method_id": "visa",
    "payment_type_id": "credit_card",
    "platform_id": "bo2hnr2ic4p001kbgpt0",
    "point_of_interaction": {
        "business_info": {
            "sub_unit": "woocommerce",
            "unit": "online_payments"
        },
        "type": "UNSPECIFIED"
    },
    "pos_id": null,
    "processing_mode": "aggregator",
    "refunds": [],
    "shipping_amount": 0,
    "sponsor_id": 208686191,
    "statement_descriptor": "MERCPAGO*SEKIAMAMP",
    "status": "approved",
    "status_detail": "accredited",
    "store_id": null,
    "taxes_amount": 0,
    "transaction_amount": 97.7399999999999948840923025272786617279052734375,
    "transaction_amount_refunded": 0,
    "transaction_details": {
        "acquirer_reference": null,
        "external_resource_url": null,
        "financial_institution": null,
        "installment_amount": 97.7399999999999948840923025272786617279052734375,
        "net_received_amount": 92.8599999999999994315658113919198513031005859375,
        "overpaid_amount": 0,
        "payable_deferral_period": null,
        "payment_method_reference_id": null,
        "total_paid_amount": 97.7399999999999948840923025272786617279052734375
    }
}
07-04-2022 @ 02:02:07 - [successful_request]: Changing order status to: processing
