06-28-2022 @ 13:17:12 - [process_payment]: POST Custom: {
    "amount": "64.56",
    "currency_ratio": "1",
    "paymentMethodId": "master",
    "checkout_type": "custom",
    "installments": "1"
}
06-28-2022 @ 13:17:12 - [process_payment]: preparing to get response of custom checkout.
06-28-2022 @ 13:17:12 - [Created preference: ]: Preference: {
    "binary_mode": false,
    "external_reference": "WC-13814",
    "notification_url": "https:\/\/www.sekiama.com.br\/wc-api\/WC_WooMercadoPago_Custom_Gateway\/?source_news=webhooks",
    "statement_descriptor": "Sekiama MP",
    "sponsor_id": 208686191,
    "transaction_amount": 64.56000000000000227373675443232059478759765625,
    "description": "Farofa com Muita Cebola x 1, Farofa para Churrasco com Manteiga x 1",
    "installments": 1,
    "payment_method_id": "master",
    "payer": {
        "email": "andremartins.design@outlook.com"
    },
    "metadata": {
        "platform": "bo2hnr2ic4p001kbgpt0",
        "platform_version": "6.6.1",
        "module_version": "6.0.1",
        "site_id": "mlb",
        "sponsor_id": 208686191,
        "collector": "163745094",
        "test_mode": false,
        "details": "",
        "basic_settings": {
            "enabled": "no",
            "currency_conversion": "no",
            "installments": "1",
            "method": "redirect",
            "auto_return": "yes",
            "binary_mode": "no",
            "ex_payments_master": "yes",
            "ex_payments_hipercard": "yes",
            "ex_payments_amex": "yes",
            "ex_payments_elo": "yes",
            "ex_payments_visa": "yes",
            "ex_payments_debvisa": "yes",
            "ex_payments_debelo": "yes",
            "ex_payments_pec": "yes",
            "ex_payments_bolbradesco": "yes",
            "gateway_discount_checkbox": "no",
            "commission_checkbox": "no",
            "checkbox_checkout_test_mode": "yes",
            "checkout_credential_prod": "deprecated"
        },
        "custom_settings": {
            "enabled": "yes",
            "currency_conversion": "no",
            "wallet_button": "yes",
            "coupon_mode": "no",
            "binary_mode": "no",
            "gateway_discount_checkbox": "no",
            "commission_checkbox": "no",
            "checkbox_checkout_test_mode": "yes",
            "checkout_credential_prod": "deprecated"
        },
        "ticket_settings": [],
        "pix_settings": {
            "enabled": "yes"
        },
        "seller_website": "https:\/\/www.sekiama.com.br",
        "billing_address": {
            "zip_code": "76420-000",
            "street_name": "Rua Nossa Senhora da Abadia",
            "city_name": "Niquelândia",
            "state_name": "GO",
            "country_name": "BR"
        },
        "user": {
            "registered_user": "no",
            "user_email": null,
            "user_registration_date": null
        },
        "checkout": "custom",
        "checkout_type": "credit_card"
    },
    "additional_info": {
        "items": [
            {
                "id": 195,
                "title": "Farofa com Muita Cebola x 1",
                "description": "Por-ser-incrivelmente-saborosa-a-Farofa-com-muita-cebola-crocante-e-a-campea-de-vendas-conquistando-todos-os-paladares.-Nesta-nobre-preparacao-a-farinha-de-mandioca-absorve-o-incrivel-sabor-da-cebola-fresca-resultando-em",
                "picture_url": "https:\/\/www.sekiama.com.br\/wp-content\/uploads\/2021\/11\/cebola-frente-1.png",
                "category_id": "others",
                "quantity": 1,
                "unit_price": 17.199999999999999289457264239899814128875732421875
            },
            {
                "id": 196,
                "title": "Farofa para Churrasco com Manteiga x 1",
                "description": "Baseada-em-uma-receita-caseira-esta-farofa-consegue-ao-mesmo-tempo-ser-crocante-e-ter-um-sabor-bastante-marcado-de-manteiga.-Desenvolvida-especialmente-para-os-apreciadores-de-churrasco-esta-farofa-ira-conquistar-um-espaco-em",
                "picture_url": "https:\/\/www.sekiama.com.br\/wp-content\/uploads\/2021\/11\/churrasco-frente-1.png",
                "category_id": "others",
                "quantity": 1,
                "unit_price": 17.300000000000000710542735760100185871124267578125
            },
            {
                "title": "PAC (Entrega em 11 dias úteis)",
                "description": "Serviço de envio usado pela loja.",
                "category_id": "others",
                "quantity": 1,
                "unit_price": 30.059999999999998721023075631819665431976318359375
            }
        ],
        "payer": {
            "first_name": "André",
            "last_name": "Martins",
            "phone": {
                "number": "(62) 98474-3747"
            },
            "address": {
                "zip_code": "76420-000",
                "street_name": "Rua Nossa Senhora da Abadia \/ Niquelândia GO BR"
            }
        },
        "shipments": {
            "receiver_address": {
                "zip_code": "76420-000",
                "street_name": "Rua Nossa Senhora da Abadia Residência Niquelândia GO BR",
                "apartment": "Residência",
                "city_name": "Niquelândia",
                "state_name": "GO"
            }
        }
    }
}
06-28-2022 @ 13:17:14 - [create_preference]: Preference created: {
    "status": 201,
    "response": {
        "id": 23539313042,
        "date_created": "2022-06-28T12:17:12.302-04:00",
        "date_approved": "2022-06-28T12:17:13.780-04:00",
        "date_last_updated": "2022-06-28T12:17:13.780-04:00",
        "date_of_expiration": null,
        "money_release_date": "2022-06-28T12:17:13.780-04:00",
        "money_release_status": null,
        "operation_type": "regular_payment",
        "issuer_id": "12518",
        "payment_method_id": "master",
        "payment_type_id": "credit_card",
        "status": "approved",
        "status_detail": "accredited",
        "currency_id": "BRL",
        "description": "Farofa com Muita Cebola x 1, Farofa para Churrasco com Manteiga x 1",
        "live_mode": true,
        "sponsor_id": 208686191,
        "authorization_code": "743764",
        "money_release_schema": null,
        "taxes_amount": 0,
        "counter_currency": null,
        "brand_id": null,
        "shipping_amount": 0,
        "pos_id": null,
        "store_id": null,
        "integrator_id": null,
        "platform_id": "bo2hnr2ic4p001kbgpt0",
        "corporation_id": null,
        "collector_id": 163745094,
        "payer": {
            "type": null,
            "id": "191074475",
            "operator_id": null,
            "email": "andremartins.design@outlook.com",
            "identification": {
                "type": "CPF",
                "number": "04393713176"
            },
            "phone": {
                "area_code": null,
                "number": null,
                "extension": null
            },
            "first_name": null,
            "last_name": null,
            "entity_type": null
        },
        "marketplace_owner": null,
        "metadata": {
            "basic_settings": {
                "ex_payments_debelo": "yes",
                "checkout_credential_prod": "deprecated",
                "checkbox_checkout_test_mode": "yes",
                "method": "redirect",
                "ex_payments_amex": "yes",
                "gateway_discount_checkbox": "no",
                "enabled": "no",
                "ex_payments_master": "yes",
                "ex_payments_visa": "yes",
                "ex_payments_pec": "yes",
                "ex_payments_bolbradesco": "yes",
                "commission_checkbox": "no",
                "currency_conversion": "no",
                "installments": "1",
                "binary_mode": "no",
                "ex_payments_debvisa": "yes",
                "ex_payments_elo": "yes",
                "auto_return": "yes",
                "ex_payments_hipercard": "yes"
            },
            "checkout_type": "credit_card",
            "seller_website": "https:\/\/www.sekiama.com.br",
            "billing_address": {
                "city_name": "Niquelândia",
                "state_name": "GO",
                "country_name": "BR",
                "zip_code": "76420-000",
                "street_name": "Rua Nossa Senhora da Abadia"
            },
            "module_version": "6.0.1",
            "sponsor_id": 208686191,
            "platform": "bo2hnr2ic4p001kbgpt0",
            "collector": "163745094",
            "ticket_settings": [],
            "platform_version": "6.6.1",
            "test_mode": false,
            "site_id": "mlb",
            "custom_settings": {
                "wallet_button": "yes",
                "checkout_credential_prod": "deprecated",
                "commission_checkbox": "no",
                "checkbox_checkout_test_mode": "yes",
                "currency_conversion": "no",
                "binary_mode": "no",
                "coupon_mode": "no",
                "gateway_discount_checkbox": "no",
                "enabled": "yes"
            },
            "pix_settings": {
                "enabled": "yes"
            },
            "details": "",
            "user": {
                "user_email": null,
                "registered_user": "no",
                "user_registration_date": null
            },
            "checkout": "custom"
        },
        "additional_info": {
            "items": [
                {
                    "id": "195",
                    "title": "Farofa com Muita Cebola x 1",
                    "description": "Por-ser-incrivelmente-saborosa-a-Farofa-com-muita-cebola-crocante-e-a-campea-de-vendas-conquistando-todos-os-paladares.-Nesta-nobre-preparacao-a-farinha-de-mandioca-absorve-o-incrivel-sabor-da-cebola-fresca-resultando-em",
                    "picture_url": "https:\/\/www.sekiama.com.br\/wp-content\/uploads\/2021\/11\/cebola-frente-1.png",
                    "category_id": "others",
                    "quantity": "1",
                    "unit_price": "17.2"
                },
                {
                    "id": "196",
                    "title": "Farofa para Churrasco com Manteiga x 1",
                    "description": "Baseada-em-uma-receita-caseira-esta-farofa-consegue-ao-mesmo-tempo-ser-crocante-e-ter-um-sabor-bastante-marcado-de-manteiga.-Desenvolvida-especialmente-para-os-apreciadores-de-churrasco-esta-farofa-ira-conquistar-um-espaco-em",
                    "picture_url": "https:\/\/www.sekiama.com.br\/wp-content\/uploads\/2021\/11\/churrasco-frente-1.png",
                    "category_id": "others",
                    "quantity": "1",
                    "unit_price": "17.3"
                },
                {
                    "id": null,
                    "title": "PAC (Entrega em 11 dias úteis)",
                    "description": "Serviço de envio usado pela loja.",
                    "picture_url": null,
                    "category_id": "others",
                    "quantity": "1",
                    "unit_price": "30.06"
                }
            ],
            "payer": {
                "phone": {
                    "number": "(62) 98474-3747"
                },
                "address": {
                    "zip_code": "76420-000",
                    "street_name": "Rua Nossa Senhora da Abadia \/ Niquelândia GO BR"
                },
                "first_name": "André",
                "last_name": "Martins"
            },
            "shipments": {
                "receiver_address": {
                    "zip_code": "76420-000",
                    "state_name": "GO",
                    "city_name": "Niquelândia",
                    "street_name": "Rua Nossa Senhora da Abadia Residência Niquelândia GO BR",
                    "apartment": "Residência"
                }
            },
            "iso_response_code": "00",
            "available_balance": null,
            "nsu_processadora": "CAQEBAQODZ79gGh_4vleDkY0p-LZ7xyoq-n-zzoWpjIKqarM9cwC-jLNg-kxSctk",
            "authentication_code": null
        },
        "order": [],
        "external_reference": "WC-13814",
        "transaction_amount": 64.56000000000000227373675443232059478759765625,
        "transaction_amount_refunded": 0,
        "coupon_amount": 0,
        "differential_pricing_id": null,
        "deduction_schema": null,
        "installments": 1,
        "transaction_details": {
            "payment_method_reference_id": null,
            "net_received_amount": 61.340000000000003410605131648480892181396484375,
            "total_paid_amount": 64.56000000000000227373675443232059478759765625,
            "overpaid_amount": 0,
            "external_resource_url": null,
            "installment_amount": 64.56000000000000227373675443232059478759765625,
            "financial_institution": null,
            "payable_deferral_period": null,
            "acquirer_reference": null
        },
        "fee_details": [
            {
                "type": "mercadopago_fee",
                "amount": 3.220000000000000195399252334027551114559173583984375,
                "fee_payer": "collector"
            }
        ],
        "charges_details": [],
        "captured": true,
        "binary_mode": false,
        "call_for_authorize_id": null,
        "statement_descriptor": "MERCADOPAGO*SEKIAMAMP",
        "card": {
            "id": null,
            "first_six_digits": "516292",
            "last_four_digits": "0645",
            "bin": "51629293",
            "expiration_month": 8,
            "expiration_year": 2029,
            "date_created": "2022-06-28T12:17:12.000-04:00",
            "date_last_updated": "2022-06-28T12:17:12.000-04:00",
            "cardholder": {
                "name": "ANDRE A M RIBEIRO",
                "identification": {
                    "number": "04393713176",
                    "type": "CPF"
                }
            }
        },
        "notification_url": "https:\/\/www.sekiama.com.br\/wc-api\/WC_WooMercadoPago_Custom_Gateway\/?source_news=webhooks",
        "refunds": [],
        "processing_mode": "aggregator",
        "merchant_account_id": null,
        "merchant_number": null,
        "acquirer_reconciliation": [],
        "point_of_interaction": {
            "type": "UNSPECIFIED",
            "business_info": {
                "unit": "online_payments",
                "sub_unit": "woocommerce"
            }
        }
    }
}
06-28-2022 @ 13:17:14 - [create_preference]: payment link generated with success from mercado pago, with structure as follow: {
    "status": 201,
    "response": {
        "id": 23539313042,
        "date_created": "2022-06-28T12:17:12.302-04:00",
        "date_approved": "2022-06-28T12:17:13.780-04:00",
        "date_last_updated": "2022-06-28T12:17:13.780-04:00",
        "date_of_expiration": null,
        "money_release_date": "2022-06-28T12:17:13.780-04:00",
        "money_release_status": null,
        "operation_type": "regular_payment",
        "issuer_id": "12518",
        "payment_method_id": "master",
        "payment_type_id": "credit_card",
        "status": "approved",
        "status_detail": "accredited",
        "currency_id": "BRL",
        "description": "Farofa com Muita Cebola x 1, Farofa para Churrasco com Manteiga x 1",
        "live_mode": true,
        "sponsor_id": 208686191,
        "authorization_code": "743764",
        "money_release_schema": null,
        "taxes_amount": 0,
        "counter_currency": null,
        "brand_id": null,
        "shipping_amount": 0,
        "pos_id": null,
        "store_id": null,
        "integrator_id": null,
        "platform_id": "bo2hnr2ic4p001kbgpt0",
        "corporation_id": null,
        "collector_id": 163745094,
        "payer": {
            "type": null,
            "id": "191074475",
            "operator_id": null,
            "email": "andremartins.design@outlook.com",
            "identification": {
                "type": "CPF",
                "number": "04393713176"
            },
            "phone": {
                "area_code": null,
                "number": null,
                "extension": null
            },
            "first_name": null,
            "last_name": null,
            "entity_type": null
        },
        "marketplace_owner": null,
        "metadata": {
            "basic_settings": {
                "ex_payments_debelo": "yes",
                "checkout_credential_prod": "deprecated",
                "checkbox_checkout_test_mode": "yes",
                "method": "redirect",
                "ex_payments_amex": "yes",
                "gateway_discount_checkbox": "no",
                "enabled": "no",
                "ex_payments_master": "yes",
                "ex_payments_visa": "yes",
                "ex_payments_pec": "yes",
                "ex_payments_bolbradesco": "yes",
                "commission_checkbox": "no",
                "currency_conversion": "no",
                "installments": "1",
                "binary_mode": "no",
                "ex_payments_debvisa": "yes",
                "ex_payments_elo": "yes",
                "auto_return": "yes",
                "ex_payments_hipercard": "yes"
            },
            "checkout_type": "credit_card",
            "seller_website": "https:\/\/www.sekiama.com.br",
            "billing_address": {
                "city_name": "Niquelândia",
                "state_name": "GO",
                "country_name": "BR",
                "zip_code": "76420-000",
                "street_name": "Rua Nossa Senhora da Abadia"
            },
            "module_version": "6.0.1",
            "sponsor_id": 208686191,
            "platform": "bo2hnr2ic4p001kbgpt0",
            "collector": "163745094",
            "ticket_settings": [],
            "platform_version": "6.6.1",
            "test_mode": false,
            "site_id": "mlb",
            "custom_settings": {
                "wallet_button": "yes",
                "checkout_credential_prod": "deprecated",
                "commission_checkbox": "no",
                "checkbox_checkout_test_mode": "yes",
                "currency_conversion": "no",
                "binary_mode": "no",
                "coupon_mode": "no",
                "gateway_discount_checkbox": "no",
                "enabled": "yes"
            },
            "pix_settings": {
                "enabled": "yes"
            },
            "details": "",
            "user": {
                "user_email": null,
                "registered_user": "no",
                "user_registration_date": null
            },
            "checkout": "custom"
        },
        "additional_info": {
            "items": [
                {
                    "id": "195",
                    "title": "Farofa com Muita Cebola x 1",
                    "description": "Por-ser-incrivelmente-saborosa-a-Farofa-com-muita-cebola-crocante-e-a-campea-de-vendas-conquistando-todos-os-paladares.-Nesta-nobre-preparacao-a-farinha-de-mandioca-absorve-o-incrivel-sabor-da-cebola-fresca-resultando-em",
                    "picture_url": "https:\/\/www.sekiama.com.br\/wp-content\/uploads\/2021\/11\/cebola-frente-1.png",
                    "category_id": "others",
                    "quantity": "1",
                    "unit_price": "17.2"
                },
                {
                    "id": "196",
                    "title": "Farofa para Churrasco com Manteiga x 1",
                    "description": "Baseada-em-uma-receita-caseira-esta-farofa-consegue-ao-mesmo-tempo-ser-crocante-e-ter-um-sabor-bastante-marcado-de-manteiga.-Desenvolvida-especialmente-para-os-apreciadores-de-churrasco-esta-farofa-ira-conquistar-um-espaco-em",
                    "picture_url": "https:\/\/www.sekiama.com.br\/wp-content\/uploads\/2021\/11\/churrasco-frente-1.png",
                    "category_id": "others",
                    "quantity": "1",
                    "unit_price": "17.3"
                },
                {
                    "id": null,
                    "title": "PAC (Entrega em 11 dias úteis)",
                    "description": "Serviço de envio usado pela loja.",
                    "picture_url": null,
                    "category_id": "others",
                    "quantity": "1",
                    "unit_price": "30.06"
                }
            ],
            "payer": {
                "phone": {
                    "number": "(62) 98474-3747"
                },
                "address": {
                    "zip_code": "76420-000",
                    "street_name": "Rua Nossa Senhora da Abadia \/ Niquelândia GO BR"
                },
                "first_name": "André",
                "last_name": "Martins"
            },
            "shipments": {
                "receiver_address": {
                    "zip_code": "76420-000",
                    "state_name": "GO",
                    "city_name": "Niquelândia",
                    "street_name": "Rua Nossa Senhora da Abadia Residência Niquelândia GO BR",
                    "apartment": "Residência"
                }
            },
            "iso_response_code": "00",
            "available_balance": null,
            "nsu_processadora": "CAQEBAQODZ79gGh_4vleDkY0p-LZ7xyoq-n-zzoWpjIKqarM9cwC-jLNg-kxSctk",
            "authentication_code": null
        },
        "order": [],
        "external_reference": "WC-13814",
        "transaction_amount": 64.56000000000000227373675443232059478759765625,
        "transaction_amount_refunded": 0,
        "coupon_amount": 0,
        "differential_pricing_id": null,
        "deduction_schema": null,
        "installments": 1,
        "transaction_details": {
            "payment_method_reference_id": null,
            "net_received_amount": 61.340000000000003410605131648480892181396484375,
            "total_paid_amount": 64.56000000000000227373675443232059478759765625,
            "overpaid_amount": 0,
            "external_resource_url": null,
            "installment_amount": 64.56000000000000227373675443232059478759765625,
            "financial_institution": null,
            "payable_deferral_period": null,
            "acquirer_reference": null
        },
        "fee_details": [
            {
                "type": "mercadopago_fee",
                "amount": 3.220000000000000195399252334027551114559173583984375,
                "fee_payer": "collector"
            }
        ],
        "charges_details": [],
        "captured": true,
        "binary_mode": false,
        "call_for_authorize_id": null,
        "statement_descriptor": "MERCADOPAGO*SEKIAMAMP",
        "card": {
            "id": null,
            "first_six_digits": "516292",
            "last_four_digits": "0645",
            "bin": "51629293",
            "expiration_month": 8,
            "expiration_year": 2029,
            "date_created": "2022-06-28T12:17:12.000-04:00",
            "date_last_updated": "2022-06-28T12:17:12.000-04:00",
            "cardholder": {
                "name": "ANDRE A M RIBEIRO",
                "identification": {
                    "number": "04393713176",
                    "type": "CPF"
                }
            }
        },
        "notification_url": "https:\/\/www.sekiama.com.br\/wc-api\/WC_WooMercadoPago_Custom_Gateway\/?source_news=webhooks",
        "refunds": [],
        "processing_mode": "aggregator",
        "merchant_account_id": null,
        "merchant_number": null,
        "acquirer_reconciliation": [],
        "point_of_interaction": {
            "type": "UNSPECIFIED",
            "business_info": {
                "unit": "online_payments",
                "sub_unit": "woocommerce"
            }
        }
    }
}
06-28-2022 @ 13:17:14 - [check_ipn_response]: received _get content: {
    "data_id": "23539313042",
    "source_news": "webhooks",
    "type": "payment"
}
06-28-2022 @ 13:17:14 - [successful_request]: starting to process  update...
06-28-2022 @ 13:17:15 - [successful_request]: updating metadata and status with data: {
    "acquirer_reconciliation": [],
    "additional_info": {
        "authentication_code": null,
        "available_balance": null,
        "items": [
            {
                "category_id": "others",
                "description": "Por-ser-incrivelmente-saborosa-a-Farofa-com-muita-cebola-crocante-e-a-campea-de-vendas-conquistando-todos-os-paladares.-Nesta-nobre-preparacao-a-farinha-de-mandioca-absorve-o-incrivel-sabor-da-cebola-fresca-resultando-em",
                "id": "195",
                "picture_url": "https:\/\/www.sekiama.com.br\/wp-content\/uploads\/2021\/11\/cebola-frente-1.png",
                "quantity": "1",
                "title": "Farofa com Muita Cebola x 1",
                "unit_price": "17.2"
            },
            {
                "category_id": "others",
                "description": "Baseada-em-uma-receita-caseira-esta-farofa-consegue-ao-mesmo-tempo-ser-crocante-e-ter-um-sabor-bastante-marcado-de-manteiga.-Desenvolvida-especialmente-para-os-apreciadores-de-churrasco-esta-farofa-ira-conquistar-um-espaco-em",
                "id": "196",
                "picture_url": "https:\/\/www.sekiama.com.br\/wp-content\/uploads\/2021\/11\/churrasco-frente-1.png",
                "quantity": "1",
                "title": "Farofa para Churrasco com Manteiga x 1",
                "unit_price": "17.3"
            },
            {
                "category_id": "others",
                "description": "Serviço de envio usado pela loja.",
                "id": null,
                "picture_url": null,
                "quantity": "1",
                "title": "PAC (Entrega em 11 dias úteis)",
                "unit_price": "30.06"
            }
        ],
        "nsu_processadora": null,
        "payer": {
            "address": {
                "street_name": "Rua Nossa Senhora da Abadia \/ Niquelândia GO BR",
                "zip_code": "76420-000"
            },
            "first_name": "André",
            "last_name": "Martins",
            "phone": {
                "number": "(62) 98474-3747"
            }
        },
        "shipments": {
            "receiver_address": {
                "apartment": "Residência",
                "city_name": "Niquelândia",
                "state_name": "GO",
                "street_name": "Rua Nossa Senhora da Abadia Residência Niquelândia GO BR",
                "zip_code": "76420-000"
            }
        }
    },
    "authorization_code": "743764",
    "binary_mode": false,
    "brand_id": null,
    "call_for_authorize_id": null,
    "captured": true,
    "card": {
        "bin": "51629293",
        "cardholder": {
            "identification": {
                "number": "04393713176",
                "type": "CPF"
            },
            "name": "ANDRE A M RIBEIRO"
        },
        "date_created": "2022-06-28T12:17:12.000-04:00",
        "date_last_updated": "2022-06-28T12:17:12.000-04:00",
        "expiration_month": 8,
        "expiration_year": 2029,
        "first_six_digits": "516292",
        "id": null,
        "last_four_digits": "0645"
    },
    "charges_details": [],
    "collector_id": 163745094,
    "corporation_id": null,
    "counter_currency": null,
    "coupon_amount": 0,
    "currency_id": "BRL",
    "date_approved": "2022-06-28T12:17:13.000-04:00",
    "date_created": "2022-06-28T12:17:12.000-04:00",
    "date_last_updated": "2022-06-28T12:17:13.000-04:00",
    "date_of_expiration": null,
    "deduction_schema": null,
    "description": "Farofa com Muita Cebola x 1, Farofa para Churrasco com Manteiga x 1",
    "differential_pricing_id": null,
    "external_reference": "WC-13814",
    "fee_details": [
        {
            "amount": 3.220000000000000195399252334027551114559173583984375,
            "fee_payer": "collector",
            "type": "mercadopago_fee"
        }
    ],
    "id": 23539313042,
    "installments": 1,
    "integrator_id": null,
    "issuer_id": "12518",
    "live_mode": true,
    "marketplace_owner": null,
    "merchant_account_id": null,
    "merchant_number": null,
    "metadata": {
        "basic_settings": {
            "ex_payments_debelo": "yes",
            "checkout_credential_prod": "deprecated",
            "checkbox_checkout_test_mode": "yes",
            "method": "redirect",
            "ex_payments_amex": "yes",
            "gateway_discount_checkbox": "no",
            "enabled": "no",
            "ex_payments_master": "yes",
            "ex_payments_pec": "yes",
            "ex_payments_visa": "yes",
            "ex_payments_bolbradesco": "yes",
            "commission_checkbox": "no",
            "binary_mode": "no",
            "currency_conversion": "no",
            "installments": "1",
            "ex_payments_debvisa": "yes",
            "ex_payments_elo": "yes",
            "auto_return": "yes",
            "ex_payments_hipercard": "yes"
        },
        "checkout_type": "credit_card",
        "seller_website": "https:\/\/www.sekiama.com.br",
        "billing_address": {
            "city_name": "Niquelândia",
            "state_name": "GO",
            "country_name": "BR",
            "street_name": "Rua Nossa Senhora da Abadia",
            "zip_code": "76420-000"
        },
        "module_version": "6.0.1",
        "sponsor_id": 208686191,
        "collector": "163745094",
        "platform": "bo2hnr2ic4p001kbgpt0",
        "ticket_settings": [],
        "platform_version": "6.6.1",
        "test_mode": false,
        "site_id": "mlb",
        "custom_settings": {
            "checkout_credential_prod": "deprecated",
            "wallet_button": "yes",
            "commission_checkbox": "no",
            "checkbox_checkout_test_mode": "yes",
            "binary_mode": "no",
            "currency_conversion": "no",
            "coupon_mode": "no",
            "gateway_discount_checkbox": "no",
            "enabled": "yes"
        },
        "pix_settings": {
            "enabled": "yes"
        },
        "details": "",
        "checkout": "custom",
        "user": {
            "user_email": null,
            "registered_user": "no",
            "user_registration_date": null
        }
    },
    "money_release_date": "2022-06-28T12:17:13.000-04:00",
    "money_release_schema": null,
    "money_release_status": null,
    "notification_url": "https:\/\/www.sekiama.com.br\/wc-api\/WC_WooMercadoPago_Custom_Gateway\/?source_news=webhooks",
    "operation_type": "regular_payment",
    "order": [],
    "payer": {
        "email": "andremartins.design@outlook.com",
        "entity_type": null,
        "first_name": null,
        "id": "191074475",
        "identification": {
            "number": "04393713176",
            "type": "CPF"
        },
        "last_name": null,
        "operator_id": null,
        "phone": {
            "area_code": null,
            "extension": null,
            "number": null
        },
        "type": null
    },
    "payment_method_id": "master",
    "payment_type_id": "credit_card",
    "platform_id": "bo2hnr2ic4p001kbgpt0",
    "point_of_interaction": {
        "business_info": {
            "sub_unit": "woocommerce",
            "unit": "online_payments"
        },
        "type": "UNSPECIFIED"
    },
    "pos_id": null,
    "processing_mode": "aggregator",
    "refunds": [],
    "shipping_amount": 0,
    "sponsor_id": 208686191,
    "statement_descriptor": "MERCADOPAGO*SEKIAMAMP",
    "status": "approved",
    "status_detail": "accredited",
    "store_id": null,
    "taxes_amount": 0,
    "transaction_amount": 64.56000000000000227373675443232059478759765625,
    "transaction_amount_refunded": 0,
    "transaction_details": {
        "acquirer_reference": null,
        "external_resource_url": null,
        "financial_institution": null,
        "installment_amount": 64.56000000000000227373675443232059478759765625,
        "net_received_amount": 61.340000000000003410605131648480892181396484375,
        "overpaid_amount": 0,
        "payable_deferral_period": null,
        "payment_method_reference_id": null,
        "total_paid_amount": 64.56000000000000227373675443232059478759765625
    }
}
06-28-2022 @ 13:17:15 - [successful_request]: Changing order status to: processing
